[1.751s] Invoking command in '/media/kai/Kai_Backup/Master_Study/Master_Thesis/Implementation/libfranka_ws/build/Model_based_Reinforcement_Learning_In_Teleoperation': PYTHONPATH=/media/kai/Kai_Backup/Master_Study/Master_Thesis/Implementation/libfranka_ws/build/Model_based_Reinforcement_Learning_In_Teleoperation/prefix_override:/usr/lib/python3/dist-packages/colcon_core/task/python/colcon_distutils_commands:/media/kai/Kai_Backup/Master_Study/Master_Thesis/Implementation/libfranka_ws/install/Model_based_Reinforcement_Learning_In_Teleoperation/lib/python3.10/site-packages:${PYTHONPATH} /usr/bin/python3 -W ignore:setup.py install is deprecated -W ignore:easy_install command is deprecated setup.py develop --editable --build-directory /media/kai/Kai_Backup/Master_Study/Master_Thesis/Implementation/libfranka_ws/build/Model_based_Reinforcement_Learning_In_Teleoperation/build --no-deps symlink_data
[2.367s] running develop
[2.896s] running egg_info
[2.896s] creating Model_based_Reinforcement_Learning_In_Teleoperation.egg-info
[2.897s] writing Model_based_Reinforcement_Learning_In_Teleoperation.egg-info/PKG-INFO
[2.902s] writing dependency_links to Model_based_Reinforcement_Learning_In_Teleoperation.egg-info/dependency_links.txt
[2.902s] writing entry points to Model_based_Reinforcement_Learning_In_Teleoperation.egg-info/entry_points.txt
[2.903s] writing requirements to Model_based_Reinforcement_Learning_In_Teleoperation.egg-info/requires.txt
[2.903s] writing top-level names to Model_based_Reinforcement_Learning_In_Teleoperation.egg-info/top_level.txt
[2.903s] writing manifest file 'Model_based_Reinforcement_Learning_In_Teleoperation.egg-info/SOURCES.txt'
[2.907s] reading manifest file 'Model_based_Reinforcement_Learning_In_Teleoperation.egg-info/SOURCES.txt'
[2.914s] writing manifest file 'Model_based_Reinforcement_Learning_In_Teleoperation.egg-info/SOURCES.txt'
[2.918s] running build_ext
[2.930s] Creating /media/kai/Kai_Backup/Master_Study/Master_Thesis/Implementation/libfranka_ws/install/Model_based_Reinforcement_Learning_In_Teleoperation/lib/python3.10/site-packages/Model-based-Reinforcement-Learning-In-Teleoperation.egg-link (link to .)
[2.932s] Installing agent_node script to /media/kai/Kai_Backup/Master_Study/Master_Thesis/Implementation/libfranka_ws/install/Model_based_Reinforcement_Learning_In_Teleoperation/lib/Model_based_Reinforcement_Learning_In_Teleoperation
[2.933s] Installing local_node script to /media/kai/Kai_Backup/Master_Study/Master_Thesis/Implementation/libfranka_ws/install/Model_based_Reinforcement_Learning_In_Teleoperation/lib/Model_based_Reinforcement_Learning_In_Teleoperation
[2.933s] Installing remote_node script to /media/kai/Kai_Backup/Master_Study/Master_Thesis/Implementation/libfranka_ws/install/Model_based_Reinforcement_Learning_In_Teleoperation/lib/Model_based_Reinforcement_Learning_In_Teleoperation
[2.934s] 
[2.934s] Installed /media/kai/Kai_Backup/Master_Study/Master_Thesis/Implementation/libfranka_ws/build/Model_based_Reinforcement_Learning_In_Teleoperation
[2.934s] running symlink_data
[2.935s] creating /media/kai/Kai_Backup/Master_Study/Master_Thesis/Implementation/libfranka_ws/install/Model_based_Reinforcement_Learning_In_Teleoperation/share/ament_index
[2.946s] creating /media/kai/Kai_Backup/Master_Study/Master_Thesis/Implementation/libfranka_ws/install/Model_based_Reinforcement_Learning_In_Teleoperation/share/ament_index/resource_index
[2.946s] creating /media/kai/Kai_Backup/Master_Study/Master_Thesis/Implementation/libfranka_ws/install/Model_based_Reinforcement_Learning_In_Teleoperation/share/ament_index/resource_index/packages
[2.947s] symbolically linking /media/kai/Kai_Backup/Master_Study/Master_Thesis/Implementation/libfranka_ws/build/Model_based_Reinforcement_Learning_In_Teleoperation/resource/Model_based_Reinforcement_Learning_In_Teleoperation -> /media/kai/Kai_Backup/Master_Study/Master_Thesis/Implementation/libfranka_ws/install/Model_based_Reinforcement_Learning_In_Teleoperation/share/ament_index/resource_index/packages
[2.947s] symbolically linking /media/kai/Kai_Backup/Master_Study/Master_Thesis/Implementation/libfranka_ws/build/Model_based_Reinforcement_Learning_In_Teleoperation/package.xml -> /media/kai/Kai_Backup/Master_Study/Master_Thesis/Implementation/libfranka_ws/install/Model_based_Reinforcement_Learning_In_Teleoperation/share/Model_based_Reinforcement_Learning_In_Teleoperation
[2.948s] creating /media/kai/Kai_Backup/Master_Study/Master_Thesis/Implementation/libfranka_ws/install/Model_based_Reinforcement_Learning_In_Teleoperation/share/Model_based_Reinforcement_Learning_In_Teleoperation/launch
[2.948s] creating /media/kai/Kai_Backup/Master_Study/Master_Thesis/Implementation/libfranka_ws/install/Model_based_Reinforcement_Learning_In_Teleoperation/share/Model_based_Reinforcement_Learning_In_Teleoperation/config
[2.949s] creating /media/kai/Kai_Backup/Master_Study/Master_Thesis/Implementation/libfranka_ws/install/Model_based_Reinforcement_Learning_In_Teleoperation/share/Model_based_Reinforcement_Learning_In_Teleoperation/params
[3.126s] Invoked command in '/media/kai/Kai_Backup/Master_Study/Master_Thesis/Implementation/libfranka_ws/build/Model_based_Reinforcement_Learning_In_Teleoperation' returned '0': PYTHONPATH=/media/kai/Kai_Backup/Master_Study/Master_Thesis/Implementation/libfranka_ws/build/Model_based_Reinforcement_Learning_In_Teleoperation/prefix_override:/usr/lib/python3/dist-packages/colcon_core/task/python/colcon_distutils_commands:/media/kai/Kai_Backup/Master_Study/Master_Thesis/Implementation/libfranka_ws/install/Model_based_Reinforcement_Learning_In_Teleoperation/lib/python3.10/site-packages:${PYTHONPATH} /usr/bin/python3 -W ignore:setup.py install is deprecated -W ignore:easy_install command is deprecated setup.py develop --editable --build-directory /media/kai/Kai_Backup/Master_Study/Master_Thesis/Implementation/libfranka_ws/build/Model_based_Reinforcement_Learning_In_Teleoperation/build --no-deps symlink_data
