2025-12-12 17:30:17 [INFO] __main__ - ======================================================================
2025-12-12 17:30:17 [INFO] __main__ - E2E SAC Training with TEACHER WARMUP
2025-12-12 17:30:17 [INFO] __main__ - ======================================================================
2025-12-12 17:30:17 [INFO] __main__ - Creating vectorized environment...
2025-12-12 17:30:18 [INFO] __main__ - Creating policy network...
2025-12-12 17:30:19 [INFO] __main__ - Initializing SACTrainer with Teacher Warmup...
2025-12-12 17:30:19 [INFO] E2E_Teleoperation.E2E_RL.sac_training_algorithm - Initial alpha: 0.0500
2025-12-12 17:30:19 [INFO] E2E_Teleoperation.E2E_RL.sac_training_algorithm - Target entropy: -3.5000
2025-12-12 17:30:19 [INFO] E2E_Teleoperation.E2E_RL.sac_training_algorithm - Starting SAC Training with TEACHER WARMUP (E2E)
2025-12-12 17:30:22 [INFO] E2E_Teleoperation.E2E_RL.sac_training_algorithm - [Stage1_LSTM] Step 300 | aux_loss: 0.0044
2025-12-12 17:30:23 [INFO] E2E_Teleoperation.E2E_RL.sac_training_algorithm - [Stage1_LSTM] Step 400 | aux_loss: 0.0007
2025-12-12 17:30:24 [INFO] E2E_Teleoperation.E2E_RL.sac_training_algorithm - [Stage1_LSTM] Step 500 | aux_loss: 0.0007
2025-12-12 17:30:25 [INFO] E2E_Teleoperation.E2E_RL.sac_training_algorithm - [Stage1_LSTM] Step 600 | aux_loss: 0.0007
2025-12-12 17:30:26 [INFO] E2E_Teleoperation.E2E_RL.sac_training_algorithm - [Stage1_LSTM] Step 700 | aux_loss: 0.0006
2025-12-12 17:30:27 [INFO] E2E_Teleoperation.E2E_RL.sac_training_algorithm - [Stage1_LSTM] Step 800 | aux_loss: 0.0004
2025-12-12 17:30:28 [INFO] E2E_Teleoperation.E2E_RL.sac_training_algorithm - [Stage1_LSTM] Step 900 | aux_loss: 0.0005
2025-12-12 17:30:29 [INFO] E2E_Teleoperation.E2E_RL.sac_training_algorithm - [Stage1_LSTM] Step 1000 | aux_loss: 0.0003
2025-12-12 17:30:30 [INFO] E2E_Teleoperation.E2E_RL.sac_training_algorithm - [Stage1_LSTM] Step 1100 | aux_loss: 0.0007
2025-12-12 17:30:31 [INFO] E2E_Teleoperation.E2E_RL.sac_training_algorithm - [Stage1_LSTM] Step 1200 | aux_loss: 0.0003
2025-12-12 17:30:31 [INFO] E2E_Teleoperation.E2E_RL.sac_training_algorithm - [Stage1_LSTM] Step 1300 | aux_loss: 0.0006
2025-12-12 17:30:32 [INFO] E2E_Teleoperation.E2E_RL.sac_training_algorithm - [Stage1_LSTM] Step 1400 | aux_loss: 0.0002
2025-12-12 17:30:33 [INFO] E2E_Teleoperation.E2E_RL.sac_training_algorithm - [Stage1_LSTM] Step 1500 | aux_loss: 0.0002
2025-12-12 17:30:34 [INFO] E2E_Teleoperation.E2E_RL.sac_training_algorithm - [Stage1_LSTM] Step 1600 | aux_loss: 0.0002
2025-12-12 17:30:35 [INFO] E2E_Teleoperation.E2E_RL.sac_training_algorithm - [Stage1_LSTM] Step 1700 | aux_loss: 0.0003
2025-12-12 17:30:36 [INFO] E2E_Teleoperation.E2E_RL.sac_training_algorithm - [Stage1_LSTM] Step 1800 | aux_loss: 0.0003
2025-12-12 17:30:37 [INFO] E2E_Teleoperation.E2E_RL.sac_training_algorithm - [Stage1_LSTM] Step 1900 | aux_loss: 0.0001
2025-12-12 17:30:38 [INFO] E2E_Teleoperation.E2E_RL.sac_training_algorithm - [Stage1_LSTM] Step 2000 | aux_loss: 0.0004
2025-12-12 17:30:39 [INFO] E2E_Teleoperation.E2E_RL.sac_training_algorithm - [Stage1_LSTM] Step 2100 | aux_loss: 0.0003
2025-12-12 17:30:40 [INFO] E2E_Teleoperation.E2E_RL.sac_training_algorithm - [Stage1_LSTM] Step 2200 | aux_loss: 0.0001
2025-12-12 17:30:41 [INFO] E2E_Teleoperation.E2E_RL.sac_training_algorithm - [Stage1_LSTM] Step 2300 | aux_loss: 0.0002
2025-12-12 17:30:42 [INFO] E2E_Teleoperation.E2E_RL.sac_training_algorithm - [Stage1_LSTM] Step 2400 | aux_loss: 0.0002
2025-12-12 17:30:43 [INFO] E2E_Teleoperation.E2E_RL.sac_training_algorithm - [Stage1_LSTM] Step 2500 | aux_loss: 0.0002
2025-12-12 17:30:44 [INFO] E2E_Teleoperation.E2E_RL.sac_training_algorithm - [Stage1_LSTM] Step 2600 | aux_loss: 0.0000
2025-12-12 17:30:45 [INFO] E2E_Teleoperation.E2E_RL.sac_training_algorithm - [Stage1_LSTM] Step 2700 | aux_loss: 0.0001
2025-12-12 17:30:45 [INFO] E2E_Teleoperation.E2E_RL.sac_training_algorithm - [Stage1_LSTM] Step 2800 | aux_loss: 0.0001
2025-12-12 17:30:46 [INFO] E2E_Teleoperation.E2E_RL.sac_training_algorithm - [Stage1_LSTM] Step 2900 | aux_loss: 0.0002
2025-12-12 17:30:47 [INFO] E2E_Teleoperation.E2E_RL.sac_training_algorithm - [Stage1_LSTM] Step 3000 | aux_loss: 0.0001
2025-12-12 17:30:48 [INFO] E2E_Teleoperation.E2E_RL.sac_training_algorithm - [Stage1_LSTM] Step 3100 | aux_loss: 0.0001
2025-12-12 17:30:49 [INFO] E2E_Teleoperation.E2E_RL.sac_training_algorithm - [Stage1_LSTM] Step 3200 | aux_loss: 0.0006
2025-12-12 17:30:50 [INFO] E2E_Teleoperation.E2E_RL.sac_training_algorithm - [Stage1_LSTM] Step 3300 | aux_loss: 0.0001
2025-12-12 17:30:51 [INFO] E2E_Teleoperation.E2E_RL.sac_training_algorithm - [Stage1_LSTM] Step 3400 | aux_loss: 0.0001
2025-12-12 17:30:52 [INFO] E2E_Teleoperation.E2E_RL.sac_training_algorithm - [Stage1_LSTM] Step 3500 | aux_loss: 0.0001
2025-12-12 17:30:53 [INFO] E2E_Teleoperation.E2E_RL.sac_training_algorithm - [Stage1_LSTM] Step 3600 | aux_loss: 0.0001
2025-12-12 17:30:54 [INFO] E2E_Teleoperation.E2E_RL.sac_training_algorithm - [Stage1_LSTM] Step 3700 | aux_loss: 0.0002
2025-12-12 17:30:55 [INFO] E2E_Teleoperation.E2E_RL.sac_training_algorithm - [Stage1_LSTM] Step 3800 | aux_loss: 0.0002
2025-12-12 17:30:56 [INFO] E2E_Teleoperation.E2E_RL.sac_training_algorithm - [Stage1_LSTM] Step 3900 | aux_loss: 0.0001
2025-12-12 17:30:57 [INFO] E2E_Teleoperation.E2E_RL.sac_training_algorithm - [Stage1_LSTM] Step 4000 | aux_loss: 0.0001
2025-12-12 17:30:58 [INFO] E2E_Teleoperation.E2E_RL.sac_training_algorithm - [Stage1_LSTM] Step 4100 | aux_loss: 0.0000
2025-12-12 17:30:59 [INFO] E2E_Teleoperation.E2E_RL.sac_training_algorithm - [Stage1_LSTM] Step 4200 | aux_loss: 0.0001
2025-12-12 17:31:00 [INFO] E2E_Teleoperation.E2E_RL.sac_training_algorithm - [Stage1_LSTM] Step 4300 | aux_loss: 0.0002
2025-12-12 17:31:00 [INFO] E2E_Teleoperation.E2E_RL.sac_training_algorithm - [Stage1_LSTM] Step 4400 | aux_loss: 0.0001
2025-12-12 17:31:01 [INFO] E2E_Teleoperation.E2E_RL.sac_training_algorithm - [Stage1_LSTM] Step 4500 | aux_loss: 0.0002
2025-12-12 17:31:02 [INFO] E2E_Teleoperation.E2E_RL.sac_training_algorithm - [Stage1_LSTM] Step 4600 | aux_loss: 0.0001
2025-12-12 17:31:03 [INFO] E2E_Teleoperation.E2E_RL.sac_training_algorithm - [Stage1_LSTM] Step 4700 | aux_loss: 0.0001
2025-12-12 17:31:04 [INFO] E2E_Teleoperation.E2E_RL.sac_training_algorithm - [Stage1_LSTM] Step 4800 | aux_loss: 0.0003
2025-12-12 17:31:05 [INFO] E2E_Teleoperation.E2E_RL.sac_training_algorithm - [Stage1_LSTM] Step 4900 | aux_loss: 0.0001
2025-12-12 17:31:06 [INFO] E2E_Teleoperation.E2E_RL.sac_training_algorithm - [Stage1_LSTM] Step 5000 | aux_loss: 0.0000
2025-12-12 17:31:07 [INFO] E2E_Teleoperation.E2E_RL.sac_training_algorithm - [Stage1_LSTM] Step 5100 | aux_loss: 0.0001
2025-12-12 17:31:08 [INFO] E2E_Teleoperation.E2E_RL.sac_training_algorithm - [Stage1_LSTM] Step 5200 | aux_loss: 0.0002
2025-12-12 17:31:09 [INFO] E2E_Teleoperation.E2E_RL.sac_training_algorithm - [Stage1_LSTM] Step 5300 | aux_loss: 0.0001
2025-12-12 17:31:10 [INFO] E2E_Teleoperation.E2E_RL.sac_training_algorithm - [Stage1_LSTM] Step 5400 | aux_loss: 0.0002
2025-12-12 17:31:12 [INFO] E2E_Teleoperation.E2E_RL.sac_training_algorithm - [Stage1_LSTM] Step 5500 | aux_loss: 0.0001
2025-12-12 17:31:13 [INFO] E2E_Teleoperation.E2E_RL.sac_training_algorithm - [Stage1_LSTM] Step 5600 | aux_loss: 0.0001
2025-12-12 17:31:14 [INFO] E2E_Teleoperation.E2E_RL.sac_training_algorithm - [Stage1_LSTM] Step 5700 | aux_loss: 0.0000
2025-12-12 17:31:15 [INFO] E2E_Teleoperation.E2E_RL.sac_training_algorithm - [Stage1_LSTM] Step 5800 | aux_loss: 0.0002
2025-12-12 17:31:16 [INFO] E2E_Teleoperation.E2E_RL.sac_training_algorithm - [Stage1_LSTM] Step 5900 | aux_loss: 0.0001
2025-12-12 17:31:17 [INFO] E2E_Teleoperation.E2E_RL.sac_training_algorithm - [Stage1_LSTM] Step 6000 | aux_loss: 0.0001
2025-12-12 17:31:18 [INFO] E2E_Teleoperation.E2E_RL.sac_training_algorithm - [Stage1_LSTM] Step 6100 | aux_loss: 0.0001
2025-12-12 17:31:19 [INFO] E2E_Teleoperation.E2E_RL.sac_training_algorithm - [Stage1_LSTM] Step 6200 | aux_loss: 0.0001
2025-12-12 17:31:20 [INFO] E2E_Teleoperation.E2E_RL.sac_training_algorithm - [Stage1_LSTM] Step 6300 | aux_loss: 0.0001
2025-12-12 17:31:21 [INFO] E2E_Teleoperation.E2E_RL.sac_training_algorithm - [Stage1_LSTM] Step 6400 | aux_loss: 0.0001
2025-12-12 17:31:22 [INFO] E2E_Teleoperation.E2E_RL.sac_training_algorithm - [Stage1_LSTM] Step 6500 | aux_loss: 0.0001
2025-12-12 17:31:23 [INFO] E2E_Teleoperation.E2E_RL.sac_training_algorithm - [Stage1_LSTM] Step 6600 | aux_loss: 0.0000
2025-12-12 17:31:24 [INFO] E2E_Teleoperation.E2E_RL.sac_training_algorithm - [Stage1_LSTM] Step 6700 | aux_loss: 0.0001
2025-12-12 17:31:25 [INFO] E2E_Teleoperation.E2E_RL.sac_training_algorithm - [Stage1_LSTM] Step 6800 | aux_loss: 0.0002
2025-12-12 17:31:26 [INFO] E2E_Teleoperation.E2E_RL.sac_training_algorithm - [Stage1_LSTM] Step 6900 | aux_loss: 0.0002
2025-12-12 17:31:27 [INFO] E2E_Teleoperation.E2E_RL.sac_training_algorithm - [Stage1_LSTM] Step 7000 | aux_loss: 0.0000
2025-12-12 17:31:28 [INFO] E2E_Teleoperation.E2E_RL.sac_training_algorithm - [Stage1_LSTM] Step 7100 | aux_loss: 0.0002
2025-12-12 17:31:29 [INFO] E2E_Teleoperation.E2E_RL.sac_training_algorithm - [Stage1_LSTM] Step 7200 | aux_loss: 0.0001
2025-12-12 17:31:29 [INFO] E2E_Teleoperation.E2E_RL.sac_training_algorithm - [Stage1_LSTM] Step 7300 | aux_loss: 0.0000
2025-12-12 17:31:30 [INFO] E2E_Teleoperation.E2E_RL.sac_training_algorithm - [Stage1_LSTM] Step 7400 | aux_loss: 0.0001
2025-12-12 17:31:31 [INFO] E2E_Teleoperation.E2E_RL.sac_training_algorithm - [Stage1_LSTM] Step 7500 | aux_loss: 0.0000
2025-12-12 17:31:32 [INFO] E2E_Teleoperation.E2E_RL.sac_training_algorithm - [Stage1_LSTM] Step 7600 | aux_loss: 0.0002
2025-12-12 17:31:33 [INFO] E2E_Teleoperation.E2E_RL.sac_training_algorithm - [Stage1_LSTM] Step 7700 | aux_loss: 0.0001
2025-12-12 17:31:34 [INFO] E2E_Teleoperation.E2E_RL.sac_training_algorithm - [Stage1_LSTM] Step 7800 | aux_loss: 0.0002
2025-12-12 17:31:35 [INFO] E2E_Teleoperation.E2E_RL.sac_training_algorithm - [Stage1_LSTM] Step 7900 | aux_loss: 0.0000
2025-12-12 17:31:36 [INFO] E2E_Teleoperation.E2E_RL.sac_training_algorithm - [Stage1_LSTM] Step 8000 | aux_loss: 0.0001
2025-12-12 17:31:37 [INFO] E2E_Teleoperation.E2E_RL.sac_training_algorithm - [Stage1_LSTM] Step 8100 | aux_loss: 0.0000
2025-12-12 17:31:38 [INFO] E2E_Teleoperation.E2E_RL.sac_training_algorithm - [Stage1_LSTM] Step 8200 | aux_loss: 0.0000
2025-12-12 17:31:39 [INFO] E2E_Teleoperation.E2E_RL.sac_training_algorithm - [Stage1_LSTM] Step 8300 | aux_loss: 0.0001
2025-12-12 17:31:40 [INFO] E2E_Teleoperation.E2E_RL.sac_training_algorithm - [Stage1_LSTM] Step 8400 | aux_loss: 0.0001
2025-12-12 17:31:41 [INFO] E2E_Teleoperation.E2E_RL.sac_training_algorithm - [Stage1_LSTM] Step 8500 | aux_loss: 0.0001
2025-12-12 17:31:41 [INFO] E2E_Teleoperation.E2E_RL.sac_training_algorithm - [Stage1_LSTM] Step 8600 | aux_loss: 0.0000
2025-12-12 17:31:42 [INFO] E2E_Teleoperation.E2E_RL.sac_training_algorithm - [Stage1_LSTM] Step 8700 | aux_loss: 0.0001
2025-12-12 17:31:43 [INFO] E2E_Teleoperation.E2E_RL.sac_training_algorithm - [Stage1_LSTM] Step 8800 | aux_loss: 0.0000
2025-12-12 17:31:44 [INFO] E2E_Teleoperation.E2E_RL.sac_training_algorithm - [Stage1_LSTM] Step 8900 | aux_loss: 0.0001
2025-12-12 17:31:45 [INFO] E2E_Teleoperation.E2E_RL.sac_training_algorithm - [Stage1_LSTM] Step 9000 | aux_loss: 0.0000
2025-12-12 17:31:46 [INFO] E2E_Teleoperation.E2E_RL.sac_training_algorithm - [Stage1_LSTM] Step 9100 | aux_loss: 0.0000
2025-12-12 17:31:47 [INFO] E2E_Teleoperation.E2E_RL.sac_training_algorithm - [Stage1_LSTM] Step 9200 | aux_loss: 0.0000
2025-12-12 17:31:48 [INFO] E2E_Teleoperation.E2E_RL.sac_training_algorithm - [Stage1_LSTM] Step 9300 | aux_loss: 0.0001
2025-12-12 17:31:49 [INFO] E2E_Teleoperation.E2E_RL.sac_training_algorithm - [Stage1_LSTM] Step 9400 | aux_loss: 0.0000
2025-12-12 17:31:50 [INFO] E2E_Teleoperation.E2E_RL.sac_training_algorithm - [Stage1_LSTM] Step 9500 | aux_loss: 0.0001
2025-12-12 17:31:51 [INFO] E2E_Teleoperation.E2E_RL.sac_training_algorithm - [Stage1_LSTM] Step 9600 | aux_loss: 0.0000
2025-12-12 17:31:52 [INFO] E2E_Teleoperation.E2E_RL.sac_training_algorithm - [Stage1_LSTM] Step 9700 | aux_loss: 0.0001
2025-12-12 17:31:53 [INFO] E2E_Teleoperation.E2E_RL.sac_training_algorithm - [Stage1_LSTM] Step 9800 | aux_loss: 0.0001
2025-12-12 17:31:54 [INFO] E2E_Teleoperation.E2E_RL.sac_training_algorithm - [Stage1_LSTM] Step 9900 | aux_loss: 0.0001
2025-12-12 17:31:55 [INFO] E2E_Teleoperation.E2E_RL.sac_training_algorithm - [Stage1_LSTM] Step 10000 | critic_loss: 13.9431 | q1_mean: 0.0333
2025-12-12 17:31:55 [INFO] E2E_Teleoperation.E2E_RL.sac_training_algorithm - FREEZING SHARED ENCODER - State Estimator training complete
2025-12-12 17:31:56 [INFO] E2E_Teleoperation.E2E_RL.sac_training_algorithm - [Stage2_BC] Step 10100 | critic_loss: 0.4160 | q1_mean: 6.2579 | actor_loss: 90.3302 | bc_loss: 90.3302 | alpha: 0.0500
2025-12-12 17:31:57 [INFO] E2E_Teleoperation.E2E_RL.sac_training_algorithm - [Stage2_BC] Step 10200 | critic_loss: 0.3678 | q1_mean: 6.4421 | actor_loss: 47.5068 | bc_loss: 47.5068 | alpha: 0.0500
2025-12-12 17:31:59 [INFO] E2E_Teleoperation.E2E_RL.sac_training_algorithm - [Stage2_BC] Step 10300 | critic_loss: 0.0498 | q1_mean: 6.9916 | actor_loss: 15.5738 | bc_loss: 15.5738 | alpha: 0.0500
2025-12-12 17:32:00 [INFO] E2E_Teleoperation.E2E_RL.sac_training_algorithm - [Stage2_BC] Step 10400 | critic_loss: 0.0428 | q1_mean: 7.7204 | actor_loss: 7.0107 | bc_loss: 7.0107 | alpha: 0.0500
2025-12-12 17:32:01 [INFO] E2E_Teleoperation.E2E_RL.sac_training_algorithm - [Stage2_BC] Step 10500 | critic_loss: 0.0204 | q1_mean: 8.4973 | actor_loss: 6.1970 | bc_loss: 6.1970 | alpha: 0.0500
2025-12-12 17:32:03 [INFO] E2E_Teleoperation.E2E_RL.sac_training_algorithm - [Stage2_BC] Step 10600 | critic_loss: 0.0193 | q1_mean: 9.2806 | actor_loss: 10.0516 | bc_loss: 10.0516 | alpha: 0.0500
2025-12-12 17:32:04 [INFO] E2E_Teleoperation.E2E_RL.sac_training_algorithm - [Stage2_BC] Step 10700 | critic_loss: 0.0241 | q1_mean: 10.2249 | actor_loss: 6.6068 | bc_loss: 6.6068 | alpha: 0.0500
2025-12-12 17:32:06 [INFO] E2E_Teleoperation.E2E_RL.sac_training_algorithm - [Stage2_BC] Step 10800 | critic_loss: 0.0284 | q1_mean: 10.9047 | actor_loss: 4.6425 | bc_loss: 4.6425 | alpha: 0.0500
2025-12-12 17:32:07 [INFO] E2E_Teleoperation.E2E_RL.sac_training_algorithm - [Stage2_BC] Step 10900 | critic_loss: 0.0324 | q1_mean: 11.9594 | actor_loss: 5.0242 | bc_loss: 5.0242 | alpha: 0.0500
2025-12-12 17:32:09 [INFO] E2E_Teleoperation.E2E_RL.sac_training_algorithm - [Stage2_BC] Step 11000 | critic_loss: 0.0551 | q1_mean: 13.0841 | actor_loss: 7.6822 | bc_loss: 7.6822 | alpha: 0.0500
2025-12-12 17:32:11 [INFO] E2E_Teleoperation.E2E_RL.sac_training_algorithm - [Stage2_BC] Step 11100 | critic_loss: 0.0318 | q1_mean: 13.8785 | actor_loss: 28.4820 | bc_loss: 28.4820 | alpha: 0.0500
2025-12-12 17:32:12 [INFO] E2E_Teleoperation.E2E_RL.sac_training_algorithm - [Stage2_BC] Step 11200 | critic_loss: 0.0762 | q1_mean: 14.5484 | actor_loss: 4.0729 | bc_loss: 4.0729 | alpha: 0.0500
2025-12-12 17:32:13 [INFO] E2E_Teleoperation.E2E_RL.sac_training_algorithm - [Stage2_BC] Step 11300 | critic_loss: 0.0372 | q1_mean: 15.5684 | actor_loss: 3.3521 | bc_loss: 3.3521 | alpha: 0.0500
2025-12-12 17:32:15 [INFO] E2E_Teleoperation.E2E_RL.sac_training_algorithm - [Stage2_BC] Step 11400 | critic_loss: 0.0260 | q1_mean: 16.8414 | actor_loss: 3.9875 | bc_loss: 3.9875 | alpha: 0.0500
2025-12-12 17:32:16 [INFO] E2E_Teleoperation.E2E_RL.sac_training_algorithm - [Stage2_BC] Step 11500 | critic_loss: 0.0220 | q1_mean: 17.2913 | actor_loss: 16.2734 | bc_loss: 16.2734 | alpha: 0.0500
2025-12-12 17:32:17 [INFO] E2E_Teleoperation.E2E_RL.sac_training_algorithm - [Stage2_BC] Step 11600 | critic_loss: 0.0559 | q1_mean: 18.7763 | actor_loss: 18.2488 | bc_loss: 18.2488 | alpha: 0.0500
2025-12-12 17:32:19 [INFO] E2E_Teleoperation.E2E_RL.sac_training_algorithm - [Stage2_BC] Step 11700 | critic_loss: 0.0283 | q1_mean: 20.1344 | actor_loss: 12.4883 | bc_loss: 12.4883 | alpha: 0.0500
2025-12-12 17:32:20 [INFO] E2E_Teleoperation.E2E_RL.sac_training_algorithm - [Stage2_BC] Step 11800 | critic_loss: 0.0397 | q1_mean: 20.9854 | actor_loss: 10.9586 | bc_loss: 10.9586 | alpha: 0.0500
2025-12-12 17:32:21 [INFO] E2E_Teleoperation.E2E_RL.sac_training_algorithm - [Stage2_BC] Step 11900 | critic_loss: 0.0188 | q1_mean: 21.9068 | actor_loss: 3.7387 | bc_loss: 3.7387 | alpha: 0.0500
2025-12-12 17:32:23 [INFO] E2E_Teleoperation.E2E_RL.sac_training_algorithm - [Stage2_BC] Step 12000 | critic_loss: 0.0361 | q1_mean: 23.1999 | actor_loss: 16.0071 | bc_loss: 16.0071 | alpha: 0.0500
2025-12-12 17:32:24 [INFO] E2E_Teleoperation.E2E_RL.sac_training_algorithm - [Stage2_BC] Step 12100 | critic_loss: 0.0743 | q1_mean: 23.8500 | actor_loss: 11.1682 | bc_loss: 11.1682 | alpha: 0.0500
2025-12-12 17:32:26 [INFO] E2E_Teleoperation.E2E_RL.sac_training_algorithm - [Stage2_BC] Step 12200 | critic_loss: 0.0604 | q1_mean: 25.3671 | actor_loss: 7.3537 | bc_loss: 7.3537 | alpha: 0.0500
2025-12-12 17:32:27 [INFO] E2E_Teleoperation.E2E_RL.sac_training_algorithm - [Stage2_BC] Step 12300 | critic_loss: 0.0560 | q1_mean: 26.1117 | actor_loss: 2.6910 | bc_loss: 2.6910 | alpha: 0.0500
2025-12-12 17:32:28 [INFO] E2E_Teleoperation.E2E_RL.sac_training_algorithm - [Stage2_BC] Step 12400 | critic_loss: 0.0246 | q1_mean: 27.2987 | actor_loss: 1.7418 | bc_loss: 1.7418 | alpha: 0.0500
2025-12-12 17:32:30 [INFO] E2E_Teleoperation.E2E_RL.sac_training_algorithm - [Stage2_BC] Step 12500 | critic_loss: 0.0488 | q1_mean: 28.1382 | actor_loss: 6.5911 | bc_loss: 6.5911 | alpha: 0.0500
2025-12-12 17:32:31 [INFO] E2E_Teleoperation.E2E_RL.sac_training_algorithm - [Stage2_BC] Step 12600 | critic_loss: 0.0500 | q1_mean: 29.5059 | actor_loss: 3.1349 | bc_loss: 3.1349 | alpha: 0.0500
2025-12-12 17:32:32 [INFO] E2E_Teleoperation.E2E_RL.sac_training_algorithm - [Stage2_BC] Step 12700 | critic_loss: 0.1151 | q1_mean: 29.9005 | actor_loss: 11.4104 | bc_loss: 11.4104 | alpha: 0.0500
2025-12-12 17:32:34 [INFO] E2E_Teleoperation.E2E_RL.sac_training_algorithm - [Stage2_BC] Step 12800 | critic_loss: 0.0431 | q1_mean: 31.5615 | actor_loss: 7.6804 | bc_loss: 7.6804 | alpha: 0.0500
2025-12-12 17:32:35 [INFO] E2E_Teleoperation.E2E_RL.sac_training_algorithm - [Stage2_BC] Step 12900 | critic_loss: 0.0842 | q1_mean: 33.0258 | actor_loss: 1.7010 | bc_loss: 1.7010 | alpha: 0.0500
2025-12-12 17:32:36 [INFO] E2E_Teleoperation.E2E_RL.sac_training_algorithm - [Stage2_BC] Step 13000 | critic_loss: 0.0647 | q1_mean: 34.0988 | actor_loss: 3.9324 | bc_loss: 3.9324 | alpha: 0.0500
2025-12-12 17:32:38 [INFO] E2E_Teleoperation.E2E_RL.sac_training_algorithm - [Stage2_BC] Step 13100 | critic_loss: 0.0933 | q1_mean: 35.4253 | actor_loss: 3.5867 | bc_loss: 3.5867 | alpha: 0.0500
2025-12-12 17:32:39 [INFO] E2E_Teleoperation.E2E_RL.sac_training_algorithm - [Stage2_BC] Step 13200 | critic_loss: 0.0586 | q1_mean: 36.3169 | actor_loss: 3.9345 | bc_loss: 3.9345 | alpha: 0.0500
2025-12-12 17:32:40 [INFO] E2E_Teleoperation.E2E_RL.sac_training_algorithm - [Stage2_BC] Step 13300 | critic_loss: 0.0494 | q1_mean: 37.8888 | actor_loss: 9.6159 | bc_loss: 9.6159 | alpha: 0.0500
2025-12-12 17:32:42 [INFO] E2E_Teleoperation.E2E_RL.sac_training_algorithm - [Stage2_BC] Step 13400 | critic_loss: 0.0554 | q1_mean: 38.8684 | actor_loss: 8.0809 | bc_loss: 8.0809 | alpha: 0.0500
2025-12-12 17:32:43 [INFO] E2E_Teleoperation.E2E_RL.sac_training_algorithm - [Stage2_BC] Step 13500 | critic_loss: 0.1032 | q1_mean: 39.3355 | actor_loss: 2.7983 | bc_loss: 2.7983 | alpha: 0.0500
2025-12-12 17:32:44 [INFO] E2E_Teleoperation.E2E_RL.sac_training_algorithm - [Stage2_BC] Step 13600 | critic_loss: 0.1041 | q1_mean: 40.5623 | actor_loss: 6.8375 | bc_loss: 6.8375 | alpha: 0.0500
2025-12-12 17:32:46 [INFO] E2E_Teleoperation.E2E_RL.sac_training_algorithm - [Stage2_BC] Step 13700 | critic_loss: 0.0516 | q1_mean: 41.4132 | actor_loss: 6.6126 | bc_loss: 6.6126 | alpha: 0.0500
2025-12-12 17:32:47 [INFO] E2E_Teleoperation.E2E_RL.sac_training_algorithm - [Stage2_BC] Step 13800 | critic_loss: 0.0502 | q1_mean: 42.6264 | actor_loss: 8.2897 | bc_loss: 8.2897 | alpha: 0.0500
2025-12-12 17:32:49 [INFO] E2E_Teleoperation.E2E_RL.sac_training_algorithm - [Stage2_BC] Step 13900 | critic_loss: 0.1403 | q1_mean: 43.7710 | actor_loss: 6.1139 | bc_loss: 6.1139 | alpha: 0.0500
2025-12-12 17:32:50 [INFO] E2E_Teleoperation.E2E_RL.sac_training_algorithm - [Stage2_BC] Step 14000 | critic_loss: 0.0562 | q1_mean: 45.6428 | actor_loss: 8.3699 | bc_loss: 8.3699 | alpha: 0.0500
2025-12-12 17:32:52 [INFO] E2E_Teleoperation.E2E_RL.sac_training_algorithm - [Stage2_BC] Step 14100 | critic_loss: 0.0856 | q1_mean: 45.5354 | actor_loss: 7.0228 | bc_loss: 7.0228 | alpha: 0.0500
2025-12-12 17:32:53 [INFO] E2E_Teleoperation.E2E_RL.sac_training_algorithm - [Stage2_BC] Step 14200 | critic_loss: 0.0558 | q1_mean: 47.4591 | actor_loss: 1.8006 | bc_loss: 1.8006 | alpha: 0.0500
2025-12-12 17:32:55 [INFO] E2E_Teleoperation.E2E_RL.sac_training_algorithm - [Stage2_BC] Step 14300 | critic_loss: 0.0454 | q1_mean: 49.5496 | actor_loss: 3.1958 | bc_loss: 3.1958 | alpha: 0.0500
2025-12-12 17:32:56 [INFO] E2E_Teleoperation.E2E_RL.sac_training_algorithm - [Stage2_BC] Step 14400 | critic_loss: 0.2197 | q1_mean: 49.7376 | actor_loss: 9.8595 | bc_loss: 9.8595 | alpha: 0.0500
2025-12-12 17:32:57 [INFO] E2E_Teleoperation.E2E_RL.sac_training_algorithm - [Stage2_BC] Step 14500 | critic_loss: 0.1087 | q1_mean: 52.0612 | actor_loss: 2.5264 | bc_loss: 2.5264 | alpha: 0.0500
2025-12-12 17:32:59 [INFO] E2E_Teleoperation.E2E_RL.sac_training_algorithm - [Stage2_BC] Step 14600 | critic_loss: 0.1446 | q1_mean: 52.8144 | actor_loss: 7.2806 | bc_loss: 7.2806 | alpha: 0.0500
2025-12-12 17:33:00 [INFO] E2E_Teleoperation.E2E_RL.sac_training_algorithm - [Stage2_BC] Step 14700 | critic_loss: 0.1852 | q1_mean: 53.8614 | actor_loss: 2.1203 | bc_loss: 2.1203 | alpha: 0.0500
2025-12-12 17:33:02 [INFO] E2E_Teleoperation.E2E_RL.sac_training_algorithm - [Stage2_BC] Step 14800 | critic_loss: 0.5198 | q1_mean: 56.1124 | actor_loss: 2.8173 | bc_loss: 2.8173 | alpha: 0.0500
2025-12-12 17:33:03 [INFO] E2E_Teleoperation.E2E_RL.sac_training_algorithm - [Stage2_BC] Step 14900 | critic_loss: 0.0810 | q1_mean: 56.0921 | actor_loss: 1.7845 | bc_loss: 1.7845 | alpha: 0.0500
2025-12-12 17:33:05 [INFO] E2E_Teleoperation.E2E_RL.sac_training_algorithm - [Stage2_BC] Step 15000 | critic_loss: 0.1605 | q1_mean: 57.3384 | actor_loss: 3.9410 | bc_loss: 3.9410 | alpha: 0.0500
2025-12-12 17:33:06 [INFO] E2E_Teleoperation.E2E_RL.sac_training_algorithm - [Stage2_BC] Step 15100 | critic_loss: 0.0898 | q1_mean: 58.8026 | actor_loss: 1.5801 | bc_loss: 1.5801 | alpha: 0.0500
2025-12-12 17:33:07 [INFO] E2E_Teleoperation.E2E_RL.sac_training_algorithm - [Stage2_BC] Step 15200 | critic_loss: 0.0663 | q1_mean: 59.5141 | actor_loss: 1.8033 | bc_loss: 1.8033 | alpha: 0.0500
2025-12-12 17:33:09 [INFO] E2E_Teleoperation.E2E_RL.sac_training_algorithm - [Stage2_BC] Step 15300 | critic_loss: 0.1033 | q1_mean: 60.2755 | actor_loss: 2.4122 | bc_loss: 2.4122 | alpha: 0.0500
2025-12-12 17:33:10 [INFO] E2E_Teleoperation.E2E_RL.sac_training_algorithm - [Stage2_BC] Step 15400 | critic_loss: 0.0667 | q1_mean: 62.5405 | actor_loss: 1.5528 | bc_loss: 1.5528 | alpha: 0.0500
2025-12-12 17:33:12 [INFO] E2E_Teleoperation.E2E_RL.sac_training_algorithm - [Stage2_BC] Step 15500 | critic_loss: 0.1226 | q1_mean: 62.0686 | actor_loss: 1.7999 | bc_loss: 1.7999 | alpha: 0.0500
2025-12-12 17:33:13 [INFO] E2E_Teleoperation.E2E_RL.sac_training_algorithm - [Stage2_BC] Step 15600 | critic_loss: 0.0728 | q1_mean: 66.6268 | actor_loss: 7.7362 | bc_loss: 7.7362 | alpha: 0.0500
2025-12-12 17:33:15 [INFO] E2E_Teleoperation.E2E_RL.sac_training_algorithm - [Stage2_BC] Step 15700 | critic_loss: 0.0801 | q1_mean: 65.4422 | actor_loss: 1.9643 | bc_loss: 1.9643 | alpha: 0.0500
2025-12-12 17:33:16 [INFO] E2E_Teleoperation.E2E_RL.sac_training_algorithm - [Stage2_BC] Step 15800 | critic_loss: 0.0510 | q1_mean: 67.4605 | actor_loss: 3.8370 | bc_loss: 3.8370 | alpha: 0.0500
2025-12-12 17:33:18 [INFO] E2E_Teleoperation.E2E_RL.sac_training_algorithm - [Stage2_BC] Step 15900 | critic_loss: 0.1108 | q1_mean: 68.5865 | actor_loss: 1.8953 | bc_loss: 1.8953 | alpha: 0.0500
2025-12-12 17:33:19 [INFO] E2E_Teleoperation.E2E_RL.sac_training_algorithm - [Stage2_BC] Step 16000 | critic_loss: 0.2394 | q1_mean: 68.5921 | actor_loss: 8.1435 | bc_loss: 8.1435 | alpha: 0.0500
2025-12-12 17:33:21 [INFO] E2E_Teleoperation.E2E_RL.sac_training_algorithm - [Stage2_BC] Step 16100 | critic_loss: 0.0911 | q1_mean: 71.9191 | actor_loss: 2.3174 | bc_loss: 2.3174 | alpha: 0.0500
2025-12-12 17:33:22 [INFO] E2E_Teleoperation.E2E_RL.sac_training_algorithm - [Stage2_BC] Step 16200 | critic_loss: 0.5905 | q1_mean: 71.5799 | actor_loss: 4.0607 | bc_loss: 4.0607 | alpha: 0.0500
2025-12-12 17:33:23 [INFO] E2E_Teleoperation.E2E_RL.sac_training_algorithm - [Stage2_BC] Step 16300 | critic_loss: 0.0874 | q1_mean: 71.8159 | actor_loss: 2.4061 | bc_loss: 2.4061 | alpha: 0.0500
2025-12-12 17:33:25 [INFO] E2E_Teleoperation.E2E_RL.sac_training_algorithm - [Stage2_BC] Step 16400 | critic_loss: 0.1006 | q1_mean: 75.1102 | actor_loss: 5.6915 | bc_loss: 5.6915 | alpha: 0.0500
2025-12-12 17:33:27 [INFO] E2E_Teleoperation.E2E_RL.sac_training_algorithm - [Stage2_BC] Step 16500 | critic_loss: 0.0750 | q1_mean: 73.6868 | actor_loss: 5.1694 | bc_loss: 5.1694 | alpha: 0.0500
2025-12-12 17:33:29 [INFO] E2E_Teleoperation.E2E_RL.sac_training_algorithm - [Stage2_BC] Step 16600 | critic_loss: 0.2449 | q1_mean: 74.6265 | actor_loss: 1.8273 | bc_loss: 1.8273 | alpha: 0.0500
2025-12-12 17:33:30 [INFO] E2E_Teleoperation.E2E_RL.sac_training_algorithm - [Stage2_BC] Step 16700 | critic_loss: 0.0930 | q1_mean: 76.5386 | actor_loss: 3.9890 | bc_loss: 3.9890 | alpha: 0.0500
2025-12-12 17:33:32 [INFO] E2E_Teleoperation.E2E_RL.sac_training_algorithm - [Stage2_BC] Step 16800 | critic_loss: 0.1343 | q1_mean: 79.6826 | actor_loss: 2.3521 | bc_loss: 2.3521 | alpha: 0.0500
2025-12-12 17:33:33 [INFO] E2E_Teleoperation.E2E_RL.sac_training_algorithm - [Stage2_BC] Step 16900 | critic_loss: 0.0901 | q1_mean: 80.5083 | actor_loss: 6.1956 | bc_loss: 6.1956 | alpha: 0.0500
2025-12-12 17:33:35 [INFO] E2E_Teleoperation.E2E_RL.sac_training_algorithm - [Stage2_BC] Step 17000 | critic_loss: 0.7055 | q1_mean: 80.5260 | actor_loss: 6.6102 | bc_loss: 6.6102 | alpha: 0.0500
2025-12-12 17:33:36 [INFO] E2E_Teleoperation.E2E_RL.sac_training_algorithm - [Stage2_BC] Step 17100 | critic_loss: 0.0815 | q1_mean: 81.2910 | actor_loss: 1.7707 | bc_loss: 1.7707 | alpha: 0.0500
2025-12-12 17:33:37 [INFO] E2E_Teleoperation.E2E_RL.sac_training_algorithm - [Stage2_BC] Step 17200 | critic_loss: 0.0648 | q1_mean: 82.5434 | actor_loss: 1.3417 | bc_loss: 1.3417 | alpha: 0.0500
2025-12-12 17:33:39 [INFO] E2E_Teleoperation.E2E_RL.sac_training_algorithm - [Stage2_BC] Step 17300 | critic_loss: 0.0556 | q1_mean: 82.7996 | actor_loss: 1.5523 | bc_loss: 1.5523 | alpha: 0.0500
2025-12-12 17:33:40 [INFO] E2E_Teleoperation.E2E_RL.sac_training_algorithm - [Stage2_BC] Step 17400 | critic_loss: 0.4357 | q1_mean: 85.3824 | actor_loss: 1.7772 | bc_loss: 1.7772 | alpha: 0.0500
2025-12-12 17:33:42 [INFO] E2E_Teleoperation.E2E_RL.sac_training_algorithm - [Stage2_BC] Step 17500 | critic_loss: 1.0358 | q1_mean: 86.3550 | actor_loss: 1.9106 | bc_loss: 1.9106 | alpha: 0.0500
2025-12-12 17:33:43 [INFO] E2E_Teleoperation.E2E_RL.sac_training_algorithm - [Stage2_BC] Step 17600 | critic_loss: 0.1176 | q1_mean: 88.0687 | actor_loss: 3.3763 | bc_loss: 3.3763 | alpha: 0.0500
2025-12-12 17:33:45 [INFO] E2E_Teleoperation.E2E_RL.sac_training_algorithm - [Stage2_BC] Step 17700 | critic_loss: 0.5601 | q1_mean: 88.6991 | actor_loss: 1.2458 | bc_loss: 1.2458 | alpha: 0.0500
2025-12-12 17:33:46 [INFO] E2E_Teleoperation.E2E_RL.sac_training_algorithm - [Stage2_BC] Step 17800 | critic_loss: 0.5150 | q1_mean: 92.0741 | actor_loss: 4.1467 | bc_loss: 4.1467 | alpha: 0.0500
2025-12-12 17:33:47 [INFO] E2E_Teleoperation.E2E_RL.sac_training_algorithm - [Stage2_BC] Step 17900 | critic_loss: 0.9223 | q1_mean: 90.5677 | actor_loss: 1.7216 | bc_loss: 1.7216 | alpha: 0.0500
2025-12-12 17:33:49 [INFO] E2E_Teleoperation.E2E_RL.sac_training_algorithm - [Stage2_BC] Step 18000 | critic_loss: 0.1215 | q1_mean: 91.5567 | actor_loss: 2.0380 | bc_loss: 2.0380 | alpha: 0.0500
2025-12-12 17:33:50 [INFO] E2E_Teleoperation.E2E_RL.sac_training_algorithm - [Stage2_BC] Step 18100 | critic_loss: 0.2131 | q1_mean: 95.2230 | actor_loss: 3.1491 | bc_loss: 3.1491 | alpha: 0.0500
2025-12-12 17:33:52 [INFO] E2E_Teleoperation.E2E_RL.sac_training_algorithm - [Stage2_BC] Step 18200 | critic_loss: 0.8038 | q1_mean: 95.5269 | actor_loss: 1.4517 | bc_loss: 1.4517 | alpha: 0.0500
2025-12-12 17:33:53 [INFO] E2E_Teleoperation.E2E_RL.sac_training_algorithm - [Stage2_BC] Step 18300 | critic_loss: 0.1612 | q1_mean: 95.3854 | actor_loss: 1.3970 | bc_loss: 1.3970 | alpha: 0.0500
2025-12-12 17:33:55 [INFO] E2E_Teleoperation.E2E_RL.sac_training_algorithm - [Stage2_BC] Step 18400 | critic_loss: 0.2731 | q1_mean: 96.9957 | actor_loss: 1.6073 | bc_loss: 1.6073 | alpha: 0.0500
2025-12-12 17:33:56 [INFO] E2E_Teleoperation.E2E_RL.sac_training_algorithm - [Stage2_BC] Step 18500 | critic_loss: 0.2327 | q1_mean: 99.1368 | actor_loss: 1.4659 | bc_loss: 1.4659 | alpha: 0.0500
2025-12-12 17:33:58 [INFO] E2E_Teleoperation.E2E_RL.sac_training_algorithm - [Stage2_BC] Step 18600 | critic_loss: 0.1952 | q1_mean: 98.0272 | actor_loss: 3.1330 | bc_loss: 3.1330 | alpha: 0.0500
2025-12-12 17:33:59 [INFO] E2E_Teleoperation.E2E_RL.sac_training_algorithm - [Stage2_BC] Step 18700 | critic_loss: 0.2008 | q1_mean: 99.4438 | actor_loss: 4.3633 | bc_loss: 4.3633 | alpha: 0.0500
2025-12-12 17:34:00 [INFO] E2E_Teleoperation.E2E_RL.sac_training_algorithm - [Stage2_BC] Step 18800 | critic_loss: 0.1980 | q1_mean: 99.5367 | actor_loss: 1.5913 | bc_loss: 1.5913 | alpha: 0.0500
2025-12-12 17:34:02 [INFO] E2E_Teleoperation.E2E_RL.sac_training_algorithm - [Stage2_BC] Step 18900 | critic_loss: 0.1130 | q1_mean: 101.4742 | actor_loss: 1.3691 | bc_loss: 1.3691 | alpha: 0.0500
2025-12-12 17:34:03 [INFO] E2E_Teleoperation.E2E_RL.sac_training_algorithm - [Stage2_BC] Step 19000 | critic_loss: 0.1437 | q1_mean: 104.1224 | actor_loss: 5.1945 | bc_loss: 5.1945 | alpha: 0.0500
2025-12-12 17:34:05 [INFO] E2E_Teleoperation.E2E_RL.sac_training_algorithm - [Stage2_BC] Step 19100 | critic_loss: 0.1429 | q1_mean: 103.5792 | actor_loss: 2.7129 | bc_loss: 2.7129 | alpha: 0.0500
2025-12-12 17:34:06 [INFO] E2E_Teleoperation.E2E_RL.sac_training_algorithm - [Stage2_BC] Step 19200 | critic_loss: 0.2105 | q1_mean: 103.9824 | actor_loss: 1.3977 | bc_loss: 1.3977 | alpha: 0.0500
2025-12-12 17:34:08 [INFO] E2E_Teleoperation.E2E_RL.sac_training_algorithm - [Stage2_BC] Step 19300 | critic_loss: 0.0780 | q1_mean: 103.5284 | actor_loss: 2.3846 | bc_loss: 2.3846 | alpha: 0.0500
2025-12-12 17:34:09 [INFO] E2E_Teleoperation.E2E_RL.sac_training_algorithm - [Stage2_BC] Step 19400 | critic_loss: 0.1256 | q1_mean: 107.6498 | actor_loss: 1.2763 | bc_loss: 1.2763 | alpha: 0.0500
2025-12-12 17:34:11 [INFO] E2E_Teleoperation.E2E_RL.sac_training_algorithm - [Stage2_BC] Step 19500 | critic_loss: 0.1234 | q1_mean: 105.9189 | actor_loss: 1.5571 | bc_loss: 1.5571 | alpha: 0.0500
2025-12-12 17:34:12 [INFO] E2E_Teleoperation.E2E_RL.sac_training_algorithm - [Stage2_BC] Step 19600 | critic_loss: 0.0846 | q1_mean: 108.0271 | actor_loss: 1.5973 | bc_loss: 1.5973 | alpha: 0.0500
2025-12-12 17:34:13 [INFO] E2E_Teleoperation.E2E_RL.sac_training_algorithm - [Stage2_BC] Step 19700 | critic_loss: 0.5629 | q1_mean: 109.0937 | actor_loss: 3.7232 | bc_loss: 3.7232 | alpha: 0.0500
2025-12-12 17:34:15 [INFO] E2E_Teleoperation.E2E_RL.sac_training_algorithm - [Stage2_BC] Step 19800 | critic_loss: 0.2074 | q1_mean: 110.8150 | actor_loss: 1.3347 | bc_loss: 1.3347 | alpha: 0.0500
2025-12-12 17:34:16 [INFO] E2E_Teleoperation.E2E_RL.sac_training_algorithm - [Stage2_BC] Step 19900 | critic_loss: 0.2503 | q1_mean: 111.7534 | actor_loss: 1.6238 | bc_loss: 1.6238 | alpha: 0.0500
2025-12-12 17:34:18 [INFO] E2E_Teleoperation.E2E_RL.sac_training_algorithm - [Stage2_BC] Step 20000 | critic_loss: 0.3542 | q1_mean: 114.0886 | actor_loss: 1.2927 | bc_loss: 1.2927 | alpha: 0.0500
2025-12-12 17:34:42 [INFO] E2E_Teleoperation.E2E_RL.sac_training_algorithm - Validation Step 20000 | Reward: 3073.04
2025-12-12 17:34:44 [INFO] E2E_Teleoperation.E2E_RL.sac_training_algorithm - [Stage2_BC] Step 20100 | critic_loss: 0.5157 | q1_mean: 115.0272 | actor_loss: 3.7963 | bc_loss: 3.7963 | alpha: 0.0500
2025-12-12 17:34:45 [INFO] E2E_Teleoperation.E2E_RL.sac_training_algorithm - [Stage2_BC] Step 20200 | critic_loss: 0.0908 | q1_mean: 115.4248 | actor_loss: 1.8620 | bc_loss: 1.8620 | alpha: 0.0500
2025-12-12 17:34:47 [INFO] E2E_Teleoperation.E2E_RL.sac_training_algorithm - [Stage2_BC] Step 20300 | critic_loss: 0.2846 | q1_mean: 120.0733 | actor_loss: 1.3242 | bc_loss: 1.3242 | alpha: 0.0500
2025-12-12 17:34:48 [INFO] E2E_Teleoperation.E2E_RL.sac_training_algorithm - [Stage2_BC] Step 20400 | critic_loss: 0.3741 | q1_mean: 115.0826 | actor_loss: 1.5084 | bc_loss: 1.5084 | alpha: 0.0500
2025-12-12 17:34:50 [INFO] E2E_Teleoperation.E2E_RL.sac_training_algorithm - [Stage2_BC] Step 20500 | critic_loss: 1.0117 | q1_mean: 116.3390 | actor_loss: 1.1404 | bc_loss: 1.1404 | alpha: 0.0500
2025-12-12 17:34:51 [INFO] E2E_Teleoperation.E2E_RL.sac_training_algorithm - [Stage2_BC] Step 20600 | critic_loss: 0.2839 | q1_mean: 118.7685 | actor_loss: 1.7816 | bc_loss: 1.7816 | alpha: 0.0500
2025-12-12 17:34:52 [INFO] E2E_Teleoperation.E2E_RL.sac_training_algorithm - [Stage2_BC] Step 20700 | critic_loss: 1.1862 | q1_mean: 121.5710 | actor_loss: 2.0361 | bc_loss: 2.0361 | alpha: 0.0500
2025-12-12 17:34:54 [INFO] E2E_Teleoperation.E2E_RL.sac_training_algorithm - [Stage2_BC] Step 20800 | critic_loss: 0.1000 | q1_mean: 125.2032 | actor_loss: 7.0091 | bc_loss: 7.0091 | alpha: 0.0500
2025-12-12 17:34:55 [INFO] E2E_Teleoperation.E2E_RL.sac_training_algorithm - [Stage2_BC] Step 20900 | critic_loss: 0.1798 | q1_mean: 122.7408 | actor_loss: 1.5575 | bc_loss: 1.5575 | alpha: 0.0500
2025-12-12 17:34:56 [INFO] E2E_Teleoperation.E2E_RL.sac_training_algorithm - [Stage2_BC] Step 21000 | critic_loss: 0.3997 | q1_mean: 124.0657 | actor_loss: 1.4008 | bc_loss: 1.4008 | alpha: 0.0500
2025-12-12 17:34:58 [INFO] E2E_Teleoperation.E2E_RL.sac_training_algorithm - [Stage2_BC] Step 21100 | critic_loss: 0.2420 | q1_mean: 124.6142 | actor_loss: 1.2600 | bc_loss: 1.2600 | alpha: 0.0500
2025-12-12 17:34:59 [INFO] E2E_Teleoperation.E2E_RL.sac_training_algorithm - [Stage2_BC] Step 21200 | critic_loss: 0.2419 | q1_mean: 126.9838 | actor_loss: 1.4512 | bc_loss: 1.4512 | alpha: 0.0500
2025-12-12 17:35:01 [INFO] E2E_Teleoperation.E2E_RL.sac_training_algorithm - [Stage2_BC] Step 21300 | critic_loss: 0.1105 | q1_mean: 126.7197 | actor_loss: 1.4097 | bc_loss: 1.4097 | alpha: 0.0500
2025-12-12 17:35:02 [INFO] E2E_Teleoperation.E2E_RL.sac_training_algorithm - [Stage2_BC] Step 21400 | critic_loss: 0.1414 | q1_mean: 124.8628 | actor_loss: 1.5998 | bc_loss: 1.5998 | alpha: 0.0500
2025-12-12 17:35:03 [INFO] E2E_Teleoperation.E2E_RL.sac_training_algorithm - [Stage2_BC] Step 21500 | critic_loss: 0.2275 | q1_mean: 127.8107 | actor_loss: 1.2109 | bc_loss: 1.2109 | alpha: 0.0500
2025-12-12 17:35:05 [INFO] E2E_Teleoperation.E2E_RL.sac_training_algorithm - [Stage2_BC] Step 21600 | critic_loss: 1.2153 | q1_mean: 130.6334 | actor_loss: 1.7544 | bc_loss: 1.7544 | alpha: 0.0500
2025-12-12 17:35:06 [INFO] E2E_Teleoperation.E2E_RL.sac_training_algorithm - [Stage2_BC] Step 21700 | critic_loss: 1.3610 | q1_mean: 130.7765 | actor_loss: 1.8973 | bc_loss: 1.8973 | alpha: 0.0500
2025-12-12 17:35:08 [INFO] E2E_Teleoperation.E2E_RL.sac_training_algorithm - [Stage2_BC] Step 21800 | critic_loss: 0.8016 | q1_mean: 133.6607 | actor_loss: 1.2154 | bc_loss: 1.2154 | alpha: 0.0500
2025-12-12 17:35:09 [INFO] E2E_Teleoperation.E2E_RL.sac_training_algorithm - [Stage2_BC] Step 21900 | critic_loss: 0.4674 | q1_mean: 131.1450 | actor_loss: 1.1977 | bc_loss: 1.1977 | alpha: 0.0500
2025-12-12 17:35:11 [INFO] E2E_Teleoperation.E2E_RL.sac_training_algorithm - [Stage2_BC] Step 22000 | critic_loss: 0.9996 | q1_mean: 133.5093 | actor_loss: 1.4655 | bc_loss: 1.4655 | alpha: 0.0500
2025-12-12 17:35:12 [INFO] E2E_Teleoperation.E2E_RL.sac_training_algorithm - [Stage2_BC] Step 22100 | critic_loss: 0.2473 | q1_mean: 135.4762 | actor_loss: 1.1225 | bc_loss: 1.1225 | alpha: 0.0500
2025-12-12 17:35:13 [INFO] E2E_Teleoperation.E2E_RL.sac_training_algorithm - [Stage2_BC] Step 22200 | critic_loss: 0.0987 | q1_mean: 133.6103 | actor_loss: 1.1721 | bc_loss: 1.1721 | alpha: 0.0500
2025-12-12 17:35:15 [INFO] E2E_Teleoperation.E2E_RL.sac_training_algorithm - [Stage2_BC] Step 22300 | critic_loss: 0.6391 | q1_mean: 135.2318 | actor_loss: 6.9756 | bc_loss: 6.9756 | alpha: 0.0500
2025-12-12 17:35:16 [INFO] E2E_Teleoperation.E2E_RL.sac_training_algorithm - [Stage2_BC] Step 22400 | critic_loss: 0.2896 | q1_mean: 138.8496 | actor_loss: 1.1840 | bc_loss: 1.1840 | alpha: 0.0500
2025-12-12 17:35:18 [INFO] E2E_Teleoperation.E2E_RL.sac_training_algorithm - [Stage2_BC] Step 22500 | critic_loss: 0.2011 | q1_mean: 139.4919 | actor_loss: 1.3333 | bc_loss: 1.3333 | alpha: 0.0500
2025-12-12 17:35:19 [INFO] E2E_Teleoperation.E2E_RL.sac_training_algorithm - [Stage2_BC] Step 22600 | critic_loss: 0.2421 | q1_mean: 136.1144 | actor_loss: 1.4267 | bc_loss: 1.4267 | alpha: 0.0500
2025-12-12 17:35:21 [INFO] E2E_Teleoperation.E2E_RL.sac_training_algorithm - [Stage2_BC] Step 22700 | critic_loss: 0.2383 | q1_mean: 140.9281 | actor_loss: 1.4415 | bc_loss: 1.4415 | alpha: 0.0500
2025-12-12 17:35:22 [INFO] E2E_Teleoperation.E2E_RL.sac_training_algorithm - [Stage2_BC] Step 22800 | critic_loss: 0.2113 | q1_mean: 141.4569 | actor_loss: 1.3298 | bc_loss: 1.3298 | alpha: 0.0500
2025-12-12 17:35:23 [INFO] E2E_Teleoperation.E2E_RL.sac_training_algorithm - [Stage2_BC] Step 22900 | critic_loss: 0.4659 | q1_mean: 140.1512 | actor_loss: 1.4301 | bc_loss: 1.4301 | alpha: 0.0500
2025-12-12 17:35:25 [INFO] E2E_Teleoperation.E2E_RL.sac_training_algorithm - [Stage2_BC] Step 23000 | critic_loss: 0.2250 | q1_mean: 141.0955 | actor_loss: 6.4098 | bc_loss: 6.4098 | alpha: 0.0500
2025-12-12 17:35:27 [INFO] E2E_Teleoperation.E2E_RL.sac_training_algorithm - [Stage2_BC] Step 23100 | critic_loss: 0.2099 | q1_mean: 140.7026 | actor_loss: 1.3044 | bc_loss: 1.3044 | alpha: 0.0500
2025-12-12 17:35:28 [INFO] E2E_Teleoperation.E2E_RL.sac_training_algorithm - [Stage2_BC] Step 23200 | critic_loss: 0.6012 | q1_mean: 144.2420 | actor_loss: 1.7621 | bc_loss: 1.7621 | alpha: 0.0500
2025-12-12 17:35:29 [INFO] E2E_Teleoperation.E2E_RL.sac_training_algorithm - [Stage2_BC] Step 23300 | critic_loss: 0.3064 | q1_mean: 147.2787 | actor_loss: 1.2672 | bc_loss: 1.2672 | alpha: 0.0500
2025-12-12 17:35:31 [INFO] E2E_Teleoperation.E2E_RL.sac_training_algorithm - [Stage2_BC] Step 23400 | critic_loss: 0.2401 | q1_mean: 148.9937 | actor_loss: 1.3998 | bc_loss: 1.3998 | alpha: 0.0500
2025-12-12 17:35:32 [INFO] E2E_Teleoperation.E2E_RL.sac_training_algorithm - [Stage2_BC] Step 23500 | critic_loss: 0.3299 | q1_mean: 145.3955 | actor_loss: 1.3086 | bc_loss: 1.3086 | alpha: 0.0500
2025-12-12 17:35:34 [INFO] E2E_Teleoperation.E2E_RL.sac_training_algorithm - [Stage2_BC] Step 23600 | critic_loss: 2.7923 | q1_mean: 148.6262 | actor_loss: 1.6275 | bc_loss: 1.6275 | alpha: 0.0500
2025-12-12 17:35:35 [INFO] E2E_Teleoperation.E2E_RL.sac_training_algorithm - [Stage2_BC] Step 23700 | critic_loss: 1.8858 | q1_mean: 152.2676 | actor_loss: 1.7880 | bc_loss: 1.7880 | alpha: 0.0500
2025-12-12 17:35:37 [INFO] E2E_Teleoperation.E2E_RL.sac_training_algorithm - [Stage2_BC] Step 23800 | critic_loss: 0.1680 | q1_mean: 146.7231 | actor_loss: 1.4582 | bc_loss: 1.4582 | alpha: 0.0500
2025-12-12 17:35:38 [INFO] E2E_Teleoperation.E2E_RL.sac_training_algorithm - [Stage2_BC] Step 23900 | critic_loss: 0.2261 | q1_mean: 151.5448 | actor_loss: 4.1561 | bc_loss: 4.1561 | alpha: 0.0500
2025-12-12 17:35:39 [INFO] E2E_Teleoperation.E2E_RL.sac_training_algorithm - [Stage2_BC] Step 24000 | critic_loss: 0.1158 | q1_mean: 153.4365 | actor_loss: 1.1689 | bc_loss: 1.1689 | alpha: 0.0500
2025-12-12 17:35:41 [INFO] E2E_Teleoperation.E2E_RL.sac_training_algorithm - [Stage2_BC] Step 24100 | critic_loss: 0.1956 | q1_mean: 154.5886 | actor_loss: 1.7775 | bc_loss: 1.7775 | alpha: 0.0500
2025-12-12 17:35:42 [INFO] E2E_Teleoperation.E2E_RL.sac_training_algorithm - [Stage2_BC] Step 24200 | critic_loss: 0.1305 | q1_mean: 153.7385 | actor_loss: 1.2466 | bc_loss: 1.2466 | alpha: 0.0500
2025-12-12 17:35:44 [INFO] E2E_Teleoperation.E2E_RL.sac_training_algorithm - [Stage2_BC] Step 24300 | critic_loss: 0.2813 | q1_mean: 152.5546 | actor_loss: 1.4249 | bc_loss: 1.4249 | alpha: 0.0500
2025-12-12 17:35:45 [INFO] E2E_Teleoperation.E2E_RL.sac_training_algorithm - [Stage2_BC] Step 24400 | critic_loss: 0.4847 | q1_mean: 157.0401 | actor_loss: 1.0359 | bc_loss: 1.0359 | alpha: 0.0500
2025-12-12 17:35:47 [INFO] E2E_Teleoperation.E2E_RL.sac_training_algorithm - [Stage2_BC] Step 24500 | critic_loss: 0.1867 | q1_mean: 160.8150 | actor_loss: 2.3791 | bc_loss: 2.3791 | alpha: 0.0500
2025-12-12 17:35:48 [INFO] E2E_Teleoperation.E2E_RL.sac_training_algorithm - [Stage2_BC] Step 24600 | critic_loss: 0.2349 | q1_mean: 155.5472 | actor_loss: 5.2732 | bc_loss: 5.2732 | alpha: 0.0500
2025-12-12 17:35:49 [INFO] E2E_Teleoperation.E2E_RL.sac_training_algorithm - [Stage2_BC] Step 24700 | critic_loss: 0.1521 | q1_mean: 157.2618 | actor_loss: 1.2209 | bc_loss: 1.2209 | alpha: 0.0500
2025-12-12 17:35:51 [INFO] E2E_Teleoperation.E2E_RL.sac_training_algorithm - [Stage2_BC] Step 24800 | critic_loss: 0.4801 | q1_mean: 160.7336 | actor_loss: 1.8638 | bc_loss: 1.8638 | alpha: 0.0500
2025-12-12 17:35:52 [INFO] E2E_Teleoperation.E2E_RL.sac_training_algorithm - [Stage2_BC] Step 24900 | critic_loss: 0.5014 | q1_mean: 160.3375 | actor_loss: 1.2190 | bc_loss: 1.2190 | alpha: 0.0500
2025-12-12 17:35:54 [INFO] E2E_Teleoperation.E2E_RL.sac_training_algorithm - [Stage2_BC] Step 25000 | critic_loss: 0.4623 | q1_mean: 160.1697 | actor_loss: 1.2830 | bc_loss: 1.2830 | alpha: 0.0500
2025-12-12 17:35:55 [INFO] E2E_Teleoperation.E2E_RL.sac_training_algorithm - [Stage2_BC] Step 25100 | critic_loss: 0.1088 | q1_mean: 159.1932 | actor_loss: 1.3657 | bc_loss: 1.3657 | alpha: 0.0500
2025-12-12 17:35:56 [INFO] E2E_Teleoperation.E2E_RL.sac_training_algorithm - [Stage2_BC] Step 25200 | critic_loss: 0.3294 | q1_mean: 162.6972 | actor_loss: 1.3136 | bc_loss: 1.3136 | alpha: 0.0500
2025-12-12 17:35:58 [INFO] E2E_Teleoperation.E2E_RL.sac_training_algorithm - [Stage2_BC] Step 25300 | critic_loss: 0.9209 | q1_mean: 159.7498 | actor_loss: 1.5209 | bc_loss: 1.5209 | alpha: 0.0500
2025-12-12 17:35:59 [INFO] E2E_Teleoperation.E2E_RL.sac_training_algorithm - [Stage2_BC] Step 25400 | critic_loss: 0.4874 | q1_mean: 165.6011 | actor_loss: 1.3046 | bc_loss: 1.3046 | alpha: 0.0500
2025-12-12 17:36:02 [INFO] E2E_Teleoperation.E2E_RL.sac_training_algorithm - [Stage2_BC] Step 25500 | critic_loss: 0.4226 | q1_mean: 164.1367 | actor_loss: 1.2659 | bc_loss: 1.2659 | alpha: 0.0500
2025-12-12 17:36:03 [INFO] E2E_Teleoperation.E2E_RL.sac_training_algorithm - [Stage2_BC] Step 25600 | critic_loss: 0.2717 | q1_mean: 167.5287 | actor_loss: 2.2323 | bc_loss: 2.2323 | alpha: 0.0500
2025-12-12 17:36:05 [INFO] E2E_Teleoperation.E2E_RL.sac_training_algorithm - [Stage2_BC] Step 25700 | critic_loss: 0.9890 | q1_mean: 169.6965 | actor_loss: 1.3002 | bc_loss: 1.3002 | alpha: 0.0500
2025-12-12 17:36:06 [INFO] E2E_Teleoperation.E2E_RL.sac_training_algorithm - [Stage2_BC] Step 25800 | critic_loss: 0.8749 | q1_mean: 161.1286 | actor_loss: 1.4652 | bc_loss: 1.4652 | alpha: 0.0500
2025-12-12 17:36:07 [INFO] E2E_Teleoperation.E2E_RL.sac_training_algorithm - [Stage2_BC] Step 25900 | critic_loss: 0.2238 | q1_mean: 167.5826 | actor_loss: 1.3768 | bc_loss: 1.3768 | alpha: 0.0500
2025-12-12 17:36:09 [INFO] E2E_Teleoperation.E2E_RL.sac_training_algorithm - [Stage2_BC] Step 26000 | critic_loss: 0.3384 | q1_mean: 168.1545 | actor_loss: 1.9111 | bc_loss: 1.9111 | alpha: 0.0500
2025-12-12 17:36:10 [INFO] E2E_Teleoperation.E2E_RL.sac_training_algorithm - [Stage2_BC] Step 26100 | critic_loss: 0.0852 | q1_mean: 167.9376 | actor_loss: 0.9575 | bc_loss: 0.9575 | alpha: 0.0500
2025-12-12 17:36:12 [INFO] E2E_Teleoperation.E2E_RL.sac_training_algorithm - [Stage2_BC] Step 26200 | critic_loss: 0.4671 | q1_mean: 169.4525 | actor_loss: 1.5270 | bc_loss: 1.5270 | alpha: 0.0500
2025-12-12 17:36:13 [INFO] E2E_Teleoperation.E2E_RL.sac_training_algorithm - [Stage2_BC] Step 26300 | critic_loss: 1.0860 | q1_mean: 176.4710 | actor_loss: 1.6360 | bc_loss: 1.6360 | alpha: 0.0500
2025-12-12 17:36:14 [INFO] E2E_Teleoperation.E2E_RL.sac_training_algorithm - [Stage2_BC] Step 26400 | critic_loss: 0.4946 | q1_mean: 171.3722 | actor_loss: 4.1594 | bc_loss: 4.1594 | alpha: 0.0500
2025-12-12 17:36:16 [INFO] E2E_Teleoperation.E2E_RL.sac_training_algorithm - [Stage2_BC] Step 26500 | critic_loss: 0.3908 | q1_mean: 174.5983 | actor_loss: 1.2196 | bc_loss: 1.2196 | alpha: 0.0500
2025-12-12 17:36:17 [INFO] E2E_Teleoperation.E2E_RL.sac_training_algorithm - [Stage2_BC] Step 26600 | critic_loss: 0.3649 | q1_mean: 177.4547 | actor_loss: 1.3576 | bc_loss: 1.3576 | alpha: 0.0500
2025-12-12 17:36:19 [INFO] E2E_Teleoperation.E2E_RL.sac_training_algorithm - [Stage2_BC] Step 26700 | critic_loss: 1.6375 | q1_mean: 173.4775 | actor_loss: 1.2085 | bc_loss: 1.2085 | alpha: 0.0500
2025-12-12 17:36:20 [INFO] E2E_Teleoperation.E2E_RL.sac_training_algorithm - [Stage2_BC] Step 26800 | critic_loss: 2.1885 | q1_mean: 176.1634 | actor_loss: 1.3398 | bc_loss: 1.3398 | alpha: 0.0500
2025-12-12 17:36:22 [INFO] E2E_Teleoperation.E2E_RL.sac_training_algorithm - [Stage2_BC] Step 26900 | critic_loss: 0.4983 | q1_mean: 177.7047 | actor_loss: 7.0060 | bc_loss: 7.0060 | alpha: 0.0500
2025-12-12 17:36:23 [INFO] E2E_Teleoperation.E2E_RL.sac_training_algorithm - [Stage2_BC] Step 27000 | critic_loss: 0.5105 | q1_mean: 177.5592 | actor_loss: 1.0253 | bc_loss: 1.0253 | alpha: 0.0500
2025-12-12 17:36:24 [INFO] E2E_Teleoperation.E2E_RL.sac_training_algorithm - [Stage2_BC] Step 27100 | critic_loss: 0.2135 | q1_mean: 175.5235 | actor_loss: 1.4304 | bc_loss: 1.4304 | alpha: 0.0500
2025-12-12 17:36:26 [INFO] E2E_Teleoperation.E2E_RL.sac_training_algorithm - [Stage2_BC] Step 27200 | critic_loss: 0.8365 | q1_mean: 174.7636 | actor_loss: 1.3451 | bc_loss: 1.3451 | alpha: 0.0500
2025-12-12 17:36:27 [INFO] E2E_Teleoperation.E2E_RL.sac_training_algorithm - [Stage2_BC] Step 27300 | critic_loss: 0.4914 | q1_mean: 176.4664 | actor_loss: 2.6782 | bc_loss: 2.6782 | alpha: 0.0500
2025-12-12 17:36:29 [INFO] E2E_Teleoperation.E2E_RL.sac_training_algorithm - [Stage2_BC] Step 27400 | critic_loss: 0.1325 | q1_mean: 181.2158 | actor_loss: 1.2118 | bc_loss: 1.2118 | alpha: 0.0500
2025-12-12 17:36:30 [INFO] E2E_Teleoperation.E2E_RL.sac_training_algorithm - [Stage2_BC] Step 27500 | critic_loss: 0.1822 | q1_mean: 182.7036 | actor_loss: 1.7075 | bc_loss: 1.7075 | alpha: 0.0500
2025-12-12 17:36:32 [INFO] E2E_Teleoperation.E2E_RL.sac_training_algorithm - [Stage2_BC] Step 27600 | critic_loss: 0.3657 | q1_mean: 183.3139 | actor_loss: 1.2944 | bc_loss: 1.2944 | alpha: 0.0500
2025-12-12 17:36:33 [INFO] E2E_Teleoperation.E2E_RL.sac_training_algorithm - [Stage2_BC] Step 27700 | critic_loss: 0.2037 | q1_mean: 178.9608 | actor_loss: 1.2970 | bc_loss: 1.2970 | alpha: 0.0500
2025-12-12 17:36:34 [INFO] E2E_Teleoperation.E2E_RL.sac_training_algorithm - [Stage2_BC] Step 27800 | critic_loss: 0.2630 | q1_mean: 185.6825 | actor_loss: 1.6182 | bc_loss: 1.6182 | alpha: 0.0500
2025-12-12 17:36:36 [INFO] E2E_Teleoperation.E2E_RL.sac_training_algorithm - [Stage2_BC] Step 27900 | critic_loss: 0.1749 | q1_mean: 184.3066 | actor_loss: 1.1616 | bc_loss: 1.1616 | alpha: 0.0500
2025-12-12 17:36:37 [INFO] E2E_Teleoperation.E2E_RL.sac_training_algorithm - [Stage2_BC] Step 28000 | critic_loss: 0.2424 | q1_mean: 186.4653 | actor_loss: 1.3098 | bc_loss: 1.3098 | alpha: 0.0500
2025-12-12 17:36:39 [INFO] E2E_Teleoperation.E2E_RL.sac_training_algorithm - [Stage2_BC] Step 28100 | critic_loss: 0.1774 | q1_mean: 184.5919 | actor_loss: 1.0873 | bc_loss: 1.0873 | alpha: 0.0500
2025-12-12 17:36:40 [INFO] E2E_Teleoperation.E2E_RL.sac_training_algorithm - [Stage2_BC] Step 28200 | critic_loss: 0.9757 | q1_mean: 182.4806 | actor_loss: 1.5901 | bc_loss: 1.5901 | alpha: 0.0500
2025-12-12 17:36:41 [INFO] E2E_Teleoperation.E2E_RL.sac_training_algorithm - [Stage2_BC] Step 28300 | critic_loss: 0.3152 | q1_mean: 184.6025 | actor_loss: 1.3234 | bc_loss: 1.3234 | alpha: 0.0500
2025-12-12 17:36:43 [INFO] E2E_Teleoperation.E2E_RL.sac_training_algorithm - [Stage2_BC] Step 28400 | critic_loss: 0.1909 | q1_mean: 186.9424 | actor_loss: 1.1279 | bc_loss: 1.1279 | alpha: 0.0500
2025-12-12 17:36:44 [INFO] E2E_Teleoperation.E2E_RL.sac_training_algorithm - [Stage2_BC] Step 28500 | critic_loss: 0.6534 | q1_mean: 180.8129 | actor_loss: 1.1939 | bc_loss: 1.1939 | alpha: 0.0500
2025-12-12 17:36:46 [INFO] E2E_Teleoperation.E2E_RL.sac_training_algorithm - [Stage2_BC] Step 28600 | critic_loss: 0.2984 | q1_mean: 191.4260 | actor_loss: 1.3994 | bc_loss: 1.3994 | alpha: 0.0500
2025-12-12 17:36:47 [INFO] E2E_Teleoperation.E2E_RL.sac_training_algorithm - [Stage2_BC] Step 28700 | critic_loss: 0.3373 | q1_mean: 184.1716 | actor_loss: 1.1380 | bc_loss: 1.1380 | alpha: 0.0500
2025-12-12 17:36:49 [INFO] E2E_Teleoperation.E2E_RL.sac_training_algorithm - [Stage2_BC] Step 28800 | critic_loss: 0.3277 | q1_mean: 193.7212 | actor_loss: 1.3023 | bc_loss: 1.3023 | alpha: 0.0500
2025-12-12 17:36:50 [INFO] E2E_Teleoperation.E2E_RL.sac_training_algorithm - [Stage2_BC] Step 28900 | critic_loss: 0.3005 | q1_mean: 189.8628 | actor_loss: 1.3672 | bc_loss: 1.3672 | alpha: 0.0500
2025-12-12 17:36:51 [INFO] E2E_Teleoperation.E2E_RL.sac_training_algorithm - [Stage2_BC] Step 29000 | critic_loss: 0.8886 | q1_mean: 191.8332 | actor_loss: 1.2584 | bc_loss: 1.2584 | alpha: 0.0500
2025-12-12 17:36:53 [INFO] E2E_Teleoperation.E2E_RL.sac_training_algorithm - [Stage2_BC] Step 29100 | critic_loss: 0.1460 | q1_mean: 195.6812 | actor_loss: 1.2344 | bc_loss: 1.2344 | alpha: 0.0500
2025-12-12 17:36:54 [INFO] E2E_Teleoperation.E2E_RL.sac_training_algorithm - [Stage2_BC] Step 29200 | critic_loss: 0.5147 | q1_mean: 193.8912 | actor_loss: 1.5926 | bc_loss: 1.5926 | alpha: 0.0500
2025-12-12 17:36:56 [INFO] E2E_Teleoperation.E2E_RL.sac_training_algorithm - [Stage2_BC] Step 29300 | critic_loss: 0.5124 | q1_mean: 193.0532 | actor_loss: 1.4162 | bc_loss: 1.4162 | alpha: 0.0500
2025-12-12 17:36:57 [INFO] E2E_Teleoperation.E2E_RL.sac_training_algorithm - [Stage2_BC] Step 29400 | critic_loss: 0.5302 | q1_mean: 197.4570 | actor_loss: 1.2732 | bc_loss: 1.2732 | alpha: 0.0500
2025-12-12 17:36:59 [INFO] E2E_Teleoperation.E2E_RL.sac_training_algorithm - [Stage2_BC] Step 29500 | critic_loss: 0.1987 | q1_mean: 195.0974 | actor_loss: 1.2156 | bc_loss: 1.2156 | alpha: 0.0500
2025-12-12 17:37:00 [INFO] E2E_Teleoperation.E2E_RL.sac_training_algorithm - [Stage2_BC] Step 29600 | critic_loss: 0.8941 | q1_mean: 197.5943 | actor_loss: 17.4726 | bc_loss: 17.4726 | alpha: 0.0500
2025-12-12 17:37:01 [INFO] E2E_Teleoperation.E2E_RL.sac_training_algorithm - [Stage2_BC] Step 29700 | critic_loss: 1.2094 | q1_mean: 197.3558 | actor_loss: 1.4981 | bc_loss: 1.4981 | alpha: 0.0500
2025-12-12 17:37:03 [INFO] E2E_Teleoperation.E2E_RL.sac_training_algorithm - [Stage2_BC] Step 29800 | critic_loss: 1.4172 | q1_mean: 197.0281 | actor_loss: 1.5014 | bc_loss: 1.5014 | alpha: 0.0500
2025-12-12 17:37:04 [INFO] E2E_Teleoperation.E2E_RL.sac_training_algorithm - [Stage2_BC] Step 29900 | critic_loss: 0.5091 | q1_mean: 197.8169 | actor_loss: 1.1299 | bc_loss: 1.1299 | alpha: 0.0500
2025-12-12 17:37:06 [INFO] E2E_Teleoperation.E2E_RL.sac_training_algorithm - [Stage2_BC] Step 30000 | critic_loss: 0.4215 | q1_mean: 198.6626 | actor_loss: -19.0053 | bc_loss: 0.5911 | alpha_loss: 145.1395 | alpha: 0.0500
2025-12-12 17:37:33 [INFO] E2E_Teleoperation.E2E_RL.sac_training_algorithm - Validation Step 30000 | Reward: 4383.90
2025-12-12 17:37:35 [INFO] E2E_Teleoperation.E2E_RL.sac_training_algorithm - [Stage3_SAC] Step 30100 | critic_loss: 0.2550 | q1_mean: 202.6927 | actor_loss: -19.3646 | bc_loss: 0.6862 | alpha_loss: 92.4374 | alpha: 0.0507
2025-12-12 17:37:36 [INFO] E2E_Teleoperation.E2E_RL.sac_training_algorithm - [Stage3_SAC] Step 30200 | critic_loss: 0.4226 | q1_mean: 203.0438 | actor_loss: -19.5223 | bc_loss: 0.5569 | alpha_loss: 86.4472 | alpha: 0.0514
2025-12-12 17:37:38 [INFO] E2E_Teleoperation.E2E_RL.sac_training_algorithm - [Stage3_SAC] Step 30300 | critic_loss: 1.3372 | q1_mean: 201.7107 | actor_loss: -19.4211 | bc_loss: 0.5957 | alpha_loss: 85.2173 | alpha: 0.0521
2025-12-12 17:37:39 [INFO] E2E_Teleoperation.E2E_RL.sac_training_algorithm - [Stage3_SAC] Step 30400 | critic_loss: 0.3931 | q1_mean: 203.2290 | actor_loss: -19.4125 | bc_loss: 0.6338 | alpha_loss: 83.2767 | alpha: 0.0528
2025-12-12 17:37:41 [INFO] E2E_Teleoperation.E2E_RL.sac_training_algorithm - [Stage3_SAC] Step 30500 | critic_loss: 0.2204 | q1_mean: 205.5399 | actor_loss: -19.7006 | bc_loss: 0.6649 | alpha_loss: 82.5102 | alpha: 0.0535
2025-12-12 17:37:42 [INFO] E2E_Teleoperation.E2E_RL.sac_training_algorithm - [Stage3_SAC] Step 30600 | critic_loss: 0.2379 | q1_mean: 198.7748 | actor_loss: -18.9800 | bc_loss: 0.6708 | alpha_loss: 82.7801 | alpha: 0.0543
2025-12-12 17:37:44 [INFO] E2E_Teleoperation.E2E_RL.sac_training_algorithm - [Stage3_SAC] Step 30700 | critic_loss: 0.2882 | q1_mean: 201.9774 | actor_loss: -19.5168 | bc_loss: 0.4880 | alpha_loss: 80.7999 | alpha: 0.0551
2025-12-12 17:37:46 [INFO] E2E_Teleoperation.E2E_RL.sac_training_algorithm - [Stage3_SAC] Step 30800 | critic_loss: 0.2879 | q1_mean: 203.2549 | actor_loss: -19.4766 | bc_loss: 0.6006 | alpha_loss: 80.0436 | alpha: 0.0558
2025-12-12 17:37:47 [INFO] E2E_Teleoperation.E2E_RL.sac_training_algorithm - [Stage3_SAC] Step 30900 | critic_loss: 0.4337 | q1_mean: 204.1926 | actor_loss: -19.5680 | bc_loss: 0.6096 | alpha_loss: 80.5590 | alpha: 0.0566
2025-12-12 17:37:49 [INFO] E2E_Teleoperation.E2E_RL.sac_training_algorithm - [Stage3_SAC] Step 31000 | critic_loss: 0.3749 | q1_mean: 207.8986 | actor_loss: -20.0505 | bc_loss: 0.5908 | alpha_loss: 78.3772 | alpha: 0.0575
2025-12-12 17:37:50 [INFO] E2E_Teleoperation.E2E_RL.sac_training_algorithm - [Stage3_SAC] Step 31100 | critic_loss: 0.3172 | q1_mean: 201.0538 | actor_loss: -19.4047 | bc_loss: 0.5474 | alpha_loss: 79.5446 | alpha: 0.0583
2025-12-12 17:37:52 [INFO] E2E_Teleoperation.E2E_RL.sac_training_algorithm - [Stage3_SAC] Step 31200 | critic_loss: 1.2967 | q1_mean: 205.4283 | actor_loss: -19.7162 | bc_loss: 0.6518 | alpha_loss: 79.2807 | alpha: 0.0591
2025-12-12 17:37:53 [INFO] E2E_Teleoperation.E2E_RL.sac_training_algorithm - [Stage3_SAC] Step 31300 | critic_loss: 1.6587 | q1_mean: 210.5392 | actor_loss: -20.2367 | bc_loss: 0.5998 | alpha_loss: 78.2583 | alpha: 0.0600
2025-12-12 17:37:56 [INFO] E2E_Teleoperation.E2E_RL.sac_training_algorithm - [Stage3_SAC] Step 31400 | critic_loss: 0.2931 | q1_mean: 213.0926 | actor_loss: -20.5188 | bc_loss: 0.5982 | alpha_loss: 77.0714 | alpha: 0.0608
2025-12-12 17:37:57 [INFO] E2E_Teleoperation.E2E_RL.sac_training_algorithm - [Stage3_SAC] Step 31500 | critic_loss: 0.2775 | q1_mean: 211.0800 | actor_loss: -20.3099 | bc_loss: 0.5879 | alpha_loss: 76.2867 | alpha: 0.0617
2025-12-12 17:37:58 [INFO] E2E_Teleoperation.E2E_RL.sac_training_algorithm - [Stage3_SAC] Step 31600 | critic_loss: 0.1609 | q1_mean: 210.3448 | actor_loss: -20.2729 | bc_loss: 0.6053 | alpha_loss: 74.8651 | alpha: 0.0626
2025-12-12 17:38:01 [INFO] E2E_Teleoperation.E2E_RL.sac_training_algorithm - [Stage3_SAC] Step 31700 | critic_loss: 0.6906 | q1_mean: 212.8029 | actor_loss: -20.4841 | bc_loss: 0.5611 | alpha_loss: 76.2689 | alpha: 0.0635
2025-12-12 17:38:02 [INFO] E2E_Teleoperation.E2E_RL.sac_training_algorithm - [Stage3_SAC] Step 31800 | critic_loss: 0.5295 | q1_mean: 215.4191 | actor_loss: -20.6234 | bc_loss: 0.7736 | alpha_loss: 74.1191 | alpha: 0.0644
2025-12-12 17:38:04 [INFO] E2E_Teleoperation.E2E_RL.sac_training_algorithm - [Stage3_SAC] Step 31900 | critic_loss: 0.3182 | q1_mean: 214.4944 | actor_loss: -20.6451 | bc_loss: 0.5881 | alpha_loss: 74.7542 | alpha: 0.0654
2025-12-12 17:38:06 [INFO] E2E_Teleoperation.E2E_RL.sac_training_algorithm - [Stage3_SAC] Step 32000 | critic_loss: 0.7204 | q1_mean: 220.5556 | actor_loss: -21.2702 | bc_loss: 0.6544 | alpha_loss: 71.0114 | alpha: 0.0663
2025-12-12 17:38:07 [INFO] E2E_Teleoperation.E2E_RL.sac_training_algorithm - [Stage3_SAC] Step 32100 | critic_loss: 2.4835 | q1_mean: 210.6442 | actor_loss: -20.2841 | bc_loss: 0.5673 | alpha_loss: 74.7629 | alpha: 0.0673
2025-12-12 17:38:10 [INFO] E2E_Teleoperation.E2E_RL.sac_training_algorithm - [Stage3_SAC] Step 32200 | critic_loss: 0.4876 | q1_mean: 213.7932 | actor_loss: -20.4958 | bc_loss: 0.6412 | alpha_loss: 72.5279 | alpha: 0.0683
2025-12-12 17:38:11 [INFO] E2E_Teleoperation.E2E_RL.sac_training_algorithm - [Stage3_SAC] Step 32300 | critic_loss: 0.5120 | q1_mean: 220.6483 | actor_loss: -20.9604 | bc_loss: 0.8932 | alpha_loss: 70.4073 | alpha: 0.0693
2025-12-12 17:38:13 [INFO] E2E_Teleoperation.E2E_RL.sac_training_algorithm - [Stage3_SAC] Step 32400 | critic_loss: 1.0474 | q1_mean: 223.9478 | actor_loss: -21.2881 | bc_loss: 0.8433 | alpha_loss: 71.4340 | alpha: 0.0703
2025-12-12 17:38:15 [INFO] E2E_Teleoperation.E2E_RL.sac_training_algorithm - [Stage3_SAC] Step 32500 | critic_loss: 0.6493 | q1_mean: 223.9488 | actor_loss: -21.6477 | bc_loss: 0.5366 | alpha_loss: 70.3900 | alpha: 0.0713
2025-12-12 17:38:17 [INFO] E2E_Teleoperation.E2E_RL.sac_training_algorithm - [Stage3_SAC] Step 32600 | critic_loss: 0.4946 | q1_mean: 223.3242 | actor_loss: -21.4850 | bc_loss: 0.6888 | alpha_loss: 68.0761 | alpha: 0.0724
2025-12-12 17:38:19 [INFO] E2E_Teleoperation.E2E_RL.sac_training_algorithm - [Stage3_SAC] Step 32700 | critic_loss: 1.2741 | q1_mean: 218.0210 | actor_loss: -21.0538 | bc_loss: 0.5966 | alpha_loss: 70.6719 | alpha: 0.0734
2025-12-12 17:38:21 [INFO] E2E_Teleoperation.E2E_RL.sac_training_algorithm - [Stage3_SAC] Step 32800 | critic_loss: 1.9831 | q1_mean: 223.2421 | actor_loss: -21.4803 | bc_loss: 0.6298 | alpha_loss: 68.5396 | alpha: 0.0745
2025-12-12 17:38:22 [INFO] E2E_Teleoperation.E2E_RL.sac_training_algorithm - [Stage3_SAC] Step 32900 | critic_loss: 1.6257 | q1_mean: 224.4080 | actor_loss: -21.6057 | bc_loss: 0.6305 | alpha_loss: 70.0936 | alpha: 0.0756
2025-12-12 17:38:25 [INFO] E2E_Teleoperation.E2E_RL.sac_training_algorithm - [Stage3_SAC] Step 33000 | critic_loss: 0.7565 | q1_mean: 218.9750 | actor_loss: -20.8552 | bc_loss: 0.8208 | alpha_loss: 66.7874 | alpha: 0.0767
2025-12-12 17:38:26 [INFO] E2E_Teleoperation.E2E_RL.sac_training_algorithm - [Stage3_SAC] Step 33100 | critic_loss: 4.0696 | q1_mean: 223.9957 | actor_loss: -21.7198 | bc_loss: 0.5006 | alpha_loss: 67.6500 | alpha: 0.0778
2025-12-12 17:38:28 [INFO] E2E_Teleoperation.E2E_RL.sac_training_algorithm - [Stage3_SAC] Step 33200 | critic_loss: 0.8612 | q1_mean: 229.3031 | actor_loss: -22.0338 | bc_loss: 0.7043 | alpha_loss: 67.3686 | alpha: 0.0790
2025-12-12 17:38:30 [INFO] E2E_Teleoperation.E2E_RL.sac_training_algorithm - [Stage3_SAC] Step 33300 | critic_loss: 2.8611 | q1_mean: 227.1346 | actor_loss: -21.9002 | bc_loss: 0.5651 | alpha_loss: 66.1935 | alpha: 0.0801
2025-12-12 17:38:32 [INFO] E2E_Teleoperation.E2E_RL.sac_training_algorithm - [Stage3_SAC] Step 33400 | critic_loss: 2.7226 | q1_mean: 229.6763 | actor_loss: -22.0510 | bc_loss: 0.6948 | alpha_loss: 68.5927 | alpha: 0.0813
2025-12-12 17:38:34 [INFO] E2E_Teleoperation.E2E_RL.sac_training_algorithm - [Stage3_SAC] Step 33500 | critic_loss: 1.1561 | q1_mean: 235.7085 | actor_loss: -22.8360 | bc_loss: 0.4986 | alpha_loss: 65.8217 | alpha: 0.0825
2025-12-12 17:38:35 [INFO] E2E_Teleoperation.E2E_RL.sac_training_algorithm - [Stage3_SAC] Step 33600 | critic_loss: 1.2537 | q1_mean: 223.4584 | actor_loss: -21.5494 | bc_loss: 0.6311 | alpha_loss: 67.4269 | alpha: 0.0837
2025-12-12 17:38:38 [INFO] E2E_Teleoperation.E2E_RL.sac_training_algorithm - [Stage3_SAC] Step 33700 | critic_loss: 5.9283 | q1_mean: 235.0447 | actor_loss: -21.4918 | bc_loss: 1.7673 | alpha_loss: 64.5083 | alpha: 0.0849
2025-12-12 17:38:39 [INFO] E2E_Teleoperation.E2E_RL.sac_training_algorithm - [Stage3_SAC] Step 33800 | critic_loss: 1.4206 | q1_mean: 227.3900 | actor_loss: -21.9088 | bc_loss: 0.6019 | alpha_loss: 64.7833 | alpha: 0.0861
2025-12-12 17:38:42 [INFO] E2E_Teleoperation.E2E_RL.sac_training_algorithm - [Stage3_SAC] Step 33900 | critic_loss: 1.2522 | q1_mean: 228.2591 | actor_loss: -22.0662 | bc_loss: 0.5124 | alpha_loss: 64.0779 | alpha: 0.0874
2025-12-12 17:38:43 [INFO] E2E_Teleoperation.E2E_RL.sac_training_algorithm - [Stage3_SAC] Step 34000 | critic_loss: 1.3669 | q1_mean: 234.6534 | actor_loss: -22.6066 | bc_loss: 0.6442 | alpha_loss: 65.4236 | alpha: 0.0887
2025-12-12 17:38:46 [INFO] E2E_Teleoperation.E2E_RL.sac_training_algorithm - [Stage3_SAC] Step 34100 | critic_loss: 1.6343 | q1_mean: 229.8961 | actor_loss: -22.1226 | bc_loss: 0.6185 | alpha_loss: 62.3775 | alpha: 0.0900
2025-12-12 17:38:47 [INFO] E2E_Teleoperation.E2E_RL.sac_training_algorithm - [Stage3_SAC] Step 34200 | critic_loss: 1.4506 | q1_mean: 233.7896 | actor_loss: -22.6080 | bc_loss: 0.5897 | alpha_loss: 62.9441 | alpha: 0.0913
2025-12-12 17:38:50 [INFO] E2E_Teleoperation.E2E_RL.sac_training_algorithm - [Stage3_SAC] Step 34300 | critic_loss: 1.0938 | q1_mean: 238.4172 | actor_loss: -23.0584 | bc_loss: 0.5789 | alpha_loss: 60.6908 | alpha: 0.0926
2025-12-12 17:38:52 [INFO] E2E_Teleoperation.E2E_RL.sac_training_algorithm - [Stage3_SAC] Step 34400 | critic_loss: 4.7512 | q1_mean: 235.5976 | actor_loss: -22.7502 | bc_loss: 0.5725 | alpha_loss: 61.0130 | alpha: 0.0940
2025-12-12 17:38:54 [INFO] E2E_Teleoperation.E2E_RL.sac_training_algorithm - [Stage3_SAC] Step 34500 | critic_loss: 1.0568 | q1_mean: 228.6327 | actor_loss: -21.8060 | bc_loss: 0.7385 | alpha_loss: 58.7469 | alpha: 0.0954
2025-12-12 17:38:55 [INFO] E2E_Teleoperation.E2E_RL.sac_training_algorithm - [Stage3_SAC] Step 34600 | critic_loss: 1.4892 | q1_mean: 239.4529 | actor_loss: -22.8072 | bc_loss: 0.9025 | alpha_loss: 58.4305 | alpha: 0.0968
2025-12-12 17:38:57 [INFO] E2E_Teleoperation.E2E_RL.sac_training_algorithm - [Stage3_SAC] Step 34700 | critic_loss: 1.6468 | q1_mean: 236.8891 | actor_loss: -22.8559 | bc_loss: 0.6063 | alpha_loss: 60.3537 | alpha: 0.0982
2025-12-12 17:39:00 [INFO] E2E_Teleoperation.E2E_RL.sac_training_algorithm - [Stage3_SAC] Step 34800 | critic_loss: 1.9508 | q1_mean: 239.7908 | actor_loss: -23.0923 | bc_loss: 0.5709 | alpha_loss: 57.9077 | alpha: 0.0996
2025-12-12 17:39:01 [INFO] E2E_Teleoperation.E2E_RL.sac_training_algorithm - [Stage3_SAC] Step 34900 | critic_loss: 2.2500 | q1_mean: 238.7420 | actor_loss: -23.0008 | bc_loss: 0.6479 | alpha_loss: 59.9327 | alpha: 0.1010
2025-12-12 17:39:03 [WARNING] __main__ - Training interrupted by user.
