[0.069s] Invoking command in '/media/kai/Kai_Backup/Master_Study/Master_Thesis/Implementation/libfranka_ws/build/franka_description': CMAKE_PREFIX_PATH=${CMAKE_PREFIX_PATH}:/media/kai/Kai_Backup/Master_Study/Master_Thesis/Implementation/libfranka_ws/install/Hierarchical_Reinforcement_Learning_for_Adaptive_Control_Under_Stochastic_Network_Delays:/media/kai/Kai_Backup/Master_Study/Master_Thesis/Implementation/libfranka_ws/install/Reinforcement_Learning_In_Teleoperation:/opt/ros/humble /usr/bin/cmake /media/kai/Kai_Backup/Master_Study/Master_Thesis/Implementation/libfranka_ws/src/multipanda_ros2/franka_description -DAMENT_CMAKE_SYMLINK_INSTALL=1 -DCMAKE_INSTALL_PREFIX=/media/kai/Kai_Backup/Master_Study/Master_Thesis/Implementation/libfranka_ws/install/franka_description
[0.862s] -- The C compiler identification is GNU 11.4.0
[0.862s] -- The CXX compiler identification is GNU 11.4.0
[0.862s] -- Detecting C compiler ABI info
[0.863s] -- Detecting C compiler ABI info - done
[0.863s] -- Check for working C compiler: /usr/bin/cc - skipped
[0.863s] -- Detecting C compile features
[0.863s] -- Detecting C compile features - done
[0.863s] -- Detecting CXX compiler ABI info
[1.122s] -- Detecting CXX compiler ABI info - done
[1.185s] -- Check for working CXX compiler: /usr/bin/c++ - skipped
[1.185s] -- Detecting CXX compile features
[1.186s] -- Detecting CXX compile features - done
[1.206s] -- Found ament_cmake: 1.3.12 (/opt/ros/humble/share/ament_cmake/cmake)
[1.779s] -- Found Python3: /usr/bin/python3 (found version "3.10.12") found components: Interpreter 
[1.959s] -- Override CMake install command with custom implementation using symlinks instead of copying resources
[2.185s] [31mCMake Error at CMakeLists.txt:7 (find_package):
[2.185s]   By not providing "Findament_lint_auto.cmake" in CMAKE_MODULE_PATH this
[2.185s]   project has asked CMake to find a package configuration file provided by
[2.185s]   "ament_lint_auto", but CMake did not find one.
[2.186s] 
[2.186s]   Could not find a package configuration file provided by "ament_lint_auto"
[2.186s]   with any of the following names:
[2.186s] 
[2.187s]     ament_lint_autoConfig.cmake
[2.187s]     ament_lint_auto-config.cmake
[2.187s] 
[2.187s]   Add the installation prefix of "ament_lint_auto" to CMAKE_PREFIX_PATH or
[2.187s]   set "ament_lint_auto_DIR" to a directory containing one of the above files.
[2.188s]   If "ament_lint_auto" provides a separate development package or SDK, be
[2.188s]   sure it has been installed.
[2.188s] 
[2.188s] [0m
[2.189s] -- Configuring incomplete, errors occurred!
[2.189s] See also "/media/kai/Kai_Backup/Master_Study/Master_Thesis/Implementation/libfranka_ws/build/franka_description/CMakeFiles/CMakeOutput.log".
[2.209s] Invoked command in '/media/kai/Kai_Backup/Master_Study/Master_Thesis/Implementation/libfranka_ws/build/franka_description' returned '1': CMAKE_PREFIX_PATH=${CMAKE_PREFIX_PATH}:/media/kai/Kai_Backup/Master_Study/Master_Thesis/Implementation/libfranka_ws/install/Hierarchical_Reinforcement_Learning_for_Adaptive_Control_Under_Stochastic_Network_Delays:/media/kai/Kai_Backup/Master_Study/Master_Thesis/Implementation/libfranka_ws/install/Reinforcement_Learning_In_Teleoperation:/opt/ros/humble /usr/bin/cmake /media/kai/Kai_Backup/Master_Study/Master_Thesis/Implementation/libfranka_ws/src/multipanda_ros2/franka_description -DAMENT_CMAKE_SYMLINK_INSTALL=1 -DCMAKE_INSTALL_PREFIX=/media/kai/Kai_Backup/Master_Study/Master_Thesis/Implementation/libfranka_ws/install/franka_description
