[  0%] [34m[1mGenerating C++ code for ROS interfaces[0m
[  0%] Built target multi_mode_control_msgs__cpp
[  0%] Built target ament_cmake_python_symlink_multi_mode_control_msgs
[  0%] [34m[1mGenerating C++ introspection for ROS interfaces[0m
[  1%] [32mBuilding CXX object CMakeFiles/multi_mode_control_msgs__rosidl_typesupport_introspection_cpp.dir/rosidl_typesupport_introspection_cpp/multi_mode_control_msgs/msg/detail/cartesian_impedance_goal__type_support.cpp.o[0m
[  1%] [32mBuilding CXX object CMakeFiles/multi_mode_control_msgs__rosidl_typesupport_introspection_cpp.dir/rosidl_typesupport_introspection_cpp/multi_mode_control_msgs/msg/detail/wrench__type_support.cpp.o[0m
[  2%] [32mBuilding CXX object CMakeFiles/multi_mode_control_msgs__rosidl_typesupport_introspection_cpp.dir/rosidl_typesupport_introspection_cpp/multi_mode_control_msgs/srv/detail/get_controllers__type_support.cpp.o[0m
[  2%] [32mBuilding CXX object CMakeFiles/multi_mode_control_msgs__rosidl_typesupport_introspection_cpp.dir/rosidl_typesupport_introspection_cpp/multi_mode_control_msgs/srv/detail/get_robot_states__type_support.cpp.o[0m
[  3%] [32mBuilding CXX object CMakeFiles/multi_mode_control_msgs__rosidl_typesupport_introspection_cpp.dir/rosidl_typesupport_introspection_cpp/multi_mode_control_msgs/srv/detail/set_cartesian_impedance__type_support.cpp.o[0m
[  4%] [32mBuilding CXX object CMakeFiles/multi_mode_control_msgs__rosidl_typesupport_introspection_cpp.dir/rosidl_typesupport_introspection_cpp/multi_mode_control_msgs/srv/detail/set_controllers__type_support.cpp.o[0m
[  4%] [32mBuilding CXX object CMakeFiles/multi_mode_control_msgs__rosidl_typesupport_introspection_cpp.dir/rosidl_typesupport_introspection_cpp/multi_mode_control_msgs/srv/detail/set_joint_impedance__type_support.cpp.o[0m
[  5%] [32mBuilding CXX object CMakeFiles/multi_mode_control_msgs__rosidl_typesupport_introspection_cpp.dir/rosidl_typesupport_introspection_cpp/multi_mode_control_msgs/srv/detail/set_recovery_mode__type_support.cpp.o[0m
[  6%] [32mBuilding CXX object CMakeFiles/multi_mode_control_msgs__rosidl_typesupport_introspection_cpp.dir/rosidl_typesupport_introspection_cpp/multi_mode_control_msgs/srv/detail/set_reflex__type_support.cpp.o[0m
[  6%] [32mBuilding CXX object CMakeFiles/multi_mode_control_msgs__rosidl_typesupport_introspection_cpp.dir/rosidl_typesupport_introspection_cpp/multi_mode_control_msgs/srv/detail/set_thresholds__type_support.cpp.o[0m
[  7%] [32mBuilding CXX object CMakeFiles/multi_mode_control_msgs__rosidl_typesupport_introspection_cpp.dir/rosidl_typesupport_introspection_cpp/multi_mode_control_msgs/srv/detail/set_world_state__type_support.cpp.o[0m
[  8%] [32mBuilding CXX object CMakeFiles/multi_mode_control_msgs__rosidl_typesupport_introspection_cpp.dir/rosidl_typesupport_introspection_cpp/multi_mode_control_msgs/msg/detail/velocity_goal__type_support.cpp.o[0m
[  9%] [32mBuilding CXX object CMakeFiles/multi_mode_control_msgs__rosidl_typesupport_introspection_cpp.dir/rosidl_typesupport_introspection_cpp/multi_mode_control_msgs/msg/detail/joint_goal__type_support.cpp.o[0m
[  9%] [32mBuilding CXX object CMakeFiles/multi_mode_control_msgs__rosidl_typesupport_introspection_cpp.dir/rosidl_typesupport_introspection_cpp/multi_mode_control_msgs/msg/detail/joint_array__type_support.cpp.o[0m
[ 10%] [32mBuilding CXX object CMakeFiles/multi_mode_control_msgs__rosidl_typesupport_introspection_cpp.dir/rosidl_typesupport_introspection_cpp/multi_mode_control_msgs/msg/detail/controller__type_support.cpp.o[0m
[ 11%] [32mBuilding CXX object CMakeFiles/multi_mode_control_msgs__rosidl_typesupport_introspection_cpp.dir/rosidl_typesupport_introspection_cpp/multi_mode_control_msgs/msg/detail/contact_thresholds__type_support.cpp.o[0m
[ 11%] [32mBuilding CXX object CMakeFiles/multi_mode_control_msgs__rosidl_typesupport_introspection_cpp.dir/rosidl_typesupport_introspection_cpp/multi_mode_control_msgs/msg/detail/dual_cartesian_impedance_goal__type_support.cpp.o[0m
[ 12%] [32m[1mLinking CXX shared library libmulti_mode_control_msgs__rosidl_typesupport_introspection_cpp.so[0m
[ 12%] Built target multi_mode_control_msgs__rosidl_typesupport_introspection_cpp
running egg_info
creating multi_mode_control_msgs.egg-info
writing multi_mode_control_msgs.egg-info/PKG-INFO
writing dependency_links to multi_mode_control_msgs.egg-info/dependency_links.txt
writing top-level names to multi_mode_control_msgs.egg-info/top_level.txt
writing manifest file 'multi_mode_control_msgs.egg-info/SOURCES.txt'
reading manifest file 'multi_mode_control_msgs.egg-info/SOURCES.txt'
writing manifest file 'multi_mode_control_msgs.egg-info/SOURCES.txt'
[ 12%] Built target ament_cmake_python_build_multi_mode_control_msgs_egg
[ 13%] [34m[1mGenerating C++ type support for eProsima Fast-RTPS[0m
