[0.055s] Invoking command in '/media/kai/Kai_Backup/Master_Study/Master_Thesis/Implementation/libfranka_ws/build/multi_mode_control_msgs': AMENT_PREFIX_PATH=/media/kai/Kai_Backup/Master_Study/Master_Thesis/Implementation/libfranka_ws/install/franka_msgs:${AMENT_PREFIX_PATH} CMAKE_PREFIX_PATH=/media/kai/Kai_Backup/Master_Study/Master_Thesis/Implementation/libfranka_ws/install/franka_msgs:/home/kai/Libraries/mujoco/lib/cmake:/home/kai/Libraries/libfranka/lib/cmake:/opt/ros/humble LD_LIBRARY_PATH=/media/kai/Kai_Backup/Master_Study/Master_Thesis/Implementation/libfranka_ws/install/franka_msgs/lib:/opt/ros/humble/opt/rviz_ogre_vendor/lib:/opt/ros/humble/lib/x86_64-linux-gnu:/opt/ros/humble/lib:/home/kai/Libraries/libfranka/lib:/home/kai/Libraries/mujoco/lib:/home/kai/Libraries/mujoco/lib PYTHONPATH=/media/kai/Kai_Backup/Master_Study/Master_Thesis/Implementation/libfranka_ws/install/franka_msgs/local/lib/python3.10/dist-packages:${PYTHONPATH} /usr/bin/cmake --build /media/kai/Kai_Backup/Master_Study/Master_Thesis/Implementation/libfranka_ws/build/multi_mode_control_msgs -- -j12 -l12
[0.160s] [  0%] [34m[1mGenerating C++ code for ROS interfaces[0m
[2.900s] [  0%] Built target multi_mode_control_msgs__cpp
[2.940s] [  0%] Built target ament_cmake_python_symlink_multi_mode_control_msgs
[2.950s] [  0%] [34m[1mGenerating C++ introspection for ROS interfaces[0m
[4.546s] [  1%] [32mBuilding CXX object CMakeFiles/multi_mode_control_msgs__rosidl_typesupport_introspection_cpp.dir/rosidl_typesupport_introspection_cpp/multi_mode_control_msgs/msg/detail/cartesian_impedance_goal__type_support.cpp.o[0m
[4.989s] [  1%] [32mBuilding CXX object CMakeFiles/multi_mode_control_msgs__rosidl_typesupport_introspection_cpp.dir/rosidl_typesupport_introspection_cpp/multi_mode_control_msgs/msg/detail/wrench__type_support.cpp.o[0m
[5.475s] [  2%] [32mBuilding CXX object CMakeFiles/multi_mode_control_msgs__rosidl_typesupport_introspection_cpp.dir/rosidl_typesupport_introspection_cpp/multi_mode_control_msgs/srv/detail/get_controllers__type_support.cpp.o[0m
[6.056s] [  2%] [32mBuilding CXX object CMakeFiles/multi_mode_control_msgs__rosidl_typesupport_introspection_cpp.dir/rosidl_typesupport_introspection_cpp/multi_mode_control_msgs/srv/detail/get_robot_states__type_support.cpp.o[0m
[6.632s] [  3%] [32mBuilding CXX object CMakeFiles/multi_mode_control_msgs__rosidl_typesupport_introspection_cpp.dir/rosidl_typesupport_introspection_cpp/multi_mode_control_msgs/srv/detail/set_cartesian_impedance__type_support.cpp.o[0m
[7.120s] [  4%] [32mBuilding CXX object CMakeFiles/multi_mode_control_msgs__rosidl_typesupport_introspection_cpp.dir/rosidl_typesupport_introspection_cpp/multi_mode_control_msgs/srv/detail/set_controllers__type_support.cpp.o[0m
[7.677s] [  4%] [32mBuilding CXX object CMakeFiles/multi_mode_control_msgs__rosidl_typesupport_introspection_cpp.dir/rosidl_typesupport_introspection_cpp/multi_mode_control_msgs/srv/detail/set_joint_impedance__type_support.cpp.o[0m
[8.033s] [  5%] [32mBuilding CXX object CMakeFiles/multi_mode_control_msgs__rosidl_typesupport_introspection_cpp.dir/rosidl_typesupport_introspection_cpp/multi_mode_control_msgs/srv/detail/set_recovery_mode__type_support.cpp.o[0m
[8.557s] [  6%] [32mBuilding CXX object CMakeFiles/multi_mode_control_msgs__rosidl_typesupport_introspection_cpp.dir/rosidl_typesupport_introspection_cpp/multi_mode_control_msgs/srv/detail/set_reflex__type_support.cpp.o[0m
[9.056s] [  6%] [32mBuilding CXX object CMakeFiles/multi_mode_control_msgs__rosidl_typesupport_introspection_cpp.dir/rosidl_typesupport_introspection_cpp/multi_mode_control_msgs/srv/detail/set_thresholds__type_support.cpp.o[0m
[9.680s] [  7%] [32mBuilding CXX object CMakeFiles/multi_mode_control_msgs__rosidl_typesupport_introspection_cpp.dir/rosidl_typesupport_introspection_cpp/multi_mode_control_msgs/srv/detail/set_world_state__type_support.cpp.o[0m
[10.233s] [  8%] [32mBuilding CXX object CMakeFiles/multi_mode_control_msgs__rosidl_typesupport_introspection_cpp.dir/rosidl_typesupport_introspection_cpp/multi_mode_control_msgs/msg/detail/velocity_goal__type_support.cpp.o[0m
[10.693s] [  9%] [32mBuilding CXX object CMakeFiles/multi_mode_control_msgs__rosidl_typesupport_introspection_cpp.dir/rosidl_typesupport_introspection_cpp/multi_mode_control_msgs/msg/detail/joint_goal__type_support.cpp.o[0m
[11.235s] [  9%] [32mBuilding CXX object CMakeFiles/multi_mode_control_msgs__rosidl_typesupport_introspection_cpp.dir/rosidl_typesupport_introspection_cpp/multi_mode_control_msgs/msg/detail/joint_array__type_support.cpp.o[0m
[11.783s] [ 10%] [32mBuilding CXX object CMakeFiles/multi_mode_control_msgs__rosidl_typesupport_introspection_cpp.dir/rosidl_typesupport_introspection_cpp/multi_mode_control_msgs/msg/detail/controller__type_support.cpp.o[0m
[12.344s] [ 11%] [32mBuilding CXX object CMakeFiles/multi_mode_control_msgs__rosidl_typesupport_introspection_cpp.dir/rosidl_typesupport_introspection_cpp/multi_mode_control_msgs/msg/detail/contact_thresholds__type_support.cpp.o[0m
[12.928s] [ 11%] [32mBuilding CXX object CMakeFiles/multi_mode_control_msgs__rosidl_typesupport_introspection_cpp.dir/rosidl_typesupport_introspection_cpp/multi_mode_control_msgs/msg/detail/dual_cartesian_impedance_goal__type_support.cpp.o[0m
[13.384s] [ 12%] [32m[1mLinking CXX shared library libmulti_mode_control_msgs__rosidl_typesupport_introspection_cpp.so[0m
[13.492s] [ 12%] Built target multi_mode_control_msgs__rosidl_typesupport_introspection_cpp
[13.871s] running egg_info
[13.872s] creating multi_mode_control_msgs.egg-info
[13.872s] writing multi_mode_control_msgs.egg-info/PKG-INFO
[13.872s] writing dependency_links to multi_mode_control_msgs.egg-info/dependency_links.txt
[13.872s] writing top-level names to multi_mode_control_msgs.egg-info/top_level.txt
[13.873s] writing manifest file 'multi_mode_control_msgs.egg-info/SOURCES.txt'
[13.875s] reading manifest file 'multi_mode_control_msgs.egg-info/SOURCES.txt'
[13.876s] writing manifest file 'multi_mode_control_msgs.egg-info/SOURCES.txt'
[13.904s] [ 12%] Built target ament_cmake_python_build_multi_mode_control_msgs_egg
[13.919s] [ 13%] [34m[1mGenerating C++ type support for eProsima Fast-RTPS[0m
[14.880s] Traceback (most recent call last):
[14.880s]   File "/opt/ros/humble/lib/rosidl_typesupport_fastrtps_cpp/rosidl_typesupport_fastrtps_cpp", line 23, in <module>
[14.880s] gmake[2]: *** Deleting file 'rosidl_typesupport_fastrtps_cpp/multi_mode_control_msgs/msg/detail/dds_fastrtps/cartesian_impedance_goal__type_support.cpp'
[14.880s]     sys.exit(main())
[14.880s]   File "/opt/ros/humble/lib/rosidl_typesupport_fastrtps_cpp/rosidl_typesupport_fastrtps_cpp", line 19, in main
[14.880s]     generate_cpp(args.generator_arguments_file)
[14.880s]   File "/opt/ros/humble/local/lib/python3.10/dist-packages/rosidl_typesupport_fastrtps_cpp/__init__.py", line 24, in generate_cpp
[14.880s]     return generate_files(generator_arguments_file, mapping)
[14.880s]   File "/opt/ros/humble/local/lib/python3.10/dist-packages/rosidl_cmake/__init__.py", line 87, in generate_files
[14.880s]     expand_template(
[14.881s]   File "/opt/ros/humble/local/lib/python3.10/dist-packages/rosidl_cmake/__init__.py", line 149, in expand_template
[14.881s]     interpreter.string(template_content, template_path, locals=data)
[14.881s]   File "/usr/lib/python3/dist-packages/em.py", line 2391, in string
[14.882s]     self.safe(scanner, True, locals)
[14.882s]   File "/usr/lib/python3/dist-packages/em.py", line 2401, in safe
[14.882s]     self.parse(scanner, locals)
[14.883s]   File "/usr/lib/python3/dist-packages/em.py", line 2421, in parse
[14.883s]     token.run(self, locals)
[14.883s]   File "/usr/lib/python3/dist-packages/em.py", line 1425, in run
[14.883s]     interpreter.execute(self.code, locals)
[14.883s]   File "/usr/lib/python3/dist-packages/em.py", line 2596, in execute
[14.883s]     _exec(statements, self.globals, locals)
[14.883s]   File "<string>", line 21, in <module>
[14.883s]   File "/opt/ros/humble/local/lib/python3.10/dist-packages/rosidl_cmake/__init__.py", line 198, in _expand_template
[14.884s]     interpreter.string(content, str(template_path), kwargs)
[14.884s]   File "/usr/lib/python3/dist-packages/em.py", line 2391, in string
[14.884s]     self.safe(scanner, True, locals)
[14.884s]   File "/usr/lib/python3/dist-packages/em.py", line 2401, in safe
[14.884s]     self.parse(scanner, locals)
[14.884s]   File "/usr/lib/python3/dist-packages/em.py", line 2421, in parse
[14.884s]     token.run(self, locals)
[14.884s]   File "/usr/lib/python3/dist-packages/em.py", line 1425, in run
[14.885s]     interpreter.execute(self.code, locals)
[14.885s]   File "/usr/lib/python3/dist-packages/em.py", line 2596, in execute
[14.885s]     _exec(statements, self.globals, locals)
[14.885s]   File "<string>", line 2, in <module>
[14.885s]   File "/opt/ros/humble/local/lib/python3.10/dist-packages/rosidl_cmake/__init__.py", line 198, in _expand_template
[14.885s]     interpreter.string(content, str(template_path), kwargs)
[14.885s]   File "/usr/lib/python3/dist-packages/em.py", line 2391, in string
[14.885s]     self.safe(scanner, True, locals)
[14.886s]   File "/usr/lib/python3/dist-packages/em.py", line 2401, in safe
[14.886s]     self.parse(scanner, locals)
[14.886s]   File "/usr/lib/python3/dist-packages/em.py", line 2417, in parse
[14.886s]     token = scanner.one()
[14.886s]   File "/usr/lib/python3/dist-packages/em.py", line 1984, in one
[14.887s]     token.scan(self)
[14.887s]   File "/usr/lib/python3/dist-packages/em.py", line 1315, in scan
[14.887s]     i = scanner.next('?', 0, q, True)
[14.887s]   File "/usr/lib/python3/dist-packages/em.py", line 1818, in next
[14.887s]     newQuote = self.check(i, quote)
[14.887s]   File "/usr/lib/python3/dist-packages/em.py", line 1766, in check
[14.888s]     if self[i] in '\'\"':
[14.888s]   File "/usr/lib/python3/dist-packages/em.py", line 1683, in __getitem__
[14.888s]     if isinstance(index, slice):
[14.888s] KeyboardInterrupt
[14.901s] Exception ignored in: <function Interpreter.__del__ at 0x7f8fa29a3eb0>
[14.901s] Traceback (most recent call last):
[14.901s]   File "/usr/lib/python3/dist-packages/em.py", line 2094, in __del__
[14.901s]   File "/usr/lib/python3/dist-packages/em.py", line 2157, in shutdown
[14.901s]   File "/usr/lib/python3/dist-packages/em.py", line 2647, in finalize
[14.901s]   File "/usr/lib/python3/dist-packages/em.py", line 2200, in push
[14.901s] AttributeError: '_io.TextIOWrapper' object has no attribute 'push'
[14.912s] gmake[2]: *** [CMakeFiles/multi_mode_control_msgs__rosidl_typesupport_fastrtps_cpp.dir/build.make:183: rosidl_typesupport_fastrtps_cpp/multi_mode_control_msgs/msg/detail/dds_fastrtps/cartesian_impedance_goal__type_support.cpp] Interrupt
[14.915s] gmake[1]: *** [CMakeFiles/Makefile2:290: CMakeFiles/multi_mode_control_msgs__rosidl_typesupport_fastrtps_cpp.dir/all] Interrupt
[14.915s] gmake: *** [Makefile:146: all] Interrupt
