-- Found ament_cmake: 1.3.12 (/opt/ros/humble/share/ament_cmake/cmake)
-- Found rosidl_default_generators: 1.2.0 (/opt/ros/humble/share/rosidl_default_generators/cmake)
-- Using all available rosidl_typesupport_c: rosidl_typesupport_fastrtps_c;rosidl_typesupport_introspection_c
-- Found rosidl_adapter: 3.1.7 (/opt/ros/humble/share/rosidl_adapter/cmake)
-- Using all available rosidl_typesupport_cpp: rosidl_typesupport_fastrtps_cpp;rosidl_typesupport_introspection_cpp
-- Found std_msgs: 4.9.0 (/opt/ros/humble/share/std_msgs/cmake)
-- Found geometry_msgs: 4.9.0 (/opt/ros/humble/share/geometry_msgs/cmake)
[31mCMake Error at cmake/Ros2.cmake:5 (find_package):
  By not providing "Findactionlib_msgs.cmake" in CMAKE_MODULE_PATH this
  project has asked CMake to find a package configuration file provided by
  "actionlib_msgs", but CMake did not find one.

  Could not find a package configuration file provided by "actionlib_msgs"
  with any of the following names:

    actionlib_msgsConfig.cmake
    actionlib_msgs-config.cmake

  Add the installation prefix of "actionlib_msgs" to CMAKE_PREFIX_PATH or set
  "actionlib_msgs_DIR" to a directory containing one of the above files.  If
  "actionlib_msgs" provides a separate development package or SDK, be sure it
  has been installed.
Call Stack (most recent call first):
  CMakeLists.txt:15 (include)

[0m
-- Configuring incomplete, errors occurred!
See also "/media/kai/Kai_Backup/Master_Study/Master_Thesis/Implementation/libfranka_ws/build/mujoco_ros_msgs/CMakeFiles/CMakeOutput.log".
