[  0%] [34m[1mGenerating C code for ROS interfaces[0m
[  0%] Built target multi_mode_control_msgs__cpp
[  1%] [34m[1mGenerating C++ type support for eProsima Fast-RTPS[0m
[  2%] [34m[1mGenerating C++ type support dispatch for ROS interfaces[0m
[35m[1mConsolidate compiler generated dependencies of target multi_mode_control_msgs__rosidl_typesupport_introspection_cpp[0m
[  2%] Built target ament_cmake_python_symlink_multi_mode_control_msgs
[ 14%] Built target multi_mode_control_msgs__rosidl_typesupport_introspection_cpp
running egg_info
writing multi_mode_control_msgs.egg-info/PKG-INFO
writing dependency_links to multi_mode_control_msgs.egg-info/dependency_links.txt
writing top-level names to multi_mode_control_msgs.egg-info/top_level.txt
reading manifest file 'multi_mode_control_msgs.egg-info/SOURCES.txt'
writing manifest file 'multi_mode_control_msgs.egg-info/SOURCES.txt'
[ 14%] Built target ament_cmake_python_build_multi_mode_control_msgs_egg
[ 14%] [32mBuilding CXX object CMakeFiles/multi_mode_control_msgs__rosidl_typesupport_cpp.dir/rosidl_typesupport_cpp/multi_mode_control_msgs/msg/cartesian_impedance_goal__type_support.cpp.o[0m
[ 15%] [32mBuilding CXX object CMakeFiles/multi_mode_control_msgs__rosidl_typesupport_cpp.dir/rosidl_typesupport_cpp/multi_mode_control_msgs/msg/dual_cartesian_impedance_goal__type_support.cpp.o[0m
[ 16%] [32mBuilding CXX object CMakeFiles/multi_mode_control_msgs__rosidl_typesupport_cpp.dir/rosidl_typesupport_cpp/multi_mode_control_msgs/msg/contact_thresholds__type_support.cpp.o[0m
[ 16%] [32mBuilding CXX object CMakeFiles/multi_mode_control_msgs__rosidl_typesupport_cpp.dir/rosidl_typesupport_cpp/multi_mode_control_msgs/msg/controller__type_support.cpp.o[0m
[ 17%] [32mBuilding CXX object CMakeFiles/multi_mode_control_msgs__rosidl_typesupport_cpp.dir/rosidl_typesupport_cpp/multi_mode_control_msgs/msg/joint_array__type_support.cpp.o[0m
[ 18%] [32mBuilding CXX object CMakeFiles/multi_mode_control_msgs__rosidl_typesupport_cpp.dir/rosidl_typesupport_cpp/multi_mode_control_msgs/msg/joint_goal__type_support.cpp.o[0m
[ 18%] [32mBuilding CXX object CMakeFiles/multi_mode_control_msgs__rosidl_typesupport_cpp.dir/rosidl_typesupport_cpp/multi_mode_control_msgs/msg/velocity_goal__type_support.cpp.o[0m
[ 19%] [32mBuilding CXX object CMakeFiles/multi_mode_control_msgs__rosidl_typesupport_cpp.dir/rosidl_typesupport_cpp/multi_mode_control_msgs/srv/set_thresholds__type_support.cpp.o[0m
