[1.628s] Invoking command in '/media/kai/Kai_Backup/Master_Study/Master_Thesis/Implementation/libfranka_ws/build/Model_based_Reinforcement_Learning_In_Teleoperation': PYTHONPATH=/media/kai/Kai_Backup/Master_Study/Master_Thesis/Implementation/libfranka_ws/build/Model_based_Reinforcement_Learning_In_Teleoperation/prefix_override:/usr/lib/python3/dist-packages/colcon_core/task/python/colcon_distutils_commands:/media/kai/Kai_Backup/Master_Study/Master_Thesis/Implementation/libfranka_ws/install/Model_based_Reinforcement_Learning_In_Teleoperation/lib/python3.10/site-packages:${PYTHONPATH} /usr/bin/python3 -W ignore:setup.py install is deprecated -W ignore:easy_install command is deprecated setup.py develop --editable --build-directory /media/kai/Kai_Backup/Master_Study/Master_Thesis/Implementation/libfranka_ws/build/Model_based_Reinforcement_Learning_In_Teleoperation/build --no-deps symlink_data
[2.244s] running develop
[2.864s] running egg_info
[2.864s] creating Model_based_Reinforcement_Learning_In_Teleoperation.egg-info
[2.865s] writing Model_based_Reinforcement_Learning_In_Teleoperation.egg-info/PKG-INFO
[2.865s] writing dependency_links to Model_based_Reinforcement_Learning_In_Teleoperation.egg-info/dependency_links.txt
[2.865s] writing entry points to Model_based_Reinforcement_Learning_In_Teleoperation.egg-info/entry_points.txt
[2.866s] writing requirements to Model_based_Reinforcement_Learning_In_Teleoperation.egg-info/requires.txt
[2.867s] writing top-level names to Model_based_Reinforcement_Learning_In_Teleoperation.egg-info/top_level.txt
[2.868s] writing manifest file 'Model_based_Reinforcement_Learning_In_Teleoperation.egg-info/SOURCES.txt'
[2.870s] reading manifest file 'Model_based_Reinforcement_Learning_In_Teleoperation.egg-info/SOURCES.txt'
[2.873s] writing manifest file 'Model_based_Reinforcement_Learning_In_Teleoperation.egg-info/SOURCES.txt'
[2.889s] running build_ext
[2.889s] Creating /media/kai/Kai_Backup/Master_Study/Master_Thesis/Implementation/libfranka_ws/install/Model_based_Reinforcement_Learning_In_Teleoperation/lib/python3.10/site-packages/Model-based-Reinforcement-Learning-In-Teleoperation.egg-link (link to .)
[2.889s] 
[2.889s] Installed /media/kai/Kai_Backup/Master_Study/Master_Thesis/Implementation/libfranka_ws/build/Model_based_Reinforcement_Learning_In_Teleoperation
[2.889s] running symlink_data
[2.889s] creating /media/kai/Kai_Backup/Master_Study/Master_Thesis/Implementation/libfranka_ws/install/Model_based_Reinforcement_Learning_In_Teleoperation/share/ament_index
[2.889s] creating /media/kai/Kai_Backup/Master_Study/Master_Thesis/Implementation/libfranka_ws/install/Model_based_Reinforcement_Learning_In_Teleoperation/share/ament_index/resource_index
[2.889s] creating /media/kai/Kai_Backup/Master_Study/Master_Thesis/Implementation/libfranka_ws/install/Model_based_Reinforcement_Learning_In_Teleoperation/share/ament_index/resource_index/packages
[2.889s] symbolically linking /media/kai/Kai_Backup/Master_Study/Master_Thesis/Implementation/libfranka_ws/build/Model_based_Reinforcement_Learning_In_Teleoperation/resource/Model_based_Reinforcement_Learning_In_Teleoperation -> /media/kai/Kai_Backup/Master_Study/Master_Thesis/Implementation/libfranka_ws/install/Model_based_Reinforcement_Learning_In_Teleoperation/share/ament_index/resource_index/packages
[2.889s] symbolically linking /media/kai/Kai_Backup/Master_Study/Master_Thesis/Implementation/libfranka_ws/build/Model_based_Reinforcement_Learning_In_Teleoperation/package.xml -> /media/kai/Kai_Backup/Master_Study/Master_Thesis/Implementation/libfranka_ws/install/Model_based_Reinforcement_Learning_In_Teleoperation/share/Model_based_Reinforcement_Learning_In_Teleoperation
[2.934s] Invoked command in '/media/kai/Kai_Backup/Master_Study/Master_Thesis/Implementation/libfranka_ws/build/Model_based_Reinforcement_Learning_In_Teleoperation' returned '0': PYTHONPATH=/media/kai/Kai_Backup/Master_Study/Master_Thesis/Implementation/libfranka_ws/build/Model_based_Reinforcement_Learning_In_Teleoperation/prefix_override:/usr/lib/python3/dist-packages/colcon_core/task/python/colcon_distutils_commands:/media/kai/Kai_Backup/Master_Study/Master_Thesis/Implementation/libfranka_ws/install/Model_based_Reinforcement_Learning_In_Teleoperation/lib/python3.10/site-packages:${PYTHONPATH} /usr/bin/python3 -W ignore:setup.py install is deprecated -W ignore:easy_install command is deprecated setup.py develop --editable --build-directory /media/kai/Kai_Backup/Master_Study/Master_Thesis/Implementation/libfranka_ws/build/Model_based_Reinforcement_Learning_In_Teleoperation/build --no-deps symlink_data
