[1.673s] Invoking command in '/media/kai/Kai_Backup/Master_Study/Master_Thesis/Implementation/libfranka_ws/build/Reinforcement_Learning_In_Teleoperation': PYTHONPATH=/media/kai/Kai_Backup/Master_Study/Master_Thesis/Implementation/libfranka_ws/build/Reinforcement_Learning_In_Teleoperation/prefix_override:/usr/lib/python3/dist-packages/colcon_core/task/python/colcon_distutils_commands:/media/kai/Kai_Backup/Master_Study/Master_Thesis/Implementation/libfranka_ws/install/Reinforcement_Learning_In_Teleoperation/lib/python3.10/site-packages:${PYTHONPATH} /usr/bin/python3 -W ignore:setup.py install is deprecated -W ignore:easy_install command is deprecated setup.py develop --editable --build-directory /media/kai/Kai_Backup/Master_Study/Master_Thesis/Implementation/libfranka_ws/build/Reinforcement_Learning_In_Teleoperation/build --no-deps symlink_data
[2.732s] running develop
[3.302s] running egg_info
[3.302s] creating Reinforcement_Learning_In_Teleoperation.egg-info
[3.309s] writing Reinforcement_Learning_In_Teleoperation.egg-info/PKG-INFO
[3.310s] writing dependency_links to Reinforcement_Learning_In_Teleoperation.egg-info/dependency_links.txt
[3.310s] writing entry points to Reinforcement_Learning_In_Teleoperation.egg-info/entry_points.txt
[3.311s] writing requirements to Reinforcement_Learning_In_Teleoperation.egg-info/requires.txt
[3.311s] writing top-level names to Reinforcement_Learning_In_Teleoperation.egg-info/top_level.txt
[3.312s] writing manifest file 'Reinforcement_Learning_In_Teleoperation.egg-info/SOURCES.txt'
[3.315s] reading manifest file 'Reinforcement_Learning_In_Teleoperation.egg-info/SOURCES.txt'
[3.316s] writing manifest file 'Reinforcement_Learning_In_Teleoperation.egg-info/SOURCES.txt'
[3.321s] running build_ext
[3.333s] Creating /media/kai/Kai_Backup/Master_Study/Master_Thesis/Implementation/libfranka_ws/install/Reinforcement_Learning_In_Teleoperation/lib/python3.10/site-packages/Reinforcement-Learning-In-Teleoperation.egg-link (link to .)
[3.334s] Installing agent_node script to /media/kai/Kai_Backup/Master_Study/Master_Thesis/Implementation/libfranka_ws/install/Reinforcement_Learning_In_Teleoperation/lib/Reinforcement_Learning_In_Teleoperation
[3.334s] Installing local_node script to /media/kai/Kai_Backup/Master_Study/Master_Thesis/Implementation/libfranka_ws/install/Reinforcement_Learning_In_Teleoperation/lib/Reinforcement_Learning_In_Teleoperation
[3.334s] Installing remote_node script to /media/kai/Kai_Backup/Master_Study/Master_Thesis/Implementation/libfranka_ws/install/Reinforcement_Learning_In_Teleoperation/lib/Reinforcement_Learning_In_Teleoperation
[3.335s] 
[3.335s] Installed /media/kai/Kai_Backup/Master_Study/Master_Thesis/Implementation/libfranka_ws/build/Reinforcement_Learning_In_Teleoperation
[3.335s] running symlink_data
[3.335s] creating /media/kai/Kai_Backup/Master_Study/Master_Thesis/Implementation/libfranka_ws/install/Reinforcement_Learning_In_Teleoperation/share/ament_index
[3.335s] creating /media/kai/Kai_Backup/Master_Study/Master_Thesis/Implementation/libfranka_ws/install/Reinforcement_Learning_In_Teleoperation/share/ament_index/resource_index
[3.336s] creating /media/kai/Kai_Backup/Master_Study/Master_Thesis/Implementation/libfranka_ws/install/Reinforcement_Learning_In_Teleoperation/share/ament_index/resource_index/packages
[3.337s] symbolically linking /media/kai/Kai_Backup/Master_Study/Master_Thesis/Implementation/libfranka_ws/build/Reinforcement_Learning_In_Teleoperation/resource/Reinforcement_Learning_In_Teleoperation -> /media/kai/Kai_Backup/Master_Study/Master_Thesis/Implementation/libfranka_ws/install/Reinforcement_Learning_In_Teleoperation/share/ament_index/resource_index/packages
[3.337s] symbolically linking /media/kai/Kai_Backup/Master_Study/Master_Thesis/Implementation/libfranka_ws/build/Reinforcement_Learning_In_Teleoperation/package.xml -> /media/kai/Kai_Backup/Master_Study/Master_Thesis/Implementation/libfranka_ws/install/Reinforcement_Learning_In_Teleoperation/share/Reinforcement_Learning_In_Teleoperation
[3.337s] creating /media/kai/Kai_Backup/Master_Study/Master_Thesis/Implementation/libfranka_ws/install/Reinforcement_Learning_In_Teleoperation/share/Reinforcement_Learning_In_Teleoperation/launch
[3.337s] symbolically linking /media/kai/Kai_Backup/Master_Study/Master_Thesis/Implementation/libfranka_ws/build/Reinforcement_Learning_In_Teleoperation/launch/teleoperation.launch.py -> /media/kai/Kai_Backup/Master_Study/Master_Thesis/Implementation/libfranka_ws/install/Reinforcement_Learning_In_Teleoperation/share/Reinforcement_Learning_In_Teleoperation/launch
[3.337s] creating /media/kai/Kai_Backup/Master_Study/Master_Thesis/Implementation/libfranka_ws/install/Reinforcement_Learning_In_Teleoperation/share/Reinforcement_Learning_In_Teleoperation/config
[3.338s] creating /media/kai/Kai_Backup/Master_Study/Master_Thesis/Implementation/libfranka_ws/install/Reinforcement_Learning_In_Teleoperation/share/Reinforcement_Learning_In_Teleoperation/params
[3.460s] Invoked command in '/media/kai/Kai_Backup/Master_Study/Master_Thesis/Implementation/libfranka_ws/build/Reinforcement_Learning_In_Teleoperation' returned '0': PYTHONPATH=/media/kai/Kai_Backup/Master_Study/Master_Thesis/Implementation/libfranka_ws/build/Reinforcement_Learning_In_Teleoperation/prefix_override:/usr/lib/python3/dist-packages/colcon_core/task/python/colcon_distutils_commands:/media/kai/Kai_Backup/Master_Study/Master_Thesis/Implementation/libfranka_ws/install/Reinforcement_Learning_In_Teleoperation/lib/python3.10/site-packages:${PYTHONPATH} /usr/bin/python3 -W ignore:setup.py install is deprecated -W ignore:easy_install command is deprecated setup.py develop --editable --build-directory /media/kai/Kai_Backup/Master_Study/Master_Thesis/Implementation/libfranka_ws/build/Reinforcement_Learning_In_Teleoperation/build --no-deps symlink_data
