2025-12-20 15:54:02,814 [INFO] ============================================================
2025-12-20 15:54:02,814 [INFO] STARTING TRAINING: E2E_RL_HIGH_VARIANCE_figure_8_20251220_155402
2025-12-20 15:54:02,814 [INFO] Checkpoint Dir: /home/kaize/Downloads/Master_Study_Master_Thesis/libfranka_ws/src/E2E_Teleoperation/E2E_Teleoperation/trained_RL/E2E_RL_HIGH_VARIANCE_figure_8_20251220_155402
2025-12-20 15:54:02,814 [INFO] Model Path: /home/kaize/Downloads/Master_Study_Master_Thesis/libfranka_ws/src/multipanda_ros2/franka_description/mujoco/franka/scene.xml
2025-12-20 15:54:02,814 [INFO] ============================================================
2025-12-20 15:54:02,825 [INFO] Initializing Environment...
2025-12-20 15:54:03,764 [INFO] Loading checkpoint from: /home/kaize/Downloads/Master_Study_Master_Thesis/libfranka_ws/src/E2E_Teleoperation/E2E_Teleoperation/trained_RL/E2E_RL_HIGH_VARIANCE_figure_8_20251218_090052/best_policy.pth
2025-12-20 15:54:03,773 [INFO] Critic NOT loaded (fresh start for SAC).
2025-12-20 15:54:03,773 [INFO] Checkpoint loaded successfully.
2025-12-20 15:54:03,773 [INFO] Skipping Stage 1 & 2 (Resuming from checkpoint)
2025-12-20 15:54:03,773 [INFO] ============================================================
2025-12-20 15:54:03,773 [INFO] >>> STAGE 3: SAC FINE-TUNING (SCALED FIX)
2025-12-20 15:54:03,773 [INFO] ============================================================
2025-12-20 15:54:03,773 [INFO] Phase 3a: Critic Warm-up (20000 steps)...
2025-12-20 15:54:03,924 [INFO] Warmup Step 0/20000
2025-12-20 15:56:15,731 [INFO] Warmup Step 5000/20000
2025-12-20 15:59:53,052 [INFO] Warmup Step 10000/20000
2025-12-20 16:03:30,160 [INFO] Warmup Step 15000/20000
2025-12-20 16:07:07,741 [INFO] >>> Critic Warm-up Complete.
2025-12-20 16:08:17,286 [INFO] Step 954 | Ep Reward: 339.3 | SAC Loss: -0.9 | BC Loss: 19.960 * 497.9 = 9937.1
2025-12-20 16:09:02,541 [INFO] Step 1574 | Ep Reward: 179.9 | SAC Loss: -1.6 | BC Loss: 13.809 * 496.5 = 6855.7
2025-12-20 16:10:35,562 [INFO] Step 2850 | Ep Reward: 278.2 | SAC Loss: -2.9 | BC Loss: 14.492 * 493.6 = 7152.9
2025-12-20 16:11:34,111 [INFO] Step 3653 | Ep Reward: 180.6 | SAC Loss: -3.7 | BC Loss: 13.265 * 491.8 = 6523.3
2025-12-20 16:13:25,775 [INFO] Step 5185 | Ep Reward: 247.4 | SAC Loss: -5.2 | BC Loss: 9.304 * 488.3 = 4543.3
2025-12-20 16:14:26,928 [INFO] Step 6023 | Ep Reward: 195.8 | SAC Loss: -6.0 | BC Loss: 7.290 * 486.4 = 3546.4
2025-12-20 16:16:13,913 [INFO] Step 7474 | Ep Reward: 269.2 | SAC Loss: -6.3 | BC Loss: 6.588 * 483.2 = 3183.4
2025-12-20 16:18:11,682 [INFO] Step 8987 | Ep Reward: 283.0 | SAC Loss: -7.1 | BC Loss: 5.444 * 479.8 = 2611.7
