[0.000000] (-) TimerEvent: {}
[0.000144] (-) JobUnselected: {'identifier': 'mujoco_ros'}
[0.000192] (-) JobUnselected: {'identifier': 'mujoco_ros_msgs'}
[0.000235] (BULLET_PHYSICS) JobQueued: {'identifier': 'BULLET_PHYSICS', 'dependencies': OrderedDict()}
[0.000279] (Model_based_Reinforcement_Learning_In_Teleoperation) JobQueued: {'identifier': 'Model_based_Reinforcement_Learning_In_Teleoperation', 'dependencies': OrderedDict()}
[0.000319] (Reinforcement_Learning_In_Teleoperation) JobQueued: {'identifier': 'Reinforcement_Learning_In_Teleoperation', 'dependencies': OrderedDict()}
[0.000350] (franka_description) JobQueued: {'identifier': 'franka_description', 'dependencies': OrderedDict()}
[0.000383] (franka_msgs) JobQueued: {'identifier': 'franka_msgs', 'dependencies': OrderedDict()}
[0.000413] (garmi_controllers) JobQueued: {'identifier': 'garmi_controllers', 'dependencies': OrderedDict()}
[0.000442] (garmi_hardware) JobQueued: {'identifier': 'garmi_hardware', 'dependencies': OrderedDict()}
[0.000523] (garmi_moveit_config) JobQueued: {'identifier': 'garmi_moveit_config', 'dependencies': OrderedDict()}
[0.000559] (panda_motion_generator_msgs) JobQueued: {'identifier': 'panda_motion_generator_msgs', 'dependencies': OrderedDict()}
[0.000585] (franka_control2) JobQueued: {'identifier': 'franka_control2', 'dependencies': OrderedDict([('franka_msgs', '/media/kai/Kai_Backup/Master_Study/Master_Thesis/Implementation/libfranka_ws/install/franka_msgs')])}
[0.000625] (franka_gripper) JobQueued: {'identifier': 'franka_gripper', 'dependencies': OrderedDict([('franka_msgs', '/media/kai/Kai_Backup/Master_Study/Master_Thesis/Implementation/libfranka_ws/install/franka_msgs')])}
[0.000648] (garmi_description) JobQueued: {'identifier': 'garmi_description', 'dependencies': OrderedDict([('franka_description', '/media/kai/Kai_Backup/Master_Study/Master_Thesis/Implementation/libfranka_ws/install/franka_description')])}
[0.000668] (multi_mode_control_msgs) JobQueued: {'identifier': 'multi_mode_control_msgs', 'dependencies': OrderedDict([('franka_msgs', '/media/kai/Kai_Backup/Master_Study/Master_Thesis/Implementation/libfranka_ws/install/franka_msgs')])}
[0.000696] (Hierarchical_Reinforcement_Learning_for_Adaptive_Control_Under_Stochastic_Network_Delays) JobQueued: {'identifier': 'Hierarchical_Reinforcement_Learning_for_Adaptive_Control_Under_Stochastic_Network_Delays', 'dependencies': OrderedDict([('franka_msgs', '/media/kai/Kai_Backup/Master_Study/Master_Thesis/Implementation/libfranka_ws/install/franka_msgs'), ('multi_mode_control_msgs', '/media/kai/Kai_Backup/Master_Study/Master_Thesis/Implementation/libfranka_ws/install/multi_mode_control_msgs')])}
[0.000769] (mujoco_ros2_control) JobQueued: {'identifier': 'mujoco_ros2_control', 'dependencies': OrderedDict([('mujoco_ros_msgs', '/media/kai/Kai_Backup/Master_Study/Master_Thesis/Implementation/libfranka_ws/install/mujoco_ros_msgs'), ('mujoco_ros', '/media/kai/Kai_Backup/Master_Study/Master_Thesis/Implementation/libfranka_ws/install/mujoco_ros')])}
[0.000804] (mujoco_ros2_dummy_plugin) JobQueued: {'identifier': 'mujoco_ros2_dummy_plugin', 'dependencies': OrderedDict([('mujoco_ros_msgs', '/media/kai/Kai_Backup/Master_Study/Master_Thesis/Implementation/libfranka_ws/install/mujoco_ros_msgs'), ('mujoco_ros', '/media/kai/Kai_Backup/Master_Study/Master_Thesis/Implementation/libfranka_ws/install/mujoco_ros')])}
[0.000844] (mujoco_ros2_sensors) JobQueued: {'identifier': 'mujoco_ros2_sensors', 'dependencies': OrderedDict([('mujoco_ros_msgs', '/media/kai/Kai_Backup/Master_Study/Master_Thesis/Implementation/libfranka_ws/install/mujoco_ros_msgs'), ('mujoco_ros', '/media/kai/Kai_Backup/Master_Study/Master_Thesis/Implementation/libfranka_ws/install/mujoco_ros')])}
[0.000877] (mujoco_ros_pkgs) JobQueued: {'identifier': 'mujoco_ros_pkgs', 'dependencies': OrderedDict([('mujoco_ros_msgs', '/media/kai/Kai_Backup/Master_Study/Master_Thesis/Implementation/libfranka_ws/install/mujoco_ros_msgs'), ('mujoco_ros', '/media/kai/Kai_Backup/Master_Study/Master_Thesis/Implementation/libfranka_ws/install/mujoco_ros')])}
[0.000898] (franka_hardware) JobQueued: {'identifier': 'franka_hardware', 'dependencies': OrderedDict([('franka_msgs', '/media/kai/Kai_Backup/Master_Study/Master_Thesis/Implementation/libfranka_ws/install/franka_msgs'), ('mujoco_ros_msgs', '/media/kai/Kai_Backup/Master_Study/Master_Thesis/Implementation/libfranka_ws/install/mujoco_ros_msgs'), ('mujoco_ros', '/media/kai/Kai_Backup/Master_Study/Master_Thesis/Implementation/libfranka_ws/install/mujoco_ros'), ('mujoco_ros2_control', '/media/kai/Kai_Backup/Master_Study/Master_Thesis/Implementation/libfranka_ws/install/mujoco_ros2_control')])}
[0.000931] (mujoco_ros2_control_system) JobQueued: {'identifier': 'mujoco_ros2_control_system', 'dependencies': OrderedDict([('mujoco_ros_msgs', '/media/kai/Kai_Backup/Master_Study/Master_Thesis/Implementation/libfranka_ws/install/mujoco_ros_msgs'), ('mujoco_ros', '/media/kai/Kai_Backup/Master_Study/Master_Thesis/Implementation/libfranka_ws/install/mujoco_ros'), ('mujoco_ros2_control', '/media/kai/Kai_Backup/Master_Study/Master_Thesis/Implementation/libfranka_ws/install/mujoco_ros2_control')])}
[0.000971] (franka_bringup) JobQueued: {'identifier': 'franka_bringup', 'dependencies': OrderedDict([('franka_description', '/media/kai/Kai_Backup/Master_Study/Master_Thesis/Implementation/libfranka_ws/install/franka_description'), ('franka_msgs', '/media/kai/Kai_Backup/Master_Study/Master_Thesis/Implementation/libfranka_ws/install/franka_msgs'), ('mujoco_ros_msgs', '/media/kai/Kai_Backup/Master_Study/Master_Thesis/Implementation/libfranka_ws/install/mujoco_ros_msgs'), ('mujoco_ros', '/media/kai/Kai_Backup/Master_Study/Master_Thesis/Implementation/libfranka_ws/install/mujoco_ros'), ('mujoco_ros2_control', '/media/kai/Kai_Backup/Master_Study/Master_Thesis/Implementation/libfranka_ws/install/mujoco_ros2_control'), ('franka_hardware', '/media/kai/Kai_Backup/Master_Study/Master_Thesis/Implementation/libfranka_ws/install/franka_hardware')])}
[0.001011] (franka_moveit_config) JobQueued: {'identifier': 'franka_moveit_config', 'dependencies': OrderedDict([('franka_description', '/media/kai/Kai_Backup/Master_Study/Master_Thesis/Implementation/libfranka_ws/install/franka_description'), ('franka_msgs', '/media/kai/Kai_Backup/Master_Study/Master_Thesis/Implementation/libfranka_ws/install/franka_msgs'), ('mujoco_ros_msgs', '/media/kai/Kai_Backup/Master_Study/Master_Thesis/Implementation/libfranka_ws/install/mujoco_ros_msgs'), ('franka_gripper', '/media/kai/Kai_Backup/Master_Study/Master_Thesis/Implementation/libfranka_ws/install/franka_gripper'), ('mujoco_ros', '/media/kai/Kai_Backup/Master_Study/Master_Thesis/Implementation/libfranka_ws/install/mujoco_ros'), ('mujoco_ros2_control', '/media/kai/Kai_Backup/Master_Study/Master_Thesis/Implementation/libfranka_ws/install/mujoco_ros2_control'), ('franka_hardware', '/media/kai/Kai_Backup/Master_Study/Master_Thesis/Implementation/libfranka_ws/install/franka_hardware')])}
[0.001053] (franka_semantic_components) JobQueued: {'identifier': 'franka_semantic_components', 'dependencies': OrderedDict([('franka_msgs', '/media/kai/Kai_Backup/Master_Study/Master_Thesis/Implementation/libfranka_ws/install/franka_msgs'), ('mujoco_ros_msgs', '/media/kai/Kai_Backup/Master_Study/Master_Thesis/Implementation/libfranka_ws/install/mujoco_ros_msgs'), ('mujoco_ros', '/media/kai/Kai_Backup/Master_Study/Master_Thesis/Implementation/libfranka_ws/install/mujoco_ros'), ('mujoco_ros2_control', '/media/kai/Kai_Backup/Master_Study/Master_Thesis/Implementation/libfranka_ws/install/mujoco_ros2_control'), ('franka_hardware', '/media/kai/Kai_Backup/Master_Study/Master_Thesis/Implementation/libfranka_ws/install/franka_hardware')])}
[0.001091] (garmi_bringup) JobQueued: {'identifier': 'garmi_bringup', 'dependencies': OrderedDict([('franka_description', '/media/kai/Kai_Backup/Master_Study/Master_Thesis/Implementation/libfranka_ws/install/franka_description'), ('franka_msgs', '/media/kai/Kai_Backup/Master_Study/Master_Thesis/Implementation/libfranka_ws/install/franka_msgs'), ('garmi_controllers', '/media/kai/Kai_Backup/Master_Study/Master_Thesis/Implementation/libfranka_ws/install/garmi_controllers'), ('garmi_hardware', '/media/kai/Kai_Backup/Master_Study/Master_Thesis/Implementation/libfranka_ws/install/garmi_hardware'), ('mujoco_ros_msgs', '/media/kai/Kai_Backup/Master_Study/Master_Thesis/Implementation/libfranka_ws/install/mujoco_ros_msgs'), ('garmi_description', '/media/kai/Kai_Backup/Master_Study/Master_Thesis/Implementation/libfranka_ws/install/garmi_description'), ('mujoco_ros', '/media/kai/Kai_Backup/Master_Study/Master_Thesis/Implementation/libfranka_ws/install/mujoco_ros'), ('mujoco_ros2_control', '/media/kai/Kai_Backup/Master_Study/Master_Thesis/Implementation/libfranka_ws/install/mujoco_ros2_control'), ('franka_hardware', '/media/kai/Kai_Backup/Master_Study/Master_Thesis/Implementation/libfranka_ws/install/franka_hardware')])}
[0.001176] (franka_example_controllers) JobQueued: {'identifier': 'franka_example_controllers', 'dependencies': OrderedDict([('franka_msgs', '/media/kai/Kai_Backup/Master_Study/Master_Thesis/Implementation/libfranka_ws/install/franka_msgs'), ('mujoco_ros_msgs', '/media/kai/Kai_Backup/Master_Study/Master_Thesis/Implementation/libfranka_ws/install/mujoco_ros_msgs'), ('mujoco_ros', '/media/kai/Kai_Backup/Master_Study/Master_Thesis/Implementation/libfranka_ws/install/mujoco_ros'), ('multi_mode_control_msgs', '/media/kai/Kai_Backup/Master_Study/Master_Thesis/Implementation/libfranka_ws/install/multi_mode_control_msgs'), ('mujoco_ros2_control', '/media/kai/Kai_Backup/Master_Study/Master_Thesis/Implementation/libfranka_ws/install/mujoco_ros2_control'), ('franka_hardware', '/media/kai/Kai_Backup/Master_Study/Master_Thesis/Implementation/libfranka_ws/install/franka_hardware'), ('franka_semantic_components', '/media/kai/Kai_Backup/Master_Study/Master_Thesis/Implementation/libfranka_ws/install/franka_semantic_components')])}
[0.001221] (franka_robot_state_broadcaster) JobQueued: {'identifier': 'franka_robot_state_broadcaster', 'dependencies': OrderedDict([('franka_msgs', '/media/kai/Kai_Backup/Master_Study/Master_Thesis/Implementation/libfranka_ws/install/franka_msgs'), ('mujoco_ros_msgs', '/media/kai/Kai_Backup/Master_Study/Master_Thesis/Implementation/libfranka_ws/install/mujoco_ros_msgs'), ('mujoco_ros', '/media/kai/Kai_Backup/Master_Study/Master_Thesis/Implementation/libfranka_ws/install/mujoco_ros'), ('mujoco_ros2_control', '/media/kai/Kai_Backup/Master_Study/Master_Thesis/Implementation/libfranka_ws/install/mujoco_ros2_control'), ('franka_hardware', '/media/kai/Kai_Backup/Master_Study/Master_Thesis/Implementation/libfranka_ws/install/franka_hardware'), ('franka_semantic_components', '/media/kai/Kai_Backup/Master_Study/Master_Thesis/Implementation/libfranka_ws/install/franka_semantic_components')])}
[0.001261] (multi_mode_controller) JobQueued: {'identifier': 'multi_mode_controller', 'dependencies': OrderedDict([('franka_msgs', '/media/kai/Kai_Backup/Master_Study/Master_Thesis/Implementation/libfranka_ws/install/franka_msgs'), ('mujoco_ros_msgs', '/media/kai/Kai_Backup/Master_Study/Master_Thesis/Implementation/libfranka_ws/install/mujoco_ros_msgs'), ('mujoco_ros', '/media/kai/Kai_Backup/Master_Study/Master_Thesis/Implementation/libfranka_ws/install/mujoco_ros'), ('multi_mode_control_msgs', '/media/kai/Kai_Backup/Master_Study/Master_Thesis/Implementation/libfranka_ws/install/multi_mode_control_msgs'), ('mujoco_ros2_control', '/media/kai/Kai_Backup/Master_Study/Master_Thesis/Implementation/libfranka_ws/install/mujoco_ros2_control'), ('franka_hardware', '/media/kai/Kai_Backup/Master_Study/Master_Thesis/Implementation/libfranka_ws/install/franka_hardware'), ('franka_semantic_components', '/media/kai/Kai_Backup/Master_Study/Master_Thesis/Implementation/libfranka_ws/install/franka_semantic_components')])}
[0.001303] (multi_mode_controller_impl) JobQueued: {'identifier': 'multi_mode_controller_impl', 'dependencies': OrderedDict([('franka_msgs', '/media/kai/Kai_Backup/Master_Study/Master_Thesis/Implementation/libfranka_ws/install/franka_msgs'), ('mujoco_ros_msgs', '/media/kai/Kai_Backup/Master_Study/Master_Thesis/Implementation/libfranka_ws/install/mujoco_ros_msgs'), ('mujoco_ros', '/media/kai/Kai_Backup/Master_Study/Master_Thesis/Implementation/libfranka_ws/install/mujoco_ros'), ('multi_mode_control_msgs', '/media/kai/Kai_Backup/Master_Study/Master_Thesis/Implementation/libfranka_ws/install/multi_mode_control_msgs'), ('mujoco_ros2_control', '/media/kai/Kai_Backup/Master_Study/Master_Thesis/Implementation/libfranka_ws/install/mujoco_ros2_control'), ('franka_hardware', '/media/kai/Kai_Backup/Master_Study/Master_Thesis/Implementation/libfranka_ws/install/franka_hardware'), ('franka_semantic_components', '/media/kai/Kai_Backup/Master_Study/Master_Thesis/Implementation/libfranka_ws/install/franka_semantic_components'), ('multi_mode_controller', '/media/kai/Kai_Backup/Master_Study/Master_Thesis/Implementation/libfranka_ws/install/multi_mode_controller')])}
[0.001339] (panda_motion_generators) JobQueued: {'identifier': 'panda_motion_generators', 'dependencies': OrderedDict([('franka_msgs', '/media/kai/Kai_Backup/Master_Study/Master_Thesis/Implementation/libfranka_ws/install/franka_msgs'), ('mujoco_ros_msgs', '/media/kai/Kai_Backup/Master_Study/Master_Thesis/Implementation/libfranka_ws/install/mujoco_ros_msgs'), ('panda_motion_generator_msgs', '/media/kai/Kai_Backup/Master_Study/Master_Thesis/Implementation/libfranka_ws/install/panda_motion_generator_msgs'), ('mujoco_ros', '/media/kai/Kai_Backup/Master_Study/Master_Thesis/Implementation/libfranka_ws/install/mujoco_ros'), ('multi_mode_control_msgs', '/media/kai/Kai_Backup/Master_Study/Master_Thesis/Implementation/libfranka_ws/install/multi_mode_control_msgs'), ('mujoco_ros2_control', '/media/kai/Kai_Backup/Master_Study/Master_Thesis/Implementation/libfranka_ws/install/mujoco_ros2_control'), ('franka_hardware', '/media/kai/Kai_Backup/Master_Study/Master_Thesis/Implementation/libfranka_ws/install/franka_hardware'), ('franka_semantic_components', '/media/kai/Kai_Backup/Master_Study/Master_Thesis/Implementation/libfranka_ws/install/franka_semantic_components'), ('multi_mode_controller', '/media/kai/Kai_Backup/Master_Study/Master_Thesis/Implementation/libfranka_ws/install/multi_mode_controller')])}
[0.001384] (franka_msgs) JobStarted: {'identifier': 'franka_msgs'}
[0.009208] (mujoco_ros2_control) JobStarted: {'identifier': 'mujoco_ros2_control'}
[0.025238] (mujoco_ros2_control) JobEnded: {'identifier': 'mujoco_ros2_control', 'rc': 1}
[0.026474] (franka_description) JobStarted: {'identifier': 'franka_description'}
[0.031530] (garmi_controllers) JobStarted: {'identifier': 'garmi_controllers'}
[0.037777] (garmi_hardware) JobStarted: {'identifier': 'garmi_hardware'}
[0.042286] (panda_motion_generator_msgs) JobStarted: {'identifier': 'panda_motion_generator_msgs'}
[0.045701] (BULLET_PHYSICS) JobStarted: {'identifier': 'BULLET_PHYSICS'}
[0.050050] (Model_based_Reinforcement_Learning_In_Teleoperation) JobStarted: {'identifier': 'Model_based_Reinforcement_Learning_In_Teleoperation'}
[0.056058] (Reinforcement_Learning_In_Teleoperation) JobStarted: {'identifier': 'Reinforcement_Learning_In_Teleoperation'}
[0.062009] (franka_msgs) JobEnded: {'identifier': 'franka_msgs', 'rc': 'SIGINT'}
[0.062692] (franka_description) JobEnded: {'identifier': 'franka_description', 'rc': 'SIGINT'}
[0.063172] (garmi_controllers) JobEnded: {'identifier': 'garmi_controllers', 'rc': 'SIGINT'}
[0.063561] (garmi_hardware) JobEnded: {'identifier': 'garmi_hardware', 'rc': 'SIGINT'}
[0.064088] (panda_motion_generator_msgs) JobEnded: {'identifier': 'panda_motion_generator_msgs', 'rc': 'SIGINT'}
[0.064284] (BULLET_PHYSICS) JobEnded: {'identifier': 'BULLET_PHYSICS', 'rc': 'SIGINT'}
[0.064493] (Model_based_Reinforcement_Learning_In_Teleoperation) JobEnded: {'identifier': 'Model_based_Reinforcement_Learning_In_Teleoperation', 'rc': 'SIGINT'}
[0.064692] (Reinforcement_Learning_In_Teleoperation) JobEnded: {'identifier': 'Reinforcement_Learning_In_Teleoperation', 'rc': 'SIGINT'}
[0.074585] (garmi_moveit_config) JobSkipped: {'identifier': 'garmi_moveit_config'}
[0.074642] (franka_control2) JobSkipped: {'identifier': 'franka_control2'}
[0.074676] (franka_gripper) JobSkipped: {'identifier': 'franka_gripper'}
[0.074711] (garmi_description) JobSkipped: {'identifier': 'garmi_description'}
[0.074728] (multi_mode_control_msgs) JobSkipped: {'identifier': 'multi_mode_control_msgs'}
[0.074744] (Hierarchical_Reinforcement_Learning_for_Adaptive_Control_Under_Stochastic_Network_Delays) JobSkipped: {'identifier': 'Hierarchical_Reinforcement_Learning_for_Adaptive_Control_Under_Stochastic_Network_Delays'}
[0.074760] (mujoco_ros2_dummy_plugin) JobSkipped: {'identifier': 'mujoco_ros2_dummy_plugin'}
[0.074776] (mujoco_ros2_sensors) JobSkipped: {'identifier': 'mujoco_ros2_sensors'}
[0.074791] (mujoco_ros_pkgs) JobSkipped: {'identifier': 'mujoco_ros_pkgs'}
[0.074806] (franka_hardware) JobSkipped: {'identifier': 'franka_hardware'}
[0.074820] (mujoco_ros2_control_system) JobSkipped: {'identifier': 'mujoco_ros2_control_system'}
[0.074835] (franka_bringup) JobSkipped: {'identifier': 'franka_bringup'}
[0.074851] (franka_moveit_config) JobSkipped: {'identifier': 'franka_moveit_config'}
[0.074866] (franka_semantic_components) JobSkipped: {'identifier': 'franka_semantic_components'}
[0.074881] (garmi_bringup) JobSkipped: {'identifier': 'garmi_bringup'}
[0.074895] (franka_example_controllers) JobSkipped: {'identifier': 'franka_example_controllers'}
[0.074910] (franka_robot_state_broadcaster) JobSkipped: {'identifier': 'franka_robot_state_broadcaster'}
[0.074925] (multi_mode_controller) JobSkipped: {'identifier': 'multi_mode_controller'}
[0.074940] (multi_mode_controller_impl) JobSkipped: {'identifier': 'multi_mode_controller_impl'}
[0.074954] (panda_motion_generators) JobSkipped: {'identifier': 'panda_motion_generators'}
[0.074970] (-) EventReactorShutdown: {}
