running develop
running egg_info
creating Model_based_Reinforcement_Learning_In_Teleoperation.egg-info
writing Model_based_Reinforcement_Learning_In_Teleoperation.egg-info/PKG-INFO
writing dependency_links to Model_based_Reinforcement_Learning_In_Teleoperation.egg-info/dependency_links.txt
writing entry points to Model_based_Reinforcement_Learning_In_Teleoperation.egg-info/entry_points.txt
writing requirements to Model_based_Reinforcement_Learning_In_Teleoperation.egg-info/requires.txt
writing top-level names to Model_based_Reinforcement_Learning_In_Teleoperation.egg-info/top_level.txt
writing manifest file 'Model_based_Reinforcement_Learning_In_Teleoperation.egg-info/SOURCES.txt'
reading manifest file 'Model_based_Reinforcement_Learning_In_Teleoperation.egg-info/SOURCES.txt'
writing manifest file 'Model_based_Reinforcement_Learning_In_Teleoperation.egg-info/SOURCES.txt'
running build_ext
Creating /home/kaize/Downloads/Master_Study_Master_Thesis/libfranka_ws/install/Model_based_Reinforcement_Learning_In_Teleoperation/lib/python3.12/site-packages/Model-based-Reinforcement-Learning-In-Teleoperation.egg-link (link to .)
Installing agent_node script to /home/kaize/Downloads/Master_Study_Master_Thesis/libfranka_ws/install/Model_based_Reinforcement_Learning_In_Teleoperation/lib/Model_based_Reinforcement_Learning_In_Teleoperation
Installing local_node script to /home/kaize/Downloads/Master_Study_Master_Thesis/libfranka_ws/install/Model_based_Reinforcement_Learning_In_Teleoperation/lib/Model_based_Reinforcement_Learning_In_Teleoperation
Installing remote_node script to /home/kaize/Downloads/Master_Study_Master_Thesis/libfranka_ws/install/Model_based_Reinforcement_Learning_In_Teleoperation/lib/Model_based_Reinforcement_Learning_In_Teleoperation
Installing remote_sim script to /home/kaize/Downloads/Master_Study_Master_Thesis/libfranka_ws/install/Model_based_Reinforcement_Learning_In_Teleoperation/lib/Model_based_Reinforcement_Learning_In_Teleoperation

Installed /home/kaize/Downloads/Master_Study_Master_Thesis/libfranka_ws/build/Model_based_Reinforcement_Learning_In_Teleoperation
running symlink_data
creating /home/kaize/Downloads/Master_Study_Master_Thesis/libfranka_ws/install/Model_based_Reinforcement_Learning_In_Teleoperation/share/ament_index
creating /home/kaize/Downloads/Master_Study_Master_Thesis/libfranka_ws/install/Model_based_Reinforcement_Learning_In_Teleoperation/share/ament_index/resource_index
creating /home/kaize/Downloads/Master_Study_Master_Thesis/libfranka_ws/install/Model_based_Reinforcement_Learning_In_Teleoperation/share/ament_index/resource_index/packages
symbolically linking /home/kaize/Downloads/Master_Study_Master_Thesis/libfranka_ws/build/Model_based_Reinforcement_Learning_In_Teleoperation/resource/Model_based_Reinforcement_Learning_In_Teleoperation -> /home/kaize/Downloads/Master_Study_Master_Thesis/libfranka_ws/install/Model_based_Reinforcement_Learning_In_Teleoperation/share/ament_index/resource_index/packages
symbolically linking /home/kaize/Downloads/Master_Study_Master_Thesis/libfranka_ws/build/Model_based_Reinforcement_Learning_In_Teleoperation/package.xml -> /home/kaize/Downloads/Master_Study_Master_Thesis/libfranka_ws/install/Model_based_Reinforcement_Learning_In_Teleoperation/share/Model_based_Reinforcement_Learning_In_Teleoperation
creating /home/kaize/Downloads/Master_Study_Master_Thesis/libfranka_ws/install/Model_based_Reinforcement_Learning_In_Teleoperation/share/Model_based_Reinforcement_Learning_In_Teleoperation/launch
symbolically linking /home/kaize/Downloads/Master_Study_Master_Thesis/libfranka_ws/build/Model_based_Reinforcement_Learning_In_Teleoperation/launch/remote_sim.launch.py -> /home/kaize/Downloads/Master_Study_Master_Thesis/libfranka_ws/install/Model_based_Reinforcement_Learning_In_Teleoperation/share/Model_based_Reinforcement_Learning_In_Teleoperation/launch
symbolically linking /home/kaize/Downloads/Master_Study_Master_Thesis/libfranka_ws/build/Model_based_Reinforcement_Learning_In_Teleoperation/launch/local_robot.launch.py -> /home/kaize/Downloads/Master_Study_Master_Thesis/libfranka_ws/install/Model_based_Reinforcement_Learning_In_Teleoperation/share/Model_based_Reinforcement_Learning_In_Teleoperation/launch
symbolically linking /home/kaize/Downloads/Master_Study_Master_Thesis/libfranka_ws/build/Model_based_Reinforcement_Learning_In_Teleoperation/launch/remote_agent.launch.py -> /home/kaize/Downloads/Master_Study_Master_Thesis/libfranka_ws/install/Model_based_Reinforcement_Learning_In_Teleoperation/share/Model_based_Reinforcement_Learning_In_Teleoperation/launch
creating /home/kaize/Downloads/Master_Study_Master_Thesis/libfranka_ws/install/Model_based_Reinforcement_Learning_In_Teleoperation/share/Model_based_Reinforcement_Learning_In_Teleoperation/config
creating /home/kaize/Downloads/Master_Study_Master_Thesis/libfranka_ws/install/Model_based_Reinforcement_Learning_In_Teleoperation/share/Model_based_Reinforcement_Learning_In_Teleoperation/params
