[0.341s] Invoking command in '/home/kaize/Downloads/Master_Study_Master_Thesis/libfranka_ws/build/Model_based_Reinforcement_Learning_In_Teleoperation': DEBUGINFOD_URLS=https://debuginfod.ubuntu.com PS1=(venv_thesis) \[\e]0;\u@\h: \w\a\]${debian_chroot:+($debian_chroot)}\[\033[01;32m\]\u@\h\[\033[00m\]:\[\033[01;34m\]\w\[\033[00m\]\$ PYTHONPATH=/home/kaize/Downloads/Master_Study_Master_Thesis/libfranka_ws/build/Model_based_Reinforcement_Learning_In_Teleoperation/prefix_override:/usr/lib/python3/dist-packages/colcon_core/task/python/colcon_distutils_commands:/home/kaize/Downloads/Master_Study_Master_Thesis/libfranka_ws/install/Model_based_Reinforcement_Learning_In_Teleoperation/lib/python3.12/site-packages:${PYTHONPATH} VIRTUAL_ENV_PROMPT=(venv_thesis) /usr/bin/python3 -W ignore:setup.py install is deprecated -W ignore:easy_install command is deprecated setup.py develop --editable --build-directory /home/kaize/Downloads/Master_Study_Master_Thesis/libfranka_ws/build/Model_based_Reinforcement_Learning_In_Teleoperation/build --no-deps symlink_data
[0.478s] running develop
[0.555s] running egg_info
[0.555s] creating Model_based_Reinforcement_Learning_In_Teleoperation.egg-info
[0.562s] writing Model_based_Reinforcement_Learning_In_Teleoperation.egg-info/PKG-INFO
[0.562s] writing dependency_links to Model_based_Reinforcement_Learning_In_Teleoperation.egg-info/dependency_links.txt
[0.563s] writing entry points to Model_based_Reinforcement_Learning_In_Teleoperation.egg-info/entry_points.txt
[0.563s] writing requirements to Model_based_Reinforcement_Learning_In_Teleoperation.egg-info/requires.txt
[0.563s] writing top-level names to Model_based_Reinforcement_Learning_In_Teleoperation.egg-info/top_level.txt
[0.563s] writing manifest file 'Model_based_Reinforcement_Learning_In_Teleoperation.egg-info/SOURCES.txt'
[0.578s] reading manifest file 'Model_based_Reinforcement_Learning_In_Teleoperation.egg-info/SOURCES.txt'
[0.578s] writing manifest file 'Model_based_Reinforcement_Learning_In_Teleoperation.egg-info/SOURCES.txt'
[0.586s] running build_ext
[0.586s] Creating /home/kaize/Downloads/Master_Study_Master_Thesis/libfranka_ws/install/Model_based_Reinforcement_Learning_In_Teleoperation/lib/python3.12/site-packages/Model-based-Reinforcement-Learning-In-Teleoperation.egg-link (link to .)
[0.587s] Installing agent_node script to /home/kaize/Downloads/Master_Study_Master_Thesis/libfranka_ws/install/Model_based_Reinforcement_Learning_In_Teleoperation/lib/Model_based_Reinforcement_Learning_In_Teleoperation
[0.587s] Installing local_node script to /home/kaize/Downloads/Master_Study_Master_Thesis/libfranka_ws/install/Model_based_Reinforcement_Learning_In_Teleoperation/lib/Model_based_Reinforcement_Learning_In_Teleoperation
[0.587s] Installing remote_node script to /home/kaize/Downloads/Master_Study_Master_Thesis/libfranka_ws/install/Model_based_Reinforcement_Learning_In_Teleoperation/lib/Model_based_Reinforcement_Learning_In_Teleoperation
[0.587s] Installing remote_sim script to /home/kaize/Downloads/Master_Study_Master_Thesis/libfranka_ws/install/Model_based_Reinforcement_Learning_In_Teleoperation/lib/Model_based_Reinforcement_Learning_In_Teleoperation
[0.587s] 
[0.587s] Installed /home/kaize/Downloads/Master_Study_Master_Thesis/libfranka_ws/build/Model_based_Reinforcement_Learning_In_Teleoperation
[0.587s] running symlink_data
[0.587s] creating /home/kaize/Downloads/Master_Study_Master_Thesis/libfranka_ws/install/Model_based_Reinforcement_Learning_In_Teleoperation/share/ament_index
[0.587s] creating /home/kaize/Downloads/Master_Study_Master_Thesis/libfranka_ws/install/Model_based_Reinforcement_Learning_In_Teleoperation/share/ament_index/resource_index
[0.587s] creating /home/kaize/Downloads/Master_Study_Master_Thesis/libfranka_ws/install/Model_based_Reinforcement_Learning_In_Teleoperation/share/ament_index/resource_index/packages
[0.587s] symbolically linking /home/kaize/Downloads/Master_Study_Master_Thesis/libfranka_ws/build/Model_based_Reinforcement_Learning_In_Teleoperation/resource/Model_based_Reinforcement_Learning_In_Teleoperation -> /home/kaize/Downloads/Master_Study_Master_Thesis/libfranka_ws/install/Model_based_Reinforcement_Learning_In_Teleoperation/share/ament_index/resource_index/packages
[0.587s] symbolically linking /home/kaize/Downloads/Master_Study_Master_Thesis/libfranka_ws/build/Model_based_Reinforcement_Learning_In_Teleoperation/package.xml -> /home/kaize/Downloads/Master_Study_Master_Thesis/libfranka_ws/install/Model_based_Reinforcement_Learning_In_Teleoperation/share/Model_based_Reinforcement_Learning_In_Teleoperation
[0.588s] creating /home/kaize/Downloads/Master_Study_Master_Thesis/libfranka_ws/install/Model_based_Reinforcement_Learning_In_Teleoperation/share/Model_based_Reinforcement_Learning_In_Teleoperation/launch
[0.588s] symbolically linking /home/kaize/Downloads/Master_Study_Master_Thesis/libfranka_ws/build/Model_based_Reinforcement_Learning_In_Teleoperation/launch/remote_sim.launch.py -> /home/kaize/Downloads/Master_Study_Master_Thesis/libfranka_ws/install/Model_based_Reinforcement_Learning_In_Teleoperation/share/Model_based_Reinforcement_Learning_In_Teleoperation/launch
[0.588s] symbolically linking /home/kaize/Downloads/Master_Study_Master_Thesis/libfranka_ws/build/Model_based_Reinforcement_Learning_In_Teleoperation/launch/local_robot.launch.py -> /home/kaize/Downloads/Master_Study_Master_Thesis/libfranka_ws/install/Model_based_Reinforcement_Learning_In_Teleoperation/share/Model_based_Reinforcement_Learning_In_Teleoperation/launch
[0.588s] symbolically linking /home/kaize/Downloads/Master_Study_Master_Thesis/libfranka_ws/build/Model_based_Reinforcement_Learning_In_Teleoperation/launch/remote_agent.launch.py -> /home/kaize/Downloads/Master_Study_Master_Thesis/libfranka_ws/install/Model_based_Reinforcement_Learning_In_Teleoperation/share/Model_based_Reinforcement_Learning_In_Teleoperation/launch
[0.588s] creating /home/kaize/Downloads/Master_Study_Master_Thesis/libfranka_ws/install/Model_based_Reinforcement_Learning_In_Teleoperation/share/Model_based_Reinforcement_Learning_In_Teleoperation/config
[0.588s] creating /home/kaize/Downloads/Master_Study_Master_Thesis/libfranka_ws/install/Model_based_Reinforcement_Learning_In_Teleoperation/share/Model_based_Reinforcement_Learning_In_Teleoperation/params
[0.602s] Invoked command in '/home/kaize/Downloads/Master_Study_Master_Thesis/libfranka_ws/build/Model_based_Reinforcement_Learning_In_Teleoperation' returned '0': DEBUGINFOD_URLS=https://debuginfod.ubuntu.com PS1=(venv_thesis) \[\e]0;\u@\h: \w\a\]${debian_chroot:+($debian_chroot)}\[\033[01;32m\]\u@\h\[\033[00m\]:\[\033[01;34m\]\w\[\033[00m\]\$ PYTHONPATH=/home/kaize/Downloads/Master_Study_Master_Thesis/libfranka_ws/build/Model_based_Reinforcement_Learning_In_Teleoperation/prefix_override:/usr/lib/python3/dist-packages/colcon_core/task/python/colcon_distutils_commands:/home/kaize/Downloads/Master_Study_Master_Thesis/libfranka_ws/install/Model_based_Reinforcement_Learning_In_Teleoperation/lib/python3.12/site-packages:${PYTHONPATH} VIRTUAL_ENV_PROMPT=(venv_thesis) /usr/bin/python3 -W ignore:setup.py install is deprecated -W ignore:easy_install command is deprecated setup.py develop --editable --build-directory /home/kaize/Downloads/Master_Study_Master_Thesis/libfranka_ws/build/Model_based_Reinforcement_Learning_In_Teleoperation/build --no-deps symlink_data
