[1.018s] Invoking command in '/media/kai/Kai_Backup/Master_Study/Master_Thesis/Implementation/libfranka_ws/build/Model_based_Reinforcement_Learning_In_Teleoperation': PYTHONPATH=/media/kai/Kai_Backup/Master_Study/Master_Thesis/Implementation/libfranka_ws/build/Model_based_Reinforcement_Learning_In_Teleoperation/prefix_override:/usr/lib/python3/dist-packages/colcon_core/task/python/colcon_distutils_commands:/media/kai/Kai_Backup/Master_Study/Master_Thesis/Implementation/libfranka_ws/install/Model_based_Reinforcement_Learning_In_Teleoperation/lib/python3.10/site-packages:${PYTHONPATH} /usr/bin/python3 -W ignore:setup.py install is deprecated -W ignore:easy_install command is deprecated setup.py develop --editable --build-directory /media/kai/Kai_Backup/Master_Study/Master_Thesis/Implementation/libfranka_ws/build/Model_based_Reinforcement_Learning_In_Teleoperation/build --no-deps symlink_data
[1.709s] running develop
[2.204s] running egg_info
[2.206s] writing Model_based_Reinforcement_Learning_In_Teleoperation.egg-info/PKG-INFO
[2.209s] writing dependency_links to Model_based_Reinforcement_Learning_In_Teleoperation.egg-info/dependency_links.txt
[2.211s] writing entry points to Model_based_Reinforcement_Learning_In_Teleoperation.egg-info/entry_points.txt
[2.214s] writing requirements to Model_based_Reinforcement_Learning_In_Teleoperation.egg-info/requires.txt
[2.216s] writing top-level names to Model_based_Reinforcement_Learning_In_Teleoperation.egg-info/top_level.txt
[2.223s] reading manifest file 'Model_based_Reinforcement_Learning_In_Teleoperation.egg-info/SOURCES.txt'
[2.227s] writing manifest file 'Model_based_Reinforcement_Learning_In_Teleoperation.egg-info/SOURCES.txt'
[2.232s] running build_ext
[2.234s] Creating /media/kai/Kai_Backup/Master_Study/Master_Thesis/Implementation/libfranka_ws/install/Model_based_Reinforcement_Learning_In_Teleoperation/lib/python3.10/site-packages/Model-based-Reinforcement-Learning-In-Teleoperation.egg-link (link to .)
[2.236s] Installing agent_node script to /media/kai/Kai_Backup/Master_Study/Master_Thesis/Implementation/libfranka_ws/install/Model_based_Reinforcement_Learning_In_Teleoperation/lib/Model_based_Reinforcement_Learning_In_Teleoperation
[2.240s] Installing local_node script to /media/kai/Kai_Backup/Master_Study/Master_Thesis/Implementation/libfranka_ws/install/Model_based_Reinforcement_Learning_In_Teleoperation/lib/Model_based_Reinforcement_Learning_In_Teleoperation
[2.243s] Installing remote_node script to /media/kai/Kai_Backup/Master_Study/Master_Thesis/Implementation/libfranka_ws/install/Model_based_Reinforcement_Learning_In_Teleoperation/lib/Model_based_Reinforcement_Learning_In_Teleoperation
[2.246s] Installing remote_sim script to /media/kai/Kai_Backup/Master_Study/Master_Thesis/Implementation/libfranka_ws/install/Model_based_Reinforcement_Learning_In_Teleoperation/lib/Model_based_Reinforcement_Learning_In_Teleoperation
[2.248s] 
[2.248s] Installed /media/kai/Kai_Backup/Master_Study/Master_Thesis/Implementation/libfranka_ws/build/Model_based_Reinforcement_Learning_In_Teleoperation
[2.249s] running symlink_data
[2.311s] Invoked command in '/media/kai/Kai_Backup/Master_Study/Master_Thesis/Implementation/libfranka_ws/build/Model_based_Reinforcement_Learning_In_Teleoperation' returned '0': PYTHONPATH=/media/kai/Kai_Backup/Master_Study/Master_Thesis/Implementation/libfranka_ws/build/Model_based_Reinforcement_Learning_In_Teleoperation/prefix_override:/usr/lib/python3/dist-packages/colcon_core/task/python/colcon_distutils_commands:/media/kai/Kai_Backup/Master_Study/Master_Thesis/Implementation/libfranka_ws/install/Model_based_Reinforcement_Learning_In_Teleoperation/lib/python3.10/site-packages:${PYTHONPATH} /usr/bin/python3 -W ignore:setup.py install is deprecated -W ignore:easy_install command is deprecated setup.py develop --editable --build-directory /media/kai/Kai_Backup/Master_Study/Master_Thesis/Implementation/libfranka_ws/build/Model_based_Reinforcement_Learning_In_Teleoperation/build --no-deps symlink_data
