[0.067s] Invoking command in '/media/kai/Kai_Backup/Master_Study/Master_Thesis/Implementation/libfranka_ws/build/garmi_description': AMENT_PREFIX_PATH=/media/kai/Kai_Backup/Master_Study/Master_Thesis/Implementation/libfranka_ws/install/franka_description:${AMENT_PREFIX_PATH} CMAKE_PREFIX_PATH=/media/kai/Kai_Backup/Master_Study/Master_Thesis/Implementation/libfranka_ws/install/franka_description:/home/kai/Libraries/mujoco/lib/cmake:/home/kai/Libraries/libfranka/lib/cmake:/media/kai/Kai_Backup/Master_Study/Master_Thesis/Implementation/libfranka_ws/install/Model_based_Reinforcement_Learning_In_Teleoperation:/opt/ros/humble /usr/bin/cmake /media/kai/Kai_Backup/Master_Study/Master_Thesis/Implementation/libfranka_ws/src/multipanda_ros2/garmi_packages/garmi_description -DAMENT_CMAKE_SYMLINK_INSTALL=1 -DCMAKE_INSTALL_PREFIX=/media/kai/Kai_Backup/Master_Study/Master_Thesis/Implementation/libfranka_ws/install/garmi_description
[1.157s] -- The C compiler identification is GNU 11.4.0
[1.158s] -- The CXX compiler identification is GNU 11.4.0
[1.158s] -- Detecting C compiler ABI info
[1.272s] -- Detecting C compiler ABI info - done
[1.279s] -- Check for working C compiler: /usr/bin/cc - skipped
[1.279s] -- Detecting C compile features
[1.279s] -- Detecting C compile features - done
[1.282s] -- Detecting CXX compiler ABI info
[1.676s] -- Detecting CXX compiler ABI info - done
[1.683s] -- Check for working CXX compiler: /usr/bin/c++ - skipped
[1.684s] -- Detecting CXX compile features
[1.684s] -- Detecting CXX compile features - done
[1.687s] -- Found ament_cmake: 1.3.12 (/opt/ros/humble/share/ament_cmake/cmake)
[2.362s] -- Found Python3: /usr/bin/python3 (found version "3.10.12") found components: Interpreter 
[2.602s] -- Override CMake install command with custom implementation using symlinks instead of copying resources
[2.707s] -- Found ament_lint_auto: 0.12.14 (/opt/ros/humble/share/ament_lint_auto/cmake)
[3.103s] -- Added test 'lint_cmake' to check CMake code style
[3.135s] -- Added test 'xmllint' to check XML markup files
[3.148s] -- Configuring done
[3.165s] -- Generating done
[3.169s] -- Build files have been written to: /media/kai/Kai_Backup/Master_Study/Master_Thesis/Implementation/libfranka_ws/build/garmi_description
[3.202s] Invoked command in '/media/kai/Kai_Backup/Master_Study/Master_Thesis/Implementation/libfranka_ws/build/garmi_description' returned '0': AMENT_PREFIX_PATH=/media/kai/Kai_Backup/Master_Study/Master_Thesis/Implementation/libfranka_ws/install/franka_description:${AMENT_PREFIX_PATH} CMAKE_PREFIX_PATH=/media/kai/Kai_Backup/Master_Study/Master_Thesis/Implementation/libfranka_ws/install/franka_description:/home/kai/Libraries/mujoco/lib/cmake:/home/kai/Libraries/libfranka/lib/cmake:/media/kai/Kai_Backup/Master_Study/Master_Thesis/Implementation/libfranka_ws/install/Model_based_Reinforcement_Learning_In_Teleoperation:/opt/ros/humble /usr/bin/cmake /media/kai/Kai_Backup/Master_Study/Master_Thesis/Implementation/libfranka_ws/src/multipanda_ros2/garmi_packages/garmi_description -DAMENT_CMAKE_SYMLINK_INSTALL=1 -DCMAKE_INSTALL_PREFIX=/media/kai/Kai_Backup/Master_Study/Master_Thesis/Implementation/libfranka_ws/install/garmi_description
[3.203s] Invoking command in '/media/kai/Kai_Backup/Master_Study/Master_Thesis/Implementation/libfranka_ws/build/garmi_description': AMENT_PREFIX_PATH=/media/kai/Kai_Backup/Master_Study/Master_Thesis/Implementation/libfranka_ws/install/franka_description:${AMENT_PREFIX_PATH} CMAKE_PREFIX_PATH=/media/kai/Kai_Backup/Master_Study/Master_Thesis/Implementation/libfranka_ws/install/franka_description:/home/kai/Libraries/mujoco/lib/cmake:/home/kai/Libraries/libfranka/lib/cmake:/media/kai/Kai_Backup/Master_Study/Master_Thesis/Implementation/libfranka_ws/install/Model_based_Reinforcement_Learning_In_Teleoperation:/opt/ros/humble /usr/bin/cmake --build /media/kai/Kai_Backup/Master_Study/Master_Thesis/Implementation/libfranka_ws/build/garmi_description -- -j9 -l9
[3.991s] Invoked command in '/media/kai/Kai_Backup/Master_Study/Master_Thesis/Implementation/libfranka_ws/build/garmi_description' returned '0': AMENT_PREFIX_PATH=/media/kai/Kai_Backup/Master_Study/Master_Thesis/Implementation/libfranka_ws/install/franka_description:${AMENT_PREFIX_PATH} CMAKE_PREFIX_PATH=/media/kai/Kai_Backup/Master_Study/Master_Thesis/Implementation/libfranka_ws/install/franka_description:/home/kai/Libraries/mujoco/lib/cmake:/home/kai/Libraries/libfranka/lib/cmake:/media/kai/Kai_Backup/Master_Study/Master_Thesis/Implementation/libfranka_ws/install/Model_based_Reinforcement_Learning_In_Teleoperation:/opt/ros/humble /usr/bin/cmake --build /media/kai/Kai_Backup/Master_Study/Master_Thesis/Implementation/libfranka_ws/build/garmi_description -- -j9 -l9
[4.063s] Invoking command in '/media/kai/Kai_Backup/Master_Study/Master_Thesis/Implementation/libfranka_ws/build/garmi_description': AMENT_PREFIX_PATH=/media/kai/Kai_Backup/Master_Study/Master_Thesis/Implementation/libfranka_ws/install/franka_description:${AMENT_PREFIX_PATH} CMAKE_PREFIX_PATH=/media/kai/Kai_Backup/Master_Study/Master_Thesis/Implementation/libfranka_ws/install/franka_description:/home/kai/Libraries/mujoco/lib/cmake:/home/kai/Libraries/libfranka/lib/cmake:/media/kai/Kai_Backup/Master_Study/Master_Thesis/Implementation/libfranka_ws/install/Model_based_Reinforcement_Learning_In_Teleoperation:/opt/ros/humble /usr/bin/cmake --install /media/kai/Kai_Backup/Master_Study/Master_Thesis/Implementation/libfranka_ws/build/garmi_description
[7.358s] -- Install configuration: ""
[7.358s] -- Execute custom install script
[7.358s] -- Symlinking: /media/kai/Kai_Backup/Master_Study/Master_Thesis/Implementation/libfranka_ws/install/garmi_description/share/garmi_description//robots/base.xacro
[7.358s] -- Symlinking: /media/kai/Kai_Backup/Master_Study/Master_Thesis/Implementation/libfranka_ws/install/garmi_description/share/garmi_description//robots/dual_panda_mjros.ros2_control.xacro
[7.358s] -- Symlinking: /media/kai/Kai_Backup/Master_Study/Master_Thesis/Implementation/libfranka_ws/install/garmi_description/share/garmi_description//robots/garmi_base_head_only_real.urdf.xacro
[7.358s] -- Symlinking: /media/kai/Kai_Backup/Master_Study/Master_Thesis/Implementation/libfranka_ws/install/garmi_description/share/garmi_description//robots/garmi_base_mjros.ros2_control.xacro
[7.359s] -- Symlinking: /media/kai/Kai_Backup/Master_Study/Master_Thesis/Implementation/libfranka_ws/install/garmi_description/share/garmi_description//robots/garmi_base_real.ros2_control.xacro
[7.359s] -- Symlinking: /media/kai/Kai_Backup/Master_Study/Master_Thesis/Implementation/libfranka_ws/install/garmi_description/share/garmi_description//robots/garmi_head_mjros.ros2_control.xacro
[7.359s] -- Symlinking: /media/kai/Kai_Backup/Master_Study/Master_Thesis/Implementation/libfranka_ws/install/garmi_description/share/garmi_description//robots/garmi_head_real.ros2_control.xacro
[7.359s] -- Symlinking: /media/kai/Kai_Backup/Master_Study/Master_Thesis/Implementation/libfranka_ws/install/garmi_description/share/garmi_description//robots/garmi_real.urdf.xacro
[7.359s] -- Symlinking: /media/kai/Kai_Backup/Master_Study/Master_Thesis/Implementation/libfranka_ws/install/garmi_description/share/garmi_description//robots/garmi_sim.urdf.xacro
[7.359s] -- Symlinking: /media/kai/Kai_Backup/Master_Study/Master_Thesis/Implementation/libfranka_ws/install/garmi_description/share/garmi_description//robots/garmi_wheel.xacro
[7.359s] -- Symlinking: /media/kai/Kai_Backup/Master_Study/Master_Thesis/Implementation/libfranka_ws/install/garmi_description/share/garmi_description//robots/head.xacro
[7.359s] -- Symlinking: /media/kai/Kai_Backup/Master_Study/Master_Thesis/Implementation/libfranka_ws/install/garmi_description/share/garmi_description//robots/lidar_with_wheel_mount.xacro
[7.359s] -- Symlinking: /media/kai/Kai_Backup/Master_Study/Master_Thesis/Implementation/libfranka_ws/install/garmi_description/share/garmi_description//robots/meshes/head.dae
[7.360s] -- Symlinking: /media/kai/Kai_Backup/Master_Study/Master_Thesis/Implementation/libfranka_ws/install/garmi_description/share/garmi_description//robots/meshes/mobile_platform.dae
[7.360s] -- Symlinking: /media/kai/Kai_Backup/Master_Study/Master_Thesis/Implementation/libfranka_ws/install/garmi_description/share/garmi_description//robots/meshes/mobile_platform.dae.meta
[7.360s] -- Symlinking: /media/kai/Kai_Backup/Master_Study/Master_Thesis/Implementation/libfranka_ws/install/garmi_description/share/garmi_description//robots/meshes/rplidarA2.dae
[7.360s] -- Symlinking: /media/kai/Kai_Backup/Master_Study/Master_Thesis/Implementation/libfranka_ws/install/garmi_description/share/garmi_description//robots/meshes/torso.dae
[7.360s] -- Symlinking: /media/kai/Kai_Backup/Master_Study/Master_Thesis/Implementation/libfranka_ws/install/garmi_description/share/garmi_description//robots/mobile_platform.xacro
[7.360s] -- Symlinking: /media/kai/Kai_Backup/Master_Study/Master_Thesis/Implementation/libfranka_ws/install/garmi_description/share/garmi_description//robots/rplidarA2.xacro
[7.360s] -- Symlinking: /media/kai/Kai_Backup/Master_Study/Master_Thesis/Implementation/libfranka_ws/install/garmi_description/share/garmi_description//robots/rplidarA2_kinematics.xacro
[7.360s] -- Symlinking: /media/kai/Kai_Backup/Master_Study/Master_Thesis/Implementation/libfranka_ws/install/garmi_description/share/garmi_description//mujoco/garmi/assets/meshes/cameras/d435.obj
[7.360s] -- Symlinking: /media/kai/Kai_Backup/Master_Study/Master_Thesis/Implementation/libfranka_ws/install/garmi_description/share/garmi_description//mujoco/garmi/assets/meshes/cameras/d435_glass.obj
[7.361s] -- Symlinking: /media/kai/Kai_Backup/Master_Study/Master_Thesis/Implementation/libfranka_ws/install/garmi_description/share/garmi_description//mujoco/garmi/assets/meshes/garmi/base.obj
[7.361s] -- Symlinking: /media/kai/Kai_Backup/Master_Study/Master_Thesis/Implementation/libfranka_ws/install/garmi_description/share/garmi_description//mujoco/garmi/assets/meshes/garmi/caster_wheel.obj
[7.361s] -- Symlinking: /media/kai/Kai_Backup/Master_Study/Master_Thesis/Implementation/libfranka_ws/install/garmi_description/share/garmi_description//mujoco/garmi/assets/meshes/garmi/head.mtl
[7.365s] -- Symlinking: /media/kai/Kai_Backup/Master_Study/Master_Thesis/Implementation/libfranka_ws/install/garmi_description/share/garmi_description//mujoco/garmi/assets/meshes/garmi/head.obj
[7.365s] -- Symlinking: /media/kai/Kai_Backup/Master_Study/Master_Thesis/Implementation/libfranka_ws/install/garmi_description/share/garmi_description//mujoco/garmi/assets/meshes/garmi/inlet.obj
[7.366s] -- Symlinking: /media/kai/Kai_Backup/Master_Study/Master_Thesis/Implementation/libfranka_ws/install/garmi_description/share/garmi_description//mujoco/garmi/assets/meshes/garmi/rplidarA2.obj
[7.366s] -- Symlinking: /media/kai/Kai_Backup/Master_Study/Master_Thesis/Implementation/libfranka_ws/install/garmi_description/share/garmi_description//mujoco/garmi/assets/meshes/garmi/tire.obj
[7.366s] -- Symlinking: /media/kai/Kai_Backup/Master_Study/Master_Thesis/Implementation/libfranka_ws/install/garmi_description/share/garmi_description//mujoco/garmi/assets/meshes/garmi/torso.obj
[7.366s] -- Symlinking: /media/kai/Kai_Backup/Master_Study/Master_Thesis/Implementation/libfranka_ws/install/garmi_description/share/garmi_description//mujoco/garmi/assets/meshes/garmi/visor.obj
[7.366s] -- Symlinking: /media/kai/Kai_Backup/Master_Study/Master_Thesis/Implementation/libfranka_ws/install/garmi_description/share/garmi_description//mujoco/garmi/assets/meshes/garmi/wheel.obj
[7.366s] -- Symlinking: /media/kai/Kai_Backup/Master_Study/Master_Thesis/Implementation/libfranka_ws/install/garmi_description/share/garmi_description//mujoco/garmi/assets/meshes/panda/finger.obj
[7.366s] -- Symlinking: /media/kai/Kai_Backup/Master_Study/Master_Thesis/Implementation/libfranka_ws/install/garmi_description/share/garmi_description//mujoco/garmi/assets/meshes/panda/hand.obj
[7.366s] -- Symlinking: /media/kai/Kai_Backup/Master_Study/Master_Thesis/Implementation/libfranka_ws/install/garmi_description/share/garmi_description//mujoco/garmi/assets/meshes/panda/link0.mtl
[7.366s] -- Symlinking: /media/kai/Kai_Backup/Master_Study/Master_Thesis/Implementation/libfranka_ws/install/garmi_description/share/garmi_description//mujoco/garmi/assets/meshes/panda/link0.obj
[7.366s] -- Symlinking: /media/kai/Kai_Backup/Master_Study/Master_Thesis/Implementation/libfranka_ws/install/garmi_description/share/garmi_description//mujoco/garmi/assets/meshes/panda/link1.obj
[7.367s] -- Symlinking: /media/kai/Kai_Backup/Master_Study/Master_Thesis/Implementation/libfranka_ws/install/garmi_description/share/garmi_description//mujoco/garmi/assets/meshes/panda/link2.obj
[7.367s] -- Symlinking: /media/kai/Kai_Backup/Master_Study/Master_Thesis/Implementation/libfranka_ws/install/garmi_description/share/garmi_description//mujoco/garmi/assets/meshes/panda/link3.obj
[7.367s] -- Symlinking: /media/kai/Kai_Backup/Master_Study/Master_Thesis/Implementation/libfranka_ws/install/garmi_description/share/garmi_description//mujoco/garmi/assets/meshes/panda/link4.obj
[7.367s] -- Symlinking: /media/kai/Kai_Backup/Master_Study/Master_Thesis/Implementation/libfranka_ws/install/garmi_description/share/garmi_description//mujoco/garmi/assets/meshes/panda/link5.obj
[7.367s] -- Symlinking: /media/kai/Kai_Backup/Master_Study/Master_Thesis/Implementation/libfranka_ws/install/garmi_description/share/garmi_description//mujoco/garmi/assets/meshes/panda/link6.obj
[7.367s] -- Symlinking: /media/kai/Kai_Backup/Master_Study/Master_Thesis/Implementation/libfranka_ws/install/garmi_description/share/garmi_description//mujoco/garmi/assets/meshes/panda/link7.obj
[7.367s] -- Symlinking: /media/kai/Kai_Backup/Master_Study/Master_Thesis/Implementation/libfranka_ws/install/garmi_description/share/garmi_description//mujoco/garmi/assets/textures/eyes.png
[7.367s] -- Symlinking: /media/kai/Kai_Backup/Master_Study/Master_Thesis/Implementation/libfranka_ws/install/garmi_description/share/garmi_description//mujoco/garmi/assets/textures/garmi/head.png
[7.367s] -- Symlinking: /media/kai/Kai_Backup/Master_Study/Master_Thesis/Implementation/libfranka_ws/install/garmi_description/share/garmi_description//mujoco/garmi/assets/textures/garmi/torso.png
[7.368s] -- Symlinking: /media/kai/Kai_Backup/Master_Study/Master_Thesis/Implementation/libfranka_ws/install/garmi_description/share/garmi_description//mujoco/garmi/assets/textures/panda/panda.png
[7.368s] -- Symlinking: /media/kai/Kai_Backup/Master_Study/Master_Thesis/Implementation/libfranka_ws/install/garmi_description/share/garmi_description//mujoco/garmi/assets/xml/garmi.xml
[7.368s] -- Symlinking: /media/kai/Kai_Backup/Master_Study/Master_Thesis/Implementation/libfranka_ws/install/garmi_description/share/garmi_description//mujoco/garmi/assets/xml/garmi_lidar.xml
[7.368s] -- Symlinking: /media/kai/Kai_Backup/Master_Study/Master_Thesis/Implementation/libfranka_ws/install/garmi_description/share/garmi_description//mujoco/garmi/assets/xml/garmi_ng.xml
[7.368s] -- Symlinking: /media/kai/Kai_Backup/Master_Study/Master_Thesis/Implementation/libfranka_ws/install/garmi_description/share/garmi_description//mujoco/garmi/assets/xml/include/garmi.xml
[7.368s] -- Symlinking: /media/kai/Kai_Backup/Master_Study/Master_Thesis/Implementation/libfranka_ws/install/garmi_description/share/garmi_description//mujoco/garmi/assets/xml/include/garmi_ng.xml
[7.368s] -- Symlinking: /media/kai/Kai_Backup/Master_Study/Master_Thesis/Implementation/libfranka_ws/install/garmi_description/share/garmi_description//mujoco/garmi/assets/xml/include/panda_assets.xml
[7.368s] -- Symlinking: /media/kai/Kai_Backup/Master_Study/Master_Thesis/Implementation/libfranka_ws/install/garmi_description/share/garmi_description//rviz/visualize_garmi.rviz
[7.368s] -- Symlinking: /media/kai/Kai_Backup/Master_Study/Master_Thesis/Implementation/libfranka_ws/install/garmi_description/share/ament_index/resource_index/package_run_dependencies/garmi_description
[7.368s] -- Symlinking: /media/kai/Kai_Backup/Master_Study/Master_Thesis/Implementation/libfranka_ws/install/garmi_description/share/ament_index/resource_index/parent_prefix_path/garmi_description
[7.369s] -- Symlinking: /media/kai/Kai_Backup/Master_Study/Master_Thesis/Implementation/libfranka_ws/install/garmi_description/share/garmi_description/environment/ament_prefix_path.sh
[7.369s] -- Symlinking: /media/kai/Kai_Backup/Master_Study/Master_Thesis/Implementation/libfranka_ws/install/garmi_description/share/garmi_description/environment/ament_prefix_path.dsv
[7.369s] -- Symlinking: /media/kai/Kai_Backup/Master_Study/Master_Thesis/Implementation/libfranka_ws/install/garmi_description/share/garmi_description/environment/path.sh
[7.369s] -- Symlinking: /media/kai/Kai_Backup/Master_Study/Master_Thesis/Implementation/libfranka_ws/install/garmi_description/share/garmi_description/environment/path.dsv
[7.377s] -- Symlinking: /media/kai/Kai_Backup/Master_Study/Master_Thesis/Implementation/libfranka_ws/install/garmi_description/share/garmi_description/local_setup.bash
[7.377s] -- Symlinking: /media/kai/Kai_Backup/Master_Study/Master_Thesis/Implementation/libfranka_ws/install/garmi_description/share/garmi_description/local_setup.sh
[7.377s] -- Symlinking: /media/kai/Kai_Backup/Master_Study/Master_Thesis/Implementation/libfranka_ws/install/garmi_description/share/garmi_description/local_setup.zsh
[7.378s] -- Symlinking: /media/kai/Kai_Backup/Master_Study/Master_Thesis/Implementation/libfranka_ws/install/garmi_description/share/garmi_description/local_setup.dsv
[7.378s] -- Symlinking: /media/kai/Kai_Backup/Master_Study/Master_Thesis/Implementation/libfranka_ws/install/garmi_description/share/garmi_description/package.dsv
[7.378s] -- Symlinking: /media/kai/Kai_Backup/Master_Study/Master_Thesis/Implementation/libfranka_ws/install/garmi_description/share/ament_index/resource_index/packages/garmi_description
[7.378s] -- Symlinking: /media/kai/Kai_Backup/Master_Study/Master_Thesis/Implementation/libfranka_ws/install/garmi_description/share/garmi_description/cmake/garmi_descriptionConfig.cmake
[7.378s] -- Symlinking: /media/kai/Kai_Backup/Master_Study/Master_Thesis/Implementation/libfranka_ws/install/garmi_description/share/garmi_description/cmake/garmi_descriptionConfig-version.cmake
[7.378s] -- Symlinking: /media/kai/Kai_Backup/Master_Study/Master_Thesis/Implementation/libfranka_ws/install/garmi_description/share/garmi_description/package.xml
[7.402s] Invoked command in '/media/kai/Kai_Backup/Master_Study/Master_Thesis/Implementation/libfranka_ws/build/garmi_description' returned '0': AMENT_PREFIX_PATH=/media/kai/Kai_Backup/Master_Study/Master_Thesis/Implementation/libfranka_ws/install/franka_description:${AMENT_PREFIX_PATH} CMAKE_PREFIX_PATH=/media/kai/Kai_Backup/Master_Study/Master_Thesis/Implementation/libfranka_ws/install/franka_description:/home/kai/Libraries/mujoco/lib/cmake:/home/kai/Libraries/libfranka/lib/cmake:/media/kai/Kai_Backup/Master_Study/Master_Thesis/Implementation/libfranka_ws/install/Model_based_Reinforcement_Learning_In_Teleoperation:/opt/ros/humble /usr/bin/cmake --install /media/kai/Kai_Backup/Master_Study/Master_Thesis/Implementation/libfranka_ws/build/garmi_description
