running develop
running egg_info
creating Hierarchical_RL_Teleoperation.egg-info
writing Hierarchical_RL_Teleoperation.egg-info/PKG-INFO
writing dependency_links to Hierarchical_RL_Teleoperation.egg-info/dependency_links.txt
writing entry points to Hierarchical_RL_Teleoperation.egg-info/entry_points.txt
writing requirements to Hierarchical_RL_Teleoperation.egg-info/requires.txt
writing top-level names to Hierarchical_RL_Teleoperation.egg-info/top_level.txt
writing manifest file 'Hierarchical_RL_Teleoperation.egg-info/SOURCES.txt'
reading manifest file 'Hierarchical_RL_Teleoperation.egg-info/SOURCES.txt'
writing manifest file 'Hierarchical_RL_Teleoperation.egg-info/SOURCES.txt'
running build_ext
Creating /media/kai/Kai_Backup/Master_Study/Master_Thesis/Implementation/libfranka_ws/install/Hierarchical_RL_Teleoperation/lib/python3.10/site-packages/Hierarchical-RL-Teleoperation.egg-link (link to .)
Installing local_node script to /media/kai/Kai_Backup/Master_Study/Master_Thesis/Implementation/libfranka_ws/install/Hierarchical_RL_Teleoperation/lib/Hierarchical_Reinforcement_Learning_for_Adaptive_Control_Under_Stochastic_Network_Delays
Installing remote_node script to /media/kai/Kai_Backup/Master_Study/Master_Thesis/Implementation/libfranka_ws/install/Hierarchical_RL_Teleoperation/lib/Hierarchical_Reinforcement_Learning_for_Adaptive_Control_Under_Stochastic_Network_Delays
Installing remote_simulated_node script to /media/kai/Kai_Backup/Master_Study/Master_Thesis/Implementation/libfranka_ws/install/Hierarchical_RL_Teleoperation/lib/Hierarchical_Reinforcement_Learning_for_Adaptive_Control_Under_Stochastic_Network_Delays

Installed /media/kai/Kai_Backup/Master_Study/Master_Thesis/Implementation/libfranka_ws/build/Hierarchical_RL_Teleoperation
running symlink_data
creating /media/kai/Kai_Backup/Master_Study/Master_Thesis/Implementation/libfranka_ws/install/Hierarchical_RL_Teleoperation/share/ament_index
creating /media/kai/Kai_Backup/Master_Study/Master_Thesis/Implementation/libfranka_ws/install/Hierarchical_RL_Teleoperation/share/ament_index/resource_index
creating /media/kai/Kai_Backup/Master_Study/Master_Thesis/Implementation/libfranka_ws/install/Hierarchical_RL_Teleoperation/share/ament_index/resource_index/packages
symbolically linking /media/kai/Kai_Backup/Master_Study/Master_Thesis/Implementation/libfranka_ws/build/Hierarchical_RL_Teleoperation/resource/Hierarchical_RL_Teleoperation -> /media/kai/Kai_Backup/Master_Study/Master_Thesis/Implementation/libfranka_ws/install/Hierarchical_RL_Teleoperation/share/ament_index/resource_index/packages
symbolically linking /media/kai/Kai_Backup/Master_Study/Master_Thesis/Implementation/libfranka_ws/build/Hierarchical_RL_Teleoperation/package.xml -> /media/kai/Kai_Backup/Master_Study/Master_Thesis/Implementation/libfranka_ws/install/Hierarchical_RL_Teleoperation/share/Hierarchical_RL_Teleoperation
creating /media/kai/Kai_Backup/Master_Study/Master_Thesis/Implementation/libfranka_ws/install/Hierarchical_RL_Teleoperation/share/Hierarchical_RL_Teleoperation/launch
symbolically linking /media/kai/Kai_Backup/Master_Study/Master_Thesis/Implementation/libfranka_ws/build/Hierarchical_RL_Teleoperation/launch/follower_real_robot.launch.py -> /media/kai/Kai_Backup/Master_Study/Master_Thesis/Implementation/libfranka_ws/install/Hierarchical_RL_Teleoperation/share/Hierarchical_RL_Teleoperation/launch
symbolically linking /media/kai/Kai_Backup/Master_Study/Master_Thesis/Implementation/libfranka_ws/build/Hierarchical_RL_Teleoperation/launch/follower_mujoco_simulator.launch.py -> /media/kai/Kai_Backup/Master_Study/Master_Thesis/Implementation/libfranka_ws/install/Hierarchical_RL_Teleoperation/share/Hierarchical_RL_Teleoperation/launch
creating /media/kai/Kai_Backup/Master_Study/Master_Thesis/Implementation/libfranka_ws/install/Hierarchical_RL_Teleoperation/share/Hierarchical_RL_Teleoperation/config
creating /media/kai/Kai_Backup/Master_Study/Master_Thesis/Implementation/libfranka_ws/install/Hierarchical_RL_Teleoperation/share/Hierarchical_RL_Teleoperation/params
