[  0%] Built target ament_cmake_python_symlink_panda_motion_generator_msgs
[  1%] Built target panda_motion_generator_msgs__cpp
[ 12%] Built target panda_motion_generator_msgs__rosidl_generator_c
[35m[1mConsolidate compiler generated dependencies of target panda_motion_generator_msgs__rosidl_typesupport_fastrtps_c[0m
[35m[1mConsolidate compiler generated dependencies of target panda_motion_generator_msgs__rosidl_typesupport_c[0m
[35m[1mConsolidate compiler generated dependencies of target panda_motion_generator_msgs__rosidl_typesupport_introspection_c[0m
[ 26%] Built target panda_motion_generator_msgs__rosidl_typesupport_c
[ 34%] Built target panda_motion_generator_msgs__rosidl_typesupport_fastrtps_c
[ 46%] Built target panda_motion_generator_msgs__rosidl_typesupport_introspection_c
[ 57%] Built target panda_motion_generator_msgs__rosidl_typesupport_fastrtps_cpp
[ 79%] Built target panda_motion_generator_msgs__rosidl_typesupport_cpp
[ 77%] Built target panda_motion_generator_msgs__rosidl_typesupport_introspection_cpp
[ 79%] Built target panda_motion_generator_msgs
[ 80%] [34m[1mGenerating Python code for ROS interfaces[0m
running egg_info
writing panda_motion_generator_msgs.egg-info/PKG-INFO
writing dependency_links to panda_motion_generator_msgs.egg-info/dependency_links.txt
writing top-level names to panda_motion_generator_msgs.egg-info/top_level.txt
reading manifest file 'panda_motion_generator_msgs.egg-info/SOURCES.txt'
writing manifest file 'panda_motion_generator_msgs.egg-info/SOURCES.txt'
[ 80%] Built target ament_cmake_python_build_panda_motion_generator_msgs_egg
[ 80%] Built target panda_motion_generator_msgs__py
[ 82%] [32mBuilding C object CMakeFiles/panda_motion_generator_msgs__rosidl_generator_py.dir/rosidl_generator_py/panda_motion_generator_msgs/msg/_joint_pose_s.c.o[0m
[ 84%] [32mBuilding C object CMakeFiles/panda_motion_generator_msgs__rosidl_generator_py.dir/rosidl_generator_py/panda_motion_generator_msgs/msg/_simple_action_result_s.c.o[0m
[ 85%] [32mBuilding C object CMakeFiles/panda_motion_generator_msgs__rosidl_generator_py.dir/rosidl_generator_py/panda_motion_generator_msgs/msg/_set_time_scaling_s.c.o[0m
[ 87%] [32mBuilding C object CMakeFiles/panda_motion_generator_msgs__rosidl_generator_py.dir/rosidl_generator_py/panda_motion_generator_msgs/action/_cartesian_via_motion_s.c.o[0m
[ 88%] [32mBuilding C object CMakeFiles/panda_motion_generator_msgs__rosidl_generator_py.dir/rosidl_generator_py/panda_motion_generator_msgs/action/_joint_via_motion_s.c.o[0m
gmake[2]: *** [CMakeFiles/panda_motion_generator_msgs__rosidl_generator_py.dir/build.make:132: CMakeFiles/panda_motion_generator_msgs__rosidl_generator_py.dir/rosidl_generator_py/panda_motion_generator_msgs/action/_joint_via_motion_s.c.o] Interrupt
gmake[1]: *** [CMakeFiles/Makefile2:475: CMakeFiles/panda_motion_generator_msgs__rosidl_generator_py.dir/all] Interrupt
gmake: *** [Makefile:146: all] Interrupt
