[0.126s] Invoking command in '/media/kai/Kai_Backup/Master_Study/Master_Thesis/Implementation/libfranka_ws/build/garmi_controllers': CMAKE_PREFIX_PATH=${CMAKE_PREFIX_PATH}:/opt/ros/humble /usr/bin/cmake --build /media/kai/Kai_Backup/Master_Study/Master_Thesis/Implementation/libfranka_ws/build/garmi_controllers -- -j12 -l12
[0.750s] [35m[1mConsolidate compiler generated dependencies of target garmi_controllers[0m
[0.750s] [100%] Built target garmi_controllers
[0.804s] Invoked command in '/media/kai/Kai_Backup/Master_Study/Master_Thesis/Implementation/libfranka_ws/build/garmi_controllers' returned '0': CMAKE_PREFIX_PATH=${CMAKE_PREFIX_PATH}:/opt/ros/humble /usr/bin/cmake --build /media/kai/Kai_Backup/Master_Study/Master_Thesis/Implementation/libfranka_ws/build/garmi_controllers -- -j12 -l12
[0.813s] Invoking command in '/media/kai/Kai_Backup/Master_Study/Master_Thesis/Implementation/libfranka_ws/build/garmi_controllers': CMAKE_PREFIX_PATH=${CMAKE_PREFIX_PATH}:/opt/ros/humble /usr/bin/cmake --install /media/kai/Kai_Backup/Master_Study/Master_Thesis/Implementation/libfranka_ws/build/garmi_controllers
[0.970s] -- Install configuration: ""
[0.970s] -- Execute custom install script
[0.981s] -- Up-to-date symlink: /media/kai/Kai_Backup/Master_Study/Master_Thesis/Implementation/libfranka_ws/install/garmi_controllers/share/garmi_controllers//garmi_controllers.xml
[0.981s] -- Up-to-date symlink: /media/kai/Kai_Backup/Master_Study/Master_Thesis/Implementation/libfranka_ws/install/garmi_controllers/lib/libgarmi_controllers.so
[0.981s] -- Up-to-date symlink: /media/kai/Kai_Backup/Master_Study/Master_Thesis/Implementation/libfranka_ws/install/garmi_controllers/include/garmi_controllers/head_controller.hpp
[0.981s] -- Up-to-date symlink: /media/kai/Kai_Backup/Master_Study/Master_Thesis/Implementation/libfranka_ws/install/garmi_controllers/include/garmi_controllers/head_controller.hpp.backup
[0.981s] -- Up-to-date symlink: /media/kai/Kai_Backup/Master_Study/Master_Thesis/Implementation/libfranka_ws/install/garmi_controllers/include/garmi_controllers/mobile_base_controller.hpp
[0.981s] -- Up-to-date symlink: /media/kai/Kai_Backup/Master_Study/Master_Thesis/Implementation/libfranka_ws/install/garmi_controllers/share/garmi_controllers/environment/library_path.sh
[0.981s] -- Up-to-date symlink: /media/kai/Kai_Backup/Master_Study/Master_Thesis/Implementation/libfranka_ws/install/garmi_controllers/share/garmi_controllers/environment/library_path.dsv
[0.981s] -- Up-to-date symlink: /media/kai/Kai_Backup/Master_Study/Master_Thesis/Implementation/libfranka_ws/install/garmi_controllers/share/ament_index/resource_index/package_run_dependencies/garmi_controllers
[0.982s] -- Up-to-date symlink: /media/kai/Kai_Backup/Master_Study/Master_Thesis/Implementation/libfranka_ws/install/garmi_controllers/share/ament_index/resource_index/parent_prefix_path/garmi_controllers
[0.983s] -- Up-to-date symlink: /media/kai/Kai_Backup/Master_Study/Master_Thesis/Implementation/libfranka_ws/install/garmi_controllers/share/garmi_controllers/environment/ament_prefix_path.sh
[0.984s] -- Up-to-date symlink: /media/kai/Kai_Backup/Master_Study/Master_Thesis/Implementation/libfranka_ws/install/garmi_controllers/share/garmi_controllers/environment/ament_prefix_path.dsv
[0.984s] -- Up-to-date symlink: /media/kai/Kai_Backup/Master_Study/Master_Thesis/Implementation/libfranka_ws/install/garmi_controllers/share/garmi_controllers/environment/path.sh
[0.984s] -- Up-to-date symlink: /media/kai/Kai_Backup/Master_Study/Master_Thesis/Implementation/libfranka_ws/install/garmi_controllers/share/garmi_controllers/environment/path.dsv
[0.984s] -- Up-to-date symlink: /media/kai/Kai_Backup/Master_Study/Master_Thesis/Implementation/libfranka_ws/install/garmi_controllers/share/garmi_controllers/local_setup.bash
[0.987s] -- Up-to-date symlink: /media/kai/Kai_Backup/Master_Study/Master_Thesis/Implementation/libfranka_ws/install/garmi_controllers/share/garmi_controllers/local_setup.sh
[0.987s] -- Up-to-date symlink: /media/kai/Kai_Backup/Master_Study/Master_Thesis/Implementation/libfranka_ws/install/garmi_controllers/share/garmi_controllers/local_setup.zsh
[0.987s] -- Up-to-date symlink: /media/kai/Kai_Backup/Master_Study/Master_Thesis/Implementation/libfranka_ws/install/garmi_controllers/share/garmi_controllers/local_setup.dsv
[0.987s] -- Symlinking: /media/kai/Kai_Backup/Master_Study/Master_Thesis/Implementation/libfranka_ws/install/garmi_controllers/share/garmi_controllers/package.dsv
[0.988s] -- Up-to-date symlink: /media/kai/Kai_Backup/Master_Study/Master_Thesis/Implementation/libfranka_ws/install/garmi_controllers/share/ament_index/resource_index/packages/garmi_controllers
[0.988s] -- Up-to-date symlink: /media/kai/Kai_Backup/Master_Study/Master_Thesis/Implementation/libfranka_ws/install/garmi_controllers/share/ament_index/resource_index/controller_interface__pluginlib__plugin/garmi_controllers
[0.988s] -- Up-to-date symlink: /media/kai/Kai_Backup/Master_Study/Master_Thesis/Implementation/libfranka_ws/install/garmi_controllers/share/garmi_controllers/cmake/ament_cmake_export_include_directories-extras.cmake
[0.988s] -- Up-to-date symlink: /media/kai/Kai_Backup/Master_Study/Master_Thesis/Implementation/libfranka_ws/install/garmi_controllers/share/garmi_controllers/cmake/ament_cmake_export_libraries-extras.cmake
[0.995s] -- Up-to-date symlink: /media/kai/Kai_Backup/Master_Study/Master_Thesis/Implementation/libfranka_ws/install/garmi_controllers/share/garmi_controllers/cmake/ament_cmake_export_dependencies-extras.cmake
[0.996s] -- Up-to-date symlink: /media/kai/Kai_Backup/Master_Study/Master_Thesis/Implementation/libfranka_ws/install/garmi_controllers/share/garmi_controllers/cmake/garmi_controllersConfig.cmake
[0.996s] -- Up-to-date symlink: /media/kai/Kai_Backup/Master_Study/Master_Thesis/Implementation/libfranka_ws/install/garmi_controllers/share/garmi_controllers/cmake/garmi_controllersConfig-version.cmake
[0.997s] -- Up-to-date symlink: /media/kai/Kai_Backup/Master_Study/Master_Thesis/Implementation/libfranka_ws/install/garmi_controllers/share/garmi_controllers/package.xml
[1.101s] Invoked command in '/media/kai/Kai_Backup/Master_Study/Master_Thesis/Implementation/libfranka_ws/build/garmi_controllers' returned '0': CMAKE_PREFIX_PATH=${CMAKE_PREFIX_PATH}:/opt/ros/humble /usr/bin/cmake --install /media/kai/Kai_Backup/Master_Study/Master_Thesis/Implementation/libfranka_ws/build/garmi_controllers
