[0.071s] Invoking command in '/media/kai/Kai_Backup/Master_Study/Master_Thesis/Implementation/libfranka_ws/build/BULLET_PHYSICS': /usr/bin/cmake /media/kai/Kai_Backup/Master_Study/Master_Thesis/Implementation/libfranka_ws/bullet3 -DCMAKE_INSTALL_PREFIX=/media/kai/Kai_Backup/Master_Study/Master_Thesis/Implementation/libfranka_ws/install/BULLET_PHYSICS
[0.893s] -- The C compiler identification is GNU 11.4.0
[0.894s] -- The CXX compiler identification is GNU 11.4.0
[0.894s] -- Detecting C compiler ABI info
[0.894s] -- Detecting C compiler ABI info - done
[0.894s] -- Check for working C compiler: /usr/bin/cc - skipped
[0.894s] -- Detecting C compile features
[0.894s] -- Detecting C compile features - done
[0.895s] -- Detecting CXX compiler ABI info
[1.074s] -- Detecting CXX compiler ABI info - done
[1.102s] -- Check for working CXX compiler: /usr/bin/c++ - skipped
[1.103s] -- Detecting CXX compile features
[1.104s] -- Detecting CXX compile features - done
[1.110s] [0mLinux[0m
[1.176s] [33mCMake Warning (dev) at /usr/share/cmake-3.22/Modules/FindOpenGL.cmake:315 (message):
[1.177s]   Policy CMP0072 is not set: FindOpenGL prefers GLVND by default when
[1.177s]   available.  Run "cmake --help-policy CMP0072" for policy details.  Use the
[1.177s]   cmake_policy command to set the policy and suppress this warning.
[1.177s] 
[1.177s]   FindOpenGL found both a legacy GL library:
[1.178s] 
[1.178s]     OPENGL_gl_LIBRARY: /usr/lib/x86_64-linux-gnu/libGL.so
[1.178s] 
[1.178s]   and GLVND libraries for OpenGL and GLX:
[1.178s] 
[1.178s]     OPENGL_opengl_LIBRARY: /usr/lib/x86_64-linux-gnu/libOpenGL.so
[1.178s]     OPENGL_glx_LIBRARY: /usr/lib/x86_64-linux-gnu/libGLX.so
[1.179s] 
[1.179s]   OpenGL_GL_PREFERENCE has not been set to "GLVND" or "LEGACY", so for
[1.179s]   compatibility with CMake 3.10 and below the legacy GL library will be used.
[1.179s] Call Stack (most recent call first):
[1.179s]   CMakeLists.txt:312 (FIND_PACKAGE)
[1.179s] This warning is for project developers.  Use -Wno-dev to suppress it.
[1.180s] [0m
[1.197s] -- Found OpenGL: /usr/lib/x86_64-linux-gnu/libOpenGL.so   
[1.197s] [0mOPENGL FOUND[0m
[1.197s] [0m/usr/lib/x86_64-linux-gnu/libGL.so[0m
[1.231s] -- Looking for pthread.h
[1.654s] -- Looking for pthread.h - found
[1.654s] -- Performing Test CMAKE_HAVE_LIBC_PTHREAD
[2.014s] -- Performing Test CMAKE_HAVE_LIBC_PTHREAD - Success
[2.018s] -- Found Threads: TRUE  
[2.142s] -- Configuring done
[2.971s] -- Generating done
[3.086s] -- Build files have been written to: /media/kai/Kai_Backup/Master_Study/Master_Thesis/Implementation/libfranka_ws/build/BULLET_PHYSICS
