[0.123s] DEBUG:colcon:Command line arguments: ['/usr/bin/colcon', 'build', '--packages-up-to', 'mujoco_ros']
[0.124s] DEBUG:colcon:Parsed command line arguments: Namespace(log_base=None, log_level=None, verb_name='build', build_base='build', install_base='install', merge_install=False, symlink_install=False, test_result_base=None, continue_on_error=False, executor='parallel', parallel_workers=12, event_handlers=None, ignore_user_meta=False, metas=['./colcon.meta'], base_paths=['.'], packages_ignore=None, packages_ignore_regex=None, paths=None, packages_up_to=['mujoco_ros'], packages_up_to_regex=None, packages_above=None, packages_above_and_dependencies=None, packages_above_depth=None, packages_select_by_dep=None, packages_skip_by_dep=None, packages_skip_up_to=None, packages_select_build_failed=False, packages_skip_build_finished=False, packages_select_test_failures=False, packages_skip_test_passed=False, packages_select=None, packages_skip=None, packages_select_regex=None, packages_skip_regex=None, packages_start=None, packages_end=None, allow_overriding=[], cmake_args=None, cmake_target=None, cmake_target_skip_unavailable=False, cmake_clean_cache=False, cmake_clean_first=False, cmake_force_configure=False, ament_cmake_args=None, catkin_cmake_args=None, catkin_skip_building_tests=False, mixin_files=None, mixin=None, verb_parser=<colcon_mixin.mixin.mixin_argument.MixinArgumentDecorator object at 0x7f9aaa09ed40>, verb_extension=<colcon_core.verb.build.BuildVerb object at 0x7f9aaa09e740>, main=<bound method BuildVerb.main of <colcon_core.verb.build.BuildVerb object at 0x7f9aaa09e740>>, mixin_verb=('build',))
[0.359s] Level 1:colcon.colcon_core.package_discovery:discover_packages(colcon_meta) check parameters
[0.359s] Level 1:colcon.colcon_core.package_discovery:discover_packages(recursive) check parameters
[0.359s] Level 1:colcon.colcon_core.package_discovery:discover_packages(ignore) check parameters
[0.359s] Level 1:colcon.colcon_core.package_discovery:discover_packages(path) check parameters
[0.359s] Level 1:colcon.colcon_core.package_discovery:discover_packages(colcon_meta) discover
[0.359s] Level 1:colcon.colcon_core.package_discovery:discover_packages(recursive) discover
[0.359s] INFO:colcon.colcon_core.package_discovery:Crawling recursively for packages in '/media/kai/Kai_Backup/Master_Study/Master_Thesis/Implementation/libfranka_ws'
[0.359s] Level 1:colcon.colcon_core.package_identification:_identify(.) by extensions ['ignore', 'ignore_ament_install']
[0.359s] Level 1:colcon.colcon_core.package_identification:_identify(.) by extension 'ignore'
[0.359s] Level 1:colcon.colcon_core.package_identification:_identify(.) by extension 'ignore_ament_install'
[0.359s] Level 1:colcon.colcon_core.package_identification:_identify(.) by extensions ['colcon_pkg']
[0.359s] Level 1:colcon.colcon_core.package_identification:_identify(.) by extension 'colcon_pkg'
[0.359s] Level 1:colcon.colcon_core.package_identification:_identify(.) by extensions ['colcon_meta']
[0.359s] Level 1:colcon.colcon_core.package_identification:_identify(.) by extension 'colcon_meta'
[0.360s] Level 1:colcon.colcon_core.package_identification:_identify(.) by extensions ['ros']
[0.360s] Level 1:colcon.colcon_core.package_identification:_identify(.) by extension 'ros'
[0.369s] Level 1:colcon.colcon_core.package_identification:_identify(.) by extensions ['cmake', 'python']
[0.369s] Level 1:colcon.colcon_core.package_identification:_identify(.) by extension 'cmake'
[0.369s] Level 1:colcon.colcon_core.package_identification:_identify(.) by extension 'python'
[0.369s] Level 1:colcon.colcon_core.package_identification:_identify(.) by extensions ['python_setup_py']
[0.369s] Level 1:colcon.colcon_core.package_identification:_identify(.) by extension 'python_setup_py'
[0.369s] Level 1:colcon.colcon_core.package_identification:_identify(build) by extensions ['ignore', 'ignore_ament_install']
[0.369s] Level 1:colcon.colcon_core.package_identification:_identify(build) by extension 'ignore'
[0.369s] Level 1:colcon.colcon_core.package_identification:_identify(build) ignored
[0.369s] Level 1:colcon.colcon_core.package_identification:_identify(bullet3) by extensions ['ignore', 'ignore_ament_install']
[0.370s] Level 1:colcon.colcon_core.package_identification:_identify(bullet3) by extension 'ignore'
[0.370s] Level 1:colcon.colcon_core.package_identification:_identify(bullet3) by extension 'ignore_ament_install'
[0.370s] Level 1:colcon.colcon_core.package_identification:_identify(bullet3) by extensions ['colcon_pkg']
[0.370s] Level 1:colcon.colcon_core.package_identification:_identify(bullet3) by extension 'colcon_pkg'
[0.370s] Level 1:colcon.colcon_core.package_identification:_identify(bullet3) by extensions ['colcon_meta']
[0.370s] Level 1:colcon.colcon_core.package_identification:_identify(bullet3) by extension 'colcon_meta'
[0.370s] Level 1:colcon.colcon_core.package_identification:_identify(bullet3) by extensions ['ros']
[0.370s] Level 1:colcon.colcon_core.package_identification:_identify(bullet3) by extension 'ros'
[0.370s] Level 1:colcon.colcon_core.package_identification:_identify(bullet3) by extensions ['cmake', 'python']
[0.370s] Level 1:colcon.colcon_core.package_identification:_identify(bullet3) by extension 'cmake'
[0.478s] Level 1:colcon.colcon_core.package_identification:_identify(bullet3) by extension 'python'
[0.478s] DEBUG:colcon.colcon_core.package_identification:Package 'bullet3' with type 'cmake' and name 'BULLET_PHYSICS'
[0.479s] Level 1:colcon.colcon_core.package_identification:_identify(install) by extensions ['ignore', 'ignore_ament_install']
[0.479s] Level 1:colcon.colcon_core.package_identification:_identify(install) by extension 'ignore'
[0.479s] Level 1:colcon.colcon_core.package_identification:_identify(install) ignored
[0.479s] Level 1:colcon.colcon_core.package_identification:_identify(log) by extensions ['ignore', 'ignore_ament_install']
[0.479s] Level 1:colcon.colcon_core.package_identification:_identify(log) by extension 'ignore'
[0.479s] Level 1:colcon.colcon_core.package_identification:_identify(log) ignored
[0.479s] Level 1:colcon.colcon_core.package_identification:_identify(src) by extensions ['ignore', 'ignore_ament_install']
[0.479s] Level 1:colcon.colcon_core.package_identification:_identify(src) by extension 'ignore'
[0.479s] Level 1:colcon.colcon_core.package_identification:_identify(src) by extension 'ignore_ament_install'
[0.480s] Level 1:colcon.colcon_core.package_identification:_identify(src) by extensions ['colcon_pkg']
[0.480s] Level 1:colcon.colcon_core.package_identification:_identify(src) by extension 'colcon_pkg'
[0.480s] Level 1:colcon.colcon_core.package_identification:_identify(src) by extensions ['colcon_meta']
[0.480s] Level 1:colcon.colcon_core.package_identification:_identify(src) by extension 'colcon_meta'
[0.480s] Level 1:colcon.colcon_core.package_identification:_identify(src) by extensions ['ros']
[0.480s] Level 1:colcon.colcon_core.package_identification:_identify(src) by extension 'ros'
[0.480s] Level 1:colcon.colcon_core.package_identification:_identify(src) by extensions ['cmake', 'python']
[0.480s] Level 1:colcon.colcon_core.package_identification:_identify(src) by extension 'cmake'
[0.480s] Level 1:colcon.colcon_core.package_identification:_identify(src) by extension 'python'
[0.480s] Level 1:colcon.colcon_core.package_identification:_identify(src) by extensions ['python_setup_py']
[0.480s] Level 1:colcon.colcon_core.package_identification:_identify(src) by extension 'python_setup_py'
[0.480s] Level 1:colcon.colcon_core.package_identification:_identify(src/Hierarchical_Reinforcement_Learning_for_Adaptive_Control_Under_Stochastic_Network_Delays) by extensions ['ignore', 'ignore_ament_install']
[0.481s] Level 1:colcon.colcon_core.package_identification:_identify(src/Hierarchical_Reinforcement_Learning_for_Adaptive_Control_Under_Stochastic_Network_Delays) by extension 'ignore'
[0.481s] Level 1:colcon.colcon_core.package_identification:_identify(src/Hierarchical_Reinforcement_Learning_for_Adaptive_Control_Under_Stochastic_Network_Delays) by extension 'ignore_ament_install'
[0.481s] Level 1:colcon.colcon_core.package_identification:_identify(src/Hierarchical_Reinforcement_Learning_for_Adaptive_Control_Under_Stochastic_Network_Delays) by extensions ['colcon_pkg']
[0.481s] Level 1:colcon.colcon_core.package_identification:_identify(src/Hierarchical_Reinforcement_Learning_for_Adaptive_Control_Under_Stochastic_Network_Delays) by extension 'colcon_pkg'
[0.481s] Level 1:colcon.colcon_core.package_identification:_identify(src/Hierarchical_Reinforcement_Learning_for_Adaptive_Control_Under_Stochastic_Network_Delays) by extensions ['colcon_meta']
[0.481s] Level 1:colcon.colcon_core.package_identification:_identify(src/Hierarchical_Reinforcement_Learning_for_Adaptive_Control_Under_Stochastic_Network_Delays) by extension 'colcon_meta'
[0.481s] Level 1:colcon.colcon_core.package_identification:_identify(src/Hierarchical_Reinforcement_Learning_for_Adaptive_Control_Under_Stochastic_Network_Delays) by extensions ['ros']
[0.481s] Level 1:colcon.colcon_core.package_identification:_identify(src/Hierarchical_Reinforcement_Learning_for_Adaptive_Control_Under_Stochastic_Network_Delays) by extension 'ros'
[0.484s] DEBUG:colcon.colcon_core.package_identification:Package 'src/Hierarchical_Reinforcement_Learning_for_Adaptive_Control_Under_Stochastic_Network_Delays' with type 'ros.ament_python' and name 'Hierarchical_Reinforcement_Learning_for_Adaptive_Control_Under_Stochastic_Network_Delays'
[0.485s] Level 1:colcon.colcon_core.package_identification:_identify(src/Reinforcement_Learning_In_Teleoperation) by extensions ['ignore', 'ignore_ament_install']
[0.485s] Level 1:colcon.colcon_core.package_identification:_identify(src/Reinforcement_Learning_In_Teleoperation) by extension 'ignore'
[0.485s] Level 1:colcon.colcon_core.package_identification:_identify(src/Reinforcement_Learning_In_Teleoperation) by extension 'ignore_ament_install'
[0.485s] Level 1:colcon.colcon_core.package_identification:_identify(src/Reinforcement_Learning_In_Teleoperation) by extensions ['colcon_pkg']
[0.485s] Level 1:colcon.colcon_core.package_identification:_identify(src/Reinforcement_Learning_In_Teleoperation) by extension 'colcon_pkg'
[0.485s] Level 1:colcon.colcon_core.package_identification:_identify(src/Reinforcement_Learning_In_Teleoperation) by extensions ['colcon_meta']
[0.485s] Level 1:colcon.colcon_core.package_identification:_identify(src/Reinforcement_Learning_In_Teleoperation) by extension 'colcon_meta'
[0.485s] Level 1:colcon.colcon_core.package_identification:_identify(src/Reinforcement_Learning_In_Teleoperation) by extensions ['ros']
[0.485s] Level 1:colcon.colcon_core.package_identification:_identify(src/Reinforcement_Learning_In_Teleoperation) by extension 'ros'
[0.486s] DEBUG:colcon.colcon_core.package_identification:Package 'src/Reinforcement_Learning_In_Teleoperation' with type 'ros.ament_python' and name 'Reinforcement_Learning_In_Teleoperation'
[0.486s] Level 1:colcon.colcon_core.package_identification:_identify(src/mujoco_ros_pkgs) by extensions ['ignore', 'ignore_ament_install']
[0.486s] Level 1:colcon.colcon_core.package_identification:_identify(src/mujoco_ros_pkgs) by extension 'ignore'
[0.486s] Level 1:colcon.colcon_core.package_identification:_identify(src/mujoco_ros_pkgs) by extension 'ignore_ament_install'
[0.486s] Level 1:colcon.colcon_core.package_identification:_identify(src/mujoco_ros_pkgs) by extensions ['colcon_pkg']
[0.486s] Level 1:colcon.colcon_core.package_identification:_identify(src/mujoco_ros_pkgs) by extension 'colcon_pkg'
[0.486s] Level 1:colcon.colcon_core.package_identification:_identify(src/mujoco_ros_pkgs) by extensions ['colcon_meta']
[0.487s] Level 1:colcon.colcon_core.package_identification:_identify(src/mujoco_ros_pkgs) by extension 'colcon_meta'
[0.487s] Level 1:colcon.colcon_core.package_identification:_identify(src/mujoco_ros_pkgs) by extensions ['ros']
[0.487s] Level 1:colcon.colcon_core.package_identification:_identify(src/mujoco_ros_pkgs) by extension 'ros'
[0.487s] Level 1:colcon.colcon_core.package_identification:_identify(src/mujoco_ros_pkgs) by extensions ['cmake', 'python']
[0.487s] Level 1:colcon.colcon_core.package_identification:_identify(src/mujoco_ros_pkgs) by extension 'cmake'
[0.487s] Level 1:colcon.colcon_core.package_identification:_identify(src/mujoco_ros_pkgs) by extension 'python'
[0.487s] Level 1:colcon.colcon_core.package_identification:_identify(src/mujoco_ros_pkgs) by extensions ['python_setup_py']
[0.487s] Level 1:colcon.colcon_core.package_identification:_identify(src/mujoco_ros_pkgs) by extension 'python_setup_py'
[0.487s] Level 1:colcon.colcon_core.package_identification:_identify(src/mujoco_ros_pkgs/mujoco_ros) by extensions ['ignore', 'ignore_ament_install']
[0.487s] Level 1:colcon.colcon_core.package_identification:_identify(src/mujoco_ros_pkgs/mujoco_ros) by extension 'ignore'
[0.487s] Level 1:colcon.colcon_core.package_identification:_identify(src/mujoco_ros_pkgs/mujoco_ros) by extension 'ignore_ament_install'
[0.487s] Level 1:colcon.colcon_core.package_identification:_identify(src/mujoco_ros_pkgs/mujoco_ros) by extensions ['colcon_pkg']
[0.488s] Level 1:colcon.colcon_core.package_identification:_identify(src/mujoco_ros_pkgs/mujoco_ros) by extension 'colcon_pkg'
[0.488s] Level 1:colcon.colcon_core.package_identification:_identify(src/mujoco_ros_pkgs/mujoco_ros) by extensions ['colcon_meta']
[0.488s] Level 1:colcon.colcon_core.package_identification:_identify(src/mujoco_ros_pkgs/mujoco_ros) by extension 'colcon_meta'
[0.488s] Level 1:colcon.colcon_core.package_identification:_identify(src/mujoco_ros_pkgs/mujoco_ros) by extensions ['ros']
[0.488s] Level 1:colcon.colcon_core.package_identification:_identify(src/mujoco_ros_pkgs/mujoco_ros) by extension 'ros'
[0.505s] DEBUG:colcon.colcon_core.package_identification:Package 'src/mujoco_ros_pkgs/mujoco_ros' with type 'ros.ament_cmake' and name 'mujoco_ros'
[0.505s] Level 1:colcon.colcon_core.package_identification:_identify(src/mujoco_ros_pkgs/mujoco_ros2_control) by extensions ['ignore', 'ignore_ament_install']
[0.505s] Level 1:colcon.colcon_core.package_identification:_identify(src/mujoco_ros_pkgs/mujoco_ros2_control) by extension 'ignore'
[0.505s] Level 1:colcon.colcon_core.package_identification:_identify(src/mujoco_ros_pkgs/mujoco_ros2_control) by extension 'ignore_ament_install'
[0.505s] Level 1:colcon.colcon_core.package_identification:_identify(src/mujoco_ros_pkgs/mujoco_ros2_control) by extensions ['colcon_pkg']
[0.505s] Level 1:colcon.colcon_core.package_identification:_identify(src/mujoco_ros_pkgs/mujoco_ros2_control) by extension 'colcon_pkg'
[0.505s] Level 1:colcon.colcon_core.package_identification:_identify(src/mujoco_ros_pkgs/mujoco_ros2_control) by extensions ['colcon_meta']
[0.505s] Level 1:colcon.colcon_core.package_identification:_identify(src/mujoco_ros_pkgs/mujoco_ros2_control) by extension 'colcon_meta'
[0.505s] Level 1:colcon.colcon_core.package_identification:_identify(src/mujoco_ros_pkgs/mujoco_ros2_control) by extensions ['ros']
[0.505s] Level 1:colcon.colcon_core.package_identification:_identify(src/mujoco_ros_pkgs/mujoco_ros2_control) by extension 'ros'
[0.507s] DEBUG:colcon.colcon_core.package_identification:Package 'src/mujoco_ros_pkgs/mujoco_ros2_control' with type 'ros.ament_cmake' and name 'mujoco_ros2_control'
[0.507s] Level 1:colcon.colcon_core.package_identification:_identify(src/mujoco_ros_pkgs/mujoco_ros2_control_system) by extensions ['ignore', 'ignore_ament_install']
[0.507s] Level 1:colcon.colcon_core.package_identification:_identify(src/mujoco_ros_pkgs/mujoco_ros2_control_system) by extension 'ignore'
[0.507s] Level 1:colcon.colcon_core.package_identification:_identify(src/mujoco_ros_pkgs/mujoco_ros2_control_system) by extension 'ignore_ament_install'
[0.507s] Level 1:colcon.colcon_core.package_identification:_identify(src/mujoco_ros_pkgs/mujoco_ros2_control_system) by extensions ['colcon_pkg']
[0.507s] Level 1:colcon.colcon_core.package_identification:_identify(src/mujoco_ros_pkgs/mujoco_ros2_control_system) by extension 'colcon_pkg'
[0.508s] Level 1:colcon.colcon_core.package_identification:_identify(src/mujoco_ros_pkgs/mujoco_ros2_control_system) by extensions ['colcon_meta']
[0.508s] Level 1:colcon.colcon_core.package_identification:_identify(src/mujoco_ros_pkgs/mujoco_ros2_control_system) by extension 'colcon_meta'
[0.508s] Level 1:colcon.colcon_core.package_identification:_identify(src/mujoco_ros_pkgs/mujoco_ros2_control_system) by extensions ['ros']
[0.508s] Level 1:colcon.colcon_core.package_identification:_identify(src/mujoco_ros_pkgs/mujoco_ros2_control_system) by extension 'ros'
[0.509s] DEBUG:colcon.colcon_core.package_identification:Package 'src/mujoco_ros_pkgs/mujoco_ros2_control_system' with type 'ros.ament_cmake' and name 'mujoco_ros2_control_system'
[0.509s] Level 1:colcon.colcon_core.package_identification:_identify(src/mujoco_ros_pkgs/mujoco_ros2_dummy_plugin) by extensions ['ignore', 'ignore_ament_install']
[0.509s] Level 1:colcon.colcon_core.package_identification:_identify(src/mujoco_ros_pkgs/mujoco_ros2_dummy_plugin) by extension 'ignore'
[0.509s] Level 1:colcon.colcon_core.package_identification:_identify(src/mujoco_ros_pkgs/mujoco_ros2_dummy_plugin) by extension 'ignore_ament_install'
[0.509s] Level 1:colcon.colcon_core.package_identification:_identify(src/mujoco_ros_pkgs/mujoco_ros2_dummy_plugin) by extensions ['colcon_pkg']
[0.509s] Level 1:colcon.colcon_core.package_identification:_identify(src/mujoco_ros_pkgs/mujoco_ros2_dummy_plugin) by extension 'colcon_pkg'
[0.509s] Level 1:colcon.colcon_core.package_identification:_identify(src/mujoco_ros_pkgs/mujoco_ros2_dummy_plugin) by extensions ['colcon_meta']
[0.509s] Level 1:colcon.colcon_core.package_identification:_identify(src/mujoco_ros_pkgs/mujoco_ros2_dummy_plugin) by extension 'colcon_meta'
[0.510s] Level 1:colcon.colcon_core.package_identification:_identify(src/mujoco_ros_pkgs/mujoco_ros2_dummy_plugin) by extensions ['ros']
[0.510s] Level 1:colcon.colcon_core.package_identification:_identify(src/mujoco_ros_pkgs/mujoco_ros2_dummy_plugin) by extension 'ros'
[0.511s] DEBUG:colcon.colcon_core.package_identification:Package 'src/mujoco_ros_pkgs/mujoco_ros2_dummy_plugin' with type 'ros.ament_cmake' and name 'mujoco_ros2_dummy_plugin'
[0.511s] Level 1:colcon.colcon_core.package_identification:_identify(src/mujoco_ros_pkgs/mujoco_ros2_sensors) by extensions ['ignore', 'ignore_ament_install']
[0.511s] Level 1:colcon.colcon_core.package_identification:_identify(src/mujoco_ros_pkgs/mujoco_ros2_sensors) by extension 'ignore'
[0.511s] Level 1:colcon.colcon_core.package_identification:_identify(src/mujoco_ros_pkgs/mujoco_ros2_sensors) by extension 'ignore_ament_install'
[0.511s] Level 1:colcon.colcon_core.package_identification:_identify(src/mujoco_ros_pkgs/mujoco_ros2_sensors) by extensions ['colcon_pkg']
[0.511s] Level 1:colcon.colcon_core.package_identification:_identify(src/mujoco_ros_pkgs/mujoco_ros2_sensors) by extension 'colcon_pkg'
[0.511s] Level 1:colcon.colcon_core.package_identification:_identify(src/mujoco_ros_pkgs/mujoco_ros2_sensors) by extensions ['colcon_meta']
[0.511s] Level 1:colcon.colcon_core.package_identification:_identify(src/mujoco_ros_pkgs/mujoco_ros2_sensors) by extension 'colcon_meta'
[0.512s] Level 1:colcon.colcon_core.package_identification:_identify(src/mujoco_ros_pkgs/mujoco_ros2_sensors) by extensions ['ros']
[0.512s] Level 1:colcon.colcon_core.package_identification:_identify(src/mujoco_ros_pkgs/mujoco_ros2_sensors) by extension 'ros'
[0.513s] DEBUG:colcon.colcon_core.package_identification:Package 'src/mujoco_ros_pkgs/mujoco_ros2_sensors' with type 'ros.ament_cmake' and name 'mujoco_ros2_sensors'
[0.514s] Level 1:colcon.colcon_core.package_identification:_identify(src/mujoco_ros_pkgs/mujoco_ros_control) by extensions ['ignore', 'ignore_ament_install']
[0.514s] Level 1:colcon.colcon_core.package_identification:_identify(src/mujoco_ros_pkgs/mujoco_ros_control) by extension 'ignore'
[0.514s] Level 1:colcon.colcon_core.package_identification:_identify(src/mujoco_ros_pkgs/mujoco_ros_control) ignored
[0.514s] Level 1:colcon.colcon_core.package_identification:_identify(src/mujoco_ros_pkgs/mujoco_ros_laser) by extensions ['ignore', 'ignore_ament_install']
[0.514s] Level 1:colcon.colcon_core.package_identification:_identify(src/mujoco_ros_pkgs/mujoco_ros_laser) by extension 'ignore'
[0.514s] Level 1:colcon.colcon_core.package_identification:_identify(src/mujoco_ros_pkgs/mujoco_ros_laser) ignored
[0.514s] Level 1:colcon.colcon_core.package_identification:_identify(src/mujoco_ros_pkgs/mujoco_ros_mocap_plugin) by extensions ['ignore', 'ignore_ament_install']
[0.514s] Level 1:colcon.colcon_core.package_identification:_identify(src/mujoco_ros_pkgs/mujoco_ros_mocap_plugin) by extension 'ignore'
[0.515s] Level 1:colcon.colcon_core.package_identification:_identify(src/mujoco_ros_pkgs/mujoco_ros_mocap_plugin) ignored
[0.515s] Level 1:colcon.colcon_core.package_identification:_identify(src/mujoco_ros_pkgs/mujoco_ros_msgs) by extensions ['ignore', 'ignore_ament_install']
[0.515s] Level 1:colcon.colcon_core.package_identification:_identify(src/mujoco_ros_pkgs/mujoco_ros_msgs) by extension 'ignore'
[0.515s] Level 1:colcon.colcon_core.package_identification:_identify(src/mujoco_ros_pkgs/mujoco_ros_msgs) by extension 'ignore_ament_install'
[0.515s] Level 1:colcon.colcon_core.package_identification:_identify(src/mujoco_ros_pkgs/mujoco_ros_msgs) by extensions ['colcon_pkg']
[0.515s] Level 1:colcon.colcon_core.package_identification:_identify(src/mujoco_ros_pkgs/mujoco_ros_msgs) by extension 'colcon_pkg'
[0.515s] Level 1:colcon.colcon_core.package_identification:_identify(src/mujoco_ros_pkgs/mujoco_ros_msgs) by extensions ['colcon_meta']
[0.515s] Level 1:colcon.colcon_core.package_identification:_identify(src/mujoco_ros_pkgs/mujoco_ros_msgs) by extension 'colcon_meta'
[0.515s] Level 1:colcon.colcon_core.package_identification:_identify(src/mujoco_ros_pkgs/mujoco_ros_msgs) by extensions ['ros']
[0.515s] Level 1:colcon.colcon_core.package_identification:_identify(src/mujoco_ros_pkgs/mujoco_ros_msgs) by extension 'ros'
[0.519s] DEBUG:colcon.colcon_core.package_identification:Package 'src/mujoco_ros_pkgs/mujoco_ros_msgs' with type 'ros.ament_cmake' and name 'mujoco_ros_msgs'
[0.519s] Level 1:colcon.colcon_core.package_identification:_identify(src/mujoco_ros_pkgs/mujoco_ros_pkgs) by extensions ['ignore', 'ignore_ament_install']
[0.519s] Level 1:colcon.colcon_core.package_identification:_identify(src/mujoco_ros_pkgs/mujoco_ros_pkgs) by extension 'ignore'
[0.519s] Level 1:colcon.colcon_core.package_identification:_identify(src/mujoco_ros_pkgs/mujoco_ros_pkgs) by extension 'ignore_ament_install'
[0.519s] Level 1:colcon.colcon_core.package_identification:_identify(src/mujoco_ros_pkgs/mujoco_ros_pkgs) by extensions ['colcon_pkg']
[0.519s] Level 1:colcon.colcon_core.package_identification:_identify(src/mujoco_ros_pkgs/mujoco_ros_pkgs) by extension 'colcon_pkg'
[0.519s] Level 1:colcon.colcon_core.package_identification:_identify(src/mujoco_ros_pkgs/mujoco_ros_pkgs) by extensions ['colcon_meta']
[0.519s] Level 1:colcon.colcon_core.package_identification:_identify(src/mujoco_ros_pkgs/mujoco_ros_pkgs) by extension 'colcon_meta'
[0.519s] Level 1:colcon.colcon_core.package_identification:_identify(src/mujoco_ros_pkgs/mujoco_ros_pkgs) by extensions ['ros']
[0.519s] Level 1:colcon.colcon_core.package_identification:_identify(src/mujoco_ros_pkgs/mujoco_ros_pkgs) by extension 'ros'
[0.522s] DEBUG:colcon.colcon_core.package_identification:Package 'src/mujoco_ros_pkgs/mujoco_ros_pkgs' with type 'ros.ament_cmake' and name 'mujoco_ros_pkgs'
[0.522s] Level 1:colcon.colcon_core.package_identification:_identify(src/mujoco_ros_pkgs/mujoco_ros_sensors) by extensions ['ignore', 'ignore_ament_install']
[0.522s] Level 1:colcon.colcon_core.package_identification:_identify(src/mujoco_ros_pkgs/mujoco_ros_sensors) by extension 'ignore'
[0.522s] Level 1:colcon.colcon_core.package_identification:_identify(src/mujoco_ros_pkgs/mujoco_ros_sensors) ignored
[0.522s] Level 1:colcon.colcon_core.package_identification:_identify(src/multipanda_ros2) by extensions ['ignore', 'ignore_ament_install']
[0.523s] Level 1:colcon.colcon_core.package_identification:_identify(src/multipanda_ros2) by extension 'ignore'
[0.523s] Level 1:colcon.colcon_core.package_identification:_identify(src/multipanda_ros2) by extension 'ignore_ament_install'
[0.523s] Level 1:colcon.colcon_core.package_identification:_identify(src/multipanda_ros2) by extensions ['colcon_pkg']
[0.523s] Level 1:colcon.colcon_core.package_identification:_identify(src/multipanda_ros2) by extension 'colcon_pkg'
[0.523s] Level 1:colcon.colcon_core.package_identification:_identify(src/multipanda_ros2) by extensions ['colcon_meta']
[0.523s] Level 1:colcon.colcon_core.package_identification:_identify(src/multipanda_ros2) by extension 'colcon_meta'
[0.523s] Level 1:colcon.colcon_core.package_identification:_identify(src/multipanda_ros2) by extensions ['ros']
[0.523s] Level 1:colcon.colcon_core.package_identification:_identify(src/multipanda_ros2) by extension 'ros'
[0.523s] Level 1:colcon.colcon_core.package_identification:_identify(src/multipanda_ros2) by extensions ['cmake', 'python']
[0.523s] Level 1:colcon.colcon_core.package_identification:_identify(src/multipanda_ros2) by extension 'cmake'
[0.523s] Level 1:colcon.colcon_core.package_identification:_identify(src/multipanda_ros2) by extension 'python'
[0.523s] Level 1:colcon.colcon_core.package_identification:_identify(src/multipanda_ros2) by extensions ['python_setup_py']
[0.523s] Level 1:colcon.colcon_core.package_identification:_identify(src/multipanda_ros2) by extension 'python_setup_py'
[0.523s] Level 1:colcon.colcon_core.package_identification:_identify(src/multipanda_ros2/docs) by extensions ['ignore', 'ignore_ament_install']
[0.523s] Level 1:colcon.colcon_core.package_identification:_identify(src/multipanda_ros2/docs) by extension 'ignore'
[0.523s] Level 1:colcon.colcon_core.package_identification:_identify(src/multipanda_ros2/docs) by extension 'ignore_ament_install'
[0.523s] Level 1:colcon.colcon_core.package_identification:_identify(src/multipanda_ros2/docs) by extensions ['colcon_pkg']
[0.523s] Level 1:colcon.colcon_core.package_identification:_identify(src/multipanda_ros2/docs) by extension 'colcon_pkg'
[0.523s] Level 1:colcon.colcon_core.package_identification:_identify(src/multipanda_ros2/docs) by extensions ['colcon_meta']
[0.523s] Level 1:colcon.colcon_core.package_identification:_identify(src/multipanda_ros2/docs) by extension 'colcon_meta'
[0.523s] Level 1:colcon.colcon_core.package_identification:_identify(src/multipanda_ros2/docs) by extensions ['ros']
[0.524s] Level 1:colcon.colcon_core.package_identification:_identify(src/multipanda_ros2/docs) by extension 'ros'
[0.524s] Level 1:colcon.colcon_core.package_identification:_identify(src/multipanda_ros2/docs) by extensions ['cmake', 'python']
[0.524s] Level 1:colcon.colcon_core.package_identification:_identify(src/multipanda_ros2/docs) by extension 'cmake'
[0.524s] Level 1:colcon.colcon_core.package_identification:_identify(src/multipanda_ros2/docs) by extension 'python'
[0.524s] Level 1:colcon.colcon_core.package_identification:_identify(src/multipanda_ros2/docs) by extensions ['python_setup_py']
[0.524s] Level 1:colcon.colcon_core.package_identification:_identify(src/multipanda_ros2/docs) by extension 'python_setup_py'
[0.524s] Level 1:colcon.colcon_core.package_identification:_identify(src/multipanda_ros2/docs/chapters) by extensions ['ignore', 'ignore_ament_install']
[0.524s] Level 1:colcon.colcon_core.package_identification:_identify(src/multipanda_ros2/docs/chapters) by extension 'ignore'
[0.524s] Level 1:colcon.colcon_core.package_identification:_identify(src/multipanda_ros2/docs/chapters) by extension 'ignore_ament_install'
[0.524s] Level 1:colcon.colcon_core.package_identification:_identify(src/multipanda_ros2/docs/chapters) by extensions ['colcon_pkg']
[0.524s] Level 1:colcon.colcon_core.package_identification:_identify(src/multipanda_ros2/docs/chapters) by extension 'colcon_pkg'
[0.524s] Level 1:colcon.colcon_core.package_identification:_identify(src/multipanda_ros2/docs/chapters) by extensions ['colcon_meta']
[0.524s] Level 1:colcon.colcon_core.package_identification:_identify(src/multipanda_ros2/docs/chapters) by extension 'colcon_meta'
[0.524s] Level 1:colcon.colcon_core.package_identification:_identify(src/multipanda_ros2/docs/chapters) by extensions ['ros']
[0.524s] Level 1:colcon.colcon_core.package_identification:_identify(src/multipanda_ros2/docs/chapters) by extension 'ros'
[0.524s] Level 1:colcon.colcon_core.package_identification:_identify(src/multipanda_ros2/docs/chapters) by extensions ['cmake', 'python']
[0.524s] Level 1:colcon.colcon_core.package_identification:_identify(src/multipanda_ros2/docs/chapters) by extension 'cmake'
[0.524s] Level 1:colcon.colcon_core.package_identification:_identify(src/multipanda_ros2/docs/chapters) by extension 'python'
[0.524s] Level 1:colcon.colcon_core.package_identification:_identify(src/multipanda_ros2/docs/chapters) by extensions ['python_setup_py']
[0.524s] Level 1:colcon.colcon_core.package_identification:_identify(src/multipanda_ros2/docs/chapters) by extension 'python_setup_py'
[0.525s] Level 1:colcon.colcon_core.package_identification:_identify(src/multipanda_ros2/docs/example_scripts) by extensions ['ignore', 'ignore_ament_install']
[0.525s] Level 1:colcon.colcon_core.package_identification:_identify(src/multipanda_ros2/docs/example_scripts) by extension 'ignore'
[0.525s] Level 1:colcon.colcon_core.package_identification:_identify(src/multipanda_ros2/docs/example_scripts) by extension 'ignore_ament_install'
[0.525s] Level 1:colcon.colcon_core.package_identification:_identify(src/multipanda_ros2/docs/example_scripts) by extensions ['colcon_pkg']
[0.525s] Level 1:colcon.colcon_core.package_identification:_identify(src/multipanda_ros2/docs/example_scripts) by extension 'colcon_pkg'
[0.525s] Level 1:colcon.colcon_core.package_identification:_identify(src/multipanda_ros2/docs/example_scripts) by extensions ['colcon_meta']
[0.525s] Level 1:colcon.colcon_core.package_identification:_identify(src/multipanda_ros2/docs/example_scripts) by extension 'colcon_meta'
[0.525s] Level 1:colcon.colcon_core.package_identification:_identify(src/multipanda_ros2/docs/example_scripts) by extensions ['ros']
[0.525s] Level 1:colcon.colcon_core.package_identification:_identify(src/multipanda_ros2/docs/example_scripts) by extension 'ros'
[0.525s] Level 1:colcon.colcon_core.package_identification:_identify(src/multipanda_ros2/docs/example_scripts) by extensions ['cmake', 'python']
[0.525s] Level 1:colcon.colcon_core.package_identification:_identify(src/multipanda_ros2/docs/example_scripts) by extension 'cmake'
[0.525s] Level 1:colcon.colcon_core.package_identification:_identify(src/multipanda_ros2/docs/example_scripts) by extension 'python'
[0.525s] Level 1:colcon.colcon_core.package_identification:_identify(src/multipanda_ros2/docs/example_scripts) by extensions ['python_setup_py']
[0.525s] Level 1:colcon.colcon_core.package_identification:_identify(src/multipanda_ros2/docs/example_scripts) by extension 'python_setup_py'
[0.525s] Level 1:colcon.colcon_core.package_identification:_identify(src/multipanda_ros2/docs/images) by extensions ['ignore', 'ignore_ament_install']
[0.525s] Level 1:colcon.colcon_core.package_identification:_identify(src/multipanda_ros2/docs/images) by extension 'ignore'
[0.525s] Level 1:colcon.colcon_core.package_identification:_identify(src/multipanda_ros2/docs/images) by extension 'ignore_ament_install'
[0.525s] Level 1:colcon.colcon_core.package_identification:_identify(src/multipanda_ros2/docs/images) by extensions ['colcon_pkg']
[0.526s] Level 1:colcon.colcon_core.package_identification:_identify(src/multipanda_ros2/docs/images) by extension 'colcon_pkg'
[0.526s] Level 1:colcon.colcon_core.package_identification:_identify(src/multipanda_ros2/docs/images) by extensions ['colcon_meta']
[0.526s] Level 1:colcon.colcon_core.package_identification:_identify(src/multipanda_ros2/docs/images) by extension 'colcon_meta'
[0.526s] Level 1:colcon.colcon_core.package_identification:_identify(src/multipanda_ros2/docs/images) by extensions ['ros']
[0.526s] Level 1:colcon.colcon_core.package_identification:_identify(src/multipanda_ros2/docs/images) by extension 'ros'
[0.526s] Level 1:colcon.colcon_core.package_identification:_identify(src/multipanda_ros2/docs/images) by extensions ['cmake', 'python']
[0.526s] Level 1:colcon.colcon_core.package_identification:_identify(src/multipanda_ros2/docs/images) by extension 'cmake'
[0.526s] Level 1:colcon.colcon_core.package_identification:_identify(src/multipanda_ros2/docs/images) by extension 'python'
[0.526s] Level 1:colcon.colcon_core.package_identification:_identify(src/multipanda_ros2/docs/images) by extensions ['python_setup_py']
[0.526s] Level 1:colcon.colcon_core.package_identification:_identify(src/multipanda_ros2/docs/images) by extension 'python_setup_py'
[0.526s] Level 1:colcon.colcon_core.package_identification:_identify(src/multipanda_ros2/franka_bringup) by extensions ['ignore', 'ignore_ament_install']
[0.526s] Level 1:colcon.colcon_core.package_identification:_identify(src/multipanda_ros2/franka_bringup) by extension 'ignore'
[0.526s] Level 1:colcon.colcon_core.package_identification:_identify(src/multipanda_ros2/franka_bringup) by extension 'ignore_ament_install'
[0.526s] Level 1:colcon.colcon_core.package_identification:_identify(src/multipanda_ros2/franka_bringup) by extensions ['colcon_pkg']
[0.526s] Level 1:colcon.colcon_core.package_identification:_identify(src/multipanda_ros2/franka_bringup) by extension 'colcon_pkg'
[0.526s] Level 1:colcon.colcon_core.package_identification:_identify(src/multipanda_ros2/franka_bringup) by extensions ['colcon_meta']
[0.526s] Level 1:colcon.colcon_core.package_identification:_identify(src/multipanda_ros2/franka_bringup) by extension 'colcon_meta'
[0.526s] Level 1:colcon.colcon_core.package_identification:_identify(src/multipanda_ros2/franka_bringup) by extensions ['ros']
[0.526s] Level 1:colcon.colcon_core.package_identification:_identify(src/multipanda_ros2/franka_bringup) by extension 'ros'
[0.527s] DEBUG:colcon.colcon_core.package_identification:Package 'src/multipanda_ros2/franka_bringup' with type 'ros.ament_cmake' and name 'franka_bringup'
[0.527s] Level 1:colcon.colcon_core.package_identification:_identify(src/multipanda_ros2/franka_control2) by extensions ['ignore', 'ignore_ament_install']
[0.527s] Level 1:colcon.colcon_core.package_identification:_identify(src/multipanda_ros2/franka_control2) by extension 'ignore'
[0.527s] Level 1:colcon.colcon_core.package_identification:_identify(src/multipanda_ros2/franka_control2) by extension 'ignore_ament_install'
[0.527s] Level 1:colcon.colcon_core.package_identification:_identify(src/multipanda_ros2/franka_control2) by extensions ['colcon_pkg']
[0.527s] Level 1:colcon.colcon_core.package_identification:_identify(src/multipanda_ros2/franka_control2) by extension 'colcon_pkg'
[0.527s] Level 1:colcon.colcon_core.package_identification:_identify(src/multipanda_ros2/franka_control2) by extensions ['colcon_meta']
[0.528s] Level 1:colcon.colcon_core.package_identification:_identify(src/multipanda_ros2/franka_control2) by extension 'colcon_meta'
[0.528s] Level 1:colcon.colcon_core.package_identification:_identify(src/multipanda_ros2/franka_control2) by extensions ['ros']
[0.528s] Level 1:colcon.colcon_core.package_identification:_identify(src/multipanda_ros2/franka_control2) by extension 'ros'
[0.529s] DEBUG:colcon.colcon_core.package_identification:Package 'src/multipanda_ros2/franka_control2' with type 'ros.ament_cmake' and name 'franka_control2'
[0.530s] Level 1:colcon.colcon_core.package_identification:_identify(src/multipanda_ros2/franka_description) by extensions ['ignore', 'ignore_ament_install']
[0.530s] Level 1:colcon.colcon_core.package_identification:_identify(src/multipanda_ros2/franka_description) by extension 'ignore'
[0.530s] Level 1:colcon.colcon_core.package_identification:_identify(src/multipanda_ros2/franka_description) by extension 'ignore_ament_install'
[0.530s] Level 1:colcon.colcon_core.package_identification:_identify(src/multipanda_ros2/franka_description) by extensions ['colcon_pkg']
[0.530s] Level 1:colcon.colcon_core.package_identification:_identify(src/multipanda_ros2/franka_description) by extension 'colcon_pkg'
[0.530s] Level 1:colcon.colcon_core.package_identification:_identify(src/multipanda_ros2/franka_description) by extensions ['colcon_meta']
[0.530s] Level 1:colcon.colcon_core.package_identification:_identify(src/multipanda_ros2/franka_description) by extension 'colcon_meta'
[0.530s] Level 1:colcon.colcon_core.package_identification:_identify(src/multipanda_ros2/franka_description) by extensions ['ros']
[0.530s] Level 1:colcon.colcon_core.package_identification:_identify(src/multipanda_ros2/franka_description) by extension 'ros'
[0.531s] DEBUG:colcon.colcon_core.package_identification:Package 'src/multipanda_ros2/franka_description' with type 'ros.ament_cmake' and name 'franka_description'
[0.531s] Level 1:colcon.colcon_core.package_identification:_identify(src/multipanda_ros2/franka_example_controllers) by extensions ['ignore', 'ignore_ament_install']
[0.531s] Level 1:colcon.colcon_core.package_identification:_identify(src/multipanda_ros2/franka_example_controllers) by extension 'ignore'
[0.531s] Level 1:colcon.colcon_core.package_identification:_identify(src/multipanda_ros2/franka_example_controllers) by extension 'ignore_ament_install'
[0.531s] Level 1:colcon.colcon_core.package_identification:_identify(src/multipanda_ros2/franka_example_controllers) by extensions ['colcon_pkg']
[0.531s] Level 1:colcon.colcon_core.package_identification:_identify(src/multipanda_ros2/franka_example_controllers) by extension 'colcon_pkg'
[0.531s] Level 1:colcon.colcon_core.package_identification:_identify(src/multipanda_ros2/franka_example_controllers) by extensions ['colcon_meta']
[0.531s] Level 1:colcon.colcon_core.package_identification:_identify(src/multipanda_ros2/franka_example_controllers) by extension 'colcon_meta'
[0.531s] Level 1:colcon.colcon_core.package_identification:_identify(src/multipanda_ros2/franka_example_controllers) by extensions ['ros']
[0.531s] Level 1:colcon.colcon_core.package_identification:_identify(src/multipanda_ros2/franka_example_controllers) by extension 'ros'
[0.532s] DEBUG:colcon.colcon_core.package_identification:Package 'src/multipanda_ros2/franka_example_controllers' with type 'ros.ament_cmake' and name 'franka_example_controllers'
[0.532s] Level 1:colcon.colcon_core.package_identification:_identify(src/multipanda_ros2/franka_gripper) by extensions ['ignore', 'ignore_ament_install']
[0.532s] Level 1:colcon.colcon_core.package_identification:_identify(src/multipanda_ros2/franka_gripper) by extension 'ignore'
[0.532s] Level 1:colcon.colcon_core.package_identification:_identify(src/multipanda_ros2/franka_gripper) by extension 'ignore_ament_install'
[0.533s] Level 1:colcon.colcon_core.package_identification:_identify(src/multipanda_ros2/franka_gripper) by extensions ['colcon_pkg']
[0.533s] Level 1:colcon.colcon_core.package_identification:_identify(src/multipanda_ros2/franka_gripper) by extension 'colcon_pkg'
[0.533s] Level 1:colcon.colcon_core.package_identification:_identify(src/multipanda_ros2/franka_gripper) by extensions ['colcon_meta']
[0.533s] Level 1:colcon.colcon_core.package_identification:_identify(src/multipanda_ros2/franka_gripper) by extension 'colcon_meta'
[0.533s] Level 1:colcon.colcon_core.package_identification:_identify(src/multipanda_ros2/franka_gripper) by extensions ['ros']
[0.533s] Level 1:colcon.colcon_core.package_identification:_identify(src/multipanda_ros2/franka_gripper) by extension 'ros'
[0.534s] DEBUG:colcon.colcon_core.package_identification:Package 'src/multipanda_ros2/franka_gripper' with type 'ros.ament_cmake' and name 'franka_gripper'
[0.535s] Level 1:colcon.colcon_core.package_identification:_identify(src/multipanda_ros2/franka_hardware) by extensions ['ignore', 'ignore_ament_install']
[0.535s] Level 1:colcon.colcon_core.package_identification:_identify(src/multipanda_ros2/franka_hardware) by extension 'ignore'
[0.535s] Level 1:colcon.colcon_core.package_identification:_identify(src/multipanda_ros2/franka_hardware) by extension 'ignore_ament_install'
[0.535s] Level 1:colcon.colcon_core.package_identification:_identify(src/multipanda_ros2/franka_hardware) by extensions ['colcon_pkg']
[0.535s] Level 1:colcon.colcon_core.package_identification:_identify(src/multipanda_ros2/franka_hardware) by extension 'colcon_pkg'
[0.535s] Level 1:colcon.colcon_core.package_identification:_identify(src/multipanda_ros2/franka_hardware) by extensions ['colcon_meta']
[0.535s] Level 1:colcon.colcon_core.package_identification:_identify(src/multipanda_ros2/franka_hardware) by extension 'colcon_meta'
[0.535s] Level 1:colcon.colcon_core.package_identification:_identify(src/multipanda_ros2/franka_hardware) by extensions ['ros']
[0.535s] Level 1:colcon.colcon_core.package_identification:_identify(src/multipanda_ros2/franka_hardware) by extension 'ros'
[0.537s] DEBUG:colcon.colcon_core.package_identification:Package 'src/multipanda_ros2/franka_hardware' with type 'ros.ament_cmake' and name 'franka_hardware'
[0.537s] Level 1:colcon.colcon_core.package_identification:_identify(src/multipanda_ros2/franka_moveit_config) by extensions ['ignore', 'ignore_ament_install']
[0.537s] Level 1:colcon.colcon_core.package_identification:_identify(src/multipanda_ros2/franka_moveit_config) by extension 'ignore'
[0.537s] Level 1:colcon.colcon_core.package_identification:_identify(src/multipanda_ros2/franka_moveit_config) by extension 'ignore_ament_install'
[0.537s] Level 1:colcon.colcon_core.package_identification:_identify(src/multipanda_ros2/franka_moveit_config) by extensions ['colcon_pkg']
[0.537s] Level 1:colcon.colcon_core.package_identification:_identify(src/multipanda_ros2/franka_moveit_config) by extension 'colcon_pkg'
[0.537s] Level 1:colcon.colcon_core.package_identification:_identify(src/multipanda_ros2/franka_moveit_config) by extensions ['colcon_meta']
[0.537s] Level 1:colcon.colcon_core.package_identification:_identify(src/multipanda_ros2/franka_moveit_config) by extension 'colcon_meta'
[0.537s] Level 1:colcon.colcon_core.package_identification:_identify(src/multipanda_ros2/franka_moveit_config) by extensions ['ros']
[0.537s] Level 1:colcon.colcon_core.package_identification:_identify(src/multipanda_ros2/franka_moveit_config) by extension 'ros'
[0.538s] DEBUG:colcon.colcon_core.package_identification:Package 'src/multipanda_ros2/franka_moveit_config' with type 'ros.ament_cmake' and name 'franka_moveit_config'
[0.538s] Level 1:colcon.colcon_core.package_identification:_identify(src/multipanda_ros2/franka_msgs) by extensions ['ignore', 'ignore_ament_install']
[0.539s] Level 1:colcon.colcon_core.package_identification:_identify(src/multipanda_ros2/franka_msgs) by extension 'ignore'
[0.539s] Level 1:colcon.colcon_core.package_identification:_identify(src/multipanda_ros2/franka_msgs) by extension 'ignore_ament_install'
[0.539s] Level 1:colcon.colcon_core.package_identification:_identify(src/multipanda_ros2/franka_msgs) by extensions ['colcon_pkg']
[0.539s] Level 1:colcon.colcon_core.package_identification:_identify(src/multipanda_ros2/franka_msgs) by extension 'colcon_pkg'
[0.539s] Level 1:colcon.colcon_core.package_identification:_identify(src/multipanda_ros2/franka_msgs) by extensions ['colcon_meta']
[0.539s] Level 1:colcon.colcon_core.package_identification:_identify(src/multipanda_ros2/franka_msgs) by extension 'colcon_meta'
[0.539s] Level 1:colcon.colcon_core.package_identification:_identify(src/multipanda_ros2/franka_msgs) by extensions ['ros']
[0.539s] Level 1:colcon.colcon_core.package_identification:_identify(src/multipanda_ros2/franka_msgs) by extension 'ros'
[0.540s] DEBUG:colcon.colcon_core.package_identification:Package 'src/multipanda_ros2/franka_msgs' with type 'ros.ament_cmake' and name 'franka_msgs'
[0.540s] Level 1:colcon.colcon_core.package_identification:_identify(src/multipanda_ros2/franka_multi_mode_controller) by extensions ['ignore', 'ignore_ament_install']
[0.540s] Level 1:colcon.colcon_core.package_identification:_identify(src/multipanda_ros2/franka_multi_mode_controller) by extension 'ignore'
[0.540s] Level 1:colcon.colcon_core.package_identification:_identify(src/multipanda_ros2/franka_multi_mode_controller) by extension 'ignore_ament_install'
[0.541s] Level 1:colcon.colcon_core.package_identification:_identify(src/multipanda_ros2/franka_multi_mode_controller) by extensions ['colcon_pkg']
[0.541s] Level 1:colcon.colcon_core.package_identification:_identify(src/multipanda_ros2/franka_multi_mode_controller) by extension 'colcon_pkg'
[0.541s] Level 1:colcon.colcon_core.package_identification:_identify(src/multipanda_ros2/franka_multi_mode_controller) by extensions ['colcon_meta']
[0.541s] Level 1:colcon.colcon_core.package_identification:_identify(src/multipanda_ros2/franka_multi_mode_controller) by extension 'colcon_meta'
[0.541s] Level 1:colcon.colcon_core.package_identification:_identify(src/multipanda_ros2/franka_multi_mode_controller) by extensions ['ros']
[0.541s] Level 1:colcon.colcon_core.package_identification:_identify(src/multipanda_ros2/franka_multi_mode_controller) by extension 'ros'
[0.541s] Level 1:colcon.colcon_core.package_identification:_identify(src/multipanda_ros2/franka_multi_mode_controller) by extensions ['cmake', 'python']
[0.541s] Level 1:colcon.colcon_core.package_identification:_identify(src/multipanda_ros2/franka_multi_mode_controller) by extension 'cmake'
[0.541s] Level 1:colcon.colcon_core.package_identification:_identify(src/multipanda_ros2/franka_multi_mode_controller) by extension 'python'
[0.541s] Level 1:colcon.colcon_core.package_identification:_identify(src/multipanda_ros2/franka_multi_mode_controller) by extensions ['python_setup_py']
[0.541s] Level 1:colcon.colcon_core.package_identification:_identify(src/multipanda_ros2/franka_multi_mode_controller) by extension 'python_setup_py'
[0.541s] Level 1:colcon.colcon_core.package_identification:_identify(src/multipanda_ros2/franka_multi_mode_controller/multi_mode_control_msgs) by extensions ['ignore', 'ignore_ament_install']
[0.541s] Level 1:colcon.colcon_core.package_identification:_identify(src/multipanda_ros2/franka_multi_mode_controller/multi_mode_control_msgs) by extension 'ignore'
[0.542s] Level 1:colcon.colcon_core.package_identification:_identify(src/multipanda_ros2/franka_multi_mode_controller/multi_mode_control_msgs) by extension 'ignore_ament_install'
[0.542s] Level 1:colcon.colcon_core.package_identification:_identify(src/multipanda_ros2/franka_multi_mode_controller/multi_mode_control_msgs) by extensions ['colcon_pkg']
[0.542s] Level 1:colcon.colcon_core.package_identification:_identify(src/multipanda_ros2/franka_multi_mode_controller/multi_mode_control_msgs) by extension 'colcon_pkg'
[0.542s] Level 1:colcon.colcon_core.package_identification:_identify(src/multipanda_ros2/franka_multi_mode_controller/multi_mode_control_msgs) by extensions ['colcon_meta']
[0.542s] Level 1:colcon.colcon_core.package_identification:_identify(src/multipanda_ros2/franka_multi_mode_controller/multi_mode_control_msgs) by extension 'colcon_meta'
[0.542s] Level 1:colcon.colcon_core.package_identification:_identify(src/multipanda_ros2/franka_multi_mode_controller/multi_mode_control_msgs) by extensions ['ros']
[0.542s] Level 1:colcon.colcon_core.package_identification:_identify(src/multipanda_ros2/franka_multi_mode_controller/multi_mode_control_msgs) by extension 'ros'
[0.543s] DEBUG:colcon.colcon_core.package_identification:Package 'src/multipanda_ros2/franka_multi_mode_controller/multi_mode_control_msgs' with type 'ros.ament_cmake' and name 'multi_mode_control_msgs'
[0.543s] Level 1:colcon.colcon_core.package_identification:_identify(src/multipanda_ros2/franka_multi_mode_controller/multi_mode_controller) by extensions ['ignore', 'ignore_ament_install']
[0.543s] Level 1:colcon.colcon_core.package_identification:_identify(src/multipanda_ros2/franka_multi_mode_controller/multi_mode_controller) by extension 'ignore'
[0.543s] Level 1:colcon.colcon_core.package_identification:_identify(src/multipanda_ros2/franka_multi_mode_controller/multi_mode_controller) by extension 'ignore_ament_install'
[0.543s] Level 1:colcon.colcon_core.package_identification:_identify(src/multipanda_ros2/franka_multi_mode_controller/multi_mode_controller) by extensions ['colcon_pkg']
[0.543s] Level 1:colcon.colcon_core.package_identification:_identify(src/multipanda_ros2/franka_multi_mode_controller/multi_mode_controller) by extension 'colcon_pkg'
[0.543s] Level 1:colcon.colcon_core.package_identification:_identify(src/multipanda_ros2/franka_multi_mode_controller/multi_mode_controller) by extensions ['colcon_meta']
[0.543s] Level 1:colcon.colcon_core.package_identification:_identify(src/multipanda_ros2/franka_multi_mode_controller/multi_mode_controller) by extension 'colcon_meta'
[0.543s] Level 1:colcon.colcon_core.package_identification:_identify(src/multipanda_ros2/franka_multi_mode_controller/multi_mode_controller) by extensions ['ros']
[0.544s] Level 1:colcon.colcon_core.package_identification:_identify(src/multipanda_ros2/franka_multi_mode_controller/multi_mode_controller) by extension 'ros'
[0.544s] DEBUG:colcon.colcon_core.package_identification:Package 'src/multipanda_ros2/franka_multi_mode_controller/multi_mode_controller' with type 'ros.ament_cmake' and name 'multi_mode_controller'
[0.545s] Level 1:colcon.colcon_core.package_identification:_identify(src/multipanda_ros2/franka_multi_mode_controller/multi_mode_controller_impl) by extensions ['ignore', 'ignore_ament_install']
[0.545s] Level 1:colcon.colcon_core.package_identification:_identify(src/multipanda_ros2/franka_multi_mode_controller/multi_mode_controller_impl) by extension 'ignore'
[0.545s] Level 1:colcon.colcon_core.package_identification:_identify(src/multipanda_ros2/franka_multi_mode_controller/multi_mode_controller_impl) by extension 'ignore_ament_install'
[0.545s] Level 1:colcon.colcon_core.package_identification:_identify(src/multipanda_ros2/franka_multi_mode_controller/multi_mode_controller_impl) by extensions ['colcon_pkg']
[0.545s] Level 1:colcon.colcon_core.package_identification:_identify(src/multipanda_ros2/franka_multi_mode_controller/multi_mode_controller_impl) by extension 'colcon_pkg'
[0.545s] Level 1:colcon.colcon_core.package_identification:_identify(src/multipanda_ros2/franka_multi_mode_controller/multi_mode_controller_impl) by extensions ['colcon_meta']
[0.545s] Level 1:colcon.colcon_core.package_identification:_identify(src/multipanda_ros2/franka_multi_mode_controller/multi_mode_controller_impl) by extension 'colcon_meta'
[0.545s] Level 1:colcon.colcon_core.package_identification:_identify(src/multipanda_ros2/franka_multi_mode_controller/multi_mode_controller_impl) by extensions ['ros']
[0.545s] Level 1:colcon.colcon_core.package_identification:_identify(src/multipanda_ros2/franka_multi_mode_controller/multi_mode_controller_impl) by extension 'ros'
[0.547s] DEBUG:colcon.colcon_core.package_identification:Package 'src/multipanda_ros2/franka_multi_mode_controller/multi_mode_controller_impl' with type 'ros.ament_cmake' and name 'multi_mode_controller_impl'
[0.547s] Level 1:colcon.colcon_core.package_identification:_identify(src/multipanda_ros2/franka_multi_mode_controller/panda_motion_generator_msgs) by extensions ['ignore', 'ignore_ament_install']
[0.547s] Level 1:colcon.colcon_core.package_identification:_identify(src/multipanda_ros2/franka_multi_mode_controller/panda_motion_generator_msgs) by extension 'ignore'
[0.547s] Level 1:colcon.colcon_core.package_identification:_identify(src/multipanda_ros2/franka_multi_mode_controller/panda_motion_generator_msgs) by extension 'ignore_ament_install'
[0.547s] Level 1:colcon.colcon_core.package_identification:_identify(src/multipanda_ros2/franka_multi_mode_controller/panda_motion_generator_msgs) by extensions ['colcon_pkg']
[0.547s] Level 1:colcon.colcon_core.package_identification:_identify(src/multipanda_ros2/franka_multi_mode_controller/panda_motion_generator_msgs) by extension 'colcon_pkg'
[0.548s] Level 1:colcon.colcon_core.package_identification:_identify(src/multipanda_ros2/franka_multi_mode_controller/panda_motion_generator_msgs) by extensions ['colcon_meta']
[0.548s] Level 1:colcon.colcon_core.package_identification:_identify(src/multipanda_ros2/franka_multi_mode_controller/panda_motion_generator_msgs) by extension 'colcon_meta'
[0.548s] Level 1:colcon.colcon_core.package_identification:_identify(src/multipanda_ros2/franka_multi_mode_controller/panda_motion_generator_msgs) by extensions ['ros']
[0.548s] Level 1:colcon.colcon_core.package_identification:_identify(src/multipanda_ros2/franka_multi_mode_controller/panda_motion_generator_msgs) by extension 'ros'
[0.548s] DEBUG:colcon.colcon_core.package_identification:Package 'src/multipanda_ros2/franka_multi_mode_controller/panda_motion_generator_msgs' with type 'ros.ament_cmake' and name 'panda_motion_generator_msgs'
[0.549s] Level 1:colcon.colcon_core.package_identification:_identify(src/multipanda_ros2/franka_multi_mode_controller/panda_motion_generators) by extensions ['ignore', 'ignore_ament_install']
[0.549s] Level 1:colcon.colcon_core.package_identification:_identify(src/multipanda_ros2/franka_multi_mode_controller/panda_motion_generators) by extension 'ignore'
[0.549s] Level 1:colcon.colcon_core.package_identification:_identify(src/multipanda_ros2/franka_multi_mode_controller/panda_motion_generators) by extension 'ignore_ament_install'
[0.549s] Level 1:colcon.colcon_core.package_identification:_identify(src/multipanda_ros2/franka_multi_mode_controller/panda_motion_generators) by extensions ['colcon_pkg']
[0.549s] Level 1:colcon.colcon_core.package_identification:_identify(src/multipanda_ros2/franka_multi_mode_controller/panda_motion_generators) by extension 'colcon_pkg'
[0.549s] Level 1:colcon.colcon_core.package_identification:_identify(src/multipanda_ros2/franka_multi_mode_controller/panda_motion_generators) by extensions ['colcon_meta']
[0.549s] Level 1:colcon.colcon_core.package_identification:_identify(src/multipanda_ros2/franka_multi_mode_controller/panda_motion_generators) by extension 'colcon_meta'
[0.549s] Level 1:colcon.colcon_core.package_identification:_identify(src/multipanda_ros2/franka_multi_mode_controller/panda_motion_generators) by extensions ['ros']
[0.549s] Level 1:colcon.colcon_core.package_identification:_identify(src/multipanda_ros2/franka_multi_mode_controller/panda_motion_generators) by extension 'ros'
[0.550s] DEBUG:colcon.colcon_core.package_identification:Package 'src/multipanda_ros2/franka_multi_mode_controller/panda_motion_generators' with type 'ros.ament_cmake' and name 'panda_motion_generators'
[0.550s] Level 1:colcon.colcon_core.package_identification:_identify(src/multipanda_ros2/franka_robot_state_broadcaster) by extensions ['ignore', 'ignore_ament_install']
[0.550s] Level 1:colcon.colcon_core.package_identification:_identify(src/multipanda_ros2/franka_robot_state_broadcaster) by extension 'ignore'
[0.550s] Level 1:colcon.colcon_core.package_identification:_identify(src/multipanda_ros2/franka_robot_state_broadcaster) by extension 'ignore_ament_install'
[0.550s] Level 1:colcon.colcon_core.package_identification:_identify(src/multipanda_ros2/franka_robot_state_broadcaster) by extensions ['colcon_pkg']
[0.550s] Level 1:colcon.colcon_core.package_identification:_identify(src/multipanda_ros2/franka_robot_state_broadcaster) by extension 'colcon_pkg'
[0.550s] Level 1:colcon.colcon_core.package_identification:_identify(src/multipanda_ros2/franka_robot_state_broadcaster) by extensions ['colcon_meta']
[0.550s] Level 1:colcon.colcon_core.package_identification:_identify(src/multipanda_ros2/franka_robot_state_broadcaster) by extension 'colcon_meta'
[0.550s] Level 1:colcon.colcon_core.package_identification:_identify(src/multipanda_ros2/franka_robot_state_broadcaster) by extensions ['ros']
[0.550s] Level 1:colcon.colcon_core.package_identification:_identify(src/multipanda_ros2/franka_robot_state_broadcaster) by extension 'ros'
[0.552s] DEBUG:colcon.colcon_core.package_identification:Package 'src/multipanda_ros2/franka_robot_state_broadcaster' with type 'ros.ament_cmake' and name 'franka_robot_state_broadcaster'
[0.552s] Level 1:colcon.colcon_core.package_identification:_identify(src/multipanda_ros2/franka_semantic_components) by extensions ['ignore', 'ignore_ament_install']
[0.552s] Level 1:colcon.colcon_core.package_identification:_identify(src/multipanda_ros2/franka_semantic_components) by extension 'ignore'
[0.552s] Level 1:colcon.colcon_core.package_identification:_identify(src/multipanda_ros2/franka_semantic_components) by extension 'ignore_ament_install'
[0.552s] Level 1:colcon.colcon_core.package_identification:_identify(src/multipanda_ros2/franka_semantic_components) by extensions ['colcon_pkg']
[0.552s] Level 1:colcon.colcon_core.package_identification:_identify(src/multipanda_ros2/franka_semantic_components) by extension 'colcon_pkg'
[0.552s] Level 1:colcon.colcon_core.package_identification:_identify(src/multipanda_ros2/franka_semantic_components) by extensions ['colcon_meta']
[0.552s] Level 1:colcon.colcon_core.package_identification:_identify(src/multipanda_ros2/franka_semantic_components) by extension 'colcon_meta'
[0.552s] Level 1:colcon.colcon_core.package_identification:_identify(src/multipanda_ros2/franka_semantic_components) by extensions ['ros']
[0.552s] Level 1:colcon.colcon_core.package_identification:_identify(src/multipanda_ros2/franka_semantic_components) by extension 'ros'
[0.553s] DEBUG:colcon.colcon_core.package_identification:Package 'src/multipanda_ros2/franka_semantic_components' with type 'ros.ament_cmake' and name 'franka_semantic_components'
[0.553s] Level 1:colcon.colcon_core.package_identification:_identify(src/multipanda_ros2/garmi_packages) by extensions ['ignore', 'ignore_ament_install']
[0.553s] Level 1:colcon.colcon_core.package_identification:_identify(src/multipanda_ros2/garmi_packages) by extension 'ignore'
[0.553s] Level 1:colcon.colcon_core.package_identification:_identify(src/multipanda_ros2/garmi_packages) by extension 'ignore_ament_install'
[0.553s] Level 1:colcon.colcon_core.package_identification:_identify(src/multipanda_ros2/garmi_packages) by extensions ['colcon_pkg']
[0.553s] Level 1:colcon.colcon_core.package_identification:_identify(src/multipanda_ros2/garmi_packages) by extension 'colcon_pkg'
[0.553s] Level 1:colcon.colcon_core.package_identification:_identify(src/multipanda_ros2/garmi_packages) by extensions ['colcon_meta']
[0.554s] Level 1:colcon.colcon_core.package_identification:_identify(src/multipanda_ros2/garmi_packages) by extension 'colcon_meta'
[0.554s] Level 1:colcon.colcon_core.package_identification:_identify(src/multipanda_ros2/garmi_packages) by extensions ['ros']
[0.554s] Level 1:colcon.colcon_core.package_identification:_identify(src/multipanda_ros2/garmi_packages) by extension 'ros'
[0.554s] Level 1:colcon.colcon_core.package_identification:_identify(src/multipanda_ros2/garmi_packages) by extensions ['cmake', 'python']
[0.554s] Level 1:colcon.colcon_core.package_identification:_identify(src/multipanda_ros2/garmi_packages) by extension 'cmake'
[0.554s] Level 1:colcon.colcon_core.package_identification:_identify(src/multipanda_ros2/garmi_packages) by extension 'python'
[0.554s] Level 1:colcon.colcon_core.package_identification:_identify(src/multipanda_ros2/garmi_packages) by extensions ['python_setup_py']
[0.554s] Level 1:colcon.colcon_core.package_identification:_identify(src/multipanda_ros2/garmi_packages) by extension 'python_setup_py'
[0.554s] Level 1:colcon.colcon_core.package_identification:_identify(src/multipanda_ros2/garmi_packages/garmi_bringup) by extensions ['ignore', 'ignore_ament_install']
[0.554s] Level 1:colcon.colcon_core.package_identification:_identify(src/multipanda_ros2/garmi_packages/garmi_bringup) by extension 'ignore'
[0.554s] Level 1:colcon.colcon_core.package_identification:_identify(src/multipanda_ros2/garmi_packages/garmi_bringup) by extension 'ignore_ament_install'
[0.554s] Level 1:colcon.colcon_core.package_identification:_identify(src/multipanda_ros2/garmi_packages/garmi_bringup) by extensions ['colcon_pkg']
[0.554s] Level 1:colcon.colcon_core.package_identification:_identify(src/multipanda_ros2/garmi_packages/garmi_bringup) by extension 'colcon_pkg'
[0.554s] Level 1:colcon.colcon_core.package_identification:_identify(src/multipanda_ros2/garmi_packages/garmi_bringup) by extensions ['colcon_meta']
[0.554s] Level 1:colcon.colcon_core.package_identification:_identify(src/multipanda_ros2/garmi_packages/garmi_bringup) by extension 'colcon_meta'
[0.554s] Level 1:colcon.colcon_core.package_identification:_identify(src/multipanda_ros2/garmi_packages/garmi_bringup) by extensions ['ros']
[0.554s] Level 1:colcon.colcon_core.package_identification:_identify(src/multipanda_ros2/garmi_packages/garmi_bringup) by extension 'ros'
[0.555s] DEBUG:colcon.colcon_core.package_identification:Package 'src/multipanda_ros2/garmi_packages/garmi_bringup' with type 'ros.ament_cmake' and name 'garmi_bringup'
[0.555s] Level 1:colcon.colcon_core.package_identification:_identify(src/multipanda_ros2/garmi_packages/garmi_controllers) by extensions ['ignore', 'ignore_ament_install']
[0.555s] Level 1:colcon.colcon_core.package_identification:_identify(src/multipanda_ros2/garmi_packages/garmi_controllers) by extension 'ignore'
[0.555s] Level 1:colcon.colcon_core.package_identification:_identify(src/multipanda_ros2/garmi_packages/garmi_controllers) by extension 'ignore_ament_install'
[0.555s] Level 1:colcon.colcon_core.package_identification:_identify(src/multipanda_ros2/garmi_packages/garmi_controllers) by extensions ['colcon_pkg']
[0.555s] Level 1:colcon.colcon_core.package_identification:_identify(src/multipanda_ros2/garmi_packages/garmi_controllers) by extension 'colcon_pkg'
[0.555s] Level 1:colcon.colcon_core.package_identification:_identify(src/multipanda_ros2/garmi_packages/garmi_controllers) by extensions ['colcon_meta']
[0.555s] Level 1:colcon.colcon_core.package_identification:_identify(src/multipanda_ros2/garmi_packages/garmi_controllers) by extension 'colcon_meta'
[0.555s] Level 1:colcon.colcon_core.package_identification:_identify(src/multipanda_ros2/garmi_packages/garmi_controllers) by extensions ['ros']
[0.555s] Level 1:colcon.colcon_core.package_identification:_identify(src/multipanda_ros2/garmi_packages/garmi_controllers) by extension 'ros'
[0.556s] DEBUG:colcon.colcon_core.package_identification:Package 'src/multipanda_ros2/garmi_packages/garmi_controllers' with type 'ros.ament_cmake' and name 'garmi_controllers'
[0.556s] Level 1:colcon.colcon_core.package_identification:_identify(src/multipanda_ros2/garmi_packages/garmi_description) by extensions ['ignore', 'ignore_ament_install']
[0.557s] Level 1:colcon.colcon_core.package_identification:_identify(src/multipanda_ros2/garmi_packages/garmi_description) by extension 'ignore'
[0.557s] Level 1:colcon.colcon_core.package_identification:_identify(src/multipanda_ros2/garmi_packages/garmi_description) by extension 'ignore_ament_install'
[0.557s] Level 1:colcon.colcon_core.package_identification:_identify(src/multipanda_ros2/garmi_packages/garmi_description) by extensions ['colcon_pkg']
[0.557s] Level 1:colcon.colcon_core.package_identification:_identify(src/multipanda_ros2/garmi_packages/garmi_description) by extension 'colcon_pkg'
[0.557s] Level 1:colcon.colcon_core.package_identification:_identify(src/multipanda_ros2/garmi_packages/garmi_description) by extensions ['colcon_meta']
[0.557s] Level 1:colcon.colcon_core.package_identification:_identify(src/multipanda_ros2/garmi_packages/garmi_description) by extension 'colcon_meta'
[0.557s] Level 1:colcon.colcon_core.package_identification:_identify(src/multipanda_ros2/garmi_packages/garmi_description) by extensions ['ros']
[0.557s] Level 1:colcon.colcon_core.package_identification:_identify(src/multipanda_ros2/garmi_packages/garmi_description) by extension 'ros'
[0.557s] DEBUG:colcon.colcon_core.package_identification:Package 'src/multipanda_ros2/garmi_packages/garmi_description' with type 'ros.ament_cmake' and name 'garmi_description'
[0.557s] Level 1:colcon.colcon_core.package_identification:_identify(src/multipanda_ros2/garmi_packages/garmi_hardware) by extensions ['ignore', 'ignore_ament_install']
[0.557s] Level 1:colcon.colcon_core.package_identification:_identify(src/multipanda_ros2/garmi_packages/garmi_hardware) by extension 'ignore'
[0.558s] Level 1:colcon.colcon_core.package_identification:_identify(src/multipanda_ros2/garmi_packages/garmi_hardware) by extension 'ignore_ament_install'
[0.558s] Level 1:colcon.colcon_core.package_identification:_identify(src/multipanda_ros2/garmi_packages/garmi_hardware) by extensions ['colcon_pkg']
[0.558s] Level 1:colcon.colcon_core.package_identification:_identify(src/multipanda_ros2/garmi_packages/garmi_hardware) by extension 'colcon_pkg'
[0.558s] Level 1:colcon.colcon_core.package_identification:_identify(src/multipanda_ros2/garmi_packages/garmi_hardware) by extensions ['colcon_meta']
[0.558s] Level 1:colcon.colcon_core.package_identification:_identify(src/multipanda_ros2/garmi_packages/garmi_hardware) by extension 'colcon_meta'
[0.558s] Level 1:colcon.colcon_core.package_identification:_identify(src/multipanda_ros2/garmi_packages/garmi_hardware) by extensions ['ros']
[0.558s] Level 1:colcon.colcon_core.package_identification:_identify(src/multipanda_ros2/garmi_packages/garmi_hardware) by extension 'ros'
[0.558s] DEBUG:colcon.colcon_core.package_identification:Package 'src/multipanda_ros2/garmi_packages/garmi_hardware' with type 'ros.ament_cmake' and name 'garmi_hardware'
[0.559s] Level 1:colcon.colcon_core.package_identification:_identify(src/multipanda_ros2/garmi_packages/garmi_moveit_config) by extensions ['ignore', 'ignore_ament_install']
[0.559s] Level 1:colcon.colcon_core.package_identification:_identify(src/multipanda_ros2/garmi_packages/garmi_moveit_config) by extension 'ignore'
[0.559s] Level 1:colcon.colcon_core.package_identification:_identify(src/multipanda_ros2/garmi_packages/garmi_moveit_config) by extension 'ignore_ament_install'
[0.559s] Level 1:colcon.colcon_core.package_identification:_identify(src/multipanda_ros2/garmi_packages/garmi_moveit_config) by extensions ['colcon_pkg']
[0.559s] Level 1:colcon.colcon_core.package_identification:_identify(src/multipanda_ros2/garmi_packages/garmi_moveit_config) by extension 'colcon_pkg'
[0.559s] Level 1:colcon.colcon_core.package_identification:_identify(src/multipanda_ros2/garmi_packages/garmi_moveit_config) by extensions ['colcon_meta']
[0.559s] Level 1:colcon.colcon_core.package_identification:_identify(src/multipanda_ros2/garmi_packages/garmi_moveit_config) by extension 'colcon_meta'
[0.559s] Level 1:colcon.colcon_core.package_identification:_identify(src/multipanda_ros2/garmi_packages/garmi_moveit_config) by extensions ['ros']
[0.559s] Level 1:colcon.colcon_core.package_identification:_identify(src/multipanda_ros2/garmi_packages/garmi_moveit_config) by extension 'ros'
[0.559s] DEBUG:colcon.colcon_core.package_identification:Package 'src/multipanda_ros2/garmi_packages/garmi_moveit_config' with type 'ros.ament_cmake' and name 'garmi_moveit_config'
[0.559s] Level 1:colcon.colcon_core.package_discovery:discover_packages(recursive) using defaults
[0.559s] Level 1:colcon.colcon_core.package_discovery:discover_packages(ignore) discover
[0.559s] Level 1:colcon.colcon_core.package_discovery:discover_packages(ignore) using defaults
[0.560s] Level 1:colcon.colcon_core.package_discovery:discover_packages(path) discover
[0.560s] Level 1:colcon.colcon_core.package_discovery:discover_packages(path) using defaults
[0.585s] INFO:colcon.colcon_core.package_selection:Skipping package 'panda_motion_generators' in 'src/multipanda_ros2/franka_multi_mode_controller/panda_motion_generators'
[0.585s] INFO:colcon.colcon_core.package_selection:Skipping package 'multi_mode_controller_impl' in 'src/multipanda_ros2/franka_multi_mode_controller/multi_mode_controller_impl'
[0.585s] INFO:colcon.colcon_core.package_selection:Skipping package 'multi_mode_controller' in 'src/multipanda_ros2/franka_multi_mode_controller/multi_mode_controller'
[0.585s] INFO:colcon.colcon_core.package_selection:Skipping package 'franka_robot_state_broadcaster' in 'src/multipanda_ros2/franka_robot_state_broadcaster'
[0.585s] INFO:colcon.colcon_core.package_selection:Skipping package 'franka_example_controllers' in 'src/multipanda_ros2/franka_example_controllers'
[0.585s] INFO:colcon.colcon_core.package_selection:Skipping package 'garmi_bringup' in 'src/multipanda_ros2/garmi_packages/garmi_bringup'
[0.585s] INFO:colcon.colcon_core.package_selection:Skipping package 'franka_semantic_components' in 'src/multipanda_ros2/franka_semantic_components'
[0.585s] INFO:colcon.colcon_core.package_selection:Skipping package 'franka_moveit_config' in 'src/multipanda_ros2/franka_moveit_config'
[0.585s] INFO:colcon.colcon_core.package_selection:Skipping package 'franka_bringup' in 'src/multipanda_ros2/franka_bringup'
[0.585s] INFO:colcon.colcon_core.package_selection:Skipping package 'mujoco_ros2_control_system' in 'src/mujoco_ros_pkgs/mujoco_ros2_control_system'
[0.585s] INFO:colcon.colcon_core.package_selection:Skipping package 'franka_hardware' in 'src/multipanda_ros2/franka_hardware'
[0.585s] INFO:colcon.colcon_core.package_selection:Skipping package 'mujoco_ros_pkgs' in 'src/mujoco_ros_pkgs/mujoco_ros_pkgs'
[0.585s] INFO:colcon.colcon_core.package_selection:Skipping package 'mujoco_ros2_sensors' in 'src/mujoco_ros_pkgs/mujoco_ros2_sensors'
[0.585s] INFO:colcon.colcon_core.package_selection:Skipping package 'mujoco_ros2_dummy_plugin' in 'src/mujoco_ros_pkgs/mujoco_ros2_dummy_plugin'
[0.586s] INFO:colcon.colcon_core.package_selection:Skipping package 'mujoco_ros2_control' in 'src/mujoco_ros_pkgs/mujoco_ros2_control'
[0.586s] INFO:colcon.colcon_core.package_selection:Skipping package 'Hierarchical_Reinforcement_Learning_for_Adaptive_Control_Under_Stochastic_Network_Delays' in 'src/Hierarchical_Reinforcement_Learning_for_Adaptive_Control_Under_Stochastic_Network_Delays'
[0.586s] INFO:colcon.colcon_core.package_selection:Skipping package 'multi_mode_control_msgs' in 'src/multipanda_ros2/franka_multi_mode_controller/multi_mode_control_msgs'
[0.586s] INFO:colcon.colcon_core.package_selection:Skipping package 'garmi_description' in 'src/multipanda_ros2/garmi_packages/garmi_description'
[0.586s] INFO:colcon.colcon_core.package_selection:Skipping package 'franka_gripper' in 'src/multipanda_ros2/franka_gripper'
[0.586s] INFO:colcon.colcon_core.package_selection:Skipping package 'franka_control2' in 'src/multipanda_ros2/franka_control2'
[0.586s] INFO:colcon.colcon_core.package_selection:Skipping package 'panda_motion_generator_msgs' in 'src/multipanda_ros2/franka_multi_mode_controller/panda_motion_generator_msgs'
[0.586s] INFO:colcon.colcon_core.package_selection:Skipping package 'garmi_moveit_config' in 'src/multipanda_ros2/garmi_packages/garmi_moveit_config'
[0.586s] INFO:colcon.colcon_core.package_selection:Skipping package 'garmi_hardware' in 'src/multipanda_ros2/garmi_packages/garmi_hardware'
[0.586s] INFO:colcon.colcon_core.package_selection:Skipping package 'garmi_controllers' in 'src/multipanda_ros2/garmi_packages/garmi_controllers'
[0.586s] INFO:colcon.colcon_core.package_selection:Skipping package 'franka_msgs' in 'src/multipanda_ros2/franka_msgs'
[0.586s] INFO:colcon.colcon_core.package_selection:Skipping package 'franka_description' in 'src/multipanda_ros2/franka_description'
[0.586s] INFO:colcon.colcon_core.package_selection:Skipping package 'Reinforcement_Learning_In_Teleoperation' in 'src/Reinforcement_Learning_In_Teleoperation'
[0.586s] INFO:colcon.colcon_core.package_selection:Skipping package 'BULLET_PHYSICS' in 'bullet3'
[0.586s] Level 1:colcon.colcon_core.package_discovery:discover_packages(prefix_path) check parameters
[0.586s] Level 1:colcon.colcon_core.package_discovery:discover_packages(prefix_path) discover
[0.588s] WARNING:colcon.colcon_ros.prefix_path.catkin:The path '/home/kai/Libraries/mujoco/lib/cmake' in the environment variable CMAKE_PREFIX_PATH doesn't exist
[0.589s] DEBUG:colcon.colcon_installed_package_information.package_discovery:Found 1 installed packages in /media/kai/Kai_Backup/Master_Study/Master_Thesis/Implementation/libfranka_ws/install
[0.590s] DEBUG:colcon.colcon_installed_package_information.package_discovery:Found 251 installed packages in /opt/ros/humble
[0.591s] Level 1:colcon.colcon_core.package_discovery:discover_packages(prefix_path) using defaults
[0.630s] Level 5:colcon.colcon_core.verb:set package 'mujoco_ros_msgs' build argument 'cmake_args' from command line to 'None'
[0.630s] Level 5:colcon.colcon_core.verb:set package 'mujoco_ros_msgs' build argument 'cmake_target' from command line to 'None'
[0.630s] Level 5:colcon.colcon_core.verb:set package 'mujoco_ros_msgs' build argument 'cmake_target_skip_unavailable' from command line to 'False'
[0.630s] Level 5:colcon.colcon_core.verb:set package 'mujoco_ros_msgs' build argument 'cmake_clean_cache' from command line to 'False'
[0.630s] Level 5:colcon.colcon_core.verb:set package 'mujoco_ros_msgs' build argument 'cmake_clean_first' from command line to 'False'
[0.630s] Level 5:colcon.colcon_core.verb:set package 'mujoco_ros_msgs' build argument 'cmake_force_configure' from command line to 'False'
[0.630s] Level 5:colcon.colcon_core.verb:set package 'mujoco_ros_msgs' build argument 'ament_cmake_args' from command line to 'None'
[0.630s] Level 5:colcon.colcon_core.verb:set package 'mujoco_ros_msgs' build argument 'catkin_cmake_args' from command line to 'None'
[0.631s] Level 5:colcon.colcon_core.verb:set package 'mujoco_ros_msgs' build argument 'catkin_skip_building_tests' from command line to 'False'
[0.631s] DEBUG:colcon.colcon_core.verb:Building package 'mujoco_ros_msgs' with the following arguments: {'ament_cmake_args': None, 'build_base': '/media/kai/Kai_Backup/Master_Study/Master_Thesis/Implementation/libfranka_ws/build/mujoco_ros_msgs', 'catkin_cmake_args': None, 'catkin_skip_building_tests': False, 'cmake_args': None, 'cmake_clean_cache': False, 'cmake_clean_first': False, 'cmake_force_configure': False, 'cmake_target': None, 'cmake_target_skip_unavailable': False, 'install_base': '/media/kai/Kai_Backup/Master_Study/Master_Thesis/Implementation/libfranka_ws/install/mujoco_ros_msgs', 'merge_install': False, 'path': '/media/kai/Kai_Backup/Master_Study/Master_Thesis/Implementation/libfranka_ws/src/mujoco_ros_pkgs/mujoco_ros_msgs', 'symlink_install': False, 'test_result_base': None}
[0.631s] Level 5:colcon.colcon_core.verb:set package 'mujoco_ros' build argument 'cmake_args' from command line to 'None'
[0.631s] Level 5:colcon.colcon_core.verb:set package 'mujoco_ros' build argument 'cmake_target' from command line to 'None'
[0.631s] Level 5:colcon.colcon_core.verb:set package 'mujoco_ros' build argument 'cmake_target_skip_unavailable' from command line to 'False'
[0.631s] Level 5:colcon.colcon_core.verb:set package 'mujoco_ros' build argument 'cmake_clean_cache' from command line to 'False'
[0.631s] Level 5:colcon.colcon_core.verb:set package 'mujoco_ros' build argument 'cmake_clean_first' from command line to 'False'
[0.631s] Level 5:colcon.colcon_core.verb:set package 'mujoco_ros' build argument 'cmake_force_configure' from command line to 'False'
[0.631s] Level 5:colcon.colcon_core.verb:set package 'mujoco_ros' build argument 'ament_cmake_args' from command line to 'None'
[0.631s] Level 5:colcon.colcon_core.verb:set package 'mujoco_ros' build argument 'catkin_cmake_args' from command line to 'None'
[0.631s] Level 5:colcon.colcon_core.verb:set package 'mujoco_ros' build argument 'catkin_skip_building_tests' from command line to 'False'
[0.631s] DEBUG:colcon.colcon_core.verb:Building package 'mujoco_ros' with the following arguments: {'ament_cmake_args': None, 'build_base': '/media/kai/Kai_Backup/Master_Study/Master_Thesis/Implementation/libfranka_ws/build/mujoco_ros', 'catkin_cmake_args': None, 'catkin_skip_building_tests': False, 'cmake_args': None, 'cmake_clean_cache': False, 'cmake_clean_first': False, 'cmake_force_configure': False, 'cmake_target': None, 'cmake_target_skip_unavailable': False, 'install_base': '/media/kai/Kai_Backup/Master_Study/Master_Thesis/Implementation/libfranka_ws/install/mujoco_ros', 'merge_install': False, 'path': '/media/kai/Kai_Backup/Master_Study/Master_Thesis/Implementation/libfranka_ws/src/mujoco_ros_pkgs/mujoco_ros', 'symlink_install': False, 'test_result_base': None}
[0.631s] INFO:colcon.colcon_core.executor:Executing jobs using 'parallel' executor
[0.632s] DEBUG:colcon.colcon_parallel_executor.executor.parallel:run_until_complete
[0.632s] INFO:colcon.colcon_ros.task.ament_cmake.build:Building ROS package in '/media/kai/Kai_Backup/Master_Study/Master_Thesis/Implementation/libfranka_ws/src/mujoco_ros_pkgs/mujoco_ros_msgs' with build type 'ament_cmake'
[0.633s] INFO:colcon.colcon_cmake.task.cmake.build:Building CMake package in '/media/kai/Kai_Backup/Master_Study/Master_Thesis/Implementation/libfranka_ws/src/mujoco_ros_pkgs/mujoco_ros_msgs'
[0.635s] INFO:colcon.colcon_core.plugin_system:Skipping extension 'colcon_core.shell.bat': Not used on non-Windows systems
[0.635s] INFO:colcon.colcon_core.shell:Skip shell extension 'powershell' for command environment: Not usable outside of PowerShell
[0.635s] DEBUG:colcon.colcon_core.shell:Skip shell extension 'dsv' for command environment
[0.642s] DEBUG:colcon.colcon_core.event_handler.log_command:Invoking command in '/media/kai/Kai_Backup/Master_Study/Master_Thesis/Implementation/libfranka_ws/build/mujoco_ros_msgs': CMAKE_PREFIX_PATH=${CMAKE_PREFIX_PATH}:/opt/ros/humble /usr/bin/cmake /media/kai/Kai_Backup/Master_Study/Master_Thesis/Implementation/libfranka_ws/src/mujoco_ros_pkgs/mujoco_ros_msgs -DCMAKE_INSTALL_PREFIX=/media/kai/Kai_Backup/Master_Study/Master_Thesis/Implementation/libfranka_ws/install/mujoco_ros_msgs
[2.686s] DEBUG:colcon.colcon_core.event_handler.log_command:Invoked command in '/media/kai/Kai_Backup/Master_Study/Master_Thesis/Implementation/libfranka_ws/build/mujoco_ros_msgs' returned '0': CMAKE_PREFIX_PATH=${CMAKE_PREFIX_PATH}:/opt/ros/humble /usr/bin/cmake /media/kai/Kai_Backup/Master_Study/Master_Thesis/Implementation/libfranka_ws/src/mujoco_ros_pkgs/mujoco_ros_msgs -DCMAKE_INSTALL_PREFIX=/media/kai/Kai_Backup/Master_Study/Master_Thesis/Implementation/libfranka_ws/install/mujoco_ros_msgs
[2.688s] DEBUG:colcon.colcon_core.event_handler.log_command:Invoking command in '/media/kai/Kai_Backup/Master_Study/Master_Thesis/Implementation/libfranka_ws/build/mujoco_ros_msgs': CMAKE_PREFIX_PATH=${CMAKE_PREFIX_PATH}:/opt/ros/humble /usr/bin/cmake --build /media/kai/Kai_Backup/Master_Study/Master_Thesis/Implementation/libfranka_ws/build/mujoco_ros_msgs -- -j12 -l12
[25.144s] DEBUG:colcon.colcon_core.event_handler.log_command:Invoked command in '/media/kai/Kai_Backup/Master_Study/Master_Thesis/Implementation/libfranka_ws/build/mujoco_ros_msgs' returned '0': CMAKE_PREFIX_PATH=${CMAKE_PREFIX_PATH}:/opt/ros/humble /usr/bin/cmake --build /media/kai/Kai_Backup/Master_Study/Master_Thesis/Implementation/libfranka_ws/build/mujoco_ros_msgs -- -j12 -l12
[25.153s] DEBUG:colcon.colcon_core.event_handler.log_command:Invoking command in '/media/kai/Kai_Backup/Master_Study/Master_Thesis/Implementation/libfranka_ws/build/mujoco_ros_msgs': CMAKE_PREFIX_PATH=${CMAKE_PREFIX_PATH}:/opt/ros/humble /usr/bin/cmake --install /media/kai/Kai_Backup/Master_Study/Master_Thesis/Implementation/libfranka_ws/build/mujoco_ros_msgs
[25.380s] Level 1:colcon.colcon_core.environment:create_environment_scripts_only(mujoco_ros_msgs)
[25.381s] DEBUG:colcon.colcon_core.event_handler.log_command:Invoked command in '/media/kai/Kai_Backup/Master_Study/Master_Thesis/Implementation/libfranka_ws/build/mujoco_ros_msgs' returned '0': CMAKE_PREFIX_PATH=${CMAKE_PREFIX_PATH}:/opt/ros/humble /usr/bin/cmake --install /media/kai/Kai_Backup/Master_Study/Master_Thesis/Implementation/libfranka_ws/build/mujoco_ros_msgs
[25.383s] Level 1:colcon.colcon_core.environment:checking '/media/kai/Kai_Backup/Master_Study/Master_Thesis/Implementation/libfranka_ws/install/mujoco_ros_msgs' for CMake module files
[25.383s] Level 1:colcon.colcon_core.environment:checking '/media/kai/Kai_Backup/Master_Study/Master_Thesis/Implementation/libfranka_ws/install/mujoco_ros_msgs' for CMake config files
[25.383s] Level 1:colcon.colcon_core.shell:create_environment_hook('mujoco_ros_msgs', 'cmake_prefix_path')
[25.384s] INFO:colcon.colcon_core.shell:Creating environment hook '/media/kai/Kai_Backup/Master_Study/Master_Thesis/Implementation/libfranka_ws/install/mujoco_ros_msgs/share/mujoco_ros_msgs/hook/cmake_prefix_path.ps1'
[25.384s] INFO:colcon.colcon_core.shell:Creating environment descriptor '/media/kai/Kai_Backup/Master_Study/Master_Thesis/Implementation/libfranka_ws/install/mujoco_ros_msgs/share/mujoco_ros_msgs/hook/cmake_prefix_path.dsv'
[25.385s] INFO:colcon.colcon_core.shell:Creating environment hook '/media/kai/Kai_Backup/Master_Study/Master_Thesis/Implementation/libfranka_ws/install/mujoco_ros_msgs/share/mujoco_ros_msgs/hook/cmake_prefix_path.sh'
[25.385s] Level 1:colcon.colcon_core.environment:checking '/media/kai/Kai_Backup/Master_Study/Master_Thesis/Implementation/libfranka_ws/install/mujoco_ros_msgs/lib'
[25.386s] Level 1:colcon.colcon_core.shell:create_environment_hook('mujoco_ros_msgs', 'ld_library_path_lib')
[25.386s] INFO:colcon.colcon_core.shell:Creating environment hook '/media/kai/Kai_Backup/Master_Study/Master_Thesis/Implementation/libfranka_ws/install/mujoco_ros_msgs/share/mujoco_ros_msgs/hook/ld_library_path_lib.ps1'
[25.386s] INFO:colcon.colcon_core.shell:Creating environment descriptor '/media/kai/Kai_Backup/Master_Study/Master_Thesis/Implementation/libfranka_ws/install/mujoco_ros_msgs/share/mujoco_ros_msgs/hook/ld_library_path_lib.dsv'
[25.386s] INFO:colcon.colcon_core.shell:Creating environment hook '/media/kai/Kai_Backup/Master_Study/Master_Thesis/Implementation/libfranka_ws/install/mujoco_ros_msgs/share/mujoco_ros_msgs/hook/ld_library_path_lib.sh'
[25.387s] Level 1:colcon.colcon_core.environment:checking '/media/kai/Kai_Backup/Master_Study/Master_Thesis/Implementation/libfranka_ws/install/mujoco_ros_msgs/bin'
[25.387s] Level 1:colcon.colcon_core.environment:checking '/media/kai/Kai_Backup/Master_Study/Master_Thesis/Implementation/libfranka_ws/install/mujoco_ros_msgs/lib/pkgconfig/mujoco_ros_msgs.pc'
[25.387s] Level 1:colcon.colcon_core.environment:checking '/media/kai/Kai_Backup/Master_Study/Master_Thesis/Implementation/libfranka_ws/install/mujoco_ros_msgs/lib/python3.10/site-packages'
[25.387s] Level 1:colcon.colcon_core.environment:checking '/media/kai/Kai_Backup/Master_Study/Master_Thesis/Implementation/libfranka_ws/install/mujoco_ros_msgs/bin'
[25.388s] INFO:colcon.colcon_core.shell:Creating package script '/media/kai/Kai_Backup/Master_Study/Master_Thesis/Implementation/libfranka_ws/install/mujoco_ros_msgs/share/mujoco_ros_msgs/package.ps1'
[25.388s] INFO:colcon.colcon_core.shell:Creating package descriptor '/media/kai/Kai_Backup/Master_Study/Master_Thesis/Implementation/libfranka_ws/install/mujoco_ros_msgs/share/mujoco_ros_msgs/package.dsv'
[25.389s] INFO:colcon.colcon_core.shell:Creating package script '/media/kai/Kai_Backup/Master_Study/Master_Thesis/Implementation/libfranka_ws/install/mujoco_ros_msgs/share/mujoco_ros_msgs/package.sh'
[25.390s] INFO:colcon.colcon_core.shell:Creating package script '/media/kai/Kai_Backup/Master_Study/Master_Thesis/Implementation/libfranka_ws/install/mujoco_ros_msgs/share/mujoco_ros_msgs/package.bash'
[25.390s] INFO:colcon.colcon_core.shell:Creating package script '/media/kai/Kai_Backup/Master_Study/Master_Thesis/Implementation/libfranka_ws/install/mujoco_ros_msgs/share/mujoco_ros_msgs/package.zsh'
[25.391s] Level 1:colcon.colcon_core.environment:create_file_with_runtime_dependencies(/media/kai/Kai_Backup/Master_Study/Master_Thesis/Implementation/libfranka_ws/install/mujoco_ros_msgs/share/colcon-core/packages/mujoco_ros_msgs)
[25.391s] Level 1:colcon.colcon_core.environment:create_environment_scripts_only(mujoco_ros_msgs)
[25.392s] Level 1:colcon.colcon_core.environment:checking '/media/kai/Kai_Backup/Master_Study/Master_Thesis/Implementation/libfranka_ws/install/mujoco_ros_msgs' for CMake module files
[25.392s] Level 1:colcon.colcon_core.environment:checking '/media/kai/Kai_Backup/Master_Study/Master_Thesis/Implementation/libfranka_ws/install/mujoco_ros_msgs' for CMake config files
[25.392s] Level 1:colcon.colcon_core.shell:create_environment_hook('mujoco_ros_msgs', 'cmake_prefix_path')
[25.393s] INFO:colcon.colcon_core.shell:Creating environment hook '/media/kai/Kai_Backup/Master_Study/Master_Thesis/Implementation/libfranka_ws/install/mujoco_ros_msgs/share/mujoco_ros_msgs/hook/cmake_prefix_path.ps1'
[25.393s] INFO:colcon.colcon_core.shell:Creating environment descriptor '/media/kai/Kai_Backup/Master_Study/Master_Thesis/Implementation/libfranka_ws/install/mujoco_ros_msgs/share/mujoco_ros_msgs/hook/cmake_prefix_path.dsv'
[25.393s] INFO:colcon.colcon_core.shell:Creating environment hook '/media/kai/Kai_Backup/Master_Study/Master_Thesis/Implementation/libfranka_ws/install/mujoco_ros_msgs/share/mujoco_ros_msgs/hook/cmake_prefix_path.sh'
[25.394s] Level 1:colcon.colcon_core.environment:checking '/media/kai/Kai_Backup/Master_Study/Master_Thesis/Implementation/libfranka_ws/install/mujoco_ros_msgs/lib'
[25.394s] Level 1:colcon.colcon_core.shell:create_environment_hook('mujoco_ros_msgs', 'ld_library_path_lib')
[25.394s] INFO:colcon.colcon_core.shell:Creating environment hook '/media/kai/Kai_Backup/Master_Study/Master_Thesis/Implementation/libfranka_ws/install/mujoco_ros_msgs/share/mujoco_ros_msgs/hook/ld_library_path_lib.ps1'
[25.395s] INFO:colcon.colcon_core.shell:Creating environment descriptor '/media/kai/Kai_Backup/Master_Study/Master_Thesis/Implementation/libfranka_ws/install/mujoco_ros_msgs/share/mujoco_ros_msgs/hook/ld_library_path_lib.dsv'
[25.395s] INFO:colcon.colcon_core.shell:Creating environment hook '/media/kai/Kai_Backup/Master_Study/Master_Thesis/Implementation/libfranka_ws/install/mujoco_ros_msgs/share/mujoco_ros_msgs/hook/ld_library_path_lib.sh'
[25.395s] Level 1:colcon.colcon_core.environment:checking '/media/kai/Kai_Backup/Master_Study/Master_Thesis/Implementation/libfranka_ws/install/mujoco_ros_msgs/bin'
[25.395s] Level 1:colcon.colcon_core.environment:checking '/media/kai/Kai_Backup/Master_Study/Master_Thesis/Implementation/libfranka_ws/install/mujoco_ros_msgs/lib/pkgconfig/mujoco_ros_msgs.pc'
[25.395s] Level 1:colcon.colcon_core.environment:checking '/media/kai/Kai_Backup/Master_Study/Master_Thesis/Implementation/libfranka_ws/install/mujoco_ros_msgs/lib/python3.10/site-packages'
[25.396s] Level 1:colcon.colcon_core.environment:checking '/media/kai/Kai_Backup/Master_Study/Master_Thesis/Implementation/libfranka_ws/install/mujoco_ros_msgs/bin'
[25.396s] INFO:colcon.colcon_core.shell:Creating package script '/media/kai/Kai_Backup/Master_Study/Master_Thesis/Implementation/libfranka_ws/install/mujoco_ros_msgs/share/mujoco_ros_msgs/package.ps1'
[25.397s] INFO:colcon.colcon_core.shell:Creating package descriptor '/media/kai/Kai_Backup/Master_Study/Master_Thesis/Implementation/libfranka_ws/install/mujoco_ros_msgs/share/mujoco_ros_msgs/package.dsv'
[25.397s] INFO:colcon.colcon_core.shell:Creating package script '/media/kai/Kai_Backup/Master_Study/Master_Thesis/Implementation/libfranka_ws/install/mujoco_ros_msgs/share/mujoco_ros_msgs/package.sh'
[25.397s] INFO:colcon.colcon_core.shell:Creating package script '/media/kai/Kai_Backup/Master_Study/Master_Thesis/Implementation/libfranka_ws/install/mujoco_ros_msgs/share/mujoco_ros_msgs/package.bash'
[25.398s] INFO:colcon.colcon_core.shell:Creating package script '/media/kai/Kai_Backup/Master_Study/Master_Thesis/Implementation/libfranka_ws/install/mujoco_ros_msgs/share/mujoco_ros_msgs/package.zsh'
[25.398s] Level 1:colcon.colcon_core.environment:create_file_with_runtime_dependencies(/media/kai/Kai_Backup/Master_Study/Master_Thesis/Implementation/libfranka_ws/install/mujoco_ros_msgs/share/colcon-core/packages/mujoco_ros_msgs)
[25.398s] INFO:colcon.colcon_ros.task.ament_cmake.build:Building ROS package in '/media/kai/Kai_Backup/Master_Study/Master_Thesis/Implementation/libfranka_ws/src/mujoco_ros_pkgs/mujoco_ros' with build type 'ament_cmake'
[25.399s] INFO:colcon.colcon_cmake.task.cmake.build:Building CMake package in '/media/kai/Kai_Backup/Master_Study/Master_Thesis/Implementation/libfranka_ws/src/mujoco_ros_pkgs/mujoco_ros'
[25.399s] INFO:colcon.colcon_core.shell:Skip shell extension 'powershell' for command environment: Not usable outside of PowerShell
[25.399s] DEBUG:colcon.colcon_core.shell:Skip shell extension 'dsv' for command environment
[25.415s] DEBUG:colcon.colcon_core.event_handler.log_command:Invoking command in '/media/kai/Kai_Backup/Master_Study/Master_Thesis/Implementation/libfranka_ws/build/mujoco_ros': AMENT_PREFIX_PATH=/media/kai/Kai_Backup/Master_Study/Master_Thesis/Implementation/libfranka_ws/install/mujoco_ros_msgs:${AMENT_PREFIX_PATH} CMAKE_PREFIX_PATH=/opt/ros/humble:/media/kai/Kai_Backup/Master_Study/Master_Thesis/Implementation/libfranka_ws/install/mujoco_ros_msgs:/home/kai/Libraries/mujoco/lib/cmake:/home/kai/Libraries/libfranka/lib/cmake LD_LIBRARY_PATH=/media/kai/Kai_Backup/Master_Study/Master_Thesis/Implementation/libfranka_ws/install/mujoco_ros_msgs/lib:/opt/ros/humble/opt/rviz_ogre_vendor/lib:/opt/ros/humble/lib/x86_64-linux-gnu:/opt/ros/humble/lib:/home/kai/Libraries/libfranka/lib:/home/kai/Libraries/mujoco/lib:/home/kai/Libraries/mujoco/lib PYTHONPATH=/media/kai/Kai_Backup/Master_Study/Master_Thesis/Implementation/libfranka_ws/install/mujoco_ros_msgs/local/lib/python3.10/dist-packages:${PYTHONPATH} /usr/bin/cmake /media/kai/Kai_Backup/Master_Study/Master_Thesis/Implementation/libfranka_ws/src/mujoco_ros_pkgs/mujoco_ros -DCMAKE_INSTALL_PREFIX=/media/kai/Kai_Backup/Master_Study/Master_Thesis/Implementation/libfranka_ws/install/mujoco_ros
[26.631s] DEBUG:colcon.colcon_core.event_handler.log_command:Invoked command in '/media/kai/Kai_Backup/Master_Study/Master_Thesis/Implementation/libfranka_ws/build/mujoco_ros' returned '1': AMENT_PREFIX_PATH=/media/kai/Kai_Backup/Master_Study/Master_Thesis/Implementation/libfranka_ws/install/mujoco_ros_msgs:${AMENT_PREFIX_PATH} CMAKE_PREFIX_PATH=/opt/ros/humble:/media/kai/Kai_Backup/Master_Study/Master_Thesis/Implementation/libfranka_ws/install/mujoco_ros_msgs:/home/kai/Libraries/mujoco/lib/cmake:/home/kai/Libraries/libfranka/lib/cmake LD_LIBRARY_PATH=/media/kai/Kai_Backup/Master_Study/Master_Thesis/Implementation/libfranka_ws/install/mujoco_ros_msgs/lib:/opt/ros/humble/opt/rviz_ogre_vendor/lib:/opt/ros/humble/lib/x86_64-linux-gnu:/opt/ros/humble/lib:/home/kai/Libraries/libfranka/lib:/home/kai/Libraries/mujoco/lib:/home/kai/Libraries/mujoco/lib PYTHONPATH=/media/kai/Kai_Backup/Master_Study/Master_Thesis/Implementation/libfranka_ws/install/mujoco_ros_msgs/local/lib/python3.10/dist-packages:${PYTHONPATH} /usr/bin/cmake /media/kai/Kai_Backup/Master_Study/Master_Thesis/Implementation/libfranka_ws/src/mujoco_ros_pkgs/mujoco_ros -DCMAKE_INSTALL_PREFIX=/media/kai/Kai_Backup/Master_Study/Master_Thesis/Implementation/libfranka_ws/install/mujoco_ros
[26.641s] Level 1:colcon.colcon_core.environment:create_environment_scripts_only(mujoco_ros)
[26.641s] Level 1:colcon.colcon_core.environment:checking '/media/kai/Kai_Backup/Master_Study/Master_Thesis/Implementation/libfranka_ws/install/mujoco_ros' for CMake module files
[26.641s] Level 1:colcon.colcon_core.environment:checking '/media/kai/Kai_Backup/Master_Study/Master_Thesis/Implementation/libfranka_ws/install/mujoco_ros' for CMake config files
[26.642s] Level 1:colcon.colcon_core.environment:checking '/media/kai/Kai_Backup/Master_Study/Master_Thesis/Implementation/libfranka_ws/install/mujoco_ros/bin'
[26.642s] Level 1:colcon.colcon_core.environment:checking '/media/kai/Kai_Backup/Master_Study/Master_Thesis/Implementation/libfranka_ws/install/mujoco_ros/lib/pkgconfig/mujoco_ros.pc'
[26.642s] Level 1:colcon.colcon_core.environment:checking '/media/kai/Kai_Backup/Master_Study/Master_Thesis/Implementation/libfranka_ws/install/mujoco_ros/lib/python3.10/site-packages'
[26.642s] Level 1:colcon.colcon_core.environment:checking '/media/kai/Kai_Backup/Master_Study/Master_Thesis/Implementation/libfranka_ws/install/mujoco_ros/bin'
[26.642s] INFO:colcon.colcon_core.shell:Creating package script '/media/kai/Kai_Backup/Master_Study/Master_Thesis/Implementation/libfranka_ws/install/mujoco_ros/share/mujoco_ros/package.ps1'
[26.643s] INFO:colcon.colcon_core.shell:Creating package descriptor '/media/kai/Kai_Backup/Master_Study/Master_Thesis/Implementation/libfranka_ws/install/mujoco_ros/share/mujoco_ros/package.dsv'
[26.643s] INFO:colcon.colcon_core.shell:Creating package script '/media/kai/Kai_Backup/Master_Study/Master_Thesis/Implementation/libfranka_ws/install/mujoco_ros/share/mujoco_ros/package.sh'
[26.644s] INFO:colcon.colcon_core.shell:Creating package script '/media/kai/Kai_Backup/Master_Study/Master_Thesis/Implementation/libfranka_ws/install/mujoco_ros/share/mujoco_ros/package.bash'
[26.644s] INFO:colcon.colcon_core.shell:Creating package script '/media/kai/Kai_Backup/Master_Study/Master_Thesis/Implementation/libfranka_ws/install/mujoco_ros/share/mujoco_ros/package.zsh'
[26.644s] Level 1:colcon.colcon_core.environment:create_file_with_runtime_dependencies(/media/kai/Kai_Backup/Master_Study/Master_Thesis/Implementation/libfranka_ws/install/mujoco_ros/share/colcon-core/packages/mujoco_ros)
[26.655s] DEBUG:colcon.colcon_parallel_executor.executor.parallel:closing loop
[26.655s] DEBUG:colcon.colcon_parallel_executor.executor.parallel:loop closed
[26.655s] DEBUG:colcon.colcon_parallel_executor.executor.parallel:run_until_complete finished with '1'
[26.655s] DEBUG:colcon.colcon_core.event_reactor:joining thread
[26.660s] INFO:colcon.colcon_core.plugin_system:Skipping extension 'colcon_notification.desktop_notification.terminal_notifier': Not used on non-Darwin systems
[26.660s] INFO:colcon.colcon_core.plugin_system:Skipping extension 'colcon_notification.desktop_notification.win32': Not used on non-Windows systems
[26.660s] INFO:colcon.colcon_notification.desktop_notification:Sending desktop notification using 'notify2'
[26.670s] DEBUG:colcon.colcon_core.event_reactor:joined thread
[26.671s] INFO:colcon.colcon_core.shell:Creating prefix script '/media/kai/Kai_Backup/Master_Study/Master_Thesis/Implementation/libfranka_ws/install/local_setup.ps1'
[26.672s] INFO:colcon.colcon_core.shell:Creating prefix util module '/media/kai/Kai_Backup/Master_Study/Master_Thesis/Implementation/libfranka_ws/install/_local_setup_util_ps1.py'
[26.674s] INFO:colcon.colcon_core.shell:Creating prefix chain script '/media/kai/Kai_Backup/Master_Study/Master_Thesis/Implementation/libfranka_ws/install/setup.ps1'
[26.675s] INFO:colcon.colcon_core.shell:Creating prefix script '/media/kai/Kai_Backup/Master_Study/Master_Thesis/Implementation/libfranka_ws/install/local_setup.sh'
[26.676s] INFO:colcon.colcon_core.shell:Creating prefix util module '/media/kai/Kai_Backup/Master_Study/Master_Thesis/Implementation/libfranka_ws/install/_local_setup_util_sh.py'
[26.677s] INFO:colcon.colcon_core.shell:Creating prefix chain script '/media/kai/Kai_Backup/Master_Study/Master_Thesis/Implementation/libfranka_ws/install/setup.sh'
[26.678s] INFO:colcon.colcon_core.shell:Creating prefix script '/media/kai/Kai_Backup/Master_Study/Master_Thesis/Implementation/libfranka_ws/install/local_setup.bash'
[26.678s] INFO:colcon.colcon_core.shell:Creating prefix chain script '/media/kai/Kai_Backup/Master_Study/Master_Thesis/Implementation/libfranka_ws/install/setup.bash'
[26.679s] INFO:colcon.colcon_core.shell:Creating prefix script '/media/kai/Kai_Backup/Master_Study/Master_Thesis/Implementation/libfranka_ws/install/local_setup.zsh'
[26.680s] INFO:colcon.colcon_core.shell:Creating prefix chain script '/media/kai/Kai_Backup/Master_Study/Master_Thesis/Implementation/libfranka_ws/install/setup.zsh'
