[0.051s] Invoking command in '/media/kai/Kai_Backup/Master_Study/Master_Thesis/Implementation/libfranka_ws/build/garmi_hardware': CMAKE_PREFIX_PATH=${CMAKE_PREFIX_PATH}:/media/kai/Kai_Backup/Master_Study/Master_Thesis/Implementation/libfranka_ws/install/Hierarchical_Reinforcement_Learning_for_Adaptive_Control_Under_Stochastic_Network_Delays:/media/kai/Kai_Backup/Master_Study/Master_Thesis/Implementation/libfranka_ws/install/Reinforcement_Learning_In_Teleoperation:/opt/ros/humble /usr/bin/cmake --build /media/kai/Kai_Backup/Master_Study/Master_Thesis/Implementation/libfranka_ws/build/garmi_hardware -- -j12 -l12
[0.503s] [100%] Built target garmi_hardware
[0.580s] Invoked command in '/media/kai/Kai_Backup/Master_Study/Master_Thesis/Implementation/libfranka_ws/build/garmi_hardware' returned '0': CMAKE_PREFIX_PATH=${CMAKE_PREFIX_PATH}:/media/kai/Kai_Backup/Master_Study/Master_Thesis/Implementation/libfranka_ws/install/Hierarchical_Reinforcement_Learning_for_Adaptive_Control_Under_Stochastic_Network_Delays:/media/kai/Kai_Backup/Master_Study/Master_Thesis/Implementation/libfranka_ws/install/Reinforcement_Learning_In_Teleoperation:/opt/ros/humble /usr/bin/cmake --build /media/kai/Kai_Backup/Master_Study/Master_Thesis/Implementation/libfranka_ws/build/garmi_hardware -- -j12 -l12
[0.581s] Invoking command in '/media/kai/Kai_Backup/Master_Study/Master_Thesis/Implementation/libfranka_ws/build/garmi_hardware': CMAKE_PREFIX_PATH=${CMAKE_PREFIX_PATH}:/media/kai/Kai_Backup/Master_Study/Master_Thesis/Implementation/libfranka_ws/install/Hierarchical_Reinforcement_Learning_for_Adaptive_Control_Under_Stochastic_Network_Delays:/media/kai/Kai_Backup/Master_Study/Master_Thesis/Implementation/libfranka_ws/install/Reinforcement_Learning_In_Teleoperation:/opt/ros/humble /usr/bin/cmake --install /media/kai/Kai_Backup/Master_Study/Master_Thesis/Implementation/libfranka_ws/build/garmi_hardware
[0.683s] -- Install configuration: "Release"
[0.683s] -- Execute custom install script
[0.683s] -- Up-to-date symlink: /media/kai/Kai_Backup/Master_Study/Master_Thesis/Implementation/libfranka_ws/install/garmi_hardware/share/garmi_hardware//garmi_hardware.xml
[0.683s] -- Up-to-date symlink: /media/kai/Kai_Backup/Master_Study/Master_Thesis/Implementation/libfranka_ws/install/garmi_hardware/lib/libgarmi_hardware.so
[0.684s] -- Up-to-date symlink: /media/kai/Kai_Backup/Master_Study/Master_Thesis/Implementation/libfranka_ws/install/garmi_hardware/include/garmi_hardware/garmi_base_hardware_interface.hpp
[0.684s] -- Up-to-date symlink: /media/kai/Kai_Backup/Master_Study/Master_Thesis/Implementation/libfranka_ws/install/garmi_hardware/include/garmi_hardware/garmi_head_hardware_interface.hpp
[0.684s] -- Up-to-date symlink: /media/kai/Kai_Backup/Master_Study/Master_Thesis/Implementation/libfranka_ws/install/garmi_hardware/include/garmi_hardware/helper_functions.hpp
[0.684s] -- Up-to-date symlink: /media/kai/Kai_Backup/Master_Study/Master_Thesis/Implementation/libfranka_ws/install/garmi_hardware/include/garmi_hardware/udp_server.hpp
[0.692s] -- Up-to-date symlink: /media/kai/Kai_Backup/Master_Study/Master_Thesis/Implementation/libfranka_ws/install/garmi_hardware/share/garmi_hardware/environment/library_path.sh
[0.692s] -- Up-to-date symlink: /media/kai/Kai_Backup/Master_Study/Master_Thesis/Implementation/libfranka_ws/install/garmi_hardware/share/garmi_hardware/environment/library_path.dsv
[0.693s] -- Up-to-date symlink: /media/kai/Kai_Backup/Master_Study/Master_Thesis/Implementation/libfranka_ws/install/garmi_hardware/share/ament_index/resource_index/package_run_dependencies/garmi_hardware
[0.693s] -- Up-to-date symlink: /media/kai/Kai_Backup/Master_Study/Master_Thesis/Implementation/libfranka_ws/install/garmi_hardware/share/ament_index/resource_index/parent_prefix_path/garmi_hardware
[0.693s] -- Up-to-date symlink: /media/kai/Kai_Backup/Master_Study/Master_Thesis/Implementation/libfranka_ws/install/garmi_hardware/share/garmi_hardware/environment/ament_prefix_path.sh
[0.693s] -- Up-to-date symlink: /media/kai/Kai_Backup/Master_Study/Master_Thesis/Implementation/libfranka_ws/install/garmi_hardware/share/garmi_hardware/environment/ament_prefix_path.dsv
[0.693s] -- Up-to-date symlink: /media/kai/Kai_Backup/Master_Study/Master_Thesis/Implementation/libfranka_ws/install/garmi_hardware/share/garmi_hardware/environment/path.sh
[0.693s] -- Up-to-date symlink: /media/kai/Kai_Backup/Master_Study/Master_Thesis/Implementation/libfranka_ws/install/garmi_hardware/share/garmi_hardware/environment/path.dsv
[0.693s] -- Up-to-date symlink: /media/kai/Kai_Backup/Master_Study/Master_Thesis/Implementation/libfranka_ws/install/garmi_hardware/share/garmi_hardware/local_setup.bash
[0.693s] -- Up-to-date symlink: /media/kai/Kai_Backup/Master_Study/Master_Thesis/Implementation/libfranka_ws/install/garmi_hardware/share/garmi_hardware/local_setup.sh
[0.694s] -- Up-to-date symlink: /media/kai/Kai_Backup/Master_Study/Master_Thesis/Implementation/libfranka_ws/install/garmi_hardware/share/garmi_hardware/local_setup.zsh
[0.694s] -- Up-to-date symlink: /media/kai/Kai_Backup/Master_Study/Master_Thesis/Implementation/libfranka_ws/install/garmi_hardware/share/garmi_hardware/local_setup.dsv
[0.694s] -- Symlinking: /media/kai/Kai_Backup/Master_Study/Master_Thesis/Implementation/libfranka_ws/install/garmi_hardware/share/garmi_hardware/package.dsv
[0.694s] -- Up-to-date symlink: /media/kai/Kai_Backup/Master_Study/Master_Thesis/Implementation/libfranka_ws/install/garmi_hardware/share/ament_index/resource_index/packages/garmi_hardware
[0.694s] -- Up-to-date symlink: /media/kai/Kai_Backup/Master_Study/Master_Thesis/Implementation/libfranka_ws/install/garmi_hardware/share/ament_index/resource_index/hardware_interface__pluginlib__plugin/garmi_hardware
[0.694s] -- Up-to-date symlink: /media/kai/Kai_Backup/Master_Study/Master_Thesis/Implementation/libfranka_ws/install/garmi_hardware/share/garmi_hardware/cmake/ament_cmake_export_include_directories-extras.cmake
[0.694s] -- Up-to-date symlink: /media/kai/Kai_Backup/Master_Study/Master_Thesis/Implementation/libfranka_ws/install/garmi_hardware/share/garmi_hardware/cmake/ament_cmake_export_libraries-extras.cmake
[0.695s] -- Up-to-date symlink: /media/kai/Kai_Backup/Master_Study/Master_Thesis/Implementation/libfranka_ws/install/garmi_hardware/share/garmi_hardware/cmake/ament_cmake_export_dependencies-extras.cmake
[0.695s] -- Up-to-date symlink: /media/kai/Kai_Backup/Master_Study/Master_Thesis/Implementation/libfranka_ws/install/garmi_hardware/share/garmi_hardware/cmake/garmi_hardwareConfig.cmake
[0.695s] -- Up-to-date symlink: /media/kai/Kai_Backup/Master_Study/Master_Thesis/Implementation/libfranka_ws/install/garmi_hardware/share/garmi_hardware/cmake/garmi_hardwareConfig-version.cmake
[0.696s] -- Up-to-date symlink: /media/kai/Kai_Backup/Master_Study/Master_Thesis/Implementation/libfranka_ws/install/garmi_hardware/share/garmi_hardware/package.xml
[0.766s] Invoked command in '/media/kai/Kai_Backup/Master_Study/Master_Thesis/Implementation/libfranka_ws/build/garmi_hardware' returned '0': CMAKE_PREFIX_PATH=${CMAKE_PREFIX_PATH}:/media/kai/Kai_Backup/Master_Study/Master_Thesis/Implementation/libfranka_ws/install/Hierarchical_Reinforcement_Learning_for_Adaptive_Control_Under_Stochastic_Network_Delays:/media/kai/Kai_Backup/Master_Study/Master_Thesis/Implementation/libfranka_ws/install/Reinforcement_Learning_In_Teleoperation:/opt/ros/humble /usr/bin/cmake --install /media/kai/Kai_Backup/Master_Study/Master_Thesis/Implementation/libfranka_ws/build/garmi_hardware
