[0.559s] Invoking command in '/media/kai/Kai_Backup/Master_Study/Master_Thesis/Implementation/libfranka_ws/build/garmi_moveit_config': CMAKE_PREFIX_PATH=${CMAKE_PREFIX_PATH}:/media/kai/Kai_Backup/Master_Study/Master_Thesis/Implementation/libfranka_ws/install/Hierarchical_Reinforcement_Learning_for_Adaptive_Control_Under_Stochastic_Network_Delays:/media/kai/Kai_Backup/Master_Study/Master_Thesis/Implementation/libfranka_ws/install/Reinforcement_Learning_In_Teleoperation:/opt/ros/humble /usr/bin/cmake /media/kai/Kai_Backup/Master_Study/Master_Thesis/Implementation/libfranka_ws/src/multipanda_ros2/garmi_packages/garmi_moveit_config -DAMENT_CMAKE_SYMLINK_INSTALL=1 -DCMAKE_INSTALL_PREFIX=/media/kai/Kai_Backup/Master_Study/Master_Thesis/Implementation/libfranka_ws/install/garmi_moveit_config
[0.621s] -- Found ament_cmake: 1.3.12 (/opt/ros/humble/share/ament_cmake/cmake)
[0.906s] -- Override CMake install command with custom implementation using symlinks instead of copying resources
[0.923s] -- Found ament_lint_auto: 0.12.14 (/opt/ros/humble/share/ament_lint_auto/cmake)
[1.221s] -- Configuring done
[1.228s] -- Generating done
[1.231s] -- Build files have been written to: /media/kai/Kai_Backup/Master_Study/Master_Thesis/Implementation/libfranka_ws/build/garmi_moveit_config
[1.268s] Invoked command in '/media/kai/Kai_Backup/Master_Study/Master_Thesis/Implementation/libfranka_ws/build/garmi_moveit_config' returned '0': CMAKE_PREFIX_PATH=${CMAKE_PREFIX_PATH}:/media/kai/Kai_Backup/Master_Study/Master_Thesis/Implementation/libfranka_ws/install/Hierarchical_Reinforcement_Learning_for_Adaptive_Control_Under_Stochastic_Network_Delays:/media/kai/Kai_Backup/Master_Study/Master_Thesis/Implementation/libfranka_ws/install/Reinforcement_Learning_In_Teleoperation:/opt/ros/humble /usr/bin/cmake /media/kai/Kai_Backup/Master_Study/Master_Thesis/Implementation/libfranka_ws/src/multipanda_ros2/garmi_packages/garmi_moveit_config -DAMENT_CMAKE_SYMLINK_INSTALL=1 -DCMAKE_INSTALL_PREFIX=/media/kai/Kai_Backup/Master_Study/Master_Thesis/Implementation/libfranka_ws/install/garmi_moveit_config
[1.269s] Invoking command in '/media/kai/Kai_Backup/Master_Study/Master_Thesis/Implementation/libfranka_ws/build/garmi_moveit_config': CMAKE_PREFIX_PATH=${CMAKE_PREFIX_PATH}:/media/kai/Kai_Backup/Master_Study/Master_Thesis/Implementation/libfranka_ws/install/Hierarchical_Reinforcement_Learning_for_Adaptive_Control_Under_Stochastic_Network_Delays:/media/kai/Kai_Backup/Master_Study/Master_Thesis/Implementation/libfranka_ws/install/Reinforcement_Learning_In_Teleoperation:/opt/ros/humble /usr/bin/cmake --build /media/kai/Kai_Backup/Master_Study/Master_Thesis/Implementation/libfranka_ws/build/garmi_moveit_config -- -j12 -l12
[1.536s] Invoked command in '/media/kai/Kai_Backup/Master_Study/Master_Thesis/Implementation/libfranka_ws/build/garmi_moveit_config' returned '0': CMAKE_PREFIX_PATH=${CMAKE_PREFIX_PATH}:/media/kai/Kai_Backup/Master_Study/Master_Thesis/Implementation/libfranka_ws/install/Hierarchical_Reinforcement_Learning_for_Adaptive_Control_Under_Stochastic_Network_Delays:/media/kai/Kai_Backup/Master_Study/Master_Thesis/Implementation/libfranka_ws/install/Reinforcement_Learning_In_Teleoperation:/opt/ros/humble /usr/bin/cmake --build /media/kai/Kai_Backup/Master_Study/Master_Thesis/Implementation/libfranka_ws/build/garmi_moveit_config -- -j12 -l12
[1.543s] Invoking command in '/media/kai/Kai_Backup/Master_Study/Master_Thesis/Implementation/libfranka_ws/build/garmi_moveit_config': CMAKE_PREFIX_PATH=${CMAKE_PREFIX_PATH}:/media/kai/Kai_Backup/Master_Study/Master_Thesis/Implementation/libfranka_ws/install/Hierarchical_Reinforcement_Learning_for_Adaptive_Control_Under_Stochastic_Network_Delays:/media/kai/Kai_Backup/Master_Study/Master_Thesis/Implementation/libfranka_ws/install/Reinforcement_Learning_In_Teleoperation:/opt/ros/humble /usr/bin/cmake --install /media/kai/Kai_Backup/Master_Study/Master_Thesis/Implementation/libfranka_ws/build/garmi_moveit_config
[2.592s] -- Install configuration: ""
[2.592s] -- Execute custom install script
[2.592s] -- Symlinking: /media/kai/Kai_Backup/Master_Study/Master_Thesis/Implementation/libfranka_ws/install/garmi_moveit_config/share/garmi_moveit_config/config/kinematics.yaml
[2.592s] -- Symlinking: /media/kai/Kai_Backup/Master_Study/Master_Thesis/Implementation/libfranka_ws/install/garmi_moveit_config/share/garmi_moveit_config/config/ompl_planning.yaml
[2.592s] -- Symlinking: /media/kai/Kai_Backup/Master_Study/Master_Thesis/Implementation/libfranka_ws/install/garmi_moveit_config/share/garmi_moveit_config/config/sim_garmi_controllers.yaml
[2.593s] -- Symlinking: /media/kai/Kai_Backup/Master_Study/Master_Thesis/Implementation/libfranka_ws/install/garmi_moveit_config/share/garmi_moveit_config/config/sim_garmi_ros_controllers.yaml
[2.593s] -- Symlinking: /media/kai/Kai_Backup/Master_Study/Master_Thesis/Implementation/libfranka_ws/install/garmi_moveit_config/share/garmi_moveit_config/launch/sim_garmi_moveit.launch.py
[2.593s] -- Symlinking: /media/kai/Kai_Backup/Master_Study/Master_Thesis/Implementation/libfranka_ws/install/garmi_moveit_config/share/garmi_moveit_config/srdf/base.xacro
[2.593s] -- Symlinking: /media/kai/Kai_Backup/Master_Study/Master_Thesis/Implementation/libfranka_ws/install/garmi_moveit_config/share/garmi_moveit_config/srdf/garmi.srdf.xacro
[2.593s] -- Symlinking: /media/kai/Kai_Backup/Master_Study/Master_Thesis/Implementation/libfranka_ws/install/garmi_moveit_config/share/garmi_moveit_config/srdf/garmi_arm.xacro
[2.593s] -- Symlinking: /media/kai/Kai_Backup/Master_Study/Master_Thesis/Implementation/libfranka_ws/install/garmi_moveit_config/share/garmi_moveit_config/srdf/garmi_arm_hand.xacro
[2.593s] -- Symlinking: /media/kai/Kai_Backup/Master_Study/Master_Thesis/Implementation/libfranka_ws/install/garmi_moveit_config/share/garmi_moveit_config/srdf/garmi_group_definition.xacro
[2.594s] -- Symlinking: /media/kai/Kai_Backup/Master_Study/Master_Thesis/Implementation/libfranka_ws/install/garmi_moveit_config/share/garmi_moveit_config/srdf/garmi_hand.xacro
[2.594s] -- Symlinking: /media/kai/Kai_Backup/Master_Study/Master_Thesis/Implementation/libfranka_ws/install/garmi_moveit_config/share/garmi_moveit_config/srdf/head.xacro
[2.594s] -- Symlinking: /media/kai/Kai_Backup/Master_Study/Master_Thesis/Implementation/libfranka_ws/install/garmi_moveit_config/share/garmi_moveit_config/rviz/garmi_moveit.rviz
[2.594s] -- Symlinking: /media/kai/Kai_Backup/Master_Study/Master_Thesis/Implementation/libfranka_ws/install/garmi_moveit_config/share/ament_index/resource_index/package_run_dependencies/garmi_moveit_config
[2.594s] -- Symlinking: /media/kai/Kai_Backup/Master_Study/Master_Thesis/Implementation/libfranka_ws/install/garmi_moveit_config/share/ament_index/resource_index/parent_prefix_path/garmi_moveit_config
[2.594s] -- Symlinking: /media/kai/Kai_Backup/Master_Study/Master_Thesis/Implementation/libfranka_ws/install/garmi_moveit_config/share/garmi_moveit_config/environment/ament_prefix_path.sh
[2.594s] -- Symlinking: /media/kai/Kai_Backup/Master_Study/Master_Thesis/Implementation/libfranka_ws/install/garmi_moveit_config/share/garmi_moveit_config/environment/ament_prefix_path.dsv
[2.594s] -- Symlinking: /media/kai/Kai_Backup/Master_Study/Master_Thesis/Implementation/libfranka_ws/install/garmi_moveit_config/share/garmi_moveit_config/environment/path.sh
[2.595s] -- Symlinking: /media/kai/Kai_Backup/Master_Study/Master_Thesis/Implementation/libfranka_ws/install/garmi_moveit_config/share/garmi_moveit_config/environment/path.dsv
[2.595s] -- Symlinking: /media/kai/Kai_Backup/Master_Study/Master_Thesis/Implementation/libfranka_ws/install/garmi_moveit_config/share/garmi_moveit_config/local_setup.bash
[2.595s] -- Symlinking: /media/kai/Kai_Backup/Master_Study/Master_Thesis/Implementation/libfranka_ws/install/garmi_moveit_config/share/garmi_moveit_config/local_setup.sh
[2.595s] -- Symlinking: /media/kai/Kai_Backup/Master_Study/Master_Thesis/Implementation/libfranka_ws/install/garmi_moveit_config/share/garmi_moveit_config/local_setup.zsh
[2.595s] -- Symlinking: /media/kai/Kai_Backup/Master_Study/Master_Thesis/Implementation/libfranka_ws/install/garmi_moveit_config/share/garmi_moveit_config/local_setup.dsv
[2.595s] -- Symlinking: /media/kai/Kai_Backup/Master_Study/Master_Thesis/Implementation/libfranka_ws/install/garmi_moveit_config/share/garmi_moveit_config/package.dsv
[2.595s] -- Symlinking: /media/kai/Kai_Backup/Master_Study/Master_Thesis/Implementation/libfranka_ws/install/garmi_moveit_config/share/ament_index/resource_index/packages/garmi_moveit_config
[2.596s] -- Symlinking: /media/kai/Kai_Backup/Master_Study/Master_Thesis/Implementation/libfranka_ws/install/garmi_moveit_config/share/garmi_moveit_config/cmake/garmi_moveit_configConfig.cmake
[2.596s] -- Symlinking: /media/kai/Kai_Backup/Master_Study/Master_Thesis/Implementation/libfranka_ws/install/garmi_moveit_config/share/garmi_moveit_config/cmake/garmi_moveit_configConfig-version.cmake
[2.596s] -- Symlinking: /media/kai/Kai_Backup/Master_Study/Master_Thesis/Implementation/libfranka_ws/install/garmi_moveit_config/share/garmi_moveit_config/package.xml
[2.645s] Invoked command in '/media/kai/Kai_Backup/Master_Study/Master_Thesis/Implementation/libfranka_ws/build/garmi_moveit_config' returned '0': CMAKE_PREFIX_PATH=${CMAKE_PREFIX_PATH}:/media/kai/Kai_Backup/Master_Study/Master_Thesis/Implementation/libfranka_ws/install/Hierarchical_Reinforcement_Learning_for_Adaptive_Control_Under_Stochastic_Network_Delays:/media/kai/Kai_Backup/Master_Study/Master_Thesis/Implementation/libfranka_ws/install/Reinforcement_Learning_In_Teleoperation:/opt/ros/humble /usr/bin/cmake --install /media/kai/Kai_Backup/Master_Study/Master_Thesis/Implementation/libfranka_ws/build/garmi_moveit_config
