-- The C compiler identification is GNU 11.4.0
-- The CXX compiler identification is GNU 11.4.0
-- Detecting C compiler ABI info
-- Detecting C compiler ABI info - done
-- Check for working C compiler: /usr/bin/cc - skipped
-- Detecting C compile features
-- Detecting C compile features - done
-- Detecting CXX compiler ABI info
-- Detecting CXX compiler ABI info - done
-- Check for working CXX compiler: /usr/bin/c++ - skipped
-- Detecting CXX compile features
-- Detecting CXX compile features - done
-- Found OpenGL: /usr/lib/x86_64-linux-gnu/libOpenGL.so   
-- Looking for pthread.h
-- Looking for pthread.h - found
-- Performing Test CMAKE_HAVE_LIBC_PTHREAD
-- Performing Test CMAKE_HAVE_LIBC_PTHREAD - Success
-- Found Threads: TRUE  
-- Configuring done
-- Generating done
-- Build files have been written to: /media/kai/Kai_Backup/Master_Study/Master_Thesis/Implementation/libfranka_ws/build/BULLET_PHYSICS
[  0%] [32mBuilding CXX object examples/ThirdPartyLibs/BussIK/CMakeFiles/BussIK.dir/Jacobian.cpp.o[0m
[  0%] [32mBuilding CXX object examples/ExampleBrowser/CMakeFiles/BulletExampleBrowserLib.dir/OpenGLExampleBrowser.cpp.o[0m
[  0%] [32mBuilding CXX object src/Bullet3Common/CMakeFiles/Bullet3Common.dir/b3AlignedAllocator.cpp.o[0m
[  0%] [32mBuilding CXX object examples/ThirdPartyLibs/Gwen/CMakeFiles/gwen.dir/Anim.cpp.o[0m
[  0%] [32mBuilding CXX object src/LinearMath/CMakeFiles/LinearMath.dir/btAlignedAllocator.cpp.o[0m
[  1%] [32mBuilding CXX object src/BulletInverseDynamics/CMakeFiles/BulletInverseDynamics.dir/IDMath.cpp.o[0m
[  1%] [32mBuilding CXX object src/BulletSoftBody/CMakeFiles/BulletSoftBody.dir/btSoftBody.cpp.o[0m
[  1%] [32mBuilding CXX object Extras/InverseDynamics/CMakeFiles/BulletInverseDynamicsUtils.dir/CloneTreeCreator.cpp.o[0m
[  1%] [32mBuilding CXX object src/BulletCollision/CMakeFiles/BulletCollision.dir/BroadphaseCollision/btAxisSweep3.cpp.o[0m
[  1%] [32mBuilding CXX object src/BulletDynamics/CMakeFiles/BulletDynamics.dir/Character/btKinematicCharacterController.cpp.o[0m
[  1%] [32mBuilding CXX object examples/OpenGLWindow/CMakeFiles/OpenGLWindow.dir/X11OpenGLWindow.cpp.o[0m
[  1%] [32mBuilding CXX object Extras/BulletRobotics/CMakeFiles/BulletRobotics.dir/__/__/examples/SharedMemory/plugins/stablePDPlugin/SpAlg.cpp.o[0m
[  2%] [32mBuilding CXX object src/LinearMath/CMakeFiles/LinearMath.dir/btConvexHull.cpp.o[0m
[  3%] [32mBuilding CXX object src/Bullet3Common/CMakeFiles/Bullet3Common.dir/b3Vector3.cpp.o[0m
[  3%] [32mBuilding C object examples/OpenGLWindow/CMakeFiles/OpenGLWindow.dir/__/ThirdPartyLibs/glad/glx.c.o[0m
[  3%] [32mBuilding CXX object src/BulletInverseDynamics/CMakeFiles/BulletInverseDynamics.dir/MultiBodyTree.cpp.o[0m
[  3%] [32mBuilding CXX object src/Bullet3Common/CMakeFiles/Bullet3Common.dir/b3Logging.cpp.o[0m
[  3%] [32mBuilding CXX object Extras/InverseDynamics/CMakeFiles/BulletInverseDynamicsUtils.dir/CoilCreator.cpp.o[0m
[  3%] [32m[1mLinking CXX static library libBullet3Common.a[0m
[  3%] [32mBuilding CXX object src/BulletDynamics/CMakeFiles/BulletDynamics.dir/ConstraintSolver/btConeTwistConstraint.cpp.o[0m
[  3%] [32mBuilding CXX object src/BulletCollision/CMakeFiles/BulletCollision.dir/BroadphaseCollision/btBroadphaseProxy.cpp.o[0m
[  3%] Built target Bullet3Common
[  3%] [32mBuilding CXX object examples/ThirdPartyLibs/BussIK/CMakeFiles/BussIK.dir/LinearR2.cpp.o[0m
[  3%] [32mBuilding CXX object examples/ExampleBrowser/CMakeFiles/BulletExampleBrowserLib.dir/OpenGLGuiHelper.cpp.o[0m
[  3%] [32mBuilding C object examples/OpenGLWindow/CMakeFiles/OpenGLWindow.dir/__/ThirdPartyLibs/glad/gl.c.o[0m
[  3%] [32mBuilding CXX object src/BulletInverseDynamics/CMakeFiles/BulletInverseDynamics.dir/details/MultiBodyTreeInitCache.cpp.o[0m
[  3%] [32mBuilding CXX object src/BulletCollision/CMakeFiles/BulletCollision.dir/BroadphaseCollision/btCollisionAlgorithm.cpp.o[0m
[  3%] [32mBuilding CXX object examples/ThirdPartyLibs/Gwen/CMakeFiles/gwen.dir/BaseRender.cpp.o[0m
[  3%] [32mBuilding CXX object src/LinearMath/CMakeFiles/LinearMath.dir/btConvexHullComputer.cpp.o[0m
[  3%] [32mBuilding CXX object Extras/InverseDynamics/CMakeFiles/BulletInverseDynamicsUtils.dir/MultiBodyTreeCreator.cpp.o[0m
[  3%] [32mBuilding CXX object src/BulletCollision/CMakeFiles/BulletCollision.dir/BroadphaseCollision/btDbvt.cpp.o[0m
[  3%] [32mBuilding CXX object examples/ThirdPartyLibs/BussIK/CMakeFiles/BussIK.dir/LinearR3.cpp.o[0m
[  3%] [32mBuilding CXX object src/BulletInverseDynamics/CMakeFiles/BulletInverseDynamics.dir/details/MultiBodyTreeImpl.cpp.o[0m
[  3%] [32mBuilding CXX object examples/OpenGLWindow/CMakeFiles/OpenGLWindow.dir/EGLOpenGLWindow.cpp.o[0m
[  3%] [32mBuilding CXX object examples/OpenGLWindow/CMakeFiles/OpenGLWindow.dir/GLFWOpenGLWindow.cpp.o[0m
[  4%] [32mBuilding CXX object examples/OpenGLWindow/CMakeFiles/OpenGLWindow.dir/GLInstancingRenderer.cpp.o[0m
[  4%] [32mBuilding CXX object Extras/InverseDynamics/CMakeFiles/BulletInverseDynamicsUtils.dir/btMultiBodyTreeCreator.cpp.o[0m
[  4%] [32mBuilding CXX object examples/ThirdPartyLibs/BussIK/CMakeFiles/BussIK.dir/LinearR4.cpp.o[0m
[  4%] [32mBuilding CXX object examples/ThirdPartyLibs/Gwen/CMakeFiles/gwen.dir/Controls/Base.cpp.o[0m
[  4%] [32mBuilding CXX object src/BulletDynamics/CMakeFiles/BulletDynamics.dir/ConstraintSolver/btContactConstraint.cpp.o[0m
[  4%] [32mBuilding CXX object src/BulletCollision/CMakeFiles/BulletCollision.dir/BroadphaseCollision/btDbvtBroadphase.cpp.o[0m
[  4%] [32mBuilding CXX object src/LinearMath/CMakeFiles/LinearMath.dir/btGeometryUtil.cpp.o[0m
[  4%] [32mBuilding CXX object Extras/InverseDynamics/CMakeFiles/BulletInverseDynamicsUtils.dir/DillCreator.cpp.o[0m
[  5%] [32mBuilding CXX object src/BulletDynamics/CMakeFiles/BulletDynamics.dir/ConstraintSolver/btFixedConstraint.cpp.o[0m
[  5%] [32mBuilding CXX object src/LinearMath/CMakeFiles/LinearMath.dir/btPolarDecomposition.cpp.o[0m
[  6%] [32mBuilding CXX object examples/ThirdPartyLibs/BussIK/CMakeFiles/BussIK.dir/MatrixRmn.cpp.o[0m
[  6%] [32mBuilding CXX object src/BulletDynamics/CMakeFiles/BulletDynamics.dir/ConstraintSolver/btGearConstraint.cpp.o[0m
[  7%] [32mBuilding CXX object src/BulletCollision/CMakeFiles/BulletCollision.dir/BroadphaseCollision/btDispatcher.cpp.o[0m
[  8%] [32mBuilding CXX object Extras/InverseDynamics/CMakeFiles/BulletInverseDynamicsUtils.dir/MultiBodyTreeDebugGraph.cpp.o[0m
[  8%] [32mBuilding CXX object src/LinearMath/CMakeFiles/LinearMath.dir/btQuickprof.cpp.o[0m
[  8%] [32mBuilding CXX object examples/OpenGLWindow/CMakeFiles/OpenGLWindow.dir/GLPrimitiveRenderer.cpp.o[0m
[  8%] [32mBuilding CXX object src/BulletCollision/CMakeFiles/BulletCollision.dir/BroadphaseCollision/btOverlappingPairCache.cpp.o[0m
[  8%] [32m[1mLinking CXX static library libBulletInverseDynamics.a[0m
[  8%] [32mBuilding CXX object src/BulletDynamics/CMakeFiles/BulletDynamics.dir/ConstraintSolver/btGeneric6DofConstraint.cpp.o[0m
[  9%] [32mBuilding CXX object Extras/BulletRobotics/CMakeFiles/BulletRobotics.dir/__/__/examples/SharedMemory/plugins/stablePDPlugin/Shape.cpp.o[0m
[  9%] [32mBuilding CXX object src/LinearMath/CMakeFiles/LinearMath.dir/btReducedVector.cpp.o[0m
[  9%] Built target BulletInverseDynamics
[  9%] [32mBuilding CXX object examples/OpenGLWindow/CMakeFiles/OpenGLWindow.dir/GLRenderToTexture.cpp.o[0m
[  9%] [32mBuilding CXX object Extras/BulletRobotics/CMakeFiles/BulletRobotics.dir/__/__/examples/SharedMemory/plugins/stablePDPlugin/RBDUtil.cpp.o[0m
[  9%] [32mBuilding CXX object examples/ThirdPartyLibs/Gwen/CMakeFiles/gwen.dir/Controls/Button.cpp.o[0m
[  9%] [32mBuilding CXX object Extras/InverseDynamics/CMakeFiles/BulletInverseDynamicsUtils.dir/invdyn_bullet_comparison.cpp.o[0m
[  9%] [32mBuilding CXX object examples/ExampleBrowser/CMakeFiles/BulletExampleBrowserLib.dir/GL_ShapeDrawer.cpp.o[0m
[  9%] [32mBuilding CXX object examples/OpenGLWindow/CMakeFiles/OpenGLWindow.dir/LoadShader.cpp.o[0m
[  9%] [32mBuilding CXX object examples/OpenGLWindow/CMakeFiles/OpenGLWindow.dir/OpenSans.cpp.o[0m
[  9%] [32mBuilding CXX object src/BulletDynamics/CMakeFiles/BulletDynamics.dir/ConstraintSolver/btGeneric6DofSpringConstraint.cpp.o[0m
[  9%] [32mBuilding CXX object src/BulletCollision/CMakeFiles/BulletCollision.dir/BroadphaseCollision/btQuantizedBvh.cpp.o[0m
[  9%] [32mBuilding CXX object examples/ThirdPartyLibs/BussIK/CMakeFiles/BussIK.dir/Misc.cpp.o[0m
[  9%] [32mBuilding CXX object examples/OpenGLWindow/CMakeFiles/OpenGLWindow.dir/SimpleCamera.cpp.o[0m
[  9%] [32mBuilding CXX object examples/ExampleBrowser/CMakeFiles/BulletExampleBrowserLib.dir/CollisionShape2TriangleMesh.cpp.o[0m
[  9%] [32mBuilding CXX object examples/ThirdPartyLibs/BussIK/CMakeFiles/BussIK.dir/Node.cpp.o[0m
[  9%] [32mBuilding CXX object examples/ThirdPartyLibs/Gwen/CMakeFiles/gwen.dir/Controls/Canvas.cpp.o[0m
[  9%] [32mBuilding CXX object src/BulletDynamics/CMakeFiles/BulletDynamics.dir/ConstraintSolver/btGeneric6DofSpring2Constraint.cpp.o[0m
[  9%] [32mBuilding CXX object src/LinearMath/CMakeFiles/LinearMath.dir/btSerializer.cpp.o[0m
[  9%] [32mBuilding CXX object src/LinearMath/CMakeFiles/LinearMath.dir/btSerializer64.cpp.o[0m
[  9%] [32mBuilding CXX object Extras/InverseDynamics/CMakeFiles/BulletInverseDynamicsUtils.dir/IDRandomUtil.cpp.o[0m
[  9%] [32mBuilding CXX object src/LinearMath/CMakeFiles/LinearMath.dir/btThreads.cpp.o[0m
[  9%] [32mBuilding CXX object examples/OpenGLWindow/CMakeFiles/OpenGLWindow.dir/SimpleOpenGL2App.cpp.o[0m
[  9%] [32mBuilding CXX object Extras/InverseDynamics/CMakeFiles/BulletInverseDynamicsUtils.dir/RandomTreeCreator.cpp.o[0m
[  9%] [32mBuilding CXX object examples/ThirdPartyLibs/BussIK/CMakeFiles/BussIK.dir/Tree.cpp.o[0m
[ 10%] [32mBuilding CXX object src/LinearMath/CMakeFiles/LinearMath.dir/btVector3.cpp.o[0m
[ 10%] [32mBuilding CXX object src/BulletCollision/CMakeFiles/BulletCollision.dir/BroadphaseCollision/btSimpleBroadphase.cpp.o[0m
[ 10%] [32mBuilding CXX object src/LinearMath/CMakeFiles/LinearMath.dir/TaskScheduler/btTaskScheduler.cpp.o[0m
[ 10%] [32mBuilding CXX object src/BulletDynamics/CMakeFiles/BulletDynamics.dir/ConstraintSolver/btHinge2Constraint.cpp.o[0m
[ 10%] [32mBuilding CXX object examples/ThirdPartyLibs/Gwen/CMakeFiles/gwen.dir/Controls/CheckBox.cpp.o[0m
[ 10%] [32mBuilding CXX object Extras/InverseDynamics/CMakeFiles/BulletInverseDynamicsUtils.dir/SimpleTreeCreator.cpp.o[0m
[ 10%] [32mBuilding CXX object src/LinearMath/CMakeFiles/LinearMath.dir/TaskScheduler/btThreadSupportPosix.cpp.o[0m
[ 10%] [32mBuilding CXX object src/LinearMath/CMakeFiles/LinearMath.dir/TaskScheduler/btThreadSupportWin32.cpp.o[0m
[ 10%] [32mBuilding CXX object src/BulletCollision/CMakeFiles/BulletCollision.dir/CollisionDispatch/btActivatingCollisionAlgorithm.cpp.o[0m
[ 10%] [32m[1mLinking CXX static library libLinearMath.a[0m
[ 10%] [32mBuilding CXX object examples/OpenGLWindow/CMakeFiles/OpenGLWindow.dir/SimpleOpenGL2Renderer.cpp.o[0m
[ 10%] [32mBuilding CXX object examples/ThirdPartyLibs/BussIK/CMakeFiles/BussIK.dir/VectorRn.cpp.o[0m
[ 10%] Built target LinearMath
[ 10%] [32mBuilding CXX object src/BulletDynamics/CMakeFiles/BulletDynamics.dir/ConstraintSolver/btHingeConstraint.cpp.o[0m
[ 10%] [32mBuilding CXX object examples/ExampleBrowser/CMakeFiles/BulletExampleBrowserLib.dir/__/Utils/b3Clock.cpp.o[0m
[ 10%] [32mBuilding CXX object src/BulletCollision/CMakeFiles/BulletCollision.dir/CollisionDispatch/btBoxBoxCollisionAlgorithm.cpp.o[0m
[ 10%] [32mBuilding CXX object Extras/InverseDynamics/CMakeFiles/BulletInverseDynamicsUtils.dir/MultiBodyNameMap.cpp.o[0m
[ 10%] [32mBuilding CXX object examples/ExampleBrowser/CMakeFiles/BulletExampleBrowserLib.dir/__/Utils/ChromeTraceUtil.cpp.o[0m
[ 10%] [32mBuilding CXX object src/BulletCollision/CMakeFiles/BulletCollision.dir/CollisionDispatch/btBox2dBox2dCollisionAlgorithm.cpp.o[0m
[ 10%] [32m[1mLinking CXX static library libBussIK.a[0m
[ 10%] [32mBuilding CXX object examples/ThirdPartyLibs/Gwen/CMakeFiles/gwen.dir/Controls/ColorControls.cpp.o[0m
[ 10%] [32mBuilding CXX object examples/ExampleBrowser/CMakeFiles/BulletExampleBrowserLib.dir/__/Utils/b3ResourcePath.cpp.o[0m
[ 10%] Built target BussIK
[ 10%] [32mBuilding CXX object examples/OpenGLWindow/CMakeFiles/OpenGLWindow.dir/SimpleOpenGL3App.cpp.o[0m
[ 10%] [32mBuilding CXX object src/BulletDynamics/CMakeFiles/BulletDynamics.dir/ConstraintSolver/btPoint2PointConstraint.cpp.o[0m
[ 10%] [32mBuilding CXX object src/BulletCollision/CMakeFiles/BulletCollision.dir/CollisionDispatch/btBoxBoxDetector.cpp.o[0m
[ 10%] [32mBuilding CXX object examples/ExampleBrowser/CMakeFiles/BulletExampleBrowserLib.dir/GwenGUISupport/GraphingTexture.cpp.o[0m
[ 10%] [32mBuilding CXX object Extras/InverseDynamics/CMakeFiles/BulletInverseDynamicsUtils.dir/User2InternalIndex.cpp.o[0m
[ 10%] [32mBuilding CXX object src/BulletDynamics/CMakeFiles/BulletDynamics.dir/ConstraintSolver/btSequentialImpulseConstraintSolver.cpp.o[0m
[ 10%] [32mBuilding CXX object examples/ExampleBrowser/CMakeFiles/BulletExampleBrowserLib.dir/GwenGUISupport/GwenParameterInterface.cpp.o[0m
[ 10%] [32mBuilding CXX object src/BulletCollision/CMakeFiles/BulletCollision.dir/CollisionDispatch/btCollisionDispatcher.cpp.o[0m
[ 10%] [32mBuilding CXX object src/BulletSoftBody/CMakeFiles/BulletSoftBody.dir/btSoftBodyConcaveCollisionAlgorithm.cpp.o[0m
[ 11%] [32m[1mLinking CXX static library libBulletInverseDynamicsUtils.a[0m
[ 11%] [32mBuilding CXX object examples/ThirdPartyLibs/Gwen/CMakeFiles/gwen.dir/Controls/ColorPicker.cpp.o[0m
[ 11%] [32mBuilding CXX object src/BulletCollision/CMakeFiles/BulletCollision.dir/CollisionDispatch/btCollisionDispatcherMt.cpp.o[0m
[ 11%] Built target BulletInverseDynamicsUtils
[ 11%] [32mBuilding CXX object examples/OpenGLWindow/CMakeFiles/OpenGLWindow.dir/TwFonts.cpp.o[0m
[ 12%] [32mBuilding CXX object src/BulletCollision/CMakeFiles/BulletCollision.dir/CollisionDispatch/btCollisionObject.cpp.o[0m
[ 13%] [32mBuilding CXX object examples/OpenGLWindow/CMakeFiles/OpenGLWindow.dir/fontstash.cpp.o[0m
[ 13%] [32mBuilding CXX object src/BulletDynamics/CMakeFiles/BulletDynamics.dir/ConstraintSolver/btSequentialImpulseConstraintSolverMt.cpp.o[0m
[ 14%] [32mBuilding CXX object examples/ExampleBrowser/CMakeFiles/BulletExampleBrowserLib.dir/GwenGUISupport/GwenProfileWindow.cpp.o[0m
[ 14%] [32mBuilding CXX object examples/ThirdPartyLibs/Gwen/CMakeFiles/gwen.dir/Controls/ComboBox.cpp.o[0m
[ 14%] [32mBuilding CXX object src/BulletSoftBody/CMakeFiles/BulletSoftBody.dir/btSoftBodyHelpers.cpp.o[0m
[ 14%] [32mBuilding CXX object src/BulletCollision/CMakeFiles/BulletCollision.dir/CollisionDispatch/btCollisionWorld.cpp.o[0m
[ 14%] [32mBuilding CXX object examples/ThirdPartyLibs/Gwen/CMakeFiles/gwen.dir/Controls/CrossSplitter.cpp.o[0m
[ 14%] [32mBuilding CXX object examples/ExampleBrowser/CMakeFiles/BulletExampleBrowserLib.dir/GwenGUISupport/GwenTextureWindow.cpp.o[0m
[ 15%] [32mBuilding CXX object src/BulletDynamics/CMakeFiles/BulletDynamics.dir/ConstraintSolver/btBatchedConstraints.cpp.o[0m
[ 15%] [32mBuilding CXX object examples/OpenGLWindow/CMakeFiles/OpenGLWindow.dir/opengl_fontstashcallbacks.cpp.o[0m
[ 15%] [32mBuilding C object examples/OpenGLWindow/CMakeFiles/OpenGLWindow.dir/__/ThirdPartyLibs/glad/egl.c.o[0m
[ 15%] [32mBuilding CXX object examples/OpenGLWindow/CMakeFiles/OpenGLWindow.dir/__/ThirdPartyLibs/stb_image/stb_image_write.cpp.o[0m
[ 15%] [32mBuilding CXX object examples/ThirdPartyLibs/Gwen/CMakeFiles/gwen.dir/Controls/Dialog/FileOpen.cpp.o[0m
[ 15%] [32m[1mLinking CXX static library libOpenGLWindow.a[0m
[ 15%] [32mBuilding CXX object src/BulletDynamics/CMakeFiles/BulletDynamics.dir/ConstraintSolver/btNNCGConstraintSolver.cpp.o[0m
[ 15%] Built target OpenGLWindow
[ 15%] [32mBuilding CXX object examples/ThirdPartyLibs/Gwen/CMakeFiles/gwen.dir/Controls/Dialog/FileSave.cpp.o[0m
[ 15%] [32mBuilding CXX object examples/ExampleBrowser/CMakeFiles/BulletExampleBrowserLib.dir/GwenGUISupport/gwenUserInterface.cpp.o[0m
[ 15%] [32mBuilding CXX object src/BulletCollision/CMakeFiles/BulletCollision.dir/CollisionDispatch/btCollisionWorldImporter.cpp.o[0m
[ 15%] [32mBuilding CXX object src/BulletDynamics/CMakeFiles/BulletDynamics.dir/ConstraintSolver/btSliderConstraint.cpp.o[0m
[ 15%] [32mBuilding CXX object examples/ThirdPartyLibs/Gwen/CMakeFiles/gwen.dir/Controls/Dialog/Query.cpp.o[0m
[ 15%] [32mBuilding CXX object src/BulletDynamics/CMakeFiles/BulletDynamics.dir/ConstraintSolver/btSolve2LinearConstraint.cpp.o[0m
[ 15%] [32mBuilding CXX object examples/ThirdPartyLibs/Gwen/CMakeFiles/gwen.dir/Controls/DockBase.cpp.o[0m
[ 15%] [32mBuilding CXX object src/BulletDynamics/CMakeFiles/BulletDynamics.dir/ConstraintSolver/btTypedConstraint.cpp.o[0m
[ 15%] [32mBuilding CXX object src/BulletSoftBody/CMakeFiles/BulletSoftBody.dir/btSoftBodyRigidBodyCollisionConfiguration.cpp.o[0m
[ 15%] [32m[1mLinking CXX static library libBulletExampleBrowserLib.a[0m
[ 15%] [32mBuilding CXX object Extras/BulletRobotics/CMakeFiles/BulletRobotics.dir/__/__/examples/SharedMemory/plugins/stablePDPlugin/MathUtil.cpp.o[0m
[ 15%] Built target BulletExampleBrowserLib
[ 15%] [32mBuilding CXX object src/BulletDynamics/CMakeFiles/BulletDynamics.dir/ConstraintSolver/btUniversalConstraint.cpp.o[0m
[ 15%] [32mBuilding CXX object examples/ThirdPartyLibs/Gwen/CMakeFiles/gwen.dir/Controls/DockedTabControl.cpp.o[0m
[ 16%] [32mBuilding CXX object src/BulletSoftBody/CMakeFiles/BulletSoftBody.dir/btSoftRigidCollisionAlgorithm.cpp.o[0m
[ 16%] [32mBuilding CXX object src/BulletCollision/CMakeFiles/BulletCollision.dir/CollisionDispatch/btCompoundCollisionAlgorithm.cpp.o[0m
[ 16%] [32mBuilding CXX object src/BulletDynamics/CMakeFiles/BulletDynamics.dir/Dynamics/btDiscreteDynamicsWorld.cpp.o[0m
[ 16%] [32mBuilding CXX object src/BulletSoftBody/CMakeFiles/BulletSoftBody.dir/btSoftRigidDynamicsWorld.cpp.o[0m
[ 16%] [32mBuilding CXX object examples/ThirdPartyLibs/Gwen/CMakeFiles/gwen.dir/Controls/Dragger.cpp.o[0m
[ 16%] [32mBuilding CXX object src/BulletCollision/CMakeFiles/BulletCollision.dir/CollisionDispatch/btCompoundCompoundCollisionAlgorithm.cpp.o[0m
[ 16%] [32mBuilding CXX object src/BulletCollision/CMakeFiles/BulletCollision.dir/CollisionDispatch/btConvexConcaveCollisionAlgorithm.cpp.o[0m
[ 16%] [32mBuilding CXX object src/BulletSoftBody/CMakeFiles/BulletSoftBody.dir/btSoftMultiBodyDynamicsWorld.cpp.o[0m
[ 17%] [32mBuilding CXX object examples/ThirdPartyLibs/Gwen/CMakeFiles/gwen.dir/Controls/GroupBox.cpp.o[0m
[ 17%] [32mBuilding CXX object src/BulletDynamics/CMakeFiles/BulletDynamics.dir/Dynamics/btDiscreteDynamicsWorldMt.cpp.o[0m
[ 17%] [32mBuilding CXX object src/BulletCollision/CMakeFiles/BulletCollision.dir/CollisionDispatch/btConvexConvexAlgorithm.cpp.o[0m
[ 17%] [32mBuilding CXX object examples/ThirdPartyLibs/Gwen/CMakeFiles/gwen.dir/Controls/HSVColorPicker.cpp.o[0m
[ 17%] [32mBuilding CXX object src/BulletSoftBody/CMakeFiles/BulletSoftBody.dir/btSoftSoftCollisionAlgorithm.cpp.o[0m
[ 17%] [32mBuilding CXX object src/BulletDynamics/CMakeFiles/BulletDynamics.dir/Dynamics/btSimulationIslandManagerMt.cpp.o[0m
[ 17%] [32mBuilding CXX object src/BulletSoftBody/CMakeFiles/BulletSoftBody.dir/btDefaultSoftBodySolver.cpp.o[0m
[ 17%] [32mBuilding CXX object src/BulletCollision/CMakeFiles/BulletCollision.dir/CollisionDispatch/btConvexPlaneCollisionAlgorithm.cpp.o[0m
[ 17%] [32mBuilding CXX object examples/ThirdPartyLibs/Gwen/CMakeFiles/gwen.dir/Controls/HorizontalScrollBar.cpp.o[0m
[ 17%] [32mBuilding CXX object src/BulletDynamics/CMakeFiles/BulletDynamics.dir/Dynamics/btRigidBody.cpp.o[0m
[ 17%] [32mBuilding CXX object src/BulletSoftBody/CMakeFiles/BulletSoftBody.dir/btDeformableBackwardEulerObjective.cpp.o[0m
[ 17%] [32mBuilding CXX object src/BulletCollision/CMakeFiles/BulletCollision.dir/CollisionDispatch/btConvex2dConvex2dAlgorithm.cpp.o[0m
