[0.070s] Invoking command in '/media/kai/Kai_Backup/Master_Study/Master_Thesis/Implementation/libfranka_ws/build/garmi_hardware': CMAKE_PREFIX_PATH=${CMAKE_PREFIX_PATH}:/media/kai/Kai_Backup/Master_Study/Master_Thesis/Implementation/libfranka_ws/install/Hierarchical_Reinforcement_Learning_for_Adaptive_Control_Under_Stochastic_Network_Delays:/media/kai/Kai_Backup/Master_Study/Master_Thesis/Implementation/libfranka_ws/install/Reinforcement_Learning_In_Teleoperation:/opt/ros/humble /usr/bin/cmake /media/kai/Kai_Backup/Master_Study/Master_Thesis/Implementation/libfranka_ws/src/multipanda_ros2/garmi_packages/garmi_hardware -DAMENT_CMAKE_SYMLINK_INSTALL=1 -DCMAKE_INSTALL_PREFIX=/media/kai/Kai_Backup/Master_Study/Master_Thesis/Implementation/libfranka_ws/install/garmi_hardware
[0.881s] -- The C compiler identification is GNU 11.4.0
[0.881s] -- The CXX compiler identification is GNU 11.4.0
[0.881s] -- Detecting C compiler ABI info
[0.882s] -- Detecting C compiler ABI info - done
[0.882s] -- Check for working C compiler: /usr/bin/cc - skipped
[0.882s] -- Detecting C compile features
[0.882s] -- Detecting C compile features - done
[0.882s] -- Detecting CXX compiler ABI info
[0.988s] -- Detecting CXX compiler ABI info - done
[1.005s] -- Check for working CXX compiler: /usr/bin/c++ - skipped
[1.006s] -- Detecting CXX compile features
[1.007s] -- Detecting CXX compile features - done
[1.009s] -- Setting build type to 'Release' as none was specified.
[1.013s] -- Found ament_cmake: 1.3.12 (/opt/ros/humble/share/ament_cmake/cmake)
[1.605s] -- Found Python3: /usr/bin/python3 (found version "3.10.12") found components: Interpreter 
[1.860s] -- Override CMake install command with custom implementation using symlinks instead of copying resources
[1.958s] -- Found rclcpp: 16.0.15 (/opt/ros/humble/share/rclcpp/cmake)
[2.206s] -- Found rosidl_generator_c: 3.1.7 (/opt/ros/humble/share/rosidl_generator_c/cmake)
[2.235s] -- Found rosidl_adapter: 3.1.7 (/opt/ros/humble/share/rosidl_adapter/cmake)
[2.256s] -- Found rosidl_generator_cpp: 3.1.7 (/opt/ros/humble/share/rosidl_generator_cpp/cmake)
[2.299s] -- Using all available rosidl_typesupport_c: rosidl_typesupport_fastrtps_c;rosidl_typesupport_introspection_c
[2.384s] -- Using all available rosidl_typesupport_cpp: rosidl_typesupport_fastrtps_cpp;rosidl_typesupport_introspection_cpp
[2.491s] -- Found rmw_implementation_cmake: 6.1.2 (/opt/ros/humble/share/rmw_implementation_cmake/cmake)
[2.501s] -- Found rmw_fastrtps_cpp: 6.2.8 (/opt/ros/humble/share/rmw_fastrtps_cpp/cmake)
[3.087s] -- Found OpenSSL: /usr/lib/x86_64-linux-gnu/libcrypto.so (found version "3.0.2")  
[3.188s] -- Found FastRTPS: /opt/ros/humble/include  
[3.342s] -- Using RMW implementation 'rmw_fastrtps_cpp' as default
[3.388s] -- Looking for pthread.h
[3.749s] -- Looking for pthread.h - found
[3.749s] -- Performing Test CMAKE_HAVE_LIBC_PTHREAD
[4.104s] -- Performing Test CMAKE_HAVE_LIBC_PTHREAD - Success
[4.107s] -- Found Threads: TRUE  
[4.292s] -- Found rclcpp_action: 16.0.15 (/opt/ros/humble/share/rclcpp_action/cmake)
[4.381s] -- Found rclcpp_components: 16.0.15 (/opt/ros/humble/share/rclcpp_components/cmake)
[4.444s] -- Found rclcpp_lifecycle: 16.0.15 (/opt/ros/humble/share/rclcpp_lifecycle/cmake)
[4.490s] -- Found hardware_interface: 2.52.0 (/opt/ros/humble/share/hardware_interface/cmake)
[4.787s] [31mCMake Error at CMakeLists.txt:65 (find_package):
[4.787s]   By not providing "Findament_lint_auto.cmake" in CMAKE_MODULE_PATH this
[4.788s]   project has asked CMake to find a package configuration file provided by
[4.788s]   "ament_lint_auto", but CMake did not find one.
[4.788s] 
[4.788s]   Could not find a package configuration file provided by "ament_lint_auto"
[4.788s]   with any of the following names:
[4.788s] 
[4.788s]     ament_lint_autoConfig.cmake
[4.788s]     ament_lint_auto-config.cmake
[4.789s] 
[4.789s]   Add the installation prefix of "ament_lint_auto" to CMAKE_PREFIX_PATH or
[4.789s]   set "ament_lint_auto_DIR" to a directory containing one of the above files.
[4.789s]   If "ament_lint_auto" provides a separate development package or SDK, be
[4.790s]   sure it has been installed.
[4.790s] 
[4.790s] [0m
[4.790s] -- Configuring incomplete, errors occurred!
[4.790s] See also "/media/kai/Kai_Backup/Master_Study/Master_Thesis/Implementation/libfranka_ws/build/garmi_hardware/CMakeFiles/CMakeOutput.log".
