[0.109s] DEBUG:colcon:Command line arguments: ['/usr/bin/colcon', 'build', '--packages-select', 'E2E_Teleoperation', '--symlink-install']
[0.109s] DEBUG:colcon:Parsed command line arguments: Namespace(log_base=None, log_level=None, verb_name='build', build_base='build', install_base='install', merge_install=False, symlink_install=True, test_result_base=None, continue_on_error=False, executor='parallel', parallel_workers=9, event_handlers=None, ignore_user_meta=False, metas=['./colcon.meta'], base_paths=['.'], packages_ignore=None, packages_ignore_regex=None, paths=None, packages_up_to=None, packages_up_to_regex=None, packages_above=None, packages_above_and_dependencies=None, packages_above_depth=None, packages_select_by_dep=None, packages_skip_by_dep=None, packages_skip_up_to=None, packages_select_build_failed=False, packages_skip_build_finished=False, packages_select_test_failures=False, packages_skip_test_passed=False, packages_select=['E2E_Teleoperation'], packages_skip=None, packages_select_regex=None, packages_skip_regex=None, packages_start=None, packages_end=None, allow_overriding=[], cmake_args=None, cmake_target=None, cmake_target_skip_unavailable=False, cmake_clean_cache=False, cmake_clean_first=False, cmake_force_configure=False, ament_cmake_args=None, catkin_cmake_args=None, catkin_skip_building_tests=False, mixin_files=None, mixin=None, verb_parser=<colcon_mixin.mixin.mixin_argument.MixinArgumentDecorator object at 0x7f1fee3caf80>, verb_extension=<colcon_core.verb.build.BuildVerb object at 0x7f1fee3ca8f0>, main=<bound method BuildVerb.main of <colcon_core.verb.build.BuildVerb object at 0x7f1fee3ca8f0>>, mixin_verb=('build',))
[0.312s] Level 1:colcon.colcon_core.package_discovery:discover_packages(colcon_meta) check parameters
[0.312s] Level 1:colcon.colcon_core.package_discovery:discover_packages(recursive) check parameters
[0.312s] Level 1:colcon.colcon_core.package_discovery:discover_packages(ignore) check parameters
[0.312s] Level 1:colcon.colcon_core.package_discovery:discover_packages(path) check parameters
[0.312s] Level 1:colcon.colcon_core.package_discovery:discover_packages(colcon_meta) discover
[0.313s] Level 1:colcon.colcon_core.package_discovery:discover_packages(recursive) discover
[0.313s] INFO:colcon.colcon_core.package_discovery:Crawling recursively for packages in '/media/kai/Kai_Backup/Master_Study/Master_Thesis/Implementation/libfranka_ws'
[0.313s] Level 1:colcon.colcon_core.package_identification:_identify(.) by extensions ['ignore', 'ignore_ament_install']
[0.313s] Level 1:colcon.colcon_core.package_identification:_identify(.) by extension 'ignore'
[0.313s] Level 1:colcon.colcon_core.package_identification:_identify(.) by extension 'ignore_ament_install'
[0.313s] Level 1:colcon.colcon_core.package_identification:_identify(.) by extensions ['colcon_pkg']
[0.313s] Level 1:colcon.colcon_core.package_identification:_identify(.) by extension 'colcon_pkg'
[0.313s] Level 1:colcon.colcon_core.package_identification:_identify(.) by extensions ['colcon_meta']
[0.313s] Level 1:colcon.colcon_core.package_identification:_identify(.) by extension 'colcon_meta'
[0.313s] Level 1:colcon.colcon_core.package_identification:_identify(.) by extensions ['ros']
[0.313s] Level 1:colcon.colcon_core.package_identification:_identify(.) by extension 'ros'
[0.342s] Level 1:colcon.colcon_core.package_identification:_identify(.) by extensions ['cmake', 'python']
[0.342s] Level 1:colcon.colcon_core.package_identification:_identify(.) by extension 'cmake'
[0.342s] Level 1:colcon.colcon_core.package_identification:_identify(.) by extension 'python'
[0.342s] Level 1:colcon.colcon_core.package_identification:_identify(.) by extensions ['python_setup_py']
[0.342s] Level 1:colcon.colcon_core.package_identification:_identify(.) by extension 'python_setup_py'
[0.342s] Level 1:colcon.colcon_core.package_identification:_identify(build) by extensions ['ignore', 'ignore_ament_install']
[0.342s] Level 1:colcon.colcon_core.package_identification:_identify(build) by extension 'ignore'
[0.342s] Level 1:colcon.colcon_core.package_identification:_identify(build) ignored
[0.342s] Level 1:colcon.colcon_core.package_identification:_identify(bullet3) by extensions ['ignore', 'ignore_ament_install']
[0.342s] Level 1:colcon.colcon_core.package_identification:_identify(bullet3) by extension 'ignore'
[0.342s] Level 1:colcon.colcon_core.package_identification:_identify(bullet3) by extension 'ignore_ament_install'
[0.342s] Level 1:colcon.colcon_core.package_identification:_identify(bullet3) by extensions ['colcon_pkg']
[0.342s] Level 1:colcon.colcon_core.package_identification:_identify(bullet3) by extension 'colcon_pkg'
[0.342s] Level 1:colcon.colcon_core.package_identification:_identify(bullet3) by extensions ['colcon_meta']
[0.342s] Level 1:colcon.colcon_core.package_identification:_identify(bullet3) by extension 'colcon_meta'
[0.343s] Level 1:colcon.colcon_core.package_identification:_identify(bullet3) by extensions ['ros']
[0.343s] Level 1:colcon.colcon_core.package_identification:_identify(bullet3) by extension 'ros'
[0.343s] Level 1:colcon.colcon_core.package_identification:_identify(bullet3) by extensions ['cmake', 'python']
[0.343s] Level 1:colcon.colcon_core.package_identification:_identify(bullet3) by extension 'cmake'
[0.453s] Level 1:colcon.colcon_core.package_identification:_identify(bullet3) by extension 'python'
[0.453s] DEBUG:colcon.colcon_core.package_identification:Package 'bullet3' with type 'cmake' and name 'BULLET_PHYSICS'
[0.454s] Level 1:colcon.colcon_core.package_identification:_identify(install) by extensions ['ignore', 'ignore_ament_install']
[0.454s] Level 1:colcon.colcon_core.package_identification:_identify(install) by extension 'ignore'
[0.454s] Level 1:colcon.colcon_core.package_identification:_identify(install) ignored
[0.454s] Level 1:colcon.colcon_core.package_identification:_identify(log) by extensions ['ignore', 'ignore_ament_install']
[0.454s] Level 1:colcon.colcon_core.package_identification:_identify(log) by extension 'ignore'
[0.454s] Level 1:colcon.colcon_core.package_identification:_identify(log) ignored
[0.454s] Level 1:colcon.colcon_core.package_identification:_identify(src) by extensions ['ignore', 'ignore_ament_install']
[0.454s] Level 1:colcon.colcon_core.package_identification:_identify(src) by extension 'ignore'
[0.454s] Level 1:colcon.colcon_core.package_identification:_identify(src) by extension 'ignore_ament_install'
[0.454s] Level 1:colcon.colcon_core.package_identification:_identify(src) by extensions ['colcon_pkg']
[0.454s] Level 1:colcon.colcon_core.package_identification:_identify(src) by extension 'colcon_pkg'
[0.454s] Level 1:colcon.colcon_core.package_identification:_identify(src) by extensions ['colcon_meta']
[0.454s] Level 1:colcon.colcon_core.package_identification:_identify(src) by extension 'colcon_meta'
[0.454s] Level 1:colcon.colcon_core.package_identification:_identify(src) by extensions ['ros']
[0.454s] Level 1:colcon.colcon_core.package_identification:_identify(src) by extension 'ros'
[0.455s] Level 1:colcon.colcon_core.package_identification:_identify(src) by extensions ['cmake', 'python']
[0.455s] Level 1:colcon.colcon_core.package_identification:_identify(src) by extension 'cmake'
[0.455s] Level 1:colcon.colcon_core.package_identification:_identify(src) by extension 'python'
[0.455s] Level 1:colcon.colcon_core.package_identification:_identify(src) by extensions ['python_setup_py']
[0.455s] Level 1:colcon.colcon_core.package_identification:_identify(src) by extension 'python_setup_py'
[0.455s] Level 1:colcon.colcon_core.package_identification:_identify(src/E2E_Teleoperation) by extensions ['ignore', 'ignore_ament_install']
[0.455s] Level 1:colcon.colcon_core.package_identification:_identify(src/E2E_Teleoperation) by extension 'ignore'
[0.455s] Level 1:colcon.colcon_core.package_identification:_identify(src/E2E_Teleoperation) by extension 'ignore_ament_install'
[0.455s] Level 1:colcon.colcon_core.package_identification:_identify(src/E2E_Teleoperation) by extensions ['colcon_pkg']
[0.455s] Level 1:colcon.colcon_core.package_identification:_identify(src/E2E_Teleoperation) by extension 'colcon_pkg'
[0.455s] Level 1:colcon.colcon_core.package_identification:_identify(src/E2E_Teleoperation) by extensions ['colcon_meta']
[0.455s] Level 1:colcon.colcon_core.package_identification:_identify(src/E2E_Teleoperation) by extension 'colcon_meta'
[0.455s] Level 1:colcon.colcon_core.package_identification:_identify(src/E2E_Teleoperation) by extensions ['ros']
[0.455s] Level 1:colcon.colcon_core.package_identification:_identify(src/E2E_Teleoperation) by extension 'ros'
[0.458s] DEBUG:colcon.colcon_core.package_identification:Package 'src/E2E_Teleoperation' with type 'ros.ament_python' and name 'E2E_Teleoperation'
[0.458s] Level 1:colcon.colcon_core.package_identification:_identify(src/Hierarchical_RL_Teleoperation) by extensions ['ignore', 'ignore_ament_install']
[0.458s] Level 1:colcon.colcon_core.package_identification:_identify(src/Hierarchical_RL_Teleoperation) by extension 'ignore'
[0.458s] Level 1:colcon.colcon_core.package_identification:_identify(src/Hierarchical_RL_Teleoperation) by extension 'ignore_ament_install'
[0.458s] Level 1:colcon.colcon_core.package_identification:_identify(src/Hierarchical_RL_Teleoperation) by extensions ['colcon_pkg']
[0.458s] Level 1:colcon.colcon_core.package_identification:_identify(src/Hierarchical_RL_Teleoperation) by extension 'colcon_pkg'
[0.458s] Level 1:colcon.colcon_core.package_identification:_identify(src/Hierarchical_RL_Teleoperation) by extensions ['colcon_meta']
[0.458s] Level 1:colcon.colcon_core.package_identification:_identify(src/Hierarchical_RL_Teleoperation) by extension 'colcon_meta'
[0.458s] Level 1:colcon.colcon_core.package_identification:_identify(src/Hierarchical_RL_Teleoperation) by extensions ['ros']
[0.458s] Level 1:colcon.colcon_core.package_identification:_identify(src/Hierarchical_RL_Teleoperation) by extension 'ros'
[0.459s] DEBUG:colcon.colcon_core.package_identification:Package 'src/Hierarchical_RL_Teleoperation' with type 'ros.ament_python' and name 'Hierarchical_RL_Teleoperation'
[0.459s] Level 1:colcon.colcon_core.package_identification:_identify(src/Model_Based_RL_Teleoperation) by extensions ['ignore', 'ignore_ament_install']
[0.459s] Level 1:colcon.colcon_core.package_identification:_identify(src/Model_Based_RL_Teleoperation) by extension 'ignore'
[0.459s] Level 1:colcon.colcon_core.package_identification:_identify(src/Model_Based_RL_Teleoperation) by extension 'ignore_ament_install'
[0.459s] Level 1:colcon.colcon_core.package_identification:_identify(src/Model_Based_RL_Teleoperation) by extensions ['colcon_pkg']
[0.459s] Level 1:colcon.colcon_core.package_identification:_identify(src/Model_Based_RL_Teleoperation) by extension 'colcon_pkg'
[0.459s] Level 1:colcon.colcon_core.package_identification:_identify(src/Model_Based_RL_Teleoperation) by extensions ['colcon_meta']
[0.459s] Level 1:colcon.colcon_core.package_identification:_identify(src/Model_Based_RL_Teleoperation) by extension 'colcon_meta'
[0.459s] Level 1:colcon.colcon_core.package_identification:_identify(src/Model_Based_RL_Teleoperation) by extensions ['ros']
[0.459s] Level 1:colcon.colcon_core.package_identification:_identify(src/Model_Based_RL_Teleoperation) by extension 'ros'
[0.460s] DEBUG:colcon.colcon_core.package_identification:Package 'src/Model_Based_RL_Teleoperation' with type 'ros.ament_python' and name 'Model_Based_RL_Teleoperation'
[0.460s] Level 1:colcon.colcon_core.package_identification:_identify(src/mujoco_ros_pkgs) by extensions ['ignore', 'ignore_ament_install']
[0.460s] Level 1:colcon.colcon_core.package_identification:_identify(src/mujoco_ros_pkgs) by extension 'ignore'
[0.460s] Level 1:colcon.colcon_core.package_identification:_identify(src/mujoco_ros_pkgs) by extension 'ignore_ament_install'
[0.460s] Level 1:colcon.colcon_core.package_identification:_identify(src/mujoco_ros_pkgs) by extensions ['colcon_pkg']
[0.461s] Level 1:colcon.colcon_core.package_identification:_identify(src/mujoco_ros_pkgs) by extension 'colcon_pkg'
[0.461s] Level 1:colcon.colcon_core.package_identification:_identify(src/mujoco_ros_pkgs) by extensions ['colcon_meta']
[0.461s] Level 1:colcon.colcon_core.package_identification:_identify(src/mujoco_ros_pkgs) by extension 'colcon_meta'
[0.461s] Level 1:colcon.colcon_core.package_identification:_identify(src/mujoco_ros_pkgs) by extensions ['ros']
[0.461s] Level 1:colcon.colcon_core.package_identification:_identify(src/mujoco_ros_pkgs) by extension 'ros'
[0.461s] Level 1:colcon.colcon_core.package_identification:_identify(src/mujoco_ros_pkgs) by extensions ['cmake', 'python']
[0.461s] Level 1:colcon.colcon_core.package_identification:_identify(src/mujoco_ros_pkgs) by extension 'cmake'
[0.461s] Level 1:colcon.colcon_core.package_identification:_identify(src/mujoco_ros_pkgs) by extension 'python'
[0.461s] Level 1:colcon.colcon_core.package_identification:_identify(src/mujoco_ros_pkgs) by extensions ['python_setup_py']
[0.461s] Level 1:colcon.colcon_core.package_identification:_identify(src/mujoco_ros_pkgs) by extension 'python_setup_py'
[0.461s] Level 1:colcon.colcon_core.package_identification:_identify(src/mujoco_ros_pkgs/mujoco_ros) by extensions ['ignore', 'ignore_ament_install']
[0.461s] Level 1:colcon.colcon_core.package_identification:_identify(src/mujoco_ros_pkgs/mujoco_ros) by extension 'ignore'
[0.461s] Level 1:colcon.colcon_core.package_identification:_identify(src/mujoco_ros_pkgs/mujoco_ros) by extension 'ignore_ament_install'
[0.461s] Level 1:colcon.colcon_core.package_identification:_identify(src/mujoco_ros_pkgs/mujoco_ros) by extensions ['colcon_pkg']
[0.461s] Level 1:colcon.colcon_core.package_identification:_identify(src/mujoco_ros_pkgs/mujoco_ros) by extension 'colcon_pkg'
[0.461s] Level 1:colcon.colcon_core.package_identification:_identify(src/mujoco_ros_pkgs/mujoco_ros) by extensions ['colcon_meta']
[0.461s] Level 1:colcon.colcon_core.package_identification:_identify(src/mujoco_ros_pkgs/mujoco_ros) by extension 'colcon_meta'
[0.461s] Level 1:colcon.colcon_core.package_identification:_identify(src/mujoco_ros_pkgs/mujoco_ros) by extensions ['ros']
[0.461s] Level 1:colcon.colcon_core.package_identification:_identify(src/mujoco_ros_pkgs/mujoco_ros) by extension 'ros'
[0.469s] DEBUG:colcon.colcon_core.package_identification:Package 'src/mujoco_ros_pkgs/mujoco_ros' with type 'ros.ament_cmake' and name 'mujoco_ros'
[0.469s] Level 1:colcon.colcon_core.package_identification:_identify(src/mujoco_ros_pkgs/mujoco_ros2_control) by extensions ['ignore', 'ignore_ament_install']
[0.469s] Level 1:colcon.colcon_core.package_identification:_identify(src/mujoco_ros_pkgs/mujoco_ros2_control) by extension 'ignore'
[0.469s] Level 1:colcon.colcon_core.package_identification:_identify(src/mujoco_ros_pkgs/mujoco_ros2_control) by extension 'ignore_ament_install'
[0.469s] Level 1:colcon.colcon_core.package_identification:_identify(src/mujoco_ros_pkgs/mujoco_ros2_control) by extensions ['colcon_pkg']
[0.469s] Level 1:colcon.colcon_core.package_identification:_identify(src/mujoco_ros_pkgs/mujoco_ros2_control) by extension 'colcon_pkg'
[0.469s] Level 1:colcon.colcon_core.package_identification:_identify(src/mujoco_ros_pkgs/mujoco_ros2_control) by extensions ['colcon_meta']
[0.470s] Level 1:colcon.colcon_core.package_identification:_identify(src/mujoco_ros_pkgs/mujoco_ros2_control) by extension 'colcon_meta'
[0.470s] Level 1:colcon.colcon_core.package_identification:_identify(src/mujoco_ros_pkgs/mujoco_ros2_control) by extensions ['ros']
[0.470s] Level 1:colcon.colcon_core.package_identification:_identify(src/mujoco_ros_pkgs/mujoco_ros2_control) by extension 'ros'
[0.471s] DEBUG:colcon.colcon_core.package_identification:Package 'src/mujoco_ros_pkgs/mujoco_ros2_control' with type 'ros.ament_cmake' and name 'mujoco_ros2_control'
[0.471s] Level 1:colcon.colcon_core.package_identification:_identify(src/mujoco_ros_pkgs/mujoco_ros2_control_system) by extensions ['ignore', 'ignore_ament_install']
[0.471s] Level 1:colcon.colcon_core.package_identification:_identify(src/mujoco_ros_pkgs/mujoco_ros2_control_system) by extension 'ignore'
[0.471s] Level 1:colcon.colcon_core.package_identification:_identify(src/mujoco_ros_pkgs/mujoco_ros2_control_system) by extension 'ignore_ament_install'
[0.471s] Level 1:colcon.colcon_core.package_identification:_identify(src/mujoco_ros_pkgs/mujoco_ros2_control_system) by extensions ['colcon_pkg']
[0.471s] Level 1:colcon.colcon_core.package_identification:_identify(src/mujoco_ros_pkgs/mujoco_ros2_control_system) by extension 'colcon_pkg'
[0.471s] Level 1:colcon.colcon_core.package_identification:_identify(src/mujoco_ros_pkgs/mujoco_ros2_control_system) by extensions ['colcon_meta']
[0.471s] Level 1:colcon.colcon_core.package_identification:_identify(src/mujoco_ros_pkgs/mujoco_ros2_control_system) by extension 'colcon_meta'
[0.471s] Level 1:colcon.colcon_core.package_identification:_identify(src/mujoco_ros_pkgs/mujoco_ros2_control_system) by extensions ['ros']
[0.471s] Level 1:colcon.colcon_core.package_identification:_identify(src/mujoco_ros_pkgs/mujoco_ros2_control_system) by extension 'ros'
[0.472s] DEBUG:colcon.colcon_core.package_identification:Package 'src/mujoco_ros_pkgs/mujoco_ros2_control_system' with type 'ros.ament_cmake' and name 'mujoco_ros2_control_system'
[0.472s] Level 1:colcon.colcon_core.package_identification:_identify(src/mujoco_ros_pkgs/mujoco_ros2_dummy_plugin) by extensions ['ignore', 'ignore_ament_install']
[0.472s] Level 1:colcon.colcon_core.package_identification:_identify(src/mujoco_ros_pkgs/mujoco_ros2_dummy_plugin) by extension 'ignore'
[0.472s] Level 1:colcon.colcon_core.package_identification:_identify(src/mujoco_ros_pkgs/mujoco_ros2_dummy_plugin) by extension 'ignore_ament_install'
[0.472s] Level 1:colcon.colcon_core.package_identification:_identify(src/mujoco_ros_pkgs/mujoco_ros2_dummy_plugin) by extensions ['colcon_pkg']
[0.472s] Level 1:colcon.colcon_core.package_identification:_identify(src/mujoco_ros_pkgs/mujoco_ros2_dummy_plugin) by extension 'colcon_pkg'
[0.472s] Level 1:colcon.colcon_core.package_identification:_identify(src/mujoco_ros_pkgs/mujoco_ros2_dummy_plugin) by extensions ['colcon_meta']
[0.472s] Level 1:colcon.colcon_core.package_identification:_identify(src/mujoco_ros_pkgs/mujoco_ros2_dummy_plugin) by extension 'colcon_meta'
[0.472s] Level 1:colcon.colcon_core.package_identification:_identify(src/mujoco_ros_pkgs/mujoco_ros2_dummy_plugin) by extensions ['ros']
[0.472s] Level 1:colcon.colcon_core.package_identification:_identify(src/mujoco_ros_pkgs/mujoco_ros2_dummy_plugin) by extension 'ros'
[0.473s] DEBUG:colcon.colcon_core.package_identification:Package 'src/mujoco_ros_pkgs/mujoco_ros2_dummy_plugin' with type 'ros.ament_cmake' and name 'mujoco_ros2_dummy_plugin'
[0.473s] Level 1:colcon.colcon_core.package_identification:_identify(src/mujoco_ros_pkgs/mujoco_ros2_sensors) by extensions ['ignore', 'ignore_ament_install']
[0.473s] Level 1:colcon.colcon_core.package_identification:_identify(src/mujoco_ros_pkgs/mujoco_ros2_sensors) by extension 'ignore'
[0.473s] Level 1:colcon.colcon_core.package_identification:_identify(src/mujoco_ros_pkgs/mujoco_ros2_sensors) by extension 'ignore_ament_install'
[0.473s] Level 1:colcon.colcon_core.package_identification:_identify(src/mujoco_ros_pkgs/mujoco_ros2_sensors) by extensions ['colcon_pkg']
[0.473s] Level 1:colcon.colcon_core.package_identification:_identify(src/mujoco_ros_pkgs/mujoco_ros2_sensors) by extension 'colcon_pkg'
[0.473s] Level 1:colcon.colcon_core.package_identification:_identify(src/mujoco_ros_pkgs/mujoco_ros2_sensors) by extensions ['colcon_meta']
[0.474s] Level 1:colcon.colcon_core.package_identification:_identify(src/mujoco_ros_pkgs/mujoco_ros2_sensors) by extension 'colcon_meta'
[0.474s] Level 1:colcon.colcon_core.package_identification:_identify(src/mujoco_ros_pkgs/mujoco_ros2_sensors) by extensions ['ros']
[0.474s] Level 1:colcon.colcon_core.package_identification:_identify(src/mujoco_ros_pkgs/mujoco_ros2_sensors) by extension 'ros'
[0.475s] DEBUG:colcon.colcon_core.package_identification:Package 'src/mujoco_ros_pkgs/mujoco_ros2_sensors' with type 'ros.ament_cmake' and name 'mujoco_ros2_sensors'
[0.475s] Level 1:colcon.colcon_core.package_identification:_identify(src/mujoco_ros_pkgs/mujoco_ros_control) by extensions ['ignore', 'ignore_ament_install']
[0.475s] Level 1:colcon.colcon_core.package_identification:_identify(src/mujoco_ros_pkgs/mujoco_ros_control) by extension 'ignore'
[0.475s] Level 1:colcon.colcon_core.package_identification:_identify(src/mujoco_ros_pkgs/mujoco_ros_control) ignored
[0.475s] Level 1:colcon.colcon_core.package_identification:_identify(src/mujoco_ros_pkgs/mujoco_ros_laser) by extensions ['ignore', 'ignore_ament_install']
[0.475s] Level 1:colcon.colcon_core.package_identification:_identify(src/mujoco_ros_pkgs/mujoco_ros_laser) by extension 'ignore'
[0.475s] Level 1:colcon.colcon_core.package_identification:_identify(src/mujoco_ros_pkgs/mujoco_ros_laser) ignored
[0.475s] Level 1:colcon.colcon_core.package_identification:_identify(src/mujoco_ros_pkgs/mujoco_ros_mocap_plugin) by extensions ['ignore', 'ignore_ament_install']
[0.475s] Level 1:colcon.colcon_core.package_identification:_identify(src/mujoco_ros_pkgs/mujoco_ros_mocap_plugin) by extension 'ignore'
[0.476s] Level 1:colcon.colcon_core.package_identification:_identify(src/mujoco_ros_pkgs/mujoco_ros_mocap_plugin) ignored
[0.476s] Level 1:colcon.colcon_core.package_identification:_identify(src/mujoco_ros_pkgs/mujoco_ros_msgs) by extensions ['ignore', 'ignore_ament_install']
[0.476s] Level 1:colcon.colcon_core.package_identification:_identify(src/mujoco_ros_pkgs/mujoco_ros_msgs) by extension 'ignore'
[0.476s] Level 1:colcon.colcon_core.package_identification:_identify(src/mujoco_ros_pkgs/mujoco_ros_msgs) by extension 'ignore_ament_install'
[0.476s] Level 1:colcon.colcon_core.package_identification:_identify(src/mujoco_ros_pkgs/mujoco_ros_msgs) by extensions ['colcon_pkg']
[0.476s] Level 1:colcon.colcon_core.package_identification:_identify(src/mujoco_ros_pkgs/mujoco_ros_msgs) by extension 'colcon_pkg'
[0.476s] Level 1:colcon.colcon_core.package_identification:_identify(src/mujoco_ros_pkgs/mujoco_ros_msgs) by extensions ['colcon_meta']
[0.476s] Level 1:colcon.colcon_core.package_identification:_identify(src/mujoco_ros_pkgs/mujoco_ros_msgs) by extension 'colcon_meta'
[0.476s] Level 1:colcon.colcon_core.package_identification:_identify(src/mujoco_ros_pkgs/mujoco_ros_msgs) by extensions ['ros']
[0.476s] Level 1:colcon.colcon_core.package_identification:_identify(src/mujoco_ros_pkgs/mujoco_ros_msgs) by extension 'ros'
[0.479s] DEBUG:colcon.colcon_core.package_identification:Package 'src/mujoco_ros_pkgs/mujoco_ros_msgs' with type 'ros.ament_cmake' and name 'mujoco_ros_msgs'
[0.479s] Level 1:colcon.colcon_core.package_identification:_identify(src/mujoco_ros_pkgs/mujoco_ros_pkgs) by extensions ['ignore', 'ignore_ament_install']
[0.479s] Level 1:colcon.colcon_core.package_identification:_identify(src/mujoco_ros_pkgs/mujoco_ros_pkgs) by extension 'ignore'
[0.479s] Level 1:colcon.colcon_core.package_identification:_identify(src/mujoco_ros_pkgs/mujoco_ros_pkgs) by extension 'ignore_ament_install'
[0.479s] Level 1:colcon.colcon_core.package_identification:_identify(src/mujoco_ros_pkgs/mujoco_ros_pkgs) by extensions ['colcon_pkg']
[0.479s] Level 1:colcon.colcon_core.package_identification:_identify(src/mujoco_ros_pkgs/mujoco_ros_pkgs) by extension 'colcon_pkg'
[0.479s] Level 1:colcon.colcon_core.package_identification:_identify(src/mujoco_ros_pkgs/mujoco_ros_pkgs) by extensions ['colcon_meta']
[0.479s] Level 1:colcon.colcon_core.package_identification:_identify(src/mujoco_ros_pkgs/mujoco_ros_pkgs) by extension 'colcon_meta'
[0.479s] Level 1:colcon.colcon_core.package_identification:_identify(src/mujoco_ros_pkgs/mujoco_ros_pkgs) by extensions ['ros']
[0.479s] Level 1:colcon.colcon_core.package_identification:_identify(src/mujoco_ros_pkgs/mujoco_ros_pkgs) by extension 'ros'
[0.482s] DEBUG:colcon.colcon_core.package_identification:Package 'src/mujoco_ros_pkgs/mujoco_ros_pkgs' with type 'ros.ament_cmake' and name 'mujoco_ros_pkgs'
[0.482s] Level 1:colcon.colcon_core.package_identification:_identify(src/mujoco_ros_pkgs/mujoco_ros_sensors) by extensions ['ignore', 'ignore_ament_install']
[0.482s] Level 1:colcon.colcon_core.package_identification:_identify(src/mujoco_ros_pkgs/mujoco_ros_sensors) by extension 'ignore'
[0.483s] Level 1:colcon.colcon_core.package_identification:_identify(src/mujoco_ros_pkgs/mujoco_ros_sensors) ignored
[0.483s] Level 1:colcon.colcon_core.package_identification:_identify(src/multipanda_ros2) by extensions ['ignore', 'ignore_ament_install']
[0.483s] Level 1:colcon.colcon_core.package_identification:_identify(src/multipanda_ros2) by extension 'ignore'
[0.483s] Level 1:colcon.colcon_core.package_identification:_identify(src/multipanda_ros2) by extension 'ignore_ament_install'
[0.483s] Level 1:colcon.colcon_core.package_identification:_identify(src/multipanda_ros2) by extensions ['colcon_pkg']
[0.483s] Level 1:colcon.colcon_core.package_identification:_identify(src/multipanda_ros2) by extension 'colcon_pkg'
[0.483s] Level 1:colcon.colcon_core.package_identification:_identify(src/multipanda_ros2) by extensions ['colcon_meta']
[0.483s] Level 1:colcon.colcon_core.package_identification:_identify(src/multipanda_ros2) by extension 'colcon_meta'
[0.483s] Level 1:colcon.colcon_core.package_identification:_identify(src/multipanda_ros2) by extensions ['ros']
[0.483s] Level 1:colcon.colcon_core.package_identification:_identify(src/multipanda_ros2) by extension 'ros'
[0.483s] Level 1:colcon.colcon_core.package_identification:_identify(src/multipanda_ros2) by extensions ['cmake', 'python']
[0.483s] Level 1:colcon.colcon_core.package_identification:_identify(src/multipanda_ros2) by extension 'cmake'
[0.483s] Level 1:colcon.colcon_core.package_identification:_identify(src/multipanda_ros2) by extension 'python'
[0.483s] Level 1:colcon.colcon_core.package_identification:_identify(src/multipanda_ros2) by extensions ['python_setup_py']
[0.483s] Level 1:colcon.colcon_core.package_identification:_identify(src/multipanda_ros2) by extension 'python_setup_py'
[0.483s] Level 1:colcon.colcon_core.package_identification:_identify(src/multipanda_ros2/docs) by extensions ['ignore', 'ignore_ament_install']
[0.483s] Level 1:colcon.colcon_core.package_identification:_identify(src/multipanda_ros2/docs) by extension 'ignore'
[0.483s] Level 1:colcon.colcon_core.package_identification:_identify(src/multipanda_ros2/docs) by extension 'ignore_ament_install'
[0.484s] Level 1:colcon.colcon_core.package_identification:_identify(src/multipanda_ros2/docs) by extensions ['colcon_pkg']
[0.484s] Level 1:colcon.colcon_core.package_identification:_identify(src/multipanda_ros2/docs) by extension 'colcon_pkg'
[0.484s] Level 1:colcon.colcon_core.package_identification:_identify(src/multipanda_ros2/docs) by extensions ['colcon_meta']
[0.484s] Level 1:colcon.colcon_core.package_identification:_identify(src/multipanda_ros2/docs) by extension 'colcon_meta'
[0.484s] Level 1:colcon.colcon_core.package_identification:_identify(src/multipanda_ros2/docs) by extensions ['ros']
[0.484s] Level 1:colcon.colcon_core.package_identification:_identify(src/multipanda_ros2/docs) by extension 'ros'
[0.484s] Level 1:colcon.colcon_core.package_identification:_identify(src/multipanda_ros2/docs) by extensions ['cmake', 'python']
[0.484s] Level 1:colcon.colcon_core.package_identification:_identify(src/multipanda_ros2/docs) by extension 'cmake'
[0.484s] Level 1:colcon.colcon_core.package_identification:_identify(src/multipanda_ros2/docs) by extension 'python'
[0.484s] Level 1:colcon.colcon_core.package_identification:_identify(src/multipanda_ros2/docs) by extensions ['python_setup_py']
[0.484s] Level 1:colcon.colcon_core.package_identification:_identify(src/multipanda_ros2/docs) by extension 'python_setup_py'
[0.484s] Level 1:colcon.colcon_core.package_identification:_identify(src/multipanda_ros2/docs/chapters) by extensions ['ignore', 'ignore_ament_install']
[0.484s] Level 1:colcon.colcon_core.package_identification:_identify(src/multipanda_ros2/docs/chapters) by extension 'ignore'
[0.484s] Level 1:colcon.colcon_core.package_identification:_identify(src/multipanda_ros2/docs/chapters) by extension 'ignore_ament_install'
[0.484s] Level 1:colcon.colcon_core.package_identification:_identify(src/multipanda_ros2/docs/chapters) by extensions ['colcon_pkg']
[0.484s] Level 1:colcon.colcon_core.package_identification:_identify(src/multipanda_ros2/docs/chapters) by extension 'colcon_pkg'
[0.484s] Level 1:colcon.colcon_core.package_identification:_identify(src/multipanda_ros2/docs/chapters) by extensions ['colcon_meta']
[0.484s] Level 1:colcon.colcon_core.package_identification:_identify(src/multipanda_ros2/docs/chapters) by extension 'colcon_meta'
[0.484s] Level 1:colcon.colcon_core.package_identification:_identify(src/multipanda_ros2/docs/chapters) by extensions ['ros']
[0.484s] Level 1:colcon.colcon_core.package_identification:_identify(src/multipanda_ros2/docs/chapters) by extension 'ros'
[0.484s] Level 1:colcon.colcon_core.package_identification:_identify(src/multipanda_ros2/docs/chapters) by extensions ['cmake', 'python']
[0.485s] Level 1:colcon.colcon_core.package_identification:_identify(src/multipanda_ros2/docs/chapters) by extension 'cmake'
[0.485s] Level 1:colcon.colcon_core.package_identification:_identify(src/multipanda_ros2/docs/chapters) by extension 'python'
[0.485s] Level 1:colcon.colcon_core.package_identification:_identify(src/multipanda_ros2/docs/chapters) by extensions ['python_setup_py']
[0.485s] Level 1:colcon.colcon_core.package_identification:_identify(src/multipanda_ros2/docs/chapters) by extension 'python_setup_py'
[0.485s] Level 1:colcon.colcon_core.package_identification:_identify(src/multipanda_ros2/docs/example_scripts) by extensions ['ignore', 'ignore_ament_install']
[0.485s] Level 1:colcon.colcon_core.package_identification:_identify(src/multipanda_ros2/docs/example_scripts) by extension 'ignore'
[0.485s] Level 1:colcon.colcon_core.package_identification:_identify(src/multipanda_ros2/docs/example_scripts) by extension 'ignore_ament_install'
[0.485s] Level 1:colcon.colcon_core.package_identification:_identify(src/multipanda_ros2/docs/example_scripts) by extensions ['colcon_pkg']
[0.485s] Level 1:colcon.colcon_core.package_identification:_identify(src/multipanda_ros2/docs/example_scripts) by extension 'colcon_pkg'
[0.485s] Level 1:colcon.colcon_core.package_identification:_identify(src/multipanda_ros2/docs/example_scripts) by extensions ['colcon_meta']
[0.485s] Level 1:colcon.colcon_core.package_identification:_identify(src/multipanda_ros2/docs/example_scripts) by extension 'colcon_meta'
[0.485s] Level 1:colcon.colcon_core.package_identification:_identify(src/multipanda_ros2/docs/example_scripts) by extensions ['ros']
[0.485s] Level 1:colcon.colcon_core.package_identification:_identify(src/multipanda_ros2/docs/example_scripts) by extension 'ros'
[0.485s] Level 1:colcon.colcon_core.package_identification:_identify(src/multipanda_ros2/docs/example_scripts) by extensions ['cmake', 'python']
[0.485s] Level 1:colcon.colcon_core.package_identification:_identify(src/multipanda_ros2/docs/example_scripts) by extension 'cmake'
[0.485s] Level 1:colcon.colcon_core.package_identification:_identify(src/multipanda_ros2/docs/example_scripts) by extension 'python'
[0.485s] Level 1:colcon.colcon_core.package_identification:_identify(src/multipanda_ros2/docs/example_scripts) by extensions ['python_setup_py']
[0.485s] Level 1:colcon.colcon_core.package_identification:_identify(src/multipanda_ros2/docs/example_scripts) by extension 'python_setup_py'
[0.485s] Level 1:colcon.colcon_core.package_identification:_identify(src/multipanda_ros2/docs/images) by extensions ['ignore', 'ignore_ament_install']
[0.485s] Level 1:colcon.colcon_core.package_identification:_identify(src/multipanda_ros2/docs/images) by extension 'ignore'
[0.486s] Level 1:colcon.colcon_core.package_identification:_identify(src/multipanda_ros2/docs/images) by extension 'ignore_ament_install'
[0.486s] Level 1:colcon.colcon_core.package_identification:_identify(src/multipanda_ros2/docs/images) by extensions ['colcon_pkg']
[0.486s] Level 1:colcon.colcon_core.package_identification:_identify(src/multipanda_ros2/docs/images) by extension 'colcon_pkg'
[0.486s] Level 1:colcon.colcon_core.package_identification:_identify(src/multipanda_ros2/docs/images) by extensions ['colcon_meta']
[0.486s] Level 1:colcon.colcon_core.package_identification:_identify(src/multipanda_ros2/docs/images) by extension 'colcon_meta'
[0.486s] Level 1:colcon.colcon_core.package_identification:_identify(src/multipanda_ros2/docs/images) by extensions ['ros']
[0.486s] Level 1:colcon.colcon_core.package_identification:_identify(src/multipanda_ros2/docs/images) by extension 'ros'
[0.486s] Level 1:colcon.colcon_core.package_identification:_identify(src/multipanda_ros2/docs/images) by extensions ['cmake', 'python']
[0.486s] Level 1:colcon.colcon_core.package_identification:_identify(src/multipanda_ros2/docs/images) by extension 'cmake'
[0.486s] Level 1:colcon.colcon_core.package_identification:_identify(src/multipanda_ros2/docs/images) by extension 'python'
[0.486s] Level 1:colcon.colcon_core.package_identification:_identify(src/multipanda_ros2/docs/images) by extensions ['python_setup_py']
[0.486s] Level 1:colcon.colcon_core.package_identification:_identify(src/multipanda_ros2/docs/images) by extension 'python_setup_py'
[0.486s] Level 1:colcon.colcon_core.package_identification:_identify(src/multipanda_ros2/franka_bringup) by extensions ['ignore', 'ignore_ament_install']
[0.486s] Level 1:colcon.colcon_core.package_identification:_identify(src/multipanda_ros2/franka_bringup) by extension 'ignore'
[0.486s] Level 1:colcon.colcon_core.package_identification:_identify(src/multipanda_ros2/franka_bringup) by extension 'ignore_ament_install'
[0.486s] Level 1:colcon.colcon_core.package_identification:_identify(src/multipanda_ros2/franka_bringup) by extensions ['colcon_pkg']
[0.486s] Level 1:colcon.colcon_core.package_identification:_identify(src/multipanda_ros2/franka_bringup) by extension 'colcon_pkg'
[0.486s] Level 1:colcon.colcon_core.package_identification:_identify(src/multipanda_ros2/franka_bringup) by extensions ['colcon_meta']
[0.486s] Level 1:colcon.colcon_core.package_identification:_identify(src/multipanda_ros2/franka_bringup) by extension 'colcon_meta'
[0.486s] Level 1:colcon.colcon_core.package_identification:_identify(src/multipanda_ros2/franka_bringup) by extensions ['ros']
[0.486s] Level 1:colcon.colcon_core.package_identification:_identify(src/multipanda_ros2/franka_bringup) by extension 'ros'
[0.487s] DEBUG:colcon.colcon_core.package_identification:Package 'src/multipanda_ros2/franka_bringup' with type 'ros.ament_cmake' and name 'franka_bringup'
[0.487s] Level 1:colcon.colcon_core.package_identification:_identify(src/multipanda_ros2/franka_control2) by extensions ['ignore', 'ignore_ament_install']
[0.487s] Level 1:colcon.colcon_core.package_identification:_identify(src/multipanda_ros2/franka_control2) by extension 'ignore'
[0.487s] Level 1:colcon.colcon_core.package_identification:_identify(src/multipanda_ros2/franka_control2) by extension 'ignore_ament_install'
[0.487s] Level 1:colcon.colcon_core.package_identification:_identify(src/multipanda_ros2/franka_control2) by extensions ['colcon_pkg']
[0.487s] Level 1:colcon.colcon_core.package_identification:_identify(src/multipanda_ros2/franka_control2) by extension 'colcon_pkg'
[0.487s] Level 1:colcon.colcon_core.package_identification:_identify(src/multipanda_ros2/franka_control2) by extensions ['colcon_meta']
[0.487s] Level 1:colcon.colcon_core.package_identification:_identify(src/multipanda_ros2/franka_control2) by extension 'colcon_meta'
[0.487s] Level 1:colcon.colcon_core.package_identification:_identify(src/multipanda_ros2/franka_control2) by extensions ['ros']
[0.487s] Level 1:colcon.colcon_core.package_identification:_identify(src/multipanda_ros2/franka_control2) by extension 'ros'
[0.489s] DEBUG:colcon.colcon_core.package_identification:Package 'src/multipanda_ros2/franka_control2' with type 'ros.ament_cmake' and name 'franka_control2'
[0.489s] Level 1:colcon.colcon_core.package_identification:_identify(src/multipanda_ros2/franka_description) by extensions ['ignore', 'ignore_ament_install']
[0.489s] Level 1:colcon.colcon_core.package_identification:_identify(src/multipanda_ros2/franka_description) by extension 'ignore'
[0.489s] Level 1:colcon.colcon_core.package_identification:_identify(src/multipanda_ros2/franka_description) by extension 'ignore_ament_install'
[0.489s] Level 1:colcon.colcon_core.package_identification:_identify(src/multipanda_ros2/franka_description) by extensions ['colcon_pkg']
[0.489s] Level 1:colcon.colcon_core.package_identification:_identify(src/multipanda_ros2/franka_description) by extension 'colcon_pkg'
[0.490s] Level 1:colcon.colcon_core.package_identification:_identify(src/multipanda_ros2/franka_description) by extensions ['colcon_meta']
[0.490s] Level 1:colcon.colcon_core.package_identification:_identify(src/multipanda_ros2/franka_description) by extension 'colcon_meta'
[0.490s] Level 1:colcon.colcon_core.package_identification:_identify(src/multipanda_ros2/franka_description) by extensions ['ros']
[0.490s] Level 1:colcon.colcon_core.package_identification:_identify(src/multipanda_ros2/franka_description) by extension 'ros'
[0.490s] DEBUG:colcon.colcon_core.package_identification:Package 'src/multipanda_ros2/franka_description' with type 'ros.ament_cmake' and name 'franka_description'
[0.490s] Level 1:colcon.colcon_core.package_identification:_identify(src/multipanda_ros2/franka_example_controllers) by extensions ['ignore', 'ignore_ament_install']
[0.490s] Level 1:colcon.colcon_core.package_identification:_identify(src/multipanda_ros2/franka_example_controllers) by extension 'ignore'
[0.490s] Level 1:colcon.colcon_core.package_identification:_identify(src/multipanda_ros2/franka_example_controllers) by extension 'ignore_ament_install'
[0.490s] Level 1:colcon.colcon_core.package_identification:_identify(src/multipanda_ros2/franka_example_controllers) by extensions ['colcon_pkg']
[0.490s] Level 1:colcon.colcon_core.package_identification:_identify(src/multipanda_ros2/franka_example_controllers) by extension 'colcon_pkg'
[0.491s] Level 1:colcon.colcon_core.package_identification:_identify(src/multipanda_ros2/franka_example_controllers) by extensions ['colcon_meta']
[0.491s] Level 1:colcon.colcon_core.package_identification:_identify(src/multipanda_ros2/franka_example_controllers) by extension 'colcon_meta'
[0.491s] Level 1:colcon.colcon_core.package_identification:_identify(src/multipanda_ros2/franka_example_controllers) by extensions ['ros']
[0.491s] Level 1:colcon.colcon_core.package_identification:_identify(src/multipanda_ros2/franka_example_controllers) by extension 'ros'
[0.492s] DEBUG:colcon.colcon_core.package_identification:Package 'src/multipanda_ros2/franka_example_controllers' with type 'ros.ament_cmake' and name 'franka_example_controllers'
[0.492s] Level 1:colcon.colcon_core.package_identification:_identify(src/multipanda_ros2/franka_gripper) by extensions ['ignore', 'ignore_ament_install']
[0.492s] Level 1:colcon.colcon_core.package_identification:_identify(src/multipanda_ros2/franka_gripper) by extension 'ignore'
[0.492s] Level 1:colcon.colcon_core.package_identification:_identify(src/multipanda_ros2/franka_gripper) by extension 'ignore_ament_install'
[0.492s] Level 1:colcon.colcon_core.package_identification:_identify(src/multipanda_ros2/franka_gripper) by extensions ['colcon_pkg']
[0.492s] Level 1:colcon.colcon_core.package_identification:_identify(src/multipanda_ros2/franka_gripper) by extension 'colcon_pkg'
[0.492s] Level 1:colcon.colcon_core.package_identification:_identify(src/multipanda_ros2/franka_gripper) by extensions ['colcon_meta']
[0.492s] Level 1:colcon.colcon_core.package_identification:_identify(src/multipanda_ros2/franka_gripper) by extension 'colcon_meta'
[0.492s] Level 1:colcon.colcon_core.package_identification:_identify(src/multipanda_ros2/franka_gripper) by extensions ['ros']
[0.492s] Level 1:colcon.colcon_core.package_identification:_identify(src/multipanda_ros2/franka_gripper) by extension 'ros'
[0.493s] DEBUG:colcon.colcon_core.package_identification:Package 'src/multipanda_ros2/franka_gripper' with type 'ros.ament_cmake' and name 'franka_gripper'
[0.493s] Level 1:colcon.colcon_core.package_identification:_identify(src/multipanda_ros2/franka_hardware) by extensions ['ignore', 'ignore_ament_install']
[0.494s] Level 1:colcon.colcon_core.package_identification:_identify(src/multipanda_ros2/franka_hardware) by extension 'ignore'
[0.494s] Level 1:colcon.colcon_core.package_identification:_identify(src/multipanda_ros2/franka_hardware) by extension 'ignore_ament_install'
[0.494s] Level 1:colcon.colcon_core.package_identification:_identify(src/multipanda_ros2/franka_hardware) by extensions ['colcon_pkg']
[0.494s] Level 1:colcon.colcon_core.package_identification:_identify(src/multipanda_ros2/franka_hardware) by extension 'colcon_pkg'
[0.494s] Level 1:colcon.colcon_core.package_identification:_identify(src/multipanda_ros2/franka_hardware) by extensions ['colcon_meta']
[0.494s] Level 1:colcon.colcon_core.package_identification:_identify(src/multipanda_ros2/franka_hardware) by extension 'colcon_meta'
[0.494s] Level 1:colcon.colcon_core.package_identification:_identify(src/multipanda_ros2/franka_hardware) by extensions ['ros']
[0.494s] Level 1:colcon.colcon_core.package_identification:_identify(src/multipanda_ros2/franka_hardware) by extension 'ros'
[0.495s] DEBUG:colcon.colcon_core.package_identification:Package 'src/multipanda_ros2/franka_hardware' with type 'ros.ament_cmake' and name 'franka_hardware'
[0.495s] Level 1:colcon.colcon_core.package_identification:_identify(src/multipanda_ros2/franka_moveit_config) by extensions ['ignore', 'ignore_ament_install']
[0.495s] Level 1:colcon.colcon_core.package_identification:_identify(src/multipanda_ros2/franka_moveit_config) by extension 'ignore'
[0.495s] Level 1:colcon.colcon_core.package_identification:_identify(src/multipanda_ros2/franka_moveit_config) by extension 'ignore_ament_install'
[0.495s] Level 1:colcon.colcon_core.package_identification:_identify(src/multipanda_ros2/franka_moveit_config) by extensions ['colcon_pkg']
[0.495s] Level 1:colcon.colcon_core.package_identification:_identify(src/multipanda_ros2/franka_moveit_config) by extension 'colcon_pkg'
[0.495s] Level 1:colcon.colcon_core.package_identification:_identify(src/multipanda_ros2/franka_moveit_config) by extensions ['colcon_meta']
[0.495s] Level 1:colcon.colcon_core.package_identification:_identify(src/multipanda_ros2/franka_moveit_config) by extension 'colcon_meta'
[0.495s] Level 1:colcon.colcon_core.package_identification:_identify(src/multipanda_ros2/franka_moveit_config) by extensions ['ros']
[0.495s] Level 1:colcon.colcon_core.package_identification:_identify(src/multipanda_ros2/franka_moveit_config) by extension 'ros'
[0.496s] DEBUG:colcon.colcon_core.package_identification:Package 'src/multipanda_ros2/franka_moveit_config' with type 'ros.ament_cmake' and name 'franka_moveit_config'
[0.496s] Level 1:colcon.colcon_core.package_identification:_identify(src/multipanda_ros2/franka_msgs) by extensions ['ignore', 'ignore_ament_install']
[0.496s] Level 1:colcon.colcon_core.package_identification:_identify(src/multipanda_ros2/franka_msgs) by extension 'ignore'
[0.496s] Level 1:colcon.colcon_core.package_identification:_identify(src/multipanda_ros2/franka_msgs) by extension 'ignore_ament_install'
[0.496s] Level 1:colcon.colcon_core.package_identification:_identify(src/multipanda_ros2/franka_msgs) by extensions ['colcon_pkg']
[0.496s] Level 1:colcon.colcon_core.package_identification:_identify(src/multipanda_ros2/franka_msgs) by extension 'colcon_pkg'
[0.496s] Level 1:colcon.colcon_core.package_identification:_identify(src/multipanda_ros2/franka_msgs) by extensions ['colcon_meta']
[0.496s] Level 1:colcon.colcon_core.package_identification:_identify(src/multipanda_ros2/franka_msgs) by extension 'colcon_meta'
[0.496s] Level 1:colcon.colcon_core.package_identification:_identify(src/multipanda_ros2/franka_msgs) by extensions ['ros']
[0.497s] Level 1:colcon.colcon_core.package_identification:_identify(src/multipanda_ros2/franka_msgs) by extension 'ros'
[0.497s] DEBUG:colcon.colcon_core.package_identification:Package 'src/multipanda_ros2/franka_msgs' with type 'ros.ament_cmake' and name 'franka_msgs'
[0.497s] Level 1:colcon.colcon_core.package_identification:_identify(src/multipanda_ros2/franka_multi_mode_controller) by extensions ['ignore', 'ignore_ament_install']
[0.497s] Level 1:colcon.colcon_core.package_identification:_identify(src/multipanda_ros2/franka_multi_mode_controller) by extension 'ignore'
[0.497s] Level 1:colcon.colcon_core.package_identification:_identify(src/multipanda_ros2/franka_multi_mode_controller) by extension 'ignore_ament_install'
[0.498s] Level 1:colcon.colcon_core.package_identification:_identify(src/multipanda_ros2/franka_multi_mode_controller) by extensions ['colcon_pkg']
[0.498s] Level 1:colcon.colcon_core.package_identification:_identify(src/multipanda_ros2/franka_multi_mode_controller) by extension 'colcon_pkg'
[0.498s] Level 1:colcon.colcon_core.package_identification:_identify(src/multipanda_ros2/franka_multi_mode_controller) by extensions ['colcon_meta']
[0.498s] Level 1:colcon.colcon_core.package_identification:_identify(src/multipanda_ros2/franka_multi_mode_controller) by extension 'colcon_meta'
[0.498s] Level 1:colcon.colcon_core.package_identification:_identify(src/multipanda_ros2/franka_multi_mode_controller) by extensions ['ros']
[0.498s] Level 1:colcon.colcon_core.package_identification:_identify(src/multipanda_ros2/franka_multi_mode_controller) by extension 'ros'
[0.498s] Level 1:colcon.colcon_core.package_identification:_identify(src/multipanda_ros2/franka_multi_mode_controller) by extensions ['cmake', 'python']
[0.498s] Level 1:colcon.colcon_core.package_identification:_identify(src/multipanda_ros2/franka_multi_mode_controller) by extension 'cmake'
[0.498s] Level 1:colcon.colcon_core.package_identification:_identify(src/multipanda_ros2/franka_multi_mode_controller) by extension 'python'
[0.498s] Level 1:colcon.colcon_core.package_identification:_identify(src/multipanda_ros2/franka_multi_mode_controller) by extensions ['python_setup_py']
[0.498s] Level 1:colcon.colcon_core.package_identification:_identify(src/multipanda_ros2/franka_multi_mode_controller) by extension 'python_setup_py'
[0.498s] Level 1:colcon.colcon_core.package_identification:_identify(src/multipanda_ros2/franka_multi_mode_controller/multi_mode_control_msgs) by extensions ['ignore', 'ignore_ament_install']
[0.498s] Level 1:colcon.colcon_core.package_identification:_identify(src/multipanda_ros2/franka_multi_mode_controller/multi_mode_control_msgs) by extension 'ignore'
[0.498s] Level 1:colcon.colcon_core.package_identification:_identify(src/multipanda_ros2/franka_multi_mode_controller/multi_mode_control_msgs) by extension 'ignore_ament_install'
[0.498s] Level 1:colcon.colcon_core.package_identification:_identify(src/multipanda_ros2/franka_multi_mode_controller/multi_mode_control_msgs) by extensions ['colcon_pkg']
[0.498s] Level 1:colcon.colcon_core.package_identification:_identify(src/multipanda_ros2/franka_multi_mode_controller/multi_mode_control_msgs) by extension 'colcon_pkg'
[0.498s] Level 1:colcon.colcon_core.package_identification:_identify(src/multipanda_ros2/franka_multi_mode_controller/multi_mode_control_msgs) by extensions ['colcon_meta']
[0.498s] Level 1:colcon.colcon_core.package_identification:_identify(src/multipanda_ros2/franka_multi_mode_controller/multi_mode_control_msgs) by extension 'colcon_meta'
[0.498s] Level 1:colcon.colcon_core.package_identification:_identify(src/multipanda_ros2/franka_multi_mode_controller/multi_mode_control_msgs) by extensions ['ros']
[0.498s] Level 1:colcon.colcon_core.package_identification:_identify(src/multipanda_ros2/franka_multi_mode_controller/multi_mode_control_msgs) by extension 'ros'
[0.499s] DEBUG:colcon.colcon_core.package_identification:Package 'src/multipanda_ros2/franka_multi_mode_controller/multi_mode_control_msgs' with type 'ros.ament_cmake' and name 'multi_mode_control_msgs'
[0.499s] Level 1:colcon.colcon_core.package_identification:_identify(src/multipanda_ros2/franka_multi_mode_controller/multi_mode_controller) by extensions ['ignore', 'ignore_ament_install']
[0.499s] Level 1:colcon.colcon_core.package_identification:_identify(src/multipanda_ros2/franka_multi_mode_controller/multi_mode_controller) by extension 'ignore'
[0.499s] Level 1:colcon.colcon_core.package_identification:_identify(src/multipanda_ros2/franka_multi_mode_controller/multi_mode_controller) by extension 'ignore_ament_install'
[0.499s] Level 1:colcon.colcon_core.package_identification:_identify(src/multipanda_ros2/franka_multi_mode_controller/multi_mode_controller) by extensions ['colcon_pkg']
[0.499s] Level 1:colcon.colcon_core.package_identification:_identify(src/multipanda_ros2/franka_multi_mode_controller/multi_mode_controller) by extension 'colcon_pkg'
[0.499s] Level 1:colcon.colcon_core.package_identification:_identify(src/multipanda_ros2/franka_multi_mode_controller/multi_mode_controller) by extensions ['colcon_meta']
[0.499s] Level 1:colcon.colcon_core.package_identification:_identify(src/multipanda_ros2/franka_multi_mode_controller/multi_mode_controller) by extension 'colcon_meta'
[0.500s] Level 1:colcon.colcon_core.package_identification:_identify(src/multipanda_ros2/franka_multi_mode_controller/multi_mode_controller) by extensions ['ros']
[0.500s] Level 1:colcon.colcon_core.package_identification:_identify(src/multipanda_ros2/franka_multi_mode_controller/multi_mode_controller) by extension 'ros'
[0.500s] DEBUG:colcon.colcon_core.package_identification:Package 'src/multipanda_ros2/franka_multi_mode_controller/multi_mode_controller' with type 'ros.ament_cmake' and name 'multi_mode_controller'
[0.500s] Level 1:colcon.colcon_core.package_identification:_identify(src/multipanda_ros2/franka_multi_mode_controller/multi_mode_controller_impl) by extensions ['ignore', 'ignore_ament_install']
[0.500s] Level 1:colcon.colcon_core.package_identification:_identify(src/multipanda_ros2/franka_multi_mode_controller/multi_mode_controller_impl) by extension 'ignore'
[0.501s] Level 1:colcon.colcon_core.package_identification:_identify(src/multipanda_ros2/franka_multi_mode_controller/multi_mode_controller_impl) by extension 'ignore_ament_install'
[0.501s] Level 1:colcon.colcon_core.package_identification:_identify(src/multipanda_ros2/franka_multi_mode_controller/multi_mode_controller_impl) by extensions ['colcon_pkg']
[0.501s] Level 1:colcon.colcon_core.package_identification:_identify(src/multipanda_ros2/franka_multi_mode_controller/multi_mode_controller_impl) by extension 'colcon_pkg'
[0.501s] Level 1:colcon.colcon_core.package_identification:_identify(src/multipanda_ros2/franka_multi_mode_controller/multi_mode_controller_impl) by extensions ['colcon_meta']
[0.501s] Level 1:colcon.colcon_core.package_identification:_identify(src/multipanda_ros2/franka_multi_mode_controller/multi_mode_controller_impl) by extension 'colcon_meta'
[0.501s] Level 1:colcon.colcon_core.package_identification:_identify(src/multipanda_ros2/franka_multi_mode_controller/multi_mode_controller_impl) by extensions ['ros']
[0.501s] Level 1:colcon.colcon_core.package_identification:_identify(src/multipanda_ros2/franka_multi_mode_controller/multi_mode_controller_impl) by extension 'ros'
[0.502s] DEBUG:colcon.colcon_core.package_identification:Package 'src/multipanda_ros2/franka_multi_mode_controller/multi_mode_controller_impl' with type 'ros.ament_cmake' and name 'multi_mode_controller_impl'
[0.502s] Level 1:colcon.colcon_core.package_identification:_identify(src/multipanda_ros2/franka_multi_mode_controller/panda_motion_generator_msgs) by extensions ['ignore', 'ignore_ament_install']
[0.502s] Level 1:colcon.colcon_core.package_identification:_identify(src/multipanda_ros2/franka_multi_mode_controller/panda_motion_generator_msgs) by extension 'ignore'
[0.502s] Level 1:colcon.colcon_core.package_identification:_identify(src/multipanda_ros2/franka_multi_mode_controller/panda_motion_generator_msgs) by extension 'ignore_ament_install'
[0.502s] Level 1:colcon.colcon_core.package_identification:_identify(src/multipanda_ros2/franka_multi_mode_controller/panda_motion_generator_msgs) by extensions ['colcon_pkg']
[0.502s] Level 1:colcon.colcon_core.package_identification:_identify(src/multipanda_ros2/franka_multi_mode_controller/panda_motion_generator_msgs) by extension 'colcon_pkg'
[0.502s] Level 1:colcon.colcon_core.package_identification:_identify(src/multipanda_ros2/franka_multi_mode_controller/panda_motion_generator_msgs) by extensions ['colcon_meta']
[0.502s] Level 1:colcon.colcon_core.package_identification:_identify(src/multipanda_ros2/franka_multi_mode_controller/panda_motion_generator_msgs) by extension 'colcon_meta'
[0.502s] Level 1:colcon.colcon_core.package_identification:_identify(src/multipanda_ros2/franka_multi_mode_controller/panda_motion_generator_msgs) by extensions ['ros']
[0.502s] Level 1:colcon.colcon_core.package_identification:_identify(src/multipanda_ros2/franka_multi_mode_controller/panda_motion_generator_msgs) by extension 'ros'
[0.503s] DEBUG:colcon.colcon_core.package_identification:Package 'src/multipanda_ros2/franka_multi_mode_controller/panda_motion_generator_msgs' with type 'ros.ament_cmake' and name 'panda_motion_generator_msgs'
[0.503s] Level 1:colcon.colcon_core.package_identification:_identify(src/multipanda_ros2/franka_multi_mode_controller/panda_motion_generators) by extensions ['ignore', 'ignore_ament_install']
[0.503s] Level 1:colcon.colcon_core.package_identification:_identify(src/multipanda_ros2/franka_multi_mode_controller/panda_motion_generators) by extension 'ignore'
[0.503s] Level 1:colcon.colcon_core.package_identification:_identify(src/multipanda_ros2/franka_multi_mode_controller/panda_motion_generators) by extension 'ignore_ament_install'
[0.503s] Level 1:colcon.colcon_core.package_identification:_identify(src/multipanda_ros2/franka_multi_mode_controller/panda_motion_generators) by extensions ['colcon_pkg']
[0.503s] Level 1:colcon.colcon_core.package_identification:_identify(src/multipanda_ros2/franka_multi_mode_controller/panda_motion_generators) by extension 'colcon_pkg'
[0.503s] Level 1:colcon.colcon_core.package_identification:_identify(src/multipanda_ros2/franka_multi_mode_controller/panda_motion_generators) by extensions ['colcon_meta']
[0.503s] Level 1:colcon.colcon_core.package_identification:_identify(src/multipanda_ros2/franka_multi_mode_controller/panda_motion_generators) by extension 'colcon_meta'
[0.503s] Level 1:colcon.colcon_core.package_identification:_identify(src/multipanda_ros2/franka_multi_mode_controller/panda_motion_generators) by extensions ['ros']
[0.503s] Level 1:colcon.colcon_core.package_identification:_identify(src/multipanda_ros2/franka_multi_mode_controller/panda_motion_generators) by extension 'ros'
[0.504s] DEBUG:colcon.colcon_core.package_identification:Package 'src/multipanda_ros2/franka_multi_mode_controller/panda_motion_generators' with type 'ros.ament_cmake' and name 'panda_motion_generators'
[0.504s] Level 1:colcon.colcon_core.package_identification:_identify(src/multipanda_ros2/franka_robot_state_broadcaster) by extensions ['ignore', 'ignore_ament_install']
[0.504s] Level 1:colcon.colcon_core.package_identification:_identify(src/multipanda_ros2/franka_robot_state_broadcaster) by extension 'ignore'
[0.504s] Level 1:colcon.colcon_core.package_identification:_identify(src/multipanda_ros2/franka_robot_state_broadcaster) by extension 'ignore_ament_install'
[0.504s] Level 1:colcon.colcon_core.package_identification:_identify(src/multipanda_ros2/franka_robot_state_broadcaster) by extensions ['colcon_pkg']
[0.504s] Level 1:colcon.colcon_core.package_identification:_identify(src/multipanda_ros2/franka_robot_state_broadcaster) by extension 'colcon_pkg'
[0.504s] Level 1:colcon.colcon_core.package_identification:_identify(src/multipanda_ros2/franka_robot_state_broadcaster) by extensions ['colcon_meta']
[0.504s] Level 1:colcon.colcon_core.package_identification:_identify(src/multipanda_ros2/franka_robot_state_broadcaster) by extension 'colcon_meta'
[0.504s] Level 1:colcon.colcon_core.package_identification:_identify(src/multipanda_ros2/franka_robot_state_broadcaster) by extensions ['ros']
[0.504s] Level 1:colcon.colcon_core.package_identification:_identify(src/multipanda_ros2/franka_robot_state_broadcaster) by extension 'ros'
[0.506s] DEBUG:colcon.colcon_core.package_identification:Package 'src/multipanda_ros2/franka_robot_state_broadcaster' with type 'ros.ament_cmake' and name 'franka_robot_state_broadcaster'
[0.506s] Level 1:colcon.colcon_core.package_identification:_identify(src/multipanda_ros2/franka_semantic_components) by extensions ['ignore', 'ignore_ament_install']
[0.506s] Level 1:colcon.colcon_core.package_identification:_identify(src/multipanda_ros2/franka_semantic_components) by extension 'ignore'
[0.506s] Level 1:colcon.colcon_core.package_identification:_identify(src/multipanda_ros2/franka_semantic_components) by extension 'ignore_ament_install'
[0.506s] Level 1:colcon.colcon_core.package_identification:_identify(src/multipanda_ros2/franka_semantic_components) by extensions ['colcon_pkg']
[0.506s] Level 1:colcon.colcon_core.package_identification:_identify(src/multipanda_ros2/franka_semantic_components) by extension 'colcon_pkg'
[0.506s] Level 1:colcon.colcon_core.package_identification:_identify(src/multipanda_ros2/franka_semantic_components) by extensions ['colcon_meta']
[0.506s] Level 1:colcon.colcon_core.package_identification:_identify(src/multipanda_ros2/franka_semantic_components) by extension 'colcon_meta'
[0.506s] Level 1:colcon.colcon_core.package_identification:_identify(src/multipanda_ros2/franka_semantic_components) by extensions ['ros']
[0.506s] Level 1:colcon.colcon_core.package_identification:_identify(src/multipanda_ros2/franka_semantic_components) by extension 'ros'
[0.507s] DEBUG:colcon.colcon_core.package_identification:Package 'src/multipanda_ros2/franka_semantic_components' with type 'ros.ament_cmake' and name 'franka_semantic_components'
[0.507s] Level 1:colcon.colcon_core.package_identification:_identify(src/multipanda_ros2/garmi_packages) by extensions ['ignore', 'ignore_ament_install']
[0.507s] Level 1:colcon.colcon_core.package_identification:_identify(src/multipanda_ros2/garmi_packages) by extension 'ignore'
[0.507s] Level 1:colcon.colcon_core.package_identification:_identify(src/multipanda_ros2/garmi_packages) by extension 'ignore_ament_install'
[0.507s] Level 1:colcon.colcon_core.package_identification:_identify(src/multipanda_ros2/garmi_packages) by extensions ['colcon_pkg']
[0.507s] Level 1:colcon.colcon_core.package_identification:_identify(src/multipanda_ros2/garmi_packages) by extension 'colcon_pkg'
[0.507s] Level 1:colcon.colcon_core.package_identification:_identify(src/multipanda_ros2/garmi_packages) by extensions ['colcon_meta']
[0.507s] Level 1:colcon.colcon_core.package_identification:_identify(src/multipanda_ros2/garmi_packages) by extension 'colcon_meta'
[0.507s] Level 1:colcon.colcon_core.package_identification:_identify(src/multipanda_ros2/garmi_packages) by extensions ['ros']
[0.507s] Level 1:colcon.colcon_core.package_identification:_identify(src/multipanda_ros2/garmi_packages) by extension 'ros'
[0.508s] Level 1:colcon.colcon_core.package_identification:_identify(src/multipanda_ros2/garmi_packages) by extensions ['cmake', 'python']
[0.508s] Level 1:colcon.colcon_core.package_identification:_identify(src/multipanda_ros2/garmi_packages) by extension 'cmake'
[0.508s] Level 1:colcon.colcon_core.package_identification:_identify(src/multipanda_ros2/garmi_packages) by extension 'python'
[0.508s] Level 1:colcon.colcon_core.package_identification:_identify(src/multipanda_ros2/garmi_packages) by extensions ['python_setup_py']
[0.508s] Level 1:colcon.colcon_core.package_identification:_identify(src/multipanda_ros2/garmi_packages) by extension 'python_setup_py'
[0.508s] Level 1:colcon.colcon_core.package_identification:_identify(src/multipanda_ros2/garmi_packages/garmi_bringup) by extensions ['ignore', 'ignore_ament_install']
[0.508s] Level 1:colcon.colcon_core.package_identification:_identify(src/multipanda_ros2/garmi_packages/garmi_bringup) by extension 'ignore'
[0.508s] Level 1:colcon.colcon_core.package_identification:_identify(src/multipanda_ros2/garmi_packages/garmi_bringup) by extension 'ignore_ament_install'
[0.508s] Level 1:colcon.colcon_core.package_identification:_identify(src/multipanda_ros2/garmi_packages/garmi_bringup) by extensions ['colcon_pkg']
[0.508s] Level 1:colcon.colcon_core.package_identification:_identify(src/multipanda_ros2/garmi_packages/garmi_bringup) by extension 'colcon_pkg'
[0.508s] Level 1:colcon.colcon_core.package_identification:_identify(src/multipanda_ros2/garmi_packages/garmi_bringup) by extensions ['colcon_meta']
[0.508s] Level 1:colcon.colcon_core.package_identification:_identify(src/multipanda_ros2/garmi_packages/garmi_bringup) by extension 'colcon_meta'
[0.508s] Level 1:colcon.colcon_core.package_identification:_identify(src/multipanda_ros2/garmi_packages/garmi_bringup) by extensions ['ros']
[0.508s] Level 1:colcon.colcon_core.package_identification:_identify(src/multipanda_ros2/garmi_packages/garmi_bringup) by extension 'ros'
[0.509s] DEBUG:colcon.colcon_core.package_identification:Package 'src/multipanda_ros2/garmi_packages/garmi_bringup' with type 'ros.ament_cmake' and name 'garmi_bringup'
[0.509s] Level 1:colcon.colcon_core.package_identification:_identify(src/multipanda_ros2/garmi_packages/garmi_controllers) by extensions ['ignore', 'ignore_ament_install']
[0.509s] Level 1:colcon.colcon_core.package_identification:_identify(src/multipanda_ros2/garmi_packages/garmi_controllers) by extension 'ignore'
[0.509s] Level 1:colcon.colcon_core.package_identification:_identify(src/multipanda_ros2/garmi_packages/garmi_controllers) by extension 'ignore_ament_install'
[0.509s] Level 1:colcon.colcon_core.package_identification:_identify(src/multipanda_ros2/garmi_packages/garmi_controllers) by extensions ['colcon_pkg']
[0.509s] Level 1:colcon.colcon_core.package_identification:_identify(src/multipanda_ros2/garmi_packages/garmi_controllers) by extension 'colcon_pkg'
[0.509s] Level 1:colcon.colcon_core.package_identification:_identify(src/multipanda_ros2/garmi_packages/garmi_controllers) by extensions ['colcon_meta']
[0.509s] Level 1:colcon.colcon_core.package_identification:_identify(src/multipanda_ros2/garmi_packages/garmi_controllers) by extension 'colcon_meta'
[0.509s] Level 1:colcon.colcon_core.package_identification:_identify(src/multipanda_ros2/garmi_packages/garmi_controllers) by extensions ['ros']
[0.509s] Level 1:colcon.colcon_core.package_identification:_identify(src/multipanda_ros2/garmi_packages/garmi_controllers) by extension 'ros'
[0.510s] DEBUG:colcon.colcon_core.package_identification:Package 'src/multipanda_ros2/garmi_packages/garmi_controllers' with type 'ros.ament_cmake' and name 'garmi_controllers'
[0.510s] Level 1:colcon.colcon_core.package_identification:_identify(src/multipanda_ros2/garmi_packages/garmi_description) by extensions ['ignore', 'ignore_ament_install']
[0.510s] Level 1:colcon.colcon_core.package_identification:_identify(src/multipanda_ros2/garmi_packages/garmi_description) by extension 'ignore'
[0.510s] Level 1:colcon.colcon_core.package_identification:_identify(src/multipanda_ros2/garmi_packages/garmi_description) by extension 'ignore_ament_install'
[0.510s] Level 1:colcon.colcon_core.package_identification:_identify(src/multipanda_ros2/garmi_packages/garmi_description) by extensions ['colcon_pkg']
[0.510s] Level 1:colcon.colcon_core.package_identification:_identify(src/multipanda_ros2/garmi_packages/garmi_description) by extension 'colcon_pkg'
[0.510s] Level 1:colcon.colcon_core.package_identification:_identify(src/multipanda_ros2/garmi_packages/garmi_description) by extensions ['colcon_meta']
[0.510s] Level 1:colcon.colcon_core.package_identification:_identify(src/multipanda_ros2/garmi_packages/garmi_description) by extension 'colcon_meta'
[0.511s] Level 1:colcon.colcon_core.package_identification:_identify(src/multipanda_ros2/garmi_packages/garmi_description) by extensions ['ros']
[0.511s] Level 1:colcon.colcon_core.package_identification:_identify(src/multipanda_ros2/garmi_packages/garmi_description) by extension 'ros'
[0.511s] DEBUG:colcon.colcon_core.package_identification:Package 'src/multipanda_ros2/garmi_packages/garmi_description' with type 'ros.ament_cmake' and name 'garmi_description'
[0.511s] Level 1:colcon.colcon_core.package_identification:_identify(src/multipanda_ros2/garmi_packages/garmi_hardware) by extensions ['ignore', 'ignore_ament_install']
[0.511s] Level 1:colcon.colcon_core.package_identification:_identify(src/multipanda_ros2/garmi_packages/garmi_hardware) by extension 'ignore'
[0.511s] Level 1:colcon.colcon_core.package_identification:_identify(src/multipanda_ros2/garmi_packages/garmi_hardware) by extension 'ignore_ament_install'
[0.511s] Level 1:colcon.colcon_core.package_identification:_identify(src/multipanda_ros2/garmi_packages/garmi_hardware) by extensions ['colcon_pkg']
[0.511s] Level 1:colcon.colcon_core.package_identification:_identify(src/multipanda_ros2/garmi_packages/garmi_hardware) by extension 'colcon_pkg'
[0.511s] Level 1:colcon.colcon_core.package_identification:_identify(src/multipanda_ros2/garmi_packages/garmi_hardware) by extensions ['colcon_meta']
[0.512s] Level 1:colcon.colcon_core.package_identification:_identify(src/multipanda_ros2/garmi_packages/garmi_hardware) by extension 'colcon_meta'
[0.512s] Level 1:colcon.colcon_core.package_identification:_identify(src/multipanda_ros2/garmi_packages/garmi_hardware) by extensions ['ros']
[0.512s] Level 1:colcon.colcon_core.package_identification:_identify(src/multipanda_ros2/garmi_packages/garmi_hardware) by extension 'ros'
[0.512s] DEBUG:colcon.colcon_core.package_identification:Package 'src/multipanda_ros2/garmi_packages/garmi_hardware' with type 'ros.ament_cmake' and name 'garmi_hardware'
[0.513s] Level 1:colcon.colcon_core.package_identification:_identify(src/multipanda_ros2/garmi_packages/garmi_moveit_config) by extensions ['ignore', 'ignore_ament_install']
[0.513s] Level 1:colcon.colcon_core.package_identification:_identify(src/multipanda_ros2/garmi_packages/garmi_moveit_config) by extension 'ignore'
[0.513s] Level 1:colcon.colcon_core.package_identification:_identify(src/multipanda_ros2/garmi_packages/garmi_moveit_config) by extension 'ignore_ament_install'
[0.513s] Level 1:colcon.colcon_core.package_identification:_identify(src/multipanda_ros2/garmi_packages/garmi_moveit_config) by extensions ['colcon_pkg']
[0.513s] Level 1:colcon.colcon_core.package_identification:_identify(src/multipanda_ros2/garmi_packages/garmi_moveit_config) by extension 'colcon_pkg'
[0.513s] Level 1:colcon.colcon_core.package_identification:_identify(src/multipanda_ros2/garmi_packages/garmi_moveit_config) by extensions ['colcon_meta']
[0.513s] Level 1:colcon.colcon_core.package_identification:_identify(src/multipanda_ros2/garmi_packages/garmi_moveit_config) by extension 'colcon_meta'
[0.513s] Level 1:colcon.colcon_core.package_identification:_identify(src/multipanda_ros2/garmi_packages/garmi_moveit_config) by extensions ['ros']
[0.513s] Level 1:colcon.colcon_core.package_identification:_identify(src/multipanda_ros2/garmi_packages/garmi_moveit_config) by extension 'ros'
[0.513s] DEBUG:colcon.colcon_core.package_identification:Package 'src/multipanda_ros2/garmi_packages/garmi_moveit_config' with type 'ros.ament_cmake' and name 'garmi_moveit_config'
[0.513s] Level 1:colcon.colcon_core.package_discovery:discover_packages(recursive) using defaults
[0.513s] Level 1:colcon.colcon_core.package_discovery:discover_packages(ignore) discover
[0.513s] Level 1:colcon.colcon_core.package_discovery:discover_packages(ignore) using defaults
[0.513s] Level 1:colcon.colcon_core.package_discovery:discover_packages(path) discover
[0.514s] Level 1:colcon.colcon_core.package_discovery:discover_packages(path) using defaults
[0.541s] INFO:colcon.colcon_core.package_selection:Skipping not selected package 'BULLET_PHYSICS' in 'bullet3'
[0.541s] INFO:colcon.colcon_core.package_selection:Skipping not selected package 'Model_Based_RL_Teleoperation' in 'src/Model_Based_RL_Teleoperation'
[0.541s] INFO:colcon.colcon_core.package_selection:Skipping not selected package 'franka_description' in 'src/multipanda_ros2/franka_description'
[0.541s] INFO:colcon.colcon_core.package_selection:Skipping not selected package 'franka_msgs' in 'src/multipanda_ros2/franka_msgs'
[0.541s] INFO:colcon.colcon_core.package_selection:Skipping not selected package 'garmi_controllers' in 'src/multipanda_ros2/garmi_packages/garmi_controllers'
[0.541s] INFO:colcon.colcon_core.package_selection:Skipping not selected package 'garmi_hardware' in 'src/multipanda_ros2/garmi_packages/garmi_hardware'
[0.541s] INFO:colcon.colcon_core.package_selection:Skipping not selected package 'garmi_moveit_config' in 'src/multipanda_ros2/garmi_packages/garmi_moveit_config'
[0.541s] INFO:colcon.colcon_core.package_selection:Skipping not selected package 'mujoco_ros_msgs' in 'src/mujoco_ros_pkgs/mujoco_ros_msgs'
[0.541s] INFO:colcon.colcon_core.package_selection:Skipping not selected package 'panda_motion_generator_msgs' in 'src/multipanda_ros2/franka_multi_mode_controller/panda_motion_generator_msgs'
[0.541s] INFO:colcon.colcon_core.package_selection:Skipping not selected package 'franka_control2' in 'src/multipanda_ros2/franka_control2'
[0.541s] INFO:colcon.colcon_core.package_selection:Skipping not selected package 'franka_gripper' in 'src/multipanda_ros2/franka_gripper'
[0.541s] INFO:colcon.colcon_core.package_selection:Skipping not selected package 'garmi_description' in 'src/multipanda_ros2/garmi_packages/garmi_description'
[0.541s] INFO:colcon.colcon_core.package_selection:Skipping not selected package 'mujoco_ros' in 'src/mujoco_ros_pkgs/mujoco_ros'
[0.541s] INFO:colcon.colcon_core.package_selection:Skipping not selected package 'multi_mode_control_msgs' in 'src/multipanda_ros2/franka_multi_mode_controller/multi_mode_control_msgs'
[0.541s] INFO:colcon.colcon_core.package_selection:Skipping not selected package 'Hierarchical_RL_Teleoperation' in 'src/Hierarchical_RL_Teleoperation'
[0.541s] INFO:colcon.colcon_core.package_selection:Skipping not selected package 'mujoco_ros2_control' in 'src/mujoco_ros_pkgs/mujoco_ros2_control'
[0.541s] INFO:colcon.colcon_core.package_selection:Skipping not selected package 'mujoco_ros2_dummy_plugin' in 'src/mujoco_ros_pkgs/mujoco_ros2_dummy_plugin'
[0.541s] INFO:colcon.colcon_core.package_selection:Skipping not selected package 'mujoco_ros2_sensors' in 'src/mujoco_ros_pkgs/mujoco_ros2_sensors'
[0.541s] INFO:colcon.colcon_core.package_selection:Skipping not selected package 'mujoco_ros_pkgs' in 'src/mujoco_ros_pkgs/mujoco_ros_pkgs'
[0.541s] INFO:colcon.colcon_core.package_selection:Skipping not selected package 'franka_hardware' in 'src/multipanda_ros2/franka_hardware'
[0.541s] INFO:colcon.colcon_core.package_selection:Skipping not selected package 'mujoco_ros2_control_system' in 'src/mujoco_ros_pkgs/mujoco_ros2_control_system'
[0.541s] INFO:colcon.colcon_core.package_selection:Skipping not selected package 'franka_bringup' in 'src/multipanda_ros2/franka_bringup'
[0.541s] INFO:colcon.colcon_core.package_selection:Skipping not selected package 'franka_moveit_config' in 'src/multipanda_ros2/franka_moveit_config'
[0.541s] INFO:colcon.colcon_core.package_selection:Skipping not selected package 'franka_semantic_components' in 'src/multipanda_ros2/franka_semantic_components'
[0.541s] INFO:colcon.colcon_core.package_selection:Skipping not selected package 'garmi_bringup' in 'src/multipanda_ros2/garmi_packages/garmi_bringup'
[0.541s] INFO:colcon.colcon_core.package_selection:Skipping not selected package 'franka_example_controllers' in 'src/multipanda_ros2/franka_example_controllers'
[0.541s] INFO:colcon.colcon_core.package_selection:Skipping not selected package 'franka_robot_state_broadcaster' in 'src/multipanda_ros2/franka_robot_state_broadcaster'
[0.541s] INFO:colcon.colcon_core.package_selection:Skipping not selected package 'multi_mode_controller' in 'src/multipanda_ros2/franka_multi_mode_controller/multi_mode_controller'
[0.541s] INFO:colcon.colcon_core.package_selection:Skipping not selected package 'multi_mode_controller_impl' in 'src/multipanda_ros2/franka_multi_mode_controller/multi_mode_controller_impl'
[0.542s] INFO:colcon.colcon_core.package_selection:Skipping not selected package 'panda_motion_generators' in 'src/multipanda_ros2/franka_multi_mode_controller/panda_motion_generators'
[0.542s] Level 1:colcon.colcon_core.package_discovery:discover_packages(prefix_path) check parameters
[0.542s] Level 1:colcon.colcon_core.package_discovery:discover_packages(prefix_path) discover
[0.543s] WARNING:colcon.colcon_ros.prefix_path.ament:The path '/media/kai/Kai_Backup/Master_Study/Master_Thesis/Implementation/libfranka_ws/install/Hierarchical_Reinforcement_Learning_for_Adaptive_Control_Under_Stochastic_Network_Delays' in the environment variable AMENT_PREFIX_PATH doesn't exist
[0.544s] WARNING:colcon.colcon_ros.prefix_path.ament:The path '/media/kai/Kai_Backup/Master_Study/Master_Thesis/Implementation/libfranka_ws/install/Model_based_Reinforcement_Learning_In_Teleoperation' in the environment variable AMENT_PREFIX_PATH doesn't exist
[0.546s] DEBUG:colcon.colcon_installed_package_information.package_discovery:Found 31 installed packages in /media/kai/Kai_Backup/Master_Study/Master_Thesis/Implementation/libfranka_ws/install
[0.547s] DEBUG:colcon.colcon_installed_package_information.package_discovery:Found 347 installed packages in /opt/ros/humble
[0.548s] Level 1:colcon.colcon_core.package_discovery:discover_packages(prefix_path) using defaults
[0.594s] Level 5:colcon.colcon_core.verb:set package 'E2E_Teleoperation' build argument 'cmake_args' from command line to 'None'
[0.594s] Level 5:colcon.colcon_core.verb:set package 'E2E_Teleoperation' build argument 'cmake_target' from command line to 'None'
[0.594s] Level 5:colcon.colcon_core.verb:set package 'E2E_Teleoperation' build argument 'cmake_target_skip_unavailable' from command line to 'False'
[0.594s] Level 5:colcon.colcon_core.verb:set package 'E2E_Teleoperation' build argument 'cmake_clean_cache' from command line to 'False'
[0.594s] Level 5:colcon.colcon_core.verb:set package 'E2E_Teleoperation' build argument 'cmake_clean_first' from command line to 'False'
[0.594s] Level 5:colcon.colcon_core.verb:set package 'E2E_Teleoperation' build argument 'cmake_force_configure' from command line to 'False'
[0.594s] Level 5:colcon.colcon_core.verb:set package 'E2E_Teleoperation' build argument 'ament_cmake_args' from command line to 'None'
[0.594s] Level 5:colcon.colcon_core.verb:set package 'E2E_Teleoperation' build argument 'catkin_cmake_args' from command line to 'None'
[0.594s] Level 5:colcon.colcon_core.verb:set package 'E2E_Teleoperation' build argument 'catkin_skip_building_tests' from command line to 'False'
[0.594s] DEBUG:colcon.colcon_core.verb:Building package 'E2E_Teleoperation' with the following arguments: {'ament_cmake_args': None, 'build_base': '/media/kai/Kai_Backup/Master_Study/Master_Thesis/Implementation/libfranka_ws/build/E2E_Teleoperation', 'catkin_cmake_args': None, 'catkin_skip_building_tests': False, 'cmake_args': None, 'cmake_clean_cache': False, 'cmake_clean_first': False, 'cmake_force_configure': False, 'cmake_target': None, 'cmake_target_skip_unavailable': False, 'install_base': '/media/kai/Kai_Backup/Master_Study/Master_Thesis/Implementation/libfranka_ws/install/E2E_Teleoperation', 'merge_install': False, 'path': '/media/kai/Kai_Backup/Master_Study/Master_Thesis/Implementation/libfranka_ws/src/E2E_Teleoperation', 'symlink_install': True, 'test_result_base': None}
[0.594s] INFO:colcon.colcon_core.executor:Executing jobs using 'parallel' executor
[0.595s] DEBUG:colcon.colcon_parallel_executor.executor.parallel:run_until_complete
[0.595s] INFO:colcon.colcon_ros.task.ament_python.build:Building ROS package in '/media/kai/Kai_Backup/Master_Study/Master_Thesis/Implementation/libfranka_ws/src/E2E_Teleoperation' with build type 'ament_python'
[0.595s] Level 1:colcon.colcon_core.shell:create_environment_hook('E2E_Teleoperation', 'ament_prefix_path')
[0.598s] INFO:colcon.colcon_core.plugin_system:Skipping extension 'colcon_core.shell.bat': Not used on non-Windows systems
[0.598s] INFO:colcon.colcon_core.shell:Creating environment hook '/media/kai/Kai_Backup/Master_Study/Master_Thesis/Implementation/libfranka_ws/install/E2E_Teleoperation/share/E2E_Teleoperation/hook/ament_prefix_path.ps1'
[0.599s] INFO:colcon.colcon_core.shell:Creating environment descriptor '/media/kai/Kai_Backup/Master_Study/Master_Thesis/Implementation/libfranka_ws/install/E2E_Teleoperation/share/E2E_Teleoperation/hook/ament_prefix_path.dsv'
[0.599s] INFO:colcon.colcon_core.shell:Creating environment hook '/media/kai/Kai_Backup/Master_Study/Master_Thesis/Implementation/libfranka_ws/install/E2E_Teleoperation/share/E2E_Teleoperation/hook/ament_prefix_path.sh'
[0.600s] INFO:colcon.colcon_core.shell:Skip shell extension 'powershell' for command environment: Not usable outside of PowerShell
[0.600s] DEBUG:colcon.colcon_core.shell:Skip shell extension 'dsv' for command environment
[0.908s] INFO:colcon.colcon_core.task.python.build:Building Python package in '/media/kai/Kai_Backup/Master_Study/Master_Thesis/Implementation/libfranka_ws/src/E2E_Teleoperation'
[0.908s] INFO:colcon.colcon_core.shell:Skip shell extension 'powershell' for command environment: Not usable outside of PowerShell
[0.908s] DEBUG:colcon.colcon_core.shell:Skip shell extension 'dsv' for command environment
[1.291s] DEBUG:colcon.colcon_core.event_handler.log_command:Invoking command in '/media/kai/Kai_Backup/Master_Study/Master_Thesis/Implementation/libfranka_ws/build/E2E_Teleoperation': PYTHONPATH=/media/kai/Kai_Backup/Master_Study/Master_Thesis/Implementation/libfranka_ws/build/E2E_Teleoperation/prefix_override:/usr/lib/python3/dist-packages/colcon_core/task/python/colcon_distutils_commands:/media/kai/Kai_Backup/Master_Study/Master_Thesis/Implementation/libfranka_ws/install/E2E_Teleoperation/lib/python3.10/site-packages:${PYTHONPATH} /usr/bin/python3 -W ignore:setup.py install is deprecated -W ignore:easy_install command is deprecated setup.py develop --editable --build-directory /media/kai/Kai_Backup/Master_Study/Master_Thesis/Implementation/libfranka_ws/build/E2E_Teleoperation/build --no-deps symlink_data
[1.821s] Level 1:colcon.colcon_core.shell:create_environment_hook('E2E_Teleoperation', 'pythonpath_develop')
[1.821s] INFO:colcon.colcon_core.shell:Creating environment hook '/media/kai/Kai_Backup/Master_Study/Master_Thesis/Implementation/libfranka_ws/build/E2E_Teleoperation/share/E2E_Teleoperation/hook/pythonpath_develop.ps1'
[1.822s] DEBUG:colcon.colcon_core.event_handler.log_command:Invoked command in '/media/kai/Kai_Backup/Master_Study/Master_Thesis/Implementation/libfranka_ws/build/E2E_Teleoperation' returned '0': PYTHONPATH=/media/kai/Kai_Backup/Master_Study/Master_Thesis/Implementation/libfranka_ws/build/E2E_Teleoperation/prefix_override:/usr/lib/python3/dist-packages/colcon_core/task/python/colcon_distutils_commands:/media/kai/Kai_Backup/Master_Study/Master_Thesis/Implementation/libfranka_ws/install/E2E_Teleoperation/lib/python3.10/site-packages:${PYTHONPATH} /usr/bin/python3 -W ignore:setup.py install is deprecated -W ignore:easy_install command is deprecated setup.py develop --editable --build-directory /media/kai/Kai_Backup/Master_Study/Master_Thesis/Implementation/libfranka_ws/build/E2E_Teleoperation/build --no-deps symlink_data
[1.822s] INFO:colcon.colcon_core.shell:Creating environment descriptor '/media/kai/Kai_Backup/Master_Study/Master_Thesis/Implementation/libfranka_ws/build/E2E_Teleoperation/share/E2E_Teleoperation/hook/pythonpath_develop.dsv'
[1.822s] INFO:colcon.colcon_core.shell:Creating environment hook '/media/kai/Kai_Backup/Master_Study/Master_Thesis/Implementation/libfranka_ws/build/E2E_Teleoperation/share/E2E_Teleoperation/hook/pythonpath_develop.sh'
[1.825s] Level 1:colcon.colcon_core.environment:checking '/media/kai/Kai_Backup/Master_Study/Master_Thesis/Implementation/libfranka_ws/install/E2E_Teleoperation' for CMake module files
[1.825s] Level 1:colcon.colcon_core.environment:checking '/media/kai/Kai_Backup/Master_Study/Master_Thesis/Implementation/libfranka_ws/install/E2E_Teleoperation' for CMake config files
[1.826s] Level 1:colcon.colcon_core.environment:checking '/media/kai/Kai_Backup/Master_Study/Master_Thesis/Implementation/libfranka_ws/install/E2E_Teleoperation/lib'
[1.826s] Level 1:colcon.colcon_core.environment:checking '/media/kai/Kai_Backup/Master_Study/Master_Thesis/Implementation/libfranka_ws/install/E2E_Teleoperation/bin'
[1.826s] Level 1:colcon.colcon_core.environment:checking '/media/kai/Kai_Backup/Master_Study/Master_Thesis/Implementation/libfranka_ws/install/E2E_Teleoperation/lib/pkgconfig/E2E_Teleoperation.pc'
[1.826s] Level 1:colcon.colcon_core.environment:checking '/media/kai/Kai_Backup/Master_Study/Master_Thesis/Implementation/libfranka_ws/install/E2E_Teleoperation/lib/python3.10/site-packages'
[1.826s] Level 1:colcon.colcon_core.shell:create_environment_hook('E2E_Teleoperation', 'pythonpath')
[1.827s] INFO:colcon.colcon_core.shell:Creating environment hook '/media/kai/Kai_Backup/Master_Study/Master_Thesis/Implementation/libfranka_ws/install/E2E_Teleoperation/share/E2E_Teleoperation/hook/pythonpath.ps1'
[1.827s] INFO:colcon.colcon_core.shell:Creating environment descriptor '/media/kai/Kai_Backup/Master_Study/Master_Thesis/Implementation/libfranka_ws/install/E2E_Teleoperation/share/E2E_Teleoperation/hook/pythonpath.dsv'
[1.827s] INFO:colcon.colcon_core.shell:Creating environment hook '/media/kai/Kai_Backup/Master_Study/Master_Thesis/Implementation/libfranka_ws/install/E2E_Teleoperation/share/E2E_Teleoperation/hook/pythonpath.sh'
[1.828s] Level 1:colcon.colcon_core.environment:checking '/media/kai/Kai_Backup/Master_Study/Master_Thesis/Implementation/libfranka_ws/install/E2E_Teleoperation/bin'
[1.828s] Level 1:colcon.colcon_core.environment:create_environment_scripts_only(E2E_Teleoperation)
[1.829s] INFO:colcon.colcon_core.shell:Creating package script '/media/kai/Kai_Backup/Master_Study/Master_Thesis/Implementation/libfranka_ws/install/E2E_Teleoperation/share/E2E_Teleoperation/package.ps1'
[1.829s] INFO:colcon.colcon_core.shell:Creating package descriptor '/media/kai/Kai_Backup/Master_Study/Master_Thesis/Implementation/libfranka_ws/install/E2E_Teleoperation/share/E2E_Teleoperation/package.dsv'
[1.830s] INFO:colcon.colcon_core.shell:Creating package script '/media/kai/Kai_Backup/Master_Study/Master_Thesis/Implementation/libfranka_ws/install/E2E_Teleoperation/share/E2E_Teleoperation/package.sh'
[1.830s] INFO:colcon.colcon_core.shell:Creating package script '/media/kai/Kai_Backup/Master_Study/Master_Thesis/Implementation/libfranka_ws/install/E2E_Teleoperation/share/E2E_Teleoperation/package.bash'
[1.831s] INFO:colcon.colcon_core.shell:Creating package script '/media/kai/Kai_Backup/Master_Study/Master_Thesis/Implementation/libfranka_ws/install/E2E_Teleoperation/share/E2E_Teleoperation/package.zsh'
[1.832s] Level 1:colcon.colcon_core.environment:create_file_with_runtime_dependencies(/media/kai/Kai_Backup/Master_Study/Master_Thesis/Implementation/libfranka_ws/install/E2E_Teleoperation/share/colcon-core/packages/E2E_Teleoperation)
[1.832s] DEBUG:colcon.colcon_parallel_executor.executor.parallel:closing loop
[1.832s] DEBUG:colcon.colcon_parallel_executor.executor.parallel:loop closed
[1.832s] DEBUG:colcon.colcon_parallel_executor.executor.parallel:run_until_complete finished with '0'
[1.832s] DEBUG:colcon.colcon_core.event_reactor:joining thread
[1.837s] INFO:colcon.colcon_core.plugin_system:Skipping extension 'colcon_notification.desktop_notification.terminal_notifier': Not used on non-Darwin systems
[1.837s] INFO:colcon.colcon_core.plugin_system:Skipping extension 'colcon_notification.desktop_notification.win32': Not used on non-Windows systems
[1.837s] INFO:colcon.colcon_notification.desktop_notification:Sending desktop notification using 'notify2'
[1.848s] DEBUG:colcon.colcon_core.event_reactor:joined thread
[1.849s] INFO:colcon.colcon_core.shell:Creating prefix script '/media/kai/Kai_Backup/Master_Study/Master_Thesis/Implementation/libfranka_ws/install/local_setup.ps1'
[1.849s] INFO:colcon.colcon_core.shell:Creating prefix util module '/media/kai/Kai_Backup/Master_Study/Master_Thesis/Implementation/libfranka_ws/install/_local_setup_util_ps1.py'
[1.850s] INFO:colcon.colcon_core.shell:Creating prefix chain script '/media/kai/Kai_Backup/Master_Study/Master_Thesis/Implementation/libfranka_ws/install/setup.ps1'
[1.853s] INFO:colcon.colcon_core.shell:Creating prefix script '/media/kai/Kai_Backup/Master_Study/Master_Thesis/Implementation/libfranka_ws/install/local_setup.sh'
[1.853s] INFO:colcon.colcon_core.shell:Creating prefix util module '/media/kai/Kai_Backup/Master_Study/Master_Thesis/Implementation/libfranka_ws/install/_local_setup_util_sh.py'
[1.853s] INFO:colcon.colcon_core.shell:Creating prefix chain script '/media/kai/Kai_Backup/Master_Study/Master_Thesis/Implementation/libfranka_ws/install/setup.sh'
[1.855s] INFO:colcon.colcon_core.shell:Creating prefix script '/media/kai/Kai_Backup/Master_Study/Master_Thesis/Implementation/libfranka_ws/install/local_setup.bash'
[1.856s] INFO:colcon.colcon_core.shell:Creating prefix chain script '/media/kai/Kai_Backup/Master_Study/Master_Thesis/Implementation/libfranka_ws/install/setup.bash'
[1.858s] INFO:colcon.colcon_core.shell:Creating prefix script '/media/kai/Kai_Backup/Master_Study/Master_Thesis/Implementation/libfranka_ws/install/local_setup.zsh'
[1.858s] INFO:colcon.colcon_core.shell:Creating prefix chain script '/media/kai/Kai_Backup/Master_Study/Master_Thesis/Implementation/libfranka_ws/install/setup.zsh'
