[0.017s] Invoking command in '/media/kai/Kai_Backup/Master_Study/Master_Thesis/Implementation/libfranka_ws/build/franka_control2': AMENT_PREFIX_PATH=/media/kai/Kai_Backup/Master_Study/Master_Thesis/Implementation/libfranka_ws/install/franka_msgs:${AMENT_PREFIX_PATH} CMAKE_PREFIX_PATH=/media/kai/Kai_Backup/Master_Study/Master_Thesis/Implementation/libfranka_ws/install/franka_msgs:/home/kai/Libraries/mujoco/lib/cmake:/home/kai/Libraries/libfranka/lib/cmake:/media/kai/Kai_Backup/Master_Study/Master_Thesis/Implementation/libfranka_ws/install/Model_based_Reinforcement_Learning_In_Teleoperation:/opt/ros/humble LD_LIBRARY_PATH=/media/kai/Kai_Backup/Master_Study/Master_Thesis/Implementation/libfranka_ws/install/franka_msgs/lib:/opt/ros/humble/opt/rviz_ogre_vendor/lib:/opt/ros/humble/lib/x86_64-linux-gnu:/opt/ros/humble/lib:/home/kai/Libraries/libfranka/lib:/home/kai/Libraries/mujoco/lib:/home/kai/Libraries/mujoco/lib PYTHONPATH=/media/kai/Kai_Backup/Master_Study/Master_Thesis/Implementation/libfranka_ws/install/franka_msgs/local/lib/python3.10/dist-packages:${PYTHONPATH} /usr/bin/cmake /media/kai/Kai_Backup/Master_Study/Master_Thesis/Implementation/libfranka_ws/src/multipanda_ros2/franka_control2 -DAMENT_CMAKE_SYMLINK_INSTALL=1 -DCMAKE_INSTALL_PREFIX=/media/kai/Kai_Backup/Master_Study/Master_Thesis/Implementation/libfranka_ws/install/franka_control2
[0.070s] -- The C compiler identification is GNU 11.4.0
[0.120s] -- The CXX compiler identification is GNU 11.4.0
[0.127s] -- Detecting C compiler ABI info
[0.194s] -- Detecting C compiler ABI info - done
[0.207s] -- Check for working C compiler: /usr/bin/cc - skipped
[0.208s] -- Detecting C compile features
[0.208s] -- Detecting C compile features - done
[0.213s] -- Detecting CXX compiler ABI info
[0.292s] -- Detecting CXX compiler ABI info - done
[0.300s] -- Check for working CXX compiler: /usr/bin/c++ - skipped
[0.300s] -- Detecting CXX compile features
[0.301s] -- Detecting CXX compile features - done
[0.303s] -- Looking for pthread.h
[0.377s] -- Looking for pthread.h - found
[0.378s] -- Performing Test CMAKE_HAVE_LIBC_PTHREAD
[0.443s] -- Performing Test CMAKE_HAVE_LIBC_PTHREAD - Success
[0.444s] -- Found Threads: TRUE  
[0.447s] -- Found ament_cmake: 1.3.12 (/opt/ros/humble/share/ament_cmake/cmake)
[0.631s] -- Found Python3: /usr/bin/python3 (found version "3.10.12") found components: Interpreter 
[0.692s] -- Override CMake install command with custom implementation using symlinks instead of copying resources
[0.726s] -- Found ament_index_cpp: 1.4.0 (/opt/ros/humble/share/ament_index_cpp/cmake)
[0.728s] -- Found controller_interface: 2.52.0 (/opt/ros/humble/share/controller_interface/cmake)
[0.775s] -- Found rosidl_generator_c: 3.1.7 (/opt/ros/humble/share/rosidl_generator_c/cmake)
[0.780s] -- Found rosidl_adapter: 3.1.7 (/opt/ros/humble/share/rosidl_adapter/cmake)
[0.789s] -- Found rosidl_generator_cpp: 3.1.7 (/opt/ros/humble/share/rosidl_generator_cpp/cmake)
[0.802s] -- Using all available rosidl_typesupport_c: rosidl_typesupport_fastrtps_c;rosidl_typesupport_introspection_c
[0.819s] -- Using all available rosidl_typesupport_cpp: rosidl_typesupport_fastrtps_cpp;rosidl_typesupport_introspection_cpp
[1.026s] -- Found rmw_implementation_cmake: 6.1.2 (/opt/ros/humble/share/rmw_implementation_cmake/cmake)
[1.029s] -- Found rmw_fastrtps_cpp: 6.2.8 (/opt/ros/humble/share/rmw_fastrtps_cpp/cmake)
[1.055s] -- Found TinyXML2 via Config file: TinyXML2_DIR-NOTFOUND
[1.102s] -- Found OpenSSL: /usr/lib/x86_64-linux-gnu/libcrypto.so (found version "3.0.2")  
[1.105s] -- Found TinyXML2 via Config file: TinyXML2_DIR-NOTFOUND
[1.118s] -- Found FastRTPS: /opt/ros/humble/include  
[1.121s] -- Found TinyXML2 via Config file: TinyXML2_DIR-NOTFOUND
[1.129s] -- Found TinyXML2 via Config file: TinyXML2_DIR-NOTFOUND
[1.139s] -- Using RMW implementation 'rmw_fastrtps_cpp' as default
[1.213s] -- Found controller_manager_msgs: 2.52.0 (/opt/ros/humble/share/controller_manager_msgs/cmake)
[1.229s] -- Found realtime_tools: 2.14.0 (/opt/ros/humble/share/realtime_tools/cmake)
[1.243s] -- Found franka_msgs: 0.0.0 (/media/kai/Kai_Backup/Master_Study/Master_Thesis/Implementation/libfranka_ws/install/franka_msgs/share/franka_msgs/cmake)
[1.263s] -- Found controller_manager: 2.52.0 (/opt/ros/humble/share/controller_manager/cmake)
[1.270s] -- Found ament_lint_auto: 0.12.14 (/opt/ros/humble/share/ament_lint_auto/cmake)
[1.369s] -- Added test 'cppcheck' to perform static code analysis on C / C++ code
[1.369s] -- Configured cppcheck include dirs: /media/kai/Kai_Backup/Master_Study/Master_Thesis/Implementation/libfranka_ws/src/multipanda_ros2/franka_control2/include
[1.369s] -- Configured cppcheck exclude dirs and/or files: 
[1.369s] -- Added test 'lint_cmake' to check CMake code style
[1.370s] -- Added test 'uncrustify' to check C / C++ code style
[1.370s] -- Configured uncrustify additional arguments: 
[1.371s] -- Added test 'xmllint' to check XML markup files
[1.372s] -- Configuring done
[1.388s] -- Generating done
[1.393s] -- Build files have been written to: /media/kai/Kai_Backup/Master_Study/Master_Thesis/Implementation/libfranka_ws/build/franka_control2
[1.403s] Invoked command in '/media/kai/Kai_Backup/Master_Study/Master_Thesis/Implementation/libfranka_ws/build/franka_control2' returned '0': AMENT_PREFIX_PATH=/media/kai/Kai_Backup/Master_Study/Master_Thesis/Implementation/libfranka_ws/install/franka_msgs:${AMENT_PREFIX_PATH} CMAKE_PREFIX_PATH=/media/kai/Kai_Backup/Master_Study/Master_Thesis/Implementation/libfranka_ws/install/franka_msgs:/home/kai/Libraries/mujoco/lib/cmake:/home/kai/Libraries/libfranka/lib/cmake:/media/kai/Kai_Backup/Master_Study/Master_Thesis/Implementation/libfranka_ws/install/Model_based_Reinforcement_Learning_In_Teleoperation:/opt/ros/humble LD_LIBRARY_PATH=/media/kai/Kai_Backup/Master_Study/Master_Thesis/Implementation/libfranka_ws/install/franka_msgs/lib:/opt/ros/humble/opt/rviz_ogre_vendor/lib:/opt/ros/humble/lib/x86_64-linux-gnu:/opt/ros/humble/lib:/home/kai/Libraries/libfranka/lib:/home/kai/Libraries/mujoco/lib:/home/kai/Libraries/mujoco/lib PYTHONPATH=/media/kai/Kai_Backup/Master_Study/Master_Thesis/Implementation/libfranka_ws/install/franka_msgs/local/lib/python3.10/dist-packages:${PYTHONPATH} /usr/bin/cmake /media/kai/Kai_Backup/Master_Study/Master_Thesis/Implementation/libfranka_ws/src/multipanda_ros2/franka_control2 -DAMENT_CMAKE_SYMLINK_INSTALL=1 -DCMAKE_INSTALL_PREFIX=/media/kai/Kai_Backup/Master_Study/Master_Thesis/Implementation/libfranka_ws/install/franka_control2
[1.405s] Invoking command in '/media/kai/Kai_Backup/Master_Study/Master_Thesis/Implementation/libfranka_ws/build/franka_control2': AMENT_PREFIX_PATH=/media/kai/Kai_Backup/Master_Study/Master_Thesis/Implementation/libfranka_ws/install/franka_msgs:${AMENT_PREFIX_PATH} CMAKE_PREFIX_PATH=/media/kai/Kai_Backup/Master_Study/Master_Thesis/Implementation/libfranka_ws/install/franka_msgs:/home/kai/Libraries/mujoco/lib/cmake:/home/kai/Libraries/libfranka/lib/cmake:/media/kai/Kai_Backup/Master_Study/Master_Thesis/Implementation/libfranka_ws/install/Model_based_Reinforcement_Learning_In_Teleoperation:/opt/ros/humble LD_LIBRARY_PATH=/media/kai/Kai_Backup/Master_Study/Master_Thesis/Implementation/libfranka_ws/install/franka_msgs/lib:/opt/ros/humble/opt/rviz_ogre_vendor/lib:/opt/ros/humble/lib/x86_64-linux-gnu:/opt/ros/humble/lib:/home/kai/Libraries/libfranka/lib:/home/kai/Libraries/mujoco/lib:/home/kai/Libraries/mujoco/lib PYTHONPATH=/media/kai/Kai_Backup/Master_Study/Master_Thesis/Implementation/libfranka_ws/install/franka_msgs/local/lib/python3.10/dist-packages:${PYTHONPATH} /usr/bin/cmake --build /media/kai/Kai_Backup/Master_Study/Master_Thesis/Implementation/libfranka_ws/build/franka_control2 -- -j9 -l9
[1.448s] [ 50%] [32mBuilding CXX object CMakeFiles/franka_control2_node.dir/src/franka_control2_node.cpp.o[0m
[1.827s] In file included from [01m[K/media/kai/Kai_Backup/Master_Study/Master_Thesis/Implementation/libfranka_ws/src/multipanda_ros2/franka_control2/src/franka_control2_node.cpp:24[m[K:
[1.827s] [01m[K/opt/ros/humble/include/realtime_tools/realtime_tools/thread_priority.hpp:39:2:[m[K [01;35m[Kwarning: [m[K#warning "This header include is deprecated. Please update your code to use 'realtime_helpers.hpp' header and link against 'realtime_tools' library." [[01;35m[K]8;;https://gcc.gnu.org/onlinedocs/gcc/Warning-Options.html#index-Wcpp-Wcpp]8;;[m[K]
[1.827s]    39 | #[01;35m[Kwarning[m[K \
[1.827s]       |  [01;35m[K^~~~~~~[m[K
[6.005s] [100%] [32m[1mLinking CXX executable franka_control2_node[0m
[6.163s] [100%] Built target franka_control2_node
[6.173s] Invoked command in '/media/kai/Kai_Backup/Master_Study/Master_Thesis/Implementation/libfranka_ws/build/franka_control2' returned '0': AMENT_PREFIX_PATH=/media/kai/Kai_Backup/Master_Study/Master_Thesis/Implementation/libfranka_ws/install/franka_msgs:${AMENT_PREFIX_PATH} CMAKE_PREFIX_PATH=/media/kai/Kai_Backup/Master_Study/Master_Thesis/Implementation/libfranka_ws/install/franka_msgs:/home/kai/Libraries/mujoco/lib/cmake:/home/kai/Libraries/libfranka/lib/cmake:/media/kai/Kai_Backup/Master_Study/Master_Thesis/Implementation/libfranka_ws/install/Model_based_Reinforcement_Learning_In_Teleoperation:/opt/ros/humble LD_LIBRARY_PATH=/media/kai/Kai_Backup/Master_Study/Master_Thesis/Implementation/libfranka_ws/install/franka_msgs/lib:/opt/ros/humble/opt/rviz_ogre_vendor/lib:/opt/ros/humble/lib/x86_64-linux-gnu:/opt/ros/humble/lib:/home/kai/Libraries/libfranka/lib:/home/kai/Libraries/mujoco/lib:/home/kai/Libraries/mujoco/lib PYTHONPATH=/media/kai/Kai_Backup/Master_Study/Master_Thesis/Implementation/libfranka_ws/install/franka_msgs/local/lib/python3.10/dist-packages:${PYTHONPATH} /usr/bin/cmake --build /media/kai/Kai_Backup/Master_Study/Master_Thesis/Implementation/libfranka_ws/build/franka_control2 -- -j9 -l9
[6.174s] Invoking command in '/media/kai/Kai_Backup/Master_Study/Master_Thesis/Implementation/libfranka_ws/build/franka_control2': AMENT_PREFIX_PATH=/media/kai/Kai_Backup/Master_Study/Master_Thesis/Implementation/libfranka_ws/install/franka_msgs:${AMENT_PREFIX_PATH} CMAKE_PREFIX_PATH=/media/kai/Kai_Backup/Master_Study/Master_Thesis/Implementation/libfranka_ws/install/franka_msgs:/home/kai/Libraries/mujoco/lib/cmake:/home/kai/Libraries/libfranka/lib/cmake:/media/kai/Kai_Backup/Master_Study/Master_Thesis/Implementation/libfranka_ws/install/Model_based_Reinforcement_Learning_In_Teleoperation:/opt/ros/humble LD_LIBRARY_PATH=/media/kai/Kai_Backup/Master_Study/Master_Thesis/Implementation/libfranka_ws/install/franka_msgs/lib:/opt/ros/humble/opt/rviz_ogre_vendor/lib:/opt/ros/humble/lib/x86_64-linux-gnu:/opt/ros/humble/lib:/home/kai/Libraries/libfranka/lib:/home/kai/Libraries/mujoco/lib:/home/kai/Libraries/mujoco/lib PYTHONPATH=/media/kai/Kai_Backup/Master_Study/Master_Thesis/Implementation/libfranka_ws/install/franka_msgs/local/lib/python3.10/dist-packages:${PYTHONPATH} /usr/bin/cmake --install /media/kai/Kai_Backup/Master_Study/Master_Thesis/Implementation/libfranka_ws/build/franka_control2
[6.180s] -- Install configuration: ""
[6.181s] -- Execute custom install script
[6.181s] -- Symlinking: /media/kai/Kai_Backup/Master_Study/Master_Thesis/Implementation/libfranka_ws/install/franka_control2/lib/franka_control2/franka_control2_node
[6.189s] -- Symlinking: /media/kai/Kai_Backup/Master_Study/Master_Thesis/Implementation/libfranka_ws/install/franka_control2/share/ament_index/resource_index/package_run_dependencies/franka_control2
[6.196s] -- Symlinking: /media/kai/Kai_Backup/Master_Study/Master_Thesis/Implementation/libfranka_ws/install/franka_control2/share/ament_index/resource_index/parent_prefix_path/franka_control2
[6.204s] -- Symlinking: /media/kai/Kai_Backup/Master_Study/Master_Thesis/Implementation/libfranka_ws/install/franka_control2/share/franka_control2/environment/ament_prefix_path.sh
[6.212s] -- Symlinking: /media/kai/Kai_Backup/Master_Study/Master_Thesis/Implementation/libfranka_ws/install/franka_control2/share/franka_control2/environment/ament_prefix_path.dsv
[6.220s] -- Symlinking: /media/kai/Kai_Backup/Master_Study/Master_Thesis/Implementation/libfranka_ws/install/franka_control2/share/franka_control2/environment/path.sh
[6.228s] -- Symlinking: /media/kai/Kai_Backup/Master_Study/Master_Thesis/Implementation/libfranka_ws/install/franka_control2/share/franka_control2/environment/path.dsv
[6.236s] -- Symlinking: /media/kai/Kai_Backup/Master_Study/Master_Thesis/Implementation/libfranka_ws/install/franka_control2/share/franka_control2/local_setup.bash
[6.244s] -- Symlinking: /media/kai/Kai_Backup/Master_Study/Master_Thesis/Implementation/libfranka_ws/install/franka_control2/share/franka_control2/local_setup.sh
[6.253s] -- Symlinking: /media/kai/Kai_Backup/Master_Study/Master_Thesis/Implementation/libfranka_ws/install/franka_control2/share/franka_control2/local_setup.zsh
[6.260s] -- Symlinking: /media/kai/Kai_Backup/Master_Study/Master_Thesis/Implementation/libfranka_ws/install/franka_control2/share/franka_control2/local_setup.dsv
[6.269s] -- Symlinking: /media/kai/Kai_Backup/Master_Study/Master_Thesis/Implementation/libfranka_ws/install/franka_control2/share/franka_control2/package.dsv
[6.277s] -- Symlinking: /media/kai/Kai_Backup/Master_Study/Master_Thesis/Implementation/libfranka_ws/install/franka_control2/share/ament_index/resource_index/packages/franka_control2
[6.285s] -- Symlinking: /media/kai/Kai_Backup/Master_Study/Master_Thesis/Implementation/libfranka_ws/install/franka_control2/share/franka_control2/cmake/franka_control2Config.cmake
[6.294s] -- Symlinking: /media/kai/Kai_Backup/Master_Study/Master_Thesis/Implementation/libfranka_ws/install/franka_control2/share/franka_control2/cmake/franka_control2Config-version.cmake
[6.303s] -- Symlinking: /media/kai/Kai_Backup/Master_Study/Master_Thesis/Implementation/libfranka_ws/install/franka_control2/share/franka_control2/package.xml
[6.313s] Invoked command in '/media/kai/Kai_Backup/Master_Study/Master_Thesis/Implementation/libfranka_ws/build/franka_control2' returned '0': AMENT_PREFIX_PATH=/media/kai/Kai_Backup/Master_Study/Master_Thesis/Implementation/libfranka_ws/install/franka_msgs:${AMENT_PREFIX_PATH} CMAKE_PREFIX_PATH=/media/kai/Kai_Backup/Master_Study/Master_Thesis/Implementation/libfranka_ws/install/franka_msgs:/home/kai/Libraries/mujoco/lib/cmake:/home/kai/Libraries/libfranka/lib/cmake:/media/kai/Kai_Backup/Master_Study/Master_Thesis/Implementation/libfranka_ws/install/Model_based_Reinforcement_Learning_In_Teleoperation:/opt/ros/humble LD_LIBRARY_PATH=/media/kai/Kai_Backup/Master_Study/Master_Thesis/Implementation/libfranka_ws/install/franka_msgs/lib:/opt/ros/humble/opt/rviz_ogre_vendor/lib:/opt/ros/humble/lib/x86_64-linux-gnu:/opt/ros/humble/lib:/home/kai/Libraries/libfranka/lib:/home/kai/Libraries/mujoco/lib:/home/kai/Libraries/mujoco/lib PYTHONPATH=/media/kai/Kai_Backup/Master_Study/Master_Thesis/Implementation/libfranka_ws/install/franka_msgs/local/lib/python3.10/dist-packages:${PYTHONPATH} /usr/bin/cmake --install /media/kai/Kai_Backup/Master_Study/Master_Thesis/Implementation/libfranka_ws/build/franka_control2
