[35m[1mConsolidate compiler generated dependencies of target mujoco_ros2_sensors_plugin[0m
[100%] Built target mujoco_ros2_sensors_plugin
-- Install configuration: ""
-- Execute custom install script
-- Up-to-date symlink: /media/kai/Kai_Backup/Master_Study/Master_Thesis/Implementation/libfranka_ws/install/mujoco_ros2_sensors/share/mujoco_ros2_sensors//mujoco_ros2_sensors_plugin.xml
-- Up-to-date symlink: /media/kai/Kai_Backup/Master_Study/Master_Thesis/Implementation/libfranka_ws/install/mujoco_ros2_sensors/include/mujoco_ros2_sensors/mujoco_sensor_handler_plugin.h
-- Up-to-date symlink: /media/kai/Kai_Backup/Master_Study/Master_Thesis/Implementation/libfranka_ws/install/mujoco_ros2_sensors/lib/libmujoco_ros2_sensors_plugin.so
-- Up-to-date symlink: /media/kai/Kai_Backup/Master_Study/Master_Thesis/Implementation/libfranka_ws/install/mujoco_ros2_sensors/share/mujoco_ros2_sensors/environment/library_path.sh
-- Up-to-date symlink: /media/kai/Kai_Backup/Master_Study/Master_Thesis/Implementation/libfranka_ws/install/mujoco_ros2_sensors/share/mujoco_ros2_sensors/environment/library_path.dsv
-- Up-to-date symlink: /media/kai/Kai_Backup/Master_Study/Master_Thesis/Implementation/libfranka_ws/install/mujoco_ros2_sensors/share/ament_index/resource_index/package_run_dependencies/mujoco_ros2_sensors
-- Up-to-date symlink: /media/kai/Kai_Backup/Master_Study/Master_Thesis/Implementation/libfranka_ws/install/mujoco_ros2_sensors/share/ament_index/resource_index/parent_prefix_path/mujoco_ros2_sensors
-- Up-to-date symlink: /media/kai/Kai_Backup/Master_Study/Master_Thesis/Implementation/libfranka_ws/install/mujoco_ros2_sensors/share/mujoco_ros2_sensors/environment/ament_prefix_path.sh
-- Up-to-date symlink: /media/kai/Kai_Backup/Master_Study/Master_Thesis/Implementation/libfranka_ws/install/mujoco_ros2_sensors/share/mujoco_ros2_sensors/environment/ament_prefix_path.dsv
-- Up-to-date symlink: /media/kai/Kai_Backup/Master_Study/Master_Thesis/Implementation/libfranka_ws/install/mujoco_ros2_sensors/share/mujoco_ros2_sensors/environment/path.sh
-- Up-to-date symlink: /media/kai/Kai_Backup/Master_Study/Master_Thesis/Implementation/libfranka_ws/install/mujoco_ros2_sensors/share/mujoco_ros2_sensors/environment/path.dsv
-- Up-to-date symlink: /media/kai/Kai_Backup/Master_Study/Master_Thesis/Implementation/libfranka_ws/install/mujoco_ros2_sensors/share/mujoco_ros2_sensors/local_setup.bash
-- Up-to-date symlink: /media/kai/Kai_Backup/Master_Study/Master_Thesis/Implementation/libfranka_ws/install/mujoco_ros2_sensors/share/mujoco_ros2_sensors/local_setup.sh
-- Up-to-date symlink: /media/kai/Kai_Backup/Master_Study/Master_Thesis/Implementation/libfranka_ws/install/mujoco_ros2_sensors/share/mujoco_ros2_sensors/local_setup.zsh
-- Up-to-date symlink: /media/kai/Kai_Backup/Master_Study/Master_Thesis/Implementation/libfranka_ws/install/mujoco_ros2_sensors/share/mujoco_ros2_sensors/local_setup.dsv
-- Symlinking: /media/kai/Kai_Backup/Master_Study/Master_Thesis/Implementation/libfranka_ws/install/mujoco_ros2_sensors/share/mujoco_ros2_sensors/package.dsv
-- Up-to-date symlink: /media/kai/Kai_Backup/Master_Study/Master_Thesis/Implementation/libfranka_ws/install/mujoco_ros2_sensors/share/ament_index/resource_index/packages/mujoco_ros2_sensors
-- Up-to-date symlink: /media/kai/Kai_Backup/Master_Study/Master_Thesis/Implementation/libfranka_ws/install/mujoco_ros2_sensors/share/ament_index/resource_index/mujoco_ros__pluginlib__plugin/mujoco_ros2_sensors
-- Up-to-date symlink: /media/kai/Kai_Backup/Master_Study/Master_Thesis/Implementation/libfranka_ws/install/mujoco_ros2_sensors/share/mujoco_ros2_sensors/cmake/ament_cmake_export_include_directories-extras.cmake
-- Up-to-date symlink: /media/kai/Kai_Backup/Master_Study/Master_Thesis/Implementation/libfranka_ws/install/mujoco_ros2_sensors/share/mujoco_ros2_sensors/cmake/ament_cmake_export_libraries-extras.cmake
-- Up-to-date symlink: /media/kai/Kai_Backup/Master_Study/Master_Thesis/Implementation/libfranka_ws/install/mujoco_ros2_sensors/share/mujoco_ros2_sensors/cmake/ament_cmake_export_dependencies-extras.cmake
-- Up-to-date symlink: /media/kai/Kai_Backup/Master_Study/Master_Thesis/Implementation/libfranka_ws/install/mujoco_ros2_sensors/share/mujoco_ros2_sensors/cmake/mujoco_ros2_sensorsConfig.cmake
-- Up-to-date symlink: /media/kai/Kai_Backup/Master_Study/Master_Thesis/Implementation/libfranka_ws/install/mujoco_ros2_sensors/share/mujoco_ros2_sensors/cmake/mujoco_ros2_sensorsConfig-version.cmake
-- Up-to-date symlink: /media/kai/Kai_Backup/Master_Study/Master_Thesis/Implementation/libfranka_ws/install/mujoco_ros2_sensors/share/mujoco_ros2_sensors/package.xml
