[1.385s] Invoking command in '/media/kai/Kai_Backup/Master_Study/Master_Thesis/Implementation/libfranka_ws/build/Model_based_Reinforcement_Learning_In_Teleoperation': PYTHONPATH=/media/kai/Kai_Backup/Master_Study/Master_Thesis/Implementation/libfranka_ws/build/Model_based_Reinforcement_Learning_In_Teleoperation/prefix_override:/usr/lib/python3/dist-packages/colcon_core/task/python/colcon_distutils_commands:/media/kai/Kai_Backup/Master_Study/Master_Thesis/Implementation/libfranka_ws/install/Model_based_Reinforcement_Learning_In_Teleoperation/lib/python3.10/site-packages:${PYTHONPATH} /usr/bin/python3 -W ignore:setup.py install is deprecated -W ignore:easy_install command is deprecated setup.py develop --editable --build-directory /media/kai/Kai_Backup/Master_Study/Master_Thesis/Implementation/libfranka_ws/build/Model_based_Reinforcement_Learning_In_Teleoperation/build --no-deps symlink_data
[2.273s] running develop
[2.698s] running egg_info
[2.699s] creating Model_based_Reinforcement_Learning_In_Teleoperation.egg-info
[2.699s] writing Model_based_Reinforcement_Learning_In_Teleoperation.egg-info/PKG-INFO
[2.700s] writing dependency_links to Model_based_Reinforcement_Learning_In_Teleoperation.egg-info/dependency_links.txt
[2.700s] writing entry points to Model_based_Reinforcement_Learning_In_Teleoperation.egg-info/entry_points.txt
[2.701s] writing requirements to Model_based_Reinforcement_Learning_In_Teleoperation.egg-info/requires.txt
[2.701s] writing top-level names to Model_based_Reinforcement_Learning_In_Teleoperation.egg-info/top_level.txt
[2.701s] writing manifest file 'Model_based_Reinforcement_Learning_In_Teleoperation.egg-info/SOURCES.txt'
[2.705s] reading manifest file 'Model_based_Reinforcement_Learning_In_Teleoperation.egg-info/SOURCES.txt'
[2.707s] writing manifest file 'Model_based_Reinforcement_Learning_In_Teleoperation.egg-info/SOURCES.txt'
[2.710s] running build_ext
[2.711s] Creating /media/kai/Kai_Backup/Master_Study/Master_Thesis/Implementation/libfranka_ws/install/Model_based_Reinforcement_Learning_In_Teleoperation/lib/python3.10/site-packages/Model-based-Reinforcement-Learning-In-Teleoperation.egg-link (link to .)
[2.713s] Installing agent_node script to /media/kai/Kai_Backup/Master_Study/Master_Thesis/Implementation/libfranka_ws/install/Model_based_Reinforcement_Learning_In_Teleoperation/lib/Model_based_Reinforcement_Learning_In_Teleoperation
[2.714s] Installing local_node script to /media/kai/Kai_Backup/Master_Study/Master_Thesis/Implementation/libfranka_ws/install/Model_based_Reinforcement_Learning_In_Teleoperation/lib/Model_based_Reinforcement_Learning_In_Teleoperation
[2.719s] Installing remote_node script to /media/kai/Kai_Backup/Master_Study/Master_Thesis/Implementation/libfranka_ws/install/Model_based_Reinforcement_Learning_In_Teleoperation/lib/Model_based_Reinforcement_Learning_In_Teleoperation
[2.720s] Installing remote_sim script to /media/kai/Kai_Backup/Master_Study/Master_Thesis/Implementation/libfranka_ws/install/Model_based_Reinforcement_Learning_In_Teleoperation/lib/Model_based_Reinforcement_Learning_In_Teleoperation
[2.723s] 
[2.723s] Installed /media/kai/Kai_Backup/Master_Study/Master_Thesis/Implementation/libfranka_ws/build/Model_based_Reinforcement_Learning_In_Teleoperation
[2.723s] running symlink_data
[2.724s] creating /media/kai/Kai_Backup/Master_Study/Master_Thesis/Implementation/libfranka_ws/install/Model_based_Reinforcement_Learning_In_Teleoperation/share/ament_index
[2.724s] creating /media/kai/Kai_Backup/Master_Study/Master_Thesis/Implementation/libfranka_ws/install/Model_based_Reinforcement_Learning_In_Teleoperation/share/ament_index/resource_index
[2.724s] creating /media/kai/Kai_Backup/Master_Study/Master_Thesis/Implementation/libfranka_ws/install/Model_based_Reinforcement_Learning_In_Teleoperation/share/ament_index/resource_index/packages
[2.725s] symbolically linking /media/kai/Kai_Backup/Master_Study/Master_Thesis/Implementation/libfranka_ws/build/Model_based_Reinforcement_Learning_In_Teleoperation/resource/Model_based_Reinforcement_Learning_In_Teleoperation -> /media/kai/Kai_Backup/Master_Study/Master_Thesis/Implementation/libfranka_ws/install/Model_based_Reinforcement_Learning_In_Teleoperation/share/ament_index/resource_index/packages
[2.725s] symbolically linking /media/kai/Kai_Backup/Master_Study/Master_Thesis/Implementation/libfranka_ws/build/Model_based_Reinforcement_Learning_In_Teleoperation/package.xml -> /media/kai/Kai_Backup/Master_Study/Master_Thesis/Implementation/libfranka_ws/install/Model_based_Reinforcement_Learning_In_Teleoperation/share/Model_based_Reinforcement_Learning_In_Teleoperation
[2.725s] creating /media/kai/Kai_Backup/Master_Study/Master_Thesis/Implementation/libfranka_ws/install/Model_based_Reinforcement_Learning_In_Teleoperation/share/Model_based_Reinforcement_Learning_In_Teleoperation/launch
[2.726s] symbolically linking /media/kai/Kai_Backup/Master_Study/Master_Thesis/Implementation/libfranka_ws/build/Model_based_Reinforcement_Learning_In_Teleoperation/launch/local_robot.launch.py -> /media/kai/Kai_Backup/Master_Study/Master_Thesis/Implementation/libfranka_ws/install/Model_based_Reinforcement_Learning_In_Teleoperation/share/Model_based_Reinforcement_Learning_In_Teleoperation/launch
[2.726s] symbolically linking /media/kai/Kai_Backup/Master_Study/Master_Thesis/Implementation/libfranka_ws/build/Model_based_Reinforcement_Learning_In_Teleoperation/launch/remote_agent.launch.py -> /media/kai/Kai_Backup/Master_Study/Master_Thesis/Implementation/libfranka_ws/install/Model_based_Reinforcement_Learning_In_Teleoperation/share/Model_based_Reinforcement_Learning_In_Teleoperation/launch
[2.726s] symbolically linking /media/kai/Kai_Backup/Master_Study/Master_Thesis/Implementation/libfranka_ws/build/Model_based_Reinforcement_Learning_In_Teleoperation/launch/remote_sim.launch.py -> /media/kai/Kai_Backup/Master_Study/Master_Thesis/Implementation/libfranka_ws/install/Model_based_Reinforcement_Learning_In_Teleoperation/share/Model_based_Reinforcement_Learning_In_Teleoperation/launch
[2.727s] creating /media/kai/Kai_Backup/Master_Study/Master_Thesis/Implementation/libfranka_ws/install/Model_based_Reinforcement_Learning_In_Teleoperation/share/Model_based_Reinforcement_Learning_In_Teleoperation/config
[2.727s] creating /media/kai/Kai_Backup/Master_Study/Master_Thesis/Implementation/libfranka_ws/install/Model_based_Reinforcement_Learning_In_Teleoperation/share/Model_based_Reinforcement_Learning_In_Teleoperation/params
[2.794s] Invoked command in '/media/kai/Kai_Backup/Master_Study/Master_Thesis/Implementation/libfranka_ws/build/Model_based_Reinforcement_Learning_In_Teleoperation' returned '0': PYTHONPATH=/media/kai/Kai_Backup/Master_Study/Master_Thesis/Implementation/libfranka_ws/build/Model_based_Reinforcement_Learning_In_Teleoperation/prefix_override:/usr/lib/python3/dist-packages/colcon_core/task/python/colcon_distutils_commands:/media/kai/Kai_Backup/Master_Study/Master_Thesis/Implementation/libfranka_ws/install/Model_based_Reinforcement_Learning_In_Teleoperation/lib/python3.10/site-packages:${PYTHONPATH} /usr/bin/python3 -W ignore:setup.py install is deprecated -W ignore:easy_install command is deprecated setup.py develop --editable --build-directory /media/kai/Kai_Backup/Master_Study/Master_Thesis/Implementation/libfranka_ws/build/Model_based_Reinforcement_Learning_In_Teleoperation/build --no-deps symlink_data
