[0.086s] Invoking command in '/media/kai/Kai_Backup/Master_Study/Master_Thesis/Implementation/libfranka_ws/build/franka_description': CMAKE_PREFIX_PATH=${CMAKE_PREFIX_PATH}:/opt/ros/humble /usr/bin/cmake /media/kai/Kai_Backup/Master_Study/Master_Thesis/Implementation/libfranka_ws/src/multipanda_ros2/franka_description -DAMENT_CMAKE_SYMLINK_INSTALL=1 -DCMAKE_INSTALL_PREFIX=/media/kai/Kai_Backup/Master_Study/Master_Thesis/Implementation/libfranka_ws/install/franka_description
[0.852s] -- The C compiler identification is GNU 11.4.0
[0.852s] -- The CXX compiler identification is GNU 11.4.0
[0.853s] -- Detecting C compiler ABI info
[0.853s] -- Detecting C compiler ABI info - done
[0.853s] -- Check for working C compiler: /usr/bin/cc - skipped
[0.853s] -- Detecting C compile features
[0.853s] -- Detecting C compile features - done
[0.853s] -- Detecting CXX compiler ABI info
[0.853s] -- Detecting CXX compiler ABI info - done
[0.853s] -- Check for working CXX compiler: /usr/bin/c++ - skipped
[0.853s] -- Detecting CXX compile features
[0.854s] -- Detecting CXX compile features - done
[0.870s] -- Found ament_cmake: 1.3.12 (/opt/ros/humble/share/ament_cmake/cmake)
[1.364s] -- Found Python3: /usr/bin/python3 (found version "3.10.12") found components: Interpreter 
[1.597s] -- Override CMake install command with custom implementation using symlinks instead of copying resources
[1.771s] -- Found ament_lint_auto: 0.12.14 (/opt/ros/humble/share/ament_lint_auto/cmake)
[5.339s] -- Added test 'copyright' to check source files copyright and LICENSE
[6.280s] -- Added test 'flake8' to check Python code syntax and style conventions
[6.441s] -- Added test 'lint_cmake' to check CMake code style
[6.444s] -- Added test 'pep257' to check Python code against some of the docstring style conventions in PEP 257
[6.721s] -- Added test 'xmllint' to check XML markup files
[6.724s] -- Configuring done
[6.756s] -- Generating done
[6.759s] -- Build files have been written to: /media/kai/Kai_Backup/Master_Study/Master_Thesis/Implementation/libfranka_ws/build/franka_description
[6.809s] Invoked command in '/media/kai/Kai_Backup/Master_Study/Master_Thesis/Implementation/libfranka_ws/build/franka_description' returned '0': CMAKE_PREFIX_PATH=${CMAKE_PREFIX_PATH}:/opt/ros/humble /usr/bin/cmake /media/kai/Kai_Backup/Master_Study/Master_Thesis/Implementation/libfranka_ws/src/multipanda_ros2/franka_description -DAMENT_CMAKE_SYMLINK_INSTALL=1 -DCMAKE_INSTALL_PREFIX=/media/kai/Kai_Backup/Master_Study/Master_Thesis/Implementation/libfranka_ws/install/franka_description
[6.810s] Invoking command in '/media/kai/Kai_Backup/Master_Study/Master_Thesis/Implementation/libfranka_ws/build/franka_description': CMAKE_PREFIX_PATH=${CMAKE_PREFIX_PATH}:/opt/ros/humble /usr/bin/cmake --build /media/kai/Kai_Backup/Master_Study/Master_Thesis/Implementation/libfranka_ws/build/franka_description -- -j12 -l12
[8.606s] Invoked command in '/media/kai/Kai_Backup/Master_Study/Master_Thesis/Implementation/libfranka_ws/build/franka_description' returned '0': CMAKE_PREFIX_PATH=${CMAKE_PREFIX_PATH}:/opt/ros/humble /usr/bin/cmake --build /media/kai/Kai_Backup/Master_Study/Master_Thesis/Implementation/libfranka_ws/build/franka_description -- -j12 -l12
[8.607s] Invoking command in '/media/kai/Kai_Backup/Master_Study/Master_Thesis/Implementation/libfranka_ws/build/franka_description': CMAKE_PREFIX_PATH=${CMAKE_PREFIX_PATH}:/opt/ros/humble /usr/bin/cmake --install /media/kai/Kai_Backup/Master_Study/Master_Thesis/Implementation/libfranka_ws/build/franka_description
[9.864s] -- Install configuration: ""
[9.864s] -- Execute custom install script
[9.865s] -- Symlinking: /media/kai/Kai_Backup/Master_Study/Master_Thesis/Implementation/libfranka_ws/install/franka_description/share/franka_description//launch/visualize_franka.launch.py
[9.865s] -- Symlinking: /media/kai/Kai_Backup/Master_Study/Master_Thesis/Implementation/libfranka_ws/install/franka_description/share/franka_description//robots/common/hand.urdf.xacro
[9.865s] -- Symlinking: /media/kai/Kai_Backup/Master_Study/Master_Thesis/Implementation/libfranka_ws/install/franka_description/share/franka_description//robots/common/hand.xacro
[9.865s] -- Symlinking: /media/kai/Kai_Backup/Master_Study/Master_Thesis/Implementation/libfranka_ws/install/franka_description/share/franka_description//robots/common/panda_arm.xacro
[9.865s] -- Symlinking: /media/kai/Kai_Backup/Master_Study/Master_Thesis/Implementation/libfranka_ws/install/franka_description/share/franka_description//robots/mixed/mixed_dual_panda_arm.urdf.xacro
[9.865s] -- Symlinking: /media/kai/Kai_Backup/Master_Study/Master_Thesis/Implementation/libfranka_ws/install/franka_description/share/franka_description//robots/mixed/mixed_quad_panda_arm.urdf.xacro
[9.865s] -- Symlinking: /media/kai/Kai_Backup/Master_Study/Master_Thesis/Implementation/libfranka_ws/install/franka_description/share/franka_description//robots/real/dual_panda_arm.ros2_control.xacro
[9.865s] -- Symlinking: /media/kai/Kai_Backup/Master_Study/Master_Thesis/Implementation/libfranka_ws/install/franka_description/share/franka_description//robots/real/dual_panda_arm.urdf.xacro
[9.865s] -- Symlinking: /media/kai/Kai_Backup/Master_Study/Master_Thesis/Implementation/libfranka_ws/install/franka_description/share/franka_description//robots/real/panda_arm.ros2_control.xacro
[9.866s] -- Symlinking: /media/kai/Kai_Backup/Master_Study/Master_Thesis/Implementation/libfranka_ws/install/franka_description/share/franka_description//robots/real/panda_arm.urdf.xacro
[9.866s] -- Symlinking: /media/kai/Kai_Backup/Master_Study/Master_Thesis/Implementation/libfranka_ws/install/franka_description/share/franka_description//robots/sim/dual_panda_arm_sim.ros2_control.xacro
[9.866s] -- Symlinking: /media/kai/Kai_Backup/Master_Study/Master_Thesis/Implementation/libfranka_ws/install/franka_description/share/franka_description//robots/sim/dual_panda_arm_sim.urdf.xacro
[9.866s] -- Symlinking: /media/kai/Kai_Backup/Master_Study/Master_Thesis/Implementation/libfranka_ws/install/franka_description/share/franka_description//robots/sim/panda_arm_sim.ros2_control.xacro
[9.866s] -- Symlinking: /media/kai/Kai_Backup/Master_Study/Master_Thesis/Implementation/libfranka_ws/install/franka_description/share/franka_description//robots/sim/panda_arm_sim.urdf.xacro
[9.866s] -- Symlinking: /media/kai/Kai_Backup/Master_Study/Master_Thesis/Implementation/libfranka_ws/install/franka_description/share/franka_description//meshes/visual/finger.dae
[9.866s] -- Symlinking: /media/kai/Kai_Backup/Master_Study/Master_Thesis/Implementation/libfranka_ws/install/franka_description/share/franka_description//meshes/visual/hand.dae
[9.866s] -- Symlinking: /media/kai/Kai_Backup/Master_Study/Master_Thesis/Implementation/libfranka_ws/install/franka_description/share/franka_description//meshes/visual/link0.dae
[9.866s] -- Symlinking: /media/kai/Kai_Backup/Master_Study/Master_Thesis/Implementation/libfranka_ws/install/franka_description/share/franka_description//meshes/visual/link1.dae
[9.888s] -- Symlinking: /media/kai/Kai_Backup/Master_Study/Master_Thesis/Implementation/libfranka_ws/install/franka_description/share/franka_description//meshes/visual/link2.dae
[9.934s] -- Symlinking: /media/kai/Kai_Backup/Master_Study/Master_Thesis/Implementation/libfranka_ws/install/franka_description/share/franka_description//meshes/visual/link3.dae
[9.978s] -- Symlinking: /media/kai/Kai_Backup/Master_Study/Master_Thesis/Implementation/libfranka_ws/install/franka_description/share/franka_description//meshes/visual/link4.dae
[10.039s] -- Symlinking: /media/kai/Kai_Backup/Master_Study/Master_Thesis/Implementation/libfranka_ws/install/franka_description/share/franka_description//meshes/visual/link5.dae
[10.125s] -- Symlinking: /media/kai/Kai_Backup/Master_Study/Master_Thesis/Implementation/libfranka_ws/install/franka_description/share/franka_description//meshes/visual/link6.dae
[10.209s] -- Symlinking: /media/kai/Kai_Backup/Master_Study/Master_Thesis/Implementation/libfranka_ws/install/franka_description/share/franka_description//meshes/visual/link7.dae
[10.255s] -- Symlinking: /media/kai/Kai_Backup/Master_Study/Master_Thesis/Implementation/libfranka_ws/install/franka_description/share/franka_description//meshes/visual/meshes.blend
[10.282s] -- Symlinking: /media/kai/Kai_Backup/Master_Study/Master_Thesis/Implementation/libfranka_ws/install/franka_description/share/franka_description//rviz/visualize_dual_franka.rviz
[10.325s] -- Symlinking: /media/kai/Kai_Backup/Master_Study/Master_Thesis/Implementation/libfranka_ws/install/franka_description/share/franka_description//rviz/visualize_franka.rviz
[10.364s] -- Symlinking: /media/kai/Kai_Backup/Master_Study/Master_Thesis/Implementation/libfranka_ws/install/franka_description/share/franka_description//mujoco/franka/TEMPLATE_panda.xml
[10.405s] -- Symlinking: /media/kai/Kai_Backup/Master_Study/Master_Thesis/Implementation/libfranka_ws/install/franka_description/share/franka_description//mujoco/franka/assets/finger_0.obj
[10.425s] -- Symlinking: /media/kai/Kai_Backup/Master_Study/Master_Thesis/Implementation/libfranka_ws/install/franka_description/share/franka_description//mujoco/franka/assets/finger_1.obj
[10.455s] -- Symlinking: /media/kai/Kai_Backup/Master_Study/Master_Thesis/Implementation/libfranka_ws/install/franka_description/share/franka_description//mujoco/franka/assets/hand.stl
[10.472s] -- Symlinking: /media/kai/Kai_Backup/Master_Study/Master_Thesis/Implementation/libfranka_ws/install/franka_description/share/franka_description//mujoco/franka/assets/hand_0.obj
[10.503s] -- Symlinking: /media/kai/Kai_Backup/Master_Study/Master_Thesis/Implementation/libfranka_ws/install/franka_description/share/franka_description//mujoco/franka/assets/hand_1.obj
[10.569s] -- Symlinking: /media/kai/Kai_Backup/Master_Study/Master_Thesis/Implementation/libfranka_ws/install/franka_description/share/franka_description//mujoco/franka/assets/hand_2.obj
[10.606s] -- Symlinking: /media/kai/Kai_Backup/Master_Study/Master_Thesis/Implementation/libfranka_ws/install/franka_description/share/franka_description//mujoco/franka/assets/hand_3.obj
[10.694s] -- Symlinking: /media/kai/Kai_Backup/Master_Study/Master_Thesis/Implementation/libfranka_ws/install/franka_description/share/franka_description//mujoco/franka/assets/hand_4.obj
[10.799s] -- Symlinking: /media/kai/Kai_Backup/Master_Study/Master_Thesis/Implementation/libfranka_ws/install/franka_description/share/franka_description//mujoco/franka/assets/link0.stl
[10.857s] -- Symlinking: /media/kai/Kai_Backup/Master_Study/Master_Thesis/Implementation/libfranka_ws/install/franka_description/share/franka_description//mujoco/franka/assets/link0_0.obj
[10.935s] -- Symlinking: /media/kai/Kai_Backup/Master_Study/Master_Thesis/Implementation/libfranka_ws/install/franka_description/share/franka_description//mujoco/franka/assets/link0_1.obj
[10.973s] -- Symlinking: /media/kai/Kai_Backup/Master_Study/Master_Thesis/Implementation/libfranka_ws/install/franka_description/share/franka_description//mujoco/franka/assets/link0_10.obj
[11.017s] -- Symlinking: /media/kai/Kai_Backup/Master_Study/Master_Thesis/Implementation/libfranka_ws/install/franka_description/share/franka_description//mujoco/franka/assets/link0_11.obj
[11.070s] -- Symlinking: /media/kai/Kai_Backup/Master_Study/Master_Thesis/Implementation/libfranka_ws/install/franka_description/share/franka_description//mujoco/franka/assets/link0_2.obj
[11.103s] -- Symlinking: /media/kai/Kai_Backup/Master_Study/Master_Thesis/Implementation/libfranka_ws/install/franka_description/share/franka_description//mujoco/franka/assets/link0_3.obj
[11.144s] -- Symlinking: /media/kai/Kai_Backup/Master_Study/Master_Thesis/Implementation/libfranka_ws/install/franka_description/share/franka_description//mujoco/franka/assets/link0_4.obj
[11.193s] -- Symlinking: /media/kai/Kai_Backup/Master_Study/Master_Thesis/Implementation/libfranka_ws/install/franka_description/share/franka_description//mujoco/franka/assets/link0_5.obj
[11.257s] -- Symlinking: /media/kai/Kai_Backup/Master_Study/Master_Thesis/Implementation/libfranka_ws/install/franka_description/share/franka_description//mujoco/franka/assets/link0_7.obj
[11.294s] -- Symlinking: /media/kai/Kai_Backup/Master_Study/Master_Thesis/Implementation/libfranka_ws/install/franka_description/share/franka_description//mujoco/franka/assets/link0_8.obj
[11.325s] -- Symlinking: /media/kai/Kai_Backup/Master_Study/Master_Thesis/Implementation/libfranka_ws/install/franka_description/share/franka_description//mujoco/franka/assets/link0_9.obj
[11.341s] -- Symlinking: /media/kai/Kai_Backup/Master_Study/Master_Thesis/Implementation/libfranka_ws/install/franka_description/share/franka_description//mujoco/franka/assets/link1.obj
[11.417s] -- Symlinking: /media/kai/Kai_Backup/Master_Study/Master_Thesis/Implementation/libfranka_ws/install/franka_description/share/franka_description//mujoco/franka/assets/link1.stl
[11.460s] -- Symlinking: /media/kai/Kai_Backup/Master_Study/Master_Thesis/Implementation/libfranka_ws/install/franka_description/share/franka_description//mujoco/franka/assets/link2.obj
[11.513s] -- Symlinking: /media/kai/Kai_Backup/Master_Study/Master_Thesis/Implementation/libfranka_ws/install/franka_description/share/franka_description//mujoco/franka/assets/link2.stl
[11.556s] -- Symlinking: /media/kai/Kai_Backup/Master_Study/Master_Thesis/Implementation/libfranka_ws/install/franka_description/share/franka_description//mujoco/franka/assets/link3.stl
[11.605s] -- Symlinking: /media/kai/Kai_Backup/Master_Study/Master_Thesis/Implementation/libfranka_ws/install/franka_description/share/franka_description//mujoco/franka/assets/link3_0.obj
[11.626s] -- Symlinking: /media/kai/Kai_Backup/Master_Study/Master_Thesis/Implementation/libfranka_ws/install/franka_description/share/franka_description//mujoco/franka/assets/link3_1.obj
[11.641s] -- Symlinking: /media/kai/Kai_Backup/Master_Study/Master_Thesis/Implementation/libfranka_ws/install/franka_description/share/franka_description//mujoco/franka/assets/link3_2.obj
[11.657s] -- Symlinking: /media/kai/Kai_Backup/Master_Study/Master_Thesis/Implementation/libfranka_ws/install/franka_description/share/franka_description//mujoco/franka/assets/link3_3.obj
[11.674s] -- Symlinking: /media/kai/Kai_Backup/Master_Study/Master_Thesis/Implementation/libfranka_ws/install/franka_description/share/franka_description//mujoco/franka/assets/link4.stl
[11.717s] -- Symlinking: /media/kai/Kai_Backup/Master_Study/Master_Thesis/Implementation/libfranka_ws/install/franka_description/share/franka_description//mujoco/franka/assets/link4_0.obj
[11.802s] -- Symlinking: /media/kai/Kai_Backup/Master_Study/Master_Thesis/Implementation/libfranka_ws/install/franka_description/share/franka_description//mujoco/franka/assets/link4_1.obj
[11.845s] -- Symlinking: /media/kai/Kai_Backup/Master_Study/Master_Thesis/Implementation/libfranka_ws/install/franka_description/share/franka_description//mujoco/franka/assets/link4_2.obj
[11.885s] -- Symlinking: /media/kai/Kai_Backup/Master_Study/Master_Thesis/Implementation/libfranka_ws/install/franka_description/share/franka_description//mujoco/franka/assets/link4_3.obj
[11.925s] -- Symlinking: /media/kai/Kai_Backup/Master_Study/Master_Thesis/Implementation/libfranka_ws/install/franka_description/share/franka_description//mujoco/franka/assets/link5_0.obj
[11.985s] -- Symlinking: /media/kai/Kai_Backup/Master_Study/Master_Thesis/Implementation/libfranka_ws/install/franka_description/share/franka_description//mujoco/franka/assets/link5_1.obj
[12.050s] -- Symlinking: /media/kai/Kai_Backup/Master_Study/Master_Thesis/Implementation/libfranka_ws/install/franka_description/share/franka_description//mujoco/franka/assets/link5_2.obj
[12.068s] -- Symlinking: /media/kai/Kai_Backup/Master_Study/Master_Thesis/Implementation/libfranka_ws/install/franka_description/share/franka_description//mujoco/franka/assets/link5_collision_0.obj
[12.122s] -- Symlinking: /media/kai/Kai_Backup/Master_Study/Master_Thesis/Implementation/libfranka_ws/install/franka_description/share/franka_description//mujoco/franka/assets/link5_collision_1.obj
[12.201s] -- Symlinking: /media/kai/Kai_Backup/Master_Study/Master_Thesis/Implementation/libfranka_ws/install/franka_description/share/franka_description//mujoco/franka/assets/link5_collision_2.obj
[12.252s] -- Symlinking: /media/kai/Kai_Backup/Master_Study/Master_Thesis/Implementation/libfranka_ws/install/franka_description/share/franka_description//mujoco/franka/assets/link6.stl
[12.286s] -- Symlinking: /media/kai/Kai_Backup/Master_Study/Master_Thesis/Implementation/libfranka_ws/install/franka_description/share/franka_description//mujoco/franka/assets/link6_0.obj
[12.321s] -- Symlinking: /media/kai/Kai_Backup/Master_Study/Master_Thesis/Implementation/libfranka_ws/install/franka_description/share/franka_description//mujoco/franka/assets/link6_1.obj
[12.355s] -- Symlinking: /media/kai/Kai_Backup/Master_Study/Master_Thesis/Implementation/libfranka_ws/install/franka_description/share/franka_description//mujoco/franka/assets/link6_10.obj
[12.381s] -- Symlinking: /media/kai/Kai_Backup/Master_Study/Master_Thesis/Implementation/libfranka_ws/install/franka_description/share/franka_description//mujoco/franka/assets/link6_11.obj
[12.422s] -- Symlinking: /media/kai/Kai_Backup/Master_Study/Master_Thesis/Implementation/libfranka_ws/install/franka_description/share/franka_description//mujoco/franka/assets/link6_12.obj
[12.440s] -- Symlinking: /media/kai/Kai_Backup/Master_Study/Master_Thesis/Implementation/libfranka_ws/install/franka_description/share/franka_description//mujoco/franka/assets/link6_13.obj
[12.509s] -- Symlinking: /media/kai/Kai_Backup/Master_Study/Master_Thesis/Implementation/libfranka_ws/install/franka_description/share/franka_description//mujoco/franka/assets/link6_14.obj
[12.534s] -- Symlinking: /media/kai/Kai_Backup/Master_Study/Master_Thesis/Implementation/libfranka_ws/install/franka_description/share/franka_description//mujoco/franka/assets/link6_15.obj
[12.613s] -- Symlinking: /media/kai/Kai_Backup/Master_Study/Master_Thesis/Implementation/libfranka_ws/install/franka_description/share/franka_description//mujoco/franka/assets/link6_16.obj
[12.658s] -- Symlinking: /media/kai/Kai_Backup/Master_Study/Master_Thesis/Implementation/libfranka_ws/install/franka_description/share/franka_description//mujoco/franka/assets/link6_2.obj
[12.755s] -- Symlinking: /media/kai/Kai_Backup/Master_Study/Master_Thesis/Implementation/libfranka_ws/install/franka_description/share/franka_description//mujoco/franka/assets/link6_3.obj
[12.838s] -- Symlinking: /media/kai/Kai_Backup/Master_Study/Master_Thesis/Implementation/libfranka_ws/install/franka_description/share/franka_description//mujoco/franka/assets/link6_4.obj
[12.853s] -- Symlinking: /media/kai/Kai_Backup/Master_Study/Master_Thesis/Implementation/libfranka_ws/install/franka_description/share/franka_description//mujoco/franka/assets/link6_5.obj
[12.897s] -- Symlinking: /media/kai/Kai_Backup/Master_Study/Master_Thesis/Implementation/libfranka_ws/install/franka_description/share/franka_description//mujoco/franka/assets/link6_6.obj
[12.925s] -- Symlinking: /media/kai/Kai_Backup/Master_Study/Master_Thesis/Implementation/libfranka_ws/install/franka_description/share/franka_description//mujoco/franka/assets/link6_7.obj
[12.962s] -- Symlinking: /media/kai/Kai_Backup/Master_Study/Master_Thesis/Implementation/libfranka_ws/install/franka_description/share/franka_description//mujoco/franka/assets/link6_8.obj
[13.018s] -- Symlinking: /media/kai/Kai_Backup/Master_Study/Master_Thesis/Implementation/libfranka_ws/install/franka_description/share/franka_description//mujoco/franka/assets/link6_9.obj
[13.045s] -- Symlinking: /media/kai/Kai_Backup/Master_Study/Master_Thesis/Implementation/libfranka_ws/install/franka_description/share/franka_description//mujoco/franka/assets/link7.stl
[13.085s] -- Symlinking: /media/kai/Kai_Backup/Master_Study/Master_Thesis/Implementation/libfranka_ws/install/franka_description/share/franka_description//mujoco/franka/assets/link7_0.obj
[13.118s] -- Symlinking: /media/kai/Kai_Backup/Master_Study/Master_Thesis/Implementation/libfranka_ws/install/franka_description/share/franka_description//mujoco/franka/assets/link7_1.obj
[13.181s] -- Symlinking: /media/kai/Kai_Backup/Master_Study/Master_Thesis/Implementation/libfranka_ws/install/franka_description/share/franka_description//mujoco/franka/assets/link7_2.obj
[13.241s] -- Symlinking: /media/kai/Kai_Backup/Master_Study/Master_Thesis/Implementation/libfranka_ws/install/franka_description/share/franka_description//mujoco/franka/assets/link7_3.obj
[13.305s] -- Symlinking: /media/kai/Kai_Backup/Master_Study/Master_Thesis/Implementation/libfranka_ws/install/franka_description/share/franka_description//mujoco/franka/assets/link7_4.obj
[13.366s] -- Symlinking: /media/kai/Kai_Backup/Master_Study/Master_Thesis/Implementation/libfranka_ws/install/franka_description/share/franka_description//mujoco/franka/assets/link7_5.obj
[13.413s] -- Symlinking: /media/kai/Kai_Backup/Master_Study/Master_Thesis/Implementation/libfranka_ws/install/franka_description/share/franka_description//mujoco/franka/assets/link7_6.obj
[13.449s] -- Symlinking: /media/kai/Kai_Backup/Master_Study/Master_Thesis/Implementation/libfranka_ws/install/franka_description/share/franka_description//mujoco/franka/assets/link7_7.obj
[13.533s] -- Symlinking: /media/kai/Kai_Backup/Master_Study/Master_Thesis/Implementation/libfranka_ws/install/franka_description/share/franka_description//mujoco/franka/dual_scene.xml
[13.575s] -- Symlinking: /media/kai/Kai_Backup/Master_Study/Master_Thesis/Implementation/libfranka_ws/install/franka_description/share/franka_description//mujoco/franka/dual_scene_ng.xml
[13.636s] -- Symlinking: /media/kai/Kai_Backup/Master_Study/Master_Thesis/Implementation/libfranka_ws/install/franka_description/share/franka_description//mujoco/franka/mj_dual.xml
[13.677s] -- Symlinking: /media/kai/Kai_Backup/Master_Study/Master_Thesis/Implementation/libfranka_ws/install/franka_description/share/franka_description//mujoco/franka/mj_dual_ng.xml
[13.710s] -- Symlinking: /media/kai/Kai_Backup/Master_Study/Master_Thesis/Implementation/libfranka_ws/install/franka_description/share/franka_description//mujoco/franka/objects.xml
[13.800s] -- Symlinking: /media/kai/Kai_Backup/Master_Study/Master_Thesis/Implementation/libfranka_ws/install/franka_description/share/franka_description//mujoco/franka/panda.xml
[13.845s] -- Symlinking: /media/kai/Kai_Backup/Master_Study/Master_Thesis/Implementation/libfranka_ws/install/franka_description/share/franka_description//mujoco/franka/panda_ng.xml
[13.891s] -- Symlinking: /media/kai/Kai_Backup/Master_Study/Master_Thesis/Implementation/libfranka_ws/install/franka_description/share/franka_description//mujoco/franka/panda_torque_only.xml
[13.934s] -- Symlinking: /media/kai/Kai_Backup/Master_Study/Master_Thesis/Implementation/libfranka_ws/install/franka_description/share/franka_description//mujoco/franka/scene.xml
[13.989s] -- Symlinking: /media/kai/Kai_Backup/Master_Study/Master_Thesis/Implementation/libfranka_ws/install/franka_description/share/franka_description//mujoco/franka/scene_ng.xml
[14.023s] -- Symlinking: /media/kai/Kai_Backup/Master_Study/Master_Thesis/Implementation/libfranka_ws/install/franka_description/share/franka_description//mujoco/franka/scene_torque_only.xml
[14.085s] -- Symlinking: /media/kai/Kai_Backup/Master_Study/Master_Thesis/Implementation/libfranka_ws/install/franka_description/share/franka_description//mujoco/franka/viewer.ipynb
[14.124s] -- Symlinking: /media/kai/Kai_Backup/Master_Study/Master_Thesis/Implementation/libfranka_ws/install/franka_description/share/ament_index/resource_index/package_run_dependencies/franka_description
[14.189s] -- Symlinking: /media/kai/Kai_Backup/Master_Study/Master_Thesis/Implementation/libfranka_ws/install/franka_description/share/ament_index/resource_index/parent_prefix_path/franka_description
[14.229s] -- Symlinking: /media/kai/Kai_Backup/Master_Study/Master_Thesis/Implementation/libfranka_ws/install/franka_description/share/franka_description/environment/ament_prefix_path.sh
[14.258s] -- Symlinking: /media/kai/Kai_Backup/Master_Study/Master_Thesis/Implementation/libfranka_ws/install/franka_description/share/franka_description/environment/ament_prefix_path.dsv
[14.286s] -- Symlinking: /media/kai/Kai_Backup/Master_Study/Master_Thesis/Implementation/libfranka_ws/install/franka_description/share/franka_description/environment/path.sh
[14.321s] -- Symlinking: /media/kai/Kai_Backup/Master_Study/Master_Thesis/Implementation/libfranka_ws/install/franka_description/share/franka_description/environment/path.dsv
[14.345s] -- Symlinking: /media/kai/Kai_Backup/Master_Study/Master_Thesis/Implementation/libfranka_ws/install/franka_description/share/franka_description/local_setup.bash
[14.375s] -- Symlinking: /media/kai/Kai_Backup/Master_Study/Master_Thesis/Implementation/libfranka_ws/install/franka_description/share/franka_description/local_setup.sh
[14.406s] -- Symlinking: /media/kai/Kai_Backup/Master_Study/Master_Thesis/Implementation/libfranka_ws/install/franka_description/share/franka_description/local_setup.zsh
[14.444s] -- Symlinking: /media/kai/Kai_Backup/Master_Study/Master_Thesis/Implementation/libfranka_ws/install/franka_description/share/franka_description/local_setup.dsv
[14.518s] -- Symlinking: /media/kai/Kai_Backup/Master_Study/Master_Thesis/Implementation/libfranka_ws/install/franka_description/share/franka_description/package.dsv
[14.565s] -- Symlinking: /media/kai/Kai_Backup/Master_Study/Master_Thesis/Implementation/libfranka_ws/install/franka_description/share/ament_index/resource_index/packages/franka_description
[14.616s] -- Symlinking: /media/kai/Kai_Backup/Master_Study/Master_Thesis/Implementation/libfranka_ws/install/franka_description/share/franka_description/cmake/franka_descriptionConfig.cmake
[14.660s] -- Symlinking: /media/kai/Kai_Backup/Master_Study/Master_Thesis/Implementation/libfranka_ws/install/franka_description/share/franka_description/cmake/franka_descriptionConfig-version.cmake
[14.708s] -- Symlinking: /media/kai/Kai_Backup/Master_Study/Master_Thesis/Implementation/libfranka_ws/install/franka_description/share/franka_description/package.xml
[14.773s] Invoked command in '/media/kai/Kai_Backup/Master_Study/Master_Thesis/Implementation/libfranka_ws/build/franka_description' returned '0': CMAKE_PREFIX_PATH=${CMAKE_PREFIX_PATH}:/opt/ros/humble /usr/bin/cmake --install /media/kai/Kai_Backup/Master_Study/Master_Thesis/Implementation/libfranka_ws/build/franka_description
