[0.098s] Invoking command in '/media/kai/Kai_Backup/Master_Study/Master_Thesis/Implementation/libfranka_ws/build/franka_msgs': CMAKE_PREFIX_PATH=${CMAKE_PREFIX_PATH}:/opt/ros/humble /usr/bin/cmake --build /media/kai/Kai_Backup/Master_Study/Master_Thesis/Implementation/libfranka_ws/build/franka_msgs -- -j12 -l12
[1.986s] [  0%] [34m[1mGenerating C code for ROS interfaces[0m
[1.987s] [  0%] Built target ament_cmake_python_symlink_franka_msgs
[1.987s] [  0%] Built target franka_msgs__cpp
[1.987s] [  1%] [34m[1mGenerating C++ type support for eProsima Fast-RTPS[0m
[1.987s] [35m[1mConsolidate compiler generated dependencies of target franka_msgs__rosidl_typesupport_introspection_cpp[0m
[1.987s] [  2%] [34m[1mGenerating C++ type support dispatch for ROS interfaces[0m
[1.987s] [  2%] [32mBuilding CXX object CMakeFiles/franka_msgs__rosidl_typesupport_introspection_cpp.dir/rosidl_typesupport_introspection_cpp/franka_msgs/action/detail/homing__type_support.cpp.o[0m
[1.987s] [  3%] [32mBuilding CXX object CMakeFiles/franka_msgs__rosidl_typesupport_introspection_cpp.dir/rosidl_typesupport_introspection_cpp/franka_msgs/action/detail/move__type_support.cpp.o[0m
[1.987s] [  4%] [32mBuilding CXX object CMakeFiles/franka_msgs__rosidl_typesupport_introspection_cpp.dir/rosidl_typesupport_introspection_cpp/franka_msgs/srv/detail/error_recovery__type_support.cpp.o[0m
[1.987s] running egg_info
[1.988s] creating franka_msgs.egg-info
[1.988s] writing franka_msgs.egg-info/PKG-INFO
[1.988s] writing dependency_links to franka_msgs.egg-info/dependency_links.txt
[1.988s] writing top-level names to franka_msgs.egg-info/top_level.txt
[1.988s] writing manifest file 'franka_msgs.egg-info/SOURCES.txt'
[1.988s] reading manifest file 'franka_msgs.egg-info/SOURCES.txt'
[1.988s] writing manifest file 'franka_msgs.egg-info/SOURCES.txt'
[1.988s] [  4%] Built target ament_cmake_python_build_franka_msgs_egg
[3.138s] [  5%] [32m[1mLinking CXX shared library libfranka_msgs__rosidl_typesupport_introspection_cpp.so[0m
[3.786s] [ 14%] Built target franka_msgs__rosidl_typesupport_introspection_cpp
[5.118s] [ 14%] [32mBuilding CXX object CMakeFiles/franka_msgs__rosidl_typesupport_cpp.dir/rosidl_typesupport_cpp/franka_msgs/action/grasp__type_support.cpp.o[0m
[5.151s] [ 14%] [32mBuilding CXX object CMakeFiles/franka_msgs__rosidl_typesupport_cpp.dir/rosidl_typesupport_cpp/franka_msgs/srv/error_recovery__type_support.cpp.o[0m
[5.160s] [ 15%] [32mBuilding CXX object CMakeFiles/franka_msgs__rosidl_typesupport_cpp.dir/rosidl_typesupport_cpp/franka_msgs/action/move__type_support.cpp.o[0m
[5.172s] [ 16%] [32mBuilding CXX object CMakeFiles/franka_msgs__rosidl_typesupport_cpp.dir/rosidl_typesupport_cpp/franka_msgs/action/homing__type_support.cpp.o[0m
[5.211s] [ 17%] [32mBuilding CXX object CMakeFiles/franka_msgs__rosidl_typesupport_cpp.dir/rosidl_typesupport_cpp/franka_msgs/srv/set_tcp_frame__type_support.cpp.o[0m
[5.223s] [ 18%] [32mBuilding CXX object CMakeFiles/franka_msgs__rosidl_typesupport_cpp.dir/rosidl_typesupport_cpp/franka_msgs/srv/set_cartesian_stiffness__type_support.cpp.o[0m
[5.315s] [ 18%] [32mBuilding CXX object CMakeFiles/franka_msgs__rosidl_typesupport_cpp.dir/rosidl_typesupport_cpp/franka_msgs/srv/set_force_torque_collision_behavior__type_support.cpp.o[0m
[5.344s] [ 19%] [32mBuilding CXX object CMakeFiles/franka_msgs__rosidl_typesupport_cpp.dir/rosidl_typesupport_cpp/franka_msgs/srv/set_full_collision_behavior__type_support.cpp.o[0m
[5.362s] [ 19%] [32mBuilding CXX object CMakeFiles/franka_msgs__rosidl_typesupport_cpp.dir/rosidl_typesupport_cpp/franka_msgs/srv/set_stiffness_frame__type_support.cpp.o[0m
[5.384s] [ 20%] [32mBuilding CXX object CMakeFiles/franka_msgs__rosidl_typesupport_cpp.dir/rosidl_typesupport_cpp/franka_msgs/srv/set_joint_stiffness__type_support.cpp.o[0m
[6.801s] [ 21%] [32mBuilding CXX object CMakeFiles/franka_msgs__rosidl_typesupport_cpp.dir/rosidl_typesupport_cpp/franka_msgs/srv/set_load__type_support.cpp.o[0m
[6.828s] [ 21%] [32mBuilding CXX object CMakeFiles/franka_msgs__rosidl_typesupport_cpp.dir/rosidl_typesupport_cpp/franka_msgs/srv/set_mujoco_poses__type_support.cpp.o[0m
[6.887s] [ 22%] [32mBuilding CXX object CMakeFiles/franka_msgs__rosidl_typesupport_cpp.dir/rosidl_typesupport_cpp/franka_msgs/msg/franka_state__type_support.cpp.o[0m
[6.910s] [ 23%] [32mBuilding CXX object CMakeFiles/franka_msgs__rosidl_typesupport_cpp.dir/rosidl_typesupport_cpp/franka_msgs/msg/errors__type_support.cpp.o[0m
[6.918s] [ 24%] [32mBuilding CXX object CMakeFiles/franka_msgs__rosidl_typesupport_cpp.dir/rosidl_typesupport_cpp/franka_msgs/msg/grasp_epsilon__type_support.cpp.o[0m
[6.927s] [ 24%] [32mBuilding CXX object CMakeFiles/franka_msgs__rosidl_typesupport_cpp.dir/rosidl_typesupport_cpp/franka_msgs/msg/franka_model__type_support.cpp.o[0m
[7.081s] [ 25%] [32mBuilding CXX object CMakeFiles/franka_msgs__rosidl_typesupport_cpp.dir/rosidl_typesupport_cpp/franka_msgs/msg/pose_stamped_array__type_support.cpp.o[0m
[8.211s] [ 26%] [32mBuilding CXX object CMakeFiles/franka_msgs__rosidl_typesupport_fastrtps_cpp.dir/rosidl_typesupport_fastrtps_cpp/franka_msgs/action/detail/dds_fastrtps/grasp__type_support.cpp.o[0m
[8.221s] [ 27%] [32mBuilding CXX object CMakeFiles/franka_msgs__rosidl_typesupport_fastrtps_cpp.dir/rosidl_typesupport_fastrtps_cpp/franka_msgs/srv/detail/dds_fastrtps/error_recovery__type_support.cpp.o[0m
[8.230s] [ 28%] [32mBuilding CXX object CMakeFiles/franka_msgs__rosidl_typesupport_fastrtps_cpp.dir/rosidl_typesupport_fastrtps_cpp/franka_msgs/action/detail/dds_fastrtps/move__type_support.cpp.o[0m
[8.265s] [ 28%] [32mBuilding CXX object CMakeFiles/franka_msgs__rosidl_typesupport_fastrtps_cpp.dir/rosidl_typesupport_fastrtps_cpp/franka_msgs/action/detail/dds_fastrtps/homing__type_support.cpp.o[0m
[8.286s] [ 28%] [32mBuilding CXX object CMakeFiles/franka_msgs__rosidl_typesupport_fastrtps_cpp.dir/rosidl_typesupport_fastrtps_cpp/franka_msgs/srv/detail/dds_fastrtps/set_cartesian_stiffness__type_support.cpp.o[0m
[8.296s] [ 29%] [32mBuilding CXX object CMakeFiles/franka_msgs__rosidl_typesupport_fastrtps_cpp.dir/rosidl_typesupport_fastrtps_cpp/franka_msgs/srv/detail/dds_fastrtps/set_tcp_frame__type_support.cpp.o[0m
[8.391s] [ 29%] [32mBuilding CXX object CMakeFiles/franka_msgs__rosidl_typesupport_fastrtps_cpp.dir/rosidl_typesupport_fastrtps_cpp/franka_msgs/srv/detail/dds_fastrtps/set_force_torque_collision_behavior__type_support.cpp.o[0m
[8.413s] [ 29%] [32m[1mLinking CXX shared library libfranka_msgs__rosidl_typesupport_cpp.so[0m
[8.441s] [ 30%] [32mBuilding CXX object CMakeFiles/franka_msgs__rosidl_typesupport_fastrtps_cpp.dir/rosidl_typesupport_fastrtps_cpp/franka_msgs/srv/detail/dds_fastrtps/set_joint_stiffness__type_support.cpp.o[0m
[8.461s] [ 31%] [32mBuilding CXX object CMakeFiles/franka_msgs__rosidl_typesupport_fastrtps_cpp.dir/rosidl_typesupport_fastrtps_cpp/franka_msgs/srv/detail/dds_fastrtps/set_full_collision_behavior__type_support.cpp.o[0m
[8.508s] [ 31%] [32mBuilding CXX object CMakeFiles/franka_msgs__rosidl_typesupport_fastrtps_cpp.dir/rosidl_typesupport_fastrtps_cpp/franka_msgs/srv/detail/dds_fastrtps/set_stiffness_frame__type_support.cpp.o[0m
[8.740s] [ 31%] Built target franka_msgs__rosidl_typesupport_cpp
[8.821s] [ 32%] [32mBuilding CXX object CMakeFiles/franka_msgs__rosidl_typesupport_fastrtps_cpp.dir/rosidl_typesupport_fastrtps_cpp/franka_msgs/srv/detail/dds_fastrtps/set_load__type_support.cpp.o[0m
[9.526s] gmake[2]: *** [CMakeFiles/franka_msgs__rosidl_typesupport_fastrtps_cpp.dir/build.make:328: CMakeFiles/franka_msgs__rosidl_typesupport_fastrtps_cpp.dir/rosidl_typesupport_fastrtps_cpp/franka_msgs/srv/detail/dds_fastrtps/set_cartesian_stiffness__type_support.cpp.o] Interrupt
[9.526s] gmake[2]: *** [CMakeFiles/franka_msgs__rosidl_typesupport_fastrtps_cpp.dir/build.make:314: CMakeFiles/franka_msgs__rosidl_typesupport_fastrtps_cpp.dir/rosidl_typesupport_fastrtps_cpp/franka_msgs/srv/detail/dds_fastrtps/error_recovery__type_support.cpp.o] Interrupt
[9.526s] gmake[2]: *** [CMakeFiles/franka_msgs__rosidl_typesupport_fastrtps_cpp.dir/build.make:370: CMakeFiles/franka_msgs__rosidl_typesupport_fastrtps_cpp.dir/rosidl_typesupport_fastrtps_cpp/franka_msgs/srv/detail/dds_fastrtps/set_full_collision_behavior__type_support.cpp.o] Interrupt
[9.526s] gmake[2]: *** [CMakeFiles/franka_msgs__rosidl_typesupport_fastrtps_cpp.dir/build.make:412: CMakeFiles/franka_msgs__rosidl_typesupport_fastrtps_cpp.dir/rosidl_typesupport_fastrtps_cpp/franka_msgs/srv/detail/dds_fastrtps/set_load__type_support.cpp.o] Interrupt
[9.529s] gmake[2]: *** [CMakeFiles/franka_msgs__rosidl_typesupport_fastrtps_cpp.dir/build.make:272: CMakeFiles/franka_msgs__rosidl_typesupport_fastrtps_cpp.dir/rosidl_typesupport_fastrtps_cpp/franka_msgs/action/detail/dds_fastrtps/grasp__type_support.cpp.o] Interrupt
[9.529s] gmake[2]: *** [CMakeFiles/franka_msgs__rosidl_typesupport_fastrtps_cpp.dir/build.make:356: CMakeFiles/franka_msgs__rosidl_typesupport_fastrtps_cpp.dir/rosidl_typesupport_fastrtps_cpp/franka_msgs/srv/detail/dds_fastrtps/set_force_torque_collision_behavior__type_support.cpp.o] Interrupt
[9.532s] gmake[2]: *** [CMakeFiles/franka_msgs__rosidl_typesupport_fastrtps_cpp.dir/build.make:342: CMakeFiles/franka_msgs__rosidl_typesupport_fastrtps_cpp.dir/rosidl_typesupport_fastrtps_cpp/franka_msgs/srv/detail/dds_fastrtps/set_tcp_frame__type_support.cpp.o] Interrupt
[9.532s] gmake[2]: *** [CMakeFiles/franka_msgs__rosidl_typesupport_fastrtps_cpp.dir/build.make:286: CMakeFiles/franka_msgs__rosidl_typesupport_fastrtps_cpp.dir/rosidl_typesupport_fastrtps_cpp/franka_msgs/action/detail/dds_fastrtps/homing__type_support.cpp.o] Interrupt
[9.536s] gmake[2]: *** [CMakeFiles/franka_msgs__rosidl_typesupport_fastrtps_cpp.dir/build.make:384: CMakeFiles/franka_msgs__rosidl_typesupport_fastrtps_cpp.dir/rosidl_typesupport_fastrtps_cpp/franka_msgs/srv/detail/dds_fastrtps/set_joint_stiffness__type_support.cpp.o] Interrupt
[9.536s] gmake[2]: *** [CMakeFiles/franka_msgs__rosidl_typesupport_fastrtps_cpp.dir/build.make:300: CMakeFiles/franka_msgs__rosidl_typesupport_fastrtps_cpp.dir/rosidl_typesupport_fastrtps_cpp/franka_msgs/action/detail/dds_fastrtps/move__type_support.cpp.o] Interrupt
[9.536s] gmake[2]: *** [CMakeFiles/franka_msgs__rosidl_typesupport_fastrtps_cpp.dir/build.make:398: CMakeFiles/franka_msgs__rosidl_typesupport_fastrtps_cpp.dir/rosidl_typesupport_fastrtps_cpp/franka_msgs/srv/detail/dds_fastrtps/set_stiffness_frame__type_support.cpp.o] Interrupt
[9.537s] gmake[2]: *** Deleting file 'rosidl_generator_c/franka_msgs/srv/detail/set_mujoco_poses__functions.c'
[9.537s] gmake[1]: *** [CMakeFiles/Makefile2:343: CMakeFiles/franka_msgs__rosidl_typesupport_fastrtps_cpp.dir/all] Interrupt
[9.543s] gmake[2]: *** [CMakeFiles/franka_msgs__rosidl_generator_c.dir/build.make:409: rosidl_generator_c/franka_msgs/srv/detail/set_mujoco_poses__functions.c] Interrupt
[9.551s] gmake[1]: *** [CMakeFiles/Makefile2:212: CMakeFiles/franka_msgs__rosidl_generator_c.dir/all] Interrupt
[9.567s] gmake: *** [Makefile:146: all] Interrupt
