[2.143s] Invoking command in '/media/kai/Kai_Backup/Master_Study/Master_Thesis/Implementation/libfranka_ws/build/E2E_Teleoperation': PYTHONPATH=/media/kai/Kai_Backup/Master_Study/Master_Thesis/Implementation/libfranka_ws/build/E2E_Teleoperation/prefix_override:/usr/lib/python3/dist-packages/colcon_core/task/python/colcon_distutils_commands:/media/kai/Kai_Backup/Master_Study/Master_Thesis/Implementation/libfranka_ws/install/E2E_Teleoperation/lib/python3.10/site-packages:${PYTHONPATH} /usr/bin/python3 -W ignore:setup.py install is deprecated -W ignore:easy_install command is deprecated setup.py develop --editable --build-directory /media/kai/Kai_Backup/Master_Study/Master_Thesis/Implementation/libfranka_ws/build/E2E_Teleoperation/build --no-deps symlink_data
[3.004s] running develop
[3.622s] running egg_info
[3.622s] creating E2E_Teleoperation.egg-info
[3.622s] writing E2E_Teleoperation.egg-info/PKG-INFO
[3.622s] writing dependency_links to E2E_Teleoperation.egg-info/dependency_links.txt
[3.622s] writing entry points to E2E_Teleoperation.egg-info/entry_points.txt
[3.623s] writing requirements to E2E_Teleoperation.egg-info/requires.txt
[3.623s] writing top-level names to E2E_Teleoperation.egg-info/top_level.txt
[3.623s] writing manifest file 'E2E_Teleoperation.egg-info/SOURCES.txt'
[3.629s] reading manifest file 'E2E_Teleoperation.egg-info/SOURCES.txt'
[3.629s] writing manifest file 'E2E_Teleoperation.egg-info/SOURCES.txt'
[3.630s] running build_ext
[3.631s] Creating /media/kai/Kai_Backup/Master_Study/Master_Thesis/Implementation/libfranka_ws/install/E2E_Teleoperation/lib/python3.10/site-packages/E2E-Teleoperation.egg-link (link to .)
[3.631s] Installing agent_node script to /media/kai/Kai_Backup/Master_Study/Master_Thesis/Implementation/libfranka_ws/install/E2E_Teleoperation/lib/E2E_Teleoperation
[3.631s] Installing local_node script to /media/kai/Kai_Backup/Master_Study/Master_Thesis/Implementation/libfranka_ws/install/E2E_Teleoperation/lib/E2E_Teleoperation
[3.631s] Installing remote_node script to /media/kai/Kai_Backup/Master_Study/Master_Thesis/Implementation/libfranka_ws/install/E2E_Teleoperation/lib/E2E_Teleoperation
[3.631s] Installing remote_sim script to /media/kai/Kai_Backup/Master_Study/Master_Thesis/Implementation/libfranka_ws/install/E2E_Teleoperation/lib/E2E_Teleoperation
[3.632s] 
[3.632s] Installed /media/kai/Kai_Backup/Master_Study/Master_Thesis/Implementation/libfranka_ws/build/E2E_Teleoperation
[3.632s] running symlink_data
[3.632s] creating /media/kai/Kai_Backup/Master_Study/Master_Thesis/Implementation/libfranka_ws/install/E2E_Teleoperation/share/ament_index
[3.632s] creating /media/kai/Kai_Backup/Master_Study/Master_Thesis/Implementation/libfranka_ws/install/E2E_Teleoperation/share/ament_index/resource_index
[3.632s] creating /media/kai/Kai_Backup/Master_Study/Master_Thesis/Implementation/libfranka_ws/install/E2E_Teleoperation/share/ament_index/resource_index/packages
[3.632s] symbolically linking /media/kai/Kai_Backup/Master_Study/Master_Thesis/Implementation/libfranka_ws/build/E2E_Teleoperation/resource/E2E_Teleoperation -> /media/kai/Kai_Backup/Master_Study/Master_Thesis/Implementation/libfranka_ws/install/E2E_Teleoperation/share/ament_index/resource_index/packages
[3.633s] symbolically linking /media/kai/Kai_Backup/Master_Study/Master_Thesis/Implementation/libfranka_ws/build/E2E_Teleoperation/package.xml -> /media/kai/Kai_Backup/Master_Study/Master_Thesis/Implementation/libfranka_ws/install/E2E_Teleoperation/share/E2E_Teleoperation
[3.633s] creating /media/kai/Kai_Backup/Master_Study/Master_Thesis/Implementation/libfranka_ws/install/E2E_Teleoperation/share/E2E_Teleoperation/launch
[3.633s] creating /media/kai/Kai_Backup/Master_Study/Master_Thesis/Implementation/libfranka_ws/install/E2E_Teleoperation/share/E2E_Teleoperation/config
[3.633s] creating /media/kai/Kai_Backup/Master_Study/Master_Thesis/Implementation/libfranka_ws/install/E2E_Teleoperation/share/E2E_Teleoperation/params
[3.752s] Invoked command in '/media/kai/Kai_Backup/Master_Study/Master_Thesis/Implementation/libfranka_ws/build/E2E_Teleoperation' returned '0': PYTHONPATH=/media/kai/Kai_Backup/Master_Study/Master_Thesis/Implementation/libfranka_ws/build/E2E_Teleoperation/prefix_override:/usr/lib/python3/dist-packages/colcon_core/task/python/colcon_distutils_commands:/media/kai/Kai_Backup/Master_Study/Master_Thesis/Implementation/libfranka_ws/install/E2E_Teleoperation/lib/python3.10/site-packages:${PYTHONPATH} /usr/bin/python3 -W ignore:setup.py install is deprecated -W ignore:easy_install command is deprecated setup.py develop --editable --build-directory /media/kai/Kai_Backup/Master_Study/Master_Thesis/Implementation/libfranka_ws/build/E2E_Teleoperation/build --no-deps symlink_data
