running develop
running egg_info
creating Model_based_Reinforcement_Learning_In_Teleoperation.egg-info
writing Model_based_Reinforcement_Learning_In_Teleoperation.egg-info/PKG-INFO
writing dependency_links to Model_based_Reinforcement_Learning_In_Teleoperation.egg-info/dependency_links.txt
writing entry points to Model_based_Reinforcement_Learning_In_Teleoperation.egg-info/entry_points.txt
writing requirements to Model_based_Reinforcement_Learning_In_Teleoperation.egg-info/requires.txt
writing top-level names to Model_based_Reinforcement_Learning_In_Teleoperation.egg-info/top_level.txt
writing manifest file 'Model_based_Reinforcement_Learning_In_Teleoperation.egg-info/SOURCES.txt'
reading manifest file 'Model_based_Reinforcement_Learning_In_Teleoperation.egg-info/SOURCES.txt'
writing manifest file 'Model_based_Reinforcement_Learning_In_Teleoperation.egg-info/SOURCES.txt'
running build_ext
Creating /media/kai/Kai_Backup/Master_Study/Master_Thesis/Implementation/libfranka_ws/install/Model_based_Reinforcement_Learning_In_Teleoperation/lib/python3.10/site-packages/Model-based-Reinforcement-Learning-In-Teleoperation.egg-link (link to .)

Installed /media/kai/Kai_Backup/Master_Study/Master_Thesis/Implementation/libfranka_ws/build/Model_based_Reinforcement_Learning_In_Teleoperation
running symlink_data
creating /media/kai/Kai_Backup/Master_Study/Master_Thesis/Implementation/libfranka_ws/install/Model_based_Reinforcement_Learning_In_Teleoperation/share/ament_index
creating /media/kai/Kai_Backup/Master_Study/Master_Thesis/Implementation/libfranka_ws/install/Model_based_Reinforcement_Learning_In_Teleoperation/share/ament_index/resource_index
creating /media/kai/Kai_Backup/Master_Study/Master_Thesis/Implementation/libfranka_ws/install/Model_based_Reinforcement_Learning_In_Teleoperation/share/ament_index/resource_index/packages
symbolically linking /media/kai/Kai_Backup/Master_Study/Master_Thesis/Implementation/libfranka_ws/build/Model_based_Reinforcement_Learning_In_Teleoperation/resource/Model_based_Reinforcement_Learning_In_Teleoperation -> /media/kai/Kai_Backup/Master_Study/Master_Thesis/Implementation/libfranka_ws/install/Model_based_Reinforcement_Learning_In_Teleoperation/share/ament_index/resource_index/packages
symbolically linking /media/kai/Kai_Backup/Master_Study/Master_Thesis/Implementation/libfranka_ws/build/Model_based_Reinforcement_Learning_In_Teleoperation/package.xml -> /media/kai/Kai_Backup/Master_Study/Master_Thesis/Implementation/libfranka_ws/install/Model_based_Reinforcement_Learning_In_Teleoperation/share/Model_based_Reinforcement_Learning_In_Teleoperation
