[35m[1mConsolidate compiler generated dependencies of target gripper_server[0m
[ 50%] Built target gripper_server
[ 50%] Built target ament_cmake_python_symlink_franka_gripper
[ 75%] [32mBuilding CXX object CMakeFiles/franka_gripper_node.dir/rclcpp_components/node_main_franka_gripper_node.cpp.o[0m
[100%] [32m[1mLinking CXX executable franka_gripper_node[0m
[100%] Built target franka_gripper_node
running egg_info
creating franka_gripper.egg-info
writing franka_gripper.egg-info/PKG-INFO
writing dependency_links to franka_gripper.egg-info/dependency_links.txt
writing top-level names to franka_gripper.egg-info/top_level.txt
writing manifest file 'franka_gripper.egg-info/SOURCES.txt'
reading manifest file 'franka_gripper.egg-info/SOURCES.txt'
writing manifest file 'franka_gripper.egg-info/SOURCES.txt'
[100%] Built target ament_cmake_python_build_franka_gripper_egg
-- Install configuration: ""
-- Execute custom install script
-- Symlinking: /media/kai/Kai_Backup/Master_Study/Master_Thesis/Implementation/libfranka_ws/install/franka_gripper/lib/franka_gripper/franka_gripper_node
-- Symlinking: /media/kai/Kai_Backup/Master_Study/Master_Thesis/Implementation/libfranka_ws/install/franka_gripper/lib/libgripper_server.so
-- Symlinking: /media/kai/Kai_Backup/Master_Study/Master_Thesis/Implementation/libfranka_ws/install/franka_gripper/share/franka_gripper//launch/gripper.launch.py
-- Symlinking: /media/kai/Kai_Backup/Master_Study/Master_Thesis/Implementation/libfranka_ws/install/franka_gripper/share/franka_gripper//config/franka_gripper_node.yaml
-- Symlinking: /media/kai/Kai_Backup/Master_Study/Master_Thesis/Implementation/libfranka_ws/install/franka_gripper/share/franka_gripper/environment/pythonpath.sh
-- Symlinking: /media/kai/Kai_Backup/Master_Study/Master_Thesis/Implementation/libfranka_ws/install/franka_gripper/share/franka_gripper/environment/pythonpath.dsv
-- Symlinking: /media/kai/Kai_Backup/Master_Study/Master_Thesis/Implementation/libfranka_ws/install/franka_gripper/local/lib/python3.10/dist-packages/franka_gripper-0.0.0-py3.10.egg-info/PKG-INFO
-- Symlinking: /media/kai/Kai_Backup/Master_Study/Master_Thesis/Implementation/libfranka_ws/install/franka_gripper/local/lib/python3.10/dist-packages/franka_gripper-0.0.0-py3.10.egg-info/SOURCES.txt
-- Symlinking: /media/kai/Kai_Backup/Master_Study/Master_Thesis/Implementation/libfranka_ws/install/franka_gripper/local/lib/python3.10/dist-packages/franka_gripper-0.0.0-py3.10.egg-info/dependency_links.txt
-- Symlinking: /media/kai/Kai_Backup/Master_Study/Master_Thesis/Implementation/libfranka_ws/install/franka_gripper/local/lib/python3.10/dist-packages/franka_gripper-0.0.0-py3.10.egg-info/top_level.txt
-- Symlinking: /media/kai/Kai_Backup/Master_Study/Master_Thesis/Implementation/libfranka_ws/install/franka_gripper/local/lib/python3.10/dist-packages/franka_gripper/__init__.py
-- Symlinking: /media/kai/Kai_Backup/Master_Study/Master_Thesis/Implementation/libfranka_ws/install/franka_gripper/lib/franka_gripper/fake_gripper_state_publisher.py
-- Symlinking: /media/kai/Kai_Backup/Master_Study/Master_Thesis/Implementation/libfranka_ws/install/franka_gripper/share/ament_index/resource_index/package_run_dependencies/franka_gripper
-- Symlinking: /media/kai/Kai_Backup/Master_Study/Master_Thesis/Implementation/libfranka_ws/install/franka_gripper/share/ament_index/resource_index/parent_prefix_path/franka_gripper
-- Symlinking: /media/kai/Kai_Backup/Master_Study/Master_Thesis/Implementation/libfranka_ws/install/franka_gripper/share/franka_gripper/environment/ament_prefix_path.sh
-- Symlinking: /media/kai/Kai_Backup/Master_Study/Master_Thesis/Implementation/libfranka_ws/install/franka_gripper/share/franka_gripper/environment/ament_prefix_path.dsv
-- Symlinking: /media/kai/Kai_Backup/Master_Study/Master_Thesis/Implementation/libfranka_ws/install/franka_gripper/share/franka_gripper/environment/path.sh
-- Symlinking: /media/kai/Kai_Backup/Master_Study/Master_Thesis/Implementation/libfranka_ws/install/franka_gripper/share/franka_gripper/environment/path.dsv
-- Symlinking: /media/kai/Kai_Backup/Master_Study/Master_Thesis/Implementation/libfranka_ws/install/franka_gripper/share/franka_gripper/local_setup.bash
-- Symlinking: /media/kai/Kai_Backup/Master_Study/Master_Thesis/Implementation/libfranka_ws/install/franka_gripper/share/franka_gripper/local_setup.sh
-- Symlinking: /media/kai/Kai_Backup/Master_Study/Master_Thesis/Implementation/libfranka_ws/install/franka_gripper/share/franka_gripper/local_setup.zsh
-- Symlinking: /media/kai/Kai_Backup/Master_Study/Master_Thesis/Implementation/libfranka_ws/install/franka_gripper/share/franka_gripper/local_setup.dsv
-- Symlinking: /media/kai/Kai_Backup/Master_Study/Master_Thesis/Implementation/libfranka_ws/install/franka_gripper/share/franka_gripper/package.dsv
-- Symlinking: /media/kai/Kai_Backup/Master_Study/Master_Thesis/Implementation/libfranka_ws/install/franka_gripper/share/ament_index/resource_index/packages/franka_gripper
-- Symlinking: /media/kai/Kai_Backup/Master_Study/Master_Thesis/Implementation/libfranka_ws/install/franka_gripper/share/ament_index/resource_index/rclcpp_components/franka_gripper
-- Symlinking: /media/kai/Kai_Backup/Master_Study/Master_Thesis/Implementation/libfranka_ws/install/franka_gripper/share/franka_gripper/cmake/franka_gripperConfig.cmake
-- Symlinking: /media/kai/Kai_Backup/Master_Study/Master_Thesis/Implementation/libfranka_ws/install/franka_gripper/share/franka_gripper/cmake/franka_gripperConfig-version.cmake
-- Symlinking: /media/kai/Kai_Backup/Master_Study/Master_Thesis/Implementation/libfranka_ws/install/franka_gripper/share/franka_gripper/package.xml
Listing '/media/kai/Kai_Backup/Master_Study/Master_Thesis/Implementation/libfranka_ws/install/franka_gripper/local/lib/python3.10/dist-packages/franka_gripper'...
Compiling '/media/kai/Kai_Backup/Master_Study/Master_Thesis/Implementation/libfranka_ws/install/franka_gripper/local/lib/python3.10/dist-packages/franka_gripper/__init__.py'...
