2025-12-12 17:06:43 [INFO] __main__ - ======================================================================
2025-12-12 17:06:43 [INFO] __main__ - E2E SAC Training with TEACHER WARMUP
2025-12-12 17:06:43 [INFO] __main__ - ======================================================================
2025-12-12 17:06:43 [INFO] __main__ - Creating vectorized environment...
2025-12-12 17:06:45 [INFO] __main__ - Creating policy network...
2025-12-12 17:06:45 [INFO] __main__ - Initializing SACTrainer with Teacher Warmup...
2025-12-12 17:06:45 [INFO] E2E_Teleoperation.E2E_RL.sac_training_algorithm - Initial alpha: 0.0500
2025-12-12 17:06:45 [INFO] E2E_Teleoperation.E2E_RL.sac_training_algorithm - Starting SAC Training v16
2025-12-12 17:06:48 [INFO] E2E_Teleoperation.E2E_RL.sac_training_algorithm - [Stage1] Step 300 | aux_loss: 0.0033
2025-12-12 17:06:49 [INFO] E2E_Teleoperation.E2E_RL.sac_training_algorithm - [Stage1] Step 400 | aux_loss: 0.0006
2025-12-12 17:06:50 [INFO] E2E_Teleoperation.E2E_RL.sac_training_algorithm - [Stage1] Step 500 | aux_loss: 0.0009
2025-12-12 17:06:51 [INFO] E2E_Teleoperation.E2E_RL.sac_training_algorithm - [Stage1] Step 600 | aux_loss: 0.0006
2025-12-12 17:06:52 [INFO] E2E_Teleoperation.E2E_RL.sac_training_algorithm - [Stage1] Step 700 | aux_loss: 0.0004
2025-12-12 17:06:53 [INFO] E2E_Teleoperation.E2E_RL.sac_training_algorithm - [Stage1] Step 800 | aux_loss: 0.0002
2025-12-12 17:06:54 [INFO] E2E_Teleoperation.E2E_RL.sac_training_algorithm - [Stage1] Step 900 | aux_loss: 0.0004
2025-12-12 17:06:55 [INFO] E2E_Teleoperation.E2E_RL.sac_training_algorithm - [Stage1] Step 1000 | aux_loss: 0.0001
2025-12-12 17:06:56 [INFO] E2E_Teleoperation.E2E_RL.sac_training_algorithm - [Stage1] Step 1100 | aux_loss: 0.0005
2025-12-12 17:06:57 [INFO] E2E_Teleoperation.E2E_RL.sac_training_algorithm - [Stage1] Step 1200 | aux_loss: 0.0005
2025-12-12 17:06:58 [INFO] E2E_Teleoperation.E2E_RL.sac_training_algorithm - [Stage1] Step 1300 | aux_loss: 0.0003
2025-12-12 17:06:59 [INFO] E2E_Teleoperation.E2E_RL.sac_training_algorithm - [Stage1] Step 1400 | aux_loss: 0.0004
2025-12-12 17:07:00 [INFO] E2E_Teleoperation.E2E_RL.sac_training_algorithm - [Stage1] Step 1500 | aux_loss: 0.0002
2025-12-12 17:07:01 [INFO] E2E_Teleoperation.E2E_RL.sac_training_algorithm - [Stage1] Step 1600 | aux_loss: 0.0003
2025-12-12 17:07:02 [INFO] E2E_Teleoperation.E2E_RL.sac_training_algorithm - [Stage1] Step 1700 | aux_loss: 0.0003
2025-12-12 17:07:03 [INFO] E2E_Teleoperation.E2E_RL.sac_training_algorithm - [Stage1] Step 1800 | aux_loss: 0.0001
2025-12-12 17:07:03 [INFO] E2E_Teleoperation.E2E_RL.sac_training_algorithm - [Stage1] Step 1900 | aux_loss: 0.0002
2025-12-12 17:07:04 [INFO] E2E_Teleoperation.E2E_RL.sac_training_algorithm - [Stage1] Step 2000 | aux_loss: 0.0000
2025-12-12 17:07:05 [INFO] E2E_Teleoperation.E2E_RL.sac_training_algorithm - [Stage1] Step 2100 | aux_loss: 0.0002
2025-12-12 17:07:06 [INFO] E2E_Teleoperation.E2E_RL.sac_training_algorithm - [Stage1] Step 2200 | aux_loss: 0.0002
2025-12-12 17:07:07 [INFO] E2E_Teleoperation.E2E_RL.sac_training_algorithm - [Stage1] Step 2300 | aux_loss: 0.0001
2025-12-12 17:07:08 [INFO] E2E_Teleoperation.E2E_RL.sac_training_algorithm - [Stage1] Step 2400 | aux_loss: 0.0001
2025-12-12 17:07:09 [INFO] E2E_Teleoperation.E2E_RL.sac_training_algorithm - [Stage1] Step 2500 | aux_loss: 0.0001
2025-12-12 17:07:10 [INFO] E2E_Teleoperation.E2E_RL.sac_training_algorithm - [Stage1] Step 2600 | aux_loss: 0.0001
2025-12-12 17:07:11 [INFO] E2E_Teleoperation.E2E_RL.sac_training_algorithm - [Stage1] Step 2700 | aux_loss: 0.0002
2025-12-12 17:07:12 [INFO] E2E_Teleoperation.E2E_RL.sac_training_algorithm - [Stage1] Step 2800 | aux_loss: 0.0005
2025-12-12 17:07:13 [INFO] E2E_Teleoperation.E2E_RL.sac_training_algorithm - [Stage1] Step 2900 | aux_loss: 0.0009
2025-12-12 17:07:14 [INFO] E2E_Teleoperation.E2E_RL.sac_training_algorithm - [Stage1] Step 3000 | aux_loss: 0.0001
2025-12-12 17:07:15 [INFO] E2E_Teleoperation.E2E_RL.sac_training_algorithm - [Stage1] Step 3100 | aux_loss: 0.0001
2025-12-12 17:07:15 [INFO] E2E_Teleoperation.E2E_RL.sac_training_algorithm - [Stage1] Step 3200 | aux_loss: 0.0001
2025-12-12 17:07:16 [INFO] E2E_Teleoperation.E2E_RL.sac_training_algorithm - [Stage1] Step 3300 | aux_loss: 0.0001
2025-12-12 17:07:17 [INFO] E2E_Teleoperation.E2E_RL.sac_training_algorithm - [Stage1] Step 3400 | aux_loss: 0.0003
2025-12-12 17:07:18 [INFO] E2E_Teleoperation.E2E_RL.sac_training_algorithm - [Stage1] Step 3500 | aux_loss: 0.0001
2025-12-12 17:07:19 [INFO] E2E_Teleoperation.E2E_RL.sac_training_algorithm - [Stage1] Step 3600 | aux_loss: 0.0002
2025-12-12 17:07:20 [INFO] E2E_Teleoperation.E2E_RL.sac_training_algorithm - [Stage1] Step 3700 | aux_loss: 0.0001
2025-12-12 17:07:21 [INFO] E2E_Teleoperation.E2E_RL.sac_training_algorithm - [Stage1] Step 3800 | aux_loss: 0.0001
2025-12-12 17:07:22 [INFO] E2E_Teleoperation.E2E_RL.sac_training_algorithm - [Stage1] Step 3900 | aux_loss: 0.0000
2025-12-12 17:07:23 [INFO] E2E_Teleoperation.E2E_RL.sac_training_algorithm - [Stage1] Step 4000 | aux_loss: 0.0002
2025-12-12 17:07:24 [INFO] E2E_Teleoperation.E2E_RL.sac_training_algorithm - [Stage1] Step 4100 | aux_loss: 0.0001
2025-12-12 17:07:25 [INFO] E2E_Teleoperation.E2E_RL.sac_training_algorithm - [Stage1] Step 4200 | aux_loss: 0.0003
2025-12-12 17:07:26 [INFO] E2E_Teleoperation.E2E_RL.sac_training_algorithm - [Stage1] Step 4300 | aux_loss: 0.0001
2025-12-12 17:07:27 [INFO] E2E_Teleoperation.E2E_RL.sac_training_algorithm - [Stage1] Step 4400 | aux_loss: 0.0000
2025-12-12 17:07:28 [INFO] E2E_Teleoperation.E2E_RL.sac_training_algorithm - [Stage1] Step 4500 | aux_loss: 0.0001
2025-12-12 17:07:28 [INFO] E2E_Teleoperation.E2E_RL.sac_training_algorithm - [Stage1] Step 4600 | aux_loss: 0.0000
2025-12-12 17:07:29 [INFO] E2E_Teleoperation.E2E_RL.sac_training_algorithm - [Stage1] Step 4700 | aux_loss: 0.0001
2025-12-12 17:07:30 [INFO] E2E_Teleoperation.E2E_RL.sac_training_algorithm - [Stage1] Step 4800 | aux_loss: 0.0000
2025-12-12 17:07:31 [INFO] E2E_Teleoperation.E2E_RL.sac_training_algorithm - [Stage1] Step 4900 | aux_loss: 0.0001
2025-12-12 17:07:32 [INFO] E2E_Teleoperation.E2E_RL.sac_training_algorithm - [Stage1] Step 5000 | aux_loss: 0.0001
2025-12-12 17:07:33 [INFO] E2E_Teleoperation.E2E_RL.sac_training_algorithm - [Stage1] Step 5100 | aux_loss: 0.0000
2025-12-12 17:07:34 [INFO] E2E_Teleoperation.E2E_RL.sac_training_algorithm - [Stage1] Step 5200 | aux_loss: 0.0002
2025-12-12 17:07:35 [INFO] E2E_Teleoperation.E2E_RL.sac_training_algorithm - [Stage1] Step 5300 | aux_loss: 0.0000
2025-12-12 17:07:36 [INFO] E2E_Teleoperation.E2E_RL.sac_training_algorithm - [Stage1] Step 5400 | aux_loss: 0.0000
2025-12-12 17:07:38 [INFO] E2E_Teleoperation.E2E_RL.sac_training_algorithm - [Stage1] Step 5500 | aux_loss: 0.0000
2025-12-12 17:07:39 [INFO] E2E_Teleoperation.E2E_RL.sac_training_algorithm - [Stage1] Step 5600 | aux_loss: 0.0001
2025-12-12 17:07:40 [INFO] E2E_Teleoperation.E2E_RL.sac_training_algorithm - [Stage1] Step 5700 | aux_loss: 0.0000
2025-12-12 17:07:41 [INFO] E2E_Teleoperation.E2E_RL.sac_training_algorithm - [Stage1] Step 5800 | aux_loss: 0.0000
2025-12-12 17:07:41 [INFO] E2E_Teleoperation.E2E_RL.sac_training_algorithm - [Stage1] Step 5900 | aux_loss: 0.0002
2025-12-12 17:07:42 [INFO] E2E_Teleoperation.E2E_RL.sac_training_algorithm - [Stage1] Step 6000 | aux_loss: 0.0002
2025-12-12 17:07:43 [INFO] E2E_Teleoperation.E2E_RL.sac_training_algorithm - [Stage1] Step 6100 | aux_loss: 0.0000
2025-12-12 17:07:44 [INFO] E2E_Teleoperation.E2E_RL.sac_training_algorithm - [Stage1] Step 6200 | aux_loss: 0.0001
2025-12-12 17:07:45 [INFO] E2E_Teleoperation.E2E_RL.sac_training_algorithm - [Stage1] Step 6300 | aux_loss: 0.0001
2025-12-12 17:07:46 [INFO] E2E_Teleoperation.E2E_RL.sac_training_algorithm - [Stage1] Step 6400 | aux_loss: 0.0001
2025-12-12 17:07:47 [INFO] E2E_Teleoperation.E2E_RL.sac_training_algorithm - [Stage1] Step 6500 | aux_loss: 0.0002
2025-12-12 17:07:48 [INFO] E2E_Teleoperation.E2E_RL.sac_training_algorithm - [Stage1] Step 6600 | aux_loss: 0.0001
2025-12-12 17:07:49 [INFO] E2E_Teleoperation.E2E_RL.sac_training_algorithm - [Stage1] Step 6700 | aux_loss: 0.0001
2025-12-12 17:07:50 [INFO] E2E_Teleoperation.E2E_RL.sac_training_algorithm - [Stage1] Step 6800 | aux_loss: 0.0000
2025-12-12 17:07:51 [INFO] E2E_Teleoperation.E2E_RL.sac_training_algorithm - [Stage1] Step 6900 | aux_loss: 0.0002
2025-12-12 17:07:52 [INFO] E2E_Teleoperation.E2E_RL.sac_training_algorithm - [Stage1] Step 7000 | aux_loss: 0.0001
2025-12-12 17:07:52 [INFO] E2E_Teleoperation.E2E_RL.sac_training_algorithm - [Stage1] Step 7100 | aux_loss: 0.0000
2025-12-12 17:07:53 [INFO] E2E_Teleoperation.E2E_RL.sac_training_algorithm - [Stage1] Step 7200 | aux_loss: 0.0001
2025-12-12 17:07:54 [INFO] E2E_Teleoperation.E2E_RL.sac_training_algorithm - [Stage1] Step 7300 | aux_loss: 0.0002
2025-12-12 17:07:55 [INFO] E2E_Teleoperation.E2E_RL.sac_training_algorithm - [Stage1] Step 7400 | aux_loss: 0.0001
2025-12-12 17:07:56 [INFO] E2E_Teleoperation.E2E_RL.sac_training_algorithm - [Stage1] Step 7500 | aux_loss: 0.0001
2025-12-12 17:07:57 [INFO] E2E_Teleoperation.E2E_RL.sac_training_algorithm - [Stage1] Step 7600 | aux_loss: 0.0000
2025-12-12 17:07:58 [INFO] E2E_Teleoperation.E2E_RL.sac_training_algorithm - [Stage1] Step 7700 | aux_loss: 0.0000
2025-12-12 17:07:59 [INFO] E2E_Teleoperation.E2E_RL.sac_training_algorithm - [Stage1] Step 7800 | aux_loss: 0.0000
2025-12-12 17:08:00 [INFO] E2E_Teleoperation.E2E_RL.sac_training_algorithm - [Stage1] Step 7900 | aux_loss: 0.0001
2025-12-12 17:08:01 [INFO] E2E_Teleoperation.E2E_RL.sac_training_algorithm - [Stage1] Step 8000 | aux_loss: 0.0000
2025-12-12 17:08:02 [INFO] E2E_Teleoperation.E2E_RL.sac_training_algorithm - [Stage1] Step 8100 | aux_loss: 0.0000
2025-12-12 17:08:03 [INFO] E2E_Teleoperation.E2E_RL.sac_training_algorithm - [Stage1] Step 8200 | aux_loss: 0.0000
2025-12-12 17:08:03 [INFO] E2E_Teleoperation.E2E_RL.sac_training_algorithm - [Stage1] Step 8300 | aux_loss: 0.0000
2025-12-12 17:08:04 [INFO] E2E_Teleoperation.E2E_RL.sac_training_algorithm - [Stage1] Step 8400 | aux_loss: 0.0002
2025-12-12 17:08:05 [INFO] E2E_Teleoperation.E2E_RL.sac_training_algorithm - [Stage1] Step 8500 | aux_loss: 0.0001
2025-12-12 17:08:06 [INFO] E2E_Teleoperation.E2E_RL.sac_training_algorithm - [Stage1] Step 8600 | aux_loss: 0.0001
2025-12-12 17:08:07 [INFO] E2E_Teleoperation.E2E_RL.sac_training_algorithm - [Stage1] Step 8700 | aux_loss: 0.0002
2025-12-12 17:08:08 [INFO] E2E_Teleoperation.E2E_RL.sac_training_algorithm - [Stage1] Step 8800 | aux_loss: 0.0000
2025-12-12 17:08:09 [INFO] E2E_Teleoperation.E2E_RL.sac_training_algorithm - [Stage1] Step 8900 | aux_loss: 0.0001
2025-12-12 17:08:10 [INFO] E2E_Teleoperation.E2E_RL.sac_training_algorithm - [Stage1] Step 9000 | aux_loss: 0.0000
2025-12-12 17:08:11 [INFO] E2E_Teleoperation.E2E_RL.sac_training_algorithm - [Stage1] Step 9100 | aux_loss: 0.0000
2025-12-12 17:08:12 [INFO] E2E_Teleoperation.E2E_RL.sac_training_algorithm - [Stage1] Step 9200 | aux_loss: 0.0000
2025-12-12 17:08:13 [INFO] E2E_Teleoperation.E2E_RL.sac_training_algorithm - [Stage1] Step 9300 | aux_loss: 0.0001
2025-12-12 17:08:14 [INFO] E2E_Teleoperation.E2E_RL.sac_training_algorithm - [Stage1] Step 9400 | aux_loss: 0.0001
2025-12-12 17:08:15 [INFO] E2E_Teleoperation.E2E_RL.sac_training_algorithm - [Stage1] Step 9500 | aux_loss: 0.0001
2025-12-12 17:08:16 [INFO] E2E_Teleoperation.E2E_RL.sac_training_algorithm - [Stage1] Step 9600 | aux_loss: 0.0002
2025-12-12 17:08:17 [INFO] E2E_Teleoperation.E2E_RL.sac_training_algorithm - [Stage1] Step 9700 | aux_loss: 0.0001
2025-12-12 17:08:18 [INFO] E2E_Teleoperation.E2E_RL.sac_training_algorithm - [Stage1] Step 9800 | aux_loss: 0.0001
2025-12-12 17:08:18 [INFO] E2E_Teleoperation.E2E_RL.sac_training_algorithm - [Stage1] Step 9900 | aux_loss: 0.0001
2025-12-12 17:08:19 [INFO] E2E_Teleoperation.E2E_RL.sac_training_algorithm - [Stage1] Step 10000 | critic_loss: 14.0130 | q1_mean: 0.0579
2025-12-12 17:08:19 [INFO] E2E_Teleoperation.E2E_RL.sac_training_algorithm - FREEZING SHARED ENCODER
2025-12-12 17:08:21 [INFO] E2E_Teleoperation.E2E_RL.sac_training_algorithm - [Stage2_BC] Step 10100 | critic_loss: 0.6755 | q1_mean: 6.1283 | actor_loss: 75.6994 | bc_loss: 75.6994 | alpha: 0.0500
2025-12-12 17:08:22 [INFO] E2E_Teleoperation.E2E_RL.sac_training_algorithm - [Stage2_BC] Step 10200 | critic_loss: 0.1673 | q1_mean: 6.4010 | actor_loss: 25.4756 | bc_loss: 25.4756 | alpha: 0.0500
2025-12-12 17:08:23 [INFO] E2E_Teleoperation.E2E_RL.sac_training_algorithm - [Stage2_BC] Step 10300 | critic_loss: 0.0384 | q1_mean: 6.9595 | actor_loss: 12.6016 | bc_loss: 12.6016 | alpha: 0.0500
2025-12-12 17:08:25 [INFO] E2E_Teleoperation.E2E_RL.sac_training_algorithm - [Stage2_BC] Step 10400 | critic_loss: 0.0366 | q1_mean: 7.5233 | actor_loss: 11.8146 | bc_loss: 11.8146 | alpha: 0.0500
2025-12-12 17:08:26 [INFO] E2E_Teleoperation.E2E_RL.sac_training_algorithm - [Stage2_BC] Step 10500 | critic_loss: 0.0182 | q1_mean: 8.2676 | actor_loss: 12.8331 | bc_loss: 12.8331 | alpha: 0.0500
2025-12-12 17:08:28 [INFO] E2E_Teleoperation.E2E_RL.sac_training_algorithm - [Stage2_BC] Step 10600 | critic_loss: 0.0352 | q1_mean: 9.0734 | actor_loss: 11.3651 | bc_loss: 11.3651 | alpha: 0.0500
2025-12-12 17:08:29 [INFO] E2E_Teleoperation.E2E_RL.sac_training_algorithm - [Stage2_BC] Step 10700 | critic_loss: 0.0281 | q1_mean: 10.0264 | actor_loss: 10.1671 | bc_loss: 10.1671 | alpha: 0.0500
2025-12-12 17:08:30 [INFO] E2E_Teleoperation.E2E_RL.sac_training_algorithm - [Stage2_BC] Step 10800 | critic_loss: 0.0268 | q1_mean: 10.8368 | actor_loss: 7.1612 | bc_loss: 7.1612 | alpha: 0.0500
2025-12-12 17:08:32 [INFO] E2E_Teleoperation.E2E_RL.sac_training_algorithm - [Stage2_BC] Step 10900 | critic_loss: 0.0228 | q1_mean: 11.6371 | actor_loss: 8.6810 | bc_loss: 8.6810 | alpha: 0.0500
2025-12-12 17:08:34 [INFO] E2E_Teleoperation.E2E_RL.sac_training_algorithm - [Stage2_BC] Step 11000 | critic_loss: 0.0296 | q1_mean: 12.4721 | actor_loss: 3.5505 | bc_loss: 3.5505 | alpha: 0.0500
2025-12-12 17:08:35 [INFO] E2E_Teleoperation.E2E_RL.sac_training_algorithm - [Stage2_BC] Step 11100 | critic_loss: 0.0389 | q1_mean: 13.6664 | actor_loss: 6.5933 | bc_loss: 6.5933 | alpha: 0.0500
2025-12-12 17:08:37 [INFO] E2E_Teleoperation.E2E_RL.sac_training_algorithm - [Stage2_BC] Step 11200 | critic_loss: 0.0353 | q1_mean: 14.3707 | actor_loss: 6.1158 | bc_loss: 6.1158 | alpha: 0.0500
2025-12-12 17:08:38 [INFO] E2E_Teleoperation.E2E_RL.sac_training_algorithm - [Stage2_BC] Step 11300 | critic_loss: 0.0299 | q1_mean: 15.5149 | actor_loss: 9.5919 | bc_loss: 9.5919 | alpha: 0.0500
2025-12-12 17:08:40 [INFO] E2E_Teleoperation.E2E_RL.sac_training_algorithm - [Stage2_BC] Step 11400 | critic_loss: 0.0298 | q1_mean: 16.0466 | actor_loss: 6.8753 | bc_loss: 6.8753 | alpha: 0.0500
2025-12-12 17:08:41 [INFO] E2E_Teleoperation.E2E_RL.sac_training_algorithm - [Stage2_BC] Step 11500 | critic_loss: 0.0323 | q1_mean: 17.3357 | actor_loss: 6.6411 | bc_loss: 6.6411 | alpha: 0.0500
2025-12-12 17:08:42 [INFO] E2E_Teleoperation.E2E_RL.sac_training_algorithm - [Stage2_BC] Step 11600 | critic_loss: 0.0366 | q1_mean: 18.4500 | actor_loss: 5.8884 | bc_loss: 5.8884 | alpha: 0.0500
2025-12-12 17:08:44 [INFO] E2E_Teleoperation.E2E_RL.sac_training_algorithm - [Stage2_BC] Step 11700 | critic_loss: 0.0652 | q1_mean: 19.2177 | actor_loss: 19.4375 | bc_loss: 19.4375 | alpha: 0.0500
2025-12-12 17:08:45 [INFO] E2E_Teleoperation.E2E_RL.sac_training_algorithm - [Stage2_BC] Step 11800 | critic_loss: 0.0253 | q1_mean: 20.1807 | actor_loss: 4.3302 | bc_loss: 4.3302 | alpha: 0.0500
2025-12-12 17:08:46 [INFO] E2E_Teleoperation.E2E_RL.sac_training_algorithm - [Stage2_BC] Step 11900 | critic_loss: 0.0655 | q1_mean: 21.7566 | actor_loss: 5.6153 | bc_loss: 5.6153 | alpha: 0.0500
2025-12-12 17:08:48 [INFO] E2E_Teleoperation.E2E_RL.sac_training_algorithm - [Stage2_BC] Step 12000 | critic_loss: 0.0574 | q1_mean: 23.2558 | actor_loss: 18.8144 | bc_loss: 18.8144 | alpha: 0.0500
2025-12-12 17:08:49 [INFO] E2E_Teleoperation.E2E_RL.sac_training_algorithm - [Stage2_BC] Step 12100 | critic_loss: 0.0771 | q1_mean: 23.5803 | actor_loss: 3.4022 | bc_loss: 3.4022 | alpha: 0.0500
2025-12-12 17:08:50 [INFO] E2E_Teleoperation.E2E_RL.sac_training_algorithm - [Stage2_BC] Step 12200 | critic_loss: 0.0395 | q1_mean: 24.6110 | actor_loss: 11.7087 | bc_loss: 11.7087 | alpha: 0.0500
2025-12-12 17:08:52 [INFO] E2E_Teleoperation.E2E_RL.sac_training_algorithm - [Stage2_BC] Step 12300 | critic_loss: 0.0383 | q1_mean: 25.5781 | actor_loss: 2.7420 | bc_loss: 2.7420 | alpha: 0.0500
2025-12-12 17:08:53 [INFO] E2E_Teleoperation.E2E_RL.sac_training_algorithm - [Stage2_BC] Step 12400 | critic_loss: 0.0364 | q1_mean: 26.9143 | actor_loss: 2.7974 | bc_loss: 2.7974 | alpha: 0.0500
2025-12-12 17:08:55 [INFO] E2E_Teleoperation.E2E_RL.sac_training_algorithm - [Stage2_BC] Step 12500 | critic_loss: 0.3327 | q1_mean: 27.9566 | actor_loss: 8.0979 | bc_loss: 8.0979 | alpha: 0.0500
2025-12-12 17:08:56 [INFO] E2E_Teleoperation.E2E_RL.sac_training_algorithm - [Stage2_BC] Step 12600 | critic_loss: 0.0775 | q1_mean: 28.8168 | actor_loss: 1.9599 | bc_loss: 1.9599 | alpha: 0.0500
2025-12-12 17:08:57 [INFO] E2E_Teleoperation.E2E_RL.sac_training_algorithm - [Stage2_BC] Step 12700 | critic_loss: 0.0670 | q1_mean: 30.4104 | actor_loss: 3.6696 | bc_loss: 3.6696 | alpha: 0.0500
2025-12-12 17:08:59 [INFO] E2E_Teleoperation.E2E_RL.sac_training_algorithm - [Stage2_BC] Step 12800 | critic_loss: 0.2230 | q1_mean: 30.6813 | actor_loss: 1.9251 | bc_loss: 1.9251 | alpha: 0.0500
2025-12-12 17:09:00 [INFO] E2E_Teleoperation.E2E_RL.sac_training_algorithm - [Stage2_BC] Step 12900 | critic_loss: 0.0349 | q1_mean: 32.0479 | actor_loss: 8.6981 | bc_loss: 8.6981 | alpha: 0.0500
2025-12-12 17:09:01 [INFO] E2E_Teleoperation.E2E_RL.sac_training_algorithm - [Stage2_BC] Step 13000 | critic_loss: 0.0422 | q1_mean: 32.6950 | actor_loss: 9.3496 | bc_loss: 9.3496 | alpha: 0.0500
2025-12-12 17:09:03 [INFO] E2E_Teleoperation.E2E_RL.sac_training_algorithm - [Stage2_BC] Step 13100 | critic_loss: 0.0832 | q1_mean: 34.5540 | actor_loss: 3.7137 | bc_loss: 3.7137 | alpha: 0.0500
2025-12-12 17:09:04 [INFO] E2E_Teleoperation.E2E_RL.sac_training_algorithm - [Stage2_BC] Step 13200 | critic_loss: 0.0709 | q1_mean: 35.1167 | actor_loss: 2.1182 | bc_loss: 2.1182 | alpha: 0.0500
2025-12-12 17:09:05 [INFO] E2E_Teleoperation.E2E_RL.sac_training_algorithm - [Stage2_BC] Step 13300 | critic_loss: 0.0791 | q1_mean: 36.6179 | actor_loss: 4.6450 | bc_loss: 4.6450 | alpha: 0.0500
2025-12-12 17:09:07 [INFO] E2E_Teleoperation.E2E_RL.sac_training_algorithm - [Stage2_BC] Step 13400 | critic_loss: 0.1035 | q1_mean: 38.0429 | actor_loss: 3.5357 | bc_loss: 3.5357 | alpha: 0.0500
2025-12-12 17:09:08 [INFO] E2E_Teleoperation.E2E_RL.sac_training_algorithm - [Stage2_BC] Step 13500 | critic_loss: 0.0776 | q1_mean: 39.1073 | actor_loss: 2.7333 | bc_loss: 2.7333 | alpha: 0.0500
2025-12-12 17:09:09 [INFO] E2E_Teleoperation.E2E_RL.sac_training_algorithm - [Stage2_BC] Step 13600 | critic_loss: 0.0788 | q1_mean: 39.6857 | actor_loss: 1.7646 | bc_loss: 1.7646 | alpha: 0.0500
2025-12-12 17:09:11 [INFO] E2E_Teleoperation.E2E_RL.sac_training_algorithm - [Stage2_BC] Step 13700 | critic_loss: 0.2297 | q1_mean: 40.6703 | actor_loss: 1.9101 | bc_loss: 1.9101 | alpha: 0.0500
2025-12-12 17:09:12 [INFO] E2E_Teleoperation.E2E_RL.sac_training_algorithm - [Stage2_BC] Step 13800 | critic_loss: 0.0742 | q1_mean: 42.0771 | actor_loss: 6.6830 | bc_loss: 6.6830 | alpha: 0.0500
2025-12-12 17:09:14 [INFO] E2E_Teleoperation.E2E_RL.sac_training_algorithm - [Stage2_BC] Step 13900 | critic_loss: 0.0921 | q1_mean: 43.7660 | actor_loss: 5.6941 | bc_loss: 5.6941 | alpha: 0.0500
2025-12-12 17:09:15 [INFO] E2E_Teleoperation.E2E_RL.sac_training_algorithm - [Stage2_BC] Step 14000 | critic_loss: 0.0849 | q1_mean: 45.7584 | actor_loss: 5.6882 | bc_loss: 5.6882 | alpha: 0.0500
2025-12-12 17:09:16 [INFO] E2E_Teleoperation.E2E_RL.sac_training_algorithm - [Stage2_BC] Step 14100 | critic_loss: 0.0681 | q1_mean: 45.5665 | actor_loss: 2.7468 | bc_loss: 2.7468 | alpha: 0.0500
2025-12-12 17:09:18 [INFO] E2E_Teleoperation.E2E_RL.sac_training_algorithm - [Stage2_BC] Step 14200 | critic_loss: 0.1120 | q1_mean: 48.0525 | actor_loss: 2.5663 | bc_loss: 2.5663 | alpha: 0.0500
2025-12-12 17:09:19 [INFO] E2E_Teleoperation.E2E_RL.sac_training_algorithm - [Stage2_BC] Step 14300 | critic_loss: 0.0906 | q1_mean: 47.8150 | actor_loss: 1.7075 | bc_loss: 1.7075 | alpha: 0.0500
2025-12-12 17:09:21 [INFO] E2E_Teleoperation.E2E_RL.sac_training_algorithm - [Stage2_BC] Step 14400 | critic_loss: 0.2957 | q1_mean: 50.3502 | actor_loss: 3.4784 | bc_loss: 3.4784 | alpha: 0.0500
2025-12-12 17:09:22 [INFO] E2E_Teleoperation.E2E_RL.sac_training_algorithm - [Stage2_BC] Step 14500 | critic_loss: 0.0509 | q1_mean: 52.4302 | actor_loss: 7.7786 | bc_loss: 7.7786 | alpha: 0.0500
2025-12-12 17:09:23 [INFO] E2E_Teleoperation.E2E_RL.sac_training_algorithm - [Stage2_BC] Step 14600 | critic_loss: 0.5666 | q1_mean: 54.0048 | actor_loss: 4.9888 | bc_loss: 4.9888 | alpha: 0.0500
2025-12-12 17:09:25 [INFO] E2E_Teleoperation.E2E_RL.sac_training_algorithm - [Stage2_BC] Step 14700 | critic_loss: 0.1534 | q1_mean: 53.2576 | actor_loss: 2.4691 | bc_loss: 2.4691 | alpha: 0.0500
2025-12-12 17:09:26 [INFO] E2E_Teleoperation.E2E_RL.sac_training_algorithm - [Stage2_BC] Step 14800 | critic_loss: 0.2241 | q1_mean: 54.5168 | actor_loss: 14.5682 | bc_loss: 14.5682 | alpha: 0.0500
2025-12-12 17:09:27 [INFO] E2E_Teleoperation.E2E_RL.sac_training_algorithm - [Stage2_BC] Step 14900 | critic_loss: 0.0644 | q1_mean: 54.6339 | actor_loss: 2.7172 | bc_loss: 2.7172 | alpha: 0.0500
2025-12-12 17:09:29 [INFO] E2E_Teleoperation.E2E_RL.sac_training_algorithm - [Stage2_BC] Step 15000 | critic_loss: 0.0860 | q1_mean: 57.3037 | actor_loss: 2.4012 | bc_loss: 2.4012 | alpha: 0.0500
2025-12-12 17:09:30 [INFO] E2E_Teleoperation.E2E_RL.sac_training_algorithm - [Stage2_BC] Step 15100 | critic_loss: 0.1855 | q1_mean: 58.7323 | actor_loss: 5.0346 | bc_loss: 5.0346 | alpha: 0.0500
2025-12-12 17:09:32 [INFO] E2E_Teleoperation.E2E_RL.sac_training_algorithm - [Stage2_BC] Step 15200 | critic_loss: 0.1473 | q1_mean: 60.4575 | actor_loss: 7.9684 | bc_loss: 7.9684 | alpha: 0.0500
2025-12-12 17:09:33 [INFO] E2E_Teleoperation.E2E_RL.sac_training_algorithm - [Stage2_BC] Step 15300 | critic_loss: 0.1571 | q1_mean: 60.5643 | actor_loss: 1.6130 | bc_loss: 1.6130 | alpha: 0.0500
2025-12-12 17:09:35 [INFO] E2E_Teleoperation.E2E_RL.sac_training_algorithm - [Stage2_BC] Step 15400 | critic_loss: 0.0800 | q1_mean: 63.5937 | actor_loss: 8.6357 | bc_loss: 8.6357 | alpha: 0.0500
2025-12-12 17:09:36 [INFO] E2E_Teleoperation.E2E_RL.sac_training_algorithm - [Stage2_BC] Step 15500 | critic_loss: 0.1752 | q1_mean: 63.1054 | actor_loss: 6.8856 | bc_loss: 6.8856 | alpha: 0.0500
2025-12-12 17:09:38 [INFO] E2E_Teleoperation.E2E_RL.sac_training_algorithm - [Stage2_BC] Step 15600 | critic_loss: 0.1870 | q1_mean: 65.2694 | actor_loss: 5.7643 | bc_loss: 5.7643 | alpha: 0.0500
2025-12-12 17:09:39 [INFO] E2E_Teleoperation.E2E_RL.sac_training_algorithm - [Stage2_BC] Step 15700 | critic_loss: 0.1392 | q1_mean: 65.1807 | actor_loss: 3.1286 | bc_loss: 3.1286 | alpha: 0.0500
2025-12-12 17:09:41 [INFO] E2E_Teleoperation.E2E_RL.sac_training_algorithm - [Stage2_BC] Step 15800 | critic_loss: 0.1390 | q1_mean: 66.5139 | actor_loss: 2.7460 | bc_loss: 2.7460 | alpha: 0.0500
2025-12-12 17:09:42 [INFO] E2E_Teleoperation.E2E_RL.sac_training_algorithm - [Stage2_BC] Step 15900 | critic_loss: 0.1027 | q1_mean: 67.9364 | actor_loss: 2.1797 | bc_loss: 2.1797 | alpha: 0.0500
2025-12-12 17:09:43 [INFO] E2E_Teleoperation.E2E_RL.sac_training_algorithm - [Stage2_BC] Step 16000 | critic_loss: 0.0817 | q1_mean: 69.5177 | actor_loss: 2.7304 | bc_loss: 2.7304 | alpha: 0.0500
2025-12-12 17:09:45 [INFO] E2E_Teleoperation.E2E_RL.sac_training_algorithm - [Stage2_BC] Step 16100 | critic_loss: 0.0694 | q1_mean: 68.6402 | actor_loss: 2.5036 | bc_loss: 2.5036 | alpha: 0.0500
2025-12-12 17:09:46 [INFO] E2E_Teleoperation.E2E_RL.sac_training_algorithm - [Stage2_BC] Step 16200 | critic_loss: 0.0820 | q1_mean: 71.4478 | actor_loss: 1.6775 | bc_loss: 1.6775 | alpha: 0.0500
2025-12-12 17:09:48 [INFO] E2E_Teleoperation.E2E_RL.sac_training_algorithm - [Stage2_BC] Step 16300 | critic_loss: 0.0931 | q1_mean: 71.8091 | actor_loss: 1.5955 | bc_loss: 1.5955 | alpha: 0.0500
2025-12-12 17:09:49 [INFO] E2E_Teleoperation.E2E_RL.sac_training_algorithm - [Stage2_BC] Step 16400 | critic_loss: 0.1397 | q1_mean: 75.0438 | actor_loss: 5.7594 | bc_loss: 5.7594 | alpha: 0.0500
2025-12-12 17:09:52 [INFO] E2E_Teleoperation.E2E_RL.sac_training_algorithm - [Stage2_BC] Step 16500 | critic_loss: 0.5799 | q1_mean: 74.9641 | actor_loss: 1.4633 | bc_loss: 1.4633 | alpha: 0.0500
2025-12-12 17:09:53 [INFO] E2E_Teleoperation.E2E_RL.sac_training_algorithm - [Stage2_BC] Step 16600 | critic_loss: 0.2893 | q1_mean: 76.6239 | actor_loss: 11.1679 | bc_loss: 11.1679 | alpha: 0.0500
2025-12-12 17:09:55 [INFO] E2E_Teleoperation.E2E_RL.sac_training_algorithm - [Stage2_BC] Step 16700 | critic_loss: 0.1145 | q1_mean: 77.0239 | actor_loss: 2.0740 | bc_loss: 2.0740 | alpha: 0.0500
2025-12-12 17:09:56 [INFO] E2E_Teleoperation.E2E_RL.sac_training_algorithm - [Stage2_BC] Step 16800 | critic_loss: 0.1563 | q1_mean: 77.7682 | actor_loss: 1.7656 | bc_loss: 1.7656 | alpha: 0.0500
2025-12-12 17:09:58 [INFO] E2E_Teleoperation.E2E_RL.sac_training_algorithm - [Stage2_BC] Step 16900 | critic_loss: 0.3132 | q1_mean: 78.6922 | actor_loss: 5.3052 | bc_loss: 5.3052 | alpha: 0.0500
2025-12-12 17:09:59 [INFO] E2E_Teleoperation.E2E_RL.sac_training_algorithm - [Stage2_BC] Step 17000 | critic_loss: 0.0767 | q1_mean: 80.2224 | actor_loss: 7.1763 | bc_loss: 7.1763 | alpha: 0.0500
2025-12-12 17:10:01 [INFO] E2E_Teleoperation.E2E_RL.sac_training_algorithm - [Stage2_BC] Step 17100 | critic_loss: 0.5422 | q1_mean: 82.2499 | actor_loss: 3.5217 | bc_loss: 3.5217 | alpha: 0.0500
2025-12-12 17:10:02 [INFO] E2E_Teleoperation.E2E_RL.sac_training_algorithm - [Stage2_BC] Step 17200 | critic_loss: 0.6244 | q1_mean: 81.3046 | actor_loss: 1.5485 | bc_loss: 1.5485 | alpha: 0.0500
2025-12-12 17:10:03 [INFO] E2E_Teleoperation.E2E_RL.sac_training_algorithm - [Stage2_BC] Step 17300 | critic_loss: 0.5659 | q1_mean: 83.0546 | actor_loss: 13.3218 | bc_loss: 13.3218 | alpha: 0.0500
2025-12-12 17:10:05 [INFO] E2E_Teleoperation.E2E_RL.sac_training_algorithm - [Stage2_BC] Step 17400 | critic_loss: 0.7320 | q1_mean: 85.6302 | actor_loss: 1.7996 | bc_loss: 1.7996 | alpha: 0.0500
2025-12-12 17:10:06 [INFO] E2E_Teleoperation.E2E_RL.sac_training_algorithm - [Stage2_BC] Step 17500 | critic_loss: 0.2504 | q1_mean: 86.1895 | actor_loss: 1.5649 | bc_loss: 1.5649 | alpha: 0.0500
2025-12-12 17:10:08 [INFO] E2E_Teleoperation.E2E_RL.sac_training_algorithm - [Stage2_BC] Step 17600 | critic_loss: 0.4405 | q1_mean: 87.4772 | actor_loss: 2.1964 | bc_loss: 2.1964 | alpha: 0.0500
2025-12-12 17:10:09 [INFO] E2E_Teleoperation.E2E_RL.sac_training_algorithm - [Stage2_BC] Step 17700 | critic_loss: 0.1484 | q1_mean: 89.8761 | actor_loss: 2.3700 | bc_loss: 2.3700 | alpha: 0.0500
2025-12-12 17:10:10 [INFO] E2E_Teleoperation.E2E_RL.sac_training_algorithm - [Stage2_BC] Step 17800 | critic_loss: 0.0869 | q1_mean: 88.9651 | actor_loss: 2.7320 | bc_loss: 2.7320 | alpha: 0.0500
2025-12-12 17:10:12 [INFO] E2E_Teleoperation.E2E_RL.sac_training_algorithm - [Stage2_BC] Step 17900 | critic_loss: 0.1638 | q1_mean: 90.3742 | actor_loss: 1.5801 | bc_loss: 1.5801 | alpha: 0.0500
2025-12-12 17:10:13 [INFO] E2E_Teleoperation.E2E_RL.sac_training_algorithm - [Stage2_BC] Step 18000 | critic_loss: 0.0911 | q1_mean: 92.6352 | actor_loss: 2.6762 | bc_loss: 2.6762 | alpha: 0.0500
2025-12-12 17:10:14 [INFO] E2E_Teleoperation.E2E_RL.sac_training_algorithm - [Stage2_BC] Step 18100 | critic_loss: 0.1202 | q1_mean: 92.9512 | actor_loss: 1.8731 | bc_loss: 1.8731 | alpha: 0.0500
2025-12-12 17:10:16 [INFO] E2E_Teleoperation.E2E_RL.sac_training_algorithm - [Stage2_BC] Step 18200 | critic_loss: 0.0698 | q1_mean: 94.8515 | actor_loss: 1.7419 | bc_loss: 1.7419 | alpha: 0.0500
2025-12-12 17:10:17 [INFO] E2E_Teleoperation.E2E_RL.sac_training_algorithm - [Stage2_BC] Step 18300 | critic_loss: 0.1233 | q1_mean: 96.8292 | actor_loss: 4.0941 | bc_loss: 4.0941 | alpha: 0.0500
2025-12-12 17:10:19 [INFO] E2E_Teleoperation.E2E_RL.sac_training_algorithm - [Stage2_BC] Step 18400 | critic_loss: 0.1051 | q1_mean: 94.9903 | actor_loss: 2.6608 | bc_loss: 2.6608 | alpha: 0.0500
2025-12-12 17:10:20 [INFO] E2E_Teleoperation.E2E_RL.sac_training_algorithm - [Stage2_BC] Step 18500 | critic_loss: 0.3493 | q1_mean: 95.7098 | actor_loss: 2.8014 | bc_loss: 2.8014 | alpha: 0.0500
2025-12-12 17:10:21 [INFO] E2E_Teleoperation.E2E_RL.sac_training_algorithm - [Stage2_BC] Step 18600 | critic_loss: 0.1505 | q1_mean: 98.2581 | actor_loss: 10.6051 | bc_loss: 10.6051 | alpha: 0.0500
2025-12-12 17:10:23 [INFO] E2E_Teleoperation.E2E_RL.sac_training_algorithm - [Stage2_BC] Step 18700 | critic_loss: 0.1434 | q1_mean: 99.6901 | actor_loss: 3.2968 | bc_loss: 3.2968 | alpha: 0.0500
2025-12-12 17:10:24 [INFO] E2E_Teleoperation.E2E_RL.sac_training_algorithm - [Stage2_BC] Step 18800 | critic_loss: 0.2164 | q1_mean: 102.2182 | actor_loss: 3.0647 | bc_loss: 3.0647 | alpha: 0.0500
2025-12-12 17:10:26 [INFO] E2E_Teleoperation.E2E_RL.sac_training_algorithm - [Stage2_BC] Step 18900 | critic_loss: 0.1373 | q1_mean: 99.7658 | actor_loss: 1.6848 | bc_loss: 1.6848 | alpha: 0.0500
2025-12-12 17:10:27 [INFO] E2E_Teleoperation.E2E_RL.sac_training_algorithm - [Stage2_BC] Step 19000 | critic_loss: 0.1016 | q1_mean: 102.1141 | actor_loss: 1.5994 | bc_loss: 1.5994 | alpha: 0.0500
2025-12-12 17:10:28 [INFO] E2E_Teleoperation.E2E_RL.sac_training_algorithm - [Stage2_BC] Step 19100 | critic_loss: 0.7357 | q1_mean: 103.1487 | actor_loss: 1.8493 | bc_loss: 1.8493 | alpha: 0.0500
2025-12-12 17:10:30 [INFO] E2E_Teleoperation.E2E_RL.sac_training_algorithm - [Stage2_BC] Step 19200 | critic_loss: 0.2492 | q1_mean: 105.7452 | actor_loss: 5.7452 | bc_loss: 5.7452 | alpha: 0.0500
2025-12-12 17:10:31 [INFO] E2E_Teleoperation.E2E_RL.sac_training_algorithm - [Stage2_BC] Step 19300 | critic_loss: 0.1169 | q1_mean: 102.5232 | actor_loss: 1.6196 | bc_loss: 1.6196 | alpha: 0.0500
2025-12-12 17:10:32 [INFO] E2E_Teleoperation.E2E_RL.sac_training_algorithm - [Stage2_BC] Step 19400 | critic_loss: 0.1471 | q1_mean: 105.4195 | actor_loss: 3.2277 | bc_loss: 3.2277 | alpha: 0.0500
2025-12-12 17:10:34 [INFO] E2E_Teleoperation.E2E_RL.sac_training_algorithm - [Stage2_BC] Step 19500 | critic_loss: 0.1640 | q1_mean: 107.2436 | actor_loss: 1.6505 | bc_loss: 1.6505 | alpha: 0.0500
2025-12-12 17:10:35 [INFO] E2E_Teleoperation.E2E_RL.sac_training_algorithm - [Stage2_BC] Step 19600 | critic_loss: 0.6666 | q1_mean: 109.5387 | actor_loss: 1.7850 | bc_loss: 1.7850 | alpha: 0.0500
2025-12-12 17:10:37 [INFO] E2E_Teleoperation.E2E_RL.sac_training_algorithm - [Stage2_BC] Step 19700 | critic_loss: 0.5312 | q1_mean: 109.6472 | actor_loss: 1.9998 | bc_loss: 1.9998 | alpha: 0.0500
2025-12-12 17:10:38 [INFO] E2E_Teleoperation.E2E_RL.sac_training_algorithm - [Stage2_BC] Step 19800 | critic_loss: 0.3489 | q1_mean: 111.6202 | actor_loss: 2.4384 | bc_loss: 2.4384 | alpha: 0.0500
2025-12-12 17:10:39 [INFO] E2E_Teleoperation.E2E_RL.sac_training_algorithm - [Stage2_BC] Step 19900 | critic_loss: 0.0845 | q1_mean: 109.8800 | actor_loss: 1.5431 | bc_loss: 1.5431 | alpha: 0.0500
2025-12-12 17:10:41 [INFO] E2E_Teleoperation.E2E_RL.sac_training_algorithm - [Stage2_BC] Step 20000 | critic_loss: 0.2552 | q1_mean: 112.2237 | actor_loss: 2.8165 | bc_loss: 2.8165 | alpha: 0.0500
2025-12-12 17:11:20 [INFO] E2E_Teleoperation.E2E_RL.sac_training_algorithm - Validation Step 20000 | Reward: 4709.79
2025-12-12 17:11:21 [INFO] E2E_Teleoperation.E2E_RL.sac_training_algorithm - [Stage2_BC] Step 20100 | critic_loss: 0.3240 | q1_mean: 115.0660 | actor_loss: 2.4729 | bc_loss: 2.4729 | alpha: 0.0500
2025-12-12 17:11:23 [INFO] E2E_Teleoperation.E2E_RL.sac_training_algorithm - [Stage2_BC] Step 20200 | critic_loss: 0.2744 | q1_mean: 117.9581 | actor_loss: 1.3750 | bc_loss: 1.3750 | alpha: 0.0500
2025-12-12 17:11:24 [INFO] E2E_Teleoperation.E2E_RL.sac_training_algorithm - [Stage2_BC] Step 20300 | critic_loss: 0.1874 | q1_mean: 116.6814 | actor_loss: 1.4998 | bc_loss: 1.4998 | alpha: 0.0500
2025-12-12 17:11:25 [INFO] E2E_Teleoperation.E2E_RL.sac_training_algorithm - [Stage2_BC] Step 20400 | critic_loss: 0.8544 | q1_mean: 115.6158 | actor_loss: 1.4265 | bc_loss: 1.4265 | alpha: 0.0500
2025-12-12 17:11:27 [INFO] E2E_Teleoperation.E2E_RL.sac_training_algorithm - [Stage2_BC] Step 20500 | critic_loss: 0.2742 | q1_mean: 116.0696 | actor_loss: 1.4207 | bc_loss: 1.4207 | alpha: 0.0500
2025-12-12 17:11:28 [INFO] E2E_Teleoperation.E2E_RL.sac_training_algorithm - [Stage2_BC] Step 20600 | critic_loss: 0.8119 | q1_mean: 116.8684 | actor_loss: 1.4590 | bc_loss: 1.4590 | alpha: 0.0500
2025-12-12 17:11:30 [INFO] E2E_Teleoperation.E2E_RL.sac_training_algorithm - [Stage2_BC] Step 20700 | critic_loss: 0.4223 | q1_mean: 119.6505 | actor_loss: 2.1055 | bc_loss: 2.1055 | alpha: 0.0500
2025-12-12 17:11:31 [INFO] E2E_Teleoperation.E2E_RL.sac_training_algorithm - [Stage2_BC] Step 20800 | critic_loss: 1.5549 | q1_mean: 119.8060 | actor_loss: 1.4534 | bc_loss: 1.4534 | alpha: 0.0500
2025-12-12 17:11:33 [INFO] E2E_Teleoperation.E2E_RL.sac_training_algorithm - [Stage2_BC] Step 20900 | critic_loss: 1.3069 | q1_mean: 122.6392 | actor_loss: 1.8164 | bc_loss: 1.8164 | alpha: 0.0500
2025-12-12 17:11:34 [INFO] E2E_Teleoperation.E2E_RL.sac_training_algorithm - [Stage2_BC] Step 21000 | critic_loss: 2.0673 | q1_mean: 122.6650 | actor_loss: 1.3699 | bc_loss: 1.3699 | alpha: 0.0500
2025-12-12 17:11:35 [INFO] E2E_Teleoperation.E2E_RL.sac_training_algorithm - [Stage2_BC] Step 21100 | critic_loss: 0.7998 | q1_mean: 124.9735 | actor_loss: 1.7648 | bc_loss: 1.7648 | alpha: 0.0500
2025-12-12 17:11:37 [INFO] E2E_Teleoperation.E2E_RL.sac_training_algorithm - [Stage2_BC] Step 21200 | critic_loss: 0.2977 | q1_mean: 124.5906 | actor_loss: 1.7373 | bc_loss: 1.7373 | alpha: 0.0500
2025-12-12 17:11:38 [INFO] E2E_Teleoperation.E2E_RL.sac_training_algorithm - [Stage2_BC] Step 21300 | critic_loss: 1.8451 | q1_mean: 125.3164 | actor_loss: 1.9046 | bc_loss: 1.9046 | alpha: 0.0500
2025-12-12 17:11:40 [INFO] E2E_Teleoperation.E2E_RL.sac_training_algorithm - [Stage2_BC] Step 21400 | critic_loss: 0.2287 | q1_mean: 126.7938 | actor_loss: 2.1452 | bc_loss: 2.1452 | alpha: 0.0500
2025-12-12 17:11:41 [INFO] E2E_Teleoperation.E2E_RL.sac_training_algorithm - [Stage2_BC] Step 21500 | critic_loss: 0.1283 | q1_mean: 129.1956 | actor_loss: 1.3069 | bc_loss: 1.3069 | alpha: 0.0500
2025-12-12 17:11:42 [INFO] E2E_Teleoperation.E2E_RL.sac_training_algorithm - [Stage2_BC] Step 21600 | critic_loss: 0.1279 | q1_mean: 132.1605 | actor_loss: 1.5965 | bc_loss: 1.5965 | alpha: 0.0500
2025-12-12 17:11:44 [INFO] E2E_Teleoperation.E2E_RL.sac_training_algorithm - [Stage2_BC] Step 21700 | critic_loss: 0.3464 | q1_mean: 125.7634 | actor_loss: 1.5481 | bc_loss: 1.5481 | alpha: 0.0500
2025-12-12 17:11:45 [INFO] E2E_Teleoperation.E2E_RL.sac_training_algorithm - [Stage2_BC] Step 21800 | critic_loss: 1.3650 | q1_mean: 129.5078 | actor_loss: 3.3334 | bc_loss: 3.3334 | alpha: 0.0500
2025-12-12 17:11:46 [INFO] E2E_Teleoperation.E2E_RL.sac_training_algorithm - [Stage2_BC] Step 21900 | critic_loss: 0.3510 | q1_mean: 128.8714 | actor_loss: 1.2710 | bc_loss: 1.2710 | alpha: 0.0500
2025-12-12 17:11:48 [INFO] E2E_Teleoperation.E2E_RL.sac_training_algorithm - [Stage2_BC] Step 22000 | critic_loss: 0.2552 | q1_mean: 133.7802 | actor_loss: 1.6925 | bc_loss: 1.6925 | alpha: 0.0500
2025-12-12 17:11:49 [INFO] E2E_Teleoperation.E2E_RL.sac_training_algorithm - [Stage2_BC] Step 22100 | critic_loss: 1.9497 | q1_mean: 135.0351 | actor_loss: 1.2632 | bc_loss: 1.2632 | alpha: 0.0500
2025-12-12 17:11:51 [INFO] E2E_Teleoperation.E2E_RL.sac_training_algorithm - [Stage2_BC] Step 22200 | critic_loss: 0.6923 | q1_mean: 136.9904 | actor_loss: 1.4838 | bc_loss: 1.4838 | alpha: 0.0500
2025-12-12 17:11:52 [INFO] E2E_Teleoperation.E2E_RL.sac_training_algorithm - [Stage2_BC] Step 22300 | critic_loss: 1.3622 | q1_mean: 133.2960 | actor_loss: 7.9213 | bc_loss: 7.9213 | alpha: 0.0500
2025-12-12 17:11:54 [INFO] E2E_Teleoperation.E2E_RL.sac_training_algorithm - [Stage2_BC] Step 22400 | critic_loss: 0.1750 | q1_mean: 135.4052 | actor_loss: 1.5991 | bc_loss: 1.5991 | alpha: 0.0500
2025-12-12 17:11:55 [INFO] E2E_Teleoperation.E2E_RL.sac_training_algorithm - [Stage2_BC] Step 22500 | critic_loss: 0.1196 | q1_mean: 139.1495 | actor_loss: 1.2076 | bc_loss: 1.2076 | alpha: 0.0500
2025-12-12 17:11:56 [INFO] E2E_Teleoperation.E2E_RL.sac_training_algorithm - [Stage2_BC] Step 22600 | critic_loss: 1.2377 | q1_mean: 137.6551 | actor_loss: 1.4544 | bc_loss: 1.4544 | alpha: 0.0500
2025-12-12 17:11:58 [INFO] E2E_Teleoperation.E2E_RL.sac_training_algorithm - [Stage2_BC] Step 22700 | critic_loss: 0.2000 | q1_mean: 140.7576 | actor_loss: 8.4668 | bc_loss: 8.4668 | alpha: 0.0500
2025-12-12 17:11:59 [INFO] E2E_Teleoperation.E2E_RL.sac_training_algorithm - [Stage2_BC] Step 22800 | critic_loss: 0.1190 | q1_mean: 139.6828 | actor_loss: 9.7158 | bc_loss: 9.7158 | alpha: 0.0500
2025-12-12 17:12:01 [INFO] E2E_Teleoperation.E2E_RL.sac_training_algorithm - [Stage2_BC] Step 22900 | critic_loss: 0.6804 | q1_mean: 138.9617 | actor_loss: 1.4500 | bc_loss: 1.4500 | alpha: 0.0500
2025-12-12 17:12:02 [INFO] E2E_Teleoperation.E2E_RL.sac_training_algorithm - [Stage2_BC] Step 23000 | critic_loss: 0.5841 | q1_mean: 137.9343 | actor_loss: 1.1952 | bc_loss: 1.1952 | alpha: 0.0500
2025-12-12 17:12:04 [INFO] E2E_Teleoperation.E2E_RL.sac_training_algorithm - [Stage2_BC] Step 23100 | critic_loss: 0.4478 | q1_mean: 141.2430 | actor_loss: 2.0653 | bc_loss: 2.0653 | alpha: 0.0500
2025-12-12 17:12:05 [INFO] E2E_Teleoperation.E2E_RL.sac_training_algorithm - [Stage2_BC] Step 23200 | critic_loss: 0.1843 | q1_mean: 144.2852 | actor_loss: 1.3555 | bc_loss: 1.3555 | alpha: 0.0500
2025-12-12 17:12:07 [INFO] E2E_Teleoperation.E2E_RL.sac_training_algorithm - [Stage2_BC] Step 23300 | critic_loss: 0.3814 | q1_mean: 146.8543 | actor_loss: 2.4162 | bc_loss: 2.4162 | alpha: 0.0500
2025-12-12 17:12:08 [INFO] E2E_Teleoperation.E2E_RL.sac_training_algorithm - [Stage2_BC] Step 23400 | critic_loss: 0.2440 | q1_mean: 145.4822 | actor_loss: 1.1971 | bc_loss: 1.1971 | alpha: 0.0500
2025-12-12 17:12:09 [INFO] E2E_Teleoperation.E2E_RL.sac_training_algorithm - [Stage2_BC] Step 23500 | critic_loss: 0.2146 | q1_mean: 147.9217 | actor_loss: 1.2711 | bc_loss: 1.2711 | alpha: 0.0500
