[0.012s] Invoking command in '/media/kai/Kai_Backup/Master_Study/Master_Thesis/Implementation/libfranka_ws/build/multi_mode_controller_impl': AMENT_PREFIX_PATH=/media/kai/Kai_Backup/Master_Study/Master_Thesis/Implementation/libfranka_ws/install/multi_mode_controller:/media/kai/Kai_Backup/Master_Study/Master_Thesis/Implementation/libfranka_ws/install/franka_semantic_components:/media/kai/Kai_Backup/Master_Study/Master_Thesis/Implementation/libfranka_ws/install/franka_hardware:/media/kai/Kai_Backup/Master_Study/Master_Thesis/Implementation/libfranka_ws/install/mujoco_ros2_control:/media/kai/Kai_Backup/Master_Study/Master_Thesis/Implementation/libfranka_ws/install/multi_mode_control_msgs:/media/kai/Kai_Backup/Master_Study/Master_Thesis/Implementation/libfranka_ws/install/mujoco_ros:/media/kai/Kai_Backup/Master_Study/Master_Thesis/Implementation/libfranka_ws/install/mujoco_ros_msgs:/media/kai/Kai_Backup/Master_Study/Master_Thesis/Implementation/libfranka_ws/install/franka_msgs:${AMENT_PREFIX_PATH} CMAKE_PREFIX_PATH=/media/kai/Kai_Backup/Master_Study/Master_Thesis/Implementation/libfranka_ws/install/multi_mode_controller:/media/kai/Kai_Backup/Master_Study/Master_Thesis/Implementation/libfranka_ws/install/franka_semantic_components:/media/kai/Kai_Backup/Master_Study/Master_Thesis/Implementation/libfranka_ws/install/franka_hardware:/media/kai/Kai_Backup/Master_Study/Master_Thesis/Implementation/libfranka_ws/install/mujoco_ros2_control:/media/kai/Kai_Backup/Master_Study/Master_Thesis/Implementation/libfranka_ws/install/multi_mode_control_msgs:/media/kai/Kai_Backup/Master_Study/Master_Thesis/Implementation/libfranka_ws/install/mujoco_ros:/media/kai/Kai_Backup/Master_Study/Master_Thesis/Implementation/libfranka_ws/install/mujoco_ros_msgs:/media/kai/Kai_Backup/Master_Study/Master_Thesis/Implementation/libfranka_ws/install/franka_msgs:/home/kai/Libraries/mujoco/lib/cmake:/home/kai/Libraries/libfranka/lib/cmake:/media/kai/Kai_Backup/Master_Study/Master_Thesis/Implementation/libfranka_ws/install/Model_based_Reinforcement_Learning_In_Teleoperation:/opt/ros/humble LD_LIBRARY_PATH=/media/kai/Kai_Backup/Master_Study/Master_Thesis/Implementation/libfranka_ws/install/multi_mode_controller/lib:/media/kai/Kai_Backup/Master_Study/Master_Thesis/Implementation/libfranka_ws/install/franka_semantic_components/lib:/media/kai/Kai_Backup/Master_Study/Master_Thesis/Implementation/libfranka_ws/install/franka_hardware/lib:/media/kai/Kai_Backup/Master_Study/Master_Thesis/Implementation/libfranka_ws/install/mujoco_ros2_control/lib:/media/kai/Kai_Backup/Master_Study/Master_Thesis/Implementation/libfranka_ws/install/multi_mode_control_msgs/lib:/media/kai/Kai_Backup/Master_Study/Master_Thesis/Implementation/libfranka_ws/install/mujoco_ros/lib:/media/kai/Kai_Backup/Master_Study/Master_Thesis/Implementation/libfranka_ws/install/mujoco_ros_msgs/lib:/media/kai/Kai_Backup/Master_Study/Master_Thesis/Implementation/libfranka_ws/install/franka_msgs/lib:/opt/ros/humble/opt/rviz_ogre_vendor/lib:/opt/ros/humble/lib/x86_64-linux-gnu:/opt/ros/humble/lib:/home/kai/Libraries/libfranka/lib:/home/kai/Libraries/mujoco/lib:/home/kai/Libraries/mujoco/lib PYTHONPATH=/media/kai/Kai_Backup/Master_Study/Master_Thesis/Implementation/libfranka_ws/install/multi_mode_control_msgs/local/lib/python3.10/dist-packages:/media/kai/Kai_Backup/Master_Study/Master_Thesis/Implementation/libfranka_ws/install/mujoco_ros_msgs/local/lib/python3.10/dist-packages:/media/kai/Kai_Backup/Master_Study/Master_Thesis/Implementation/libfranka_ws/install/franka_msgs/local/lib/python3.10/dist-packages:${PYTHONPATH} /usr/bin/cmake /media/kai/Kai_Backup/Master_Study/Master_Thesis/Implementation/libfranka_ws/src/multipanda_ros2/franka_multi_mode_controller/multi_mode_controller_impl -DAMENT_CMAKE_SYMLINK_INSTALL=1 -DCMAKE_INSTALL_PREFIX=/media/kai/Kai_Backup/Master_Study/Master_Thesis/Implementation/libfranka_ws/install/multi_mode_controller_impl
[0.063s] -- The C compiler identification is GNU 11.4.0
[0.115s] -- The CXX compiler identification is GNU 11.4.0
[0.123s] -- Detecting C compiler ABI info
[0.182s] -- Detecting C compiler ABI info - done
[0.188s] -- Check for working C compiler: /usr/bin/cc - skipped
[0.188s] -- Detecting C compile features
[0.189s] -- Detecting C compile features - done
[0.191s] -- Detecting CXX compiler ABI info
[0.260s] -- Detecting CXX compiler ABI info - done
[0.267s] -- Check for working CXX compiler: /usr/bin/c++ - skipped
[0.267s] -- Detecting CXX compile features
[0.267s] -- Detecting CXX compile features - done
[0.271s] -- Found ament_cmake: 1.3.12 (/opt/ros/humble/share/ament_cmake/cmake)
[0.415s] -- Found Python3: /usr/bin/python3 (found version "3.10.12") found components: Interpreter 
[0.473s] -- Override CMake install command with custom implementation using symlinks instead of copying resources
[0.511s] -- Found rclcpp: 16.0.15 (/opt/ros/humble/share/rclcpp/cmake)
[0.562s] -- Found rosidl_generator_c: 3.1.7 (/opt/ros/humble/share/rosidl_generator_c/cmake)
[0.569s] -- Found rosidl_adapter: 3.1.7 (/opt/ros/humble/share/rosidl_adapter/cmake)
[0.580s] -- Found rosidl_generator_cpp: 3.1.7 (/opt/ros/humble/share/rosidl_generator_cpp/cmake)
[0.595s] -- Using all available rosidl_typesupport_c: rosidl_typesupport_fastrtps_c;rosidl_typesupport_introspection_c
[0.614s] -- Using all available rosidl_typesupport_cpp: rosidl_typesupport_fastrtps_cpp;rosidl_typesupport_introspection_cpp
[0.668s] -- Found rmw_implementation_cmake: 6.1.2 (/opt/ros/humble/share/rmw_implementation_cmake/cmake)
[0.672s] -- Found rmw_fastrtps_cpp: 6.2.8 (/opt/ros/humble/share/rmw_fastrtps_cpp/cmake)
[0.758s] -- Found OpenSSL: /usr/lib/x86_64-linux-gnu/libcrypto.so (found version "3.0.2")  
[0.784s] -- Found FastRTPS: /opt/ros/humble/include  
[0.825s] -- Using RMW implementation 'rmw_fastrtps_cpp' as default
[0.836s] -- Looking for pthread.h
[0.900s] -- Looking for pthread.h - found
[0.900s] -- Performing Test CMAKE_HAVE_LIBC_PTHREAD
[0.964s] -- Performing Test CMAKE_HAVE_LIBC_PTHREAD - Success
[0.964s] -- Found Threads: TRUE  
[1.017s] -- Found controller_interface: 2.52.0 (/opt/ros/humble/share/controller_interface/cmake)
[1.180s] -- Found franka_msgs: 0.0.0 (/media/kai/Kai_Backup/Master_Study/Master_Thesis/Implementation/libfranka_ws/install/franka_msgs/share/franka_msgs/cmake)
[1.202s] -- Found multi_mode_controller: 0.0.0 (/media/kai/Kai_Backup/Master_Study/Master_Thesis/Implementation/libfranka_ws/install/multi_mode_controller/share/multi_mode_controller/cmake)
[1.355s] -- Found eigen3_cmake_module: 0.1.1 (/opt/ros/humble/share/eigen3_cmake_module/cmake)
[1.356s] -- Found Eigen3: TRUE (found version "3.3.9") 
[1.356s] -- Ensuring Eigen3 include directory is part of orocos-kdl CMake target
[1.415s] [33mCMake Warning (dev) at /usr/share/cmake-3.22/Modules/FindOpenGL.cmake:315 (message):
[1.415s]   Policy CMP0072 is not set: FindOpenGL prefers GLVND by default when
[1.415s]   available.  Run "cmake --help-policy CMP0072" for policy details.  Use the
[1.415s]   cmake_policy command to set the policy and suppress this warning.
[1.415s] 
[1.415s]   FindOpenGL found both a legacy GL library:
[1.415s] 
[1.416s]     OPENGL_gl_LIBRARY: /usr/lib/x86_64-linux-gnu/libGL.so
[1.416s] 
[1.416s]   and GLVND libraries for OpenGL and GLX:
[1.416s] 
[1.416s]     OPENGL_opengl_LIBRARY: /usr/lib/x86_64-linux-gnu/libOpenGL.so
[1.416s]     OPENGL_glx_LIBRARY: /usr/lib/x86_64-linux-gnu/libGLX.so
[1.416s] 
[1.416s]   OpenGL_GL_PREFERENCE has not been set to "GLVND" or "LEGACY", so for
[1.416s]   compatibility with CMake 3.10 and below the legacy GL library will be used.
[1.416s] Call Stack (most recent call first):
[1.416s]   /usr/share/cmake-3.22/Modules/CMakeFindDependencyMacro.cmake:47 (find_package)
[1.416s]   /home/kai/Libraries/mujoco/lib/cmake/mujoco/mujocoConfig.cmake:42 (find_dependency)
[1.416s]   /media/kai/Kai_Backup/Master_Study/Master_Thesis/Implementation/libfranka_ws/install/mujoco_ros/share/mujoco_ros/cmake/ament_cmake_export_dependencies-extras.cmake:21 (find_package)
[1.416s]   /media/kai/Kai_Backup/Master_Study/Master_Thesis/Implementation/libfranka_ws/install/mujoco_ros/share/mujoco_ros/cmake/mujoco_rosConfig.cmake:41 (include)
[1.416s]   /media/kai/Kai_Backup/Master_Study/Master_Thesis/Implementation/libfranka_ws/install/mujoco_ros2_control/share/mujoco_ros2_control/cmake/ament_cmake_export_dependencies-extras.cmake:21 (find_package)
[1.416s]   /media/kai/Kai_Backup/Master_Study/Master_Thesis/Implementation/libfranka_ws/install/mujoco_ros2_control/share/mujoco_ros2_control/cmake/mujoco_ros2_controlConfig.cmake:41 (include)
[1.416s]   /media/kai/Kai_Backup/Master_Study/Master_Thesis/Implementation/libfranka_ws/install/franka_hardware/share/franka_hardware/cmake/ament_cmake_export_dependencies-extras.cmake:21 (find_package)
[1.416s]   /media/kai/Kai_Backup/Master_Study/Master_Thesis/Implementation/libfranka_ws/install/franka_hardware/share/franka_hardware/cmake/franka_hardwareConfig.cmake:41 (include)
[1.417s]   /media/kai/Kai_Backup/Master_Study/Master_Thesis/Implementation/libfranka_ws/install/franka_semantic_components/share/franka_semantic_components/cmake/ament_cmake_export_dependencies-extras.cmake:21 (find_package)
[1.417s]   /media/kai/Kai_Backup/Master_Study/Master_Thesis/Implementation/libfranka_ws/install/franka_semantic_components/share/franka_semantic_components/cmake/franka_semantic_componentsConfig.cmake:41 (include)
[1.417s]   /media/kai/Kai_Backup/Master_Study/Master_Thesis/Implementation/libfranka_ws/install/multi_mode_controller/share/multi_mode_controller/cmake/ament_cmake_export_dependencies-extras.cmake:21 (find_package)
[1.417s]   /media/kai/Kai_Backup/Master_Study/Master_Thesis/Implementation/libfranka_ws/install/multi_mode_controller/share/multi_mode_controller/cmake/multi_mode_controllerConfig.cmake:41 (include)
[1.417s]   CMakeLists.txt:26 (find_package)
[1.417s] This warning is for project developers.  Use -Wno-dev to suppress it.
[1.417s] [0m
[1.452s] -- Found multi_mode_control_msgs: 0.0.0 (/media/kai/Kai_Backup/Master_Study/Master_Thesis/Implementation/libfranka_ws/install/multi_mode_control_msgs/share/multi_mode_control_msgs/cmake)
[1.485s] -- Found ament_lint_auto: 0.12.14 (/opt/ros/humble/share/ament_lint_auto/cmake)
[1.585s] -- Added test 'cppcheck' to perform static code analysis on C / C++ code
[1.585s] -- Configured cppcheck include dirs: /media/kai/Kai_Backup/Master_Study/Master_Thesis/Implementation/libfranka_ws/src/multipanda_ros2/franka_multi_mode_controller/multi_mode_controller_impl/include
[1.585s] -- Configured cppcheck exclude dirs and/or files: 
[1.586s] -- Added test 'lint_cmake' to check CMake code style
[1.587s] -- Added test 'uncrustify' to check C / C++ code style
[1.587s] -- Configured uncrustify additional arguments: 
[1.588s] -- Added test 'xmllint' to check XML markup files
[1.592s] -- Configuring done
[1.630s] -- Generating done
[1.637s] -- Build files have been written to: /media/kai/Kai_Backup/Master_Study/Master_Thesis/Implementation/libfranka_ws/build/multi_mode_controller_impl
[1.647s] Invoked command in '/media/kai/Kai_Backup/Master_Study/Master_Thesis/Implementation/libfranka_ws/build/multi_mode_controller_impl' returned '0': AMENT_PREFIX_PATH=/media/kai/Kai_Backup/Master_Study/Master_Thesis/Implementation/libfranka_ws/install/multi_mode_controller:/media/kai/Kai_Backup/Master_Study/Master_Thesis/Implementation/libfranka_ws/install/franka_semantic_components:/media/kai/Kai_Backup/Master_Study/Master_Thesis/Implementation/libfranka_ws/install/franka_hardware:/media/kai/Kai_Backup/Master_Study/Master_Thesis/Implementation/libfranka_ws/install/mujoco_ros2_control:/media/kai/Kai_Backup/Master_Study/Master_Thesis/Implementation/libfranka_ws/install/multi_mode_control_msgs:/media/kai/Kai_Backup/Master_Study/Master_Thesis/Implementation/libfranka_ws/install/mujoco_ros:/media/kai/Kai_Backup/Master_Study/Master_Thesis/Implementation/libfranka_ws/install/mujoco_ros_msgs:/media/kai/Kai_Backup/Master_Study/Master_Thesis/Implementation/libfranka_ws/install/franka_msgs:${AMENT_PREFIX_PATH} CMAKE_PREFIX_PATH=/media/kai/Kai_Backup/Master_Study/Master_Thesis/Implementation/libfranka_ws/install/multi_mode_controller:/media/kai/Kai_Backup/Master_Study/Master_Thesis/Implementation/libfranka_ws/install/franka_semantic_components:/media/kai/Kai_Backup/Master_Study/Master_Thesis/Implementation/libfranka_ws/install/franka_hardware:/media/kai/Kai_Backup/Master_Study/Master_Thesis/Implementation/libfranka_ws/install/mujoco_ros2_control:/media/kai/Kai_Backup/Master_Study/Master_Thesis/Implementation/libfranka_ws/install/multi_mode_control_msgs:/media/kai/Kai_Backup/Master_Study/Master_Thesis/Implementation/libfranka_ws/install/mujoco_ros:/media/kai/Kai_Backup/Master_Study/Master_Thesis/Implementation/libfranka_ws/install/mujoco_ros_msgs:/media/kai/Kai_Backup/Master_Study/Master_Thesis/Implementation/libfranka_ws/install/franka_msgs:/home/kai/Libraries/mujoco/lib/cmake:/home/kai/Libraries/libfranka/lib/cmake:/media/kai/Kai_Backup/Master_Study/Master_Thesis/Implementation/libfranka_ws/install/Model_based_Reinforcement_Learning_In_Teleoperation:/opt/ros/humble LD_LIBRARY_PATH=/media/kai/Kai_Backup/Master_Study/Master_Thesis/Implementation/libfranka_ws/install/multi_mode_controller/lib:/media/kai/Kai_Backup/Master_Study/Master_Thesis/Implementation/libfranka_ws/install/franka_semantic_components/lib:/media/kai/Kai_Backup/Master_Study/Master_Thesis/Implementation/libfranka_ws/install/franka_hardware/lib:/media/kai/Kai_Backup/Master_Study/Master_Thesis/Implementation/libfranka_ws/install/mujoco_ros2_control/lib:/media/kai/Kai_Backup/Master_Study/Master_Thesis/Implementation/libfranka_ws/install/multi_mode_control_msgs/lib:/media/kai/Kai_Backup/Master_Study/Master_Thesis/Implementation/libfranka_ws/install/mujoco_ros/lib:/media/kai/Kai_Backup/Master_Study/Master_Thesis/Implementation/libfranka_ws/install/mujoco_ros_msgs/lib:/media/kai/Kai_Backup/Master_Study/Master_Thesis/Implementation/libfranka_ws/install/franka_msgs/lib:/opt/ros/humble/opt/rviz_ogre_vendor/lib:/opt/ros/humble/lib/x86_64-linux-gnu:/opt/ros/humble/lib:/home/kai/Libraries/libfranka/lib:/home/kai/Libraries/mujoco/lib:/home/kai/Libraries/mujoco/lib PYTHONPATH=/media/kai/Kai_Backup/Master_Study/Master_Thesis/Implementation/libfranka_ws/install/multi_mode_control_msgs/local/lib/python3.10/dist-packages:/media/kai/Kai_Backup/Master_Study/Master_Thesis/Implementation/libfranka_ws/install/mujoco_ros_msgs/local/lib/python3.10/dist-packages:/media/kai/Kai_Backup/Master_Study/Master_Thesis/Implementation/libfranka_ws/install/franka_msgs/local/lib/python3.10/dist-packages:${PYTHONPATH} /usr/bin/cmake /media/kai/Kai_Backup/Master_Study/Master_Thesis/Implementation/libfranka_ws/src/multipanda_ros2/franka_multi_mode_controller/multi_mode_controller_impl -DAMENT_CMAKE_SYMLINK_INSTALL=1 -DCMAKE_INSTALL_PREFIX=/media/kai/Kai_Backup/Master_Study/Master_Thesis/Implementation/libfranka_ws/install/multi_mode_controller_impl
[1.648s] Invoking command in '/media/kai/Kai_Backup/Master_Study/Master_Thesis/Implementation/libfranka_ws/build/multi_mode_controller_impl': AMENT_PREFIX_PATH=/media/kai/Kai_Backup/Master_Study/Master_Thesis/Implementation/libfranka_ws/install/multi_mode_controller:/media/kai/Kai_Backup/Master_Study/Master_Thesis/Implementation/libfranka_ws/install/franka_semantic_components:/media/kai/Kai_Backup/Master_Study/Master_Thesis/Implementation/libfranka_ws/install/franka_hardware:/media/kai/Kai_Backup/Master_Study/Master_Thesis/Implementation/libfranka_ws/install/mujoco_ros2_control:/media/kai/Kai_Backup/Master_Study/Master_Thesis/Implementation/libfranka_ws/install/multi_mode_control_msgs:/media/kai/Kai_Backup/Master_Study/Master_Thesis/Implementation/libfranka_ws/install/mujoco_ros:/media/kai/Kai_Backup/Master_Study/Master_Thesis/Implementation/libfranka_ws/install/mujoco_ros_msgs:/media/kai/Kai_Backup/Master_Study/Master_Thesis/Implementation/libfranka_ws/install/franka_msgs:${AMENT_PREFIX_PATH} CMAKE_PREFIX_PATH=/media/kai/Kai_Backup/Master_Study/Master_Thesis/Implementation/libfranka_ws/install/multi_mode_controller:/media/kai/Kai_Backup/Master_Study/Master_Thesis/Implementation/libfranka_ws/install/franka_semantic_components:/media/kai/Kai_Backup/Master_Study/Master_Thesis/Implementation/libfranka_ws/install/franka_hardware:/media/kai/Kai_Backup/Master_Study/Master_Thesis/Implementation/libfranka_ws/install/mujoco_ros2_control:/media/kai/Kai_Backup/Master_Study/Master_Thesis/Implementation/libfranka_ws/install/multi_mode_control_msgs:/media/kai/Kai_Backup/Master_Study/Master_Thesis/Implementation/libfranka_ws/install/mujoco_ros:/media/kai/Kai_Backup/Master_Study/Master_Thesis/Implementation/libfranka_ws/install/mujoco_ros_msgs:/media/kai/Kai_Backup/Master_Study/Master_Thesis/Implementation/libfranka_ws/install/franka_msgs:/home/kai/Libraries/mujoco/lib/cmake:/home/kai/Libraries/libfranka/lib/cmake:/media/kai/Kai_Backup/Master_Study/Master_Thesis/Implementation/libfranka_ws/install/Model_based_Reinforcement_Learning_In_Teleoperation:/opt/ros/humble LD_LIBRARY_PATH=/media/kai/Kai_Backup/Master_Study/Master_Thesis/Implementation/libfranka_ws/install/multi_mode_controller/lib:/media/kai/Kai_Backup/Master_Study/Master_Thesis/Implementation/libfranka_ws/install/franka_semantic_components/lib:/media/kai/Kai_Backup/Master_Study/Master_Thesis/Implementation/libfranka_ws/install/franka_hardware/lib:/media/kai/Kai_Backup/Master_Study/Master_Thesis/Implementation/libfranka_ws/install/mujoco_ros2_control/lib:/media/kai/Kai_Backup/Master_Study/Master_Thesis/Implementation/libfranka_ws/install/multi_mode_control_msgs/lib:/media/kai/Kai_Backup/Master_Study/Master_Thesis/Implementation/libfranka_ws/install/mujoco_ros/lib:/media/kai/Kai_Backup/Master_Study/Master_Thesis/Implementation/libfranka_ws/install/mujoco_ros_msgs/lib:/media/kai/Kai_Backup/Master_Study/Master_Thesis/Implementation/libfranka_ws/install/franka_msgs/lib:/opt/ros/humble/opt/rviz_ogre_vendor/lib:/opt/ros/humble/lib/x86_64-linux-gnu:/opt/ros/humble/lib:/home/kai/Libraries/libfranka/lib:/home/kai/Libraries/mujoco/lib:/home/kai/Libraries/mujoco/lib PYTHONPATH=/media/kai/Kai_Backup/Master_Study/Master_Thesis/Implementation/libfranka_ws/install/multi_mode_control_msgs/local/lib/python3.10/dist-packages:/media/kai/Kai_Backup/Master_Study/Master_Thesis/Implementation/libfranka_ws/install/mujoco_ros_msgs/local/lib/python3.10/dist-packages:/media/kai/Kai_Backup/Master_Study/Master_Thesis/Implementation/libfranka_ws/install/franka_msgs/local/lib/python3.10/dist-packages:${PYTHONPATH} /usr/bin/cmake --build /media/kai/Kai_Backup/Master_Study/Master_Thesis/Implementation/libfranka_ws/build/multi_mode_controller_impl -- -j9 -l9
[1.696s] [ 50%] [32mBuilding CXX object CMakeFiles/multi_mode_controller_impl.dir/src/multi_mode_controller.cpp.o[0m
[6.819s] In file included from [01m[K/media/kai/Kai_Backup/Master_Study/Master_Thesis/Implementation/libfranka_ws/src/multipanda_ros2/franka_multi_mode_controller/multi_mode_controller_impl/include/multi_mode_controller_impl/multi_mode_controller.h:33[m[K,
[6.819s]                  from [01m[K/media/kai/Kai_Backup/Master_Study/Master_Thesis/Implementation/libfranka_ws/src/multipanda_ros2/franka_multi_mode_controller/multi_mode_controller_impl/src/multi_mode_controller.cpp:15[m[K:
[6.820s] [01m[K/media/kai/Kai_Backup/Master_Study/Master_Thesis/Implementation/libfranka_ws/install/multi_mode_controller/include/multi_mode_controller/utils/conversions.h:[m[K In function ‘[01m[Kstd::string vectorToResource(const std::vector<std::__cxx11::basic_string<char> >&)[m[K’:
[6.820s] [01m[K/media/kai/Kai_Backup/Master_Study/Master_Thesis/Implementation/libfranka_ws/install/multi_mode_controller/include/multi_mode_controller/utils/conversions.h:32:17:[m[K [01;35m[Kwarning: [m[Kcomparison of integer expressions of different signedness: ‘[01m[Kint[m[K’ and ‘[01m[Kstd::vector<std::__cxx11::basic_string<char> >::size_type[m[K’ {aka ‘[01m[Klong unsigned int[m[K’} [[01;35m[K]8;;https://gcc.gnu.org/onlinedocs/gcc/Warning-Options.html#index-Wsign-compare-Wsign-compare]8;;[m[K]
[6.820s]    32 |   for (int i=1;[01;35m[Ki<vec.size()[m[K;++i) {
[6.820s]       |                [01;35m[K~^~~~~~~~~~~[m[K
[7.023s] [01m[K/media/kai/Kai_Backup/Master_Study/Master_Thesis/Implementation/libfranka_ws/src/multipanda_ros2/franka_multi_mode_controller/multi_mode_controller_impl/src/multi_mode_controller.cpp:[m[K In member function ‘[01m[Kvirtual controller_interface::InterfaceConfiguration multi_mode_controller::MultiModeController::command_interface_configuration() const[m[K’:
[7.023s] [01m[K/media/kai/Kai_Backup/Master_Study/Master_Thesis/Implementation/libfranka_ws/src/multipanda_ros2/franka_multi_mode_controller/multi_mode_controller_impl/src/multi_mode_controller.cpp:40:26:[m[K [01;35m[Kwarning: [m[Kcomparison of integer expressions of different signedness: ‘[01m[Ksize_t[m[K’ {aka ‘[01m[Klong unsigned int[m[K’} and ‘[01m[Kconst int[m[K’ [[01;35m[K]8;;https://gcc.gnu.org/onlinedocs/gcc/Warning-Options.html#index-Wsign-compare-Wsign-compare]8;;[m[K]
[7.024s]    40 |     for (size_t i = 1; [01;35m[Ki <= num_joints[m[K; ++i) {
[7.024s]       |                        [01;35m[K~~^~~~~~~~~~~~~[m[K
[11.438s] [100%] [32m[1mLinking CXX shared library libmulti_mode_controller_impl.so[0m
[11.899s] [100%] Built target multi_mode_controller_impl
[11.910s] Invoked command in '/media/kai/Kai_Backup/Master_Study/Master_Thesis/Implementation/libfranka_ws/build/multi_mode_controller_impl' returned '0': AMENT_PREFIX_PATH=/media/kai/Kai_Backup/Master_Study/Master_Thesis/Implementation/libfranka_ws/install/multi_mode_controller:/media/kai/Kai_Backup/Master_Study/Master_Thesis/Implementation/libfranka_ws/install/franka_semantic_components:/media/kai/Kai_Backup/Master_Study/Master_Thesis/Implementation/libfranka_ws/install/franka_hardware:/media/kai/Kai_Backup/Master_Study/Master_Thesis/Implementation/libfranka_ws/install/mujoco_ros2_control:/media/kai/Kai_Backup/Master_Study/Master_Thesis/Implementation/libfranka_ws/install/multi_mode_control_msgs:/media/kai/Kai_Backup/Master_Study/Master_Thesis/Implementation/libfranka_ws/install/mujoco_ros:/media/kai/Kai_Backup/Master_Study/Master_Thesis/Implementation/libfranka_ws/install/mujoco_ros_msgs:/media/kai/Kai_Backup/Master_Study/Master_Thesis/Implementation/libfranka_ws/install/franka_msgs:${AMENT_PREFIX_PATH} CMAKE_PREFIX_PATH=/media/kai/Kai_Backup/Master_Study/Master_Thesis/Implementation/libfranka_ws/install/multi_mode_controller:/media/kai/Kai_Backup/Master_Study/Master_Thesis/Implementation/libfranka_ws/install/franka_semantic_components:/media/kai/Kai_Backup/Master_Study/Master_Thesis/Implementation/libfranka_ws/install/franka_hardware:/media/kai/Kai_Backup/Master_Study/Master_Thesis/Implementation/libfranka_ws/install/mujoco_ros2_control:/media/kai/Kai_Backup/Master_Study/Master_Thesis/Implementation/libfranka_ws/install/multi_mode_control_msgs:/media/kai/Kai_Backup/Master_Study/Master_Thesis/Implementation/libfranka_ws/install/mujoco_ros:/media/kai/Kai_Backup/Master_Study/Master_Thesis/Implementation/libfranka_ws/install/mujoco_ros_msgs:/media/kai/Kai_Backup/Master_Study/Master_Thesis/Implementation/libfranka_ws/install/franka_msgs:/home/kai/Libraries/mujoco/lib/cmake:/home/kai/Libraries/libfranka/lib/cmake:/media/kai/Kai_Backup/Master_Study/Master_Thesis/Implementation/libfranka_ws/install/Model_based_Reinforcement_Learning_In_Teleoperation:/opt/ros/humble LD_LIBRARY_PATH=/media/kai/Kai_Backup/Master_Study/Master_Thesis/Implementation/libfranka_ws/install/multi_mode_controller/lib:/media/kai/Kai_Backup/Master_Study/Master_Thesis/Implementation/libfranka_ws/install/franka_semantic_components/lib:/media/kai/Kai_Backup/Master_Study/Master_Thesis/Implementation/libfranka_ws/install/franka_hardware/lib:/media/kai/Kai_Backup/Master_Study/Master_Thesis/Implementation/libfranka_ws/install/mujoco_ros2_control/lib:/media/kai/Kai_Backup/Master_Study/Master_Thesis/Implementation/libfranka_ws/install/multi_mode_control_msgs/lib:/media/kai/Kai_Backup/Master_Study/Master_Thesis/Implementation/libfranka_ws/install/mujoco_ros/lib:/media/kai/Kai_Backup/Master_Study/Master_Thesis/Implementation/libfranka_ws/install/mujoco_ros_msgs/lib:/media/kai/Kai_Backup/Master_Study/Master_Thesis/Implementation/libfranka_ws/install/franka_msgs/lib:/opt/ros/humble/opt/rviz_ogre_vendor/lib:/opt/ros/humble/lib/x86_64-linux-gnu:/opt/ros/humble/lib:/home/kai/Libraries/libfranka/lib:/home/kai/Libraries/mujoco/lib:/home/kai/Libraries/mujoco/lib PYTHONPATH=/media/kai/Kai_Backup/Master_Study/Master_Thesis/Implementation/libfranka_ws/install/multi_mode_control_msgs/local/lib/python3.10/dist-packages:/media/kai/Kai_Backup/Master_Study/Master_Thesis/Implementation/libfranka_ws/install/mujoco_ros_msgs/local/lib/python3.10/dist-packages:/media/kai/Kai_Backup/Master_Study/Master_Thesis/Implementation/libfranka_ws/install/franka_msgs/local/lib/python3.10/dist-packages:${PYTHONPATH} /usr/bin/cmake --build /media/kai/Kai_Backup/Master_Study/Master_Thesis/Implementation/libfranka_ws/build/multi_mode_controller_impl -- -j9 -l9
[11.911s] Invoking command in '/media/kai/Kai_Backup/Master_Study/Master_Thesis/Implementation/libfranka_ws/build/multi_mode_controller_impl': AMENT_PREFIX_PATH=/media/kai/Kai_Backup/Master_Study/Master_Thesis/Implementation/libfranka_ws/install/multi_mode_controller:/media/kai/Kai_Backup/Master_Study/Master_Thesis/Implementation/libfranka_ws/install/franka_semantic_components:/media/kai/Kai_Backup/Master_Study/Master_Thesis/Implementation/libfranka_ws/install/franka_hardware:/media/kai/Kai_Backup/Master_Study/Master_Thesis/Implementation/libfranka_ws/install/mujoco_ros2_control:/media/kai/Kai_Backup/Master_Study/Master_Thesis/Implementation/libfranka_ws/install/multi_mode_control_msgs:/media/kai/Kai_Backup/Master_Study/Master_Thesis/Implementation/libfranka_ws/install/mujoco_ros:/media/kai/Kai_Backup/Master_Study/Master_Thesis/Implementation/libfranka_ws/install/mujoco_ros_msgs:/media/kai/Kai_Backup/Master_Study/Master_Thesis/Implementation/libfranka_ws/install/franka_msgs:${AMENT_PREFIX_PATH} CMAKE_PREFIX_PATH=/media/kai/Kai_Backup/Master_Study/Master_Thesis/Implementation/libfranka_ws/install/multi_mode_controller:/media/kai/Kai_Backup/Master_Study/Master_Thesis/Implementation/libfranka_ws/install/franka_semantic_components:/media/kai/Kai_Backup/Master_Study/Master_Thesis/Implementation/libfranka_ws/install/franka_hardware:/media/kai/Kai_Backup/Master_Study/Master_Thesis/Implementation/libfranka_ws/install/mujoco_ros2_control:/media/kai/Kai_Backup/Master_Study/Master_Thesis/Implementation/libfranka_ws/install/multi_mode_control_msgs:/media/kai/Kai_Backup/Master_Study/Master_Thesis/Implementation/libfranka_ws/install/mujoco_ros:/media/kai/Kai_Backup/Master_Study/Master_Thesis/Implementation/libfranka_ws/install/mujoco_ros_msgs:/media/kai/Kai_Backup/Master_Study/Master_Thesis/Implementation/libfranka_ws/install/franka_msgs:/home/kai/Libraries/mujoco/lib/cmake:/home/kai/Libraries/libfranka/lib/cmake:/media/kai/Kai_Backup/Master_Study/Master_Thesis/Implementation/libfranka_ws/install/Model_based_Reinforcement_Learning_In_Teleoperation:/opt/ros/humble LD_LIBRARY_PATH=/media/kai/Kai_Backup/Master_Study/Master_Thesis/Implementation/libfranka_ws/install/multi_mode_controller/lib:/media/kai/Kai_Backup/Master_Study/Master_Thesis/Implementation/libfranka_ws/install/franka_semantic_components/lib:/media/kai/Kai_Backup/Master_Study/Master_Thesis/Implementation/libfranka_ws/install/franka_hardware/lib:/media/kai/Kai_Backup/Master_Study/Master_Thesis/Implementation/libfranka_ws/install/mujoco_ros2_control/lib:/media/kai/Kai_Backup/Master_Study/Master_Thesis/Implementation/libfranka_ws/install/multi_mode_control_msgs/lib:/media/kai/Kai_Backup/Master_Study/Master_Thesis/Implementation/libfranka_ws/install/mujoco_ros/lib:/media/kai/Kai_Backup/Master_Study/Master_Thesis/Implementation/libfranka_ws/install/mujoco_ros_msgs/lib:/media/kai/Kai_Backup/Master_Study/Master_Thesis/Implementation/libfranka_ws/install/franka_msgs/lib:/opt/ros/humble/opt/rviz_ogre_vendor/lib:/opt/ros/humble/lib/x86_64-linux-gnu:/opt/ros/humble/lib:/home/kai/Libraries/libfranka/lib:/home/kai/Libraries/mujoco/lib:/home/kai/Libraries/mujoco/lib PYTHONPATH=/media/kai/Kai_Backup/Master_Study/Master_Thesis/Implementation/libfranka_ws/install/multi_mode_control_msgs/local/lib/python3.10/dist-packages:/media/kai/Kai_Backup/Master_Study/Master_Thesis/Implementation/libfranka_ws/install/mujoco_ros_msgs/local/lib/python3.10/dist-packages:/media/kai/Kai_Backup/Master_Study/Master_Thesis/Implementation/libfranka_ws/install/franka_msgs/local/lib/python3.10/dist-packages:${PYTHONPATH} /usr/bin/cmake --install /media/kai/Kai_Backup/Master_Study/Master_Thesis/Implementation/libfranka_ws/build/multi_mode_controller_impl
[11.920s] -- Install configuration: ""
[11.920s] -- Execute custom install script
[11.920s] -- Symlinking: /media/kai/Kai_Backup/Master_Study/Master_Thesis/Implementation/libfranka_ws/install/multi_mode_controller_impl/share/multi_mode_controller_impl//multi_mode_controllers.xml
[11.929s] -- Symlinking: /media/kai/Kai_Backup/Master_Study/Master_Thesis/Implementation/libfranka_ws/install/multi_mode_controller_impl/lib/libmulti_mode_controller_impl.so
[11.937s] -- Symlinking: /media/kai/Kai_Backup/Master_Study/Master_Thesis/Implementation/libfranka_ws/install/multi_mode_controller_impl/include/multi_mode_controller_impl/multi_mode_controller.h
[11.945s] -- Symlinking: /media/kai/Kai_Backup/Master_Study/Master_Thesis/Implementation/libfranka_ws/install/multi_mode_controller_impl/share/multi_mode_controller_impl/environment/library_path.sh
[11.953s] -- Symlinking: /media/kai/Kai_Backup/Master_Study/Master_Thesis/Implementation/libfranka_ws/install/multi_mode_controller_impl/share/multi_mode_controller_impl/environment/library_path.dsv
[11.960s] -- Symlinking: /media/kai/Kai_Backup/Master_Study/Master_Thesis/Implementation/libfranka_ws/install/multi_mode_controller_impl/share/ament_index/resource_index/package_run_dependencies/multi_mode_controller_impl
[11.969s] -- Symlinking: /media/kai/Kai_Backup/Master_Study/Master_Thesis/Implementation/libfranka_ws/install/multi_mode_controller_impl/share/ament_index/resource_index/parent_prefix_path/multi_mode_controller_impl
[11.976s] -- Symlinking: /media/kai/Kai_Backup/Master_Study/Master_Thesis/Implementation/libfranka_ws/install/multi_mode_controller_impl/share/multi_mode_controller_impl/environment/ament_prefix_path.sh
[11.984s] -- Symlinking: /media/kai/Kai_Backup/Master_Study/Master_Thesis/Implementation/libfranka_ws/install/multi_mode_controller_impl/share/multi_mode_controller_impl/environment/ament_prefix_path.dsv
[11.992s] -- Symlinking: /media/kai/Kai_Backup/Master_Study/Master_Thesis/Implementation/libfranka_ws/install/multi_mode_controller_impl/share/multi_mode_controller_impl/environment/path.sh
[12.001s] -- Symlinking: /media/kai/Kai_Backup/Master_Study/Master_Thesis/Implementation/libfranka_ws/install/multi_mode_controller_impl/share/multi_mode_controller_impl/environment/path.dsv
[12.009s] -- Symlinking: /media/kai/Kai_Backup/Master_Study/Master_Thesis/Implementation/libfranka_ws/install/multi_mode_controller_impl/share/multi_mode_controller_impl/local_setup.bash
[12.017s] -- Symlinking: /media/kai/Kai_Backup/Master_Study/Master_Thesis/Implementation/libfranka_ws/install/multi_mode_controller_impl/share/multi_mode_controller_impl/local_setup.sh
[12.025s] -- Symlinking: /media/kai/Kai_Backup/Master_Study/Master_Thesis/Implementation/libfranka_ws/install/multi_mode_controller_impl/share/multi_mode_controller_impl/local_setup.zsh
[12.033s] -- Symlinking: /media/kai/Kai_Backup/Master_Study/Master_Thesis/Implementation/libfranka_ws/install/multi_mode_controller_impl/share/multi_mode_controller_impl/local_setup.dsv
[12.041s] -- Symlinking: /media/kai/Kai_Backup/Master_Study/Master_Thesis/Implementation/libfranka_ws/install/multi_mode_controller_impl/share/multi_mode_controller_impl/package.dsv
[12.049s] -- Symlinking: /media/kai/Kai_Backup/Master_Study/Master_Thesis/Implementation/libfranka_ws/install/multi_mode_controller_impl/share/ament_index/resource_index/packages/multi_mode_controller_impl
[12.057s] -- Symlinking: /media/kai/Kai_Backup/Master_Study/Master_Thesis/Implementation/libfranka_ws/install/multi_mode_controller_impl/share/ament_index/resource_index/controller_interface__pluginlib__plugin/multi_mode_controller_impl
[12.065s] -- Symlinking: /media/kai/Kai_Backup/Master_Study/Master_Thesis/Implementation/libfranka_ws/install/multi_mode_controller_impl/share/multi_mode_controller_impl/cmake/ament_cmake_export_include_directories-extras.cmake
[12.073s] -- Symlinking: /media/kai/Kai_Backup/Master_Study/Master_Thesis/Implementation/libfranka_ws/install/multi_mode_controller_impl/share/multi_mode_controller_impl/cmake/ament_cmake_export_libraries-extras.cmake
[12.082s] -- Symlinking: /media/kai/Kai_Backup/Master_Study/Master_Thesis/Implementation/libfranka_ws/install/multi_mode_controller_impl/share/multi_mode_controller_impl/cmake/ament_cmake_export_dependencies-extras.cmake
[12.090s] -- Symlinking: /media/kai/Kai_Backup/Master_Study/Master_Thesis/Implementation/libfranka_ws/install/multi_mode_controller_impl/share/multi_mode_controller_impl/cmake/multi_mode_controller_implConfig.cmake
[12.098s] -- Symlinking: /media/kai/Kai_Backup/Master_Study/Master_Thesis/Implementation/libfranka_ws/install/multi_mode_controller_impl/share/multi_mode_controller_impl/cmake/multi_mode_controller_implConfig-version.cmake
[12.107s] -- Symlinking: /media/kai/Kai_Backup/Master_Study/Master_Thesis/Implementation/libfranka_ws/install/multi_mode_controller_impl/share/multi_mode_controller_impl/package.xml
[12.117s] Invoked command in '/media/kai/Kai_Backup/Master_Study/Master_Thesis/Implementation/libfranka_ws/build/multi_mode_controller_impl' returned '0': AMENT_PREFIX_PATH=/media/kai/Kai_Backup/Master_Study/Master_Thesis/Implementation/libfranka_ws/install/multi_mode_controller:/media/kai/Kai_Backup/Master_Study/Master_Thesis/Implementation/libfranka_ws/install/franka_semantic_components:/media/kai/Kai_Backup/Master_Study/Master_Thesis/Implementation/libfranka_ws/install/franka_hardware:/media/kai/Kai_Backup/Master_Study/Master_Thesis/Implementation/libfranka_ws/install/mujoco_ros2_control:/media/kai/Kai_Backup/Master_Study/Master_Thesis/Implementation/libfranka_ws/install/multi_mode_control_msgs:/media/kai/Kai_Backup/Master_Study/Master_Thesis/Implementation/libfranka_ws/install/mujoco_ros:/media/kai/Kai_Backup/Master_Study/Master_Thesis/Implementation/libfranka_ws/install/mujoco_ros_msgs:/media/kai/Kai_Backup/Master_Study/Master_Thesis/Implementation/libfranka_ws/install/franka_msgs:${AMENT_PREFIX_PATH} CMAKE_PREFIX_PATH=/media/kai/Kai_Backup/Master_Study/Master_Thesis/Implementation/libfranka_ws/install/multi_mode_controller:/media/kai/Kai_Backup/Master_Study/Master_Thesis/Implementation/libfranka_ws/install/franka_semantic_components:/media/kai/Kai_Backup/Master_Study/Master_Thesis/Implementation/libfranka_ws/install/franka_hardware:/media/kai/Kai_Backup/Master_Study/Master_Thesis/Implementation/libfranka_ws/install/mujoco_ros2_control:/media/kai/Kai_Backup/Master_Study/Master_Thesis/Implementation/libfranka_ws/install/multi_mode_control_msgs:/media/kai/Kai_Backup/Master_Study/Master_Thesis/Implementation/libfranka_ws/install/mujoco_ros:/media/kai/Kai_Backup/Master_Study/Master_Thesis/Implementation/libfranka_ws/install/mujoco_ros_msgs:/media/kai/Kai_Backup/Master_Study/Master_Thesis/Implementation/libfranka_ws/install/franka_msgs:/home/kai/Libraries/mujoco/lib/cmake:/home/kai/Libraries/libfranka/lib/cmake:/media/kai/Kai_Backup/Master_Study/Master_Thesis/Implementation/libfranka_ws/install/Model_based_Reinforcement_Learning_In_Teleoperation:/opt/ros/humble LD_LIBRARY_PATH=/media/kai/Kai_Backup/Master_Study/Master_Thesis/Implementation/libfranka_ws/install/multi_mode_controller/lib:/media/kai/Kai_Backup/Master_Study/Master_Thesis/Implementation/libfranka_ws/install/franka_semantic_components/lib:/media/kai/Kai_Backup/Master_Study/Master_Thesis/Implementation/libfranka_ws/install/franka_hardware/lib:/media/kai/Kai_Backup/Master_Study/Master_Thesis/Implementation/libfranka_ws/install/mujoco_ros2_control/lib:/media/kai/Kai_Backup/Master_Study/Master_Thesis/Implementation/libfranka_ws/install/multi_mode_control_msgs/lib:/media/kai/Kai_Backup/Master_Study/Master_Thesis/Implementation/libfranka_ws/install/mujoco_ros/lib:/media/kai/Kai_Backup/Master_Study/Master_Thesis/Implementation/libfranka_ws/install/mujoco_ros_msgs/lib:/media/kai/Kai_Backup/Master_Study/Master_Thesis/Implementation/libfranka_ws/install/franka_msgs/lib:/opt/ros/humble/opt/rviz_ogre_vendor/lib:/opt/ros/humble/lib/x86_64-linux-gnu:/opt/ros/humble/lib:/home/kai/Libraries/libfranka/lib:/home/kai/Libraries/mujoco/lib:/home/kai/Libraries/mujoco/lib PYTHONPATH=/media/kai/Kai_Backup/Master_Study/Master_Thesis/Implementation/libfranka_ws/install/multi_mode_control_msgs/local/lib/python3.10/dist-packages:/media/kai/Kai_Backup/Master_Study/Master_Thesis/Implementation/libfranka_ws/install/mujoco_ros_msgs/local/lib/python3.10/dist-packages:/media/kai/Kai_Backup/Master_Study/Master_Thesis/Implementation/libfranka_ws/install/franka_msgs/local/lib/python3.10/dist-packages:${PYTHONPATH} /usr/bin/cmake --install /media/kai/Kai_Backup/Master_Study/Master_Thesis/Implementation/libfranka_ws/build/multi_mode_controller_impl
