running develop
running egg_info
creating Model_Based_RL_Teleoperation.egg-info
writing Model_Based_RL_Teleoperation.egg-info/PKG-INFO
writing dependency_links to Model_Based_RL_Teleoperation.egg-info/dependency_links.txt
writing entry points to Model_Based_RL_Teleoperation.egg-info/entry_points.txt
writing requirements to Model_Based_RL_Teleoperation.egg-info/requires.txt
writing top-level names to Model_Based_RL_Teleoperation.egg-info/top_level.txt
writing manifest file 'Model_Based_RL_Teleoperation.egg-info/SOURCES.txt'
reading manifest file 'Model_Based_RL_Teleoperation.egg-info/SOURCES.txt'
writing manifest file 'Model_Based_RL_Teleoperation.egg-info/SOURCES.txt'
running build_ext
Creating /media/kai/Kai_Backup/Master_Study/Master_Thesis/Implementation/libfranka_ws/install/Model_Based_RL_Teleoperation/lib/python3.10/site-packages/Model-Based-RL-Teleoperation.egg-link (link to .)
Installing agent_node script to /media/kai/Kai_Backup/Master_Study/Master_Thesis/Implementation/libfranka_ws/install/Model_Based_RL_Teleoperation/lib/Model_Based_RL_Teleoperation
Installing local_robot script to /media/kai/Kai_Backup/Master_Study/Master_Thesis/Implementation/libfranka_ws/install/Model_Based_RL_Teleoperation/lib/Model_Based_RL_Teleoperation
Installing remote_node script to /media/kai/Kai_Backup/Master_Study/Master_Thesis/Implementation/libfranka_ws/install/Model_Based_RL_Teleoperation/lib/Model_Based_RL_Teleoperation

Installed /media/kai/Kai_Backup/Master_Study/Master_Thesis/Implementation/libfranka_ws/build/Model_Based_RL_Teleoperation
running symlink_data
creating /media/kai/Kai_Backup/Master_Study/Master_Thesis/Implementation/libfranka_ws/install/Model_Based_RL_Teleoperation/share/ament_index
creating /media/kai/Kai_Backup/Master_Study/Master_Thesis/Implementation/libfranka_ws/install/Model_Based_RL_Teleoperation/share/ament_index/resource_index
creating /media/kai/Kai_Backup/Master_Study/Master_Thesis/Implementation/libfranka_ws/install/Model_Based_RL_Teleoperation/share/ament_index/resource_index/packages
symbolically linking /media/kai/Kai_Backup/Master_Study/Master_Thesis/Implementation/libfranka_ws/build/Model_Based_RL_Teleoperation/resource/Model_Based_RL_Teleoperation -> /media/kai/Kai_Backup/Master_Study/Master_Thesis/Implementation/libfranka_ws/install/Model_Based_RL_Teleoperation/share/ament_index/resource_index/packages
symbolically linking /media/kai/Kai_Backup/Master_Study/Master_Thesis/Implementation/libfranka_ws/build/Model_Based_RL_Teleoperation/package.xml -> /media/kai/Kai_Backup/Master_Study/Master_Thesis/Implementation/libfranka_ws/install/Model_Based_RL_Teleoperation/share/Model_Based_RL_Teleoperation
creating /media/kai/Kai_Backup/Master_Study/Master_Thesis/Implementation/libfranka_ws/install/Model_Based_RL_Teleoperation/share/Model_Based_RL_Teleoperation/launch
symbolically linking /media/kai/Kai_Backup/Master_Study/Master_Thesis/Implementation/libfranka_ws/build/Model_Based_RL_Teleoperation/launch/local_robot.launch.py -> /media/kai/Kai_Backup/Master_Study/Master_Thesis/Implementation/libfranka_ws/install/Model_Based_RL_Teleoperation/share/Model_Based_RL_Teleoperation/launch
symbolically linking /media/kai/Kai_Backup/Master_Study/Master_Thesis/Implementation/libfranka_ws/build/Model_Based_RL_Teleoperation/launch/remote_agent.launch.py -> /media/kai/Kai_Backup/Master_Study/Master_Thesis/Implementation/libfranka_ws/install/Model_Based_RL_Teleoperation/share/Model_Based_RL_Teleoperation/launch
symbolically linking /media/kai/Kai_Backup/Master_Study/Master_Thesis/Implementation/libfranka_ws/build/Model_Based_RL_Teleoperation/launch/remote_sim.launch.py -> /media/kai/Kai_Backup/Master_Study/Master_Thesis/Implementation/libfranka_ws/install/Model_Based_RL_Teleoperation/share/Model_Based_RL_Teleoperation/launch
creating /media/kai/Kai_Backup/Master_Study/Master_Thesis/Implementation/libfranka_ws/install/Model_Based_RL_Teleoperation/share/Model_Based_RL_Teleoperation/config
creating /media/kai/Kai_Backup/Master_Study/Master_Thesis/Implementation/libfranka_ws/install/Model_Based_RL_Teleoperation/share/Model_Based_RL_Teleoperation/params
