2025-12-15 21:00:23,161 [INFO] ============================================================
2025-12-15 21:00:23,161 [INFO] STARTING TRAINING: E2E_RL_HIGH_VARIANCE_figure_8_20251215_210023
2025-12-15 21:00:23,161 [INFO] Checkpoint Dir: /home/kaize/Downloads/Master_Study_Master_Thesis/libfranka_ws/src/E2E_Teleoperation/E2E_Teleoperation/trained_RL/E2E_RL_HIGH_VARIANCE_figure_8_20251215_210023
2025-12-15 21:00:23,161 [INFO] Model Path: /home/kaize/Downloads/Master_Study_Master_Thesis/libfranka_ws/src/multipanda_ros2/franka_description/mujoco/franka/scene.xml
2025-12-15 21:00:23,161 [INFO] ============================================================
2025-12-15 21:00:23,188 [INFO] Initializing Environment...
2025-12-15 21:00:24,731 [INFO] ============================================================
2025-12-15 21:00:24,731 [INFO] >>> STAGE 1: ENCODER PRE-TRAINING
2025-12-15 21:00:24,731 [INFO] ============================================================
2025-12-15 21:00:24,731 [INFO] Collecting 5000 steps of expert data...
2025-12-15 21:00:30,879 [INFO] Training for 5000 updates...
2025-12-15 21:00:52,769 [INFO] [Stage 1] Update 1000 | Loss: 0.000172
2025-12-15 21:01:14,476 [INFO] [Stage 1] Update 2000 | Loss: 0.000111
2025-12-15 21:01:36,300 [INFO] [Stage 1] Update 3000 | Loss: 0.000065
2025-12-15 21:01:58,170 [INFO] [Stage 1] Update 4000 | Loss: 0.000085
2025-12-15 21:02:20,045 [INFO] [Stage 1] Update 5000 | Loss: 0.000067
2025-12-15 21:02:20,045 [INFO] Collecting 5000 steps of expert data...
2025-12-15 21:02:25,855 [INFO] Training for 5000 updates...
2025-12-15 21:02:47,650 [INFO] [Stage 1] Update 6000 | Loss: 0.000074
2025-12-15 21:03:09,516 [INFO] [Stage 1] Update 7000 | Loss: 0.000096
2025-12-15 21:03:31,406 [INFO] [Stage 1] Update 8000 | Loss: 0.000090
2025-12-15 21:03:53,500 [INFO] [Stage 1] Update 9000 | Loss: 0.000091
2025-12-15 21:04:15,402 [INFO] [Stage 1] Update 10000 | Loss: 0.000083
2025-12-15 21:04:15,402 [INFO] >>> STAGE 1 COMPLETE
2025-12-15 21:04:15,402 [INFO] ============================================================
2025-12-15 21:04:15,402 [INFO] >>> STAGE 2: TEACHER DISTILLATION (DAgger)
2025-12-15 21:04:15,402 [INFO] ============================================================
2025-12-15 21:04:15,402 [INFO] Collecting 5000 steps | Driver: Teacher (Expert)
2025-12-15 21:04:21,324 [INFO] Training for 5000 updates...
2025-12-15 21:04:21,401 [INFO] [Stage 2] Batch Loss: 0.000772
2025-12-15 21:04:32,675 [INFO] [Stage 2] Batch Loss: 0.000008
2025-12-15 21:04:43,961 [INFO] [Stage 2] Batch Loss: 0.000009
2025-12-15 21:04:55,247 [INFO] [Stage 2] Batch Loss: 0.000011
2025-12-15 21:05:06,523 [INFO] [Stage 2] Batch Loss: 0.000008
2025-12-15 21:05:17,806 [INFO] Collecting 5000 steps | Driver: Teacher (Expert)
2025-12-15 21:05:23,875 [INFO] Training for 5000 updates...
2025-12-15 21:05:23,887 [INFO] [Stage 2] Batch Loss: 0.000008
2025-12-15 21:05:35,195 [INFO] [Stage 2] Batch Loss: 0.000007
2025-12-15 21:05:46,517 [INFO] [Stage 2] Batch Loss: 0.000008
2025-12-15 21:05:57,790 [INFO] [Stage 2] Batch Loss: 0.000007
2025-12-15 21:06:09,082 [INFO] [Stage 2] Batch Loss: 0.000007
2025-12-15 21:06:31,412 [INFO] [Validation] Step 10000 | Mean Reward: 288.80
2025-12-15 21:06:31,421 [INFO] >>> New Best Model Saved!
2025-12-15 21:06:31,421 [INFO] Collecting 5000 steps | Driver: Teacher (Expert)
2025-12-15 21:06:37,317 [INFO] Training for 5000 updates...
2025-12-15 21:06:37,330 [INFO] [Stage 2] Batch Loss: 0.000006
2025-12-15 21:06:48,668 [INFO] [Stage 2] Batch Loss: 0.000008
2025-12-15 21:07:00,029 [INFO] [Stage 2] Batch Loss: 0.000006
2025-12-15 21:07:11,958 [INFO] [Stage 2] Batch Loss: 0.000008
2025-12-15 21:07:24,040 [INFO] [Stage 2] Batch Loss: 0.000006
2025-12-15 21:07:36,095 [INFO] Collecting 5000 steps | Driver: Teacher (Expert)
2025-12-15 21:07:42,248 [INFO] Training for 5000 updates...
2025-12-15 21:07:42,261 [INFO] [Stage 2] Batch Loss: 0.000008
2025-12-15 21:07:54,302 [INFO] [Stage 2] Batch Loss: 0.000006
2025-12-15 21:08:06,329 [INFO] [Stage 2] Batch Loss: 0.000006
2025-12-15 21:08:18,378 [INFO] [Stage 2] Batch Loss: 0.000011
2025-12-15 21:08:30,428 [INFO] [Stage 2] Batch Loss: 0.000005
2025-12-15 21:08:53,439 [INFO] [Validation] Step 20000 | Mean Reward: 296.17
2025-12-15 21:08:53,462 [INFO] >>> New Best Model Saved!
2025-12-15 21:08:53,462 [INFO] Collecting 5000 steps | Driver: Teacher (Expert)
2025-12-15 21:08:59,735 [INFO] Training for 5000 updates...
2025-12-15 21:08:59,747 [INFO] [Stage 2] Batch Loss: 0.000006
2025-12-15 21:09:11,818 [INFO] [Stage 2] Batch Loss: 0.000005
2025-12-15 21:09:23,893 [INFO] [Stage 2] Batch Loss: 0.000009
2025-12-15 21:09:35,949 [INFO] [Stage 2] Batch Loss: 0.000007
2025-12-15 21:09:47,971 [INFO] [Stage 2] Batch Loss: 0.000009
2025-12-15 21:10:00,029 [INFO] Collecting 5000 steps | Driver: Student (DAgger)
2025-12-15 21:10:15,241 [INFO] Training for 5000 updates...
2025-12-15 21:10:15,254 [INFO] [Stage 2] Batch Loss: 0.012831
2025-12-15 21:10:27,226 [INFO] [Stage 2] Batch Loss: 0.000225
2025-12-15 21:10:39,242 [INFO] [Stage 2] Batch Loss: 0.000222
2025-12-15 21:10:51,286 [INFO] [Stage 2] Batch Loss: 0.000270
2025-12-15 21:11:03,358 [INFO] [Stage 2] Batch Loss: 0.000255
2025-12-15 21:11:23,380 [INFO] [Validation] Step 30000 | Mean Reward: 264.38
2025-12-15 21:11:23,380 [INFO] Collecting 5000 steps | Driver: Student (DAgger)
2025-12-15 21:11:38,891 [INFO] Training for 5000 updates...
2025-12-15 21:11:38,904 [INFO] [Stage 2] Batch Loss: 0.002840
2025-12-15 21:11:50,929 [INFO] [Stage 2] Batch Loss: 0.000371
2025-12-15 21:12:02,949 [INFO] [Stage 2] Batch Loss: 0.000321
2025-12-15 21:12:15,004 [INFO] [Stage 2] Batch Loss: 0.000308
2025-12-15 21:12:27,046 [INFO] [Stage 2] Batch Loss: 0.000266
2025-12-15 21:12:39,080 [INFO] Collecting 5000 steps | Driver: Student (DAgger)
2025-12-15 21:12:54,906 [INFO] Training for 5000 updates...
2025-12-15 21:12:54,920 [INFO] [Stage 2] Batch Loss: 0.003322
2025-12-15 21:13:06,920 [INFO] [Stage 2] Batch Loss: 0.001042
2025-12-15 21:13:18,944 [INFO] [Stage 2] Batch Loss: 0.000668
2025-12-15 21:13:30,969 [INFO] [Stage 2] Batch Loss: 0.000706
2025-12-15 21:13:43,025 [INFO] [Stage 2] Batch Loss: 0.000611
2025-12-15 21:14:06,718 [INFO] [Validation] Step 40000 | Mean Reward: 453.59
2025-12-15 21:14:06,769 [INFO] >>> New Best Model Saved!
2025-12-15 21:14:06,769 [INFO] Collecting 5000 steps | Driver: Student (DAgger)
2025-12-15 21:14:22,227 [INFO] Training for 5000 updates...
2025-12-15 21:14:22,239 [INFO] [Stage 2] Batch Loss: 0.003770
2025-12-15 21:14:34,272 [INFO] [Stage 2] Batch Loss: 0.000780
2025-12-15 21:14:46,303 [INFO] [Stage 2] Batch Loss: 0.000757
2025-12-15 21:14:58,332 [INFO] [Stage 2] Batch Loss: 0.001571
2025-12-15 21:15:10,362 [INFO] [Stage 2] Batch Loss: 0.001379
2025-12-15 21:15:22,372 [INFO] Collecting 5000 steps | Driver: Student (DAgger)
2025-12-15 21:15:37,684 [INFO] Training for 5000 updates...
2025-12-15 21:15:37,698 [INFO] [Stage 2] Batch Loss: 0.002619
2025-12-15 21:15:49,723 [INFO] [Stage 2] Batch Loss: 0.001731
2025-12-15 21:16:01,719 [INFO] [Stage 2] Batch Loss: 0.002922
2025-12-15 21:16:13,735 [INFO] [Stage 2] Batch Loss: 0.001519
2025-12-15 21:16:25,753 [INFO] [Stage 2] Batch Loss: 0.001150
2025-12-15 21:17:15,553 [INFO] [Validation] Step 50000 | Mean Reward: 1932.41
2025-12-15 21:17:15,604 [INFO] >>> New Best Model Saved!
2025-12-15 21:17:15,604 [INFO] Collecting 5000 steps | Driver: Student (DAgger)
2025-12-15 21:17:30,716 [INFO] Training for 5000 updates...
2025-12-15 21:17:30,730 [INFO] [Stage 2] Batch Loss: 0.001291
2025-12-15 21:17:42,616 [INFO] [Stage 2] Batch Loss: 0.001908
2025-12-15 21:17:54,000 [INFO] [Stage 2] Batch Loss: 0.000715
2025-12-15 21:18:05,407 [INFO] [Stage 2] Batch Loss: 0.000939
2025-12-15 21:18:16,830 [INFO] [Stage 2] Batch Loss: 0.001554
2025-12-15 21:18:28,239 [INFO] Collecting 5000 steps | Driver: Student (DAgger)
2025-12-15 21:18:42,507 [INFO] Training for 5000 updates...
2025-12-15 21:18:42,520 [INFO] [Stage 2] Batch Loss: 0.001523
2025-12-15 21:18:53,954 [INFO] [Stage 2] Batch Loss: 0.000944
2025-12-15 21:19:05,372 [INFO] [Stage 2] Batch Loss: 0.000948
2025-12-15 21:19:16,785 [INFO] [Stage 2] Batch Loss: 0.001061
2025-12-15 21:19:28,222 [INFO] [Stage 2] Batch Loss: 0.001076
2025-12-15 21:20:25,706 [INFO] [Validation] Step 60000 | Mean Reward: 2059.23
2025-12-15 21:20:25,760 [INFO] >>> New Best Model Saved!
2025-12-15 21:20:25,761 [INFO] Collecting 5000 steps | Driver: Student (DAgger)
2025-12-15 21:20:40,071 [INFO] Training for 5000 updates...
2025-12-15 21:20:40,083 [INFO] [Stage 2] Batch Loss: 0.001488
2025-12-15 21:20:51,427 [INFO] [Stage 2] Batch Loss: 0.002215
2025-12-15 21:21:02,794 [INFO] [Stage 2] Batch Loss: 0.001344
2025-12-15 21:21:14,169 [INFO] [Stage 2] Batch Loss: 0.002141
2025-12-15 21:21:25,554 [INFO] [Stage 2] Batch Loss: 0.001512
2025-12-15 21:21:36,926 [INFO] Collecting 5000 steps | Driver: Student (DAgger)
2025-12-15 21:21:51,177 [INFO] Training for 5000 updates...
2025-12-15 21:21:51,188 [INFO] [Stage 2] Batch Loss: 0.001077
2025-12-15 21:22:02,566 [INFO] [Stage 2] Batch Loss: 0.001178
2025-12-15 21:22:13,933 [INFO] [Stage 2] Batch Loss: 0.000836
2025-12-15 21:22:25,301 [INFO] [Stage 2] Batch Loss: 0.000895
2025-12-15 21:22:36,678 [INFO] [Stage 2] Batch Loss: 0.001397
2025-12-15 21:23:40,885 [INFO] [Validation] Step 70000 | Mean Reward: 2555.75
2025-12-15 21:23:40,938 [INFO] >>> New Best Model Saved!
2025-12-15 21:23:40,938 [INFO] Collecting 5000 steps | Driver: Student (DAgger)
2025-12-15 21:23:55,200 [INFO] Training for 5000 updates...
2025-12-15 21:23:55,212 [INFO] [Stage 2] Batch Loss: 0.001186
2025-12-15 21:24:06,566 [INFO] [Stage 2] Batch Loss: 0.000819
2025-12-15 21:24:17,913 [INFO] [Stage 2] Batch Loss: 0.001790
2025-12-15 21:24:29,278 [INFO] [Stage 2] Batch Loss: 0.000907
2025-12-15 21:24:40,645 [INFO] [Stage 2] Batch Loss: 0.001514
2025-12-15 21:24:52,015 [INFO] Collecting 5000 steps | Driver: Student (DAgger)
2025-12-15 21:25:06,305 [INFO] Training for 5000 updates...
2025-12-15 21:25:06,316 [INFO] [Stage 2] Batch Loss: 0.002215
2025-12-15 21:25:17,701 [INFO] [Stage 2] Batch Loss: 0.001557
2025-12-15 21:25:29,074 [INFO] [Stage 2] Batch Loss: 0.001510
2025-12-15 21:25:40,438 [INFO] [Stage 2] Batch Loss: 0.000350
2025-12-15 21:25:51,828 [INFO] [Stage 2] Batch Loss: 0.001676
2025-12-15 21:26:59,937 [INFO] [Validation] Step 80000 | Mean Reward: 2818.87
2025-12-15 21:26:59,987 [INFO] >>> New Best Model Saved!
2025-12-15 21:26:59,987 [INFO] Collecting 5000 steps | Driver: Student (DAgger)
2025-12-15 21:27:14,274 [INFO] Training for 5000 updates...
2025-12-15 21:27:14,287 [INFO] [Stage 2] Batch Loss: 0.001172
2025-12-15 21:27:25,622 [INFO] [Stage 2] Batch Loss: 0.000382
2025-12-15 21:27:37,008 [INFO] [Stage 2] Batch Loss: 0.000846
2025-12-15 21:27:48,389 [INFO] [Stage 2] Batch Loss: 0.000596
2025-12-15 21:27:59,764 [INFO] [Stage 2] Batch Loss: 0.001804
2025-12-15 21:28:11,130 [INFO] Collecting 5000 steps | Driver: Student (DAgger)
2025-12-15 21:28:25,399 [INFO] Training for 5000 updates...
2025-12-15 21:28:25,410 [INFO] [Stage 2] Batch Loss: 0.000830
2025-12-15 21:28:36,779 [INFO] [Stage 2] Batch Loss: 0.000975
2025-12-15 21:28:48,172 [INFO] [Stage 2] Batch Loss: 0.001670
2025-12-15 21:28:59,574 [INFO] [Stage 2] Batch Loss: 0.000667
2025-12-15 21:29:10,968 [INFO] [Stage 2] Batch Loss: 0.000996
2025-12-15 21:30:25,972 [INFO] [Validation] Step 90000 | Mean Reward: 3222.54
2025-12-15 21:30:26,025 [INFO] >>> New Best Model Saved!
2025-12-15 21:30:26,025 [INFO] Collecting 5000 steps | Driver: Student (DAgger)
2025-12-15 21:30:40,316 [INFO] Training for 5000 updates...
2025-12-15 21:30:40,328 [INFO] [Stage 2] Batch Loss: 0.001418
2025-12-15 21:30:51,676 [INFO] [Stage 2] Batch Loss: 0.517089
2025-12-15 21:31:03,006 [INFO] [Stage 2] Batch Loss: 0.002022
2025-12-15 21:31:14,357 [INFO] [Stage 2] Batch Loss: 0.000633
2025-12-15 21:31:25,802 [INFO] [Stage 2] Batch Loss: 0.000973
2025-12-15 21:31:37,577 [INFO] Collecting 5000 steps | Driver: Student (DAgger)
2025-12-15 21:31:52,777 [INFO] Training for 5000 updates...
2025-12-15 21:31:52,789 [INFO] [Stage 2] Batch Loss: 0.023140
2025-12-15 21:32:05,056 [INFO] [Stage 2] Batch Loss: 0.000965
2025-12-15 21:32:17,060 [INFO] [Stage 2] Batch Loss: 0.001047
2025-12-15 21:32:28,468 [INFO] [Stage 2] Batch Loss: 0.225641
2025-12-15 21:32:39,877 [INFO] [Stage 2] Batch Loss: 0.001268
2025-12-15 21:33:56,746 [INFO] [Validation] Step 100000 | Mean Reward: 3228.48
2025-12-15 21:33:56,799 [INFO] >>> New Best Model Saved!
2025-12-15 21:33:56,799 [INFO] Collecting 5000 steps | Driver: Student (DAgger)
2025-12-15 21:34:11,077 [INFO] Training for 5000 updates...
2025-12-15 21:34:11,089 [INFO] [Stage 2] Batch Loss: 0.001861
2025-12-15 21:34:22,414 [INFO] [Stage 2] Batch Loss: 0.001009
2025-12-15 21:34:33,776 [INFO] [Stage 2] Batch Loss: 0.277233
2025-12-15 21:34:45,185 [INFO] [Stage 2] Batch Loss: 0.052202
2025-12-15 21:34:56,575 [INFO] [Stage 2] Batch Loss: 0.000958
2025-12-15 21:35:07,969 [INFO] Collecting 5000 steps | Driver: Student (DAgger)
2025-12-15 21:35:22,265 [INFO] Training for 5000 updates...
2025-12-15 21:35:22,276 [INFO] [Stage 2] Batch Loss: 0.001255
2025-12-15 21:35:33,652 [INFO] [Stage 2] Batch Loss: 0.103208
2025-12-15 21:35:45,035 [INFO] [Stage 2] Batch Loss: 0.001823
2025-12-15 21:35:56,437 [INFO] [Stage 2] Batch Loss: 0.277360
2025-12-15 21:36:07,841 [INFO] [Stage 2] Batch Loss: 0.001000
2025-12-15 21:36:45,644 [INFO] [Validation] Step 110000 | Mean Reward: 1264.27
2025-12-15 21:36:45,644 [INFO] Collecting 5000 steps | Driver: Student (DAgger)
2025-12-15 21:36:59,987 [INFO] Training for 5000 updates...
2025-12-15 21:37:00,000 [INFO] [Stage 2] Batch Loss: 0.011519
2025-12-15 21:37:11,350 [INFO] [Stage 2] Batch Loss: 0.012839
2025-12-15 21:37:22,708 [INFO] [Stage 2] Batch Loss: 0.001256
2025-12-15 21:37:34,099 [INFO] [Stage 2] Batch Loss: 0.001076
2025-12-15 21:37:45,502 [INFO] [Stage 2] Batch Loss: 0.473410
2025-12-15 21:37:56,900 [INFO] Collecting 5000 steps | Driver: Student (DAgger)
2025-12-15 21:38:11,240 [INFO] Training for 5000 updates...
2025-12-15 21:38:11,252 [INFO] [Stage 2] Batch Loss: 0.107095
2025-12-15 21:38:22,605 [INFO] [Stage 2] Batch Loss: 0.031928
2025-12-15 21:38:33,996 [INFO] [Stage 2] Batch Loss: 1.335897
2025-12-15 21:38:45,396 [INFO] [Stage 2] Batch Loss: 0.035130
2025-12-15 21:38:56,810 [INFO] [Stage 2] Batch Loss: 0.517784
2025-12-15 21:40:11,526 [INFO] [Validation] Step 120000 | Mean Reward: 3213.91
2025-12-15 21:40:11,526 [INFO] Collecting 5000 steps | Driver: Student (DAgger)
2025-12-15 21:40:25,826 [INFO] Training for 5000 updates...
2025-12-15 21:40:25,838 [INFO] [Stage 2] Batch Loss: 0.513547
2025-12-15 21:40:37,187 [INFO] [Stage 2] Batch Loss: 0.222929
2025-12-15 21:40:48,563 [INFO] [Stage 2] Batch Loss: 1.372583
2025-12-15 21:40:59,950 [INFO] [Stage 2] Batch Loss: 0.104867
2025-12-15 21:41:11,349 [INFO] [Stage 2] Batch Loss: 0.000989
2025-12-15 21:41:22,724 [INFO] Collecting 5000 steps | Driver: Student (DAgger)
2025-12-15 21:41:37,032 [INFO] Training for 5000 updates...
2025-12-15 21:41:37,044 [INFO] [Stage 2] Batch Loss: 2.422048
2025-12-15 21:41:48,422 [INFO] [Stage 2] Batch Loss: 1.991325
2025-12-15 21:41:59,838 [INFO] [Stage 2] Batch Loss: 0.001262
2025-12-15 21:42:11,232 [INFO] [Stage 2] Batch Loss: 0.052056
2025-12-15 21:42:22,652 [INFO] [Stage 2] Batch Loss: 0.640883
2025-12-16 00:45:18,317 [WARNING] Training interrupted by user.
2025-12-16 00:45:18,344 [INFO] Training Finished.
