[0.108s] Invoking command in '/media/kai/Kai_Backup/Master_Study/Master_Thesis/Implementation/libfranka_ws/build/franka_control2': AMENT_PREFIX_PATH=/media/kai/Kai_Backup/Master_Study/Master_Thesis/Implementation/libfranka_ws/install/franka_msgs:${AMENT_PREFIX_PATH} CMAKE_PREFIX_PATH=/media/kai/Kai_Backup/Master_Study/Master_Thesis/Implementation/libfranka_ws/install/franka_msgs:/home/kai/Libraries/mujoco/lib/cmake:/home/kai/Libraries/libfranka/lib/cmake:/opt/ros/humble LD_LIBRARY_PATH=/media/kai/Kai_Backup/Master_Study/Master_Thesis/Implementation/libfranka_ws/install/franka_msgs/lib:/opt/ros/humble/opt/rviz_ogre_vendor/lib:/opt/ros/humble/lib/x86_64-linux-gnu:/opt/ros/humble/lib:/home/kai/Libraries/libfranka/lib:/home/kai/Libraries/mujoco/lib:/home/kai/Libraries/mujoco/lib PYTHONPATH=/media/kai/Kai_Backup/Master_Study/Master_Thesis/Implementation/libfranka_ws/install/franka_msgs/local/lib/python3.10/dist-packages:${PYTHONPATH} /usr/bin/cmake /media/kai/Kai_Backup/Master_Study/Master_Thesis/Implementation/libfranka_ws/src/multipanda_ros2/franka_control2 -DAMENT_CMAKE_SYMLINK_INSTALL=1 -DCMAKE_INSTALL_PREFIX=/media/kai/Kai_Backup/Master_Study/Master_Thesis/Implementation/libfranka_ws/install/franka_control2
[0.411s] -- The C compiler identification is GNU 11.4.0
[0.652s] -- The CXX compiler identification is GNU 11.4.0
[0.714s] -- Detecting C compiler ABI info
[1.084s] -- Detecting C compiler ABI info - done
[1.102s] -- Check for working C compiler: /usr/bin/cc - skipped
[1.102s] -- Detecting C compile features
[1.103s] -- Detecting C compile features - done
[1.113s] -- Detecting CXX compiler ABI info
[1.457s] -- Detecting CXX compiler ABI info - done
[1.484s] -- Check for working CXX compiler: /usr/bin/c++ - skipped
[1.484s] -- Detecting CXX compile features
[1.485s] -- Detecting CXX compile features - done
[1.489s] -- Looking for pthread.h
[1.956s] -- Looking for pthread.h - found
[1.956s] -- Performing Test CMAKE_HAVE_LIBC_PTHREAD
[2.262s] -- Performing Test CMAKE_HAVE_LIBC_PTHREAD - Success
[2.263s] -- Found Threads: TRUE  
[2.267s] -- Found ament_cmake: 1.3.12 (/opt/ros/humble/share/ament_cmake/cmake)
[3.040s] -- Found Python3: /usr/bin/python3 (found version "3.10.12") found components: Interpreter 
[3.285s] -- Override CMake install command with custom implementation using symlinks instead of copying resources
[3.435s] -- Found ament_index_cpp: 1.4.0 (/opt/ros/humble/share/ament_index_cpp/cmake)
[3.438s] -- Found controller_interface: 2.52.0 (/opt/ros/humble/share/controller_interface/cmake)
[3.614s] -- Found rosidl_generator_c: 3.1.7 (/opt/ros/humble/share/rosidl_generator_c/cmake)
[3.636s] -- Found rosidl_adapter: 3.1.7 (/opt/ros/humble/share/rosidl_adapter/cmake)
[3.667s] -- Found rosidl_generator_cpp: 3.1.7 (/opt/ros/humble/share/rosidl_generator_cpp/cmake)
[3.705s] -- Using all available rosidl_typesupport_c: rosidl_typesupport_fastrtps_c;rosidl_typesupport_introspection_c
[3.778s] -- Using all available rosidl_typesupport_cpp: rosidl_typesupport_fastrtps_cpp;rosidl_typesupport_introspection_cpp
[4.728s] -- Found rmw_implementation_cmake: 6.1.2 (/opt/ros/humble/share/rmw_implementation_cmake/cmake)
[4.734s] -- Found rmw_fastrtps_cpp: 6.2.8 (/opt/ros/humble/share/rmw_fastrtps_cpp/cmake)
[4.793s] -- Found TinyXML2 via Config file: TinyXML2_DIR-NOTFOUND
[5.038s] -- Found OpenSSL: /usr/lib/x86_64-linux-gnu/libcrypto.so (found version "3.0.2")  
[5.043s] -- Found TinyXML2 via Config file: TinyXML2_DIR-NOTFOUND
[5.106s] -- Found FastRTPS: /opt/ros/humble/include  
[5.111s] -- Found TinyXML2 via Config file: TinyXML2_DIR-NOTFOUND
[5.150s] -- Found TinyXML2 via Config file: TinyXML2_DIR-NOTFOUND
[5.183s] -- Using RMW implementation 'rmw_fastrtps_cpp' as default
[5.390s] -- Found controller_manager_msgs: 2.52.0 (/opt/ros/humble/share/controller_manager_msgs/cmake)
[5.450s] -- Found realtime_tools: 2.14.0 (/opt/ros/humble/share/realtime_tools/cmake)
[5.519s] -- Found franka_msgs: 0.0.0 (/media/kai/Kai_Backup/Master_Study/Master_Thesis/Implementation/libfranka_ws/install/franka_msgs/share/franka_msgs/cmake)
[5.593s] -- Found controller_manager: 2.52.0 (/opt/ros/humble/share/controller_manager/cmake)
[5.629s] -- Found ament_lint_auto: 0.12.14 (/opt/ros/humble/share/ament_lint_auto/cmake)
[6.086s] -- Added test 'cppcheck' to perform static code analysis on C / C++ code
[6.088s] -- Configured cppcheck include dirs: /media/kai/Kai_Backup/Master_Study/Master_Thesis/Implementation/libfranka_ws/src/multipanda_ros2/franka_control2/include
[6.088s] -- Configured cppcheck exclude dirs and/or files: 
[6.090s] -- Added test 'lint_cmake' to check CMake code style
[6.093s] -- Added test 'uncrustify' to check C / C++ code style
[6.097s] -- Configured uncrustify additional arguments: 
[6.098s] -- Added test 'xmllint' to check XML markup files
[6.101s] -- Configuring done
[6.178s] -- Generating done
[6.196s] -- Build files have been written to: /media/kai/Kai_Backup/Master_Study/Master_Thesis/Implementation/libfranka_ws/build/franka_control2
