[0.036s] Invoking command in '/media/kai/Kai_Backup/Master_Study/Master_Thesis/Implementation/libfranka_ws/build/panda_motion_generator_msgs': CMAKE_PREFIX_PATH=${CMAKE_PREFIX_PATH}:/media/kai/Kai_Backup/Master_Study/Master_Thesis/Implementation/libfranka_ws/install/Hierarchical_Reinforcement_Learning_for_Adaptive_Control_Under_Stochastic_Network_Delays:/opt/ros/humble /usr/local/bin/cmake /media/kai/Kai_Backup/Master_Study/Master_Thesis/Implementation/libfranka_ws/src/multipanda_ros2/franka_multi_mode_controller/panda_motion_generator_msgs -DAMENT_CMAKE_SYMLINK_INSTALL=1 -DCMAKE_INSTALL_PREFIX=/media/kai/Kai_Backup/Master_Study/Master_Thesis/Implementation/libfranka_ws/install/panda_motion_generator_msgs
[0.117s] -- The C compiler identification is GNU 11.4.0
[0.214s] -- The CXX compiler identification is GNU 11.4.0
[0.243s] -- Detecting C compiler ABI info
[0.388s] -- Detecting C compiler ABI info - done
[0.416s] -- Check for working C compiler: /usr/bin/cc - skipped
[0.416s] -- Detecting C compile features
[0.422s] -- Detecting C compile features - done
[0.438s] -- Detecting CXX compiler ABI info
[0.584s] -- Detecting CXX compiler ABI info - done
[0.605s] -- Check for working CXX compiler: /usr/bin/c++ - skipped
[0.605s] -- Detecting CXX compile features
[0.606s] -- Detecting CXX compile features - done
[0.611s] -- Found ament_cmake: 1.3.12 (/opt/ros/humble/share/ament_cmake/cmake)
[0.987s] -- Found Python3: /usr/bin/python3 (found version "3.10.12") found components: Interpreter 
[1.111s] -- Override CMake install command with custom implementation using symlinks instead of copying resources
[1.176s] -- Found geometry_msgs: 4.9.0 (/opt/ros/humble/share/geometry_msgs/cmake)
[1.263s] -- Found rosidl_generator_c: 3.1.7 (/opt/ros/humble/share/rosidl_generator_c/cmake)
[1.276s] -- Found rosidl_adapter: 3.1.7 (/opt/ros/humble/share/rosidl_adapter/cmake)
[1.295s] -- Found rosidl_generator_cpp: 3.1.7 (/opt/ros/humble/share/rosidl_generator_cpp/cmake)
[1.325s] -- Using all available rosidl_typesupport_c: rosidl_typesupport_fastrtps_c;rosidl_typesupport_introspection_c
[1.365s] -- Using all available rosidl_typesupport_cpp: rosidl_typesupport_fastrtps_cpp;rosidl_typesupport_introspection_cpp
[1.456s] -- Found rosidl_default_generators: 1.2.0 (/opt/ros/humble/share/rosidl_default_generators/cmake)
[3.361s] -- Found ament_cmake_ros: 0.10.0 (/opt/ros/humble/share/ament_cmake_ros/cmake)
[7.293s] -- Using all available rosidl_typesupport_c: rosidl_typesupport_fastrtps_c;rosidl_typesupport_introspection_c
[9.016s] -- Using all available rosidl_typesupport_cpp: rosidl_typesupport_fastrtps_cpp;rosidl_typesupport_introspection_cpp
[9.024s] [33mCMake Warning (dev) at /opt/ros/humble/share/rosidl_generator_py/cmake/rosidl_generator_py_generate_interfaces.cmake:20 (find_package):
[9.024s]   Policy CMP0148 is not set: The FindPythonInterp and FindPythonLibs modules
[9.024s]   are removed.  Run "cmake --help-policy CMP0148" for policy details.  Use
[9.024s]   the cmake_policy command to set the policy and suppress this warning.
[9.024s] 
[9.024s] Call Stack (most recent call first):
[9.025s]   /opt/ros/humble/share/ament_cmake_core/cmake/core/ament_execute_extensions.cmake:48 (include)
[9.025s]   /opt/ros/humble/share/rosidl_cmake/cmake/rosidl_generate_interfaces.cmake:286 (ament_execute_extensions)
[9.025s]   CMakeLists.txt:13 (rosidl_generate_interfaces)
[9.025s] This warning is for project developers.  Use -Wno-dev to suppress it.
[9.025s] [0m
[9.118s] -- Found PythonInterp: /usr/bin/python3 (found suitable version "3.10.12", minimum required is "3.6") 
[9.119s] -- Found python_cmake_module: 0.10.0 (/opt/ros/humble/share/python_cmake_module/cmake)
[9.120s] [33mCMake Warning (dev) at /opt/ros/humble/share/python_cmake_module/cmake/Modules/FindPythonExtra.cmake:52 (find_package):
[9.120s]   Policy CMP0148 is not set: The FindPythonInterp and FindPythonLibs modules
[9.120s]   are removed.  Run "cmake --help-policy CMP0148" for policy details.  Use
[9.120s]   the cmake_policy command to set the policy and suppress this warning.
[9.120s] 
[9.120s] Call Stack (most recent call first):
[9.121s]   /opt/ros/humble/share/rosidl_generator_py/cmake/rosidl_generator_py_generate_interfaces.cmake:23 (find_package)
[9.121s]   /opt/ros/humble/share/ament_cmake_core/cmake/core/ament_execute_extensions.cmake:48 (include)
[9.121s]   /opt/ros/humble/share/rosidl_cmake/cmake/rosidl_generate_interfaces.cmake:286 (ament_execute_extensions)
[9.121s]   CMakeLists.txt:13 (rosidl_generate_interfaces)
[9.121s] This warning is for project developers.  Use -Wno-dev to suppress it.
[9.121s] [0m
[9.187s] [33mCMake Warning (dev) at /opt/ros/humble/share/python_cmake_module/cmake/Modules/FindPythonExtra.cmake:140 (find_package):
[9.187s]   Policy CMP0148 is not set: The FindPythonInterp and FindPythonLibs modules
[9.187s]   are removed.  Run "cmake --help-policy CMP0148" for policy details.  Use
[9.187s]   the cmake_policy command to set the policy and suppress this warning.
[9.187s] 
[9.188s] Call Stack (most recent call first):
[9.188s]   /opt/ros/humble/share/rosidl_generator_py/cmake/rosidl_generator_py_generate_interfaces.cmake:23 (find_package)
[9.188s]   /opt/ros/humble/share/ament_cmake_core/cmake/core/ament_execute_extensions.cmake:48 (include)
[9.188s]   /opt/ros/humble/share/rosidl_cmake/cmake/rosidl_generate_interfaces.cmake:286 (ament_execute_extensions)
[9.188s]   CMakeLists.txt:13 (rosidl_generate_interfaces)
[9.188s] This warning is for project developers.  Use -Wno-dev to suppress it.
[9.188s] [0m
[9.221s] -- Found PythonLibs: /usr/lib/x86_64-linux-gnu/libpython3.10.so (found suitable version "3.10.12", minimum required is "3.5") 
[9.222s] -- Using PYTHON_EXECUTABLE: /usr/bin/python3
[9.224s] -- Using PYTHON_INCLUDE_DIRS: /usr/include/python3.10
[9.224s] -- Using PYTHON_LIBRARIES: /usr/lib/x86_64-linux-gnu/libpython3.10.so
[9.299s] -- Found PythonExtra: .so  
[9.743s] -- Found ament_lint_auto: 0.12.14 (/opt/ros/humble/share/ament_lint_auto/cmake)
[9.867s] -- Added test 'lint_cmake' to check CMake code style
[9.872s] -- Added test 'xmllint' to check XML markup files
[9.892s] -- Configuring done (9.9s)
[10.165s] -- Generating done (0.2s)
[10.262s] -- Build files have been written to: /media/kai/Kai_Backup/Master_Study/Master_Thesis/Implementation/libfranka_ws/build/panda_motion_generator_msgs
[10.331s] Invoked command in '/media/kai/Kai_Backup/Master_Study/Master_Thesis/Implementation/libfranka_ws/build/panda_motion_generator_msgs' returned '0': CMAKE_PREFIX_PATH=${CMAKE_PREFIX_PATH}:/media/kai/Kai_Backup/Master_Study/Master_Thesis/Implementation/libfranka_ws/install/Hierarchical_Reinforcement_Learning_for_Adaptive_Control_Under_Stochastic_Network_Delays:/opt/ros/humble /usr/local/bin/cmake /media/kai/Kai_Backup/Master_Study/Master_Thesis/Implementation/libfranka_ws/src/multipanda_ros2/franka_multi_mode_controller/panda_motion_generator_msgs -DAMENT_CMAKE_SYMLINK_INSTALL=1 -DCMAKE_INSTALL_PREFIX=/media/kai/Kai_Backup/Master_Study/Master_Thesis/Implementation/libfranka_ws/install/panda_motion_generator_msgs
[10.332s] Invoking command in '/media/kai/Kai_Backup/Master_Study/Master_Thesis/Implementation/libfranka_ws/build/panda_motion_generator_msgs': CMAKE_PREFIX_PATH=${CMAKE_PREFIX_PATH}:/media/kai/Kai_Backup/Master_Study/Master_Thesis/Implementation/libfranka_ws/install/Hierarchical_Reinforcement_Learning_for_Adaptive_Control_Under_Stochastic_Network_Delays:/opt/ros/humble /usr/local/bin/cmake --build /media/kai/Kai_Backup/Master_Study/Master_Thesis/Implementation/libfranka_ws/build/panda_motion_generator_msgs -- -j12 -l12
[11.245s] [  1%] [34m[1mGenerating C code for ROS interfaces[0m
[11.245s] [  3%] [34m[1mGenerating C++ code for ROS interfaces[0m
[11.245s] [  3%] Built target ament_cmake_python_symlink_panda_motion_generator_msgs
[11.402s] running egg_info
[11.403s] creating panda_motion_generator_msgs.egg-info
[11.406s] writing panda_motion_generator_msgs.egg-info/PKG-INFO
[11.406s] writing dependency_links to panda_motion_generator_msgs.egg-info/dependency_links.txt
[11.406s] writing top-level names to panda_motion_generator_msgs.egg-info/top_level.txt
[11.406s] writing manifest file 'panda_motion_generator_msgs.egg-info/SOURCES.txt'
[11.414s] reading manifest file 'panda_motion_generator_msgs.egg-info/SOURCES.txt'
[11.414s] writing manifest file 'panda_motion_generator_msgs.egg-info/SOURCES.txt'
[11.469s] [  3%] Built target ament_cmake_python_build_panda_motion_generator_msgs_egg
[14.847s] [  3%] Built target panda_motion_generator_msgs__cpp
[14.877s] [  4%] [34m[1mGenerating C++ introspection for ROS interfaces[0m
[14.879s] [  6%] [34m[1mGenerating C++ type support dispatch for ROS interfaces[0m
[14.887s] [  7%] [34m[1mGenerating C++ type support for eProsima Fast-RTPS[0m
[15.042s] [  9%] [32mBuilding C object CMakeFiles/panda_motion_generator_msgs__rosidl_generator_c.dir/rosidl_generator_c/panda_motion_generator_msgs/msg/detail/joint_pose__functions.c.o[0m
[15.049s] [ 11%] [32mBuilding C object CMakeFiles/panda_motion_generator_msgs__rosidl_generator_c.dir/rosidl_generator_c/panda_motion_generator_msgs/msg/detail/set_time_scaling__functions.c.o[0m
[15.056s] [ 12%] [32mBuilding C object CMakeFiles/panda_motion_generator_msgs__rosidl_generator_c.dir/rosidl_generator_c/panda_motion_generator_msgs/msg/detail/simple_action_result__functions.c.o[0m
[15.058s] [ 14%] [32mBuilding C object CMakeFiles/panda_motion_generator_msgs__rosidl_generator_c.dir/rosidl_generator_c/panda_motion_generator_msgs/action/detail/cartesian_via_motion__functions.c.o[0m
[15.078s] [ 15%] [32mBuilding C object CMakeFiles/panda_motion_generator_msgs__rosidl_generator_c.dir/rosidl_generator_c/panda_motion_generator_msgs/action/detail/joint_via_motion__functions.c.o[0m
[15.683s] [ 17%] [32m[1mLinking C shared library libpanda_motion_generator_msgs__rosidl_generator_c.so[0m
[15.752s] [ 17%] Built target panda_motion_generator_msgs__rosidl_generator_c
[15.776s] [ 19%] [34m[1mGenerating C introspection for ROS interfaces[0m
[15.782s] [ 20%] [34m[1mGenerating C type support for eProsima Fast-RTPS[0m
[15.800s] [ 22%] [34m[1mGenerating C type support dispatch for ROS interfaces[0m
[17.315s] [ 23%] [32mBuilding CXX object CMakeFiles/panda_motion_generator_msgs__rosidl_typesupport_introspection_cpp.dir/rosidl_typesupport_introspection_cpp/panda_motion_generator_msgs/msg/detail/joint_pose__type_support.cpp.o[0m
[17.315s] [ 26%] [32mBuilding CXX object CMakeFiles/panda_motion_generator_msgs__rosidl_typesupport_introspection_cpp.dir/rosidl_typesupport_introspection_cpp/panda_motion_generator_msgs/msg/detail/simple_action_result__type_support.cpp.o[0m
[17.315s] [ 26%] [32mBuilding CXX object CMakeFiles/panda_motion_generator_msgs__rosidl_typesupport_introspection_cpp.dir/rosidl_typesupport_introspection_cpp/panda_motion_generator_msgs/msg/detail/set_time_scaling__type_support.cpp.o[0m
[17.319s] [ 28%] [32mBuilding CXX object CMakeFiles/panda_motion_generator_msgs__rosidl_typesupport_introspection_cpp.dir/rosidl_typesupport_introspection_cpp/panda_motion_generator_msgs/action/detail/cartesian_via_motion__type_support.cpp.o[0m
[17.327s] [ 30%] [32mBuilding CXX object CMakeFiles/panda_motion_generator_msgs__rosidl_typesupport_introspection_cpp.dir/rosidl_typesupport_introspection_cpp/panda_motion_generator_msgs/action/detail/joint_via_motion__type_support.cpp.o[0m
[17.583s] [ 31%] [32mBuilding CXX object CMakeFiles/panda_motion_generator_msgs__rosidl_typesupport_cpp.dir/rosidl_typesupport_cpp/panda_motion_generator_msgs/msg/joint_pose__type_support.cpp.o[0m
[17.595s] [ 33%] [32mBuilding CXX object CMakeFiles/panda_motion_generator_msgs__rosidl_typesupport_cpp.dir/rosidl_typesupport_cpp/panda_motion_generator_msgs/msg/set_time_scaling__type_support.cpp.o[0m
[17.626s] [ 34%] [32mBuilding CXX object CMakeFiles/panda_motion_generator_msgs__rosidl_typesupport_cpp.dir/rosidl_typesupport_cpp/panda_motion_generator_msgs/msg/simple_action_result__type_support.cpp.o[0m
[18.221s] [ 36%] [32mBuilding CXX object CMakeFiles/panda_motion_generator_msgs__rosidl_typesupport_c.dir/rosidl_typesupport_c/panda_motion_generator_msgs/msg/joint_pose__type_support.cpp.o[0m
[18.302s] [ 38%] [32mBuilding CXX object CMakeFiles/panda_motion_generator_msgs__rosidl_typesupport_c.dir/rosidl_typesupport_c/panda_motion_generator_msgs/msg/set_time_scaling__type_support.cpp.o[0m
[18.368s] [ 39%] [32mBuilding CXX object CMakeFiles/panda_motion_generator_msgs__rosidl_typesupport_c.dir/rosidl_typesupport_c/panda_motion_generator_msgs/msg/simple_action_result__type_support.cpp.o[0m
[18.421s] [ 41%] [32mBuilding CXX object CMakeFiles/panda_motion_generator_msgs__rosidl_typesupport_c.dir/rosidl_typesupport_c/panda_motion_generator_msgs/action/cartesian_via_motion__type_support.cpp.o[0m
[18.518s] [ 42%] [32mBuilding CXX object CMakeFiles/panda_motion_generator_msgs__rosidl_typesupport_c.dir/rosidl_typesupport_c/panda_motion_generator_msgs/action/joint_via_motion__type_support.cpp.o[0m
[18.694s] [ 44%] [32m[1mLinking CXX shared library libpanda_motion_generator_msgs__rosidl_typesupport_c.so[0m
[18.779s] [ 46%] [32mBuilding CXX object CMakeFiles/panda_motion_generator_msgs__rosidl_typesupport_cpp.dir/rosidl_typesupport_cpp/panda_motion_generator_msgs/action/cartesian_via_motion__type_support.cpp.o[0m
[18.874s] [ 46%] Built target panda_motion_generator_msgs__rosidl_typesupport_c
[18.897s] [ 47%] [32mBuilding CXX object CMakeFiles/panda_motion_generator_msgs__rosidl_typesupport_cpp.dir/rosidl_typesupport_cpp/panda_motion_generator_msgs/action/joint_via_motion__type_support.cpp.o[0m
[19.630s] [ 49%] [32mBuilding CXX object CMakeFiles/panda_motion_generator_msgs__rosidl_typesupport_fastrtps_cpp.dir/rosidl_typesupport_fastrtps_cpp/panda_motion_generator_msgs/msg/detail/dds_fastrtps/joint_pose__type_support.cpp.o[0m
[19.634s] [ 50%] [32mBuilding CXX object CMakeFiles/panda_motion_generator_msgs__rosidl_typesupport_fastrtps_cpp.dir/rosidl_typesupport_fastrtps_cpp/panda_motion_generator_msgs/action/detail/dds_fastrtps/joint_via_motion__type_support.cpp.o[0m
[19.639s] [ 52%] [32mBuilding CXX object CMakeFiles/panda_motion_generator_msgs__rosidl_typesupport_fastrtps_cpp.dir/rosidl_typesupport_fastrtps_cpp/panda_motion_generator_msgs/msg/detail/dds_fastrtps/set_time_scaling__type_support.cpp.o[0m
[19.642s] [ 53%] [32mBuilding CXX object CMakeFiles/panda_motion_generator_msgs__rosidl_typesupport_fastrtps_cpp.dir/rosidl_typesupport_fastrtps_cpp/panda_motion_generator_msgs/msg/detail/dds_fastrtps/simple_action_result__type_support.cpp.o[0m
[19.646s] [ 55%] [32mBuilding CXX object CMakeFiles/panda_motion_generator_msgs__rosidl_typesupport_fastrtps_cpp.dir/rosidl_typesupport_fastrtps_cpp/panda_motion_generator_msgs/action/detail/dds_fastrtps/cartesian_via_motion__type_support.cpp.o[0m
[20.116s] [ 57%] [32mBuilding C object CMakeFiles/panda_motion_generator_msgs__rosidl_typesupport_introspection_c.dir/rosidl_typesupport_introspection_c/panda_motion_generator_msgs/msg/detail/joint_pose__type_support.c.o[0m
[20.128s] [ 58%] [32mBuilding C object CMakeFiles/panda_motion_generator_msgs__rosidl_typesupport_introspection_c.dir/rosidl_typesupport_introspection_c/panda_motion_generator_msgs/msg/detail/set_time_scaling__type_support.c.o[0m
[20.227s] [ 60%] [32mBuilding C object CMakeFiles/panda_motion_generator_msgs__rosidl_typesupport_introspection_c.dir/rosidl_typesupport_introspection_c/panda_motion_generator_msgs/msg/detail/simple_action_result__type_support.c.o[0m
[20.315s] [ 61%] [32mBuilding C object CMakeFiles/panda_motion_generator_msgs__rosidl_typesupport_introspection_c.dir/rosidl_typesupport_introspection_c/panda_motion_generator_msgs/action/detail/cartesian_via_motion__type_support.c.o[0m
[20.379s] [ 63%] [32mBuilding C object CMakeFiles/panda_motion_generator_msgs__rosidl_typesupport_introspection_c.dir/rosidl_typesupport_introspection_c/panda_motion_generator_msgs/action/detail/joint_via_motion__type_support.c.o[0m
[20.540s] [ 65%] [32mBuilding CXX object CMakeFiles/panda_motion_generator_msgs__rosidl_typesupport_fastrtps_c.dir/rosidl_typesupport_fastrtps_c/panda_motion_generator_msgs/msg/detail/joint_pose__type_support_c.cpp.o[0m
[20.561s] [ 66%] [32mBuilding CXX object CMakeFiles/panda_motion_generator_msgs__rosidl_typesupport_fastrtps_c.dir/rosidl_typesupport_fastrtps_c/panda_motion_generator_msgs/msg/detail/set_time_scaling__type_support_c.cpp.o[0m
[20.561s] [ 68%] [32mBuilding CXX object CMakeFiles/panda_motion_generator_msgs__rosidl_typesupport_fastrtps_c.dir/rosidl_typesupport_fastrtps_c/panda_motion_generator_msgs/msg/detail/simple_action_result__type_support_c.cpp.o[0m
[20.683s] [ 69%] [32m[1mLinking C shared library libpanda_motion_generator_msgs__rosidl_typesupport_introspection_c.so[0m
[20.768s] [ 69%] Built target panda_motion_generator_msgs__rosidl_typesupport_introspection_c
[20.792s] [ 71%] [32mBuilding CXX object CMakeFiles/panda_motion_generator_msgs__rosidl_typesupport_fastrtps_c.dir/rosidl_typesupport_fastrtps_c/panda_motion_generator_msgs/action/detail/cartesian_via_motion__type_support_c.cpp.o[0m
[20.875s] [ 73%] [32mBuilding CXX object CMakeFiles/panda_motion_generator_msgs__rosidl_typesupport_fastrtps_c.dir/rosidl_typesupport_fastrtps_c/panda_motion_generator_msgs/action/detail/joint_via_motion__type_support_c.cpp.o[0m
[21.416s] [ 74%] [32m[1mLinking CXX shared library libpanda_motion_generator_msgs__rosidl_typesupport_cpp.so[0m
[21.500s] [ 76%] [32m[1mLinking CXX shared library libpanda_motion_generator_msgs__rosidl_typesupport_introspection_cpp.so[0m
[21.601s] [ 76%] Built target panda_motion_generator_msgs__rosidl_typesupport_cpp
[21.720s] [ 76%] Built target panda_motion_generator_msgs__rosidl_typesupport_introspection_cpp
[23.146s] [ 77%] [32m[1mLinking CXX shared library libpanda_motion_generator_msgs__rosidl_typesupport_fastrtps_c.so[0m
[23.405s] [ 79%] [32m[1mLinking CXX shared library libpanda_motion_generator_msgs__rosidl_typesupport_fastrtps_cpp.so[0m
[23.583s] [ 79%] Built target panda_motion_generator_msgs__rosidl_typesupport_fastrtps_c
[23.597s] [ 79%] Built target panda_motion_generator_msgs__rosidl_typesupport_fastrtps_cpp
[23.624s] [ 79%] Built target panda_motion_generator_msgs
[23.683s] [ 80%] [34m[1mGenerating Python code for ROS interfaces[0m
[30.442s] [ 80%] Built target panda_motion_generator_msgs__py
[30.473s] [ 82%] [32mBuilding C object CMakeFiles/panda_motion_generator_msgs__rosidl_generator_py.dir/rosidl_generator_py/panda_motion_generator_msgs/msg/_joint_pose_s.c.o[0m
[30.711s] [ 84%] [32mBuilding C object CMakeFiles/panda_motion_generator_msgs__rosidl_generator_py.dir/rosidl_generator_py/panda_motion_generator_msgs/action/_joint_via_motion_s.c.o[0m
[31.373s] [ 85%] [32mBuilding C object CMakeFiles/panda_motion_generator_msgs__rosidl_generator_py.dir/rosidl_generator_py/panda_motion_generator_msgs/action/_cartesian_via_motion_s.c.o[0m
[31.712s] [ 87%] [32mBuilding C object CMakeFiles/panda_motion_generator_msgs__rosidl_generator_py.dir/rosidl_generator_py/panda_motion_generator_msgs/msg/_simple_action_result_s.c.o[0m
[32.190s] [ 88%] [32mBuilding C object CMakeFiles/panda_motion_generator_msgs__rosidl_generator_py.dir/rosidl_generator_py/panda_motion_generator_msgs/msg/_set_time_scaling_s.c.o[0m
[32.638s] [ 90%] [32m[1mLinking C shared library rosidl_generator_py/panda_motion_generator_msgs/libpanda_motion_generator_msgs__rosidl_generator_py.so[0m
[32.827s] [ 90%] Built target panda_motion_generator_msgs__rosidl_generator_py
[32.885s] [ 92%] [32mBuilding C object CMakeFiles/panda_motion_generator_msgs__rosidl_typesupport_fastrtps_c__pyext.dir/rosidl_generator_py/panda_motion_generator_msgs/_panda_motion_generator_msgs_s.ep.rosidl_typesupport_fastrtps_c.c.o[0m
[33.520s] [ 93%] [32m[1mLinking C shared library rosidl_generator_py/panda_motion_generator_msgs/panda_motion_generator_msgs_s__rosidl_typesupport_fastrtps_c.cpython-310-x86_64-linux-gnu.so[0m
[33.680s] [ 93%] Built target panda_motion_generator_msgs__rosidl_typesupport_fastrtps_c__pyext
[33.730s] [ 95%] [32mBuilding C object CMakeFiles/panda_motion_generator_msgs__rosidl_typesupport_c__pyext.dir/rosidl_generator_py/panda_motion_generator_msgs/_panda_motion_generator_msgs_s.ep.rosidl_typesupport_c.c.o[0m
[34.383s] [ 96%] [32m[1mLinking C shared library rosidl_generator_py/panda_motion_generator_msgs/panda_motion_generator_msgs_s__rosidl_typesupport_c.cpython-310-x86_64-linux-gnu.so[0m
[34.556s] [ 96%] Built target panda_motion_generator_msgs__rosidl_typesupport_c__pyext
[34.617s] [ 98%] [32mBuilding C object CMakeFiles/panda_motion_generator_msgs__rosidl_typesupport_introspection_c__pyext.dir/rosidl_generator_py/panda_motion_generator_msgs/_panda_motion_generator_msgs_s.ep.rosidl_typesupport_introspection_c.c.o[0m
[34.994s] [100%] [32m[1mLinking C shared library rosidl_generator_py/panda_motion_generator_msgs/panda_motion_generator_msgs_s__rosidl_typesupport_introspection_c.cpython-310-x86_64-linux-gnu.so[0m
[35.144s] [100%] Built target panda_motion_generator_msgs__rosidl_typesupport_introspection_c__pyext
[35.175s] Invoked command in '/media/kai/Kai_Backup/Master_Study/Master_Thesis/Implementation/libfranka_ws/build/panda_motion_generator_msgs' returned '0': CMAKE_PREFIX_PATH=${CMAKE_PREFIX_PATH}:/media/kai/Kai_Backup/Master_Study/Master_Thesis/Implementation/libfranka_ws/install/Hierarchical_Reinforcement_Learning_for_Adaptive_Control_Under_Stochastic_Network_Delays:/opt/ros/humble /usr/local/bin/cmake --build /media/kai/Kai_Backup/Master_Study/Master_Thesis/Implementation/libfranka_ws/build/panda_motion_generator_msgs -- -j12 -l12
[35.189s] Invoking command in '/media/kai/Kai_Backup/Master_Study/Master_Thesis/Implementation/libfranka_ws/build/panda_motion_generator_msgs': CMAKE_PREFIX_PATH=${CMAKE_PREFIX_PATH}:/media/kai/Kai_Backup/Master_Study/Master_Thesis/Implementation/libfranka_ws/install/Hierarchical_Reinforcement_Learning_for_Adaptive_Control_Under_Stochastic_Network_Delays:/opt/ros/humble /usr/local/bin/cmake --install /media/kai/Kai_Backup/Master_Study/Master_Thesis/Implementation/libfranka_ws/build/panda_motion_generator_msgs
[35.202s] -- Install configuration: ""
[35.203s] -- Execute custom install script
[35.204s] -- Symlinking: /media/kai/Kai_Backup/Master_Study/Master_Thesis/Implementation/libfranka_ws/install/panda_motion_generator_msgs/share/ament_index/resource_index/rosidl_interfaces/panda_motion_generator_msgs
[35.227s] -- Symlinking: /media/kai/Kai_Backup/Master_Study/Master_Thesis/Implementation/libfranka_ws/install/panda_motion_generator_msgs/include/panda_motion_generator_msgs/panda_motion_generator_msgs/action/cartesian_via_motion.h
[35.254s] -- Symlinking: /media/kai/Kai_Backup/Master_Study/Master_Thesis/Implementation/libfranka_ws/install/panda_motion_generator_msgs/include/panda_motion_generator_msgs/panda_motion_generator_msgs/action/detail/cartesian_via_motion__functions.h
[35.275s] -- Symlinking: /media/kai/Kai_Backup/Master_Study/Master_Thesis/Implementation/libfranka_ws/install/panda_motion_generator_msgs/include/panda_motion_generator_msgs/panda_motion_generator_msgs/action/detail/cartesian_via_motion__struct.h
[35.287s] -- Symlinking: /media/kai/Kai_Backup/Master_Study/Master_Thesis/Implementation/libfranka_ws/install/panda_motion_generator_msgs/include/panda_motion_generator_msgs/panda_motion_generator_msgs/action/detail/cartesian_via_motion__type_support.h
[35.312s] -- Symlinking: /media/kai/Kai_Backup/Master_Study/Master_Thesis/Implementation/libfranka_ws/install/panda_motion_generator_msgs/include/panda_motion_generator_msgs/panda_motion_generator_msgs/action/detail/joint_via_motion__functions.h
[35.328s] -- Symlinking: /media/kai/Kai_Backup/Master_Study/Master_Thesis/Implementation/libfranka_ws/install/panda_motion_generator_msgs/include/panda_motion_generator_msgs/panda_motion_generator_msgs/action/detail/joint_via_motion__struct.h
[35.357s] -- Symlinking: /media/kai/Kai_Backup/Master_Study/Master_Thesis/Implementation/libfranka_ws/install/panda_motion_generator_msgs/include/panda_motion_generator_msgs/panda_motion_generator_msgs/action/detail/joint_via_motion__type_support.h
[35.369s] -- Symlinking: /media/kai/Kai_Backup/Master_Study/Master_Thesis/Implementation/libfranka_ws/install/panda_motion_generator_msgs/include/panda_motion_generator_msgs/panda_motion_generator_msgs/action/joint_via_motion.h
[35.386s] -- Symlinking: /media/kai/Kai_Backup/Master_Study/Master_Thesis/Implementation/libfranka_ws/install/panda_motion_generator_msgs/include/panda_motion_generator_msgs/panda_motion_generator_msgs/msg/detail/joint_pose__functions.h
[35.404s] -- Symlinking: /media/kai/Kai_Backup/Master_Study/Master_Thesis/Implementation/libfranka_ws/install/panda_motion_generator_msgs/include/panda_motion_generator_msgs/panda_motion_generator_msgs/msg/detail/joint_pose__struct.h
[35.431s] -- Symlinking: /media/kai/Kai_Backup/Master_Study/Master_Thesis/Implementation/libfranka_ws/install/panda_motion_generator_msgs/include/panda_motion_generator_msgs/panda_motion_generator_msgs/msg/detail/joint_pose__type_support.h
[35.451s] -- Symlinking: /media/kai/Kai_Backup/Master_Study/Master_Thesis/Implementation/libfranka_ws/install/panda_motion_generator_msgs/include/panda_motion_generator_msgs/panda_motion_generator_msgs/msg/detail/set_time_scaling__functions.h
[35.467s] -- Symlinking: /media/kai/Kai_Backup/Master_Study/Master_Thesis/Implementation/libfranka_ws/install/panda_motion_generator_msgs/include/panda_motion_generator_msgs/panda_motion_generator_msgs/msg/detail/set_time_scaling__struct.h
[35.493s] -- Symlinking: /media/kai/Kai_Backup/Master_Study/Master_Thesis/Implementation/libfranka_ws/install/panda_motion_generator_msgs/include/panda_motion_generator_msgs/panda_motion_generator_msgs/msg/detail/set_time_scaling__type_support.h
[35.506s] -- Symlinking: /media/kai/Kai_Backup/Master_Study/Master_Thesis/Implementation/libfranka_ws/install/panda_motion_generator_msgs/include/panda_motion_generator_msgs/panda_motion_generator_msgs/msg/detail/simple_action_result__functions.h
[35.532s] -- Symlinking: /media/kai/Kai_Backup/Master_Study/Master_Thesis/Implementation/libfranka_ws/install/panda_motion_generator_msgs/include/panda_motion_generator_msgs/panda_motion_generator_msgs/msg/detail/simple_action_result__struct.h
[35.540s] -- Symlinking: /media/kai/Kai_Backup/Master_Study/Master_Thesis/Implementation/libfranka_ws/install/panda_motion_generator_msgs/include/panda_motion_generator_msgs/panda_motion_generator_msgs/msg/detail/simple_action_result__type_support.h
[35.565s] -- Symlinking: /media/kai/Kai_Backup/Master_Study/Master_Thesis/Implementation/libfranka_ws/install/panda_motion_generator_msgs/include/panda_motion_generator_msgs/panda_motion_generator_msgs/msg/joint_pose.h
[35.591s] -- Symlinking: /media/kai/Kai_Backup/Master_Study/Master_Thesis/Implementation/libfranka_ws/install/panda_motion_generator_msgs/include/panda_motion_generator_msgs/panda_motion_generator_msgs/msg/rosidl_generator_c__visibility_control.h
[35.606s] -- Symlinking: /media/kai/Kai_Backup/Master_Study/Master_Thesis/Implementation/libfranka_ws/install/panda_motion_generator_msgs/include/panda_motion_generator_msgs/panda_motion_generator_msgs/msg/set_time_scaling.h
[35.616s] -- Symlinking: /media/kai/Kai_Backup/Master_Study/Master_Thesis/Implementation/libfranka_ws/install/panda_motion_generator_msgs/include/panda_motion_generator_msgs/panda_motion_generator_msgs/msg/simple_action_result.h
[35.628s] -- Symlinking: /media/kai/Kai_Backup/Master_Study/Master_Thesis/Implementation/libfranka_ws/install/panda_motion_generator_msgs/share/panda_motion_generator_msgs/environment/library_path.sh
[35.642s] -- Symlinking: /media/kai/Kai_Backup/Master_Study/Master_Thesis/Implementation/libfranka_ws/install/panda_motion_generator_msgs/share/panda_motion_generator_msgs/environment/library_path.dsv
[35.668s] -- Symlinking: /media/kai/Kai_Backup/Master_Study/Master_Thesis/Implementation/libfranka_ws/install/panda_motion_generator_msgs/include/panda_motion_generator_msgs/panda_motion_generator_msgs/action/detail/cartesian_via_motion__rosidl_typesupport_fastrtps_c.h
[35.682s] -- Symlinking: /media/kai/Kai_Backup/Master_Study/Master_Thesis/Implementation/libfranka_ws/install/panda_motion_generator_msgs/include/panda_motion_generator_msgs/panda_motion_generator_msgs/action/detail/joint_via_motion__rosidl_typesupport_fastrtps_c.h
[35.701s] -- Symlinking: /media/kai/Kai_Backup/Master_Study/Master_Thesis/Implementation/libfranka_ws/install/panda_motion_generator_msgs/include/panda_motion_generator_msgs/panda_motion_generator_msgs/msg/detail/joint_pose__rosidl_typesupport_fastrtps_c.h
[35.713s] -- Symlinking: /media/kai/Kai_Backup/Master_Study/Master_Thesis/Implementation/libfranka_ws/install/panda_motion_generator_msgs/include/panda_motion_generator_msgs/panda_motion_generator_msgs/msg/detail/set_time_scaling__rosidl_typesupport_fastrtps_c.h
[35.727s] -- Symlinking: /media/kai/Kai_Backup/Master_Study/Master_Thesis/Implementation/libfranka_ws/install/panda_motion_generator_msgs/include/panda_motion_generator_msgs/panda_motion_generator_msgs/msg/detail/simple_action_result__rosidl_typesupport_fastrtps_c.h
[35.745s] -- Symlinking: /media/kai/Kai_Backup/Master_Study/Master_Thesis/Implementation/libfranka_ws/install/panda_motion_generator_msgs/include/panda_motion_generator_msgs/panda_motion_generator_msgs/msg/rosidl_typesupport_fastrtps_c__visibility_control.h
[35.763s] -- Symlinking: /media/kai/Kai_Backup/Master_Study/Master_Thesis/Implementation/libfranka_ws/install/panda_motion_generator_msgs/include/panda_motion_generator_msgs/panda_motion_generator_msgs/action/cartesian_via_motion.hpp
[35.778s] -- Symlinking: /media/kai/Kai_Backup/Master_Study/Master_Thesis/Implementation/libfranka_ws/install/panda_motion_generator_msgs/include/panda_motion_generator_msgs/panda_motion_generator_msgs/action/detail/cartesian_via_motion__builder.hpp
[35.790s] -- Symlinking: /media/kai/Kai_Backup/Master_Study/Master_Thesis/Implementation/libfranka_ws/install/panda_motion_generator_msgs/include/panda_motion_generator_msgs/panda_motion_generator_msgs/action/detail/cartesian_via_motion__struct.hpp
[35.804s] -- Symlinking: /media/kai/Kai_Backup/Master_Study/Master_Thesis/Implementation/libfranka_ws/install/panda_motion_generator_msgs/include/panda_motion_generator_msgs/panda_motion_generator_msgs/action/detail/cartesian_via_motion__traits.hpp
[35.821s] -- Symlinking: /media/kai/Kai_Backup/Master_Study/Master_Thesis/Implementation/libfranka_ws/install/panda_motion_generator_msgs/include/panda_motion_generator_msgs/panda_motion_generator_msgs/action/detail/cartesian_via_motion__type_support.hpp
[35.828s] -- Symlinking: /media/kai/Kai_Backup/Master_Study/Master_Thesis/Implementation/libfranka_ws/install/panda_motion_generator_msgs/include/panda_motion_generator_msgs/panda_motion_generator_msgs/action/detail/joint_via_motion__builder.hpp
[35.849s] -- Symlinking: /media/kai/Kai_Backup/Master_Study/Master_Thesis/Implementation/libfranka_ws/install/panda_motion_generator_msgs/include/panda_motion_generator_msgs/panda_motion_generator_msgs/action/detail/joint_via_motion__struct.hpp
[35.872s] -- Symlinking: /media/kai/Kai_Backup/Master_Study/Master_Thesis/Implementation/libfranka_ws/install/panda_motion_generator_msgs/include/panda_motion_generator_msgs/panda_motion_generator_msgs/action/detail/joint_via_motion__traits.hpp
[35.885s] -- Symlinking: /media/kai/Kai_Backup/Master_Study/Master_Thesis/Implementation/libfranka_ws/install/panda_motion_generator_msgs/include/panda_motion_generator_msgs/panda_motion_generator_msgs/action/detail/joint_via_motion__type_support.hpp
[35.897s] -- Symlinking: /media/kai/Kai_Backup/Master_Study/Master_Thesis/Implementation/libfranka_ws/install/panda_motion_generator_msgs/include/panda_motion_generator_msgs/panda_motion_generator_msgs/action/joint_via_motion.hpp
[35.916s] -- Symlinking: /media/kai/Kai_Backup/Master_Study/Master_Thesis/Implementation/libfranka_ws/install/panda_motion_generator_msgs/include/panda_motion_generator_msgs/panda_motion_generator_msgs/msg/detail/joint_pose__builder.hpp
[35.929s] -- Symlinking: /media/kai/Kai_Backup/Master_Study/Master_Thesis/Implementation/libfranka_ws/install/panda_motion_generator_msgs/include/panda_motion_generator_msgs/panda_motion_generator_msgs/msg/detail/joint_pose__struct.hpp
[35.945s] -- Symlinking: /media/kai/Kai_Backup/Master_Study/Master_Thesis/Implementation/libfranka_ws/install/panda_motion_generator_msgs/include/panda_motion_generator_msgs/panda_motion_generator_msgs/msg/detail/joint_pose__traits.hpp
[35.961s] -- Symlinking: /media/kai/Kai_Backup/Master_Study/Master_Thesis/Implementation/libfranka_ws/install/panda_motion_generator_msgs/include/panda_motion_generator_msgs/panda_motion_generator_msgs/msg/detail/joint_pose__type_support.hpp
[35.979s] -- Symlinking: /media/kai/Kai_Backup/Master_Study/Master_Thesis/Implementation/libfranka_ws/install/panda_motion_generator_msgs/include/panda_motion_generator_msgs/panda_motion_generator_msgs/msg/detail/set_time_scaling__builder.hpp
[35.991s] -- Symlinking: /media/kai/Kai_Backup/Master_Study/Master_Thesis/Implementation/libfranka_ws/install/panda_motion_generator_msgs/include/panda_motion_generator_msgs/panda_motion_generator_msgs/msg/detail/set_time_scaling__struct.hpp
[36.004s] -- Symlinking: /media/kai/Kai_Backup/Master_Study/Master_Thesis/Implementation/libfranka_ws/install/panda_motion_generator_msgs/include/panda_motion_generator_msgs/panda_motion_generator_msgs/msg/detail/set_time_scaling__traits.hpp
[36.016s] -- Symlinking: /media/kai/Kai_Backup/Master_Study/Master_Thesis/Implementation/libfranka_ws/install/panda_motion_generator_msgs/include/panda_motion_generator_msgs/panda_motion_generator_msgs/msg/detail/set_time_scaling__type_support.hpp
[36.033s] -- Symlinking: /media/kai/Kai_Backup/Master_Study/Master_Thesis/Implementation/libfranka_ws/install/panda_motion_generator_msgs/include/panda_motion_generator_msgs/panda_motion_generator_msgs/msg/detail/simple_action_result__builder.hpp
[36.047s] -- Symlinking: /media/kai/Kai_Backup/Master_Study/Master_Thesis/Implementation/libfranka_ws/install/panda_motion_generator_msgs/include/panda_motion_generator_msgs/panda_motion_generator_msgs/msg/detail/simple_action_result__struct.hpp
[36.064s] -- Symlinking: /media/kai/Kai_Backup/Master_Study/Master_Thesis/Implementation/libfranka_ws/install/panda_motion_generator_msgs/include/panda_motion_generator_msgs/panda_motion_generator_msgs/msg/detail/simple_action_result__traits.hpp
[36.076s] -- Symlinking: /media/kai/Kai_Backup/Master_Study/Master_Thesis/Implementation/libfranka_ws/install/panda_motion_generator_msgs/include/panda_motion_generator_msgs/panda_motion_generator_msgs/msg/detail/simple_action_result__type_support.hpp
[36.092s] -- Symlinking: /media/kai/Kai_Backup/Master_Study/Master_Thesis/Implementation/libfranka_ws/install/panda_motion_generator_msgs/include/panda_motion_generator_msgs/panda_motion_generator_msgs/msg/joint_pose.hpp
[36.109s] -- Symlinking: /media/kai/Kai_Backup/Master_Study/Master_Thesis/Implementation/libfranka_ws/install/panda_motion_generator_msgs/include/panda_motion_generator_msgs/panda_motion_generator_msgs/msg/rosidl_generator_cpp__visibility_control.hpp
[36.127s] -- Symlinking: /media/kai/Kai_Backup/Master_Study/Master_Thesis/Implementation/libfranka_ws/install/panda_motion_generator_msgs/include/panda_motion_generator_msgs/panda_motion_generator_msgs/msg/set_time_scaling.hpp
[36.137s] -- Symlinking: /media/kai/Kai_Backup/Master_Study/Master_Thesis/Implementation/libfranka_ws/install/panda_motion_generator_msgs/include/panda_motion_generator_msgs/panda_motion_generator_msgs/msg/simple_action_result.hpp
[36.155s] -- Symlinking: /media/kai/Kai_Backup/Master_Study/Master_Thesis/Implementation/libfranka_ws/install/panda_motion_generator_msgs/include/panda_motion_generator_msgs/panda_motion_generator_msgs/action/detail/cartesian_via_motion__rosidl_typesupport_fastrtps_cpp.hpp
[36.196s] -- Symlinking: /media/kai/Kai_Backup/Master_Study/Master_Thesis/Implementation/libfranka_ws/install/panda_motion_generator_msgs/include/panda_motion_generator_msgs/panda_motion_generator_msgs/action/detail/joint_via_motion__rosidl_typesupport_fastrtps_cpp.hpp
[36.196s] -- Symlinking: /media/kai/Kai_Backup/Master_Study/Master_Thesis/Implementation/libfranka_ws/install/panda_motion_generator_msgs/include/panda_motion_generator_msgs/panda_motion_generator_msgs/msg/detail/joint_pose__rosidl_typesupport_fastrtps_cpp.hpp
[36.221s] -- Symlinking: /media/kai/Kai_Backup/Master_Study/Master_Thesis/Implementation/libfranka_ws/install/panda_motion_generator_msgs/include/panda_motion_generator_msgs/panda_motion_generator_msgs/msg/detail/set_time_scaling__rosidl_typesupport_fastrtps_cpp.hpp
[36.227s] -- Symlinking: /media/kai/Kai_Backup/Master_Study/Master_Thesis/Implementation/libfranka_ws/install/panda_motion_generator_msgs/include/panda_motion_generator_msgs/panda_motion_generator_msgs/msg/detail/simple_action_result__rosidl_typesupport_fastrtps_cpp.hpp
[36.242s] -- Symlinking: /media/kai/Kai_Backup/Master_Study/Master_Thesis/Implementation/libfranka_ws/install/panda_motion_generator_msgs/include/panda_motion_generator_msgs/panda_motion_generator_msgs/msg/rosidl_typesupport_fastrtps_cpp__visibility_control.h
[36.251s] -- Symlinking: /media/kai/Kai_Backup/Master_Study/Master_Thesis/Implementation/libfranka_ws/install/panda_motion_generator_msgs/include/panda_motion_generator_msgs/panda_motion_generator_msgs/action/detail/cartesian_via_motion__rosidl_typesupport_introspection_c.h
[36.259s] -- Symlinking: /media/kai/Kai_Backup/Master_Study/Master_Thesis/Implementation/libfranka_ws/install/panda_motion_generator_msgs/include/panda_motion_generator_msgs/panda_motion_generator_msgs/action/detail/joint_via_motion__rosidl_typesupport_introspection_c.h
[36.276s] -- Symlinking: /media/kai/Kai_Backup/Master_Study/Master_Thesis/Implementation/libfranka_ws/install/panda_motion_generator_msgs/include/panda_motion_generator_msgs/panda_motion_generator_msgs/msg/detail/joint_pose__rosidl_typesupport_introspection_c.h
[36.290s] -- Symlinking: /media/kai/Kai_Backup/Master_Study/Master_Thesis/Implementation/libfranka_ws/install/panda_motion_generator_msgs/include/panda_motion_generator_msgs/panda_motion_generator_msgs/msg/detail/set_time_scaling__rosidl_typesupport_introspection_c.h
[36.308s] -- Symlinking: /media/kai/Kai_Backup/Master_Study/Master_Thesis/Implementation/libfranka_ws/install/panda_motion_generator_msgs/include/panda_motion_generator_msgs/panda_motion_generator_msgs/msg/detail/simple_action_result__rosidl_typesupport_introspection_c.h
[36.330s] -- Symlinking: /media/kai/Kai_Backup/Master_Study/Master_Thesis/Implementation/libfranka_ws/install/panda_motion_generator_msgs/include/panda_motion_generator_msgs/panda_motion_generator_msgs/msg/rosidl_typesupport_introspection_c__visibility_control.h
[36.340s] -- Symlinking: /media/kai/Kai_Backup/Master_Study/Master_Thesis/Implementation/libfranka_ws/install/panda_motion_generator_msgs/include/panda_motion_generator_msgs/panda_motion_generator_msgs/action/detail/cartesian_via_motion__rosidl_typesupport_introspection_cpp.hpp
[36.353s] -- Symlinking: /media/kai/Kai_Backup/Master_Study/Master_Thesis/Implementation/libfranka_ws/install/panda_motion_generator_msgs/include/panda_motion_generator_msgs/panda_motion_generator_msgs/action/detail/joint_via_motion__rosidl_typesupport_introspection_cpp.hpp
[36.372s] -- Symlinking: /media/kai/Kai_Backup/Master_Study/Master_Thesis/Implementation/libfranka_ws/install/panda_motion_generator_msgs/include/panda_motion_generator_msgs/panda_motion_generator_msgs/msg/detail/joint_pose__rosidl_typesupport_introspection_cpp.hpp
[36.387s] -- Symlinking: /media/kai/Kai_Backup/Master_Study/Master_Thesis/Implementation/libfranka_ws/install/panda_motion_generator_msgs/include/panda_motion_generator_msgs/panda_motion_generator_msgs/msg/detail/set_time_scaling__rosidl_typesupport_introspection_cpp.hpp
[36.405s] -- Symlinking: /media/kai/Kai_Backup/Master_Study/Master_Thesis/Implementation/libfranka_ws/install/panda_motion_generator_msgs/include/panda_motion_generator_msgs/panda_motion_generator_msgs/msg/detail/simple_action_result__rosidl_typesupport_introspection_cpp.hpp
[36.426s] -- Symlinking: /media/kai/Kai_Backup/Master_Study/Master_Thesis/Implementation/libfranka_ws/install/panda_motion_generator_msgs/share/panda_motion_generator_msgs/environment/pythonpath.sh
[36.439s] -- Symlinking: /media/kai/Kai_Backup/Master_Study/Master_Thesis/Implementation/libfranka_ws/install/panda_motion_generator_msgs/share/panda_motion_generator_msgs/environment/pythonpath.dsv
[36.466s] -- Symlinking: /media/kai/Kai_Backup/Master_Study/Master_Thesis/Implementation/libfranka_ws/install/panda_motion_generator_msgs/local/lib/python3.10/dist-packages/panda_motion_generator_msgs-0.0.0-py3.10.egg-info/PKG-INFO
[36.483s] -- Symlinking: /media/kai/Kai_Backup/Master_Study/Master_Thesis/Implementation/libfranka_ws/install/panda_motion_generator_msgs/local/lib/python3.10/dist-packages/panda_motion_generator_msgs-0.0.0-py3.10.egg-info/SOURCES.txt
[36.500s] -- Symlinking: /media/kai/Kai_Backup/Master_Study/Master_Thesis/Implementation/libfranka_ws/install/panda_motion_generator_msgs/local/lib/python3.10/dist-packages/panda_motion_generator_msgs-0.0.0-py3.10.egg-info/dependency_links.txt
[36.516s] -- Symlinking: /media/kai/Kai_Backup/Master_Study/Master_Thesis/Implementation/libfranka_ws/install/panda_motion_generator_msgs/local/lib/python3.10/dist-packages/panda_motion_generator_msgs-0.0.0-py3.10.egg-info/top_level.txt
[36.534s] -- Symlinking: /media/kai/Kai_Backup/Master_Study/Master_Thesis/Implementation/libfranka_ws/install/panda_motion_generator_msgs/local/lib/python3.10/dist-packages/panda_motion_generator_msgs/__init__.py
[36.549s] -- Symlinking: /media/kai/Kai_Backup/Master_Study/Master_Thesis/Implementation/libfranka_ws/install/panda_motion_generator_msgs/local/lib/python3.10/dist-packages/panda_motion_generator_msgs/_panda_motion_generator_msgs_s.ep.rosidl_typesupport_c.c
[36.566s] -- Symlinking: /media/kai/Kai_Backup/Master_Study/Master_Thesis/Implementation/libfranka_ws/install/panda_motion_generator_msgs/local/lib/python3.10/dist-packages/panda_motion_generator_msgs/_panda_motion_generator_msgs_s.ep.rosidl_typesupport_fastrtps_c.c
[36.588s] -- Symlinking: /media/kai/Kai_Backup/Master_Study/Master_Thesis/Implementation/libfranka_ws/install/panda_motion_generator_msgs/local/lib/python3.10/dist-packages/panda_motion_generator_msgs/_panda_motion_generator_msgs_s.ep.rosidl_typesupport_introspection_c.c
[36.605s] -- Symlinking: /media/kai/Kai_Backup/Master_Study/Master_Thesis/Implementation/libfranka_ws/install/panda_motion_generator_msgs/local/lib/python3.10/dist-packages/panda_motion_generator_msgs/action/__init__.py
[36.619s] -- Symlinking: /media/kai/Kai_Backup/Master_Study/Master_Thesis/Implementation/libfranka_ws/install/panda_motion_generator_msgs/local/lib/python3.10/dist-packages/panda_motion_generator_msgs/action/_cartesian_via_motion.py
[36.636s] -- Symlinking: /media/kai/Kai_Backup/Master_Study/Master_Thesis/Implementation/libfranka_ws/install/panda_motion_generator_msgs/local/lib/python3.10/dist-packages/panda_motion_generator_msgs/action/_cartesian_via_motion_s.c
[36.657s] -- Symlinking: /media/kai/Kai_Backup/Master_Study/Master_Thesis/Implementation/libfranka_ws/install/panda_motion_generator_msgs/local/lib/python3.10/dist-packages/panda_motion_generator_msgs/action/_joint_via_motion.py
[36.676s] -- Symlinking: /media/kai/Kai_Backup/Master_Study/Master_Thesis/Implementation/libfranka_ws/install/panda_motion_generator_msgs/local/lib/python3.10/dist-packages/panda_motion_generator_msgs/action/_joint_via_motion_s.c
[36.693s] -- Symlinking: /media/kai/Kai_Backup/Master_Study/Master_Thesis/Implementation/libfranka_ws/install/panda_motion_generator_msgs/local/lib/python3.10/dist-packages/panda_motion_generator_msgs/libpanda_motion_generator_msgs__rosidl_generator_py.so
[36.709s] -- Symlinking: /media/kai/Kai_Backup/Master_Study/Master_Thesis/Implementation/libfranka_ws/install/panda_motion_generator_msgs/local/lib/python3.10/dist-packages/panda_motion_generator_msgs/msg/__init__.py
[36.722s] -- Symlinking: /media/kai/Kai_Backup/Master_Study/Master_Thesis/Implementation/libfranka_ws/install/panda_motion_generator_msgs/local/lib/python3.10/dist-packages/panda_motion_generator_msgs/msg/_joint_pose.py
[36.735s] -- Symlinking: /media/kai/Kai_Backup/Master_Study/Master_Thesis/Implementation/libfranka_ws/install/panda_motion_generator_msgs/local/lib/python3.10/dist-packages/panda_motion_generator_msgs/msg/_joint_pose_s.c
[36.755s] -- Symlinking: /media/kai/Kai_Backup/Master_Study/Master_Thesis/Implementation/libfranka_ws/install/panda_motion_generator_msgs/local/lib/python3.10/dist-packages/panda_motion_generator_msgs/msg/_set_time_scaling.py
[36.771s] -- Symlinking: /media/kai/Kai_Backup/Master_Study/Master_Thesis/Implementation/libfranka_ws/install/panda_motion_generator_msgs/local/lib/python3.10/dist-packages/panda_motion_generator_msgs/msg/_set_time_scaling_s.c
[36.793s] -- Symlinking: /media/kai/Kai_Backup/Master_Study/Master_Thesis/Implementation/libfranka_ws/install/panda_motion_generator_msgs/local/lib/python3.10/dist-packages/panda_motion_generator_msgs/msg/_simple_action_result.py
[36.802s] -- Symlinking: /media/kai/Kai_Backup/Master_Study/Master_Thesis/Implementation/libfranka_ws/install/panda_motion_generator_msgs/local/lib/python3.10/dist-packages/panda_motion_generator_msgs/msg/_simple_action_result_s.c
[36.811s] -- Symlinking: /media/kai/Kai_Backup/Master_Study/Master_Thesis/Implementation/libfranka_ws/install/panda_motion_generator_msgs/local/lib/python3.10/dist-packages/panda_motion_generator_msgs/panda_motion_generator_msgs_s__rosidl_typesupport_c.cpython-310-x86_64-linux-gnu.so
[36.820s] -- Symlinking: /media/kai/Kai_Backup/Master_Study/Master_Thesis/Implementation/libfranka_ws/install/panda_motion_generator_msgs/local/lib/python3.10/dist-packages/panda_motion_generator_msgs/panda_motion_generator_msgs_s__rosidl_typesupport_fastrtps_c.cpython-310-x86_64-linux-gnu.so
[36.828s] -- Symlinking: /media/kai/Kai_Backup/Master_Study/Master_Thesis/Implementation/libfranka_ws/install/panda_motion_generator_msgs/local/lib/python3.10/dist-packages/panda_motion_generator_msgs/panda_motion_generator_msgs_s__rosidl_typesupport_introspection_c.cpython-310-x86_64-linux-gnu.so
[36.840s] -- Up-to-date symlink: /media/kai/Kai_Backup/Master_Study/Master_Thesis/Implementation/libfranka_ws/install/panda_motion_generator_msgs/local/lib/python3.10/dist-packages/panda_motion_generator_msgs/panda_motion_generator_msgs_s__rosidl_typesupport_fastrtps_c.cpython-310-x86_64-linux-gnu.so
[36.840s] -- Up-to-date symlink: /media/kai/Kai_Backup/Master_Study/Master_Thesis/Implementation/libfranka_ws/install/panda_motion_generator_msgs/local/lib/python3.10/dist-packages/panda_motion_generator_msgs/panda_motion_generator_msgs_s__rosidl_typesupport_introspection_c.cpython-310-x86_64-linux-gnu.so
[36.840s] -- Up-to-date symlink: /media/kai/Kai_Backup/Master_Study/Master_Thesis/Implementation/libfranka_ws/install/panda_motion_generator_msgs/local/lib/python3.10/dist-packages/panda_motion_generator_msgs/panda_motion_generator_msgs_s__rosidl_typesupport_c.cpython-310-x86_64-linux-gnu.so
[36.840s] -- Symlinking: /media/kai/Kai_Backup/Master_Study/Master_Thesis/Implementation/libfranka_ws/install/panda_motion_generator_msgs/share/panda_motion_generator_msgs/msg/JointPose.idl
[36.849s] -- Symlinking: /media/kai/Kai_Backup/Master_Study/Master_Thesis/Implementation/libfranka_ws/install/panda_motion_generator_msgs/share/panda_motion_generator_msgs/msg/SetTimeScaling.idl
[36.856s] -- Symlinking: /media/kai/Kai_Backup/Master_Study/Master_Thesis/Implementation/libfranka_ws/install/panda_motion_generator_msgs/share/panda_motion_generator_msgs/msg/SimpleActionResult.idl
[36.865s] -- Symlinking: /media/kai/Kai_Backup/Master_Study/Master_Thesis/Implementation/libfranka_ws/install/panda_motion_generator_msgs/share/panda_motion_generator_msgs/action/CartesianViaMotion.idl
[36.873s] -- Symlinking: /media/kai/Kai_Backup/Master_Study/Master_Thesis/Implementation/libfranka_ws/install/panda_motion_generator_msgs/share/panda_motion_generator_msgs/action/JointViaMotion.idl
[36.885s] -- Symlinking: /media/kai/Kai_Backup/Master_Study/Master_Thesis/Implementation/libfranka_ws/install/panda_motion_generator_msgs/share/panda_motion_generator_msgs/msg/JointPose.msg
[36.890s] -- Symlinking: /media/kai/Kai_Backup/Master_Study/Master_Thesis/Implementation/libfranka_ws/install/panda_motion_generator_msgs/share/panda_motion_generator_msgs/msg/SetTimeScaling.msg
[36.898s] -- Symlinking: /media/kai/Kai_Backup/Master_Study/Master_Thesis/Implementation/libfranka_ws/install/panda_motion_generator_msgs/share/panda_motion_generator_msgs/msg/SimpleActionResult.msg
[36.917s] -- Symlinking: /media/kai/Kai_Backup/Master_Study/Master_Thesis/Implementation/libfranka_ws/install/panda_motion_generator_msgs/share/panda_motion_generator_msgs/action/CartesianViaMotion.action
[36.932s] -- Symlinking: /media/kai/Kai_Backup/Master_Study/Master_Thesis/Implementation/libfranka_ws/install/panda_motion_generator_msgs/share/panda_motion_generator_msgs/action/JointViaMotion.action
[36.936s] -- Symlinking: /media/kai/Kai_Backup/Master_Study/Master_Thesis/Implementation/libfranka_ws/install/panda_motion_generator_msgs/share/ament_index/resource_index/package_run_dependencies/panda_motion_generator_msgs
[36.945s] -- Symlinking: /media/kai/Kai_Backup/Master_Study/Master_Thesis/Implementation/libfranka_ws/install/panda_motion_generator_msgs/share/ament_index/resource_index/parent_prefix_path/panda_motion_generator_msgs
[36.954s] -- Symlinking: /media/kai/Kai_Backup/Master_Study/Master_Thesis/Implementation/libfranka_ws/install/panda_motion_generator_msgs/share/panda_motion_generator_msgs/environment/ament_prefix_path.sh
[36.963s] -- Symlinking: /media/kai/Kai_Backup/Master_Study/Master_Thesis/Implementation/libfranka_ws/install/panda_motion_generator_msgs/share/panda_motion_generator_msgs/environment/ament_prefix_path.dsv
[36.976s] -- Symlinking: /media/kai/Kai_Backup/Master_Study/Master_Thesis/Implementation/libfranka_ws/install/panda_motion_generator_msgs/share/panda_motion_generator_msgs/environment/path.sh
[36.980s] -- Symlinking: /media/kai/Kai_Backup/Master_Study/Master_Thesis/Implementation/libfranka_ws/install/panda_motion_generator_msgs/share/panda_motion_generator_msgs/environment/path.dsv
[36.992s] -- Symlinking: /media/kai/Kai_Backup/Master_Study/Master_Thesis/Implementation/libfranka_ws/install/panda_motion_generator_msgs/share/panda_motion_generator_msgs/local_setup.bash
[37.003s] -- Symlinking: /media/kai/Kai_Backup/Master_Study/Master_Thesis/Implementation/libfranka_ws/install/panda_motion_generator_msgs/share/panda_motion_generator_msgs/local_setup.sh
[37.008s] -- Symlinking: /media/kai/Kai_Backup/Master_Study/Master_Thesis/Implementation/libfranka_ws/install/panda_motion_generator_msgs/share/panda_motion_generator_msgs/local_setup.zsh
[37.017s] -- Symlinking: /media/kai/Kai_Backup/Master_Study/Master_Thesis/Implementation/libfranka_ws/install/panda_motion_generator_msgs/share/panda_motion_generator_msgs/local_setup.dsv
[37.026s] -- Symlinking: /media/kai/Kai_Backup/Master_Study/Master_Thesis/Implementation/libfranka_ws/install/panda_motion_generator_msgs/share/panda_motion_generator_msgs/package.dsv
[37.036s] -- Symlinking: /media/kai/Kai_Backup/Master_Study/Master_Thesis/Implementation/libfranka_ws/install/panda_motion_generator_msgs/share/ament_index/resource_index/packages/panda_motion_generator_msgs
[37.042s] -- Symlinking: /media/kai/Kai_Backup/Master_Study/Master_Thesis/Implementation/libfranka_ws/install/panda_motion_generator_msgs/share/panda_motion_generator_msgs/cmake/rosidl_cmake-extras.cmake
[37.050s] -- Symlinking: /media/kai/Kai_Backup/Master_Study/Master_Thesis/Implementation/libfranka_ws/install/panda_motion_generator_msgs/share/panda_motion_generator_msgs/cmake/ament_cmake_export_dependencies-extras.cmake
[37.059s] -- Symlinking: /media/kai/Kai_Backup/Master_Study/Master_Thesis/Implementation/libfranka_ws/install/panda_motion_generator_msgs/share/panda_motion_generator_msgs/cmake/ament_cmake_export_include_directories-extras.cmake
[37.067s] -- Symlinking: /media/kai/Kai_Backup/Master_Study/Master_Thesis/Implementation/libfranka_ws/install/panda_motion_generator_msgs/share/panda_motion_generator_msgs/cmake/ament_cmake_export_libraries-extras.cmake
[37.076s] -- Symlinking: /media/kai/Kai_Backup/Master_Study/Master_Thesis/Implementation/libfranka_ws/install/panda_motion_generator_msgs/share/panda_motion_generator_msgs/cmake/ament_cmake_export_targets-extras.cmake
[37.087s] -- Symlinking: /media/kai/Kai_Backup/Master_Study/Master_Thesis/Implementation/libfranka_ws/install/panda_motion_generator_msgs/share/panda_motion_generator_msgs/cmake/rosidl_cmake_export_typesupport_targets-extras.cmake
[37.094s] -- Symlinking: /media/kai/Kai_Backup/Master_Study/Master_Thesis/Implementation/libfranka_ws/install/panda_motion_generator_msgs/share/panda_motion_generator_msgs/cmake/rosidl_cmake_export_typesupport_libraries-extras.cmake
[37.104s] -- Symlinking: /media/kai/Kai_Backup/Master_Study/Master_Thesis/Implementation/libfranka_ws/install/panda_motion_generator_msgs/share/panda_motion_generator_msgs/cmake/panda_motion_generator_msgsConfig.cmake
[37.111s] -- Symlinking: /media/kai/Kai_Backup/Master_Study/Master_Thesis/Implementation/libfranka_ws/install/panda_motion_generator_msgs/share/panda_motion_generator_msgs/cmake/panda_motion_generator_msgsConfig-version.cmake
[37.119s] -- Symlinking: /media/kai/Kai_Backup/Master_Study/Master_Thesis/Implementation/libfranka_ws/install/panda_motion_generator_msgs/share/panda_motion_generator_msgs/package.xml
[37.130s] -- Installing: /media/kai/Kai_Backup/Master_Study/Master_Thesis/Implementation/libfranka_ws/install/panda_motion_generator_msgs/lib/libpanda_motion_generator_msgs__rosidl_generator_c.so
[37.132s] -- Set non-toolchain portion of runtime path of "/media/kai/Kai_Backup/Master_Study/Master_Thesis/Implementation/libfranka_ws/install/panda_motion_generator_msgs/lib/libpanda_motion_generator_msgs__rosidl_generator_c.so" to ""
[37.134s] -- Installing: /media/kai/Kai_Backup/Master_Study/Master_Thesis/Implementation/libfranka_ws/install/panda_motion_generator_msgs/lib/libpanda_motion_generator_msgs__rosidl_typesupport_fastrtps_c.so
[37.134s] -- Set non-toolchain portion of runtime path of "/media/kai/Kai_Backup/Master_Study/Master_Thesis/Implementation/libfranka_ws/install/panda_motion_generator_msgs/lib/libpanda_motion_generator_msgs__rosidl_typesupport_fastrtps_c.so" to ""
[37.138s] -- Installing: /media/kai/Kai_Backup/Master_Study/Master_Thesis/Implementation/libfranka_ws/install/panda_motion_generator_msgs/lib/libpanda_motion_generator_msgs__rosidl_typesupport_fastrtps_cpp.so
[37.141s] -- Set non-toolchain portion of runtime path of "/media/kai/Kai_Backup/Master_Study/Master_Thesis/Implementation/libfranka_ws/install/panda_motion_generator_msgs/lib/libpanda_motion_generator_msgs__rosidl_typesupport_fastrtps_cpp.so" to ""
[37.142s] -- Installing: /media/kai/Kai_Backup/Master_Study/Master_Thesis/Implementation/libfranka_ws/install/panda_motion_generator_msgs/lib/libpanda_motion_generator_msgs__rosidl_typesupport_introspection_c.so
[37.142s] -- Set non-toolchain portion of runtime path of "/media/kai/Kai_Backup/Master_Study/Master_Thesis/Implementation/libfranka_ws/install/panda_motion_generator_msgs/lib/libpanda_motion_generator_msgs__rosidl_typesupport_introspection_c.so" to ""
[37.142s] -- Installing: /media/kai/Kai_Backup/Master_Study/Master_Thesis/Implementation/libfranka_ws/install/panda_motion_generator_msgs/lib/libpanda_motion_generator_msgs__rosidl_typesupport_c.so
[37.142s] -- Set non-toolchain portion of runtime path of "/media/kai/Kai_Backup/Master_Study/Master_Thesis/Implementation/libfranka_ws/install/panda_motion_generator_msgs/lib/libpanda_motion_generator_msgs__rosidl_typesupport_c.so" to ""
[37.142s] -- Installing: /media/kai/Kai_Backup/Master_Study/Master_Thesis/Implementation/libfranka_ws/install/panda_motion_generator_msgs/lib/libpanda_motion_generator_msgs__rosidl_typesupport_introspection_cpp.so
[37.148s] -- Set non-toolchain portion of runtime path of "/media/kai/Kai_Backup/Master_Study/Master_Thesis/Implementation/libfranka_ws/install/panda_motion_generator_msgs/lib/libpanda_motion_generator_msgs__rosidl_typesupport_introspection_cpp.so" to ""
[37.148s] -- Installing: /media/kai/Kai_Backup/Master_Study/Master_Thesis/Implementation/libfranka_ws/install/panda_motion_generator_msgs/lib/libpanda_motion_generator_msgs__rosidl_typesupport_cpp.so
[37.149s] -- Set non-toolchain portion of runtime path of "/media/kai/Kai_Backup/Master_Study/Master_Thesis/Implementation/libfranka_ws/install/panda_motion_generator_msgs/lib/libpanda_motion_generator_msgs__rosidl_typesupport_cpp.so" to ""
[37.381s] Listing '/media/kai/Kai_Backup/Master_Study/Master_Thesis/Implementation/libfranka_ws/install/panda_motion_generator_msgs/local/lib/python3.10/dist-packages/panda_motion_generator_msgs'...
[37.382s] Compiling '/media/kai/Kai_Backup/Master_Study/Master_Thesis/Implementation/libfranka_ws/install/panda_motion_generator_msgs/local/lib/python3.10/dist-packages/panda_motion_generator_msgs/__init__.py'...
[37.382s] Listing '/media/kai/Kai_Backup/Master_Study/Master_Thesis/Implementation/libfranka_ws/install/panda_motion_generator_msgs/local/lib/python3.10/dist-packages/panda_motion_generator_msgs/action'...
[37.382s] Compiling '/media/kai/Kai_Backup/Master_Study/Master_Thesis/Implementation/libfranka_ws/install/panda_motion_generator_msgs/local/lib/python3.10/dist-packages/panda_motion_generator_msgs/action/__init__.py'...
[37.382s] Compiling '/media/kai/Kai_Backup/Master_Study/Master_Thesis/Implementation/libfranka_ws/install/panda_motion_generator_msgs/local/lib/python3.10/dist-packages/panda_motion_generator_msgs/action/_cartesian_via_motion.py'...
[37.382s] Compiling '/media/kai/Kai_Backup/Master_Study/Master_Thesis/Implementation/libfranka_ws/install/panda_motion_generator_msgs/local/lib/python3.10/dist-packages/panda_motion_generator_msgs/action/_joint_via_motion.py'...
[37.382s] Listing '/media/kai/Kai_Backup/Master_Study/Master_Thesis/Implementation/libfranka_ws/install/panda_motion_generator_msgs/local/lib/python3.10/dist-packages/panda_motion_generator_msgs/msg'...
[37.382s] Compiling '/media/kai/Kai_Backup/Master_Study/Master_Thesis/Implementation/libfranka_ws/install/panda_motion_generator_msgs/local/lib/python3.10/dist-packages/panda_motion_generator_msgs/msg/__init__.py'...
[37.383s] Compiling '/media/kai/Kai_Backup/Master_Study/Master_Thesis/Implementation/libfranka_ws/install/panda_motion_generator_msgs/local/lib/python3.10/dist-packages/panda_motion_generator_msgs/msg/_joint_pose.py'...
[37.383s] Compiling '/media/kai/Kai_Backup/Master_Study/Master_Thesis/Implementation/libfranka_ws/install/panda_motion_generator_msgs/local/lib/python3.10/dist-packages/panda_motion_generator_msgs/msg/_set_time_scaling.py'...
[37.383s] Compiling '/media/kai/Kai_Backup/Master_Study/Master_Thesis/Implementation/libfranka_ws/install/panda_motion_generator_msgs/local/lib/python3.10/dist-packages/panda_motion_generator_msgs/msg/_simple_action_result.py'...
[37.398s] -- Installing: /media/kai/Kai_Backup/Master_Study/Master_Thesis/Implementation/libfranka_ws/install/panda_motion_generator_msgs/lib/libpanda_motion_generator_msgs__rosidl_generator_py.so
[37.399s] -- Set non-toolchain portion of runtime path of "/media/kai/Kai_Backup/Master_Study/Master_Thesis/Implementation/libfranka_ws/install/panda_motion_generator_msgs/lib/libpanda_motion_generator_msgs__rosidl_generator_py.so" to ""
[37.400s] -- Installing: /media/kai/Kai_Backup/Master_Study/Master_Thesis/Implementation/libfranka_ws/install/panda_motion_generator_msgs/share/panda_motion_generator_msgs/cmake/export_panda_motion_generator_msgs__rosidl_generator_cExport.cmake
[37.400s] -- Installing: /media/kai/Kai_Backup/Master_Study/Master_Thesis/Implementation/libfranka_ws/install/panda_motion_generator_msgs/share/panda_motion_generator_msgs/cmake/export_panda_motion_generator_msgs__rosidl_generator_cExport-noconfig.cmake
[37.401s] -- Installing: /media/kai/Kai_Backup/Master_Study/Master_Thesis/Implementation/libfranka_ws/install/panda_motion_generator_msgs/share/panda_motion_generator_msgs/cmake/export_panda_motion_generator_msgs__rosidl_typesupport_fastrtps_cExport.cmake
[37.402s] -- Installing: /media/kai/Kai_Backup/Master_Study/Master_Thesis/Implementation/libfranka_ws/install/panda_motion_generator_msgs/share/panda_motion_generator_msgs/cmake/export_panda_motion_generator_msgs__rosidl_typesupport_fastrtps_cExport-noconfig.cmake
[37.403s] -- Installing: /media/kai/Kai_Backup/Master_Study/Master_Thesis/Implementation/libfranka_ws/install/panda_motion_generator_msgs/share/panda_motion_generator_msgs/cmake/export_panda_motion_generator_msgs__rosidl_generator_cppExport.cmake
[37.404s] -- Installing: /media/kai/Kai_Backup/Master_Study/Master_Thesis/Implementation/libfranka_ws/install/panda_motion_generator_msgs/share/panda_motion_generator_msgs/cmake/export_panda_motion_generator_msgs__rosidl_typesupport_fastrtps_cppExport.cmake
[37.404s] -- Installing: /media/kai/Kai_Backup/Master_Study/Master_Thesis/Implementation/libfranka_ws/install/panda_motion_generator_msgs/share/panda_motion_generator_msgs/cmake/export_panda_motion_generator_msgs__rosidl_typesupport_fastrtps_cppExport-noconfig.cmake
[37.405s] -- Installing: /media/kai/Kai_Backup/Master_Study/Master_Thesis/Implementation/libfranka_ws/install/panda_motion_generator_msgs/share/panda_motion_generator_msgs/cmake/panda_motion_generator_msgs__rosidl_typesupport_introspection_cExport.cmake
[37.405s] -- Installing: /media/kai/Kai_Backup/Master_Study/Master_Thesis/Implementation/libfranka_ws/install/panda_motion_generator_msgs/share/panda_motion_generator_msgs/cmake/panda_motion_generator_msgs__rosidl_typesupport_introspection_cExport-noconfig.cmake
[37.406s] -- Installing: /media/kai/Kai_Backup/Master_Study/Master_Thesis/Implementation/libfranka_ws/install/panda_motion_generator_msgs/share/panda_motion_generator_msgs/cmake/panda_motion_generator_msgs__rosidl_typesupport_cExport.cmake
[37.406s] -- Installing: /media/kai/Kai_Backup/Master_Study/Master_Thesis/Implementation/libfranka_ws/install/panda_motion_generator_msgs/share/panda_motion_generator_msgs/cmake/panda_motion_generator_msgs__rosidl_typesupport_cExport-noconfig.cmake
[37.407s] -- Installing: /media/kai/Kai_Backup/Master_Study/Master_Thesis/Implementation/libfranka_ws/install/panda_motion_generator_msgs/share/panda_motion_generator_msgs/cmake/panda_motion_generator_msgs__rosidl_typesupport_introspection_cppExport.cmake
[37.411s] -- Installing: /media/kai/Kai_Backup/Master_Study/Master_Thesis/Implementation/libfranka_ws/install/panda_motion_generator_msgs/share/panda_motion_generator_msgs/cmake/panda_motion_generator_msgs__rosidl_typesupport_introspection_cppExport-noconfig.cmake
[37.411s] -- Installing: /media/kai/Kai_Backup/Master_Study/Master_Thesis/Implementation/libfranka_ws/install/panda_motion_generator_msgs/share/panda_motion_generator_msgs/cmake/panda_motion_generator_msgs__rosidl_typesupport_cppExport.cmake
[37.411s] -- Installing: /media/kai/Kai_Backup/Master_Study/Master_Thesis/Implementation/libfranka_ws/install/panda_motion_generator_msgs/share/panda_motion_generator_msgs/cmake/panda_motion_generator_msgs__rosidl_typesupport_cppExport-noconfig.cmake
[37.411s] -- Installing: /media/kai/Kai_Backup/Master_Study/Master_Thesis/Implementation/libfranka_ws/install/panda_motion_generator_msgs/share/panda_motion_generator_msgs/cmake/export_panda_motion_generator_msgs__rosidl_generator_pyExport.cmake
[37.412s] -- Installing: /media/kai/Kai_Backup/Master_Study/Master_Thesis/Implementation/libfranka_ws/install/panda_motion_generator_msgs/share/panda_motion_generator_msgs/cmake/export_panda_motion_generator_msgs__rosidl_generator_pyExport-noconfig.cmake
[37.416s] Invoked command in '/media/kai/Kai_Backup/Master_Study/Master_Thesis/Implementation/libfranka_ws/build/panda_motion_generator_msgs' returned '0': CMAKE_PREFIX_PATH=${CMAKE_PREFIX_PATH}:/media/kai/Kai_Backup/Master_Study/Master_Thesis/Implementation/libfranka_ws/install/Hierarchical_Reinforcement_Learning_for_Adaptive_Control_Under_Stochastic_Network_Delays:/opt/ros/humble /usr/local/bin/cmake --install /media/kai/Kai_Backup/Master_Study/Master_Thesis/Implementation/libfranka_ws/build/panda_motion_generator_msgs
