2025-12-20 15:16:14,736 [INFO] ============================================================
2025-12-20 15:16:14,736 [INFO] STARTING TRAINING: E2E_RL_HIGH_VARIANCE_figure_8_20251220_151614
2025-12-20 15:16:14,736 [INFO] Checkpoint Dir: /home/kaize/Downloads/Master_Study_Master_Thesis/libfranka_ws/src/E2E_Teleoperation/E2E_Teleoperation/trained_RL/E2E_RL_HIGH_VARIANCE_figure_8_20251220_151614
2025-12-20 15:16:14,737 [INFO] Model Path: /home/kaize/Downloads/Master_Study_Master_Thesis/libfranka_ws/src/multipanda_ros2/franka_description/mujoco/franka/scene.xml
2025-12-20 15:16:14,737 [INFO] ============================================================
2025-12-20 15:16:14,763 [INFO] Initializing Environment...
2025-12-20 15:16:15,771 [INFO] Loading checkpoint from: /home/kaize/Downloads/Master_Study_Master_Thesis/libfranka_ws/src/E2E_Teleoperation/E2E_Teleoperation/trained_RL/E2E_RL_HIGH_VARIANCE_figure_8_20251218_090052/best_policy.pth
2025-12-20 15:16:15,780 [INFO] Critic NOT loaded (fresh start for SAC).
2025-12-20 15:16:15,780 [INFO] Checkpoint loaded successfully.
2025-12-20 15:16:15,780 [INFO] Skipping Stage 1 & 2 (Resuming from checkpoint)
2025-12-20 15:16:15,780 [INFO] ============================================================
2025-12-20 15:16:15,780 [INFO] >>> STAGE 3: SAC FINE-TUNING (FINAL FIXED)
2025-12-20 15:16:15,780 [INFO] ============================================================
2025-12-20 15:16:15,780 [INFO] Phase 3a: Critic Warm-up (20000 steps)...
2025-12-20 15:16:15,930 [INFO] Warmup Step 0/20000
2025-12-20 15:18:27,308 [INFO] Warmup Step 5000/20000
2025-12-20 15:22:04,120 [INFO] Warmup Step 10000/20000
2025-12-20 15:25:41,340 [INFO] Warmup Step 15000/20000
2025-12-20 15:29:18,753 [INFO] >>> Critic Warm-up Complete. Starting Full Training.
2025-12-20 15:30:13,195 [INFO] Step 746 | Ep Reward: 238.36 | BC Weight: 9.9720
2025-12-20 15:31:16,082 [INFO] Step 1608 | Ep Reward: 229.76 | BC Weight: 9.9397
2025-12-20 15:33:15,446 [INFO] Step 3247 | Ep Reward: 300.51 | BC Weight: 9.8782
2025-12-20 15:33:43,700 [INFO] Step 3633 | Ep Reward: 109.84 | BC Weight: 9.8638
2025-12-20 15:34:10,067 [INFO] Step 3993 | Ep Reward: 70.23 | BC Weight: 9.8503
2025-12-20 15:35:13,331 [INFO] Step 4862 | Ep Reward: 159.07 | BC Weight: 9.8177
2025-12-20 15:35:55,031 [INFO] Step 5435 | Ep Reward: 168.88 | BC Weight: 9.7962
2025-12-20 15:36:52,165 [INFO] Step 6221 | Ep Reward: 264.17 | BC Weight: 9.7667
2025-12-20 15:37:42,671 [INFO] Step 6915 | Ep Reward: 227.20 | BC Weight: 9.7407
2025-12-20 15:38:45,012 [INFO] Step 7773 | Ep Reward: 273.55 | BC Weight: 9.7085
2025-12-20 15:40:10,312 [INFO] Step 8947 | Ep Reward: 355.47 | BC Weight: 9.6645
2025-12-20 15:41:24,537 [INFO] Step 9968 | Ep Reward: 318.01 | BC Weight: 9.6262
2025-12-20 15:41:41,360 [INFO] [Stage 3 Validation] Reward: 361.21
2025-12-20 15:41:41,369 [INFO] Saved: /home/kaize/Downloads/Master_Study_Master_Thesis/libfranka_ws/src/E2E_Teleoperation/E2E_Teleoperation/trained_RL/E2E_RL_HIGH_VARIANCE_figure_8_20251220_151614/best_policy_stage3.pth
2025-12-20 15:41:41,447 [INFO] Step 10001 | Ep Reward: 27.04 | BC Weight: 9.6250
2025-12-20 15:42:41,972 [INFO] Step 10834 | Ep Reward: 208.41 | BC Weight: 9.5937
2025-12-20 15:44:37,018 [INFO] Step 12416 | Ep Reward: 434.85 | BC Weight: 9.5344
2025-12-20 15:46:43,412 [INFO] Step 14152 | Ep Reward: 427.88 | BC Weight: 9.4693
2025-12-20 15:49:37,189 [INFO] Step 16540 | Ep Reward: 442.19 | BC Weight: 9.3797
2025-12-20 15:51:58,341 [INFO] Step 18387 | Ep Reward: 422.17 | BC Weight: 9.3105
2025-12-20 15:53:45,907 [INFO] Step 19829 | Ep Reward: 282.56 | BC Weight: 9.2564
