[2.199s] Invoking command in '/media/kai/Kai_Backup/Master_Study/Master_Thesis/Implementation/libfranka_ws/build/garmi_moveit_config': CMAKE_PREFIX_PATH=${CMAKE_PREFIX_PATH}:/opt/ros/humble /usr/bin/cmake --build /media/kai/Kai_Backup/Master_Study/Master_Thesis/Implementation/libfranka_ws/build/garmi_moveit_config -- -j12 -l12
[2.729s] Invoked command in '/media/kai/Kai_Backup/Master_Study/Master_Thesis/Implementation/libfranka_ws/build/garmi_moveit_config' returned '0': CMAKE_PREFIX_PATH=${CMAKE_PREFIX_PATH}:/opt/ros/humble /usr/bin/cmake --build /media/kai/Kai_Backup/Master_Study/Master_Thesis/Implementation/libfranka_ws/build/garmi_moveit_config -- -j12 -l12
[2.730s] Invoking command in '/media/kai/Kai_Backup/Master_Study/Master_Thesis/Implementation/libfranka_ws/build/garmi_moveit_config': CMAKE_PREFIX_PATH=${CMAKE_PREFIX_PATH}:/opt/ros/humble /usr/bin/cmake --install /media/kai/Kai_Backup/Master_Study/Master_Thesis/Implementation/libfranka_ws/build/garmi_moveit_config
[2.810s] -- Install configuration: ""
[2.824s] -- Execute custom install script
[2.826s] -- Up-to-date symlink: /media/kai/Kai_Backup/Master_Study/Master_Thesis/Implementation/libfranka_ws/install/garmi_moveit_config/share/garmi_moveit_config/config/kinematics.yaml
[2.826s] -- Up-to-date symlink: /media/kai/Kai_Backup/Master_Study/Master_Thesis/Implementation/libfranka_ws/install/garmi_moveit_config/share/garmi_moveit_config/config/ompl_planning.yaml
[2.826s] -- Up-to-date symlink: /media/kai/Kai_Backup/Master_Study/Master_Thesis/Implementation/libfranka_ws/install/garmi_moveit_config/share/garmi_moveit_config/config/sim_garmi_controllers.yaml
[2.826s] -- Up-to-date symlink: /media/kai/Kai_Backup/Master_Study/Master_Thesis/Implementation/libfranka_ws/install/garmi_moveit_config/share/garmi_moveit_config/config/sim_garmi_ros_controllers.yaml
[2.826s] -- Up-to-date symlink: /media/kai/Kai_Backup/Master_Study/Master_Thesis/Implementation/libfranka_ws/install/garmi_moveit_config/share/garmi_moveit_config/launch/sim_garmi_moveit.launch.py
[2.837s] -- Up-to-date symlink: /media/kai/Kai_Backup/Master_Study/Master_Thesis/Implementation/libfranka_ws/install/garmi_moveit_config/share/garmi_moveit_config/srdf/base.xacro
[2.837s] -- Up-to-date symlink: /media/kai/Kai_Backup/Master_Study/Master_Thesis/Implementation/libfranka_ws/install/garmi_moveit_config/share/garmi_moveit_config/srdf/garmi.srdf.xacro
[2.837s] -- Up-to-date symlink: /media/kai/Kai_Backup/Master_Study/Master_Thesis/Implementation/libfranka_ws/install/garmi_moveit_config/share/garmi_moveit_config/srdf/garmi_arm.xacro
[2.837s] -- Up-to-date symlink: /media/kai/Kai_Backup/Master_Study/Master_Thesis/Implementation/libfranka_ws/install/garmi_moveit_config/share/garmi_moveit_config/srdf/garmi_arm_hand.xacro
[2.838s] -- Up-to-date symlink: /media/kai/Kai_Backup/Master_Study/Master_Thesis/Implementation/libfranka_ws/install/garmi_moveit_config/share/garmi_moveit_config/srdf/garmi_group_definition.xacro
[2.838s] -- Up-to-date symlink: /media/kai/Kai_Backup/Master_Study/Master_Thesis/Implementation/libfranka_ws/install/garmi_moveit_config/share/garmi_moveit_config/srdf/garmi_hand.xacro
[2.838s] -- Up-to-date symlink: /media/kai/Kai_Backup/Master_Study/Master_Thesis/Implementation/libfranka_ws/install/garmi_moveit_config/share/garmi_moveit_config/srdf/head.xacro
[2.838s] -- Up-to-date symlink: /media/kai/Kai_Backup/Master_Study/Master_Thesis/Implementation/libfranka_ws/install/garmi_moveit_config/share/garmi_moveit_config/rviz/garmi_moveit.rviz
[2.844s] -- Up-to-date symlink: /media/kai/Kai_Backup/Master_Study/Master_Thesis/Implementation/libfranka_ws/install/garmi_moveit_config/share/ament_index/resource_index/package_run_dependencies/garmi_moveit_config
[2.845s] -- Up-to-date symlink: /media/kai/Kai_Backup/Master_Study/Master_Thesis/Implementation/libfranka_ws/install/garmi_moveit_config/share/ament_index/resource_index/parent_prefix_path/garmi_moveit_config
[2.845s] -- Up-to-date symlink: /media/kai/Kai_Backup/Master_Study/Master_Thesis/Implementation/libfranka_ws/install/garmi_moveit_config/share/garmi_moveit_config/environment/ament_prefix_path.sh
[2.845s] -- Up-to-date symlink: /media/kai/Kai_Backup/Master_Study/Master_Thesis/Implementation/libfranka_ws/install/garmi_moveit_config/share/garmi_moveit_config/environment/ament_prefix_path.dsv
[2.862s] -- Up-to-date symlink: /media/kai/Kai_Backup/Master_Study/Master_Thesis/Implementation/libfranka_ws/install/garmi_moveit_config/share/garmi_moveit_config/environment/path.sh
[2.863s] -- Up-to-date symlink: /media/kai/Kai_Backup/Master_Study/Master_Thesis/Implementation/libfranka_ws/install/garmi_moveit_config/share/garmi_moveit_config/environment/path.dsv
[2.869s] -- Up-to-date symlink: /media/kai/Kai_Backup/Master_Study/Master_Thesis/Implementation/libfranka_ws/install/garmi_moveit_config/share/garmi_moveit_config/local_setup.bash
[2.874s] -- Up-to-date symlink: /media/kai/Kai_Backup/Master_Study/Master_Thesis/Implementation/libfranka_ws/install/garmi_moveit_config/share/garmi_moveit_config/local_setup.sh
[2.875s] -- Up-to-date symlink: /media/kai/Kai_Backup/Master_Study/Master_Thesis/Implementation/libfranka_ws/install/garmi_moveit_config/share/garmi_moveit_config/local_setup.zsh
[2.910s] -- Up-to-date symlink: /media/kai/Kai_Backup/Master_Study/Master_Thesis/Implementation/libfranka_ws/install/garmi_moveit_config/share/garmi_moveit_config/local_setup.dsv
[2.911s] -- Symlinking: /media/kai/Kai_Backup/Master_Study/Master_Thesis/Implementation/libfranka_ws/install/garmi_moveit_config/share/garmi_moveit_config/package.dsv
[2.966s] -- Up-to-date symlink: /media/kai/Kai_Backup/Master_Study/Master_Thesis/Implementation/libfranka_ws/install/garmi_moveit_config/share/ament_index/resource_index/packages/garmi_moveit_config
[2.966s] -- Up-to-date symlink: /media/kai/Kai_Backup/Master_Study/Master_Thesis/Implementation/libfranka_ws/install/garmi_moveit_config/share/garmi_moveit_config/cmake/garmi_moveit_configConfig.cmake
[2.966s] -- Up-to-date symlink: /media/kai/Kai_Backup/Master_Study/Master_Thesis/Implementation/libfranka_ws/install/garmi_moveit_config/share/garmi_moveit_config/cmake/garmi_moveit_configConfig-version.cmake
[2.967s] -- Up-to-date symlink: /media/kai/Kai_Backup/Master_Study/Master_Thesis/Implementation/libfranka_ws/install/garmi_moveit_config/share/garmi_moveit_config/package.xml
[3.394s] Invoked command in '/media/kai/Kai_Backup/Master_Study/Master_Thesis/Implementation/libfranka_ws/build/garmi_moveit_config' returned '0': CMAKE_PREFIX_PATH=${CMAKE_PREFIX_PATH}:/opt/ros/humble /usr/bin/cmake --install /media/kai/Kai_Backup/Master_Study/Master_Thesis/Implementation/libfranka_ws/build/garmi_moveit_config
