[ 50%] [32mBuilding CXX object CMakeFiles/mujoco_ros2_sensors_plugin.dir/src/mujoco_sensor_handler_plugin.cpp.o[0m
[100%] [32m[1mLinking CXX shared library libmujoco_ros2_sensors_plugin.so[0m
[100%] Built target mujoco_ros2_sensors_plugin
-- Install configuration: ""
-- Execute custom install script
-- Symlinking: /media/kai/Kai_Backup/Master_Study/Master_Thesis/Implementation/libfranka_ws/install/mujoco_ros2_sensors/share/mujoco_ros2_sensors//mujoco_ros2_sensors_plugin.xml
-- Symlinking: /media/kai/Kai_Backup/Master_Study/Master_Thesis/Implementation/libfranka_ws/install/mujoco_ros2_sensors/include/mujoco_ros2_sensors/mujoco_sensor_handler_plugin.h
-- Symlinking: /media/kai/Kai_Backup/Master_Study/Master_Thesis/Implementation/libfranka_ws/install/mujoco_ros2_sensors/lib/libmujoco_ros2_sensors_plugin.so
-- Symlinking: /media/kai/Kai_Backup/Master_Study/Master_Thesis/Implementation/libfranka_ws/install/mujoco_ros2_sensors/share/mujoco_ros2_sensors/environment/library_path.sh
-- Symlinking: /media/kai/Kai_Backup/Master_Study/Master_Thesis/Implementation/libfranka_ws/install/mujoco_ros2_sensors/share/mujoco_ros2_sensors/environment/library_path.dsv
-- Symlinking: /media/kai/Kai_Backup/Master_Study/Master_Thesis/Implementation/libfranka_ws/install/mujoco_ros2_sensors/share/ament_index/resource_index/package_run_dependencies/mujoco_ros2_sensors
-- Symlinking: /media/kai/Kai_Backup/Master_Study/Master_Thesis/Implementation/libfranka_ws/install/mujoco_ros2_sensors/share/ament_index/resource_index/parent_prefix_path/mujoco_ros2_sensors
-- Symlinking: /media/kai/Kai_Backup/Master_Study/Master_Thesis/Implementation/libfranka_ws/install/mujoco_ros2_sensors/share/mujoco_ros2_sensors/environment/ament_prefix_path.sh
-- Symlinking: /media/kai/Kai_Backup/Master_Study/Master_Thesis/Implementation/libfranka_ws/install/mujoco_ros2_sensors/share/mujoco_ros2_sensors/environment/ament_prefix_path.dsv
-- Symlinking: /media/kai/Kai_Backup/Master_Study/Master_Thesis/Implementation/libfranka_ws/install/mujoco_ros2_sensors/share/mujoco_ros2_sensors/environment/path.sh
-- Symlinking: /media/kai/Kai_Backup/Master_Study/Master_Thesis/Implementation/libfranka_ws/install/mujoco_ros2_sensors/share/mujoco_ros2_sensors/environment/path.dsv
-- Symlinking: /media/kai/Kai_Backup/Master_Study/Master_Thesis/Implementation/libfranka_ws/install/mujoco_ros2_sensors/share/mujoco_ros2_sensors/local_setup.bash
-- Symlinking: /media/kai/Kai_Backup/Master_Study/Master_Thesis/Implementation/libfranka_ws/install/mujoco_ros2_sensors/share/mujoco_ros2_sensors/local_setup.sh
-- Symlinking: /media/kai/Kai_Backup/Master_Study/Master_Thesis/Implementation/libfranka_ws/install/mujoco_ros2_sensors/share/mujoco_ros2_sensors/local_setup.zsh
-- Symlinking: /media/kai/Kai_Backup/Master_Study/Master_Thesis/Implementation/libfranka_ws/install/mujoco_ros2_sensors/share/mujoco_ros2_sensors/local_setup.dsv
-- Symlinking: /media/kai/Kai_Backup/Master_Study/Master_Thesis/Implementation/libfranka_ws/install/mujoco_ros2_sensors/share/mujoco_ros2_sensors/package.dsv
-- Symlinking: /media/kai/Kai_Backup/Master_Study/Master_Thesis/Implementation/libfranka_ws/install/mujoco_ros2_sensors/share/ament_index/resource_index/packages/mujoco_ros2_sensors
-- Symlinking: /media/kai/Kai_Backup/Master_Study/Master_Thesis/Implementation/libfranka_ws/install/mujoco_ros2_sensors/share/ament_index/resource_index/mujoco_ros__pluginlib__plugin/mujoco_ros2_sensors
-- Symlinking: /media/kai/Kai_Backup/Master_Study/Master_Thesis/Implementation/libfranka_ws/install/mujoco_ros2_sensors/share/mujoco_ros2_sensors/cmake/ament_cmake_export_include_directories-extras.cmake
-- Symlinking: /media/kai/Kai_Backup/Master_Study/Master_Thesis/Implementation/libfranka_ws/install/mujoco_ros2_sensors/share/mujoco_ros2_sensors/cmake/ament_cmake_export_libraries-extras.cmake
-- Symlinking: /media/kai/Kai_Backup/Master_Study/Master_Thesis/Implementation/libfranka_ws/install/mujoco_ros2_sensors/share/mujoco_ros2_sensors/cmake/ament_cmake_export_dependencies-extras.cmake
-- Symlinking: /media/kai/Kai_Backup/Master_Study/Master_Thesis/Implementation/libfranka_ws/install/mujoco_ros2_sensors/share/mujoco_ros2_sensors/cmake/mujoco_ros2_sensorsConfig.cmake
-- Symlinking: /media/kai/Kai_Backup/Master_Study/Master_Thesis/Implementation/libfranka_ws/install/mujoco_ros2_sensors/share/mujoco_ros2_sensors/cmake/mujoco_ros2_sensorsConfig-version.cmake
-- Symlinking: /media/kai/Kai_Backup/Master_Study/Master_Thesis/Implementation/libfranka_ws/install/mujoco_ros2_sensors/share/mujoco_ros2_sensors/package.xml
