2025-12-12 17:42:26 [INFO] __main__ - ======================================================================
2025-12-12 17:42:26 [INFO] __main__ - E2E SAC Training with TEACHER WARMUP
2025-12-12 17:42:26 [INFO] __main__ - ======================================================================
2025-12-12 17:42:26 [INFO] __main__ - Creating vectorized environment...
2025-12-12 17:42:28 [INFO] __main__ - Creating policy network...
2025-12-12 17:42:28 [INFO] __main__ - Initializing SACTrainer with Teacher Warmup...
2025-12-12 17:42:29 [INFO] E2E_Teleoperation.E2E_RL.sac_training_algorithm - Initial alpha: 0.0500
2025-12-12 17:42:29 [INFO] E2E_Teleoperation.E2E_RL.sac_training_algorithm - Teacher Action Clip Limit: [10. 10. 10. 10.  5.  5.  1.]
2025-12-12 17:42:29 [INFO] E2E_Teleoperation.E2E_RL.sac_training_algorithm - Starting SAC Training v19 (Teacher Clipping)
2025-12-12 17:42:31 [INFO] E2E_Teleoperation.E2E_RL.sac_training_algorithm - [Stage1] Step 300 | aux_loss: 0.0032
2025-12-12 17:42:32 [INFO] E2E_Teleoperation.E2E_RL.sac_training_algorithm - [Stage1] Step 400 | aux_loss: 0.0010
2025-12-12 17:42:33 [INFO] E2E_Teleoperation.E2E_RL.sac_training_algorithm - [Stage1] Step 500 | aux_loss: 0.0004
2025-12-12 17:42:34 [INFO] E2E_Teleoperation.E2E_RL.sac_training_algorithm - [Stage1] Step 600 | aux_loss: 0.0004
2025-12-12 17:42:35 [INFO] E2E_Teleoperation.E2E_RL.sac_training_algorithm - [Stage1] Step 700 | aux_loss: 0.0005
2025-12-12 17:42:36 [INFO] E2E_Teleoperation.E2E_RL.sac_training_algorithm - [Stage1] Step 800 | aux_loss: 0.0004
2025-12-12 17:42:37 [INFO] E2E_Teleoperation.E2E_RL.sac_training_algorithm - [Stage1] Step 900 | aux_loss: 0.0003
2025-12-12 17:42:38 [INFO] E2E_Teleoperation.E2E_RL.sac_training_algorithm - [Stage1] Step 1000 | aux_loss: 0.0001
2025-12-12 17:42:39 [INFO] E2E_Teleoperation.E2E_RL.sac_training_algorithm - [Stage1] Step 1100 | aux_loss: 0.0005
2025-12-12 17:42:40 [INFO] E2E_Teleoperation.E2E_RL.sac_training_algorithm - [Stage1] Step 1200 | aux_loss: 0.0002
2025-12-12 17:42:41 [INFO] E2E_Teleoperation.E2E_RL.sac_training_algorithm - [Stage1] Step 1300 | aux_loss: 0.0003
2025-12-12 17:42:42 [INFO] E2E_Teleoperation.E2E_RL.sac_training_algorithm - [Stage1] Step 1400 | aux_loss: 0.0003
2025-12-12 17:42:43 [INFO] E2E_Teleoperation.E2E_RL.sac_training_algorithm - [Stage1] Step 1500 | aux_loss: 0.0002
2025-12-12 17:42:43 [INFO] E2E_Teleoperation.E2E_RL.sac_training_algorithm - [Stage1] Step 1600 | aux_loss: 0.0004
2025-12-12 17:42:44 [INFO] E2E_Teleoperation.E2E_RL.sac_training_algorithm - [Stage1] Step 1700 | aux_loss: 0.0001
2025-12-12 17:42:45 [INFO] E2E_Teleoperation.E2E_RL.sac_training_algorithm - [Stage1] Step 1800 | aux_loss: 0.0001
2025-12-12 17:42:46 [INFO] E2E_Teleoperation.E2E_RL.sac_training_algorithm - [Stage1] Step 1900 | aux_loss: 0.0001
2025-12-12 17:42:47 [INFO] E2E_Teleoperation.E2E_RL.sac_training_algorithm - [Stage1] Step 2000 | aux_loss: 0.0002
2025-12-12 17:42:48 [INFO] E2E_Teleoperation.E2E_RL.sac_training_algorithm - [Stage1] Step 2100 | aux_loss: 0.0002
2025-12-12 17:42:49 [INFO] E2E_Teleoperation.E2E_RL.sac_training_algorithm - [Stage1] Step 2200 | aux_loss: 0.0002
2025-12-12 17:42:50 [INFO] E2E_Teleoperation.E2E_RL.sac_training_algorithm - [Stage1] Step 2300 | aux_loss: 0.0005
2025-12-12 17:42:51 [INFO] E2E_Teleoperation.E2E_RL.sac_training_algorithm - [Stage1] Step 2400 | aux_loss: 0.0001
2025-12-12 17:42:52 [INFO] E2E_Teleoperation.E2E_RL.sac_training_algorithm - [Stage1] Step 2500 | aux_loss: 0.0001
2025-12-12 17:42:53 [INFO] E2E_Teleoperation.E2E_RL.sac_training_algorithm - [Stage1] Step 2600 | aux_loss: 0.0002
2025-12-12 17:42:54 [INFO] E2E_Teleoperation.E2E_RL.sac_training_algorithm - [Stage1] Step 2700 | aux_loss: 0.0001
2025-12-12 17:42:55 [INFO] E2E_Teleoperation.E2E_RL.sac_training_algorithm - [Stage1] Step 2800 | aux_loss: 0.0000
2025-12-12 17:42:55 [INFO] E2E_Teleoperation.E2E_RL.sac_training_algorithm - [Stage1] Step 2900 | aux_loss: 0.0090
2025-12-12 17:42:56 [INFO] E2E_Teleoperation.E2E_RL.sac_training_algorithm - [Stage1] Step 3000 | aux_loss: 0.0012
2025-12-12 17:42:57 [INFO] E2E_Teleoperation.E2E_RL.sac_training_algorithm - [Stage1] Step 3100 | aux_loss: 0.0034
2025-12-12 17:42:58 [INFO] E2E_Teleoperation.E2E_RL.sac_training_algorithm - [Stage1] Step 3200 | aux_loss: 0.0003
2025-12-12 17:42:59 [INFO] E2E_Teleoperation.E2E_RL.sac_training_algorithm - [Stage1] Step 3300 | aux_loss: 0.0002
2025-12-12 17:43:00 [INFO] E2E_Teleoperation.E2E_RL.sac_training_algorithm - [Stage1] Step 3400 | aux_loss: 0.0001
2025-12-12 17:43:01 [INFO] E2E_Teleoperation.E2E_RL.sac_training_algorithm - [Stage1] Step 3500 | aux_loss: 0.0001
2025-12-12 17:43:02 [INFO] E2E_Teleoperation.E2E_RL.sac_training_algorithm - [Stage1] Step 3600 | aux_loss: 0.0002
2025-12-12 17:43:03 [INFO] E2E_Teleoperation.E2E_RL.sac_training_algorithm - [Stage1] Step 3700 | aux_loss: 0.0001
2025-12-12 17:43:04 [INFO] E2E_Teleoperation.E2E_RL.sac_training_algorithm - [Stage1] Step 3800 | aux_loss: 0.0001
2025-12-12 17:43:05 [INFO] E2E_Teleoperation.E2E_RL.sac_training_algorithm - [Stage1] Step 3900 | aux_loss: 0.0001
2025-12-12 17:43:06 [INFO] E2E_Teleoperation.E2E_RL.sac_training_algorithm - [Stage1] Step 4000 | aux_loss: 0.0001
2025-12-12 17:43:07 [INFO] E2E_Teleoperation.E2E_RL.sac_training_algorithm - [Stage1] Step 4100 | aux_loss: 0.0000
2025-12-12 17:43:08 [INFO] E2E_Teleoperation.E2E_RL.sac_training_algorithm - [Stage1] Step 4200 | aux_loss: 0.0001
2025-12-12 17:43:08 [INFO] E2E_Teleoperation.E2E_RL.sac_training_algorithm - [Stage1] Step 4300 | aux_loss: 0.0001
2025-12-12 17:43:09 [INFO] E2E_Teleoperation.E2E_RL.sac_training_algorithm - [Stage1] Step 4400 | aux_loss: 0.0001
2025-12-12 17:43:10 [INFO] E2E_Teleoperation.E2E_RL.sac_training_algorithm - [Stage1] Step 4500 | aux_loss: 0.0001
2025-12-12 17:43:11 [INFO] E2E_Teleoperation.E2E_RL.sac_training_algorithm - [Stage1] Step 4600 | aux_loss: 0.0001
2025-12-12 17:43:12 [INFO] E2E_Teleoperation.E2E_RL.sac_training_algorithm - [Stage1] Step 4700 | aux_loss: 0.0004
2025-12-12 17:43:13 [INFO] E2E_Teleoperation.E2E_RL.sac_training_algorithm - [Stage1] Step 4800 | aux_loss: 0.0003
2025-12-12 17:43:14 [INFO] E2E_Teleoperation.E2E_RL.sac_training_algorithm - [Stage1] Step 4900 | aux_loss: 0.0001
2025-12-12 17:43:15 [INFO] E2E_Teleoperation.E2E_RL.sac_training_algorithm - [Stage1] Step 5000 | aux_loss: 0.0002
2025-12-12 17:43:16 [INFO] E2E_Teleoperation.E2E_RL.sac_training_algorithm - [Stage1] Step 5100 | aux_loss: 0.0001
2025-12-12 17:43:17 [INFO] E2E_Teleoperation.E2E_RL.sac_training_algorithm - [Stage1] Step 5200 | aux_loss: 0.0002
2025-12-12 17:43:18 [INFO] E2E_Teleoperation.E2E_RL.sac_training_algorithm - [Stage1] Step 5300 | aux_loss: 0.0001
2025-12-12 17:43:19 [INFO] E2E_Teleoperation.E2E_RL.sac_training_algorithm - [Stage1] Step 5400 | aux_loss: 0.0001
2025-12-12 17:43:21 [INFO] E2E_Teleoperation.E2E_RL.sac_training_algorithm - [Stage1] Step 5500 | aux_loss: 0.0000
2025-12-12 17:43:22 [INFO] E2E_Teleoperation.E2E_RL.sac_training_algorithm - [Stage1] Step 5600 | aux_loss: 0.0001
2025-12-12 17:43:22 [INFO] E2E_Teleoperation.E2E_RL.sac_training_algorithm - [Stage1] Step 5700 | aux_loss: 0.0002
2025-12-12 17:43:23 [INFO] E2E_Teleoperation.E2E_RL.sac_training_algorithm - [Stage1] Step 5800 | aux_loss: 0.0001
2025-12-12 17:43:24 [INFO] E2E_Teleoperation.E2E_RL.sac_training_algorithm - [Stage1] Step 5900 | aux_loss: 0.0002
2025-12-12 17:43:25 [INFO] E2E_Teleoperation.E2E_RL.sac_training_algorithm - [Stage1] Step 6000 | aux_loss: 0.0001
2025-12-12 17:43:26 [INFO] E2E_Teleoperation.E2E_RL.sac_training_algorithm - [Stage1] Step 6100 | aux_loss: 0.0001
2025-12-12 17:43:27 [INFO] E2E_Teleoperation.E2E_RL.sac_training_algorithm - [Stage1] Step 6200 | aux_loss: 0.0001
2025-12-12 17:43:28 [INFO] E2E_Teleoperation.E2E_RL.sac_training_algorithm - [Stage1] Step 6300 | aux_loss: 0.0000
2025-12-12 17:43:29 [INFO] E2E_Teleoperation.E2E_RL.sac_training_algorithm - [Stage1] Step 6400 | aux_loss: 0.0002
2025-12-12 17:43:30 [INFO] E2E_Teleoperation.E2E_RL.sac_training_algorithm - [Stage1] Step 6500 | aux_loss: 0.0001
2025-12-12 17:43:31 [INFO] E2E_Teleoperation.E2E_RL.sac_training_algorithm - [Stage1] Step 6600 | aux_loss: 0.0001
2025-12-12 17:43:32 [INFO] E2E_Teleoperation.E2E_RL.sac_training_algorithm - [Stage1] Step 6700 | aux_loss: 0.0001
2025-12-12 17:43:33 [INFO] E2E_Teleoperation.E2E_RL.sac_training_algorithm - [Stage1] Step 6800 | aux_loss: 0.0001
2025-12-12 17:43:34 [INFO] E2E_Teleoperation.E2E_RL.sac_training_algorithm - [Stage1] Step 6900 | aux_loss: 0.0002
2025-12-12 17:43:35 [INFO] E2E_Teleoperation.E2E_RL.sac_training_algorithm - [Stage1] Step 7000 | aux_loss: 0.0001
2025-12-12 17:43:36 [INFO] E2E_Teleoperation.E2E_RL.sac_training_algorithm - [Stage1] Step 7100 | aux_loss: 0.0001
2025-12-12 17:43:37 [INFO] E2E_Teleoperation.E2E_RL.sac_training_algorithm - [Stage1] Step 7200 | aux_loss: 0.0001
2025-12-12 17:43:38 [INFO] E2E_Teleoperation.E2E_RL.sac_training_algorithm - [Stage1] Step 7300 | aux_loss: 0.0001
2025-12-12 17:43:38 [INFO] E2E_Teleoperation.E2E_RL.sac_training_algorithm - [Stage1] Step 7400 | aux_loss: 0.0001
2025-12-12 17:43:39 [INFO] E2E_Teleoperation.E2E_RL.sac_training_algorithm - [Stage1] Step 7500 | aux_loss: 0.0001
2025-12-12 17:43:40 [INFO] E2E_Teleoperation.E2E_RL.sac_training_algorithm - [Stage1] Step 7600 | aux_loss: 0.0001
2025-12-12 17:43:41 [INFO] E2E_Teleoperation.E2E_RL.sac_training_algorithm - [Stage1] Step 7700 | aux_loss: 0.0001
2025-12-12 17:43:42 [INFO] E2E_Teleoperation.E2E_RL.sac_training_algorithm - [Stage1] Step 7800 | aux_loss: 0.0001
2025-12-12 17:43:43 [INFO] E2E_Teleoperation.E2E_RL.sac_training_algorithm - [Stage1] Step 7900 | aux_loss: 0.0001
2025-12-12 17:43:44 [INFO] E2E_Teleoperation.E2E_RL.sac_training_algorithm - [Stage1] Step 8000 | aux_loss: 0.0000
2025-12-12 17:43:45 [INFO] E2E_Teleoperation.E2E_RL.sac_training_algorithm - [Stage1] Step 8100 | aux_loss: 0.0001
2025-12-12 17:43:46 [INFO] E2E_Teleoperation.E2E_RL.sac_training_algorithm - [Stage1] Step 8200 | aux_loss: 0.0002
2025-12-12 17:43:47 [INFO] E2E_Teleoperation.E2E_RL.sac_training_algorithm - [Stage1] Step 8300 | aux_loss: 0.0001
2025-12-12 17:43:48 [INFO] E2E_Teleoperation.E2E_RL.sac_training_algorithm - [Stage1] Step 8400 | aux_loss: 0.0001
2025-12-12 17:43:49 [INFO] E2E_Teleoperation.E2E_RL.sac_training_algorithm - [Stage1] Step 8500 | aux_loss: 0.0000
2025-12-12 17:43:50 [INFO] E2E_Teleoperation.E2E_RL.sac_training_algorithm - [Stage1] Step 8600 | aux_loss: 0.0000
2025-12-12 17:43:51 [INFO] E2E_Teleoperation.E2E_RL.sac_training_algorithm - [Stage1] Step 8700 | aux_loss: 0.0000
2025-12-12 17:43:51 [INFO] E2E_Teleoperation.E2E_RL.sac_training_algorithm - [Stage1] Step 8800 | aux_loss: 0.0001
2025-12-12 17:43:52 [INFO] E2E_Teleoperation.E2E_RL.sac_training_algorithm - [Stage1] Step 8900 | aux_loss: 0.0001
2025-12-12 17:43:53 [INFO] E2E_Teleoperation.E2E_RL.sac_training_algorithm - [Stage1] Step 9000 | aux_loss: 0.0001
2025-12-12 17:43:54 [INFO] E2E_Teleoperation.E2E_RL.sac_training_algorithm - [Stage1] Step 9100 | aux_loss: 0.0003
2025-12-12 17:43:55 [INFO] E2E_Teleoperation.E2E_RL.sac_training_algorithm - [Stage1] Step 9200 | aux_loss: 0.0004
2025-12-12 17:43:56 [INFO] E2E_Teleoperation.E2E_RL.sac_training_algorithm - [Stage1] Step 9300 | aux_loss: 0.0013
2025-12-12 17:43:57 [INFO] E2E_Teleoperation.E2E_RL.sac_training_algorithm - [Stage1] Step 9400 | aux_loss: 0.0004
2025-12-12 17:43:58 [INFO] E2E_Teleoperation.E2E_RL.sac_training_algorithm - [Stage1] Step 9500 | aux_loss: 0.0002
2025-12-12 17:43:59 [INFO] E2E_Teleoperation.E2E_RL.sac_training_algorithm - [Stage1] Step 9600 | aux_loss: 0.0003
2025-12-12 17:44:00 [INFO] E2E_Teleoperation.E2E_RL.sac_training_algorithm - [Stage1] Step 9700 | aux_loss: 0.0000
2025-12-12 17:44:01 [INFO] E2E_Teleoperation.E2E_RL.sac_training_algorithm - [Stage1] Step 9800 | aux_loss: 0.0000
2025-12-12 17:44:02 [INFO] E2E_Teleoperation.E2E_RL.sac_training_algorithm - [Stage1] Step 9900 | aux_loss: 0.0000
2025-12-12 17:44:03 [INFO] E2E_Teleoperation.E2E_RL.sac_training_algorithm - [Stage1] Step 10000 | critic_loss: 14.2597 | q1_mean: 0.0341
2025-12-12 17:44:03 [INFO] E2E_Teleoperation.E2E_RL.sac_training_algorithm - FREEZING SHARED ENCODER
2025-12-12 17:44:04 [INFO] E2E_Teleoperation.E2E_RL.sac_training_algorithm - [Stage2_BC] Step 10100 | critic_loss: 0.1353 | q1_mean: 6.4782 | actor_loss: 15.3517 | bc_loss: 15.3517 | alpha: 0.0500
2025-12-12 17:44:05 [INFO] E2E_Teleoperation.E2E_RL.sac_training_algorithm - [Stage2_BC] Step 10200 | critic_loss: 0.0201 | q1_mean: 7.0113 | actor_loss: 32.1091 | bc_loss: 32.1091 | alpha: 0.0500
2025-12-12 17:44:07 [INFO] E2E_Teleoperation.E2E_RL.sac_training_algorithm - [Stage2_BC] Step 10300 | critic_loss: 0.0170 | q1_mean: 7.8346 | actor_loss: 9.9648 | bc_loss: 9.9648 | alpha: 0.0500
2025-12-12 17:44:08 [INFO] E2E_Teleoperation.E2E_RL.sac_training_algorithm - [Stage2_BC] Step 10400 | critic_loss: 0.0187 | q1_mean: 9.1325 | actor_loss: 24.0794 | bc_loss: 24.0794 | alpha: 0.0500
2025-12-12 17:44:09 [INFO] E2E_Teleoperation.E2E_RL.sac_training_algorithm - [Stage2_BC] Step 10500 | critic_loss: 0.0252 | q1_mean: 10.0687 | actor_loss: 8.3162 | bc_loss: 8.3162 | alpha: 0.0500
2025-12-12 17:44:11 [INFO] E2E_Teleoperation.E2E_RL.sac_training_algorithm - [Stage2_BC] Step 10600 | critic_loss: 0.0276 | q1_mean: 11.1969 | actor_loss: 9.9397 | bc_loss: 9.9397 | alpha: 0.0500
2025-12-12 17:44:12 [INFO] E2E_Teleoperation.E2E_RL.sac_training_algorithm - [Stage2_BC] Step 10700 | critic_loss: 0.0444 | q1_mean: 12.0007 | actor_loss: 15.7061 | bc_loss: 15.7061 | alpha: 0.0500
2025-12-12 17:44:13 [INFO] E2E_Teleoperation.E2E_RL.sac_training_algorithm - [Stage2_BC] Step 10800 | critic_loss: 0.0151 | q1_mean: 13.1328 | actor_loss: 17.9332 | bc_loss: 17.9332 | alpha: 0.0500
2025-12-12 17:44:15 [INFO] E2E_Teleoperation.E2E_RL.sac_training_algorithm - [Stage2_BC] Step 10900 | critic_loss: 0.0257 | q1_mean: 14.1448 | actor_loss: 7.6568 | bc_loss: 7.6568 | alpha: 0.0500
2025-12-12 17:44:17 [INFO] E2E_Teleoperation.E2E_RL.sac_training_algorithm - [Stage2_BC] Step 11000 | critic_loss: 0.0295 | q1_mean: 15.5154 | actor_loss: 5.2640 | bc_loss: 5.2640 | alpha: 0.0500
2025-12-12 17:44:19 [INFO] E2E_Teleoperation.E2E_RL.sac_training_algorithm - [Stage2_BC] Step 11100 | critic_loss: 0.0191 | q1_mean: 16.6514 | actor_loss: 5.3762 | bc_loss: 5.3762 | alpha: 0.0500
2025-12-12 17:44:20 [INFO] E2E_Teleoperation.E2E_RL.sac_training_algorithm - [Stage2_BC] Step 11200 | critic_loss: 0.0495 | q1_mean: 17.7771 | actor_loss: 8.4459 | bc_loss: 8.4459 | alpha: 0.0500
2025-12-12 17:44:21 [INFO] E2E_Teleoperation.E2E_RL.sac_training_algorithm - [Stage2_BC] Step 11300 | critic_loss: 0.0660 | q1_mean: 19.0738 | actor_loss: 5.8128 | bc_loss: 5.8128 | alpha: 0.0500
2025-12-12 17:44:23 [INFO] E2E_Teleoperation.E2E_RL.sac_training_algorithm - [Stage2_BC] Step 11400 | critic_loss: 0.0528 | q1_mean: 19.8950 | actor_loss: 15.6849 | bc_loss: 15.6849 | alpha: 0.0500
2025-12-12 17:44:24 [INFO] E2E_Teleoperation.E2E_RL.sac_training_algorithm - [Stage2_BC] Step 11500 | critic_loss: 0.0627 | q1_mean: 21.5937 | actor_loss: 10.4054 | bc_loss: 10.4054 | alpha: 0.0500
2025-12-12 17:44:26 [INFO] E2E_Teleoperation.E2E_RL.sac_training_algorithm - [Stage2_BC] Step 11600 | critic_loss: 0.0736 | q1_mean: 22.4378 | actor_loss: 4.8918 | bc_loss: 4.8918 | alpha: 0.0500
2025-12-12 17:44:27 [INFO] E2E_Teleoperation.E2E_RL.sac_training_algorithm - [Stage2_BC] Step 11700 | critic_loss: 0.0580 | q1_mean: 23.2675 | actor_loss: 3.1155 | bc_loss: 3.1155 | alpha: 0.0500
2025-12-12 17:44:28 [INFO] E2E_Teleoperation.E2E_RL.sac_training_algorithm - [Stage2_BC] Step 11800 | critic_loss: 0.1131 | q1_mean: 25.1029 | actor_loss: 22.3049 | bc_loss: 22.3049 | alpha: 0.0500
2025-12-12 17:44:30 [INFO] E2E_Teleoperation.E2E_RL.sac_training_algorithm - [Stage2_BC] Step 11900 | critic_loss: 0.1814 | q1_mean: 25.7871 | actor_loss: 2.1972 | bc_loss: 2.1972 | alpha: 0.0500
2025-12-12 17:44:31 [INFO] E2E_Teleoperation.E2E_RL.sac_training_algorithm - [Stage2_BC] Step 12000 | critic_loss: 0.0461 | q1_mean: 27.5045 | actor_loss: 5.0987 | bc_loss: 5.0987 | alpha: 0.0500
2025-12-12 17:44:32 [INFO] E2E_Teleoperation.E2E_RL.sac_training_algorithm - [Stage2_BC] Step 12100 | critic_loss: 0.3158 | q1_mean: 28.8649 | actor_loss: 4.1727 | bc_loss: 4.1727 | alpha: 0.0500
2025-12-12 17:44:34 [INFO] E2E_Teleoperation.E2E_RL.sac_training_algorithm - [Stage2_BC] Step 12200 | critic_loss: 0.0433 | q1_mean: 30.0155 | actor_loss: 9.4684 | bc_loss: 9.4684 | alpha: 0.0500
2025-12-12 17:44:35 [INFO] E2E_Teleoperation.E2E_RL.sac_training_algorithm - [Stage2_BC] Step 12300 | critic_loss: 0.0526 | q1_mean: 31.0028 | actor_loss: 7.8254 | bc_loss: 7.8254 | alpha: 0.0500
2025-12-12 17:44:37 [INFO] E2E_Teleoperation.E2E_RL.sac_training_algorithm - [Stage2_BC] Step 12400 | critic_loss: 0.0847 | q1_mean: 33.2062 | actor_loss: 13.0797 | bc_loss: 13.0797 | alpha: 0.0500
2025-12-12 17:44:38 [INFO] E2E_Teleoperation.E2E_RL.sac_training_algorithm - [Stage2_BC] Step 12500 | critic_loss: 0.7711 | q1_mean: 33.4613 | actor_loss: 15.9258 | bc_loss: 15.9258 | alpha: 0.0500
2025-12-12 17:44:39 [INFO] E2E_Teleoperation.E2E_RL.sac_training_algorithm - [Stage2_BC] Step 12600 | critic_loss: 0.2141 | q1_mean: 34.9423 | actor_loss: 3.0999 | bc_loss: 3.0999 | alpha: 0.0500
2025-12-12 17:44:41 [INFO] E2E_Teleoperation.E2E_RL.sac_training_algorithm - [Stage2_BC] Step 12700 | critic_loss: 0.0842 | q1_mean: 36.1846 | actor_loss: 3.8777 | bc_loss: 3.8777 | alpha: 0.0500
2025-12-12 17:44:42 [INFO] E2E_Teleoperation.E2E_RL.sac_training_algorithm - [Stage2_BC] Step 12800 | critic_loss: 0.1283 | q1_mean: 37.6557 | actor_loss: 3.5470 | bc_loss: 3.5470 | alpha: 0.0500
2025-12-12 17:44:43 [INFO] E2E_Teleoperation.E2E_RL.sac_training_algorithm - [Stage2_BC] Step 12900 | critic_loss: 0.0477 | q1_mean: 37.8474 | actor_loss: 2.0056 | bc_loss: 2.0056 | alpha: 0.0500
2025-12-12 17:44:45 [INFO] E2E_Teleoperation.E2E_RL.sac_training_algorithm - [Stage2_BC] Step 13000 | critic_loss: 0.0841 | q1_mean: 39.8683 | actor_loss: 10.1552 | bc_loss: 10.1552 | alpha: 0.0500
2025-12-12 17:44:46 [INFO] E2E_Teleoperation.E2E_RL.sac_training_algorithm - [Stage2_BC] Step 13100 | critic_loss: 0.2948 | q1_mean: 41.2234 | actor_loss: 7.2690 | bc_loss: 7.2690 | alpha: 0.0500
2025-12-12 17:44:47 [INFO] E2E_Teleoperation.E2E_RL.sac_training_algorithm - [Stage2_BC] Step 13200 | critic_loss: 0.0825 | q1_mean: 40.9688 | actor_loss: 1.6217 | bc_loss: 1.6217 | alpha: 0.0500
2025-12-12 17:44:49 [INFO] E2E_Teleoperation.E2E_RL.sac_training_algorithm - [Stage2_BC] Step 13300 | critic_loss: 0.2287 | q1_mean: 43.6400 | actor_loss: 13.1048 | bc_loss: 13.1048 | alpha: 0.0500
2025-12-12 17:44:50 [INFO] E2E_Teleoperation.E2E_RL.sac_training_algorithm - [Stage2_BC] Step 13400 | critic_loss: 0.0974 | q1_mean: 45.1064 | actor_loss: 3.8318 | bc_loss: 3.8318 | alpha: 0.0500
2025-12-12 17:44:52 [INFO] E2E_Teleoperation.E2E_RL.sac_training_algorithm - [Stage2_BC] Step 13500 | critic_loss: 0.3327 | q1_mean: 45.7872 | actor_loss: 2.9286 | bc_loss: 2.9286 | alpha: 0.0500
2025-12-12 17:44:53 [INFO] E2E_Teleoperation.E2E_RL.sac_training_algorithm - [Stage2_BC] Step 13600 | critic_loss: 0.0559 | q1_mean: 47.0850 | actor_loss: 3.1950 | bc_loss: 3.1950 | alpha: 0.0500
2025-12-12 17:44:54 [INFO] E2E_Teleoperation.E2E_RL.sac_training_algorithm - [Stage2_BC] Step 13700 | critic_loss: 0.1165 | q1_mean: 48.9957 | actor_loss: 4.8425 | bc_loss: 4.8425 | alpha: 0.0500
2025-12-12 17:44:56 [INFO] E2E_Teleoperation.E2E_RL.sac_training_algorithm - [Stage2_BC] Step 13800 | critic_loss: 0.0597 | q1_mean: 50.1539 | actor_loss: 3.1687 | bc_loss: 3.1687 | alpha: 0.0500
2025-12-12 17:44:57 [INFO] E2E_Teleoperation.E2E_RL.sac_training_algorithm - [Stage2_BC] Step 13900 | critic_loss: 0.0872 | q1_mean: 50.7668 | actor_loss: 8.4844 | bc_loss: 8.4844 | alpha: 0.0500
2025-12-12 17:44:58 [INFO] E2E_Teleoperation.E2E_RL.sac_training_algorithm - [Stage2_BC] Step 14000 | critic_loss: 0.4839 | q1_mean: 50.9990 | actor_loss: 3.6810 | bc_loss: 3.6810 | alpha: 0.0500
2025-12-12 17:45:00 [INFO] E2E_Teleoperation.E2E_RL.sac_training_algorithm - [Stage2_BC] Step 14100 | critic_loss: 0.1072 | q1_mean: 53.8411 | actor_loss: 11.9437 | bc_loss: 11.9437 | alpha: 0.0500
2025-12-12 17:45:01 [INFO] E2E_Teleoperation.E2E_RL.sac_training_algorithm - [Stage2_BC] Step 14200 | critic_loss: 0.1094 | q1_mean: 54.8608 | actor_loss: 2.7932 | bc_loss: 2.7932 | alpha: 0.0500
2025-12-12 17:45:03 [INFO] E2E_Teleoperation.E2E_RL.sac_training_algorithm - [Stage2_BC] Step 14300 | critic_loss: 0.4848 | q1_mean: 56.5557 | actor_loss: 2.4646 | bc_loss: 2.4646 | alpha: 0.0500
2025-12-12 17:45:04 [INFO] E2E_Teleoperation.E2E_RL.sac_training_algorithm - [Stage2_BC] Step 14400 | critic_loss: 0.0865 | q1_mean: 57.2851 | actor_loss: 17.6539 | bc_loss: 17.6539 | alpha: 0.0500
2025-12-12 17:45:05 [INFO] E2E_Teleoperation.E2E_RL.sac_training_algorithm - [Stage2_BC] Step 14500 | critic_loss: 0.0666 | q1_mean: 57.7838 | actor_loss: 3.0328 | bc_loss: 3.0328 | alpha: 0.0500
2025-12-12 17:45:07 [INFO] E2E_Teleoperation.E2E_RL.sac_training_algorithm - [Stage2_BC] Step 14600 | critic_loss: 0.2850 | q1_mean: 59.9521 | actor_loss: 4.8917 | bc_loss: 4.8917 | alpha: 0.0500
2025-12-12 17:45:08 [INFO] E2E_Teleoperation.E2E_RL.sac_training_algorithm - [Stage2_BC] Step 14700 | critic_loss: 0.2070 | q1_mean: 60.4041 | actor_loss: 8.7147 | bc_loss: 8.7147 | alpha: 0.0500
2025-12-12 17:45:09 [INFO] E2E_Teleoperation.E2E_RL.sac_training_algorithm - [Stage2_BC] Step 14800 | critic_loss: 0.1028 | q1_mean: 61.7463 | actor_loss: 1.2332 | bc_loss: 1.2332 | alpha: 0.0500
2025-12-12 17:45:11 [INFO] E2E_Teleoperation.E2E_RL.sac_training_algorithm - [Stage2_BC] Step 14900 | critic_loss: 0.1949 | q1_mean: 62.9546 | actor_loss: 4.1157 | bc_loss: 4.1157 | alpha: 0.0500
2025-12-12 17:45:12 [INFO] E2E_Teleoperation.E2E_RL.sac_training_algorithm - [Stage2_BC] Step 15000 | critic_loss: 0.1650 | q1_mean: 63.5134 | actor_loss: 5.4290 | bc_loss: 5.4290 | alpha: 0.0500
2025-12-12 17:45:14 [INFO] E2E_Teleoperation.E2E_RL.sac_training_algorithm - [Stage2_BC] Step 15100 | critic_loss: 0.1119 | q1_mean: 65.4798 | actor_loss: 2.9907 | bc_loss: 2.9907 | alpha: 0.0500
2025-12-12 17:45:15 [INFO] E2E_Teleoperation.E2E_RL.sac_training_algorithm - [Stage2_BC] Step 15200 | critic_loss: 0.1494 | q1_mean: 66.7032 | actor_loss: 4.3818 | bc_loss: 4.3818 | alpha: 0.0500
2025-12-12 17:45:16 [INFO] E2E_Teleoperation.E2E_RL.sac_training_algorithm - [Stage2_BC] Step 15300 | critic_loss: 0.2098 | q1_mean: 69.2469 | actor_loss: 2.7900 | bc_loss: 2.7900 | alpha: 0.0500
2025-12-12 17:45:18 [INFO] E2E_Teleoperation.E2E_RL.sac_training_algorithm - [Stage2_BC] Step 15400 | critic_loss: 0.4314 | q1_mean: 69.8569 | actor_loss: 12.6674 | bc_loss: 12.6674 | alpha: 0.0500
2025-12-12 17:45:19 [INFO] E2E_Teleoperation.E2E_RL.sac_training_algorithm - [Stage2_BC] Step 15500 | critic_loss: 0.0988 | q1_mean: 71.6466 | actor_loss: 2.0279 | bc_loss: 2.0279 | alpha: 0.0500
2025-12-12 17:45:20 [INFO] E2E_Teleoperation.E2E_RL.sac_training_algorithm - [Stage2_BC] Step 15600 | critic_loss: 0.5848 | q1_mean: 71.3613 | actor_loss: 1.9400 | bc_loss: 1.9400 | alpha: 0.0500
2025-12-12 17:45:22 [INFO] E2E_Teleoperation.E2E_RL.sac_training_algorithm - [Stage2_BC] Step 15700 | critic_loss: 0.3476 | q1_mean: 73.7274 | actor_loss: 6.0102 | bc_loss: 6.0102 | alpha: 0.0500
2025-12-12 17:45:23 [INFO] E2E_Teleoperation.E2E_RL.sac_training_algorithm - [Stage2_BC] Step 15800 | critic_loss: 0.1366 | q1_mean: 74.0724 | actor_loss: 6.6594 | bc_loss: 6.6594 | alpha: 0.0500
2025-12-12 17:45:25 [INFO] E2E_Teleoperation.E2E_RL.sac_training_algorithm - [Stage2_BC] Step 15900 | critic_loss: 0.4747 | q1_mean: 75.6853 | actor_loss: 4.1924 | bc_loss: 4.1924 | alpha: 0.0500
2025-12-12 17:45:26 [INFO] E2E_Teleoperation.E2E_RL.sac_training_algorithm - [Stage2_BC] Step 16000 | critic_loss: 0.1823 | q1_mean: 76.9382 | actor_loss: 5.8093 | bc_loss: 5.8093 | alpha: 0.0500
2025-12-12 17:45:27 [INFO] E2E_Teleoperation.E2E_RL.sac_training_algorithm - [Stage2_BC] Step 16100 | critic_loss: 0.1248 | q1_mean: 76.9672 | actor_loss: 7.2091 | bc_loss: 7.2091 | alpha: 0.0500
2025-12-12 17:45:29 [INFO] E2E_Teleoperation.E2E_RL.sac_training_algorithm - [Stage2_BC] Step 16200 | critic_loss: 0.2345 | q1_mean: 78.8132 | actor_loss: 2.6735 | bc_loss: 2.6735 | alpha: 0.0500
2025-12-12 17:45:30 [INFO] E2E_Teleoperation.E2E_RL.sac_training_algorithm - [Stage2_BC] Step 16300 | critic_loss: 0.5843 | q1_mean: 79.0055 | actor_loss: 6.6852 | bc_loss: 6.6852 | alpha: 0.0500
2025-12-12 17:45:31 [INFO] E2E_Teleoperation.E2E_RL.sac_training_algorithm - [Stage2_BC] Step 16400 | critic_loss: 0.1210 | q1_mean: 80.9414 | actor_loss: 1.6919 | bc_loss: 1.6919 | alpha: 0.0500
2025-12-12 17:45:34 [INFO] E2E_Teleoperation.E2E_RL.sac_training_algorithm - [Stage2_BC] Step 16500 | critic_loss: 0.1100 | q1_mean: 82.4780 | actor_loss: 6.2009 | bc_loss: 6.2009 | alpha: 0.0500
2025-12-12 17:45:35 [INFO] E2E_Teleoperation.E2E_RL.sac_training_algorithm - [Stage2_BC] Step 16600 | critic_loss: 0.7206 | q1_mean: 83.1644 | actor_loss: 6.0252 | bc_loss: 6.0252 | alpha: 0.0500
2025-12-12 17:45:37 [INFO] E2E_Teleoperation.E2E_RL.sac_training_algorithm - [Stage2_BC] Step 16700 | critic_loss: 0.1334 | q1_mean: 83.7909 | actor_loss: 1.7965 | bc_loss: 1.7965 | alpha: 0.0500
2025-12-12 17:45:38 [INFO] E2E_Teleoperation.E2E_RL.sac_training_algorithm - [Stage2_BC] Step 16800 | critic_loss: 0.2654 | q1_mean: 85.8632 | actor_loss: 6.7063 | bc_loss: 6.7063 | alpha: 0.0500
2025-12-12 17:45:39 [INFO] E2E_Teleoperation.E2E_RL.sac_training_algorithm - [Stage2_BC] Step 16900 | critic_loss: 0.2775 | q1_mean: 87.0814 | actor_loss: 1.9265 | bc_loss: 1.9265 | alpha: 0.0500
2025-12-12 17:45:41 [INFO] E2E_Teleoperation.E2E_RL.sac_training_algorithm - [Stage2_BC] Step 17000 | critic_loss: 0.1329 | q1_mean: 85.1092 | actor_loss: 5.6179 | bc_loss: 5.6179 | alpha: 0.0500
2025-12-12 17:45:42 [INFO] E2E_Teleoperation.E2E_RL.sac_training_algorithm - [Stage2_BC] Step 17100 | critic_loss: 1.2719 | q1_mean: 87.4239 | actor_loss: 5.4058 | bc_loss: 5.4058 | alpha: 0.0500
2025-12-12 17:45:44 [INFO] E2E_Teleoperation.E2E_RL.sac_training_algorithm - [Stage2_BC] Step 17200 | critic_loss: 0.9873 | q1_mean: 90.1439 | actor_loss: 1.4100 | bc_loss: 1.4100 | alpha: 0.0500
2025-12-12 17:45:45 [INFO] E2E_Teleoperation.E2E_RL.sac_training_algorithm - [Stage2_BC] Step 17300 | critic_loss: 0.2380 | q1_mean: 90.7832 | actor_loss: 2.3489 | bc_loss: 2.3489 | alpha: 0.0500
2025-12-12 17:45:46 [INFO] E2E_Teleoperation.E2E_RL.sac_training_algorithm - [Stage2_BC] Step 17400 | critic_loss: 0.1784 | q1_mean: 92.8573 | actor_loss: 1.9981 | bc_loss: 1.9981 | alpha: 0.0500
2025-12-12 17:45:48 [INFO] E2E_Teleoperation.E2E_RL.sac_training_algorithm - [Stage2_BC] Step 17500 | critic_loss: 1.9708 | q1_mean: 92.9849 | actor_loss: 4.9195 | bc_loss: 4.9195 | alpha: 0.0500
2025-12-12 17:45:49 [INFO] E2E_Teleoperation.E2E_RL.sac_training_algorithm - [Stage2_BC] Step 17600 | critic_loss: 1.3616 | q1_mean: 94.0220 | actor_loss: 4.2658 | bc_loss: 4.2658 | alpha: 0.0500
2025-12-12 17:45:50 [INFO] E2E_Teleoperation.E2E_RL.sac_training_algorithm - [Stage2_BC] Step 17700 | critic_loss: 1.3310 | q1_mean: 96.6292 | actor_loss: 3.8364 | bc_loss: 3.8364 | alpha: 0.0500
2025-12-12 17:45:52 [INFO] E2E_Teleoperation.E2E_RL.sac_training_algorithm - [Stage2_BC] Step 17800 | critic_loss: 1.1529 | q1_mean: 97.1177 | actor_loss: 8.2671 | bc_loss: 8.2671 | alpha: 0.0500
2025-12-12 17:45:53 [INFO] E2E_Teleoperation.E2E_RL.sac_training_algorithm - [Stage2_BC] Step 17900 | critic_loss: 0.1958 | q1_mean: 98.6421 | actor_loss: 5.0634 | bc_loss: 5.0634 | alpha: 0.0500
2025-12-12 17:45:54 [INFO] E2E_Teleoperation.E2E_RL.sac_training_algorithm - [Stage2_BC] Step 18000 | critic_loss: 0.2063 | q1_mean: 98.7381 | actor_loss: 2.3469 | bc_loss: 2.3469 | alpha: 0.0500
2025-12-12 17:45:56 [INFO] E2E_Teleoperation.E2E_RL.sac_training_algorithm - [Stage2_BC] Step 18100 | critic_loss: 0.2713 | q1_mean: 100.4332 | actor_loss: 4.8787 | bc_loss: 4.8787 | alpha: 0.0500
2025-12-12 17:45:57 [INFO] E2E_Teleoperation.E2E_RL.sac_training_algorithm - [Stage2_BC] Step 18200 | critic_loss: 0.1476 | q1_mean: 102.4650 | actor_loss: 2.8345 | bc_loss: 2.8345 | alpha: 0.0500
2025-12-12 17:45:59 [INFO] E2E_Teleoperation.E2E_RL.sac_training_algorithm - [Stage2_BC] Step 18300 | critic_loss: 0.1407 | q1_mean: 103.7171 | actor_loss: 1.5063 | bc_loss: 1.5063 | alpha: 0.0500
2025-12-12 17:46:00 [INFO] E2E_Teleoperation.E2E_RL.sac_training_algorithm - [Stage2_BC] Step 18400 | critic_loss: 0.1598 | q1_mean: 104.5354 | actor_loss: 1.6318 | bc_loss: 1.6318 | alpha: 0.0500
2025-12-12 17:46:01 [INFO] E2E_Teleoperation.E2E_RL.sac_training_algorithm - [Stage2_BC] Step 18500 | critic_loss: 0.4311 | q1_mean: 105.4549 | actor_loss: 4.8898 | bc_loss: 4.8898 | alpha: 0.0500
2025-12-12 17:46:03 [INFO] E2E_Teleoperation.E2E_RL.sac_training_algorithm - [Stage2_BC] Step 18600 | critic_loss: 0.1187 | q1_mean: 105.0994 | actor_loss: 7.4153 | bc_loss: 7.4153 | alpha: 0.0500
2025-12-12 17:46:04 [INFO] E2E_Teleoperation.E2E_RL.sac_training_algorithm - [Stage2_BC] Step 18700 | critic_loss: 0.1756 | q1_mean: 107.6214 | actor_loss: 1.2399 | bc_loss: 1.2399 | alpha: 0.0500
2025-12-12 17:46:06 [INFO] E2E_Teleoperation.E2E_RL.sac_training_algorithm - [Stage2_BC] Step 18800 | critic_loss: 0.1670 | q1_mean: 107.5685 | actor_loss: 1.4308 | bc_loss: 1.4308 | alpha: 0.0500
2025-12-12 17:46:07 [INFO] E2E_Teleoperation.E2E_RL.sac_training_algorithm - [Stage2_BC] Step 18900 | critic_loss: 1.0534 | q1_mean: 109.7102 | actor_loss: 6.6024 | bc_loss: 6.6024 | alpha: 0.0500
2025-12-12 17:46:09 [INFO] E2E_Teleoperation.E2E_RL.sac_training_algorithm - [Stage2_BC] Step 19000 | critic_loss: 0.3869 | q1_mean: 111.6280 | actor_loss: 2.3264 | bc_loss: 2.3264 | alpha: 0.0500
2025-12-12 17:46:10 [INFO] E2E_Teleoperation.E2E_RL.sac_training_algorithm - [Stage2_BC] Step 19100 | critic_loss: 0.5073 | q1_mean: 111.8391 | actor_loss: 1.7419 | bc_loss: 1.7419 | alpha: 0.0500
2025-12-12 17:46:11 [INFO] E2E_Teleoperation.E2E_RL.sac_training_algorithm - [Stage2_BC] Step 19200 | critic_loss: 0.1353 | q1_mean: 114.6972 | actor_loss: 2.1008 | bc_loss: 2.1008 | alpha: 0.0500
2025-12-12 17:46:13 [INFO] E2E_Teleoperation.E2E_RL.sac_training_algorithm - [Stage2_BC] Step 19300 | critic_loss: 0.1731 | q1_mean: 113.7973 | actor_loss: 8.9319 | bc_loss: 8.9319 | alpha: 0.0500
2025-12-12 17:46:14 [INFO] E2E_Teleoperation.E2E_RL.sac_training_algorithm - [Stage2_BC] Step 19400 | critic_loss: 0.1086 | q1_mean: 112.4171 | actor_loss: 3.3499 | bc_loss: 3.3499 | alpha: 0.0500
2025-12-12 17:46:16 [INFO] E2E_Teleoperation.E2E_RL.sac_training_algorithm - [Stage2_BC] Step 19500 | critic_loss: 0.7093 | q1_mean: 113.8331 | actor_loss: 1.7518 | bc_loss: 1.7518 | alpha: 0.0500
2025-12-12 17:46:17 [INFO] E2E_Teleoperation.E2E_RL.sac_training_algorithm - [Stage2_BC] Step 19600 | critic_loss: 1.2849 | q1_mean: 117.1889 | actor_loss: 3.9321 | bc_loss: 3.9321 | alpha: 0.0500
2025-12-12 17:46:18 [INFO] E2E_Teleoperation.E2E_RL.sac_training_algorithm - [Stage2_BC] Step 19700 | critic_loss: 0.8553 | q1_mean: 118.2449 | actor_loss: 3.9234 | bc_loss: 3.9234 | alpha: 0.0500
2025-12-12 17:46:20 [INFO] E2E_Teleoperation.E2E_RL.sac_training_algorithm - [Stage2_BC] Step 19800 | critic_loss: 0.4132 | q1_mean: 119.2450 | actor_loss: 1.7828 | bc_loss: 1.7828 | alpha: 0.0500
2025-12-12 17:46:21 [INFO] E2E_Teleoperation.E2E_RL.sac_training_algorithm - [Stage2_BC] Step 19900 | critic_loss: 0.6467 | q1_mean: 120.9574 | actor_loss: 3.9362 | bc_loss: 3.9362 | alpha: 0.0500
2025-12-12 17:46:22 [INFO] E2E_Teleoperation.E2E_RL.sac_training_algorithm - [Stage2_BC] Step 20000 | critic_loss: 0.1991 | q1_mean: 120.0690 | actor_loss: 6.4306 | bc_loss: 6.4306 | alpha: 0.0500
2025-12-12 17:46:56 [INFO] E2E_Teleoperation.E2E_RL.sac_training_algorithm - Validation Step 20000 | Reward: 4790.59
2025-12-12 17:46:57 [INFO] E2E_Teleoperation.E2E_RL.sac_training_algorithm - [Stage2_BC] Step 20100 | critic_loss: 0.2351 | q1_mean: 123.0067 | actor_loss: 6.9851 | bc_loss: 6.9851 | alpha: 0.0500
2025-12-12 17:46:58 [INFO] E2E_Teleoperation.E2E_RL.sac_training_algorithm - [Stage2_BC] Step 20200 | critic_loss: 0.6348 | q1_mean: 124.7457 | actor_loss: 2.7808 | bc_loss: 2.7808 | alpha: 0.0500
2025-12-12 17:47:00 [INFO] E2E_Teleoperation.E2E_RL.sac_training_algorithm - [Stage2_BC] Step 20300 | critic_loss: 0.8636 | q1_mean: 122.9083 | actor_loss: 2.0013 | bc_loss: 2.0013 | alpha: 0.0500
2025-12-12 17:47:01 [INFO] E2E_Teleoperation.E2E_RL.sac_training_algorithm - [Stage2_BC] Step 20400 | critic_loss: 1.5601 | q1_mean: 124.9848 | actor_loss: 3.4733 | bc_loss: 3.4733 | alpha: 0.0500
2025-12-12 17:47:02 [INFO] E2E_Teleoperation.E2E_RL.sac_training_algorithm - [Stage2_BC] Step 20500 | critic_loss: 0.7544 | q1_mean: 127.5226 | actor_loss: 8.0778 | bc_loss: 8.0778 | alpha: 0.0500
2025-12-12 17:47:04 [INFO] E2E_Teleoperation.E2E_RL.sac_training_algorithm - [Stage2_BC] Step 20600 | critic_loss: 1.6552 | q1_mean: 129.7769 | actor_loss: 2.7723 | bc_loss: 2.7723 | alpha: 0.0500
2025-12-12 17:47:05 [INFO] E2E_Teleoperation.E2E_RL.sac_training_algorithm - [Stage2_BC] Step 20700 | critic_loss: 0.0931 | q1_mean: 127.8604 | actor_loss: 2.7890 | bc_loss: 2.7890 | alpha: 0.0500
2025-12-12 17:47:06 [INFO] E2E_Teleoperation.E2E_RL.sac_training_algorithm - [Stage2_BC] Step 20800 | critic_loss: 1.1842 | q1_mean: 130.6629 | actor_loss: 2.7777 | bc_loss: 2.7777 | alpha: 0.0500
2025-12-12 17:47:08 [INFO] E2E_Teleoperation.E2E_RL.sac_training_algorithm - [Stage2_BC] Step 20900 | critic_loss: 0.1298 | q1_mean: 127.8262 | actor_loss: 1.3564 | bc_loss: 1.3564 | alpha: 0.0500
2025-12-12 17:47:09 [INFO] E2E_Teleoperation.E2E_RL.sac_training_algorithm - [Stage2_BC] Step 21000 | critic_loss: 0.2228 | q1_mean: 129.9840 | actor_loss: 1.6274 | bc_loss: 1.6274 | alpha: 0.0500
2025-12-12 17:47:11 [INFO] E2E_Teleoperation.E2E_RL.sac_training_algorithm - [Stage2_BC] Step 21100 | critic_loss: 0.2270 | q1_mean: 130.9118 | actor_loss: 1.6202 | bc_loss: 1.6202 | alpha: 0.0500
2025-12-12 17:47:12 [INFO] E2E_Teleoperation.E2E_RL.sac_training_algorithm - [Stage2_BC] Step 21200 | critic_loss: 0.4642 | q1_mean: 134.5426 | actor_loss: 1.6471 | bc_loss: 1.6471 | alpha: 0.0500
2025-12-12 17:47:13 [INFO] E2E_Teleoperation.E2E_RL.sac_training_algorithm - [Stage2_BC] Step 21300 | critic_loss: 0.1585 | q1_mean: 136.0002 | actor_loss: 7.4150 | bc_loss: 7.4150 | alpha: 0.0500
2025-12-12 17:47:15 [INFO] E2E_Teleoperation.E2E_RL.sac_training_algorithm - [Stage2_BC] Step 21400 | critic_loss: 0.4395 | q1_mean: 137.8499 | actor_loss: 5.0974 | bc_loss: 5.0974 | alpha: 0.0500
2025-12-12 17:47:16 [INFO] E2E_Teleoperation.E2E_RL.sac_training_algorithm - [Stage2_BC] Step 21500 | critic_loss: 1.5475 | q1_mean: 137.7774 | actor_loss: 1.6652 | bc_loss: 1.6652 | alpha: 0.0500
2025-12-12 17:47:17 [INFO] E2E_Teleoperation.E2E_RL.sac_training_algorithm - [Stage2_BC] Step 21600 | critic_loss: 1.9030 | q1_mean: 138.4627 | actor_loss: 3.9226 | bc_loss: 3.9226 | alpha: 0.0500
2025-12-12 17:47:19 [INFO] E2E_Teleoperation.E2E_RL.sac_training_algorithm - [Stage2_BC] Step 21700 | critic_loss: 0.9942 | q1_mean: 140.1619 | actor_loss: 1.3409 | bc_loss: 1.3409 | alpha: 0.0500
2025-12-12 17:47:20 [INFO] E2E_Teleoperation.E2E_RL.sac_training_algorithm - [Stage2_BC] Step 21800 | critic_loss: 0.6628 | q1_mean: 139.8637 | actor_loss: 6.9574 | bc_loss: 6.9574 | alpha: 0.0500
2025-12-12 17:47:21 [INFO] E2E_Teleoperation.E2E_RL.sac_training_algorithm - [Stage2_BC] Step 21900 | critic_loss: 0.5041 | q1_mean: 141.2236 | actor_loss: 2.5361 | bc_loss: 2.5361 | alpha: 0.0500
2025-12-12 17:47:23 [INFO] E2E_Teleoperation.E2E_RL.sac_training_algorithm - [Stage2_BC] Step 22000 | critic_loss: 1.5624 | q1_mean: 141.8829 | actor_loss: 1.9667 | bc_loss: 1.9667 | alpha: 0.0500
2025-12-12 17:47:24 [INFO] E2E_Teleoperation.E2E_RL.sac_training_algorithm - [Stage2_BC] Step 22100 | critic_loss: 0.8401 | q1_mean: 143.5288 | actor_loss: 3.0860 | bc_loss: 3.0860 | alpha: 0.0500
2025-12-12 17:47:26 [INFO] E2E_Teleoperation.E2E_RL.sac_training_algorithm - [Stage2_BC] Step 22200 | critic_loss: 0.1445 | q1_mean: 145.9813 | actor_loss: 5.9656 | bc_loss: 5.9656 | alpha: 0.0500
2025-12-12 17:47:27 [INFO] E2E_Teleoperation.E2E_RL.sac_training_algorithm - [Stage2_BC] Step 22300 | critic_loss: 0.3424 | q1_mean: 145.7480 | actor_loss: 2.4259 | bc_loss: 2.4259 | alpha: 0.0500
2025-12-12 17:47:28 [INFO] E2E_Teleoperation.E2E_RL.sac_training_algorithm - [Stage2_BC] Step 22400 | critic_loss: 0.2277 | q1_mean: 148.6820 | actor_loss: 3.1177 | bc_loss: 3.1177 | alpha: 0.0500
2025-12-12 17:47:30 [INFO] E2E_Teleoperation.E2E_RL.sac_training_algorithm - [Stage2_BC] Step 22500 | critic_loss: 0.4223 | q1_mean: 148.2323 | actor_loss: 1.9977 | bc_loss: 1.9977 | alpha: 0.0500
2025-12-12 17:47:31 [INFO] E2E_Teleoperation.E2E_RL.sac_training_algorithm - [Stage2_BC] Step 22600 | critic_loss: 0.1362 | q1_mean: 146.1368 | actor_loss: 1.5148 | bc_loss: 1.5148 | alpha: 0.0500
2025-12-12 17:47:32 [INFO] E2E_Teleoperation.E2E_RL.sac_training_algorithm - [Stage2_BC] Step 22700 | critic_loss: 0.2067 | q1_mean: 147.7561 | actor_loss: 6.2259 | bc_loss: 6.2259 | alpha: 0.0500
2025-12-12 17:47:34 [INFO] E2E_Teleoperation.E2E_RL.sac_training_algorithm - [Stage2_BC] Step 22800 | critic_loss: 1.2680 | q1_mean: 149.3824 | actor_loss: 1.6378 | bc_loss: 1.6378 | alpha: 0.0500
2025-12-12 17:47:35 [INFO] E2E_Teleoperation.E2E_RL.sac_training_algorithm - [Stage2_BC] Step 22900 | critic_loss: 0.1993 | q1_mean: 148.8949 | actor_loss: 1.5284 | bc_loss: 1.5284 | alpha: 0.0500
2025-12-12 17:47:37 [INFO] E2E_Teleoperation.E2E_RL.sac_training_algorithm - [Stage2_BC] Step 23000 | critic_loss: 0.3435 | q1_mean: 149.6432 | actor_loss: 2.4989 | bc_loss: 2.4989 | alpha: 0.0500
2025-12-12 17:47:38 [INFO] E2E_Teleoperation.E2E_RL.sac_training_algorithm - [Stage2_BC] Step 23100 | critic_loss: 0.3089 | q1_mean: 152.5827 | actor_loss: 2.4803 | bc_loss: 2.4803 | alpha: 0.0500
2025-12-12 17:47:39 [INFO] E2E_Teleoperation.E2E_RL.sac_training_algorithm - [Stage2_BC] Step 23200 | critic_loss: 0.4121 | q1_mean: 151.6520 | actor_loss: 1.9331 | bc_loss: 1.9331 | alpha: 0.0500
2025-12-12 17:47:41 [INFO] E2E_Teleoperation.E2E_RL.sac_training_algorithm - [Stage2_BC] Step 23300 | critic_loss: 2.6864 | q1_mean: 161.3148 | actor_loss: 3.1009 | bc_loss: 3.1009 | alpha: 0.0500
2025-12-12 17:47:42 [INFO] E2E_Teleoperation.E2E_RL.sac_training_algorithm - [Stage2_BC] Step 23400 | critic_loss: 0.7351 | q1_mean: 153.6853 | actor_loss: 2.8935 | bc_loss: 2.8935 | alpha: 0.0500
2025-12-12 17:47:43 [INFO] E2E_Teleoperation.E2E_RL.sac_training_algorithm - [Stage2_BC] Step 23500 | critic_loss: 1.2707 | q1_mean: 155.0403 | actor_loss: 1.7078 | bc_loss: 1.7078 | alpha: 0.0500
2025-12-12 17:47:45 [INFO] E2E_Teleoperation.E2E_RL.sac_training_algorithm - [Stage2_BC] Step 23600 | critic_loss: 0.2374 | q1_mean: 158.3043 | actor_loss: 1.9257 | bc_loss: 1.9257 | alpha: 0.0500
2025-12-12 17:47:46 [INFO] E2E_Teleoperation.E2E_RL.sac_training_algorithm - [Stage2_BC] Step 23700 | critic_loss: 0.3760 | q1_mean: 159.7544 | actor_loss: 2.0667 | bc_loss: 2.0667 | alpha: 0.0500
2025-12-12 17:47:47 [INFO] E2E_Teleoperation.E2E_RL.sac_training_algorithm - [Stage2_BC] Step 23800 | critic_loss: 0.6145 | q1_mean: 159.5809 | actor_loss: 1.9342 | bc_loss: 1.9342 | alpha: 0.0500
2025-12-12 17:47:49 [INFO] E2E_Teleoperation.E2E_RL.sac_training_algorithm - [Stage2_BC] Step 23900 | critic_loss: 2.4493 | q1_mean: 163.8975 | actor_loss: 1.7302 | bc_loss: 1.7302 | alpha: 0.0500
2025-12-12 17:47:50 [INFO] E2E_Teleoperation.E2E_RL.sac_training_algorithm - [Stage2_BC] Step 24000 | critic_loss: 0.9332 | q1_mean: 158.9547 | actor_loss: 1.2027 | bc_loss: 1.2027 | alpha: 0.0500
2025-12-12 17:47:52 [INFO] E2E_Teleoperation.E2E_RL.sac_training_algorithm - [Stage2_BC] Step 24100 | critic_loss: 0.2838 | q1_mean: 162.4869 | actor_loss: 2.6076 | bc_loss: 2.6076 | alpha: 0.0500
2025-12-12 17:47:53 [INFO] E2E_Teleoperation.E2E_RL.sac_training_algorithm - [Stage2_BC] Step 24200 | critic_loss: 1.2944 | q1_mean: 160.7112 | actor_loss: 2.6416 | bc_loss: 2.6416 | alpha: 0.0500
2025-12-12 17:47:54 [INFO] E2E_Teleoperation.E2E_RL.sac_training_algorithm - [Stage2_BC] Step 24300 | critic_loss: 0.2499 | q1_mean: 166.0461 | actor_loss: 1.7882 | bc_loss: 1.7882 | alpha: 0.0500
2025-12-12 17:47:56 [INFO] E2E_Teleoperation.E2E_RL.sac_training_algorithm - [Stage2_BC] Step 24400 | critic_loss: 0.2715 | q1_mean: 164.0218 | actor_loss: 1.2999 | bc_loss: 1.2999 | alpha: 0.0500
2025-12-12 17:47:57 [INFO] E2E_Teleoperation.E2E_RL.sac_training_algorithm - [Stage2_BC] Step 24500 | critic_loss: 0.2308 | q1_mean: 162.7601 | actor_loss: 2.3549 | bc_loss: 2.3549 | alpha: 0.0500
2025-12-12 17:47:58 [INFO] E2E_Teleoperation.E2E_RL.sac_training_algorithm - [Stage2_BC] Step 24600 | critic_loss: 0.3353 | q1_mean: 169.2083 | actor_loss: 2.1280 | bc_loss: 2.1280 | alpha: 0.0500
2025-12-12 17:48:00 [INFO] E2E_Teleoperation.E2E_RL.sac_training_algorithm - [Stage2_BC] Step 24700 | critic_loss: 0.1289 | q1_mean: 165.6358 | actor_loss: 1.3664 | bc_loss: 1.3664 | alpha: 0.0500
2025-12-12 17:48:01 [INFO] E2E_Teleoperation.E2E_RL.sac_training_algorithm - [Stage2_BC] Step 24800 | critic_loss: 0.1713 | q1_mean: 168.8881 | actor_loss: 1.1431 | bc_loss: 1.1431 | alpha: 0.0500
2025-12-12 17:48:02 [INFO] E2E_Teleoperation.E2E_RL.sac_training_algorithm - [Stage2_BC] Step 24900 | critic_loss: 1.0470 | q1_mean: 171.0729 | actor_loss: 6.0219 | bc_loss: 6.0219 | alpha: 0.0500
2025-12-12 17:48:04 [INFO] E2E_Teleoperation.E2E_RL.sac_training_algorithm - [Stage2_BC] Step 25000 | critic_loss: 0.9077 | q1_mean: 167.7602 | actor_loss: 1.5707 | bc_loss: 1.5707 | alpha: 0.0500
2025-12-12 17:48:05 [INFO] E2E_Teleoperation.E2E_RL.sac_training_algorithm - [Stage2_BC] Step 25100 | critic_loss: 1.1149 | q1_mean: 171.4649 | actor_loss: 1.4467 | bc_loss: 1.4467 | alpha: 0.0500
2025-12-12 17:48:07 [INFO] E2E_Teleoperation.E2E_RL.sac_training_algorithm - [Stage2_BC] Step 25200 | critic_loss: 0.3265 | q1_mean: 170.2865 | actor_loss: 2.1366 | bc_loss: 2.1366 | alpha: 0.0500
2025-12-12 17:48:08 [INFO] E2E_Teleoperation.E2E_RL.sac_training_algorithm - [Stage2_BC] Step 25300 | critic_loss: 1.1411 | q1_mean: 171.4944 | actor_loss: 1.0490 | bc_loss: 1.0490 | alpha: 0.0500
2025-12-12 17:48:09 [INFO] E2E_Teleoperation.E2E_RL.sac_training_algorithm - [Stage2_BC] Step 25400 | critic_loss: 1.6156 | q1_mean: 173.5005 | actor_loss: 3.8269 | bc_loss: 3.8269 | alpha: 0.0500
2025-12-12 17:48:12 [INFO] E2E_Teleoperation.E2E_RL.sac_training_algorithm - [Stage2_BC] Step 25500 | critic_loss: 0.6898 | q1_mean: 171.3014 | actor_loss: 1.1047 | bc_loss: 1.1047 | alpha: 0.0500
2025-12-12 17:48:13 [INFO] E2E_Teleoperation.E2E_RL.sac_training_algorithm - [Stage2_BC] Step 25600 | critic_loss: 0.3865 | q1_mean: 173.8730 | actor_loss: 1.6058 | bc_loss: 1.6058 | alpha: 0.0500
2025-12-12 17:48:14 [INFO] E2E_Teleoperation.E2E_RL.sac_training_algorithm - [Stage2_BC] Step 25700 | critic_loss: 0.2209 | q1_mean: 178.8901 | actor_loss: 1.3415 | bc_loss: 1.3415 | alpha: 0.0500
2025-12-12 17:48:16 [INFO] E2E_Teleoperation.E2E_RL.sac_training_algorithm - [Stage2_BC] Step 25800 | critic_loss: 0.3125 | q1_mean: 174.0127 | actor_loss: 1.7223 | bc_loss: 1.7223 | alpha: 0.0500
2025-12-12 17:48:17 [INFO] E2E_Teleoperation.E2E_RL.sac_training_algorithm - [Stage2_BC] Step 25900 | critic_loss: 0.2169 | q1_mean: 178.9775 | actor_loss: 1.2323 | bc_loss: 1.2323 | alpha: 0.0500
2025-12-12 17:48:19 [INFO] E2E_Teleoperation.E2E_RL.sac_training_algorithm - [Stage2_BC] Step 26000 | critic_loss: 4.1443 | q1_mean: 178.6232 | actor_loss: 1.5150 | bc_loss: 1.5150 | alpha: 0.0500
2025-12-12 17:48:20 [INFO] E2E_Teleoperation.E2E_RL.sac_training_algorithm - [Stage2_BC] Step 26100 | critic_loss: 1.0284 | q1_mean: 173.6103 | actor_loss: 2.3812 | bc_loss: 2.3812 | alpha: 0.0500
2025-12-12 17:48:21 [INFO] E2E_Teleoperation.E2E_RL.sac_training_algorithm - [Stage2_BC] Step 26200 | critic_loss: 0.3699 | q1_mean: 183.0207 | actor_loss: 1.7442 | bc_loss: 1.7442 | alpha: 0.0500
2025-12-12 17:48:23 [INFO] E2E_Teleoperation.E2E_RL.sac_training_algorithm - [Stage2_BC] Step 26300 | critic_loss: 0.9861 | q1_mean: 180.8727 | actor_loss: 1.1957 | bc_loss: 1.1957 | alpha: 0.0500
2025-12-12 17:48:24 [INFO] E2E_Teleoperation.E2E_RL.sac_training_algorithm - [Stage2_BC] Step 26400 | critic_loss: 0.2524 | q1_mean: 181.3435 | actor_loss: 1.3054 | bc_loss: 1.3054 | alpha: 0.0500
2025-12-12 17:48:25 [INFO] E2E_Teleoperation.E2E_RL.sac_training_algorithm - [Stage2_BC] Step 26500 | critic_loss: 1.7367 | q1_mean: 186.6249 | actor_loss: 1.7149 | bc_loss: 1.7149 | alpha: 0.0500
2025-12-12 17:48:27 [INFO] E2E_Teleoperation.E2E_RL.sac_training_algorithm - [Stage2_BC] Step 26600 | critic_loss: 1.7963 | q1_mean: 186.9749 | actor_loss: 4.8853 | bc_loss: 4.8853 | alpha: 0.0500
2025-12-12 17:48:28 [INFO] E2E_Teleoperation.E2E_RL.sac_training_algorithm - [Stage2_BC] Step 26700 | critic_loss: 1.0303 | q1_mean: 185.2605 | actor_loss: 1.3446 | bc_loss: 1.3446 | alpha: 0.0500
2025-12-12 17:48:30 [INFO] E2E_Teleoperation.E2E_RL.sac_training_algorithm - [Stage2_BC] Step 26800 | critic_loss: 1.1451 | q1_mean: 182.4450 | actor_loss: 1.2703 | bc_loss: 1.2703 | alpha: 0.0500
2025-12-12 17:48:31 [INFO] E2E_Teleoperation.E2E_RL.sac_training_algorithm - [Stage2_BC] Step 26900 | critic_loss: 0.5228 | q1_mean: 186.9244 | actor_loss: 1.3057 | bc_loss: 1.3057 | alpha: 0.0500
2025-12-12 17:48:32 [INFO] E2E_Teleoperation.E2E_RL.sac_training_algorithm - [Stage2_BC] Step 27000 | critic_loss: 0.4372 | q1_mean: 188.3741 | actor_loss: 1.3417 | bc_loss: 1.3417 | alpha: 0.0500
2025-12-12 17:48:34 [INFO] E2E_Teleoperation.E2E_RL.sac_training_algorithm - [Stage2_BC] Step 27100 | critic_loss: 0.3382 | q1_mean: 187.3965 | actor_loss: 1.9039 | bc_loss: 1.9039 | alpha: 0.0500
2025-12-12 17:48:35 [INFO] E2E_Teleoperation.E2E_RL.sac_training_algorithm - [Stage2_BC] Step 27200 | critic_loss: 2.7437 | q1_mean: 187.8095 | actor_loss: 1.6385 | bc_loss: 1.6385 | alpha: 0.0500
2025-12-12 17:48:36 [INFO] E2E_Teleoperation.E2E_RL.sac_training_algorithm - [Stage2_BC] Step 27300 | critic_loss: 2.9295 | q1_mean: 191.8791 | actor_loss: 1.8403 | bc_loss: 1.8403 | alpha: 0.0500
2025-12-12 17:48:38 [INFO] E2E_Teleoperation.E2E_RL.sac_training_algorithm - [Stage2_BC] Step 27400 | critic_loss: 2.0263 | q1_mean: 187.3182 | actor_loss: 1.1308 | bc_loss: 1.1308 | alpha: 0.0500
2025-12-12 17:48:39 [INFO] E2E_Teleoperation.E2E_RL.sac_training_algorithm - [Stage2_BC] Step 27500 | critic_loss: 0.3478 | q1_mean: 190.9362 | actor_loss: 1.6224 | bc_loss: 1.6224 | alpha: 0.0500
2025-12-12 17:48:41 [INFO] E2E_Teleoperation.E2E_RL.sac_training_algorithm - [Stage2_BC] Step 27600 | critic_loss: 0.2525 | q1_mean: 191.9219 | actor_loss: 1.0632 | bc_loss: 1.0632 | alpha: 0.0500
2025-12-12 17:48:42 [INFO] E2E_Teleoperation.E2E_RL.sac_training_algorithm - [Stage2_BC] Step 27700 | critic_loss: 0.1685 | q1_mean: 191.6690 | actor_loss: 1.0118 | bc_loss: 1.0118 | alpha: 0.0500
2025-12-12 17:48:43 [INFO] E2E_Teleoperation.E2E_RL.sac_training_algorithm - [Stage2_BC] Step 27800 | critic_loss: 1.1755 | q1_mean: 191.8790 | actor_loss: 1.2935 | bc_loss: 1.2935 | alpha: 0.0500
2025-12-12 17:48:45 [INFO] E2E_Teleoperation.E2E_RL.sac_training_algorithm - [Stage2_BC] Step 27900 | critic_loss: 1.6026 | q1_mean: 194.7717 | actor_loss: 1.1756 | bc_loss: 1.1756 | alpha: 0.0500
2025-12-12 17:48:46 [INFO] E2E_Teleoperation.E2E_RL.sac_training_algorithm - [Stage2_BC] Step 28000 | critic_loss: 1.7023 | q1_mean: 196.7661 | actor_loss: 6.5376 | bc_loss: 6.5376 | alpha: 0.0500
2025-12-12 17:48:47 [INFO] E2E_Teleoperation.E2E_RL.sac_training_algorithm - [Stage2_BC] Step 28100 | critic_loss: 0.4305 | q1_mean: 199.1147 | actor_loss: 1.2867 | bc_loss: 1.2867 | alpha: 0.0500
2025-12-12 17:48:49 [INFO] E2E_Teleoperation.E2E_RL.sac_training_algorithm - [Stage2_BC] Step 28200 | critic_loss: 2.5967 | q1_mean: 200.1881 | actor_loss: 1.2330 | bc_loss: 1.2330 | alpha: 0.0500
2025-12-12 17:48:50 [INFO] E2E_Teleoperation.E2E_RL.sac_training_algorithm - [Stage2_BC] Step 28300 | critic_loss: 1.1860 | q1_mean: 198.1754 | actor_loss: 1.6689 | bc_loss: 1.6689 | alpha: 0.0500
2025-12-12 17:48:51 [INFO] E2E_Teleoperation.E2E_RL.sac_training_algorithm - [Stage2_BC] Step 28400 | critic_loss: 0.1620 | q1_mean: 197.4132 | actor_loss: 1.2352 | bc_loss: 1.2352 | alpha: 0.0500
2025-12-12 17:48:53 [INFO] E2E_Teleoperation.E2E_RL.sac_training_algorithm - [Stage2_BC] Step 28500 | critic_loss: 0.5235 | q1_mean: 199.9939 | actor_loss: 1.3428 | bc_loss: 1.3428 | alpha: 0.0500
2025-12-12 17:48:54 [INFO] E2E_Teleoperation.E2E_RL.sac_training_algorithm - [Stage2_BC] Step 28600 | critic_loss: 0.3130 | q1_mean: 200.6965 | actor_loss: 1.3000 | bc_loss: 1.3000 | alpha: 0.0500
2025-12-12 17:48:56 [INFO] E2E_Teleoperation.E2E_RL.sac_training_algorithm - [Stage2_BC] Step 28700 | critic_loss: 0.3664 | q1_mean: 200.7134 | actor_loss: 2.1438 | bc_loss: 2.1438 | alpha: 0.0500
2025-12-12 17:48:57 [INFO] E2E_Teleoperation.E2E_RL.sac_training_algorithm - [Stage2_BC] Step 28800 | critic_loss: 1.0502 | q1_mean: 200.9958 | actor_loss: 1.2110 | bc_loss: 1.2110 | alpha: 0.0500
2025-12-12 17:48:58 [INFO] E2E_Teleoperation.E2E_RL.sac_training_algorithm - [Stage2_BC] Step 28900 | critic_loss: 1.5490 | q1_mean: 204.7767 | actor_loss: 1.3802 | bc_loss: 1.3802 | alpha: 0.0500
2025-12-12 17:49:00 [INFO] E2E_Teleoperation.E2E_RL.sac_training_algorithm - [Stage2_BC] Step 29000 | critic_loss: 2.6848 | q1_mean: 199.6406 | actor_loss: 1.1492 | bc_loss: 1.1492 | alpha: 0.0500
2025-12-12 17:49:01 [INFO] E2E_Teleoperation.E2E_RL.sac_training_algorithm - [Stage2_BC] Step 29100 | critic_loss: 2.1858 | q1_mean: 205.2036 | actor_loss: 1.2553 | bc_loss: 1.2553 | alpha: 0.0500
2025-12-12 17:49:02 [INFO] E2E_Teleoperation.E2E_RL.sac_training_algorithm - [Stage2_BC] Step 29200 | critic_loss: 0.4299 | q1_mean: 208.5487 | actor_loss: 1.3481 | bc_loss: 1.3481 | alpha: 0.0500
2025-12-12 17:49:04 [INFO] E2E_Teleoperation.E2E_RL.sac_training_algorithm - [Stage2_BC] Step 29300 | critic_loss: 0.6145 | q1_mean: 202.0551 | actor_loss: 1.2549 | bc_loss: 1.2549 | alpha: 0.0500
2025-12-12 17:49:05 [INFO] E2E_Teleoperation.E2E_RL.sac_training_algorithm - [Stage2_BC] Step 29400 | critic_loss: 1.7672 | q1_mean: 203.7895 | actor_loss: 1.1351 | bc_loss: 1.1351 | alpha: 0.0500
2025-12-12 17:49:07 [INFO] E2E_Teleoperation.E2E_RL.sac_training_algorithm - [Stage2_BC] Step 29500 | critic_loss: 1.9979 | q1_mean: 205.9535 | actor_loss: 1.1596 | bc_loss: 1.1596 | alpha: 0.0500
2025-12-12 17:49:08 [INFO] E2E_Teleoperation.E2E_RL.sac_training_algorithm - [Stage2_BC] Step 29600 | critic_loss: 0.8132 | q1_mean: 205.7063 | actor_loss: 1.1048 | bc_loss: 1.1048 | alpha: 0.0500
2025-12-12 17:49:09 [INFO] E2E_Teleoperation.E2E_RL.sac_training_algorithm - [Stage2_BC] Step 29700 | critic_loss: 0.2370 | q1_mean: 207.8001 | actor_loss: 1.4278 | bc_loss: 1.4278 | alpha: 0.0500
2025-12-12 17:49:11 [INFO] E2E_Teleoperation.E2E_RL.sac_training_algorithm - [Stage2_BC] Step 29800 | critic_loss: 0.5911 | q1_mean: 205.6895 | actor_loss: 2.7245 | bc_loss: 2.7245 | alpha: 0.0500
2025-12-12 17:49:12 [INFO] E2E_Teleoperation.E2E_RL.sac_training_algorithm - [Stage2_BC] Step 29900 | critic_loss: 0.4116 | q1_mean: 208.4492 | actor_loss: 2.3305 | bc_loss: 2.3305 | alpha: 0.0500
2025-12-12 17:49:13 [INFO] E2E_Teleoperation.E2E_RL.sac_training_algorithm - [Stage2_BC] Step 30000 | critic_loss: 1.7695 | q1_mean: 206.6533 | actor_loss: -19.6468 | bc_loss: 0.6466 | alpha_loss: 130.6365 | alpha: 0.0500
2025-12-12 17:49:48 [INFO] E2E_Teleoperation.E2E_RL.sac_training_algorithm - Validation Step 30000 | Reward: 5610.78
2025-12-12 17:49:50 [INFO] E2E_Teleoperation.E2E_RL.sac_training_algorithm - [Stage3_SAC] Step 30100 | critic_loss: 0.3768 | q1_mean: 208.6623 | actor_loss: -20.0648 | bc_loss: 0.6092 | alpha_loss: 86.8470 | alpha: 0.0507
2025-12-12 17:49:51 [INFO] E2E_Teleoperation.E2E_RL.sac_training_algorithm - [Stage3_SAC] Step 30200 | critic_loss: 0.5290 | q1_mean: 214.6841 | actor_loss: -20.3440 | bc_loss: 0.9114 | alpha_loss: 82.2738 | alpha: 0.0514
2025-12-12 17:49:52 [INFO] E2E_Teleoperation.E2E_RL.sac_training_algorithm - [Stage3_SAC] Step 30300 | critic_loss: 3.3011 | q1_mean: 213.9470 | actor_loss: -20.4610 | bc_loss: 0.6545 | alpha_loss: 83.4452 | alpha: 0.0521
2025-12-12 17:49:54 [INFO] E2E_Teleoperation.E2E_RL.sac_training_algorithm - [Stage3_SAC] Step 30400 | critic_loss: 3.0388 | q1_mean: 211.3334 | actor_loss: -20.4040 | bc_loss: 0.5781 | alpha_loss: 80.7887 | alpha: 0.0528
2025-12-12 17:49:55 [INFO] E2E_Teleoperation.E2E_RL.sac_training_algorithm - [Stage3_SAC] Step 30500 | critic_loss: 0.9993 | q1_mean: 218.3047 | actor_loss: -20.8173 | bc_loss: 0.8329 | alpha_loss: 79.8714 | alpha: 0.0536
2025-12-12 17:49:56 [INFO] E2E_Teleoperation.E2E_RL.sac_training_algorithm - [Stage3_SAC] Step 30600 | critic_loss: 2.4899 | q1_mean: 214.2023 | actor_loss: -19.7225 | bc_loss: 1.3507 | alpha_loss: 81.0706 | alpha: 0.0544
2025-12-12 17:49:58 [INFO] E2E_Teleoperation.E2E_RL.sac_training_algorithm - [Stage3_SAC] Step 30700 | critic_loss: 0.1620 | q1_mean: 215.9904 | actor_loss: -20.9770 | bc_loss: 0.4760 | alpha_loss: 79.3926 | alpha: 0.0551
2025-12-12 17:49:59 [INFO] E2E_Teleoperation.E2E_RL.sac_training_algorithm - [Stage3_SAC] Step 30800 | critic_loss: 0.5678 | q1_mean: 222.4117 | actor_loss: -21.3820 | bc_loss: 0.6252 | alpha_loss: 80.9513 | alpha: 0.0559
2025-12-12 17:50:01 [INFO] E2E_Teleoperation.E2E_RL.sac_training_algorithm - [Stage3_SAC] Step 30900 | critic_loss: 1.7283 | q1_mean: 219.4652 | actor_loss: -18.9767 | bc_loss: 2.6041 | alpha_loss: 80.1849 | alpha: 0.0568
2025-12-12 17:50:02 [INFO] E2E_Teleoperation.E2E_RL.sac_training_algorithm - [Stage3_SAC] Step 31000 | critic_loss: 2.7744 | q1_mean: 225.3869 | actor_loss: -21.7411 | bc_loss: 0.5918 | alpha_loss: 77.6804 | alpha: 0.0576
2025-12-12 17:50:03 [INFO] E2E_Teleoperation.E2E_RL.sac_training_algorithm - [Stage3_SAC] Step 31100 | critic_loss: 2.7326 | q1_mean: 218.0584 | actor_loss: -20.8145 | bc_loss: 0.6826 | alpha_loss: 79.4086 | alpha: 0.0584
2025-12-12 17:50:06 [INFO] E2E_Teleoperation.E2E_RL.sac_training_algorithm - [Stage3_SAC] Step 31200 | critic_loss: 4.5547 | q1_mean: 222.4007 | actor_loss: -19.9293 | bc_loss: 1.9690 | alpha_loss: 76.7645 | alpha: 0.0593
2025-12-12 17:50:07 [INFO] E2E_Teleoperation.E2E_RL.sac_training_algorithm - [Stage3_SAC] Step 31300 | critic_loss: 4.5097 | q1_mean: 231.1701 | actor_loss: -22.1148 | bc_loss: 0.7155 | alpha_loss: 74.0335 | alpha: 0.0602
2025-12-12 17:50:09 [INFO] E2E_Teleoperation.E2E_RL.sac_training_algorithm - [Stage3_SAC] Step 31400 | critic_loss: 0.1753 | q1_mean: 221.3565 | actor_loss: -21.3321 | bc_loss: 0.6034 | alpha_loss: 76.9891 | alpha: 0.0610
2025-12-12 17:50:10 [INFO] E2E_Teleoperation.E2E_RL.sac_training_algorithm - [Stage3_SAC] Step 31500 | critic_loss: 0.3284 | q1_mean: 220.5523 | actor_loss: -21.1176 | bc_loss: 0.6838 | alpha_loss: 75.1120 | alpha: 0.0619
2025-12-12 17:50:11 [INFO] E2E_Teleoperation.E2E_RL.sac_training_algorithm - [Stage3_SAC] Step 31600 | critic_loss: 1.3877 | q1_mean: 222.4305 | actor_loss: -21.4567 | bc_loss: 0.6230 | alpha_loss: 76.9359 | alpha: 0.0628
2025-12-12 17:50:13 [INFO] E2E_Teleoperation.E2E_RL.sac_training_algorithm - [Stage3_SAC] Step 31700 | critic_loss: 4.0841 | q1_mean: 222.9507 | actor_loss: -21.5331 | bc_loss: 0.5424 | alpha_loss: 75.7068 | alpha: 0.0638
2025-12-12 17:50:14 [INFO] E2E_Teleoperation.E2E_RL.sac_training_algorithm - [Stage3_SAC] Step 31800 | critic_loss: 4.6886 | q1_mean: 228.5275 | actor_loss: -21.4228 | bc_loss: 0.9827 | alpha_loss: 73.6660 | alpha: 0.0647
2025-12-12 17:50:15 [INFO] E2E_Teleoperation.E2E_RL.sac_training_algorithm - [Stage3_SAC] Step 31900 | critic_loss: 1.9787 | q1_mean: 224.8657 | actor_loss: -21.5692 | bc_loss: 0.6166 | alpha_loss: 74.7097 | alpha: 0.0657
2025-12-12 17:50:17 [INFO] E2E_Teleoperation.E2E_RL.sac_training_algorithm - [Stage3_SAC] Step 32000 | critic_loss: 3.0169 | q1_mean: 230.3247 | actor_loss: -21.7786 | bc_loss: 0.9564 | alpha_loss: 72.3333 | alpha: 0.0666
2025-12-12 17:50:18 [INFO] E2E_Teleoperation.E2E_RL.sac_training_algorithm - [Stage3_SAC] Step 32100 | critic_loss: 0.8473 | q1_mean: 230.8565 | actor_loss: -22.3637 | bc_loss: 0.5227 | alpha_loss: 73.2655 | alpha: 0.0676
2025-12-12 17:50:20 [INFO] E2E_Teleoperation.E2E_RL.sac_training_algorithm - [Stage3_SAC] Step 32200 | critic_loss: 1.5601 | q1_mean: 231.3947 | actor_loss: -21.9962 | bc_loss: 0.7771 | alpha_loss: 70.9654 | alpha: 0.0686
2025-12-12 17:50:21 [INFO] E2E_Teleoperation.E2E_RL.sac_training_algorithm - [Stage3_SAC] Step 32300 | critic_loss: 0.3881 | q1_mean: 236.1839 | actor_loss: -22.6669 | bc_loss: 0.7363 | alpha_loss: 72.5137 | alpha: 0.0696
2025-12-12 17:50:22 [INFO] E2E_Teleoperation.E2E_RL.sac_training_algorithm - [Stage3_SAC] Step 32400 | critic_loss: 2.3971 | q1_mean: 233.3866 | actor_loss: -22.2795 | bc_loss: 0.6348 | alpha_loss: 71.0310 | alpha: 0.0706
2025-12-12 17:50:24 [INFO] E2E_Teleoperation.E2E_RL.sac_training_algorithm - [Stage3_SAC] Step 32500 | critic_loss: 1.0559 | q1_mean: 236.3738 | actor_loss: -22.7112 | bc_loss: 0.6096 | alpha_loss: 68.0889 | alpha: 0.0716
2025-12-12 17:50:25 [INFO] E2E_Teleoperation.E2E_RL.sac_training_algorithm - [Stage3_SAC] Step 32600 | critic_loss: 0.6230 | q1_mean: 228.2950 | actor_loss: -21.3351 | bc_loss: 1.2003 | alpha_loss: 68.4541 | alpha: 0.0727
2025-12-12 17:50:27 [INFO] E2E_Teleoperation.E2E_RL.sac_training_algorithm - [Stage3_SAC] Step 32700 | critic_loss: 4.5406 | q1_mean: 238.1246 | actor_loss: -18.0545 | bc_loss: 5.3322 | alpha_loss: 68.1299 | alpha: 0.0737
2025-12-12 17:50:29 [INFO] E2E_Teleoperation.E2E_RL.sac_training_algorithm - [Stage3_SAC] Step 32800 | critic_loss: 6.2568 | q1_mean: 234.9688 | actor_loss: -21.4970 | bc_loss: 1.6755 | alpha_loss: 67.2942 | alpha: 0.0748
2025-12-12 17:50:30 [INFO] E2E_Teleoperation.E2E_RL.sac_training_algorithm - [Stage3_SAC] Step 32900 | critic_loss: 4.7089 | q1_mean: 232.5014 | actor_loss: -22.2208 | bc_loss: 0.8025 | alpha_loss: 66.4795 | alpha: 0.0759
2025-12-12 17:50:32 [INFO] E2E_Teleoperation.E2E_RL.sac_training_algorithm - [Stage3_SAC] Step 33000 | critic_loss: 2.9284 | q1_mean: 237.0979 | actor_loss: -22.6782 | bc_loss: 0.5850 | alpha_loss: 64.9102 | alpha: 0.0769
2025-12-12 17:50:33 [INFO] E2E_Teleoperation.E2E_RL.sac_training_algorithm - [Stage3_SAC] Step 33100 | critic_loss: 2.8721 | q1_mean: 227.1561 | actor_loss: -21.8197 | bc_loss: 0.6279 | alpha_loss: 65.3545 | alpha: 0.0781
2025-12-12 17:50:34 [INFO] E2E_Teleoperation.E2E_RL.sac_training_algorithm - [Stage3_SAC] Step 33200 | critic_loss: 1.4274 | q1_mean: 237.3703 | actor_loss: -22.9411 | bc_loss: 0.6061 | alpha_loss: 63.5523 | alpha: 0.0792
2025-12-12 17:50:36 [INFO] E2E_Teleoperation.E2E_RL.sac_training_algorithm - [Stage3_SAC] Step 33300 | critic_loss: 2.4472 | q1_mean: 232.7344 | actor_loss: -22.2307 | bc_loss: 0.7468 | alpha_loss: 62.6715 | alpha: 0.0803
2025-12-12 17:50:37 [INFO] E2E_Teleoperation.E2E_RL.sac_training_algorithm - [Stage3_SAC] Step 33400 | critic_loss: 0.5891 | q1_mean: 246.0230 | actor_loss: -23.6556 | bc_loss: 0.6809 | alpha_loss: 62.9317 | alpha: 0.0815
2025-12-12 17:50:39 [INFO] E2E_Teleoperation.E2E_RL.sac_training_algorithm - [Stage3_SAC] Step 33500 | critic_loss: 0.7556 | q1_mean: 236.7849 | actor_loss: -22.7522 | bc_loss: 0.6640 | alpha_loss: 63.1677 | alpha: 0.0826
2025-12-12 17:50:40 [INFO] E2E_Teleoperation.E2E_RL.sac_training_algorithm - [Stage3_SAC] Step 33600 | critic_loss: 0.2684 | q1_mean: 238.1179 | actor_loss: -23.0583 | bc_loss: 0.4984 | alpha_loss: 62.0252 | alpha: 0.0838
2025-12-12 17:50:42 [INFO] E2E_Teleoperation.E2E_RL.sac_training_algorithm - [Stage3_SAC] Step 33700 | critic_loss: 1.9944 | q1_mean: 238.3714 | actor_loss: -22.3808 | bc_loss: 1.1637 | alpha_loss: 61.6803 | alpha: 0.0850
2025-12-12 17:50:43 [INFO] E2E_Teleoperation.E2E_RL.sac_training_algorithm - [Stage3_SAC] Step 33800 | critic_loss: 2.0062 | q1_mean: 240.7083 | actor_loss: -19.4766 | bc_loss: 4.3610 | alpha_loss: 60.1258 | alpha: 0.0862
2025-12-12 17:50:45 [INFO] E2E_Teleoperation.E2E_RL.sac_training_algorithm - [Stage3_SAC] Step 33900 | critic_loss: 0.8701 | q1_mean: 235.7067 | actor_loss: -22.8610 | bc_loss: 0.4851 | alpha_loss: 60.4332 | alpha: 0.0875
2025-12-12 17:50:46 [INFO] E2E_Teleoperation.E2E_RL.sac_training_algorithm - [Stage3_SAC] Step 34000 | critic_loss: 1.0262 | q1_mean: 247.6119 | actor_loss: -23.9461 | bc_loss: 0.5597 | alpha_loss: 60.0233 | alpha: 0.0887
2025-12-12 17:50:48 [INFO] E2E_Teleoperation.E2E_RL.sac_training_algorithm - [Stage3_SAC] Step 34100 | critic_loss: 4.9592 | q1_mean: 241.5344 | actor_loss: -23.2073 | bc_loss: 0.6264 | alpha_loss: 61.5851 | alpha: 0.0900
2025-12-12 17:50:49 [INFO] E2E_Teleoperation.E2E_RL.sac_training_algorithm - [Stage3_SAC] Step 34200 | critic_loss: 2.1393 | q1_mean: 239.9509 | actor_loss: -22.6567 | bc_loss: 0.8167 | alpha_loss: 59.8868 | alpha: 0.0913
2025-12-12 17:50:51 [INFO] E2E_Teleoperation.E2E_RL.sac_training_algorithm - [Stage3_SAC] Step 34300 | critic_loss: 1.4391 | q1_mean: 238.9596 | actor_loss: -17.7498 | bc_loss: 5.7430 | alpha_loss: 56.6395 | alpha: 0.0926
2025-12-12 17:50:52 [INFO] E2E_Teleoperation.E2E_RL.sac_training_algorithm - [Stage3_SAC] Step 34400 | critic_loss: 4.3502 | q1_mean: 236.5612 | actor_loss: -22.7744 | bc_loss: 0.6498 | alpha_loss: 56.4606 | alpha: 0.0939
2025-12-12 17:50:53 [INFO] E2E_Teleoperation.E2E_RL.sac_training_algorithm - [Stage3_SAC] Step 34500 | critic_loss: 7.4989 | q1_mean: 237.7939 | actor_loss: -22.5512 | bc_loss: 0.5997 | alpha_loss: 55.2716 | alpha: 0.0952
2025-12-12 17:50:56 [INFO] E2E_Teleoperation.E2E_RL.sac_training_algorithm - [Stage3_SAC] Step 34600 | critic_loss: 5.3382 | q1_mean: 238.1452 | actor_loss: -22.9544 | bc_loss: 0.6426 | alpha_loss: 54.3182 | alpha: 0.0966
2025-12-12 17:50:57 [INFO] E2E_Teleoperation.E2E_RL.sac_training_algorithm - [Stage3_SAC] Step 34700 | critic_loss: 3.1055 | q1_mean: 246.3160 | actor_loss: -22.6600 | bc_loss: 1.4308 | alpha_loss: 56.1288 | alpha: 0.0979
2025-12-12 17:50:59 [INFO] E2E_Teleoperation.E2E_RL.sac_training_algorithm - [Stage3_SAC] Step 34800 | critic_loss: 2.6143 | q1_mean: 239.3994 | actor_loss: -22.8206 | bc_loss: 0.6241 | alpha_loss: 54.3336 | alpha: 0.0993
2025-12-12 17:51:01 [INFO] E2E_Teleoperation.E2E_RL.sac_training_algorithm - [Stage3_SAC] Step 34900 | critic_loss: 0.4870 | q1_mean: 246.1778 | actor_loss: -23.8185 | bc_loss: 0.5467 | alpha_loss: 53.7953 | alpha: 0.1007
2025-12-12 17:51:02 [INFO] E2E_Teleoperation.E2E_RL.sac_training_algorithm - [Stage3_SAC] Step 35000 | critic_loss: 0.5665 | q1_mean: 241.8748 | actor_loss: -23.3370 | bc_loss: 0.5600 | alpha_loss: 54.2891 | alpha: 0.1021
2025-12-12 17:51:03 [INFO] E2E_Teleoperation.E2E_RL.sac_training_algorithm - [Stage3_SAC] Step 35100 | critic_loss: 1.6227 | q1_mean: 245.8223 | actor_loss: -23.8670 | bc_loss: 0.5084 | alpha_loss: 52.6857 | alpha: 0.1035
2025-12-12 17:51:05 [INFO] E2E_Teleoperation.E2E_RL.sac_training_algorithm - [Stage3_SAC] Step 35200 | critic_loss: 4.6632 | q1_mean: 251.3030 | actor_loss: -23.5919 | bc_loss: 1.0227 | alpha_loss: 53.3418 | alpha: 0.1050
2025-12-12 17:51:06 [INFO] E2E_Teleoperation.E2E_RL.sac_training_algorithm - [Stage3_SAC] Step 35300 | critic_loss: 2.8594 | q1_mean: 246.1805 | actor_loss: -23.8158 | bc_loss: 0.5130 | alpha_loss: 51.0406 | alpha: 0.1065
2025-12-12 17:51:08 [INFO] E2E_Teleoperation.E2E_RL.sac_training_algorithm - [Stage3_SAC] Step 35400 | critic_loss: 2.4655 | q1_mean: 244.4968 | actor_loss: -23.6475 | bc_loss: 0.5633 | alpha_loss: 50.2404 | alpha: 0.1080
2025-12-12 17:51:09 [INFO] E2E_Teleoperation.E2E_RL.sac_training_algorithm - [Stage3_SAC] Step 35500 | critic_loss: 0.8720 | q1_mean: 247.3385 | actor_loss: -23.7652 | bc_loss: 0.6680 | alpha_loss: 51.0718 | alpha: 0.1095
2025-12-12 17:51:12 [INFO] E2E_Teleoperation.E2E_RL.sac_training_algorithm - [Stage3_SAC] Step 35600 | critic_loss: 5.6558 | q1_mean: 244.4811 | actor_loss: -23.4045 | bc_loss: 0.6265 | alpha_loss: 50.0920 | alpha: 0.1110
2025-12-12 17:51:13 [INFO] E2E_Teleoperation.E2E_RL.sac_training_algorithm - [Stage3_SAC] Step 35700 | critic_loss: 2.5055 | q1_mean: 249.9608 | actor_loss: -23.9854 | bc_loss: 0.6209 | alpha_loss: 50.3989 | alpha: 0.1126
2025-12-12 17:51:15 [INFO] E2E_Teleoperation.E2E_RL.sac_training_algorithm - [Stage3_SAC] Step 35800 | critic_loss: 0.9165 | q1_mean: 249.6093 | actor_loss: -24.0786 | bc_loss: 0.6158 | alpha_loss: 50.3783 | alpha: 0.1142
2025-12-12 17:51:16 [INFO] E2E_Teleoperation.E2E_RL.sac_training_algorithm - [Stage3_SAC] Step 35900 | critic_loss: 1.1191 | q1_mean: 241.8572 | actor_loss: -23.2460 | bc_loss: 0.5508 | alpha_loss: 48.8416 | alpha: 0.1158
2025-12-12 17:51:18 [INFO] E2E_Teleoperation.E2E_RL.sac_training_algorithm - [Stage3_SAC] Step 36000 | critic_loss: 3.6775 | q1_mean: 248.8338 | actor_loss: -23.9113 | bc_loss: 0.5738 | alpha_loss: 47.9610 | alpha: 0.1174
2025-12-12 17:51:19 [INFO] E2E_Teleoperation.E2E_RL.sac_training_algorithm - [Stage3_SAC] Step 36100 | critic_loss: 1.2742 | q1_mean: 249.2397 | actor_loss: -23.3641 | bc_loss: 1.1793 | alpha_loss: 49.1327 | alpha: 0.1191
2025-12-12 17:51:21 [INFO] E2E_Teleoperation.E2E_RL.sac_training_algorithm - [Stage3_SAC] Step 36200 | critic_loss: 1.6354 | q1_mean: 249.9018 | actor_loss: -24.0729 | bc_loss: 0.5819 | alpha_loss: 49.3876 | alpha: 0.1207
2025-12-12 17:51:23 [INFO] E2E_Teleoperation.E2E_RL.sac_training_algorithm - [Stage3_SAC] Step 36300 | critic_loss: 0.5708 | q1_mean: 245.0352 | actor_loss: -23.7276 | bc_loss: 0.5290 | alpha_loss: 46.8168 | alpha: 0.1224
2025-12-12 17:51:25 [INFO] E2E_Teleoperation.E2E_RL.sac_training_algorithm - [Stage3_SAC] Step 36400 | critic_loss: 1.1567 | q1_mean: 246.7482 | actor_loss: -23.8028 | bc_loss: 0.5338 | alpha_loss: 48.4851 | alpha: 0.1242
2025-12-12 17:51:26 [INFO] E2E_Teleoperation.E2E_RL.sac_training_algorithm - [Stage3_SAC] Step 36500 | critic_loss: 0.9976 | q1_mean: 247.6283 | actor_loss: -23.8355 | bc_loss: 0.5979 | alpha_loss: 47.0199 | alpha: 0.1259
2025-12-12 17:51:28 [INFO] E2E_Teleoperation.E2E_RL.sac_training_algorithm - [Stage3_SAC] Step 36600 | critic_loss: 0.8350 | q1_mean: 255.5096 | actor_loss: -24.6106 | bc_loss: 0.6290 | alpha_loss: 47.1572 | alpha: 0.1277
2025-12-12 17:51:30 [INFO] E2E_Teleoperation.E2E_RL.sac_training_algorithm - [Stage3_SAC] Step 36700 | critic_loss: 0.6458 | q1_mean: 252.1963 | actor_loss: -24.2685 | bc_loss: 0.6011 | alpha_loss: 44.9694 | alpha: 0.1295
2025-12-12 17:51:32 [INFO] E2E_Teleoperation.E2E_RL.sac_training_algorithm - [Stage3_SAC] Step 36800 | critic_loss: 1.1185 | q1_mean: 250.0186 | actor_loss: -24.0533 | bc_loss: 0.5336 | alpha_loss: 44.8967 | alpha: 0.1313
2025-12-12 17:51:33 [INFO] E2E_Teleoperation.E2E_RL.sac_training_algorithm - [Stage3_SAC] Step 36900 | critic_loss: 1.6937 | q1_mean: 252.3362 | actor_loss: -23.7073 | bc_loss: 1.0437 | alpha_loss: 44.9034 | alpha: 0.1332
2025-12-12 17:51:35 [INFO] E2E_Teleoperation.E2E_RL.sac_training_algorithm - [Stage3_SAC] Step 37000 | critic_loss: 1.6364 | q1_mean: 253.3405 | actor_loss: -24.4189 | bc_loss: 0.6692 | alpha_loss: 43.1733 | alpha: 0.1350
2025-12-12 17:51:36 [WARNING] __main__ - Training interrupted by user.
