[0.132s] DEBUG:colcon:Command line arguments: ['/usr/bin/colcon', 'build', '--packages-select', 'Reinforcement_Learning_In_Teleoperation']
[0.132s] DEBUG:colcon:Parsed command line arguments: Namespace(log_base=None, log_level=None, verb_name='build', build_base='build', install_base='install', merge_install=False, symlink_install=False, test_result_base=None, continue_on_error=False, executor='parallel', parallel_workers=9, event_handlers=None, ignore_user_meta=False, metas=['./colcon.meta'], base_paths=['.'], packages_ignore=None, packages_ignore_regex=None, paths=None, packages_up_to=None, packages_up_to_regex=None, packages_above=None, packages_above_and_dependencies=None, packages_above_depth=None, packages_select_by_dep=None, packages_skip_by_dep=None, packages_skip_up_to=None, packages_select_build_failed=False, packages_skip_build_finished=False, packages_select_test_failures=False, packages_skip_test_passed=False, packages_select=['Reinforcement_Learning_In_Teleoperation'], packages_skip=None, packages_select_regex=None, packages_skip_regex=None, packages_start=None, packages_end=None, allow_overriding=[], cmake_args=None, cmake_target=None, cmake_target_skip_unavailable=False, cmake_clean_cache=False, cmake_clean_first=False, cmake_force_configure=False, ament_cmake_args=None, catkin_cmake_args=None, catkin_skip_building_tests=False, mixin_files=None, mixin=None, verb_parser=<colcon_mixin.mixin.mixin_argument.MixinArgumentDecorator object at 0x7fa39f72df00>, verb_extension=<colcon_core.verb.build.BuildVerb object at 0x7fa39f72d870>, main=<bound method BuildVerb.main of <colcon_core.verb.build.BuildVerb object at 0x7fa39f72d870>>, mixin_verb=('build',))
[0.392s] Level 1:colcon.colcon_core.package_discovery:discover_packages(colcon_meta) check parameters
[0.392s] Level 1:colcon.colcon_core.package_discovery:discover_packages(recursive) check parameters
[0.392s] Level 1:colcon.colcon_core.package_discovery:discover_packages(ignore) check parameters
[0.392s] Level 1:colcon.colcon_core.package_discovery:discover_packages(path) check parameters
[0.392s] Level 1:colcon.colcon_core.package_discovery:discover_packages(colcon_meta) discover
[0.392s] Level 1:colcon.colcon_core.package_discovery:discover_packages(recursive) discover
[0.392s] INFO:colcon.colcon_core.package_discovery:Crawling recursively for packages in '/media/kai/Kai_Backup/Master_Study/Master_Thesis/Implementation/libfranka_ws'
[0.392s] Level 1:colcon.colcon_core.package_identification:_identify(.) by extensions ['ignore', 'ignore_ament_install']
[0.392s] Level 1:colcon.colcon_core.package_identification:_identify(.) by extension 'ignore'
[0.393s] Level 1:colcon.colcon_core.package_identification:_identify(.) by extension 'ignore_ament_install'
[0.393s] Level 1:colcon.colcon_core.package_identification:_identify(.) by extensions ['colcon_pkg']
[0.393s] Level 1:colcon.colcon_core.package_identification:_identify(.) by extension 'colcon_pkg'
[0.393s] Level 1:colcon.colcon_core.package_identification:_identify(.) by extensions ['colcon_meta']
[0.393s] Level 1:colcon.colcon_core.package_identification:_identify(.) by extension 'colcon_meta'
[0.393s] Level 1:colcon.colcon_core.package_identification:_identify(.) by extensions ['ros']
[0.393s] Level 1:colcon.colcon_core.package_identification:_identify(.) by extension 'ros'
[0.438s] Level 1:colcon.colcon_core.package_identification:_identify(.) by extensions ['cmake', 'python']
[0.438s] Level 1:colcon.colcon_core.package_identification:_identify(.) by extension 'cmake'
[0.438s] Level 1:colcon.colcon_core.package_identification:_identify(.) by extension 'python'
[0.438s] Level 1:colcon.colcon_core.package_identification:_identify(.) by extensions ['python_setup_py']
[0.438s] Level 1:colcon.colcon_core.package_identification:_identify(.) by extension 'python_setup_py'
[0.439s] Level 1:colcon.colcon_core.package_identification:_identify(build) by extensions ['ignore', 'ignore_ament_install']
[0.439s] Level 1:colcon.colcon_core.package_identification:_identify(build) by extension 'ignore'
[0.439s] Level 1:colcon.colcon_core.package_identification:_identify(build) ignored
[0.439s] Level 1:colcon.colcon_core.package_identification:_identify(bullet3) by extensions ['ignore', 'ignore_ament_install']
[0.439s] Level 1:colcon.colcon_core.package_identification:_identify(bullet3) by extension 'ignore'
[0.439s] Level 1:colcon.colcon_core.package_identification:_identify(bullet3) by extension 'ignore_ament_install'
[0.439s] Level 1:colcon.colcon_core.package_identification:_identify(bullet3) by extensions ['colcon_pkg']
[0.439s] Level 1:colcon.colcon_core.package_identification:_identify(bullet3) by extension 'colcon_pkg'
[0.439s] Level 1:colcon.colcon_core.package_identification:_identify(bullet3) by extensions ['colcon_meta']
[0.440s] Level 1:colcon.colcon_core.package_identification:_identify(bullet3) by extension 'colcon_meta'
[0.440s] Level 1:colcon.colcon_core.package_identification:_identify(bullet3) by extensions ['ros']
[0.440s] Level 1:colcon.colcon_core.package_identification:_identify(bullet3) by extension 'ros'
[0.440s] Level 1:colcon.colcon_core.package_identification:_identify(bullet3) by extensions ['cmake', 'python']
[0.440s] Level 1:colcon.colcon_core.package_identification:_identify(bullet3) by extension 'cmake'
[0.608s] Level 1:colcon.colcon_core.package_identification:_identify(bullet3) by extension 'python'
[0.608s] DEBUG:colcon.colcon_core.package_identification:Package 'bullet3' with type 'cmake' and name 'BULLET_PHYSICS'
[0.608s] Level 1:colcon.colcon_core.package_identification:_identify(install) by extensions ['ignore', 'ignore_ament_install']
[0.608s] Level 1:colcon.colcon_core.package_identification:_identify(install) by extension 'ignore'
[0.608s] Level 1:colcon.colcon_core.package_identification:_identify(install) ignored
[0.609s] Level 1:colcon.colcon_core.package_identification:_identify(log) by extensions ['ignore', 'ignore_ament_install']
[0.609s] Level 1:colcon.colcon_core.package_identification:_identify(log) by extension 'ignore'
[0.609s] Level 1:colcon.colcon_core.package_identification:_identify(log) ignored
[0.609s] Level 1:colcon.colcon_core.package_identification:_identify(src) by extensions ['ignore', 'ignore_ament_install']
[0.609s] Level 1:colcon.colcon_core.package_identification:_identify(src) by extension 'ignore'
[0.609s] Level 1:colcon.colcon_core.package_identification:_identify(src) by extension 'ignore_ament_install'
[0.609s] Level 1:colcon.colcon_core.package_identification:_identify(src) by extensions ['colcon_pkg']
[0.609s] Level 1:colcon.colcon_core.package_identification:_identify(src) by extension 'colcon_pkg'
[0.609s] Level 1:colcon.colcon_core.package_identification:_identify(src) by extensions ['colcon_meta']
[0.609s] Level 1:colcon.colcon_core.package_identification:_identify(src) by extension 'colcon_meta'
[0.610s] Level 1:colcon.colcon_core.package_identification:_identify(src) by extensions ['ros']
[0.610s] Level 1:colcon.colcon_core.package_identification:_identify(src) by extension 'ros'
[0.610s] Level 1:colcon.colcon_core.package_identification:_identify(src) by extensions ['cmake', 'python']
[0.610s] Level 1:colcon.colcon_core.package_identification:_identify(src) by extension 'cmake'
[0.610s] Level 1:colcon.colcon_core.package_identification:_identify(src) by extension 'python'
[0.610s] Level 1:colcon.colcon_core.package_identification:_identify(src) by extensions ['python_setup_py']
[0.610s] Level 1:colcon.colcon_core.package_identification:_identify(src) by extension 'python_setup_py'
[0.610s] Level 1:colcon.colcon_core.package_identification:_identify(src/Hierarchical_Reinforcement_Learning_for_Adaptive_Control_Under_Stochastic_Network_Delays) by extensions ['ignore', 'ignore_ament_install']
[0.610s] Level 1:colcon.colcon_core.package_identification:_identify(src/Hierarchical_Reinforcement_Learning_for_Adaptive_Control_Under_Stochastic_Network_Delays) by extension 'ignore'
[0.610s] Level 1:colcon.colcon_core.package_identification:_identify(src/Hierarchical_Reinforcement_Learning_for_Adaptive_Control_Under_Stochastic_Network_Delays) by extension 'ignore_ament_install'
[0.611s] Level 1:colcon.colcon_core.package_identification:_identify(src/Hierarchical_Reinforcement_Learning_for_Adaptive_Control_Under_Stochastic_Network_Delays) by extensions ['colcon_pkg']
[0.611s] Level 1:colcon.colcon_core.package_identification:_identify(src/Hierarchical_Reinforcement_Learning_for_Adaptive_Control_Under_Stochastic_Network_Delays) by extension 'colcon_pkg'
[0.611s] Level 1:colcon.colcon_core.package_identification:_identify(src/Hierarchical_Reinforcement_Learning_for_Adaptive_Control_Under_Stochastic_Network_Delays) by extensions ['colcon_meta']
[0.611s] Level 1:colcon.colcon_core.package_identification:_identify(src/Hierarchical_Reinforcement_Learning_for_Adaptive_Control_Under_Stochastic_Network_Delays) by extension 'colcon_meta'
[0.611s] Level 1:colcon.colcon_core.package_identification:_identify(src/Hierarchical_Reinforcement_Learning_for_Adaptive_Control_Under_Stochastic_Network_Delays) by extensions ['ros']
[0.611s] Level 1:colcon.colcon_core.package_identification:_identify(src/Hierarchical_Reinforcement_Learning_for_Adaptive_Control_Under_Stochastic_Network_Delays) by extension 'ros'
[0.615s] DEBUG:colcon.colcon_core.package_identification:Package 'src/Hierarchical_Reinforcement_Learning_for_Adaptive_Control_Under_Stochastic_Network_Delays' with type 'ros.ament_python' and name 'Hierarchical_Reinforcement_Learning_for_Adaptive_Control_Under_Stochastic_Network_Delays'
[0.615s] Level 1:colcon.colcon_core.package_identification:_identify(src/Model_based_Reinforcement_Learning_In_Teleoperation) by extensions ['ignore', 'ignore_ament_install']
[0.615s] Level 1:colcon.colcon_core.package_identification:_identify(src/Model_based_Reinforcement_Learning_In_Teleoperation) by extension 'ignore'
[0.615s] Level 1:colcon.colcon_core.package_identification:_identify(src/Model_based_Reinforcement_Learning_In_Teleoperation) by extension 'ignore_ament_install'
[0.615s] Level 1:colcon.colcon_core.package_identification:_identify(src/Model_based_Reinforcement_Learning_In_Teleoperation) by extensions ['colcon_pkg']
[0.615s] Level 1:colcon.colcon_core.package_identification:_identify(src/Model_based_Reinforcement_Learning_In_Teleoperation) by extension 'colcon_pkg'
[0.615s] Level 1:colcon.colcon_core.package_identification:_identify(src/Model_based_Reinforcement_Learning_In_Teleoperation) by extensions ['colcon_meta']
[0.615s] Level 1:colcon.colcon_core.package_identification:_identify(src/Model_based_Reinforcement_Learning_In_Teleoperation) by extension 'colcon_meta'
[0.615s] Level 1:colcon.colcon_core.package_identification:_identify(src/Model_based_Reinforcement_Learning_In_Teleoperation) by extensions ['ros']
[0.615s] Level 1:colcon.colcon_core.package_identification:_identify(src/Model_based_Reinforcement_Learning_In_Teleoperation) by extension 'ros'
[0.616s] DEBUG:colcon.colcon_core.package_identification:Package 'src/Model_based_Reinforcement_Learning_In_Teleoperation' with type 'ros.ament_python' and name 'Model_based_Reinforcement_Learning_In_Teleoperation'
[0.617s] Level 1:colcon.colcon_core.package_identification:_identify(src/Reinforcement_Learning_In_Teleoperation) by extensions ['ignore', 'ignore_ament_install']
[0.617s] Level 1:colcon.colcon_core.package_identification:_identify(src/Reinforcement_Learning_In_Teleoperation) by extension 'ignore'
[0.617s] Level 1:colcon.colcon_core.package_identification:_identify(src/Reinforcement_Learning_In_Teleoperation) by extension 'ignore_ament_install'
[0.617s] Level 1:colcon.colcon_core.package_identification:_identify(src/Reinforcement_Learning_In_Teleoperation) by extensions ['colcon_pkg']
[0.617s] Level 1:colcon.colcon_core.package_identification:_identify(src/Reinforcement_Learning_In_Teleoperation) by extension 'colcon_pkg'
[0.617s] Level 1:colcon.colcon_core.package_identification:_identify(src/Reinforcement_Learning_In_Teleoperation) by extensions ['colcon_meta']
[0.617s] Level 1:colcon.colcon_core.package_identification:_identify(src/Reinforcement_Learning_In_Teleoperation) by extension 'colcon_meta'
[0.617s] Level 1:colcon.colcon_core.package_identification:_identify(src/Reinforcement_Learning_In_Teleoperation) by extensions ['ros']
[0.617s] Level 1:colcon.colcon_core.package_identification:_identify(src/Reinforcement_Learning_In_Teleoperation) by extension 'ros'
[0.618s] DEBUG:colcon.colcon_core.package_identification:Package 'src/Reinforcement_Learning_In_Teleoperation' with type 'ros.ament_python' and name 'Reinforcement_Learning_In_Teleoperation'
[0.619s] Level 1:colcon.colcon_core.package_identification:_identify(src/mujoco_ros_pkgs) by extensions ['ignore', 'ignore_ament_install']
[0.619s] Level 1:colcon.colcon_core.package_identification:_identify(src/mujoco_ros_pkgs) by extension 'ignore'
[0.619s] Level 1:colcon.colcon_core.package_identification:_identify(src/mujoco_ros_pkgs) by extension 'ignore_ament_install'
[0.619s] Level 1:colcon.colcon_core.package_identification:_identify(src/mujoco_ros_pkgs) by extensions ['colcon_pkg']
[0.619s] Level 1:colcon.colcon_core.package_identification:_identify(src/mujoco_ros_pkgs) by extension 'colcon_pkg'
[0.619s] Level 1:colcon.colcon_core.package_identification:_identify(src/mujoco_ros_pkgs) by extensions ['colcon_meta']
[0.619s] Level 1:colcon.colcon_core.package_identification:_identify(src/mujoco_ros_pkgs) by extension 'colcon_meta'
[0.619s] Level 1:colcon.colcon_core.package_identification:_identify(src/mujoco_ros_pkgs) by extensions ['ros']
[0.619s] Level 1:colcon.colcon_core.package_identification:_identify(src/mujoco_ros_pkgs) by extension 'ros'
[0.619s] Level 1:colcon.colcon_core.package_identification:_identify(src/mujoco_ros_pkgs) by extensions ['cmake', 'python']
[0.619s] Level 1:colcon.colcon_core.package_identification:_identify(src/mujoco_ros_pkgs) by extension 'cmake'
[0.619s] Level 1:colcon.colcon_core.package_identification:_identify(src/mujoco_ros_pkgs) by extension 'python'
[0.619s] Level 1:colcon.colcon_core.package_identification:_identify(src/mujoco_ros_pkgs) by extensions ['python_setup_py']
[0.619s] Level 1:colcon.colcon_core.package_identification:_identify(src/mujoco_ros_pkgs) by extension 'python_setup_py'
[0.620s] Level 1:colcon.colcon_core.package_identification:_identify(src/mujoco_ros_pkgs/mujoco_ros) by extensions ['ignore', 'ignore_ament_install']
[0.620s] Level 1:colcon.colcon_core.package_identification:_identify(src/mujoco_ros_pkgs/mujoco_ros) by extension 'ignore'
[0.620s] Level 1:colcon.colcon_core.package_identification:_identify(src/mujoco_ros_pkgs/mujoco_ros) by extension 'ignore_ament_install'
[0.620s] Level 1:colcon.colcon_core.package_identification:_identify(src/mujoco_ros_pkgs/mujoco_ros) by extensions ['colcon_pkg']
[0.620s] Level 1:colcon.colcon_core.package_identification:_identify(src/mujoco_ros_pkgs/mujoco_ros) by extension 'colcon_pkg'
[0.620s] Level 1:colcon.colcon_core.package_identification:_identify(src/mujoco_ros_pkgs/mujoco_ros) by extensions ['colcon_meta']
[0.620s] Level 1:colcon.colcon_core.package_identification:_identify(src/mujoco_ros_pkgs/mujoco_ros) by extension 'colcon_meta'
[0.620s] Level 1:colcon.colcon_core.package_identification:_identify(src/mujoco_ros_pkgs/mujoco_ros) by extensions ['ros']
[0.620s] Level 1:colcon.colcon_core.package_identification:_identify(src/mujoco_ros_pkgs/mujoco_ros) by extension 'ros'
[0.632s] DEBUG:colcon.colcon_core.package_identification:Package 'src/mujoco_ros_pkgs/mujoco_ros' with type 'ros.ament_cmake' and name 'mujoco_ros'
[0.632s] Level 1:colcon.colcon_core.package_identification:_identify(src/mujoco_ros_pkgs/mujoco_ros2_control) by extensions ['ignore', 'ignore_ament_install']
[0.633s] Level 1:colcon.colcon_core.package_identification:_identify(src/mujoco_ros_pkgs/mujoco_ros2_control) by extension 'ignore'
[0.633s] Level 1:colcon.colcon_core.package_identification:_identify(src/mujoco_ros_pkgs/mujoco_ros2_control) by extension 'ignore_ament_install'
[0.633s] Level 1:colcon.colcon_core.package_identification:_identify(src/mujoco_ros_pkgs/mujoco_ros2_control) by extensions ['colcon_pkg']
[0.633s] Level 1:colcon.colcon_core.package_identification:_identify(src/mujoco_ros_pkgs/mujoco_ros2_control) by extension 'colcon_pkg'
[0.633s] Level 1:colcon.colcon_core.package_identification:_identify(src/mujoco_ros_pkgs/mujoco_ros2_control) by extensions ['colcon_meta']
[0.633s] Level 1:colcon.colcon_core.package_identification:_identify(src/mujoco_ros_pkgs/mujoco_ros2_control) by extension 'colcon_meta'
[0.633s] Level 1:colcon.colcon_core.package_identification:_identify(src/mujoco_ros_pkgs/mujoco_ros2_control) by extensions ['ros']
[0.633s] Level 1:colcon.colcon_core.package_identification:_identify(src/mujoco_ros_pkgs/mujoco_ros2_control) by extension 'ros'
[0.635s] DEBUG:colcon.colcon_core.package_identification:Package 'src/mujoco_ros_pkgs/mujoco_ros2_control' with type 'ros.ament_cmake' and name 'mujoco_ros2_control'
[0.635s] Level 1:colcon.colcon_core.package_identification:_identify(src/mujoco_ros_pkgs/mujoco_ros2_control_system) by extensions ['ignore', 'ignore_ament_install']
[0.635s] Level 1:colcon.colcon_core.package_identification:_identify(src/mujoco_ros_pkgs/mujoco_ros2_control_system) by extension 'ignore'
[0.635s] Level 1:colcon.colcon_core.package_identification:_identify(src/mujoco_ros_pkgs/mujoco_ros2_control_system) by extension 'ignore_ament_install'
[0.635s] Level 1:colcon.colcon_core.package_identification:_identify(src/mujoco_ros_pkgs/mujoco_ros2_control_system) by extensions ['colcon_pkg']
[0.635s] Level 1:colcon.colcon_core.package_identification:_identify(src/mujoco_ros_pkgs/mujoco_ros2_control_system) by extension 'colcon_pkg'
[0.635s] Level 1:colcon.colcon_core.package_identification:_identify(src/mujoco_ros_pkgs/mujoco_ros2_control_system) by extensions ['colcon_meta']
[0.635s] Level 1:colcon.colcon_core.package_identification:_identify(src/mujoco_ros_pkgs/mujoco_ros2_control_system) by extension 'colcon_meta'
[0.635s] Level 1:colcon.colcon_core.package_identification:_identify(src/mujoco_ros_pkgs/mujoco_ros2_control_system) by extensions ['ros']
[0.636s] Level 1:colcon.colcon_core.package_identification:_identify(src/mujoco_ros_pkgs/mujoco_ros2_control_system) by extension 'ros'
[0.637s] DEBUG:colcon.colcon_core.package_identification:Package 'src/mujoco_ros_pkgs/mujoco_ros2_control_system' with type 'ros.ament_cmake' and name 'mujoco_ros2_control_system'
[0.637s] Level 1:colcon.colcon_core.package_identification:_identify(src/mujoco_ros_pkgs/mujoco_ros2_dummy_plugin) by extensions ['ignore', 'ignore_ament_install']
[0.637s] Level 1:colcon.colcon_core.package_identification:_identify(src/mujoco_ros_pkgs/mujoco_ros2_dummy_plugin) by extension 'ignore'
[0.637s] Level 1:colcon.colcon_core.package_identification:_identify(src/mujoco_ros_pkgs/mujoco_ros2_dummy_plugin) by extension 'ignore_ament_install'
[0.637s] Level 1:colcon.colcon_core.package_identification:_identify(src/mujoco_ros_pkgs/mujoco_ros2_dummy_plugin) by extensions ['colcon_pkg']
[0.637s] Level 1:colcon.colcon_core.package_identification:_identify(src/mujoco_ros_pkgs/mujoco_ros2_dummy_plugin) by extension 'colcon_pkg'
[0.637s] Level 1:colcon.colcon_core.package_identification:_identify(src/mujoco_ros_pkgs/mujoco_ros2_dummy_plugin) by extensions ['colcon_meta']
[0.637s] Level 1:colcon.colcon_core.package_identification:_identify(src/mujoco_ros_pkgs/mujoco_ros2_dummy_plugin) by extension 'colcon_meta'
[0.638s] Level 1:colcon.colcon_core.package_identification:_identify(src/mujoco_ros_pkgs/mujoco_ros2_dummy_plugin) by extensions ['ros']
[0.638s] Level 1:colcon.colcon_core.package_identification:_identify(src/mujoco_ros_pkgs/mujoco_ros2_dummy_plugin) by extension 'ros'
[0.639s] DEBUG:colcon.colcon_core.package_identification:Package 'src/mujoco_ros_pkgs/mujoco_ros2_dummy_plugin' with type 'ros.ament_cmake' and name 'mujoco_ros2_dummy_plugin'
[0.639s] Level 1:colcon.colcon_core.package_identification:_identify(src/mujoco_ros_pkgs/mujoco_ros2_sensors) by extensions ['ignore', 'ignore_ament_install']
[0.639s] Level 1:colcon.colcon_core.package_identification:_identify(src/mujoco_ros_pkgs/mujoco_ros2_sensors) by extension 'ignore'
[0.639s] Level 1:colcon.colcon_core.package_identification:_identify(src/mujoco_ros_pkgs/mujoco_ros2_sensors) by extension 'ignore_ament_install'
[0.639s] Level 1:colcon.colcon_core.package_identification:_identify(src/mujoco_ros_pkgs/mujoco_ros2_sensors) by extensions ['colcon_pkg']
[0.639s] Level 1:colcon.colcon_core.package_identification:_identify(src/mujoco_ros_pkgs/mujoco_ros2_sensors) by extension 'colcon_pkg'
[0.640s] Level 1:colcon.colcon_core.package_identification:_identify(src/mujoco_ros_pkgs/mujoco_ros2_sensors) by extensions ['colcon_meta']
[0.640s] Level 1:colcon.colcon_core.package_identification:_identify(src/mujoco_ros_pkgs/mujoco_ros2_sensors) by extension 'colcon_meta'
[0.640s] Level 1:colcon.colcon_core.package_identification:_identify(src/mujoco_ros_pkgs/mujoco_ros2_sensors) by extensions ['ros']
[0.640s] Level 1:colcon.colcon_core.package_identification:_identify(src/mujoco_ros_pkgs/mujoco_ros2_sensors) by extension 'ros'
[0.642s] DEBUG:colcon.colcon_core.package_identification:Package 'src/mujoco_ros_pkgs/mujoco_ros2_sensors' with type 'ros.ament_cmake' and name 'mujoco_ros2_sensors'
[0.642s] Level 1:colcon.colcon_core.package_identification:_identify(src/mujoco_ros_pkgs/mujoco_ros_control) by extensions ['ignore', 'ignore_ament_install']
[0.642s] Level 1:colcon.colcon_core.package_identification:_identify(src/mujoco_ros_pkgs/mujoco_ros_control) by extension 'ignore'
[0.642s] Level 1:colcon.colcon_core.package_identification:_identify(src/mujoco_ros_pkgs/mujoco_ros_control) ignored
[0.642s] Level 1:colcon.colcon_core.package_identification:_identify(src/mujoco_ros_pkgs/mujoco_ros_laser) by extensions ['ignore', 'ignore_ament_install']
[0.642s] Level 1:colcon.colcon_core.package_identification:_identify(src/mujoco_ros_pkgs/mujoco_ros_laser) by extension 'ignore'
[0.643s] Level 1:colcon.colcon_core.package_identification:_identify(src/mujoco_ros_pkgs/mujoco_ros_laser) ignored
[0.643s] Level 1:colcon.colcon_core.package_identification:_identify(src/mujoco_ros_pkgs/mujoco_ros_mocap_plugin) by extensions ['ignore', 'ignore_ament_install']
[0.643s] Level 1:colcon.colcon_core.package_identification:_identify(src/mujoco_ros_pkgs/mujoco_ros_mocap_plugin) by extension 'ignore'
[0.643s] Level 1:colcon.colcon_core.package_identification:_identify(src/mujoco_ros_pkgs/mujoco_ros_mocap_plugin) ignored
[0.643s] Level 1:colcon.colcon_core.package_identification:_identify(src/mujoco_ros_pkgs/mujoco_ros_msgs) by extensions ['ignore', 'ignore_ament_install']
[0.643s] Level 1:colcon.colcon_core.package_identification:_identify(src/mujoco_ros_pkgs/mujoco_ros_msgs) by extension 'ignore'
[0.643s] Level 1:colcon.colcon_core.package_identification:_identify(src/mujoco_ros_pkgs/mujoco_ros_msgs) by extension 'ignore_ament_install'
[0.643s] Level 1:colcon.colcon_core.package_identification:_identify(src/mujoco_ros_pkgs/mujoco_ros_msgs) by extensions ['colcon_pkg']
[0.643s] Level 1:colcon.colcon_core.package_identification:_identify(src/mujoco_ros_pkgs/mujoco_ros_msgs) by extension 'colcon_pkg'
[0.644s] Level 1:colcon.colcon_core.package_identification:_identify(src/mujoco_ros_pkgs/mujoco_ros_msgs) by extensions ['colcon_meta']
[0.644s] Level 1:colcon.colcon_core.package_identification:_identify(src/mujoco_ros_pkgs/mujoco_ros_msgs) by extension 'colcon_meta'
[0.644s] Level 1:colcon.colcon_core.package_identification:_identify(src/mujoco_ros_pkgs/mujoco_ros_msgs) by extensions ['ros']
[0.644s] Level 1:colcon.colcon_core.package_identification:_identify(src/mujoco_ros_pkgs/mujoco_ros_msgs) by extension 'ros'
[0.649s] DEBUG:colcon.colcon_core.package_identification:Package 'src/mujoco_ros_pkgs/mujoco_ros_msgs' with type 'ros.ament_cmake' and name 'mujoco_ros_msgs'
[0.649s] Level 1:colcon.colcon_core.package_identification:_identify(src/mujoco_ros_pkgs/mujoco_ros_pkgs) by extensions ['ignore', 'ignore_ament_install']
[0.649s] Level 1:colcon.colcon_core.package_identification:_identify(src/mujoco_ros_pkgs/mujoco_ros_pkgs) by extension 'ignore'
[0.650s] Level 1:colcon.colcon_core.package_identification:_identify(src/mujoco_ros_pkgs/mujoco_ros_pkgs) by extension 'ignore_ament_install'
[0.650s] Level 1:colcon.colcon_core.package_identification:_identify(src/mujoco_ros_pkgs/mujoco_ros_pkgs) by extensions ['colcon_pkg']
[0.650s] Level 1:colcon.colcon_core.package_identification:_identify(src/mujoco_ros_pkgs/mujoco_ros_pkgs) by extension 'colcon_pkg'
[0.650s] Level 1:colcon.colcon_core.package_identification:_identify(src/mujoco_ros_pkgs/mujoco_ros_pkgs) by extensions ['colcon_meta']
[0.650s] Level 1:colcon.colcon_core.package_identification:_identify(src/mujoco_ros_pkgs/mujoco_ros_pkgs) by extension 'colcon_meta'
[0.650s] Level 1:colcon.colcon_core.package_identification:_identify(src/mujoco_ros_pkgs/mujoco_ros_pkgs) by extensions ['ros']
[0.650s] Level 1:colcon.colcon_core.package_identification:_identify(src/mujoco_ros_pkgs/mujoco_ros_pkgs) by extension 'ros'
[0.654s] DEBUG:colcon.colcon_core.package_identification:Package 'src/mujoco_ros_pkgs/mujoco_ros_pkgs' with type 'ros.ament_cmake' and name 'mujoco_ros_pkgs'
[0.655s] Level 1:colcon.colcon_core.package_identification:_identify(src/mujoco_ros_pkgs/mujoco_ros_sensors) by extensions ['ignore', 'ignore_ament_install']
[0.655s] Level 1:colcon.colcon_core.package_identification:_identify(src/mujoco_ros_pkgs/mujoco_ros_sensors) by extension 'ignore'
[0.655s] Level 1:colcon.colcon_core.package_identification:_identify(src/mujoco_ros_pkgs/mujoco_ros_sensors) ignored
[0.655s] Level 1:colcon.colcon_core.package_identification:_identify(src/multipanda_ros2) by extensions ['ignore', 'ignore_ament_install']
[0.655s] Level 1:colcon.colcon_core.package_identification:_identify(src/multipanda_ros2) by extension 'ignore'
[0.655s] Level 1:colcon.colcon_core.package_identification:_identify(src/multipanda_ros2) by extension 'ignore_ament_install'
[0.655s] Level 1:colcon.colcon_core.package_identification:_identify(src/multipanda_ros2) by extensions ['colcon_pkg']
[0.655s] Level 1:colcon.colcon_core.package_identification:_identify(src/multipanda_ros2) by extension 'colcon_pkg'
[0.655s] Level 1:colcon.colcon_core.package_identification:_identify(src/multipanda_ros2) by extensions ['colcon_meta']
[0.655s] Level 1:colcon.colcon_core.package_identification:_identify(src/multipanda_ros2) by extension 'colcon_meta'
[0.655s] Level 1:colcon.colcon_core.package_identification:_identify(src/multipanda_ros2) by extensions ['ros']
[0.655s] Level 1:colcon.colcon_core.package_identification:_identify(src/multipanda_ros2) by extension 'ros'
[0.656s] Level 1:colcon.colcon_core.package_identification:_identify(src/multipanda_ros2) by extensions ['cmake', 'python']
[0.656s] Level 1:colcon.colcon_core.package_identification:_identify(src/multipanda_ros2) by extension 'cmake'
[0.656s] Level 1:colcon.colcon_core.package_identification:_identify(src/multipanda_ros2) by extension 'python'
[0.656s] Level 1:colcon.colcon_core.package_identification:_identify(src/multipanda_ros2) by extensions ['python_setup_py']
[0.656s] Level 1:colcon.colcon_core.package_identification:_identify(src/multipanda_ros2) by extension 'python_setup_py'
[0.656s] Level 1:colcon.colcon_core.package_identification:_identify(src/multipanda_ros2/docs) by extensions ['ignore', 'ignore_ament_install']
[0.656s] Level 1:colcon.colcon_core.package_identification:_identify(src/multipanda_ros2/docs) by extension 'ignore'
[0.656s] Level 1:colcon.colcon_core.package_identification:_identify(src/multipanda_ros2/docs) by extension 'ignore_ament_install'
[0.656s] Level 1:colcon.colcon_core.package_identification:_identify(src/multipanda_ros2/docs) by extensions ['colcon_pkg']
[0.656s] Level 1:colcon.colcon_core.package_identification:_identify(src/multipanda_ros2/docs) by extension 'colcon_pkg'
[0.656s] Level 1:colcon.colcon_core.package_identification:_identify(src/multipanda_ros2/docs) by extensions ['colcon_meta']
[0.656s] Level 1:colcon.colcon_core.package_identification:_identify(src/multipanda_ros2/docs) by extension 'colcon_meta'
[0.656s] Level 1:colcon.colcon_core.package_identification:_identify(src/multipanda_ros2/docs) by extensions ['ros']
[0.656s] Level 1:colcon.colcon_core.package_identification:_identify(src/multipanda_ros2/docs) by extension 'ros'
[0.656s] Level 1:colcon.colcon_core.package_identification:_identify(src/multipanda_ros2/docs) by extensions ['cmake', 'python']
[0.656s] Level 1:colcon.colcon_core.package_identification:_identify(src/multipanda_ros2/docs) by extension 'cmake'
[0.657s] Level 1:colcon.colcon_core.package_identification:_identify(src/multipanda_ros2/docs) by extension 'python'
[0.657s] Level 1:colcon.colcon_core.package_identification:_identify(src/multipanda_ros2/docs) by extensions ['python_setup_py']
[0.657s] Level 1:colcon.colcon_core.package_identification:_identify(src/multipanda_ros2/docs) by extension 'python_setup_py'
[0.657s] Level 1:colcon.colcon_core.package_identification:_identify(src/multipanda_ros2/docs/chapters) by extensions ['ignore', 'ignore_ament_install']
[0.657s] Level 1:colcon.colcon_core.package_identification:_identify(src/multipanda_ros2/docs/chapters) by extension 'ignore'
[0.657s] Level 1:colcon.colcon_core.package_identification:_identify(src/multipanda_ros2/docs/chapters) by extension 'ignore_ament_install'
[0.657s] Level 1:colcon.colcon_core.package_identification:_identify(src/multipanda_ros2/docs/chapters) by extensions ['colcon_pkg']
[0.657s] Level 1:colcon.colcon_core.package_identification:_identify(src/multipanda_ros2/docs/chapters) by extension 'colcon_pkg'
[0.657s] Level 1:colcon.colcon_core.package_identification:_identify(src/multipanda_ros2/docs/chapters) by extensions ['colcon_meta']
[0.657s] Level 1:colcon.colcon_core.package_identification:_identify(src/multipanda_ros2/docs/chapters) by extension 'colcon_meta'
[0.657s] Level 1:colcon.colcon_core.package_identification:_identify(src/multipanda_ros2/docs/chapters) by extensions ['ros']
[0.657s] Level 1:colcon.colcon_core.package_identification:_identify(src/multipanda_ros2/docs/chapters) by extension 'ros'
[0.657s] Level 1:colcon.colcon_core.package_identification:_identify(src/multipanda_ros2/docs/chapters) by extensions ['cmake', 'python']
[0.658s] Level 1:colcon.colcon_core.package_identification:_identify(src/multipanda_ros2/docs/chapters) by extension 'cmake'
[0.658s] Level 1:colcon.colcon_core.package_identification:_identify(src/multipanda_ros2/docs/chapters) by extension 'python'
[0.658s] Level 1:colcon.colcon_core.package_identification:_identify(src/multipanda_ros2/docs/chapters) by extensions ['python_setup_py']
[0.658s] Level 1:colcon.colcon_core.package_identification:_identify(src/multipanda_ros2/docs/chapters) by extension 'python_setup_py'
[0.658s] Level 1:colcon.colcon_core.package_identification:_identify(src/multipanda_ros2/docs/example_scripts) by extensions ['ignore', 'ignore_ament_install']
[0.658s] Level 1:colcon.colcon_core.package_identification:_identify(src/multipanda_ros2/docs/example_scripts) by extension 'ignore'
[0.658s] Level 1:colcon.colcon_core.package_identification:_identify(src/multipanda_ros2/docs/example_scripts) by extension 'ignore_ament_install'
[0.658s] Level 1:colcon.colcon_core.package_identification:_identify(src/multipanda_ros2/docs/example_scripts) by extensions ['colcon_pkg']
[0.658s] Level 1:colcon.colcon_core.package_identification:_identify(src/multipanda_ros2/docs/example_scripts) by extension 'colcon_pkg'
[0.658s] Level 1:colcon.colcon_core.package_identification:_identify(src/multipanda_ros2/docs/example_scripts) by extensions ['colcon_meta']
[0.658s] Level 1:colcon.colcon_core.package_identification:_identify(src/multipanda_ros2/docs/example_scripts) by extension 'colcon_meta'
[0.658s] Level 1:colcon.colcon_core.package_identification:_identify(src/multipanda_ros2/docs/example_scripts) by extensions ['ros']
[0.658s] Level 1:colcon.colcon_core.package_identification:_identify(src/multipanda_ros2/docs/example_scripts) by extension 'ros'
[0.658s] Level 1:colcon.colcon_core.package_identification:_identify(src/multipanda_ros2/docs/example_scripts) by extensions ['cmake', 'python']
[0.658s] Level 1:colcon.colcon_core.package_identification:_identify(src/multipanda_ros2/docs/example_scripts) by extension 'cmake'
[0.658s] Level 1:colcon.colcon_core.package_identification:_identify(src/multipanda_ros2/docs/example_scripts) by extension 'python'
[0.658s] Level 1:colcon.colcon_core.package_identification:_identify(src/multipanda_ros2/docs/example_scripts) by extensions ['python_setup_py']
[0.658s] Level 1:colcon.colcon_core.package_identification:_identify(src/multipanda_ros2/docs/example_scripts) by extension 'python_setup_py'
[0.659s] Level 1:colcon.colcon_core.package_identification:_identify(src/multipanda_ros2/docs/images) by extensions ['ignore', 'ignore_ament_install']
[0.659s] Level 1:colcon.colcon_core.package_identification:_identify(src/multipanda_ros2/docs/images) by extension 'ignore'
[0.659s] Level 1:colcon.colcon_core.package_identification:_identify(src/multipanda_ros2/docs/images) by extension 'ignore_ament_install'
[0.659s] Level 1:colcon.colcon_core.package_identification:_identify(src/multipanda_ros2/docs/images) by extensions ['colcon_pkg']
[0.659s] Level 1:colcon.colcon_core.package_identification:_identify(src/multipanda_ros2/docs/images) by extension 'colcon_pkg'
[0.659s] Level 1:colcon.colcon_core.package_identification:_identify(src/multipanda_ros2/docs/images) by extensions ['colcon_meta']
[0.659s] Level 1:colcon.colcon_core.package_identification:_identify(src/multipanda_ros2/docs/images) by extension 'colcon_meta'
[0.659s] Level 1:colcon.colcon_core.package_identification:_identify(src/multipanda_ros2/docs/images) by extensions ['ros']
[0.659s] Level 1:colcon.colcon_core.package_identification:_identify(src/multipanda_ros2/docs/images) by extension 'ros'
[0.659s] Level 1:colcon.colcon_core.package_identification:_identify(src/multipanda_ros2/docs/images) by extensions ['cmake', 'python']
[0.659s] Level 1:colcon.colcon_core.package_identification:_identify(src/multipanda_ros2/docs/images) by extension 'cmake'
[0.659s] Level 1:colcon.colcon_core.package_identification:_identify(src/multipanda_ros2/docs/images) by extension 'python'
[0.659s] Level 1:colcon.colcon_core.package_identification:_identify(src/multipanda_ros2/docs/images) by extensions ['python_setup_py']
[0.659s] Level 1:colcon.colcon_core.package_identification:_identify(src/multipanda_ros2/docs/images) by extension 'python_setup_py'
[0.659s] Level 1:colcon.colcon_core.package_identification:_identify(src/multipanda_ros2/franka_bringup) by extensions ['ignore', 'ignore_ament_install']
[0.660s] Level 1:colcon.colcon_core.package_identification:_identify(src/multipanda_ros2/franka_bringup) by extension 'ignore'
[0.660s] Level 1:colcon.colcon_core.package_identification:_identify(src/multipanda_ros2/franka_bringup) by extension 'ignore_ament_install'
[0.660s] Level 1:colcon.colcon_core.package_identification:_identify(src/multipanda_ros2/franka_bringup) by extensions ['colcon_pkg']
[0.660s] Level 1:colcon.colcon_core.package_identification:_identify(src/multipanda_ros2/franka_bringup) by extension 'colcon_pkg'
[0.660s] Level 1:colcon.colcon_core.package_identification:_identify(src/multipanda_ros2/franka_bringup) by extensions ['colcon_meta']
[0.660s] Level 1:colcon.colcon_core.package_identification:_identify(src/multipanda_ros2/franka_bringup) by extension 'colcon_meta'
[0.660s] Level 1:colcon.colcon_core.package_identification:_identify(src/multipanda_ros2/franka_bringup) by extensions ['ros']
[0.660s] Level 1:colcon.colcon_core.package_identification:_identify(src/multipanda_ros2/franka_bringup) by extension 'ros'
[0.661s] DEBUG:colcon.colcon_core.package_identification:Package 'src/multipanda_ros2/franka_bringup' with type 'ros.ament_cmake' and name 'franka_bringup'
[0.661s] Level 1:colcon.colcon_core.package_identification:_identify(src/multipanda_ros2/franka_control2) by extensions ['ignore', 'ignore_ament_install']
[0.661s] Level 1:colcon.colcon_core.package_identification:_identify(src/multipanda_ros2/franka_control2) by extension 'ignore'
[0.661s] Level 1:colcon.colcon_core.package_identification:_identify(src/multipanda_ros2/franka_control2) by extension 'ignore_ament_install'
[0.661s] Level 1:colcon.colcon_core.package_identification:_identify(src/multipanda_ros2/franka_control2) by extensions ['colcon_pkg']
[0.661s] Level 1:colcon.colcon_core.package_identification:_identify(src/multipanda_ros2/franka_control2) by extension 'colcon_pkg'
[0.661s] Level 1:colcon.colcon_core.package_identification:_identify(src/multipanda_ros2/franka_control2) by extensions ['colcon_meta']
[0.661s] Level 1:colcon.colcon_core.package_identification:_identify(src/multipanda_ros2/franka_control2) by extension 'colcon_meta'
[0.661s] Level 1:colcon.colcon_core.package_identification:_identify(src/multipanda_ros2/franka_control2) by extensions ['ros']
[0.661s] Level 1:colcon.colcon_core.package_identification:_identify(src/multipanda_ros2/franka_control2) by extension 'ros'
[0.663s] DEBUG:colcon.colcon_core.package_identification:Package 'src/multipanda_ros2/franka_control2' with type 'ros.ament_cmake' and name 'franka_control2'
[0.663s] Level 1:colcon.colcon_core.package_identification:_identify(src/multipanda_ros2/franka_description) by extensions ['ignore', 'ignore_ament_install']
[0.663s] Level 1:colcon.colcon_core.package_identification:_identify(src/multipanda_ros2/franka_description) by extension 'ignore'
[0.663s] Level 1:colcon.colcon_core.package_identification:_identify(src/multipanda_ros2/franka_description) by extension 'ignore_ament_install'
[0.664s] Level 1:colcon.colcon_core.package_identification:_identify(src/multipanda_ros2/franka_description) by extensions ['colcon_pkg']
[0.664s] Level 1:colcon.colcon_core.package_identification:_identify(src/multipanda_ros2/franka_description) by extension 'colcon_pkg'
[0.664s] Level 1:colcon.colcon_core.package_identification:_identify(src/multipanda_ros2/franka_description) by extensions ['colcon_meta']
[0.664s] Level 1:colcon.colcon_core.package_identification:_identify(src/multipanda_ros2/franka_description) by extension 'colcon_meta'
[0.664s] Level 1:colcon.colcon_core.package_identification:_identify(src/multipanda_ros2/franka_description) by extensions ['ros']
[0.664s] Level 1:colcon.colcon_core.package_identification:_identify(src/multipanda_ros2/franka_description) by extension 'ros'
[0.664s] DEBUG:colcon.colcon_core.package_identification:Package 'src/multipanda_ros2/franka_description' with type 'ros.ament_cmake' and name 'franka_description'
[0.664s] Level 1:colcon.colcon_core.package_identification:_identify(src/multipanda_ros2/franka_example_controllers) by extensions ['ignore', 'ignore_ament_install']
[0.665s] Level 1:colcon.colcon_core.package_identification:_identify(src/multipanda_ros2/franka_example_controllers) by extension 'ignore'
[0.665s] Level 1:colcon.colcon_core.package_identification:_identify(src/multipanda_ros2/franka_example_controllers) by extension 'ignore_ament_install'
[0.665s] Level 1:colcon.colcon_core.package_identification:_identify(src/multipanda_ros2/franka_example_controllers) by extensions ['colcon_pkg']
[0.665s] Level 1:colcon.colcon_core.package_identification:_identify(src/multipanda_ros2/franka_example_controllers) by extension 'colcon_pkg'
[0.665s] Level 1:colcon.colcon_core.package_identification:_identify(src/multipanda_ros2/franka_example_controllers) by extensions ['colcon_meta']
[0.665s] Level 1:colcon.colcon_core.package_identification:_identify(src/multipanda_ros2/franka_example_controllers) by extension 'colcon_meta'
[0.665s] Level 1:colcon.colcon_core.package_identification:_identify(src/multipanda_ros2/franka_example_controllers) by extensions ['ros']
[0.665s] Level 1:colcon.colcon_core.package_identification:_identify(src/multipanda_ros2/franka_example_controllers) by extension 'ros'
[0.666s] DEBUG:colcon.colcon_core.package_identification:Package 'src/multipanda_ros2/franka_example_controllers' with type 'ros.ament_cmake' and name 'franka_example_controllers'
[0.666s] Level 1:colcon.colcon_core.package_identification:_identify(src/multipanda_ros2/franka_gripper) by extensions ['ignore', 'ignore_ament_install']
[0.666s] Level 1:colcon.colcon_core.package_identification:_identify(src/multipanda_ros2/franka_gripper) by extension 'ignore'
[0.667s] Level 1:colcon.colcon_core.package_identification:_identify(src/multipanda_ros2/franka_gripper) by extension 'ignore_ament_install'
[0.667s] Level 1:colcon.colcon_core.package_identification:_identify(src/multipanda_ros2/franka_gripper) by extensions ['colcon_pkg']
[0.667s] Level 1:colcon.colcon_core.package_identification:_identify(src/multipanda_ros2/franka_gripper) by extension 'colcon_pkg'
[0.667s] Level 1:colcon.colcon_core.package_identification:_identify(src/multipanda_ros2/franka_gripper) by extensions ['colcon_meta']
[0.667s] Level 1:colcon.colcon_core.package_identification:_identify(src/multipanda_ros2/franka_gripper) by extension 'colcon_meta'
[0.667s] Level 1:colcon.colcon_core.package_identification:_identify(src/multipanda_ros2/franka_gripper) by extensions ['ros']
[0.667s] Level 1:colcon.colcon_core.package_identification:_identify(src/multipanda_ros2/franka_gripper) by extension 'ros'
[0.669s] DEBUG:colcon.colcon_core.package_identification:Package 'src/multipanda_ros2/franka_gripper' with type 'ros.ament_cmake' and name 'franka_gripper'
[0.669s] Level 1:colcon.colcon_core.package_identification:_identify(src/multipanda_ros2/franka_hardware) by extensions ['ignore', 'ignore_ament_install']
[0.669s] Level 1:colcon.colcon_core.package_identification:_identify(src/multipanda_ros2/franka_hardware) by extension 'ignore'
[0.669s] Level 1:colcon.colcon_core.package_identification:_identify(src/multipanda_ros2/franka_hardware) by extension 'ignore_ament_install'
[0.669s] Level 1:colcon.colcon_core.package_identification:_identify(src/multipanda_ros2/franka_hardware) by extensions ['colcon_pkg']
[0.669s] Level 1:colcon.colcon_core.package_identification:_identify(src/multipanda_ros2/franka_hardware) by extension 'colcon_pkg'
[0.669s] Level 1:colcon.colcon_core.package_identification:_identify(src/multipanda_ros2/franka_hardware) by extensions ['colcon_meta']
[0.669s] Level 1:colcon.colcon_core.package_identification:_identify(src/multipanda_ros2/franka_hardware) by extension 'colcon_meta'
[0.669s] Level 1:colcon.colcon_core.package_identification:_identify(src/multipanda_ros2/franka_hardware) by extensions ['ros']
[0.669s] Level 1:colcon.colcon_core.package_identification:_identify(src/multipanda_ros2/franka_hardware) by extension 'ros'
[0.671s] DEBUG:colcon.colcon_core.package_identification:Package 'src/multipanda_ros2/franka_hardware' with type 'ros.ament_cmake' and name 'franka_hardware'
[0.671s] Level 1:colcon.colcon_core.package_identification:_identify(src/multipanda_ros2/franka_moveit_config) by extensions ['ignore', 'ignore_ament_install']
[0.671s] Level 1:colcon.colcon_core.package_identification:_identify(src/multipanda_ros2/franka_moveit_config) by extension 'ignore'
[0.671s] Level 1:colcon.colcon_core.package_identification:_identify(src/multipanda_ros2/franka_moveit_config) by extension 'ignore_ament_install'
[0.671s] Level 1:colcon.colcon_core.package_identification:_identify(src/multipanda_ros2/franka_moveit_config) by extensions ['colcon_pkg']
[0.671s] Level 1:colcon.colcon_core.package_identification:_identify(src/multipanda_ros2/franka_moveit_config) by extension 'colcon_pkg'
[0.671s] Level 1:colcon.colcon_core.package_identification:_identify(src/multipanda_ros2/franka_moveit_config) by extensions ['colcon_meta']
[0.672s] Level 1:colcon.colcon_core.package_identification:_identify(src/multipanda_ros2/franka_moveit_config) by extension 'colcon_meta'
[0.672s] Level 1:colcon.colcon_core.package_identification:_identify(src/multipanda_ros2/franka_moveit_config) by extensions ['ros']
[0.672s] Level 1:colcon.colcon_core.package_identification:_identify(src/multipanda_ros2/franka_moveit_config) by extension 'ros'
[0.673s] DEBUG:colcon.colcon_core.package_identification:Package 'src/multipanda_ros2/franka_moveit_config' with type 'ros.ament_cmake' and name 'franka_moveit_config'
[0.673s] Level 1:colcon.colcon_core.package_identification:_identify(src/multipanda_ros2/franka_msgs) by extensions ['ignore', 'ignore_ament_install']
[0.673s] Level 1:colcon.colcon_core.package_identification:_identify(src/multipanda_ros2/franka_msgs) by extension 'ignore'
[0.673s] Level 1:colcon.colcon_core.package_identification:_identify(src/multipanda_ros2/franka_msgs) by extension 'ignore_ament_install'
[0.673s] Level 1:colcon.colcon_core.package_identification:_identify(src/multipanda_ros2/franka_msgs) by extensions ['colcon_pkg']
[0.673s] Level 1:colcon.colcon_core.package_identification:_identify(src/multipanda_ros2/franka_msgs) by extension 'colcon_pkg'
[0.673s] Level 1:colcon.colcon_core.package_identification:_identify(src/multipanda_ros2/franka_msgs) by extensions ['colcon_meta']
[0.673s] Level 1:colcon.colcon_core.package_identification:_identify(src/multipanda_ros2/franka_msgs) by extension 'colcon_meta'
[0.673s] Level 1:colcon.colcon_core.package_identification:_identify(src/multipanda_ros2/franka_msgs) by extensions ['ros']
[0.674s] Level 1:colcon.colcon_core.package_identification:_identify(src/multipanda_ros2/franka_msgs) by extension 'ros'
[0.675s] DEBUG:colcon.colcon_core.package_identification:Package 'src/multipanda_ros2/franka_msgs' with type 'ros.ament_cmake' and name 'franka_msgs'
[0.675s] Level 1:colcon.colcon_core.package_identification:_identify(src/multipanda_ros2/franka_multi_mode_controller) by extensions ['ignore', 'ignore_ament_install']
[0.675s] Level 1:colcon.colcon_core.package_identification:_identify(src/multipanda_ros2/franka_multi_mode_controller) by extension 'ignore'
[0.675s] Level 1:colcon.colcon_core.package_identification:_identify(src/multipanda_ros2/franka_multi_mode_controller) by extension 'ignore_ament_install'
[0.675s] Level 1:colcon.colcon_core.package_identification:_identify(src/multipanda_ros2/franka_multi_mode_controller) by extensions ['colcon_pkg']
[0.675s] Level 1:colcon.colcon_core.package_identification:_identify(src/multipanda_ros2/franka_multi_mode_controller) by extension 'colcon_pkg'
[0.676s] Level 1:colcon.colcon_core.package_identification:_identify(src/multipanda_ros2/franka_multi_mode_controller) by extensions ['colcon_meta']
[0.676s] Level 1:colcon.colcon_core.package_identification:_identify(src/multipanda_ros2/franka_multi_mode_controller) by extension 'colcon_meta'
[0.676s] Level 1:colcon.colcon_core.package_identification:_identify(src/multipanda_ros2/franka_multi_mode_controller) by extensions ['ros']
[0.676s] Level 1:colcon.colcon_core.package_identification:_identify(src/multipanda_ros2/franka_multi_mode_controller) by extension 'ros'
[0.676s] Level 1:colcon.colcon_core.package_identification:_identify(src/multipanda_ros2/franka_multi_mode_controller) by extensions ['cmake', 'python']
[0.676s] Level 1:colcon.colcon_core.package_identification:_identify(src/multipanda_ros2/franka_multi_mode_controller) by extension 'cmake'
[0.676s] Level 1:colcon.colcon_core.package_identification:_identify(src/multipanda_ros2/franka_multi_mode_controller) by extension 'python'
[0.676s] Level 1:colcon.colcon_core.package_identification:_identify(src/multipanda_ros2/franka_multi_mode_controller) by extensions ['python_setup_py']
[0.676s] Level 1:colcon.colcon_core.package_identification:_identify(src/multipanda_ros2/franka_multi_mode_controller) by extension 'python_setup_py'
[0.676s] Level 1:colcon.colcon_core.package_identification:_identify(src/multipanda_ros2/franka_multi_mode_controller/multi_mode_control_msgs) by extensions ['ignore', 'ignore_ament_install']
[0.676s] Level 1:colcon.colcon_core.package_identification:_identify(src/multipanda_ros2/franka_multi_mode_controller/multi_mode_control_msgs) by extension 'ignore'
[0.677s] Level 1:colcon.colcon_core.package_identification:_identify(src/multipanda_ros2/franka_multi_mode_controller/multi_mode_control_msgs) by extension 'ignore_ament_install'
[0.677s] Level 1:colcon.colcon_core.package_identification:_identify(src/multipanda_ros2/franka_multi_mode_controller/multi_mode_control_msgs) by extensions ['colcon_pkg']
[0.677s] Level 1:colcon.colcon_core.package_identification:_identify(src/multipanda_ros2/franka_multi_mode_controller/multi_mode_control_msgs) by extension 'colcon_pkg'
[0.677s] Level 1:colcon.colcon_core.package_identification:_identify(src/multipanda_ros2/franka_multi_mode_controller/multi_mode_control_msgs) by extensions ['colcon_meta']
[0.677s] Level 1:colcon.colcon_core.package_identification:_identify(src/multipanda_ros2/franka_multi_mode_controller/multi_mode_control_msgs) by extension 'colcon_meta'
[0.677s] Level 1:colcon.colcon_core.package_identification:_identify(src/multipanda_ros2/franka_multi_mode_controller/multi_mode_control_msgs) by extensions ['ros']
[0.677s] Level 1:colcon.colcon_core.package_identification:_identify(src/multipanda_ros2/franka_multi_mode_controller/multi_mode_control_msgs) by extension 'ros'
[0.678s] DEBUG:colcon.colcon_core.package_identification:Package 'src/multipanda_ros2/franka_multi_mode_controller/multi_mode_control_msgs' with type 'ros.ament_cmake' and name 'multi_mode_control_msgs'
[0.678s] Level 1:colcon.colcon_core.package_identification:_identify(src/multipanda_ros2/franka_multi_mode_controller/multi_mode_controller) by extensions ['ignore', 'ignore_ament_install']
[0.678s] Level 1:colcon.colcon_core.package_identification:_identify(src/multipanda_ros2/franka_multi_mode_controller/multi_mode_controller) by extension 'ignore'
[0.678s] Level 1:colcon.colcon_core.package_identification:_identify(src/multipanda_ros2/franka_multi_mode_controller/multi_mode_controller) by extension 'ignore_ament_install'
[0.679s] Level 1:colcon.colcon_core.package_identification:_identify(src/multipanda_ros2/franka_multi_mode_controller/multi_mode_controller) by extensions ['colcon_pkg']
[0.679s] Level 1:colcon.colcon_core.package_identification:_identify(src/multipanda_ros2/franka_multi_mode_controller/multi_mode_controller) by extension 'colcon_pkg'
[0.679s] Level 1:colcon.colcon_core.package_identification:_identify(src/multipanda_ros2/franka_multi_mode_controller/multi_mode_controller) by extensions ['colcon_meta']
[0.679s] Level 1:colcon.colcon_core.package_identification:_identify(src/multipanda_ros2/franka_multi_mode_controller/multi_mode_controller) by extension 'colcon_meta'
[0.679s] Level 1:colcon.colcon_core.package_identification:_identify(src/multipanda_ros2/franka_multi_mode_controller/multi_mode_controller) by extensions ['ros']
[0.679s] Level 1:colcon.colcon_core.package_identification:_identify(src/multipanda_ros2/franka_multi_mode_controller/multi_mode_controller) by extension 'ros'
[0.680s] DEBUG:colcon.colcon_core.package_identification:Package 'src/multipanda_ros2/franka_multi_mode_controller/multi_mode_controller' with type 'ros.ament_cmake' and name 'multi_mode_controller'
[0.680s] Level 1:colcon.colcon_core.package_identification:_identify(src/multipanda_ros2/franka_multi_mode_controller/multi_mode_controller_impl) by extensions ['ignore', 'ignore_ament_install']
[0.680s] Level 1:colcon.colcon_core.package_identification:_identify(src/multipanda_ros2/franka_multi_mode_controller/multi_mode_controller_impl) by extension 'ignore'
[0.680s] Level 1:colcon.colcon_core.package_identification:_identify(src/multipanda_ros2/franka_multi_mode_controller/multi_mode_controller_impl) by extension 'ignore_ament_install'
[0.680s] Level 1:colcon.colcon_core.package_identification:_identify(src/multipanda_ros2/franka_multi_mode_controller/multi_mode_controller_impl) by extensions ['colcon_pkg']
[0.680s] Level 1:colcon.colcon_core.package_identification:_identify(src/multipanda_ros2/franka_multi_mode_controller/multi_mode_controller_impl) by extension 'colcon_pkg'
[0.680s] Level 1:colcon.colcon_core.package_identification:_identify(src/multipanda_ros2/franka_multi_mode_controller/multi_mode_controller_impl) by extensions ['colcon_meta']
[0.680s] Level 1:colcon.colcon_core.package_identification:_identify(src/multipanda_ros2/franka_multi_mode_controller/multi_mode_controller_impl) by extension 'colcon_meta'
[0.680s] Level 1:colcon.colcon_core.package_identification:_identify(src/multipanda_ros2/franka_multi_mode_controller/multi_mode_controller_impl) by extensions ['ros']
[0.680s] Level 1:colcon.colcon_core.package_identification:_identify(src/multipanda_ros2/franka_multi_mode_controller/multi_mode_controller_impl) by extension 'ros'
[0.682s] DEBUG:colcon.colcon_core.package_identification:Package 'src/multipanda_ros2/franka_multi_mode_controller/multi_mode_controller_impl' with type 'ros.ament_cmake' and name 'multi_mode_controller_impl'
[0.682s] Level 1:colcon.colcon_core.package_identification:_identify(src/multipanda_ros2/franka_multi_mode_controller/panda_motion_generator_msgs) by extensions ['ignore', 'ignore_ament_install']
[0.682s] Level 1:colcon.colcon_core.package_identification:_identify(src/multipanda_ros2/franka_multi_mode_controller/panda_motion_generator_msgs) by extension 'ignore'
[0.682s] Level 1:colcon.colcon_core.package_identification:_identify(src/multipanda_ros2/franka_multi_mode_controller/panda_motion_generator_msgs) by extension 'ignore_ament_install'
[0.682s] Level 1:colcon.colcon_core.package_identification:_identify(src/multipanda_ros2/franka_multi_mode_controller/panda_motion_generator_msgs) by extensions ['colcon_pkg']
[0.682s] Level 1:colcon.colcon_core.package_identification:_identify(src/multipanda_ros2/franka_multi_mode_controller/panda_motion_generator_msgs) by extension 'colcon_pkg'
[0.683s] Level 1:colcon.colcon_core.package_identification:_identify(src/multipanda_ros2/franka_multi_mode_controller/panda_motion_generator_msgs) by extensions ['colcon_meta']
[0.683s] Level 1:colcon.colcon_core.package_identification:_identify(src/multipanda_ros2/franka_multi_mode_controller/panda_motion_generator_msgs) by extension 'colcon_meta'
[0.683s] Level 1:colcon.colcon_core.package_identification:_identify(src/multipanda_ros2/franka_multi_mode_controller/panda_motion_generator_msgs) by extensions ['ros']
[0.683s] Level 1:colcon.colcon_core.package_identification:_identify(src/multipanda_ros2/franka_multi_mode_controller/panda_motion_generator_msgs) by extension 'ros'
[0.683s] DEBUG:colcon.colcon_core.package_identification:Package 'src/multipanda_ros2/franka_multi_mode_controller/panda_motion_generator_msgs' with type 'ros.ament_cmake' and name 'panda_motion_generator_msgs'
[0.683s] Level 1:colcon.colcon_core.package_identification:_identify(src/multipanda_ros2/franka_multi_mode_controller/panda_motion_generators) by extensions ['ignore', 'ignore_ament_install']
[0.684s] Level 1:colcon.colcon_core.package_identification:_identify(src/multipanda_ros2/franka_multi_mode_controller/panda_motion_generators) by extension 'ignore'
[0.684s] Level 1:colcon.colcon_core.package_identification:_identify(src/multipanda_ros2/franka_multi_mode_controller/panda_motion_generators) by extension 'ignore_ament_install'
[0.684s] Level 1:colcon.colcon_core.package_identification:_identify(src/multipanda_ros2/franka_multi_mode_controller/panda_motion_generators) by extensions ['colcon_pkg']
[0.684s] Level 1:colcon.colcon_core.package_identification:_identify(src/multipanda_ros2/franka_multi_mode_controller/panda_motion_generators) by extension 'colcon_pkg'
[0.684s] Level 1:colcon.colcon_core.package_identification:_identify(src/multipanda_ros2/franka_multi_mode_controller/panda_motion_generators) by extensions ['colcon_meta']
[0.684s] Level 1:colcon.colcon_core.package_identification:_identify(src/multipanda_ros2/franka_multi_mode_controller/panda_motion_generators) by extension 'colcon_meta'
[0.684s] Level 1:colcon.colcon_core.package_identification:_identify(src/multipanda_ros2/franka_multi_mode_controller/panda_motion_generators) by extensions ['ros']
[0.684s] Level 1:colcon.colcon_core.package_identification:_identify(src/multipanda_ros2/franka_multi_mode_controller/panda_motion_generators) by extension 'ros'
[0.685s] DEBUG:colcon.colcon_core.package_identification:Package 'src/multipanda_ros2/franka_multi_mode_controller/panda_motion_generators' with type 'ros.ament_cmake' and name 'panda_motion_generators'
[0.685s] Level 1:colcon.colcon_core.package_identification:_identify(src/multipanda_ros2/franka_robot_state_broadcaster) by extensions ['ignore', 'ignore_ament_install']
[0.685s] Level 1:colcon.colcon_core.package_identification:_identify(src/multipanda_ros2/franka_robot_state_broadcaster) by extension 'ignore'
[0.685s] Level 1:colcon.colcon_core.package_identification:_identify(src/multipanda_ros2/franka_robot_state_broadcaster) by extension 'ignore_ament_install'
[0.685s] Level 1:colcon.colcon_core.package_identification:_identify(src/multipanda_ros2/franka_robot_state_broadcaster) by extensions ['colcon_pkg']
[0.685s] Level 1:colcon.colcon_core.package_identification:_identify(src/multipanda_ros2/franka_robot_state_broadcaster) by extension 'colcon_pkg'
[0.685s] Level 1:colcon.colcon_core.package_identification:_identify(src/multipanda_ros2/franka_robot_state_broadcaster) by extensions ['colcon_meta']
[0.685s] Level 1:colcon.colcon_core.package_identification:_identify(src/multipanda_ros2/franka_robot_state_broadcaster) by extension 'colcon_meta'
[0.685s] Level 1:colcon.colcon_core.package_identification:_identify(src/multipanda_ros2/franka_robot_state_broadcaster) by extensions ['ros']
[0.686s] Level 1:colcon.colcon_core.package_identification:_identify(src/multipanda_ros2/franka_robot_state_broadcaster) by extension 'ros'
[0.687s] DEBUG:colcon.colcon_core.package_identification:Package 'src/multipanda_ros2/franka_robot_state_broadcaster' with type 'ros.ament_cmake' and name 'franka_robot_state_broadcaster'
[0.687s] Level 1:colcon.colcon_core.package_identification:_identify(src/multipanda_ros2/franka_semantic_components) by extensions ['ignore', 'ignore_ament_install']
[0.687s] Level 1:colcon.colcon_core.package_identification:_identify(src/multipanda_ros2/franka_semantic_components) by extension 'ignore'
[0.687s] Level 1:colcon.colcon_core.package_identification:_identify(src/multipanda_ros2/franka_semantic_components) by extension 'ignore_ament_install'
[0.688s] Level 1:colcon.colcon_core.package_identification:_identify(src/multipanda_ros2/franka_semantic_components) by extensions ['colcon_pkg']
[0.688s] Level 1:colcon.colcon_core.package_identification:_identify(src/multipanda_ros2/franka_semantic_components) by extension 'colcon_pkg'
[0.688s] Level 1:colcon.colcon_core.package_identification:_identify(src/multipanda_ros2/franka_semantic_components) by extensions ['colcon_meta']
[0.688s] Level 1:colcon.colcon_core.package_identification:_identify(src/multipanda_ros2/franka_semantic_components) by extension 'colcon_meta'
[0.688s] Level 1:colcon.colcon_core.package_identification:_identify(src/multipanda_ros2/franka_semantic_components) by extensions ['ros']
[0.688s] Level 1:colcon.colcon_core.package_identification:_identify(src/multipanda_ros2/franka_semantic_components) by extension 'ros'
[0.689s] DEBUG:colcon.colcon_core.package_identification:Package 'src/multipanda_ros2/franka_semantic_components' with type 'ros.ament_cmake' and name 'franka_semantic_components'
[0.689s] Level 1:colcon.colcon_core.package_identification:_identify(src/multipanda_ros2/garmi_packages) by extensions ['ignore', 'ignore_ament_install']
[0.689s] Level 1:colcon.colcon_core.package_identification:_identify(src/multipanda_ros2/garmi_packages) by extension 'ignore'
[0.689s] Level 1:colcon.colcon_core.package_identification:_identify(src/multipanda_ros2/garmi_packages) by extension 'ignore_ament_install'
[0.689s] Level 1:colcon.colcon_core.package_identification:_identify(src/multipanda_ros2/garmi_packages) by extensions ['colcon_pkg']
[0.689s] Level 1:colcon.colcon_core.package_identification:_identify(src/multipanda_ros2/garmi_packages) by extension 'colcon_pkg'
[0.689s] Level 1:colcon.colcon_core.package_identification:_identify(src/multipanda_ros2/garmi_packages) by extensions ['colcon_meta']
[0.689s] Level 1:colcon.colcon_core.package_identification:_identify(src/multipanda_ros2/garmi_packages) by extension 'colcon_meta'
[0.689s] Level 1:colcon.colcon_core.package_identification:_identify(src/multipanda_ros2/garmi_packages) by extensions ['ros']
[0.689s] Level 1:colcon.colcon_core.package_identification:_identify(src/multipanda_ros2/garmi_packages) by extension 'ros'
[0.689s] Level 1:colcon.colcon_core.package_identification:_identify(src/multipanda_ros2/garmi_packages) by extensions ['cmake', 'python']
[0.689s] Level 1:colcon.colcon_core.package_identification:_identify(src/multipanda_ros2/garmi_packages) by extension 'cmake'
[0.690s] Level 1:colcon.colcon_core.package_identification:_identify(src/multipanda_ros2/garmi_packages) by extension 'python'
[0.690s] Level 1:colcon.colcon_core.package_identification:_identify(src/multipanda_ros2/garmi_packages) by extensions ['python_setup_py']
[0.690s] Level 1:colcon.colcon_core.package_identification:_identify(src/multipanda_ros2/garmi_packages) by extension 'python_setup_py'
[0.690s] Level 1:colcon.colcon_core.package_identification:_identify(src/multipanda_ros2/garmi_packages/garmi_bringup) by extensions ['ignore', 'ignore_ament_install']
[0.690s] Level 1:colcon.colcon_core.package_identification:_identify(src/multipanda_ros2/garmi_packages/garmi_bringup) by extension 'ignore'
[0.690s] Level 1:colcon.colcon_core.package_identification:_identify(src/multipanda_ros2/garmi_packages/garmi_bringup) by extension 'ignore_ament_install'
[0.690s] Level 1:colcon.colcon_core.package_identification:_identify(src/multipanda_ros2/garmi_packages/garmi_bringup) by extensions ['colcon_pkg']
[0.690s] Level 1:colcon.colcon_core.package_identification:_identify(src/multipanda_ros2/garmi_packages/garmi_bringup) by extension 'colcon_pkg'
[0.690s] Level 1:colcon.colcon_core.package_identification:_identify(src/multipanda_ros2/garmi_packages/garmi_bringup) by extensions ['colcon_meta']
[0.690s] Level 1:colcon.colcon_core.package_identification:_identify(src/multipanda_ros2/garmi_packages/garmi_bringup) by extension 'colcon_meta'
[0.690s] Level 1:colcon.colcon_core.package_identification:_identify(src/multipanda_ros2/garmi_packages/garmi_bringup) by extensions ['ros']
[0.690s] Level 1:colcon.colcon_core.package_identification:_identify(src/multipanda_ros2/garmi_packages/garmi_bringup) by extension 'ros'
[0.691s] DEBUG:colcon.colcon_core.package_identification:Package 'src/multipanda_ros2/garmi_packages/garmi_bringup' with type 'ros.ament_cmake' and name 'garmi_bringup'
[0.691s] Level 1:colcon.colcon_core.package_identification:_identify(src/multipanda_ros2/garmi_packages/garmi_controllers) by extensions ['ignore', 'ignore_ament_install']
[0.691s] Level 1:colcon.colcon_core.package_identification:_identify(src/multipanda_ros2/garmi_packages/garmi_controllers) by extension 'ignore'
[0.691s] Level 1:colcon.colcon_core.package_identification:_identify(src/multipanda_ros2/garmi_packages/garmi_controllers) by extension 'ignore_ament_install'
[0.691s] Level 1:colcon.colcon_core.package_identification:_identify(src/multipanda_ros2/garmi_packages/garmi_controllers) by extensions ['colcon_pkg']
[0.691s] Level 1:colcon.colcon_core.package_identification:_identify(src/multipanda_ros2/garmi_packages/garmi_controllers) by extension 'colcon_pkg'
[0.691s] Level 1:colcon.colcon_core.package_identification:_identify(src/multipanda_ros2/garmi_packages/garmi_controllers) by extensions ['colcon_meta']
[0.691s] Level 1:colcon.colcon_core.package_identification:_identify(src/multipanda_ros2/garmi_packages/garmi_controllers) by extension 'colcon_meta'
[0.691s] Level 1:colcon.colcon_core.package_identification:_identify(src/multipanda_ros2/garmi_packages/garmi_controllers) by extensions ['ros']
[0.691s] Level 1:colcon.colcon_core.package_identification:_identify(src/multipanda_ros2/garmi_packages/garmi_controllers) by extension 'ros'
[0.693s] DEBUG:colcon.colcon_core.package_identification:Package 'src/multipanda_ros2/garmi_packages/garmi_controllers' with type 'ros.ament_cmake' and name 'garmi_controllers'
[0.693s] Level 1:colcon.colcon_core.package_identification:_identify(src/multipanda_ros2/garmi_packages/garmi_description) by extensions ['ignore', 'ignore_ament_install']
[0.693s] Level 1:colcon.colcon_core.package_identification:_identify(src/multipanda_ros2/garmi_packages/garmi_description) by extension 'ignore'
[0.693s] Level 1:colcon.colcon_core.package_identification:_identify(src/multipanda_ros2/garmi_packages/garmi_description) by extension 'ignore_ament_install'
[0.693s] Level 1:colcon.colcon_core.package_identification:_identify(src/multipanda_ros2/garmi_packages/garmi_description) by extensions ['colcon_pkg']
[0.693s] Level 1:colcon.colcon_core.package_identification:_identify(src/multipanda_ros2/garmi_packages/garmi_description) by extension 'colcon_pkg'
[0.693s] Level 1:colcon.colcon_core.package_identification:_identify(src/multipanda_ros2/garmi_packages/garmi_description) by extensions ['colcon_meta']
[0.693s] Level 1:colcon.colcon_core.package_identification:_identify(src/multipanda_ros2/garmi_packages/garmi_description) by extension 'colcon_meta'
[0.693s] Level 1:colcon.colcon_core.package_identification:_identify(src/multipanda_ros2/garmi_packages/garmi_description) by extensions ['ros']
[0.693s] Level 1:colcon.colcon_core.package_identification:_identify(src/multipanda_ros2/garmi_packages/garmi_description) by extension 'ros'
[0.694s] DEBUG:colcon.colcon_core.package_identification:Package 'src/multipanda_ros2/garmi_packages/garmi_description' with type 'ros.ament_cmake' and name 'garmi_description'
[0.694s] Level 1:colcon.colcon_core.package_identification:_identify(src/multipanda_ros2/garmi_packages/garmi_hardware) by extensions ['ignore', 'ignore_ament_install']
[0.694s] Level 1:colcon.colcon_core.package_identification:_identify(src/multipanda_ros2/garmi_packages/garmi_hardware) by extension 'ignore'
[0.694s] Level 1:colcon.colcon_core.package_identification:_identify(src/multipanda_ros2/garmi_packages/garmi_hardware) by extension 'ignore_ament_install'
[0.694s] Level 1:colcon.colcon_core.package_identification:_identify(src/multipanda_ros2/garmi_packages/garmi_hardware) by extensions ['colcon_pkg']
[0.694s] Level 1:colcon.colcon_core.package_identification:_identify(src/multipanda_ros2/garmi_packages/garmi_hardware) by extension 'colcon_pkg'
[0.694s] Level 1:colcon.colcon_core.package_identification:_identify(src/multipanda_ros2/garmi_packages/garmi_hardware) by extensions ['colcon_meta']
[0.694s] Level 1:colcon.colcon_core.package_identification:_identify(src/multipanda_ros2/garmi_packages/garmi_hardware) by extension 'colcon_meta'
[0.694s] Level 1:colcon.colcon_core.package_identification:_identify(src/multipanda_ros2/garmi_packages/garmi_hardware) by extensions ['ros']
[0.694s] Level 1:colcon.colcon_core.package_identification:_identify(src/multipanda_ros2/garmi_packages/garmi_hardware) by extension 'ros'
[0.695s] DEBUG:colcon.colcon_core.package_identification:Package 'src/multipanda_ros2/garmi_packages/garmi_hardware' with type 'ros.ament_cmake' and name 'garmi_hardware'
[0.695s] Level 1:colcon.colcon_core.package_identification:_identify(src/multipanda_ros2/garmi_packages/garmi_moveit_config) by extensions ['ignore', 'ignore_ament_install']
[0.696s] Level 1:colcon.colcon_core.package_identification:_identify(src/multipanda_ros2/garmi_packages/garmi_moveit_config) by extension 'ignore'
[0.696s] Level 1:colcon.colcon_core.package_identification:_identify(src/multipanda_ros2/garmi_packages/garmi_moveit_config) by extension 'ignore_ament_install'
[0.696s] Level 1:colcon.colcon_core.package_identification:_identify(src/multipanda_ros2/garmi_packages/garmi_moveit_config) by extensions ['colcon_pkg']
[0.696s] Level 1:colcon.colcon_core.package_identification:_identify(src/multipanda_ros2/garmi_packages/garmi_moveit_config) by extension 'colcon_pkg'
[0.696s] Level 1:colcon.colcon_core.package_identification:_identify(src/multipanda_ros2/garmi_packages/garmi_moveit_config) by extensions ['colcon_meta']
[0.696s] Level 1:colcon.colcon_core.package_identification:_identify(src/multipanda_ros2/garmi_packages/garmi_moveit_config) by extension 'colcon_meta'
[0.696s] Level 1:colcon.colcon_core.package_identification:_identify(src/multipanda_ros2/garmi_packages/garmi_moveit_config) by extensions ['ros']
[0.696s] Level 1:colcon.colcon_core.package_identification:_identify(src/multipanda_ros2/garmi_packages/garmi_moveit_config) by extension 'ros'
[0.696s] DEBUG:colcon.colcon_core.package_identification:Package 'src/multipanda_ros2/garmi_packages/garmi_moveit_config' with type 'ros.ament_cmake' and name 'garmi_moveit_config'
[0.696s] Level 1:colcon.colcon_core.package_discovery:discover_packages(recursive) using defaults
[0.697s] Level 1:colcon.colcon_core.package_discovery:discover_packages(ignore) discover
[0.697s] Level 1:colcon.colcon_core.package_discovery:discover_packages(ignore) using defaults
[0.697s] Level 1:colcon.colcon_core.package_discovery:discover_packages(path) discover
[0.697s] Level 1:colcon.colcon_core.package_discovery:discover_packages(path) using defaults
[0.733s] INFO:colcon.colcon_core.package_selection:Skipping not selected package 'BULLET_PHYSICS' in 'bullet3'
[0.733s] INFO:colcon.colcon_core.package_selection:Skipping not selected package 'Model_based_Reinforcement_Learning_In_Teleoperation' in 'src/Model_based_Reinforcement_Learning_In_Teleoperation'
[0.733s] INFO:colcon.colcon_core.package_selection:Skipping not selected package 'franka_description' in 'src/multipanda_ros2/franka_description'
[0.733s] INFO:colcon.colcon_core.package_selection:Skipping not selected package 'franka_msgs' in 'src/multipanda_ros2/franka_msgs'
[0.733s] INFO:colcon.colcon_core.package_selection:Skipping not selected package 'garmi_controllers' in 'src/multipanda_ros2/garmi_packages/garmi_controllers'
[0.733s] INFO:colcon.colcon_core.package_selection:Skipping not selected package 'garmi_hardware' in 'src/multipanda_ros2/garmi_packages/garmi_hardware'
[0.734s] INFO:colcon.colcon_core.package_selection:Skipping not selected package 'garmi_moveit_config' in 'src/multipanda_ros2/garmi_packages/garmi_moveit_config'
[0.734s] INFO:colcon.colcon_core.package_selection:Skipping not selected package 'mujoco_ros_msgs' in 'src/mujoco_ros_pkgs/mujoco_ros_msgs'
[0.734s] INFO:colcon.colcon_core.package_selection:Skipping not selected package 'panda_motion_generator_msgs' in 'src/multipanda_ros2/franka_multi_mode_controller/panda_motion_generator_msgs'
[0.734s] INFO:colcon.colcon_core.package_selection:Skipping not selected package 'franka_control2' in 'src/multipanda_ros2/franka_control2'
[0.734s] INFO:colcon.colcon_core.package_selection:Skipping not selected package 'franka_gripper' in 'src/multipanda_ros2/franka_gripper'
[0.734s] INFO:colcon.colcon_core.package_selection:Skipping not selected package 'garmi_description' in 'src/multipanda_ros2/garmi_packages/garmi_description'
[0.734s] INFO:colcon.colcon_core.package_selection:Skipping not selected package 'mujoco_ros' in 'src/mujoco_ros_pkgs/mujoco_ros'
[0.734s] INFO:colcon.colcon_core.package_selection:Skipping not selected package 'multi_mode_control_msgs' in 'src/multipanda_ros2/franka_multi_mode_controller/multi_mode_control_msgs'
[0.734s] INFO:colcon.colcon_core.package_selection:Skipping not selected package 'Hierarchical_Reinforcement_Learning_for_Adaptive_Control_Under_Stochastic_Network_Delays' in 'src/Hierarchical_Reinforcement_Learning_for_Adaptive_Control_Under_Stochastic_Network_Delays'
[0.734s] INFO:colcon.colcon_core.package_selection:Skipping not selected package 'mujoco_ros2_control' in 'src/mujoco_ros_pkgs/mujoco_ros2_control'
[0.734s] INFO:colcon.colcon_core.package_selection:Skipping not selected package 'mujoco_ros2_dummy_plugin' in 'src/mujoco_ros_pkgs/mujoco_ros2_dummy_plugin'
[0.734s] INFO:colcon.colcon_core.package_selection:Skipping not selected package 'mujoco_ros2_sensors' in 'src/mujoco_ros_pkgs/mujoco_ros2_sensors'
[0.734s] INFO:colcon.colcon_core.package_selection:Skipping not selected package 'mujoco_ros_pkgs' in 'src/mujoco_ros_pkgs/mujoco_ros_pkgs'
[0.734s] INFO:colcon.colcon_core.package_selection:Skipping not selected package 'franka_hardware' in 'src/multipanda_ros2/franka_hardware'
[0.734s] INFO:colcon.colcon_core.package_selection:Skipping not selected package 'mujoco_ros2_control_system' in 'src/mujoco_ros_pkgs/mujoco_ros2_control_system'
[0.734s] INFO:colcon.colcon_core.package_selection:Skipping not selected package 'franka_bringup' in 'src/multipanda_ros2/franka_bringup'
[0.734s] INFO:colcon.colcon_core.package_selection:Skipping not selected package 'franka_moveit_config' in 'src/multipanda_ros2/franka_moveit_config'
[0.734s] INFO:colcon.colcon_core.package_selection:Skipping not selected package 'franka_semantic_components' in 'src/multipanda_ros2/franka_semantic_components'
[0.734s] INFO:colcon.colcon_core.package_selection:Skipping not selected package 'garmi_bringup' in 'src/multipanda_ros2/garmi_packages/garmi_bringup'
[0.734s] INFO:colcon.colcon_core.package_selection:Skipping not selected package 'franka_example_controllers' in 'src/multipanda_ros2/franka_example_controllers'
[0.734s] INFO:colcon.colcon_core.package_selection:Skipping not selected package 'franka_robot_state_broadcaster' in 'src/multipanda_ros2/franka_robot_state_broadcaster'
[0.734s] INFO:colcon.colcon_core.package_selection:Skipping not selected package 'multi_mode_controller' in 'src/multipanda_ros2/franka_multi_mode_controller/multi_mode_controller'
[0.735s] INFO:colcon.colcon_core.package_selection:Skipping not selected package 'multi_mode_controller_impl' in 'src/multipanda_ros2/franka_multi_mode_controller/multi_mode_controller_impl'
[0.735s] INFO:colcon.colcon_core.package_selection:Skipping not selected package 'panda_motion_generators' in 'src/multipanda_ros2/franka_multi_mode_controller/panda_motion_generators'
[0.735s] Level 1:colcon.colcon_core.package_discovery:discover_packages(prefix_path) check parameters
[0.735s] Level 1:colcon.colcon_core.package_discovery:discover_packages(prefix_path) discover
[0.741s] DEBUG:colcon.colcon_installed_package_information.package_discovery:Found 31 installed packages in /media/kai/Kai_Backup/Master_Study/Master_Thesis/Implementation/libfranka_ws/install
[0.744s] DEBUG:colcon.colcon_installed_package_information.package_discovery:Found 347 installed packages in /opt/ros/humble
[0.747s] Level 1:colcon.colcon_core.package_discovery:discover_packages(prefix_path) using defaults
[0.811s] Level 5:colcon.colcon_core.verb:set package 'Reinforcement_Learning_In_Teleoperation' build argument 'cmake_args' from command line to 'None'
[0.812s] Level 5:colcon.colcon_core.verb:set package 'Reinforcement_Learning_In_Teleoperation' build argument 'cmake_target' from command line to 'None'
[0.812s] Level 5:colcon.colcon_core.verb:set package 'Reinforcement_Learning_In_Teleoperation' build argument 'cmake_target_skip_unavailable' from command line to 'False'
[0.812s] Level 5:colcon.colcon_core.verb:set package 'Reinforcement_Learning_In_Teleoperation' build argument 'cmake_clean_cache' from command line to 'False'
[0.812s] Level 5:colcon.colcon_core.verb:set package 'Reinforcement_Learning_In_Teleoperation' build argument 'cmake_clean_first' from command line to 'False'
[0.812s] Level 5:colcon.colcon_core.verb:set package 'Reinforcement_Learning_In_Teleoperation' build argument 'cmake_force_configure' from command line to 'False'
[0.812s] Level 5:colcon.colcon_core.verb:set package 'Reinforcement_Learning_In_Teleoperation' build argument 'ament_cmake_args' from command line to 'None'
[0.812s] Level 5:colcon.colcon_core.verb:set package 'Reinforcement_Learning_In_Teleoperation' build argument 'catkin_cmake_args' from command line to 'None'
[0.812s] Level 5:colcon.colcon_core.verb:set package 'Reinforcement_Learning_In_Teleoperation' build argument 'catkin_skip_building_tests' from command line to 'False'
[0.812s] DEBUG:colcon.colcon_core.verb:Building package 'Reinforcement_Learning_In_Teleoperation' with the following arguments: {'ament_cmake_args': None, 'build_base': '/media/kai/Kai_Backup/Master_Study/Master_Thesis/Implementation/libfranka_ws/build/Reinforcement_Learning_In_Teleoperation', 'catkin_cmake_args': None, 'catkin_skip_building_tests': False, 'cmake_args': None, 'cmake_clean_cache': False, 'cmake_clean_first': False, 'cmake_force_configure': False, 'cmake_target': None, 'cmake_target_skip_unavailable': False, 'install_base': '/media/kai/Kai_Backup/Master_Study/Master_Thesis/Implementation/libfranka_ws/install/Reinforcement_Learning_In_Teleoperation', 'merge_install': False, 'path': '/media/kai/Kai_Backup/Master_Study/Master_Thesis/Implementation/libfranka_ws/src/Reinforcement_Learning_In_Teleoperation', 'symlink_install': False, 'test_result_base': None}
[0.812s] INFO:colcon.colcon_core.executor:Executing jobs using 'parallel' executor
[0.813s] DEBUG:colcon.colcon_parallel_executor.executor.parallel:run_until_complete
[0.813s] INFO:colcon.colcon_ros.task.ament_python.build:Building ROS package in '/media/kai/Kai_Backup/Master_Study/Master_Thesis/Implementation/libfranka_ws/src/Reinforcement_Learning_In_Teleoperation' with build type 'ament_python'
[0.814s] Level 1:colcon.colcon_core.shell:create_environment_hook('Reinforcement_Learning_In_Teleoperation', 'ament_prefix_path')
[0.818s] INFO:colcon.colcon_core.plugin_system:Skipping extension 'colcon_core.shell.bat': Not used on non-Windows systems
[0.819s] INFO:colcon.colcon_core.shell:Creating environment hook '/media/kai/Kai_Backup/Master_Study/Master_Thesis/Implementation/libfranka_ws/install/Reinforcement_Learning_In_Teleoperation/share/Reinforcement_Learning_In_Teleoperation/hook/ament_prefix_path.ps1'
[0.819s] INFO:colcon.colcon_core.shell:Creating environment descriptor '/media/kai/Kai_Backup/Master_Study/Master_Thesis/Implementation/libfranka_ws/install/Reinforcement_Learning_In_Teleoperation/share/Reinforcement_Learning_In_Teleoperation/hook/ament_prefix_path.dsv'
[0.820s] INFO:colcon.colcon_core.shell:Creating environment hook '/media/kai/Kai_Backup/Master_Study/Master_Thesis/Implementation/libfranka_ws/install/Reinforcement_Learning_In_Teleoperation/share/Reinforcement_Learning_In_Teleoperation/hook/ament_prefix_path.sh'
[0.821s] INFO:colcon.colcon_core.shell:Skip shell extension 'powershell' for command environment: Not usable outside of PowerShell
[0.821s] DEBUG:colcon.colcon_core.shell:Skip shell extension 'dsv' for command environment
[1.197s] INFO:colcon.colcon_core.task.python.build:Building Python package in '/media/kai/Kai_Backup/Master_Study/Master_Thesis/Implementation/libfranka_ws/src/Reinforcement_Learning_In_Teleoperation'
[1.197s] INFO:colcon.colcon_core.shell:Skip shell extension 'powershell' for command environment: Not usable outside of PowerShell
[1.197s] DEBUG:colcon.colcon_core.shell:Skip shell extension 'dsv' for command environment
[1.724s] DEBUG:colcon.colcon_core.event_handler.log_command:Invoking command in '/media/kai/Kai_Backup/Master_Study/Master_Thesis/Implementation/libfranka_ws/build/Reinforcement_Learning_In_Teleoperation': PYTHONPATH=/media/kai/Kai_Backup/Master_Study/Master_Thesis/Implementation/libfranka_ws/build/Reinforcement_Learning_In_Teleoperation/prefix_override:/usr/lib/python3/dist-packages/colcon_core/task/python/colcon_distutils_commands:/media/kai/Kai_Backup/Master_Study/Master_Thesis/Implementation/libfranka_ws/install/Reinforcement_Learning_In_Teleoperation/lib/python3.10/site-packages:${PYTHONPATH} /usr/bin/python3 -W ignore:setup.py install is deprecated -W ignore:easy_install command is deprecated setup.py develop --uninstall --editable --build-directory /media/kai/Kai_Backup/Master_Study/Master_Thesis/Implementation/libfranka_ws/build/Reinforcement_Learning_In_Teleoperation/build
[2.448s] DEBUG:colcon.colcon_core.event_handler.log_command:Invoked command in '/media/kai/Kai_Backup/Master_Study/Master_Thesis/Implementation/libfranka_ws/build/Reinforcement_Learning_In_Teleoperation' returned '0': PYTHONPATH=/media/kai/Kai_Backup/Master_Study/Master_Thesis/Implementation/libfranka_ws/build/Reinforcement_Learning_In_Teleoperation/prefix_override:/usr/lib/python3/dist-packages/colcon_core/task/python/colcon_distutils_commands:/media/kai/Kai_Backup/Master_Study/Master_Thesis/Implementation/libfranka_ws/install/Reinforcement_Learning_In_Teleoperation/lib/python3.10/site-packages:${PYTHONPATH} /usr/bin/python3 -W ignore:setup.py install is deprecated -W ignore:easy_install command is deprecated setup.py develop --uninstall --editable --build-directory /media/kai/Kai_Backup/Master_Study/Master_Thesis/Implementation/libfranka_ws/build/Reinforcement_Learning_In_Teleoperation/build
[2.448s] DEBUG:colcon.colcon_core.event_handler.log_command:Invoking command in '/media/kai/Kai_Backup/Master_Study/Master_Thesis/Implementation/libfranka_ws/src/Reinforcement_Learning_In_Teleoperation': PYTHONPATH=/media/kai/Kai_Backup/Master_Study/Master_Thesis/Implementation/libfranka_ws/build/Reinforcement_Learning_In_Teleoperation/prefix_override:/usr/lib/python3/dist-packages/colcon_core/task/python/colcon_distutils_commands:/media/kai/Kai_Backup/Master_Study/Master_Thesis/Implementation/libfranka_ws/install/Reinforcement_Learning_In_Teleoperation/lib/python3.10/site-packages:${PYTHONPATH} /usr/bin/python3 -W ignore:setup.py install is deprecated -W ignore:easy_install command is deprecated setup.py egg_info --egg-base ../../build/Reinforcement_Learning_In_Teleoperation build --build-base /media/kai/Kai_Backup/Master_Study/Master_Thesis/Implementation/libfranka_ws/build/Reinforcement_Learning_In_Teleoperation/build install --record /media/kai/Kai_Backup/Master_Study/Master_Thesis/Implementation/libfranka_ws/build/Reinforcement_Learning_In_Teleoperation/install.log --single-version-externally-managed install_data --force
[2.961s] DEBUG:colcon.colcon_core.event_handler.log_command:Invoked command in '/media/kai/Kai_Backup/Master_Study/Master_Thesis/Implementation/libfranka_ws/src/Reinforcement_Learning_In_Teleoperation' returned '0': PYTHONPATH=/media/kai/Kai_Backup/Master_Study/Master_Thesis/Implementation/libfranka_ws/build/Reinforcement_Learning_In_Teleoperation/prefix_override:/usr/lib/python3/dist-packages/colcon_core/task/python/colcon_distutils_commands:/media/kai/Kai_Backup/Master_Study/Master_Thesis/Implementation/libfranka_ws/install/Reinforcement_Learning_In_Teleoperation/lib/python3.10/site-packages:${PYTHONPATH} /usr/bin/python3 -W ignore:setup.py install is deprecated -W ignore:easy_install command is deprecated setup.py egg_info --egg-base ../../build/Reinforcement_Learning_In_Teleoperation build --build-base /media/kai/Kai_Backup/Master_Study/Master_Thesis/Implementation/libfranka_ws/build/Reinforcement_Learning_In_Teleoperation/build install --record /media/kai/Kai_Backup/Master_Study/Master_Thesis/Implementation/libfranka_ws/build/Reinforcement_Learning_In_Teleoperation/install.log --single-version-externally-managed install_data --force
[2.964s] Level 1:colcon.colcon_core.environment:checking '/media/kai/Kai_Backup/Master_Study/Master_Thesis/Implementation/libfranka_ws/install/Reinforcement_Learning_In_Teleoperation' for CMake module files
[2.964s] Level 1:colcon.colcon_core.environment:checking '/media/kai/Kai_Backup/Master_Study/Master_Thesis/Implementation/libfranka_ws/install/Reinforcement_Learning_In_Teleoperation' for CMake config files
[2.965s] Level 1:colcon.colcon_core.environment:checking '/media/kai/Kai_Backup/Master_Study/Master_Thesis/Implementation/libfranka_ws/install/Reinforcement_Learning_In_Teleoperation/lib'
[2.965s] Level 1:colcon.colcon_core.environment:checking '/media/kai/Kai_Backup/Master_Study/Master_Thesis/Implementation/libfranka_ws/install/Reinforcement_Learning_In_Teleoperation/bin'
[2.966s] Level 1:colcon.colcon_core.environment:checking '/media/kai/Kai_Backup/Master_Study/Master_Thesis/Implementation/libfranka_ws/install/Reinforcement_Learning_In_Teleoperation/lib/pkgconfig/Reinforcement_Learning_In_Teleoperation.pc'
[2.966s] Level 1:colcon.colcon_core.environment:checking '/media/kai/Kai_Backup/Master_Study/Master_Thesis/Implementation/libfranka_ws/install/Reinforcement_Learning_In_Teleoperation/lib/python3.10/site-packages'
[2.966s] Level 1:colcon.colcon_core.shell:create_environment_hook('Reinforcement_Learning_In_Teleoperation', 'pythonpath')
[2.966s] INFO:colcon.colcon_core.shell:Creating environment hook '/media/kai/Kai_Backup/Master_Study/Master_Thesis/Implementation/libfranka_ws/install/Reinforcement_Learning_In_Teleoperation/share/Reinforcement_Learning_In_Teleoperation/hook/pythonpath.ps1'
[2.967s] INFO:colcon.colcon_core.shell:Creating environment descriptor '/media/kai/Kai_Backup/Master_Study/Master_Thesis/Implementation/libfranka_ws/install/Reinforcement_Learning_In_Teleoperation/share/Reinforcement_Learning_In_Teleoperation/hook/pythonpath.dsv'
[2.967s] INFO:colcon.colcon_core.shell:Creating environment hook '/media/kai/Kai_Backup/Master_Study/Master_Thesis/Implementation/libfranka_ws/install/Reinforcement_Learning_In_Teleoperation/share/Reinforcement_Learning_In_Teleoperation/hook/pythonpath.sh'
[2.968s] Level 1:colcon.colcon_core.environment:checking '/media/kai/Kai_Backup/Master_Study/Master_Thesis/Implementation/libfranka_ws/install/Reinforcement_Learning_In_Teleoperation/bin'
[2.968s] Level 1:colcon.colcon_core.environment:create_environment_scripts_only(Reinforcement_Learning_In_Teleoperation)
[2.968s] INFO:colcon.colcon_core.shell:Creating package script '/media/kai/Kai_Backup/Master_Study/Master_Thesis/Implementation/libfranka_ws/install/Reinforcement_Learning_In_Teleoperation/share/Reinforcement_Learning_In_Teleoperation/package.ps1'
[2.969s] INFO:colcon.colcon_core.shell:Creating package descriptor '/media/kai/Kai_Backup/Master_Study/Master_Thesis/Implementation/libfranka_ws/install/Reinforcement_Learning_In_Teleoperation/share/Reinforcement_Learning_In_Teleoperation/package.dsv'
[2.970s] INFO:colcon.colcon_core.shell:Creating package script '/media/kai/Kai_Backup/Master_Study/Master_Thesis/Implementation/libfranka_ws/install/Reinforcement_Learning_In_Teleoperation/share/Reinforcement_Learning_In_Teleoperation/package.sh'
[2.971s] INFO:colcon.colcon_core.shell:Creating package script '/media/kai/Kai_Backup/Master_Study/Master_Thesis/Implementation/libfranka_ws/install/Reinforcement_Learning_In_Teleoperation/share/Reinforcement_Learning_In_Teleoperation/package.bash'
[2.971s] INFO:colcon.colcon_core.shell:Creating package script '/media/kai/Kai_Backup/Master_Study/Master_Thesis/Implementation/libfranka_ws/install/Reinforcement_Learning_In_Teleoperation/share/Reinforcement_Learning_In_Teleoperation/package.zsh'
[2.972s] Level 1:colcon.colcon_core.environment:create_file_with_runtime_dependencies(/media/kai/Kai_Backup/Master_Study/Master_Thesis/Implementation/libfranka_ws/install/Reinforcement_Learning_In_Teleoperation/share/colcon-core/packages/Reinforcement_Learning_In_Teleoperation)
[2.973s] DEBUG:colcon.colcon_parallel_executor.executor.parallel:closing loop
[2.973s] DEBUG:colcon.colcon_parallel_executor.executor.parallel:loop closed
[2.973s] DEBUG:colcon.colcon_parallel_executor.executor.parallel:run_until_complete finished with '0'
[2.973s] DEBUG:colcon.colcon_core.event_reactor:joining thread
[2.980s] INFO:colcon.colcon_core.plugin_system:Skipping extension 'colcon_notification.desktop_notification.terminal_notifier': Not used on non-Darwin systems
[2.980s] INFO:colcon.colcon_core.plugin_system:Skipping extension 'colcon_notification.desktop_notification.win32': Not used on non-Windows systems
[2.980s] INFO:colcon.colcon_notification.desktop_notification:Sending desktop notification using 'notify2'
[2.997s] DEBUG:colcon.colcon_core.event_reactor:joined thread
[2.997s] INFO:colcon.colcon_core.shell:Creating prefix script '/media/kai/Kai_Backup/Master_Study/Master_Thesis/Implementation/libfranka_ws/install/local_setup.ps1'
[2.998s] INFO:colcon.colcon_core.shell:Creating prefix util module '/media/kai/Kai_Backup/Master_Study/Master_Thesis/Implementation/libfranka_ws/install/_local_setup_util_ps1.py'
[2.999s] INFO:colcon.colcon_core.shell:Creating prefix chain script '/media/kai/Kai_Backup/Master_Study/Master_Thesis/Implementation/libfranka_ws/install/setup.ps1'
[3.002s] INFO:colcon.colcon_core.shell:Creating prefix script '/media/kai/Kai_Backup/Master_Study/Master_Thesis/Implementation/libfranka_ws/install/local_setup.sh'
[3.002s] INFO:colcon.colcon_core.shell:Creating prefix util module '/media/kai/Kai_Backup/Master_Study/Master_Thesis/Implementation/libfranka_ws/install/_local_setup_util_sh.py'
[3.003s] INFO:colcon.colcon_core.shell:Creating prefix chain script '/media/kai/Kai_Backup/Master_Study/Master_Thesis/Implementation/libfranka_ws/install/setup.sh'
[3.006s] INFO:colcon.colcon_core.shell:Creating prefix script '/media/kai/Kai_Backup/Master_Study/Master_Thesis/Implementation/libfranka_ws/install/local_setup.bash'
[3.007s] INFO:colcon.colcon_core.shell:Creating prefix chain script '/media/kai/Kai_Backup/Master_Study/Master_Thesis/Implementation/libfranka_ws/install/setup.bash'
[3.009s] INFO:colcon.colcon_core.shell:Creating prefix script '/media/kai/Kai_Backup/Master_Study/Master_Thesis/Implementation/libfranka_ws/install/local_setup.zsh'
[3.010s] INFO:colcon.colcon_core.shell:Creating prefix chain script '/media/kai/Kai_Backup/Master_Study/Master_Thesis/Implementation/libfranka_ws/install/setup.zsh'
