2025-12-09 21:38:47 [INFO] __main__ - Training Configuration (Joint End-to-End):
2025-12-09 21:38:47 [INFO] __main__ -   Delay: HIGH_VARIANCE
2025-12-09 21:38:47 [INFO] __main__ -   Trajectory: figure_8
2025-12-09 21:38:47 [INFO] __main__ -   Total Timesteps: 3000000
2025-12-09 21:38:47 [INFO] __main__ - Creating vectorized environment...
2025-12-09 21:38:49 [INFO] __main__ - Initializing SACTrainer...
2025-12-09 21:38:51 [INFO] E2E_Teleoperation.E2E_Teleoperation.E2E_RL.sac_training_algorithm - Tensorboard logs at: ./rl_training_output/E2E_SAC_HIGH_VARIANCE_figure_8_20251209_213847/tensorboard_sac
2025-12-09 21:38:51 [INFO] E2E_Teleoperation.E2E_Teleoperation.E2E_RL.sac_training_algorithm - ======================================================================
2025-12-09 21:38:51 [INFO] E2E_Teleoperation.E2E_Teleoperation.E2E_RL.sac_training_algorithm - Starting Joint SAC Training (Recurrent E2E)
2025-12-09 21:38:51 [INFO] E2E_Teleoperation.E2E_Teleoperation.E2E_RL.sac_training_algorithm -   Obs Dim: 2264 | Output Dim: 7
2025-12-09 21:38:51 [INFO] E2E_Teleoperation.E2E_Teleoperation.E2E_RL.sac_training_algorithm - ======================================================================
2025-12-09 21:38:53 [ERROR] __main__ - Error: 
Traceback (most recent call last):
  File "/home/kaize/Downloads/Master_Study_Master_Thesis/libfranka_ws/src/E2E_Teleoperation/E2E_Teleoperation/E2E_RL/train_agent.py", line 91, in train_agent
    trainer.train(total_timesteps=args.timesteps)
  File "/home/kaize/Downloads/Master_Study_Master_Thesis/libfranka_ws/src/E2E_Teleoperation/E2E_Teleoperation/E2E_RL/sac_training_algorithm.py", line 315, in train
    obs = self.env.reset()
          ^^^^^^^^^^^^^^^^
  File "/home/kaize/venv_thesis/lib/python3.12/site-packages/stable_baselines3/common/vec_env/subproc_vec_env.py", line 145, in reset
    results = [remote.recv() for remote in self.remotes]
               ^^^^^^^^^^^^^
  File "/usr/lib/python3.12/multiprocessing/connection.py", line 250, in recv
    buf = self._recv_bytes()
          ^^^^^^^^^^^^^^^^^^
  File "/usr/lib/python3.12/multiprocessing/connection.py", line 430, in _recv_bytes
    buf = self._recv(4)
          ^^^^^^^^^^^^^
  File "/usr/lib/python3.12/multiprocessing/connection.py", line 399, in _recv
    raise EOFError
EOFError
2025-12-09 21:38:53 [INFO] E2E_Teleoperation.E2E_Teleoperation.E2E_RL.sac_training_algorithm - Checkpoint saved: ./rl_training_output/E2E_SAC_HIGH_VARIANCE_figure_8_20251209_213847/crash_policy.pth
