[35m[1mConsolidate compiler generated dependencies of target BulletSoftBody[0m
[35m[1mConsolidate compiler generated dependencies of target BulletCollision[0m
[  0%] [32mBuilding CXX object src/BulletSoftBody/CMakeFiles/BulletSoftBody.dir/btDeformableBodySolver.cpp.o[0m
[35m[1mConsolidate compiler generated dependencies of target gwen[0m
[35m[1mConsolidate compiler generated dependencies of target BulletRobotics[0m
[35m[1mConsolidate compiler generated dependencies of target BulletDynamics[0m
[  1%] Built target Bullet3Common
[  3%] Built target OpenGLWindow
[  3%] [32mBuilding CXX object src/BulletDynamics/CMakeFiles/BulletDynamics.dir/Featherstone/btMultiBody.cpp.o[0m
[  4%] Built target BulletInverseDynamics
[35m[1mConsolidate compiler generated dependencies of target BulletWorldImporter[0m
[  6%] Built target LinearMath
[35m[1mConsolidate compiler generated dependencies of target BulletFileLoader[0m
[  7%] Built target BulletExampleBrowserLib
[  7%] [32mBuilding CXX object Extras/BulletRobotics/CMakeFiles/BulletRobotics.dir/__/__/examples/SharedMemory/plugins/stablePDPlugin/KinTree.cpp.o[0m
[  8%] Built target BussIK
[  8%] [32mBuilding CXX object src/BulletSoftBody/CMakeFiles/BulletSoftBody.dir/btDeformableContactProjection.cpp.o[0m
[  9%] [32mBuilding CXX object src/BulletCollision/CMakeFiles/BulletCollision.dir/CollisionDispatch/btInternalEdgeUtility.cpp.o[0m
[  9%] [32mBuilding CXX object Extras/BulletRobotics/CMakeFiles/BulletRobotics.dir/__/__/examples/SharedMemory/plugins/stablePDPlugin/MathUtil.cpp.o[0m
[  9%] Built target BulletInverseDynamicsUtils
[  9%] [32mBuilding CXX object examples/ThirdPartyLibs/Gwen/CMakeFiles/gwen.dir/Controls/Label.cpp.o[0m
[  9%] [32mBuilding CXX object src/BulletCollision/CMakeFiles/BulletCollision.dir/CollisionDispatch/btSphereSphereCollisionAlgorithm.cpp.o[0m
[  9%] [32mBuilding CXX object src/BulletCollision/CMakeFiles/BulletCollision.dir/CollisionDispatch/btSphereBoxCollisionAlgorithm.cpp.o[0m
[ 10%] [32mBuilding CXX object Extras/Serialize/BulletWorldImporter/CMakeFiles/BulletWorldImporter.dir/btWorldImporter.cpp.o[0m
[ 10%] [32mBuilding CXX object Extras/Serialize/BulletFileLoader/CMakeFiles/BulletFileLoader.dir/btBulletFile.cpp.o[0m
[ 10%] [32mBuilding CXX object Extras/BulletRobotics/CMakeFiles/BulletRobotics.dir/__/__/examples/SharedMemory/plugins/stablePDPlugin/BulletConversion.cpp.o[0m
[ 10%] [32mBuilding CXX object src/BulletDynamics/CMakeFiles/BulletDynamics.dir/Featherstone/btMultiBodyConstraintSolver.cpp.o[0m
[ 11%] [32mBuilding CXX object src/BulletSoftBody/CMakeFiles/BulletSoftBody.dir/btDeformableMultiBodyDynamicsWorld.cpp.o[0m
[ 11%] [32mBuilding CXX object examples/ThirdPartyLibs/Gwen/CMakeFiles/gwen.dir/Controls/LabelClickable.cpp.o[0m
[ 11%] [32m[1mLinking CXX static library libBulletFileLoader.a[0m
[ 11%] Built target BulletFileLoader
[ 11%] [32mBuilding CXX object examples/ThirdPartyLibs/Gwen/CMakeFiles/gwen.dir/Controls/ListBox.cpp.o[0m
[ 11%] [32mBuilding CXX object src/BulletCollision/CMakeFiles/BulletCollision.dir/CollisionDispatch/btSphereTriangleCollisionAlgorithm.cpp.o[0m
[ 12%] [32mBuilding CXX object src/BulletCollision/CMakeFiles/BulletCollision.dir/CollisionDispatch/btUnionFind.cpp.o[0m
[ 12%] [32mBuilding CXX object src/BulletSoftBody/CMakeFiles/BulletSoftBody.dir/btDeformableContactConstraint.cpp.o[0m
[ 12%] [32mBuilding CXX object src/BulletCollision/CMakeFiles/BulletCollision.dir/CollisionDispatch/SphereTriangleDetector.cpp.o[0m
[ 12%] [32mBuilding CXX object src/BulletCollision/CMakeFiles/BulletCollision.dir/CollisionShapes/btBoxShape.cpp.o[0m
[ 12%] [32mBuilding CXX object src/BulletSoftBody/CMakeFiles/BulletSoftBody.dir/poly34.cpp.o[0m
[ 12%] [32mBuilding CXX object examples/ThirdPartyLibs/Gwen/CMakeFiles/gwen.dir/Controls/Menu.cpp.o[0m
[ 12%] [32mBuilding CXX object Extras/BulletRobotics/CMakeFiles/BulletRobotics.dir/__/__/examples/OpenGLWindow/SimpleCamera.cpp.o[0m
[35m[1mConsolidate compiler generated dependencies of target clsocket[0m
[ 13%] Built target clsocket
[ 13%] [32mBuilding CXX object src/BulletCollision/CMakeFiles/BulletCollision.dir/CollisionShapes/btBox2dShape.cpp.o[0m
[ 13%] [32mBuilding CXX object src/BulletCollision/CMakeFiles/BulletCollision.dir/CollisionShapes/btBvhTriangleMeshShape.cpp.o[0m
[ 13%] [32mBuilding CXX object src/BulletDynamics/CMakeFiles/BulletDynamics.dir/Featherstone/btMultiBodyDynamicsWorld.cpp.o[0m
[ 13%] [32mBuilding CXX object src/BulletSoftBody/CMakeFiles/BulletSoftBody.dir/BulletReducedDeformableBody/btReducedDeformableBody.cpp.o[0m
