[  0%] Built target franka_msgs__cpp
[  0%] Built target ament_cmake_python_symlink_franka_msgs
[  0%] [34m[1mGenerating C code for ROS interfaces[0m
[  0%] [32mBuilding CXX object CMakeFiles/franka_msgs__rosidl_typesupport_fastrtps_cpp.dir/rosidl_typesupport_fastrtps_cpp/franka_msgs/action/detail/dds_fastrtps/homing__type_support.cpp.o[0m
[  0%] [32mBuilding CXX object CMakeFiles/franka_msgs__rosidl_typesupport_fastrtps_cpp.dir/rosidl_typesupport_fastrtps_cpp/franka_msgs/srv/detail/dds_fastrtps/set_force_torque_collision_behavior__type_support.cpp.o[0m
[  1%] [32mBuilding CXX object CMakeFiles/franka_msgs__rosidl_typesupport_fastrtps_cpp.dir/rosidl_typesupport_fastrtps_cpp/franka_msgs/srv/detail/dds_fastrtps/error_recovery__type_support.cpp.o[0m
[  2%] [32mBuilding CXX object CMakeFiles/franka_msgs__rosidl_typesupport_fastrtps_cpp.dir/rosidl_typesupport_fastrtps_cpp/franka_msgs/srv/detail/dds_fastrtps/set_cartesian_stiffness__type_support.cpp.o[0m
[  2%] [32mBuilding CXX object CMakeFiles/franka_msgs__rosidl_typesupport_fastrtps_cpp.dir/rosidl_typesupport_fastrtps_cpp/franka_msgs/srv/detail/dds_fastrtps/set_full_collision_behavior__type_support.cpp.o[0m
[  3%] [32mBuilding CXX object CMakeFiles/franka_msgs__rosidl_typesupport_fastrtps_cpp.dir/rosidl_typesupport_fastrtps_cpp/franka_msgs/action/detail/dds_fastrtps/move__type_support.cpp.o[0m
[35m[1mConsolidate compiler generated dependencies of target franka_msgs__rosidl_typesupport_cpp[0m
[  5%] [32mBuilding CXX object CMakeFiles/franka_msgs__rosidl_typesupport_fastrtps_cpp.dir/rosidl_typesupport_fastrtps_cpp/franka_msgs/srv/detail/dds_fastrtps/set_tcp_frame__type_support.cpp.o[0m
[  5%] [32mBuilding CXX object CMakeFiles/franka_msgs__rosidl_typesupport_fastrtps_cpp.dir/rosidl_typesupport_fastrtps_cpp/franka_msgs/action/detail/dds_fastrtps/grasp__type_support.cpp.o[0m
[35m[1mConsolidate compiler generated dependencies of target franka_msgs__rosidl_typesupport_introspection_cpp[0m
[ 17%] Built target franka_msgs__rosidl_typesupport_cpp
[ 18%] [32mBuilding CXX object CMakeFiles/franka_msgs__rosidl_typesupport_fastrtps_cpp.dir/rosidl_typesupport_fastrtps_cpp/franka_msgs/srv/detail/dds_fastrtps/set_joint_stiffness__type_support.cpp.o[0m
[ 30%] Built target franka_msgs__rosidl_typesupport_introspection_cpp
[ 30%] [32mBuilding CXX object CMakeFiles/franka_msgs__rosidl_typesupport_fastrtps_cpp.dir/rosidl_typesupport_fastrtps_cpp/franka_msgs/srv/detail/dds_fastrtps/set_stiffness_frame__type_support.cpp.o[0m
[ 31%] [32mBuilding CXX object CMakeFiles/franka_msgs__rosidl_typesupport_fastrtps_cpp.dir/rosidl_typesupport_fastrtps_cpp/franka_msgs/srv/detail/dds_fastrtps/set_load__type_support.cpp.o[0m
[ 32%] [32mBuilding CXX object CMakeFiles/franka_msgs__rosidl_typesupport_fastrtps_cpp.dir/rosidl_typesupport_fastrtps_cpp/franka_msgs/srv/detail/dds_fastrtps/set_mujoco_poses__type_support.cpp.o[0m
[ 32%] [32mBuilding CXX object CMakeFiles/franka_msgs__rosidl_typesupport_fastrtps_cpp.dir/rosidl_typesupport_fastrtps_cpp/franka_msgs/msg/detail/dds_fastrtps/grasp_epsilon__type_support.cpp.o[0m
[ 33%] [32mBuilding CXX object CMakeFiles/franka_msgs__rosidl_typesupport_fastrtps_cpp.dir/rosidl_typesupport_fastrtps_cpp/franka_msgs/msg/detail/dds_fastrtps/franka_state__type_support.cpp.o[0m
running egg_info
writing franka_msgs.egg-info/PKG-INFO
writing dependency_links to franka_msgs.egg-info/dependency_links.txt
writing top-level names to franka_msgs.egg-info/top_level.txt
reading manifest file 'franka_msgs.egg-info/SOURCES.txt'
writing manifest file 'franka_msgs.egg-info/SOURCES.txt'
[ 33%] [32mBuilding CXX object CMakeFiles/franka_msgs__rosidl_typesupport_fastrtps_cpp.dir/rosidl_typesupport_fastrtps_cpp/franka_msgs/msg/detail/dds_fastrtps/franka_model__type_support.cpp.o[0m
[ 33%] Built target ament_cmake_python_build_franka_msgs_egg
[ 34%] [32mBuilding CXX object CMakeFiles/franka_msgs__rosidl_typesupport_fastrtps_cpp.dir/rosidl_typesupport_fastrtps_cpp/franka_msgs/msg/detail/dds_fastrtps/errors__type_support.cpp.o[0m
[ 35%] [32mBuilding CXX object CMakeFiles/franka_msgs__rosidl_typesupport_fastrtps_cpp.dir/rosidl_typesupport_fastrtps_cpp/franka_msgs/msg/detail/dds_fastrtps/pose_stamped_array__type_support.cpp.o[0m
[ 35%] [32m[1mLinking CXX shared library libfranka_msgs__rosidl_typesupport_fastrtps_cpp.so[0m
[ 36%] Built target franka_msgs__rosidl_typesupport_fastrtps_cpp
[ 37%] [32mBuilding C object CMakeFiles/franka_msgs__rosidl_generator_c.dir/rosidl_generator_c/franka_msgs/action/detail/grasp__functions.c.o[0m
[ 38%] [32mBuilding C object CMakeFiles/franka_msgs__rosidl_generator_c.dir/rosidl_generator_c/franka_msgs/action/detail/homing__functions.c.o[0m
[ 39%] [32mBuilding C object CMakeFiles/franka_msgs__rosidl_generator_c.dir/rosidl_generator_c/franka_msgs/srv/detail/error_recovery__functions.c.o[0m
[ 39%] [32mBuilding C object CMakeFiles/franka_msgs__rosidl_generator_c.dir/rosidl_generator_c/franka_msgs/srv/detail/set_tcp_frame__functions.c.o[0m
[ 40%] [32mBuilding C object CMakeFiles/franka_msgs__rosidl_generator_c.dir/rosidl_generator_c/franka_msgs/srv/detail/set_cartesian_stiffness__functions.c.o[0m
[ 40%] [32mBuilding C object CMakeFiles/franka_msgs__rosidl_generator_c.dir/rosidl_generator_c/franka_msgs/action/detail/move__functions.c.o[0m
[ 41%] [32mBuilding C object CMakeFiles/franka_msgs__rosidl_generator_c.dir/rosidl_generator_c/franka_msgs/srv/detail/set_force_torque_collision_behavior__functions.c.o[0m
[ 42%] [32mBuilding C object CMakeFiles/franka_msgs__rosidl_generator_c.dir/rosidl_generator_c/franka_msgs/srv/detail/set_mujoco_poses__functions.c.o[0m
[ 43%] [32mBuilding C object CMakeFiles/franka_msgs__rosidl_generator_c.dir/rosidl_generator_c/franka_msgs/msg/detail/grasp_epsilon__functions.c.o[0m
gmake[2]: *** [CMakeFiles/franka_msgs__rosidl_generator_c.dir/build.make:444: CMakeFiles/franka_msgs__rosidl_generator_c.dir/rosidl_generator_c/franka_msgs/action/detail/homing__functions.c.o] Interrupt
gmake[2]: *** [CMakeFiles/franka_msgs__rosidl_generator_c.dir/build.make:555: CMakeFiles/franka_msgs__rosidl_generator_c.dir/rosidl_generator_c/franka_msgs/srv/detail/set_stiffness_frame__functions.c.o] Interrupt
gmake[2]: *** [CMakeFiles/franka_msgs__rosidl_generator_c.dir/build.make:584: CMakeFiles/franka_msgs__rosidl_generator_c.dir/rosidl_generator_c/franka_msgs/srv/detail/set_mujoco_poses__functions.c.o] Interrupt
gmake[2]: *** [CMakeFiles/franka_msgs__rosidl_generator_c.dir/build.make:458: CMakeFiles/franka_msgs__rosidl_generator_c.dir/rosidl_generator_c/franka_msgs/action/detail/move__functions.c.o] Interrupt
gmake[2]: *** [CMakeFiles/franka_msgs__rosidl_generator_c.dir/build.make:611: CMakeFiles/franka_msgs__rosidl_generator_c.dir/rosidl_generator_c/franka_msgs/msg/detail/franka_state__functions.c.o] Interrupt
[ 43%] [32mBuilding C object CMakeFiles/franka_msgs__rosidl_generator_c.dir/rosidl_generator_c/franka_msgs/srv/detail/set_load__functions.c.o[0m
gmake[2]: *** [CMakeFiles/franka_msgs__rosidl_generator_c.dir/build.make:569: CMakeFiles/franka_msgs__rosidl_generator_c.dir/rosidl_generator_c/franka_msgs/srv/detail/set_load__functions.c.o] Interrupt
gmake[1]: *** [CMakeFiles/Makefile2:213: CMakeFiles/franka_msgs__rosidl_generator_c.dir/all] Interrupt
gmake: *** [Makefile:146: all] Interrupt
