[0.051s] Invoking command in '/media/kai/Kai_Backup/Master_Study/Master_Thesis/Implementation/libfranka_ws/build/franka_description': CMAKE_PREFIX_PATH=${CMAKE_PREFIX_PATH}:/media/kai/Kai_Backup/Master_Study/Master_Thesis/Implementation/libfranka_ws/install/Hierarchical_Reinforcement_Learning_for_Adaptive_Control_Under_Stochastic_Network_Delays:/media/kai/Kai_Backup/Master_Study/Master_Thesis/Implementation/libfranka_ws/install/Reinforcement_Learning_In_Teleoperation:/opt/ros/humble /usr/bin/cmake /media/kai/Kai_Backup/Master_Study/Master_Thesis/Implementation/libfranka_ws/src/multipanda_ros2/franka_description -DAMENT_CMAKE_SYMLINK_INSTALL=1 -DCMAKE_INSTALL_PREFIX=/media/kai/Kai_Backup/Master_Study/Master_Thesis/Implementation/libfranka_ws/install/franka_description
[0.596s] -- Found ament_cmake: 1.3.12 (/opt/ros/humble/share/ament_cmake/cmake)
[0.597s] -- Override CMake install command with custom implementation using symlinks instead of copying resources
[0.597s] -- Found ament_lint_auto: 0.12.14 (/opt/ros/humble/share/ament_lint_auto/cmake)
[1.241s] -- Configuring done
[1.248s] -- Generating done
[1.252s] -- Build files have been written to: /media/kai/Kai_Backup/Master_Study/Master_Thesis/Implementation/libfranka_ws/build/franka_description
[1.262s] Invoked command in '/media/kai/Kai_Backup/Master_Study/Master_Thesis/Implementation/libfranka_ws/build/franka_description' returned '0': CMAKE_PREFIX_PATH=${CMAKE_PREFIX_PATH}:/media/kai/Kai_Backup/Master_Study/Master_Thesis/Implementation/libfranka_ws/install/Hierarchical_Reinforcement_Learning_for_Adaptive_Control_Under_Stochastic_Network_Delays:/media/kai/Kai_Backup/Master_Study/Master_Thesis/Implementation/libfranka_ws/install/Reinforcement_Learning_In_Teleoperation:/opt/ros/humble /usr/bin/cmake /media/kai/Kai_Backup/Master_Study/Master_Thesis/Implementation/libfranka_ws/src/multipanda_ros2/franka_description -DAMENT_CMAKE_SYMLINK_INSTALL=1 -DCMAKE_INSTALL_PREFIX=/media/kai/Kai_Backup/Master_Study/Master_Thesis/Implementation/libfranka_ws/install/franka_description
[1.263s] Invoking command in '/media/kai/Kai_Backup/Master_Study/Master_Thesis/Implementation/libfranka_ws/build/franka_description': CMAKE_PREFIX_PATH=${CMAKE_PREFIX_PATH}:/media/kai/Kai_Backup/Master_Study/Master_Thesis/Implementation/libfranka_ws/install/Hierarchical_Reinforcement_Learning_for_Adaptive_Control_Under_Stochastic_Network_Delays:/media/kai/Kai_Backup/Master_Study/Master_Thesis/Implementation/libfranka_ws/install/Reinforcement_Learning_In_Teleoperation:/opt/ros/humble /usr/bin/cmake --build /media/kai/Kai_Backup/Master_Study/Master_Thesis/Implementation/libfranka_ws/build/franka_description -- -j12 -l12
[1.524s] Invoked command in '/media/kai/Kai_Backup/Master_Study/Master_Thesis/Implementation/libfranka_ws/build/franka_description' returned '0': CMAKE_PREFIX_PATH=${CMAKE_PREFIX_PATH}:/media/kai/Kai_Backup/Master_Study/Master_Thesis/Implementation/libfranka_ws/install/Hierarchical_Reinforcement_Learning_for_Adaptive_Control_Under_Stochastic_Network_Delays:/media/kai/Kai_Backup/Master_Study/Master_Thesis/Implementation/libfranka_ws/install/Reinforcement_Learning_In_Teleoperation:/opt/ros/humble /usr/bin/cmake --build /media/kai/Kai_Backup/Master_Study/Master_Thesis/Implementation/libfranka_ws/build/franka_description -- -j12 -l12
[1.544s] Invoking command in '/media/kai/Kai_Backup/Master_Study/Master_Thesis/Implementation/libfranka_ws/build/franka_description': CMAKE_PREFIX_PATH=${CMAKE_PREFIX_PATH}:/media/kai/Kai_Backup/Master_Study/Master_Thesis/Implementation/libfranka_ws/install/Hierarchical_Reinforcement_Learning_for_Adaptive_Control_Under_Stochastic_Network_Delays:/media/kai/Kai_Backup/Master_Study/Master_Thesis/Implementation/libfranka_ws/install/Reinforcement_Learning_In_Teleoperation:/opt/ros/humble /usr/bin/cmake --install /media/kai/Kai_Backup/Master_Study/Master_Thesis/Implementation/libfranka_ws/build/franka_description
[1.963s] -- Install configuration: ""
[1.963s] -- Execute custom install script
[1.963s] -- Symlinking: /media/kai/Kai_Backup/Master_Study/Master_Thesis/Implementation/libfranka_ws/install/franka_description/share/franka_description//launch/visualize_franka.launch.py
[1.963s] -- Symlinking: /media/kai/Kai_Backup/Master_Study/Master_Thesis/Implementation/libfranka_ws/install/franka_description/share/franka_description//robots/common/hand.urdf.xacro
[1.963s] -- Symlinking: /media/kai/Kai_Backup/Master_Study/Master_Thesis/Implementation/libfranka_ws/install/franka_description/share/franka_description//robots/common/hand.xacro
[1.964s] -- Symlinking: /media/kai/Kai_Backup/Master_Study/Master_Thesis/Implementation/libfranka_ws/install/franka_description/share/franka_description//robots/common/panda_arm.xacro
[1.964s] -- Symlinking: /media/kai/Kai_Backup/Master_Study/Master_Thesis/Implementation/libfranka_ws/install/franka_description/share/franka_description//robots/mixed/mixed_dual_panda_arm.urdf.xacro
[1.964s] -- Symlinking: /media/kai/Kai_Backup/Master_Study/Master_Thesis/Implementation/libfranka_ws/install/franka_description/share/franka_description//robots/mixed/mixed_quad_panda_arm.urdf.xacro
[1.964s] -- Symlinking: /media/kai/Kai_Backup/Master_Study/Master_Thesis/Implementation/libfranka_ws/install/franka_description/share/franka_description//robots/real/dual_panda_arm.ros2_control.xacro
[1.964s] -- Symlinking: /media/kai/Kai_Backup/Master_Study/Master_Thesis/Implementation/libfranka_ws/install/franka_description/share/franka_description//robots/real/dual_panda_arm.urdf.xacro
[1.964s] -- Symlinking: /media/kai/Kai_Backup/Master_Study/Master_Thesis/Implementation/libfranka_ws/install/franka_description/share/franka_description//robots/real/panda_arm.ros2_control.xacro
[1.964s] -- Symlinking: /media/kai/Kai_Backup/Master_Study/Master_Thesis/Implementation/libfranka_ws/install/franka_description/share/franka_description//robots/real/panda_arm.urdf.xacro
[1.965s] -- Symlinking: /media/kai/Kai_Backup/Master_Study/Master_Thesis/Implementation/libfranka_ws/install/franka_description/share/franka_description//robots/sim/dual_panda_arm_sim.ros2_control.xacro
[1.965s] -- Symlinking: /media/kai/Kai_Backup/Master_Study/Master_Thesis/Implementation/libfranka_ws/install/franka_description/share/franka_description//robots/sim/dual_panda_arm_sim.urdf.xacro
[1.973s] -- Symlinking: /media/kai/Kai_Backup/Master_Study/Master_Thesis/Implementation/libfranka_ws/install/franka_description/share/franka_description//robots/sim/panda_arm_sim.ros2_control.xacro
[2.002s] -- Symlinking: /media/kai/Kai_Backup/Master_Study/Master_Thesis/Implementation/libfranka_ws/install/franka_description/share/franka_description//robots/sim/panda_arm_sim.urdf.xacro
[2.022s] -- Symlinking: /media/kai/Kai_Backup/Master_Study/Master_Thesis/Implementation/libfranka_ws/install/franka_description/share/franka_description//meshes/visual/finger.dae
[2.032s] -- Symlinking: /media/kai/Kai_Backup/Master_Study/Master_Thesis/Implementation/libfranka_ws/install/franka_description/share/franka_description//meshes/visual/hand.dae
[2.058s] -- Symlinking: /media/kai/Kai_Backup/Master_Study/Master_Thesis/Implementation/libfranka_ws/install/franka_description/share/franka_description//meshes/visual/link0.dae
[2.109s] -- Symlinking: /media/kai/Kai_Backup/Master_Study/Master_Thesis/Implementation/libfranka_ws/install/franka_description/share/franka_description//meshes/visual/link1.dae
[2.132s] -- Symlinking: /media/kai/Kai_Backup/Master_Study/Master_Thesis/Implementation/libfranka_ws/install/franka_description/share/franka_description//meshes/visual/link2.dae
[2.157s] -- Symlinking: /media/kai/Kai_Backup/Master_Study/Master_Thesis/Implementation/libfranka_ws/install/franka_description/share/franka_description//meshes/visual/link3.dae
[2.189s] -- Symlinking: /media/kai/Kai_Backup/Master_Study/Master_Thesis/Implementation/libfranka_ws/install/franka_description/share/franka_description//meshes/visual/link4.dae
[2.234s] -- Symlinking: /media/kai/Kai_Backup/Master_Study/Master_Thesis/Implementation/libfranka_ws/install/franka_description/share/franka_description//meshes/visual/link5.dae
[2.256s] -- Symlinking: /media/kai/Kai_Backup/Master_Study/Master_Thesis/Implementation/libfranka_ws/install/franka_description/share/franka_description//meshes/visual/link6.dae
[2.280s] -- Symlinking: /media/kai/Kai_Backup/Master_Study/Master_Thesis/Implementation/libfranka_ws/install/franka_description/share/franka_description//meshes/visual/link7.dae
[2.303s] -- Symlinking: /media/kai/Kai_Backup/Master_Study/Master_Thesis/Implementation/libfranka_ws/install/franka_description/share/franka_description//meshes/visual/meshes.blend
[2.321s] -- Symlinking: /media/kai/Kai_Backup/Master_Study/Master_Thesis/Implementation/libfranka_ws/install/franka_description/share/franka_description//rviz/visualize_dual_franka.rviz
[2.367s] -- Symlinking: /media/kai/Kai_Backup/Master_Study/Master_Thesis/Implementation/libfranka_ws/install/franka_description/share/franka_description//rviz/visualize_franka.rviz
[2.386s] -- Symlinking: /media/kai/Kai_Backup/Master_Study/Master_Thesis/Implementation/libfranka_ws/install/franka_description/share/franka_description//mujoco/franka/TEMPLATE_panda.xml
[2.419s] -- Symlinking: /media/kai/Kai_Backup/Master_Study/Master_Thesis/Implementation/libfranka_ws/install/franka_description/share/franka_description//mujoco/franka/assets/finger_0.obj
[2.461s] -- Symlinking: /media/kai/Kai_Backup/Master_Study/Master_Thesis/Implementation/libfranka_ws/install/franka_description/share/franka_description//mujoco/franka/assets/finger_1.obj
[2.496s] -- Symlinking: /media/kai/Kai_Backup/Master_Study/Master_Thesis/Implementation/libfranka_ws/install/franka_description/share/franka_description//mujoco/franka/assets/hand.stl
[2.518s] -- Symlinking: /media/kai/Kai_Backup/Master_Study/Master_Thesis/Implementation/libfranka_ws/install/franka_description/share/franka_description//mujoco/franka/assets/hand_0.obj
[2.542s] -- Symlinking: /media/kai/Kai_Backup/Master_Study/Master_Thesis/Implementation/libfranka_ws/install/franka_description/share/franka_description//mujoco/franka/assets/hand_1.obj
[2.561s] -- Symlinking: /media/kai/Kai_Backup/Master_Study/Master_Thesis/Implementation/libfranka_ws/install/franka_description/share/franka_description//mujoco/franka/assets/hand_2.obj
[2.581s] -- Symlinking: /media/kai/Kai_Backup/Master_Study/Master_Thesis/Implementation/libfranka_ws/install/franka_description/share/franka_description//mujoco/franka/assets/hand_3.obj
[2.603s] -- Symlinking: /media/kai/Kai_Backup/Master_Study/Master_Thesis/Implementation/libfranka_ws/install/franka_description/share/franka_description//mujoco/franka/assets/hand_4.obj
[2.628s] -- Symlinking: /media/kai/Kai_Backup/Master_Study/Master_Thesis/Implementation/libfranka_ws/install/franka_description/share/franka_description//mujoco/franka/assets/link0.stl
[2.646s] -- Symlinking: /media/kai/Kai_Backup/Master_Study/Master_Thesis/Implementation/libfranka_ws/install/franka_description/share/franka_description//mujoco/franka/assets/link0_0.obj
[2.711s] -- Symlinking: /media/kai/Kai_Backup/Master_Study/Master_Thesis/Implementation/libfranka_ws/install/franka_description/share/franka_description//mujoco/franka/assets/link0_1.obj
[2.729s] -- Symlinking: /media/kai/Kai_Backup/Master_Study/Master_Thesis/Implementation/libfranka_ws/install/franka_description/share/franka_description//mujoco/franka/assets/link0_10.obj
[2.767s] -- Symlinking: /media/kai/Kai_Backup/Master_Study/Master_Thesis/Implementation/libfranka_ws/install/franka_description/share/franka_description//mujoco/franka/assets/link0_11.obj
[2.787s] -- Symlinking: /media/kai/Kai_Backup/Master_Study/Master_Thesis/Implementation/libfranka_ws/install/franka_description/share/franka_description//mujoco/franka/assets/link0_2.obj
[2.804s] -- Symlinking: /media/kai/Kai_Backup/Master_Study/Master_Thesis/Implementation/libfranka_ws/install/franka_description/share/franka_description//mujoco/franka/assets/link0_3.obj
[2.832s] -- Symlinking: /media/kai/Kai_Backup/Master_Study/Master_Thesis/Implementation/libfranka_ws/install/franka_description/share/franka_description//mujoco/franka/assets/link0_4.obj
[2.850s] -- Symlinking: /media/kai/Kai_Backup/Master_Study/Master_Thesis/Implementation/libfranka_ws/install/franka_description/share/franka_description//mujoco/franka/assets/link0_5.obj
[2.871s] -- Symlinking: /media/kai/Kai_Backup/Master_Study/Master_Thesis/Implementation/libfranka_ws/install/franka_description/share/franka_description//mujoco/franka/assets/link0_7.obj
[2.890s] -- Symlinking: /media/kai/Kai_Backup/Master_Study/Master_Thesis/Implementation/libfranka_ws/install/franka_description/share/franka_description//mujoco/franka/assets/link0_8.obj
[2.911s] -- Symlinking: /media/kai/Kai_Backup/Master_Study/Master_Thesis/Implementation/libfranka_ws/install/franka_description/share/franka_description//mujoco/franka/assets/link0_9.obj
[2.932s] -- Symlinking: /media/kai/Kai_Backup/Master_Study/Master_Thesis/Implementation/libfranka_ws/install/franka_description/share/franka_description//mujoco/franka/assets/link1.obj
[2.952s] -- Symlinking: /media/kai/Kai_Backup/Master_Study/Master_Thesis/Implementation/libfranka_ws/install/franka_description/share/franka_description//mujoco/franka/assets/link1.stl
[2.971s] -- Symlinking: /media/kai/Kai_Backup/Master_Study/Master_Thesis/Implementation/libfranka_ws/install/franka_description/share/franka_description//mujoco/franka/assets/link2.obj
[2.988s] -- Symlinking: /media/kai/Kai_Backup/Master_Study/Master_Thesis/Implementation/libfranka_ws/install/franka_description/share/franka_description//mujoco/franka/assets/link2.stl
[3.004s] -- Symlinking: /media/kai/Kai_Backup/Master_Study/Master_Thesis/Implementation/libfranka_ws/install/franka_description/share/franka_description//mujoco/franka/assets/link3.stl
[3.025s] -- Symlinking: /media/kai/Kai_Backup/Master_Study/Master_Thesis/Implementation/libfranka_ws/install/franka_description/share/franka_description//mujoco/franka/assets/link3_0.obj
[3.043s] -- Symlinking: /media/kai/Kai_Backup/Master_Study/Master_Thesis/Implementation/libfranka_ws/install/franka_description/share/franka_description//mujoco/franka/assets/link3_1.obj
[3.061s] -- Symlinking: /media/kai/Kai_Backup/Master_Study/Master_Thesis/Implementation/libfranka_ws/install/franka_description/share/franka_description//mujoco/franka/assets/link3_2.obj
[3.077s] -- Symlinking: /media/kai/Kai_Backup/Master_Study/Master_Thesis/Implementation/libfranka_ws/install/franka_description/share/franka_description//mujoco/franka/assets/link3_3.obj
[3.095s] -- Symlinking: /media/kai/Kai_Backup/Master_Study/Master_Thesis/Implementation/libfranka_ws/install/franka_description/share/franka_description//mujoco/franka/assets/link4.stl
[3.114s] -- Symlinking: /media/kai/Kai_Backup/Master_Study/Master_Thesis/Implementation/libfranka_ws/install/franka_description/share/franka_description//mujoco/franka/assets/link4_0.obj
[3.130s] -- Symlinking: /media/kai/Kai_Backup/Master_Study/Master_Thesis/Implementation/libfranka_ws/install/franka_description/share/franka_description//mujoco/franka/assets/link4_1.obj
[3.143s] -- Symlinking: /media/kai/Kai_Backup/Master_Study/Master_Thesis/Implementation/libfranka_ws/install/franka_description/share/franka_description//mujoco/franka/assets/link4_2.obj
[3.164s] -- Symlinking: /media/kai/Kai_Backup/Master_Study/Master_Thesis/Implementation/libfranka_ws/install/franka_description/share/franka_description//mujoco/franka/assets/link4_3.obj
[3.185s] -- Symlinking: /media/kai/Kai_Backup/Master_Study/Master_Thesis/Implementation/libfranka_ws/install/franka_description/share/franka_description//mujoco/franka/assets/link5_0.obj
[3.203s] -- Symlinking: /media/kai/Kai_Backup/Master_Study/Master_Thesis/Implementation/libfranka_ws/install/franka_description/share/franka_description//mujoco/franka/assets/link5_1.obj
[3.222s] -- Symlinking: /media/kai/Kai_Backup/Master_Study/Master_Thesis/Implementation/libfranka_ws/install/franka_description/share/franka_description//mujoco/franka/assets/link5_2.obj
[3.240s] -- Symlinking: /media/kai/Kai_Backup/Master_Study/Master_Thesis/Implementation/libfranka_ws/install/franka_description/share/franka_description//mujoco/franka/assets/link5_collision_0.obj
[3.258s] -- Symlinking: /media/kai/Kai_Backup/Master_Study/Master_Thesis/Implementation/libfranka_ws/install/franka_description/share/franka_description//mujoco/franka/assets/link5_collision_1.obj
[3.276s] -- Symlinking: /media/kai/Kai_Backup/Master_Study/Master_Thesis/Implementation/libfranka_ws/install/franka_description/share/franka_description//mujoco/franka/assets/link5_collision_2.obj
[3.295s] -- Symlinking: /media/kai/Kai_Backup/Master_Study/Master_Thesis/Implementation/libfranka_ws/install/franka_description/share/franka_description//mujoco/franka/assets/link6.stl
[3.313s] -- Symlinking: /media/kai/Kai_Backup/Master_Study/Master_Thesis/Implementation/libfranka_ws/install/franka_description/share/franka_description//mujoco/franka/assets/link6_0.obj
[3.330s] -- Symlinking: /media/kai/Kai_Backup/Master_Study/Master_Thesis/Implementation/libfranka_ws/install/franka_description/share/franka_description//mujoco/franka/assets/link6_1.obj
[3.349s] -- Symlinking: /media/kai/Kai_Backup/Master_Study/Master_Thesis/Implementation/libfranka_ws/install/franka_description/share/franka_description//mujoco/franka/assets/link6_10.obj
[3.371s] -- Symlinking: /media/kai/Kai_Backup/Master_Study/Master_Thesis/Implementation/libfranka_ws/install/franka_description/share/franka_description//mujoco/franka/assets/link6_11.obj
[3.397s] -- Symlinking: /media/kai/Kai_Backup/Master_Study/Master_Thesis/Implementation/libfranka_ws/install/franka_description/share/franka_description//mujoco/franka/assets/link6_12.obj
[3.415s] -- Symlinking: /media/kai/Kai_Backup/Master_Study/Master_Thesis/Implementation/libfranka_ws/install/franka_description/share/franka_description//mujoco/franka/assets/link6_13.obj
[3.444s] -- Symlinking: /media/kai/Kai_Backup/Master_Study/Master_Thesis/Implementation/libfranka_ws/install/franka_description/share/franka_description//mujoco/franka/assets/link6_14.obj
[3.467s] -- Symlinking: /media/kai/Kai_Backup/Master_Study/Master_Thesis/Implementation/libfranka_ws/install/franka_description/share/franka_description//mujoco/franka/assets/link6_15.obj
[3.487s] -- Symlinking: /media/kai/Kai_Backup/Master_Study/Master_Thesis/Implementation/libfranka_ws/install/franka_description/share/franka_description//mujoco/franka/assets/link6_16.obj
[3.504s] -- Symlinking: /media/kai/Kai_Backup/Master_Study/Master_Thesis/Implementation/libfranka_ws/install/franka_description/share/franka_description//mujoco/franka/assets/link6_2.obj
[3.522s] -- Symlinking: /media/kai/Kai_Backup/Master_Study/Master_Thesis/Implementation/libfranka_ws/install/franka_description/share/franka_description//mujoco/franka/assets/link6_3.obj
[3.541s] -- Symlinking: /media/kai/Kai_Backup/Master_Study/Master_Thesis/Implementation/libfranka_ws/install/franka_description/share/franka_description//mujoco/franka/assets/link6_4.obj
[3.560s] -- Symlinking: /media/kai/Kai_Backup/Master_Study/Master_Thesis/Implementation/libfranka_ws/install/franka_description/share/franka_description//mujoco/franka/assets/link6_5.obj
[3.596s] -- Symlinking: /media/kai/Kai_Backup/Master_Study/Master_Thesis/Implementation/libfranka_ws/install/franka_description/share/franka_description//mujoco/franka/assets/link6_6.obj
[3.625s] -- Symlinking: /media/kai/Kai_Backup/Master_Study/Master_Thesis/Implementation/libfranka_ws/install/franka_description/share/franka_description//mujoco/franka/assets/link6_7.obj
[3.638s] -- Symlinking: /media/kai/Kai_Backup/Master_Study/Master_Thesis/Implementation/libfranka_ws/install/franka_description/share/franka_description//mujoco/franka/assets/link6_8.obj
[3.654s] -- Symlinking: /media/kai/Kai_Backup/Master_Study/Master_Thesis/Implementation/libfranka_ws/install/franka_description/share/franka_description//mujoco/franka/assets/link6_9.obj
[3.672s] -- Symlinking: /media/kai/Kai_Backup/Master_Study/Master_Thesis/Implementation/libfranka_ws/install/franka_description/share/franka_description//mujoco/franka/assets/link7.stl
[3.687s] -- Symlinking: /media/kai/Kai_Backup/Master_Study/Master_Thesis/Implementation/libfranka_ws/install/franka_description/share/franka_description//mujoco/franka/assets/link7_0.obj
[3.709s] -- Symlinking: /media/kai/Kai_Backup/Master_Study/Master_Thesis/Implementation/libfranka_ws/install/franka_description/share/franka_description//mujoco/franka/assets/link7_1.obj
[3.733s] -- Symlinking: /media/kai/Kai_Backup/Master_Study/Master_Thesis/Implementation/libfranka_ws/install/franka_description/share/franka_description//mujoco/franka/assets/link7_2.obj
[3.758s] -- Symlinking: /media/kai/Kai_Backup/Master_Study/Master_Thesis/Implementation/libfranka_ws/install/franka_description/share/franka_description//mujoco/franka/assets/link7_3.obj
[3.777s] -- Symlinking: /media/kai/Kai_Backup/Master_Study/Master_Thesis/Implementation/libfranka_ws/install/franka_description/share/franka_description//mujoco/franka/assets/link7_4.obj
[3.796s] -- Symlinking: /media/kai/Kai_Backup/Master_Study/Master_Thesis/Implementation/libfranka_ws/install/franka_description/share/franka_description//mujoco/franka/assets/link7_5.obj
[3.815s] -- Symlinking: /media/kai/Kai_Backup/Master_Study/Master_Thesis/Implementation/libfranka_ws/install/franka_description/share/franka_description//mujoco/franka/assets/link7_6.obj
[3.833s] -- Symlinking: /media/kai/Kai_Backup/Master_Study/Master_Thesis/Implementation/libfranka_ws/install/franka_description/share/franka_description//mujoco/franka/assets/link7_7.obj
[3.854s] -- Symlinking: /media/kai/Kai_Backup/Master_Study/Master_Thesis/Implementation/libfranka_ws/install/franka_description/share/franka_description//mujoco/franka/dual_scene.xml
[3.876s] -- Symlinking: /media/kai/Kai_Backup/Master_Study/Master_Thesis/Implementation/libfranka_ws/install/franka_description/share/franka_description//mujoco/franka/dual_scene_ng.xml
[3.897s] -- Symlinking: /media/kai/Kai_Backup/Master_Study/Master_Thesis/Implementation/libfranka_ws/install/franka_description/share/franka_description//mujoco/franka/mj_dual.xml
[3.916s] -- Symlinking: /media/kai/Kai_Backup/Master_Study/Master_Thesis/Implementation/libfranka_ws/install/franka_description/share/franka_description//mujoco/franka/mj_dual_ng.xml
[3.936s] -- Symlinking: /media/kai/Kai_Backup/Master_Study/Master_Thesis/Implementation/libfranka_ws/install/franka_description/share/franka_description//mujoco/franka/objects.xml
[3.956s] -- Symlinking: /media/kai/Kai_Backup/Master_Study/Master_Thesis/Implementation/libfranka_ws/install/franka_description/share/franka_description//mujoco/franka/panda.xml
[3.976s] -- Symlinking: /media/kai/Kai_Backup/Master_Study/Master_Thesis/Implementation/libfranka_ws/install/franka_description/share/franka_description//mujoco/franka/panda_ng.xml
[3.997s] -- Symlinking: /media/kai/Kai_Backup/Master_Study/Master_Thesis/Implementation/libfranka_ws/install/franka_description/share/franka_description//mujoco/franka/panda_torque_only.xml
[4.019s] -- Symlinking: /media/kai/Kai_Backup/Master_Study/Master_Thesis/Implementation/libfranka_ws/install/franka_description/share/franka_description//mujoco/franka/scene.xml
[4.039s] -- Symlinking: /media/kai/Kai_Backup/Master_Study/Master_Thesis/Implementation/libfranka_ws/install/franka_description/share/franka_description//mujoco/franka/scene_ng.xml
[4.060s] -- Symlinking: /media/kai/Kai_Backup/Master_Study/Master_Thesis/Implementation/libfranka_ws/install/franka_description/share/franka_description//mujoco/franka/scene_torque_only.xml
[4.081s] -- Symlinking: /media/kai/Kai_Backup/Master_Study/Master_Thesis/Implementation/libfranka_ws/install/franka_description/share/franka_description//mujoco/franka/viewer.ipynb
[4.102s] -- Symlinking: /media/kai/Kai_Backup/Master_Study/Master_Thesis/Implementation/libfranka_ws/install/franka_description/share/ament_index/resource_index/package_run_dependencies/franka_description
[4.126s] -- Symlinking: /media/kai/Kai_Backup/Master_Study/Master_Thesis/Implementation/libfranka_ws/install/franka_description/share/ament_index/resource_index/parent_prefix_path/franka_description
[4.148s] -- Symlinking: /media/kai/Kai_Backup/Master_Study/Master_Thesis/Implementation/libfranka_ws/install/franka_description/share/franka_description/environment/ament_prefix_path.sh
[4.169s] -- Symlinking: /media/kai/Kai_Backup/Master_Study/Master_Thesis/Implementation/libfranka_ws/install/franka_description/share/franka_description/environment/ament_prefix_path.dsv
[4.190s] -- Symlinking: /media/kai/Kai_Backup/Master_Study/Master_Thesis/Implementation/libfranka_ws/install/franka_description/share/franka_description/environment/path.sh
[4.211s] -- Symlinking: /media/kai/Kai_Backup/Master_Study/Master_Thesis/Implementation/libfranka_ws/install/franka_description/share/franka_description/environment/path.dsv
[4.232s] -- Symlinking: /media/kai/Kai_Backup/Master_Study/Master_Thesis/Implementation/libfranka_ws/install/franka_description/share/franka_description/local_setup.bash
[4.256s] -- Symlinking: /media/kai/Kai_Backup/Master_Study/Master_Thesis/Implementation/libfranka_ws/install/franka_description/share/franka_description/local_setup.sh
[4.278s] -- Symlinking: /media/kai/Kai_Backup/Master_Study/Master_Thesis/Implementation/libfranka_ws/install/franka_description/share/franka_description/local_setup.zsh
[4.300s] -- Symlinking: /media/kai/Kai_Backup/Master_Study/Master_Thesis/Implementation/libfranka_ws/install/franka_description/share/franka_description/local_setup.dsv
[4.321s] -- Symlinking: /media/kai/Kai_Backup/Master_Study/Master_Thesis/Implementation/libfranka_ws/install/franka_description/share/franka_description/package.dsv
[4.345s] -- Symlinking: /media/kai/Kai_Backup/Master_Study/Master_Thesis/Implementation/libfranka_ws/install/franka_description/share/ament_index/resource_index/packages/franka_description
[4.367s] -- Symlinking: /media/kai/Kai_Backup/Master_Study/Master_Thesis/Implementation/libfranka_ws/install/franka_description/share/franka_description/cmake/franka_descriptionConfig.cmake
[4.388s] -- Symlinking: /media/kai/Kai_Backup/Master_Study/Master_Thesis/Implementation/libfranka_ws/install/franka_description/share/franka_description/cmake/franka_descriptionConfig-version.cmake
[4.403s] -- Symlinking: /media/kai/Kai_Backup/Master_Study/Master_Thesis/Implementation/libfranka_ws/install/franka_description/share/franka_description/package.xml
[4.427s] Invoked command in '/media/kai/Kai_Backup/Master_Study/Master_Thesis/Implementation/libfranka_ws/build/franka_description' returned '0': CMAKE_PREFIX_PATH=${CMAKE_PREFIX_PATH}:/media/kai/Kai_Backup/Master_Study/Master_Thesis/Implementation/libfranka_ws/install/Hierarchical_Reinforcement_Learning_for_Adaptive_Control_Under_Stochastic_Network_Delays:/media/kai/Kai_Backup/Master_Study/Master_Thesis/Implementation/libfranka_ws/install/Reinforcement_Learning_In_Teleoperation:/opt/ros/humble /usr/bin/cmake --install /media/kai/Kai_Backup/Master_Study/Master_Thesis/Implementation/libfranka_ws/build/franka_description
