-- The C compiler identification is GNU 11.4.0
-- The CXX compiler identification is GNU 11.4.0
-- Detecting C compiler ABI info
-- Detecting C compiler ABI info - done
-- Check for working C compiler: /usr/bin/cc - skipped
-- Detecting C compile features
-- Detecting C compile features - done
-- Detecting CXX compiler ABI info
-- Detecting CXX compiler ABI info - done
-- Check for working CXX compiler: /usr/bin/c++ - skipped
-- Detecting CXX compile features
-- Detecting CXX compile features - done
-- Found ament_cmake: 1.3.12 (/opt/ros/humble/share/ament_cmake/cmake)
-- Found Python3: /usr/bin/python3 (found version "3.10.12") found components: Interpreter 
-- Override CMake install command with custom implementation using symlinks instead of copying resources
-- Found ament_lint_auto: 0.12.14 (/opt/ros/humble/share/ament_lint_auto/cmake)
-- Added test 'copyright' to check source files copyright and LICENSE
-- Added test 'flake8' to check Python code syntax and style conventions
-- Added test 'lint_cmake' to check CMake code style
-- Added test 'pep257' to check Python code against some of the docstring style conventions in PEP 257
-- Added test 'xmllint' to check XML markup files
-- Configuring done (1.9s)
-- Generating done (0.0s)
-- Build files have been written to: /media/kai/Kai_Backup/Master_Study/Master_Thesis/Implementation/libfranka_ws/build/franka_moveit_config
-- Install configuration: ""
-- Execute custom install script
-- Symlinking: /media/kai/Kai_Backup/Master_Study/Master_Thesis/Implementation/libfranka_ws/install/franka_moveit_config/share/franka_moveit_config/config/dual_panda_controllers.yaml
-- Symlinking: /media/kai/Kai_Backup/Master_Study/Master_Thesis/Implementation/libfranka_ws/install/franka_moveit_config/share/franka_moveit_config/config/dual_panda_ros_controllers.yaml
-- Symlinking: /media/kai/Kai_Backup/Master_Study/Master_Thesis/Implementation/libfranka_ws/install/franka_moveit_config/share/franka_moveit_config/config/kinematics.yaml
-- Symlinking: /media/kai/Kai_Backup/Master_Study/Master_Thesis/Implementation/libfranka_ws/install/franka_moveit_config/share/franka_moveit_config/config/ompl_planning.yaml
-- Symlinking: /media/kai/Kai_Backup/Master_Study/Master_Thesis/Implementation/libfranka_ws/install/franka_moveit_config/share/franka_moveit_config/config/panda_controllers.yaml
-- Symlinking: /media/kai/Kai_Backup/Master_Study/Master_Thesis/Implementation/libfranka_ws/install/franka_moveit_config/share/franka_moveit_config/config/panda_ros_controllers.yaml
-- Symlinking: /media/kai/Kai_Backup/Master_Study/Master_Thesis/Implementation/libfranka_ws/install/franka_moveit_config/share/franka_moveit_config/config/sim_dual_panda_controllers.yaml
-- Symlinking: /media/kai/Kai_Backup/Master_Study/Master_Thesis/Implementation/libfranka_ws/install/franka_moveit_config/share/franka_moveit_config/config/sim_dual_panda_ros_controllers.yaml
-- Symlinking: /media/kai/Kai_Backup/Master_Study/Master_Thesis/Implementation/libfranka_ws/install/franka_moveit_config/share/franka_moveit_config/config/sim_panda_ros_controllers.yaml
-- Symlinking: /media/kai/Kai_Backup/Master_Study/Master_Thesis/Implementation/libfranka_ws/install/franka_moveit_config/share/franka_moveit_config/launch/dual_moveit.launch.py
-- Symlinking: /media/kai/Kai_Backup/Master_Study/Master_Thesis/Implementation/libfranka_ws/install/franka_moveit_config/share/franka_moveit_config/launch/moveit.launch.py
-- Symlinking: /media/kai/Kai_Backup/Master_Study/Master_Thesis/Implementation/libfranka_ws/install/franka_moveit_config/share/franka_moveit_config/launch/sim_dual_moveit.launch.py
-- Symlinking: /media/kai/Kai_Backup/Master_Study/Master_Thesis/Implementation/libfranka_ws/install/franka_moveit_config/share/franka_moveit_config/launch/sim_moveit.launch.py
-- Symlinking: /media/kai/Kai_Backup/Master_Study/Master_Thesis/Implementation/libfranka_ws/install/franka_moveit_config/share/franka_moveit_config/srdf/dual_group_definition.xacro
-- Symlinking: /media/kai/Kai_Backup/Master_Study/Master_Thesis/Implementation/libfranka_ws/install/franka_moveit_config/share/franka_moveit_config/srdf/dual_hand.xacro
-- Symlinking: /media/kai/Kai_Backup/Master_Study/Master_Thesis/Implementation/libfranka_ws/install/franka_moveit_config/share/franka_moveit_config/srdf/dual_panda.srdf.xacro
-- Symlinking: /media/kai/Kai_Backup/Master_Study/Master_Thesis/Implementation/libfranka_ws/install/franka_moveit_config/share/franka_moveit_config/srdf/dual_panda_arm.xacro
-- Symlinking: /media/kai/Kai_Backup/Master_Study/Master_Thesis/Implementation/libfranka_ws/install/franka_moveit_config/share/franka_moveit_config/srdf/dual_panda_arm_hand.xacro
-- Symlinking: /media/kai/Kai_Backup/Master_Study/Master_Thesis/Implementation/libfranka_ws/install/franka_moveit_config/share/franka_moveit_config/srdf/group_definition.xacro
-- Symlinking: /media/kai/Kai_Backup/Master_Study/Master_Thesis/Implementation/libfranka_ws/install/franka_moveit_config/share/franka_moveit_config/srdf/hand.xacro
-- Symlinking: /media/kai/Kai_Backup/Master_Study/Master_Thesis/Implementation/libfranka_ws/install/franka_moveit_config/share/franka_moveit_config/srdf/panda_arm.srdf.xacro
-- Symlinking: /media/kai/Kai_Backup/Master_Study/Master_Thesis/Implementation/libfranka_ws/install/franka_moveit_config/share/franka_moveit_config/srdf/panda_arm.xacro
-- Symlinking: /media/kai/Kai_Backup/Master_Study/Master_Thesis/Implementation/libfranka_ws/install/franka_moveit_config/share/franka_moveit_config/srdf/panda_arm_hand.xacro
-- Symlinking: /media/kai/Kai_Backup/Master_Study/Master_Thesis/Implementation/libfranka_ws/install/franka_moveit_config/share/franka_moveit_config/rviz/dual_moveit.rviz
-- Symlinking: /media/kai/Kai_Backup/Master_Study/Master_Thesis/Implementation/libfranka_ws/install/franka_moveit_config/share/franka_moveit_config/rviz/moveit.rviz
-- Symlinking: /media/kai/Kai_Backup/Master_Study/Master_Thesis/Implementation/libfranka_ws/install/franka_moveit_config/share/ament_index/resource_index/package_run_dependencies/franka_moveit_config
-- Symlinking: /media/kai/Kai_Backup/Master_Study/Master_Thesis/Implementation/libfranka_ws/install/franka_moveit_config/share/ament_index/resource_index/parent_prefix_path/franka_moveit_config
-- Symlinking: /media/kai/Kai_Backup/Master_Study/Master_Thesis/Implementation/libfranka_ws/install/franka_moveit_config/share/franka_moveit_config/environment/ament_prefix_path.sh
-- Symlinking: /media/kai/Kai_Backup/Master_Study/Master_Thesis/Implementation/libfranka_ws/install/franka_moveit_config/share/franka_moveit_config/environment/ament_prefix_path.dsv
-- Symlinking: /media/kai/Kai_Backup/Master_Study/Master_Thesis/Implementation/libfranka_ws/install/franka_moveit_config/share/franka_moveit_config/environment/path.sh
-- Symlinking: /media/kai/Kai_Backup/Master_Study/Master_Thesis/Implementation/libfranka_ws/install/franka_moveit_config/share/franka_moveit_config/environment/path.dsv
-- Symlinking: /media/kai/Kai_Backup/Master_Study/Master_Thesis/Implementation/libfranka_ws/install/franka_moveit_config/share/franka_moveit_config/local_setup.bash
-- Symlinking: /media/kai/Kai_Backup/Master_Study/Master_Thesis/Implementation/libfranka_ws/install/franka_moveit_config/share/franka_moveit_config/local_setup.sh
-- Symlinking: /media/kai/Kai_Backup/Master_Study/Master_Thesis/Implementation/libfranka_ws/install/franka_moveit_config/share/franka_moveit_config/local_setup.zsh
-- Symlinking: /media/kai/Kai_Backup/Master_Study/Master_Thesis/Implementation/libfranka_ws/install/franka_moveit_config/share/franka_moveit_config/local_setup.dsv
-- Symlinking: /media/kai/Kai_Backup/Master_Study/Master_Thesis/Implementation/libfranka_ws/install/franka_moveit_config/share/franka_moveit_config/package.dsv
-- Symlinking: /media/kai/Kai_Backup/Master_Study/Master_Thesis/Implementation/libfranka_ws/install/franka_moveit_config/share/ament_index/resource_index/packages/franka_moveit_config
-- Symlinking: /media/kai/Kai_Backup/Master_Study/Master_Thesis/Implementation/libfranka_ws/install/franka_moveit_config/share/franka_moveit_config/cmake/franka_moveit_configConfig.cmake
-- Symlinking: /media/kai/Kai_Backup/Master_Study/Master_Thesis/Implementation/libfranka_ws/install/franka_moveit_config/share/franka_moveit_config/cmake/franka_moveit_configConfig-version.cmake
-- Symlinking: /media/kai/Kai_Backup/Master_Study/Master_Thesis/Implementation/libfranka_ws/install/franka_moveit_config/share/franka_moveit_config/package.xml
