In file included from [01m[K/media/kai/Kai_Backup/Master_Study/Master_Thesis/Implementation/libfranka_ws/bullet3/src/BulletCollision/CollisionDispatch/btCollisionObject.h:34[m[K,
                 from [01m[K/media/kai/Kai_Backup/Master_Study/Master_Thesis/Implementation/libfranka_ws/bullet3/src/BulletCollision/CollisionDispatch/btGhostObject.h:19[m[K,
                 from [01m[K/media/kai/Kai_Backup/Master_Study/Master_Thesis/Implementation/libfranka_ws/bullet3/src/BulletDynamics/Character/btKinematicCharacterController.cpp:18[m[K:
In member function ‘[01m[Kvoid btAlignedObjectArray<T>::resize(int, const T&) [with T = btPersistentManifold*][m[K’,
    inlined from ‘[01m[Kbool btKinematicCharacterController::recoverFromPenetration(btCollisionWorld*)[m[K’ at [01m[K/media/kai/Kai_Backup/Master_Study/Master_Thesis/Implementation/libfranka_ws/bullet3/src/BulletDynamics/Character/btKinematicCharacterController.cpp:203:25[m[K:
[01m[K/media/kai/Kai_Backup/Master_Study/Master_Thesis/Implementation/libfranka_ws/bullet3/src/LinearMath/btAlignedObjectArray.h:223:33:[m[K [01;35m[Kwarning: [m[K‘[01m[Kvoid* __builtin_memset(void*, int, long unsigned int)[m[K’ writing between 8 and 17179869184 bytes into a region of size 0 overflows the destination [[01;35m[K]8;;https://gcc.gnu.org/onlinedocs/gcc/Warning-Options.html#index-Wstringop-overflow=-Wstringop-overflow=]8;;[m[K]
  223 |                                 [01;35m[Knew (&m_data[i]) T(fillData)[m[K;
      |                                 [01;35m[K^~~~~~~~~~~~~~~~~~~~~~~~~~~~[m[K
In file included from [01m[K/media/kai/Kai_Backup/Master_Study/Master_Thesis/Implementation/libfranka_ws/bullet3/src/BulletCollision/CollisionDispatch/btCollisionObject.h:34[m[K,
                 from [01m[K/media/kai/Kai_Backup/Master_Study/Master_Thesis/Implementation/libfranka_ws/bullet3/src/BulletCollision/CollisionDispatch/btGhostObject.h:19[m[K,
                 from [01m[K/media/kai/Kai_Backup/Master_Study/Master_Thesis/Implementation/libfranka_ws/bullet3/src/BulletDynamics/Character/btKinematicCharacterController.cpp:18[m[K:
[01m[K/media/kai/Kai_Backup/Master_Study/Master_Thesis/Implementation/libfranka_ws/bullet3/src/LinearMath/btAlignedObjectArray.h:[m[K In member function ‘[01m[Kbool btKinematicCharacterController::recoverFromPenetration(btCollisionWorld*)[m[K’:
[01m[K/media/kai/Kai_Backup/Master_Study/Master_Thesis/Implementation/libfranka_ws/bullet3/src/LinearMath/btAlignedObjectArray.h:109:21:[m[K [01;36m[Knote: [m[Kat offset [-17179869184, -8] into destination object ‘[01m[K((btAlignedObjectArray<btPersistentManifold*>*)((char*)this + 24))[6].btAlignedObjectArray<btPersistentManifold*>::m_data[m[K’ of size [0, 9223372036854775807]
  109 |                 if ([01;36m[Km_data[m[K)
      |                     [01;36m[K^~~~~~[m[K
gmake[2]: *** [Extras/InverseDynamics/CMakeFiles/BulletInverseDynamicsUtils.dir/build.make:118: Extras/InverseDynamics/CMakeFiles/BulletInverseDynamicsUtils.dir/btMultiBodyTreeCreator.cpp.o] Interrupt
gmake[2]: *** [src/BulletInverseDynamics/CMakeFiles/BulletInverseDynamics.dir/build.make:118: src/BulletInverseDynamics/CMakeFiles/BulletInverseDynamics.dir/details/MultiBodyTreeImpl.cpp.o] Interrupt
gmake[2]: *** [Extras/BulletRobotics/CMakeFiles/BulletRobotics.dir/build.make:440: Extras/BulletRobotics/CMakeFiles/BulletRobotics.dir/__/__/examples/SharedMemory/PhysicsServerCommandProcessor.cpp.o] Interrupt
gmake[2]: *** [src/BulletCollision/CMakeFiles/BulletCollision.dir/build.make:132: src/BulletCollision/CMakeFiles/BulletCollision.dir/BroadphaseCollision/btDbvtBroadphase.cpp.o] Interrupt
gmake[2]: *** [src/BulletSoftBody/CMakeFiles/BulletSoftBody.dir/build.make:76: src/BulletSoftBody/CMakeFiles/BulletSoftBody.dir/btSoftBody.cpp.o] Interrupt
gmake[1]: *** [CMakeFiles/Makefile2:1693: src/BulletInverseDynamics/CMakeFiles/BulletInverseDynamics.dir/all] Interrupt
gmake[2]: *** [examples/ExampleBrowser/CMakeFiles/BulletExampleBrowserLib.dir/build.make:90: examples/ExampleBrowser/CMakeFiles/BulletExampleBrowserLib.dir/OpenGLGuiHelper.cpp.o] Interrupt
gmake[2]: *** [examples/OpenGLWindow/CMakeFiles/OpenGLWindow.dir/build.make:146: examples/OpenGLWindow/CMakeFiles/OpenGLWindow.dir/GLInstancingRenderer.cpp.o] Interrupt
gmake[2]: *** [src/BulletSoftBody/CMakeFiles/BulletSoftBody.dir/build.make:90: src/BulletSoftBody/CMakeFiles/BulletSoftBody.dir/btSoftBodyConcaveCollisionAlgorithm.cpp.o] Interrupt
gmake[2]: *** [src/BulletDynamics/CMakeFiles/BulletDynamics.dir/build.make:118: src/BulletDynamics/CMakeFiles/BulletDynamics.dir/ConstraintSolver/btFixedConstraint.cpp.o] Interrupt
gmake[1]: *** [CMakeFiles/Makefile2:1303: Extras/InverseDynamics/CMakeFiles/BulletInverseDynamicsUtils.dir/all] Interrupt
gmake[1]: *** [CMakeFiles/Makefile2:920: examples/ExampleBrowser/CMakeFiles/BulletExampleBrowserLib.dir/all] Interrupt
gmake[1]: *** [CMakeFiles/Makefile2:1239: examples/OpenGLWindow/CMakeFiles/OpenGLWindow.dir/all] Interrupt
gmake[2]: *** [examples/ThirdPartyLibs/Gwen/CMakeFiles/gwen.dir/build.make:104: examples/ThirdPartyLibs/Gwen/CMakeFiles/gwen.dir/Controls/Base.cpp.o] Interrupt
gmake[1]: *** [CMakeFiles/Makefile2:1719: src/BulletSoftBody/CMakeFiles/BulletSoftBody.dir/all] Interrupt
gmake[1]: *** [CMakeFiles/Makefile2:1745: src/BulletCollision/CMakeFiles/BulletCollision.dir/all] Interrupt
gmake[1]: *** [CMakeFiles/Makefile2:1161: examples/ThirdPartyLibs/Gwen/CMakeFiles/gwen.dir/all] Interrupt
gmake[1]: *** [CMakeFiles/Makefile2:1355: Extras/BulletRobotics/CMakeFiles/BulletRobotics.dir/all] Interrupt
gmake[1]: *** [CMakeFiles/Makefile2:1771: src/BulletDynamics/CMakeFiles/BulletDynamics.dir/all] Interrupt
gmake[2]: *** [examples/ThirdPartyLibs/BussIK/CMakeFiles/BussIK.dir/build.make:117: examples/ThirdPartyLibs/BussIK/CMakeFiles/BussIK.dir/LinearR4.cpp.o] Interrupt
gmake[1]: *** [CMakeFiles/Makefile2:1187: examples/ThirdPartyLibs/BussIK/CMakeFiles/BussIK.dir/all] Interrupt
gmake: *** [Makefile:146: all] Interrupt
