[  2%] Built target LinearMath
[  2%] [32mBuilding CXX object examples/OpenGLWindow/CMakeFiles/OpenGLWindow.dir/X11OpenGLWindow.cpp.o[0m
[  2%] [32mBuilding CXX object src/BulletCollision/CMakeFiles/BulletCollision.dir/BroadphaseCollision/btAxisSweep3.cpp.o[0m
[  2%] [32mBuilding CXX object src/BulletDynamics/CMakeFiles/BulletDynamics.dir/Character/btKinematicCharacterController.cpp.o[0m
[  2%] [32mBuilding CXX object src/BulletDynamics/CMakeFiles/BulletDynamics.dir/ConstraintSolver/btConeTwistConstraint.cpp.o[0m
[  2%] [32mBuilding CXX object examples/ThirdPartyLibs/Gwen/CMakeFiles/gwen.dir/Anim.cpp.o[0m
[  2%] [32mBuilding CXX object examples/ThirdPartyLibs/BussIK/CMakeFiles/BussIK.dir/Jacobian.cpp.o[0m
[  2%] [32mBuilding CXX object src/Bullet3Common/CMakeFiles/Bullet3Common.dir/b3AlignedAllocator.cpp.o[0m
[  2%] [32mBuilding CXX object examples/ExampleBrowser/CMakeFiles/BulletExampleBrowserLib.dir/OpenGLExampleBrowser.cpp.o[0m
[  2%] [32mBuilding CXX object Extras/BulletRobotics/CMakeFiles/BulletRobotics.dir/__/__/examples/SharedMemory/PhysicsServerCommandProcessor.cpp.o[0m
[  2%] [32mBuilding C object examples/OpenGLWindow/CMakeFiles/OpenGLWindow.dir/__/ThirdPartyLibs/glad/glx.c.o[0m
[  3%] [32mBuilding CXX object src/Bullet3Common/CMakeFiles/Bullet3Common.dir/b3Vector3.cpp.o[0m
[  3%] [32mBuilding CXX object src/Bullet3Common/CMakeFiles/Bullet3Common.dir/b3Logging.cpp.o[0m
[  4%] [32mBuilding CXX object src/BulletInverseDynamics/CMakeFiles/BulletInverseDynamics.dir/IDMath.cpp.o[0m
[  4%] [32mBuilding CXX object src/BulletSoftBody/CMakeFiles/BulletSoftBody.dir/btSoftBody.cpp.o[0m
[  4%] [32mBuilding CXX object Extras/InverseDynamics/CMakeFiles/BulletInverseDynamicsUtils.dir/CloneTreeCreator.cpp.o[0m
[  4%] [32m[1mLinking CXX static library libBullet3Common.a[0m
[  4%] Built target Bullet3Common
[  4%] [32mBuilding CXX object src/BulletCollision/CMakeFiles/BulletCollision.dir/BroadphaseCollision/btBroadphaseProxy.cpp.o[0m
[  4%] [32mBuilding CXX object examples/ThirdPartyLibs/BussIK/CMakeFiles/BussIK.dir/LinearR2.cpp.o[0m
[  4%] [32mBuilding CXX object examples/ExampleBrowser/CMakeFiles/BulletExampleBrowserLib.dir/OpenGLGuiHelper.cpp.o[0m
[  4%] [32mBuilding C object examples/OpenGLWindow/CMakeFiles/OpenGLWindow.dir/__/ThirdPartyLibs/glad/gl.c.o[0m
[  4%] [32mBuilding CXX object src/BulletInverseDynamics/CMakeFiles/BulletInverseDynamics.dir/MultiBodyTree.cpp.o[0m
[  4%] [32mBuilding CXX object examples/ThirdPartyLibs/Gwen/CMakeFiles/gwen.dir/BaseRender.cpp.o[0m
[  4%] [32mBuilding CXX object Extras/InverseDynamics/CMakeFiles/BulletInverseDynamicsUtils.dir/CoilCreator.cpp.o[0m
[  4%] [32mBuilding CXX object src/BulletCollision/CMakeFiles/BulletCollision.dir/BroadphaseCollision/btCollisionAlgorithm.cpp.o[0m
[  4%] [32mBuilding CXX object examples/ThirdPartyLibs/Gwen/CMakeFiles/gwen.dir/Controls/Base.cpp.o[0m
[  4%] [32mBuilding CXX object src/BulletCollision/CMakeFiles/BulletCollision.dir/BroadphaseCollision/btDbvt.cpp.o[0m
[  4%] [32mBuilding CXX object examples/ThirdPartyLibs/BussIK/CMakeFiles/BussIK.dir/LinearR3.cpp.o[0m
[  4%] [32mBuilding CXX object src/BulletSoftBody/CMakeFiles/BulletSoftBody.dir/btSoftBodyConcaveCollisionAlgorithm.cpp.o[0m
[  4%] [32mBuilding CXX object examples/OpenGLWindow/CMakeFiles/OpenGLWindow.dir/EGLOpenGLWindow.cpp.o[0m
[  4%] [32mBuilding CXX object src/BulletDynamics/CMakeFiles/BulletDynamics.dir/ConstraintSolver/btContactConstraint.cpp.o[0m
[  4%] [32mBuilding CXX object src/BulletInverseDynamics/CMakeFiles/BulletInverseDynamics.dir/details/MultiBodyTreeInitCache.cpp.o[0m
[  4%] [32mBuilding CXX object examples/OpenGLWindow/CMakeFiles/OpenGLWindow.dir/GLFWOpenGLWindow.cpp.o[0m
[  4%] [32mBuilding CXX object Extras/InverseDynamics/CMakeFiles/BulletInverseDynamicsUtils.dir/MultiBodyTreeCreator.cpp.o[0m
[  5%] [32mBuilding CXX object examples/OpenGLWindow/CMakeFiles/OpenGLWindow.dir/GLInstancingRenderer.cpp.o[0m
[  6%] [32mBuilding CXX object src/BulletDynamics/CMakeFiles/BulletDynamics.dir/ConstraintSolver/btFixedConstraint.cpp.o[0m
[  6%] [32mBuilding CXX object src/BulletInverseDynamics/CMakeFiles/BulletInverseDynamics.dir/details/MultiBodyTreeImpl.cpp.o[0m
[  6%] [32mBuilding CXX object src/BulletCollision/CMakeFiles/BulletCollision.dir/BroadphaseCollision/btDbvtBroadphase.cpp.o[0m
[  6%] [32mBuilding CXX object Extras/InverseDynamics/CMakeFiles/BulletInverseDynamicsUtils.dir/btMultiBodyTreeCreator.cpp.o[0m
[  6%] [32mBuilding CXX object examples/ThirdPartyLibs/BussIK/CMakeFiles/BussIK.dir/LinearR4.cpp.o[0m
