2025-12-11 21:32:32 [INFO] __main__ - Training Configuration (Joint End-to-End):
2025-12-11 21:32:32 [INFO] __main__ -   Delay: HIGH_VARIANCE
2025-12-11 21:32:32 [INFO] __main__ -   Trajectory: figure_8
2025-12-11 21:32:32 [INFO] __main__ -   Total Timesteps: 30000000
2025-12-11 21:32:32 [INFO] __main__ - Creating vectorized environment...
2025-12-11 21:32:34 [INFO] __main__ - Initializing SACTrainer...
2025-12-11 21:32:35 [INFO] E2E_Teleoperation.E2E_RL.sac_training_algorithm - Initial alpha: 1.0000
2025-12-11 21:32:35 [INFO] E2E_Teleoperation.E2E_RL.sac_training_algorithm - Tensorboard logs at: ./rl_training_output/E2E_SAC_HIGH_VARIANCE_figure_8_20251211_213232/tensorboard_sac
2025-12-11 21:32:35 [INFO] E2E_Teleoperation.E2E_RL.sac_training_algorithm - ======================================================================
2025-12-11 21:32:35 [INFO] E2E_Teleoperation.E2E_RL.sac_training_algorithm - Starting SAC Training with SHARED ENCODER (Fixed Version)
2025-12-11 21:32:35 [INFO] E2E_Teleoperation.E2E_RL.sac_training_algorithm -   Obs Dim: 2334 | Output Dim: 7
2025-12-11 21:32:35 [INFO] E2E_Teleoperation.E2E_RL.sac_training_algorithm -   Stage 1 (Encoder + Critic Warmup): 10000 steps
2025-12-11 21:32:35 [INFO] E2E_Teleoperation.E2E_RL.sac_training_algorithm -   Stage 2 (RL with Frozen Encoder, Delayed Policy): remaining steps
2025-12-11 21:32:35 [INFO] E2E_Teleoperation.E2E_RL.sac_training_algorithm -   Policy Delay: 2
2025-12-11 21:32:35 [INFO] E2E_Teleoperation.E2E_RL.sac_training_algorithm -   Initial Alpha: 1.0000
2025-12-11 21:32:35 [INFO] E2E_Teleoperation.E2E_RL.sac_training_algorithm - ======================================================================
2025-12-11 21:33:46 [INFO] E2E_Teleoperation.E2E_RL.sac_training_algorithm - [Stage 1 - Warmup 2000/10000] Aux Loss: 0.001007 | Critic Loss: 0.5237
2025-12-11 21:34:56 [INFO] E2E_Teleoperation.E2E_RL.sac_training_algorithm - [Stage 1 - Warmup 3000/10000] Aux Loss: 0.000457 | Critic Loss: 0.7840
2025-12-11 21:36:06 [INFO] E2E_Teleoperation.E2E_RL.sac_training_algorithm - [Stage 1 - Warmup 4000/10000] Aux Loss: 0.000158 | Critic Loss: 0.7180
2025-12-11 21:37:15 [INFO] E2E_Teleoperation.E2E_RL.sac_training_algorithm - [Stage 1 - Warmup 5000/10000] Aux Loss: 0.000184 | Critic Loss: 0.4719
2025-12-11 21:38:23 [INFO] E2E_Teleoperation.E2E_RL.sac_training_algorithm - [Stage 1 - Warmup 6000/10000] Aux Loss: 0.000180 | Critic Loss: 0.4669
2025-12-11 21:39:34 [INFO] E2E_Teleoperation.E2E_RL.sac_training_algorithm - [Stage 1 - Warmup 7000/10000] Aux Loss: 0.000155 | Critic Loss: 0.4903
2025-12-11 21:40:40 [INFO] E2E_Teleoperation.E2E_RL.sac_training_algorithm - [Stage 1 - Warmup 8000/10000] Aux Loss: 0.000125 | Critic Loss: 0.8522
2025-12-11 21:41:28 [INFO] E2E_Teleoperation.E2E_RL.sac_training_algorithm - [Stage 1 - Warmup 9000/10000] Aux Loss: 0.000158 | Critic Loss: 0.5178
2025-12-11 21:42:30 [INFO] E2E_Teleoperation.E2E_RL.sac_training_algorithm - ======================================================================
2025-12-11 21:42:30 [INFO] E2E_Teleoperation.E2E_RL.sac_training_algorithm - FREEZING SHARED ENCODER - State Estimator training complete
2025-12-11 21:42:30 [INFO] E2E_Teleoperation.E2E_RL.sac_training_algorithm - ======================================================================
2025-12-11 21:42:30 [INFO] E2E_Teleoperation.E2E_RL.sac_training_algorithm -   Trainable actor params: 847,118
2025-12-11 21:42:30 [INFO] E2E_Teleoperation.E2E_RL.sac_training_algorithm -   Trainable critic params: 1,694,722
2025-12-11 21:42:30 [INFO] E2E_Teleoperation.E2E_RL.sac_training_algorithm -   Frozen encoder params: 1,366,926
2025-12-11 21:42:30 [INFO] E2E_Teleoperation.E2E_RL.sac_training_algorithm -   Current alpha: 1.0000
2025-12-11 21:42:30 [INFO] E2E_Teleoperation.E2E_RL.sac_training_algorithm - Starting Validation...
2025-12-11 21:42:53 [INFO] E2E_Teleoperation.E2E_RL.sac_training_algorithm -   Ep 0: Avg Action Norm: 0.2517 | Avg Movement: 0.000145
2025-12-11 21:43:15 [INFO] E2E_Teleoperation.E2E_RL.sac_training_algorithm -   Ep 1: Avg Action Norm: 0.2516 | Avg Movement: 0.000144
2025-12-11 21:43:39 [INFO] E2E_Teleoperation.E2E_RL.sac_training_algorithm -   Ep 2: Avg Action Norm: 0.2517 | Avg Movement: 0.000145
2025-12-11 21:44:03 [INFO] E2E_Teleoperation.E2E_RL.sac_training_algorithm -   Ep 3: Avg Action Norm: 0.2516 | Avg Movement: 0.000144
2025-12-11 21:44:20 [INFO] E2E_Teleoperation.E2E_RL.sac_training_algorithm -   Ep 4: Avg Action Norm: 0.2516 | Avg Movement: 0.000145
2025-12-11 21:44:20 [INFO] E2E_Teleoperation.E2E_RL.sac_training_algorithm - Validation Reward: 2077.1726 | Alpha: 1.0000
2025-12-11 21:44:20 [INFO] E2E_Teleoperation.E2E_RL.sac_training_algorithm - Checkpoint saved: ./rl_training_output/E2E_SAC_HIGH_VARIANCE_figure_8_20251211_213232/best_policy.pth
2025-12-11 21:46:49 [INFO] E2E_Teleoperation.E2E_RL.sac_training_algorithm - Starting Validation...
2025-12-11 21:47:20 [INFO] E2E_Teleoperation.E2E_RL.sac_training_algorithm -   Ep 0: Avg Action Norm: 0.0621 | Avg Movement: 0.000001
2025-12-11 21:47:50 [INFO] E2E_Teleoperation.E2E_RL.sac_training_algorithm -   Ep 1: Avg Action Norm: 0.0621 | Avg Movement: 0.000001
2025-12-11 21:48:22 [INFO] E2E_Teleoperation.E2E_RL.sac_training_algorithm -   Ep 2: Avg Action Norm: 0.0621 | Avg Movement: 0.000001
2025-12-11 21:48:52 [INFO] E2E_Teleoperation.E2E_RL.sac_training_algorithm -   Ep 3: Avg Action Norm: 0.0620 | Avg Movement: 0.000001
2025-12-11 21:49:17 [INFO] E2E_Teleoperation.E2E_RL.sac_training_algorithm -   Ep 4: Avg Action Norm: 0.0621 | Avg Movement: 0.000001
2025-12-11 21:49:17 [INFO] E2E_Teleoperation.E2E_RL.sac_training_algorithm - Validation Reward: 2879.0400 | Alpha: 0.8824
2025-12-11 21:49:17 [INFO] E2E_Teleoperation.E2E_RL.sac_training_algorithm - Checkpoint saved: ./rl_training_output/E2E_SAC_HIGH_VARIANCE_figure_8_20251211_213232/best_policy.pth
2025-12-11 21:51:45 [INFO] E2E_Teleoperation.E2E_RL.sac_training_algorithm - Starting Validation...
2025-12-11 21:52:17 [INFO] E2E_Teleoperation.E2E_RL.sac_training_algorithm -   Ep 0: Avg Action Norm: 0.0741 | Avg Movement: 0.000001
2025-12-11 21:52:50 [INFO] E2E_Teleoperation.E2E_RL.sac_training_algorithm -   Ep 1: Avg Action Norm: 0.0741 | Avg Movement: 0.000001
2025-12-11 21:53:22 [INFO] E2E_Teleoperation.E2E_RL.sac_training_algorithm -   Ep 2: Avg Action Norm: 0.0741 | Avg Movement: 0.000001
2025-12-11 21:53:54 [INFO] E2E_Teleoperation.E2E_RL.sac_training_algorithm -   Ep 3: Avg Action Norm: 0.0741 | Avg Movement: 0.000001
2025-12-11 21:53:57 [WARNING] __main__ - Interrupted.
2025-12-11 21:53:57 [INFO] E2E_Teleoperation.E2E_RL.sac_training_algorithm - Checkpoint saved: ./rl_training_output/E2E_SAC_HIGH_VARIANCE_figure_8_20251211_213232/interrupted_policy.pth
