[0.108s] Invoking command in '/media/kai/Kai_Backup/Master_Study/Master_Thesis/Implementation/libfranka_ws/build/garmi_description': AMENT_PREFIX_PATH=/media/kai/Kai_Backup/Master_Study/Master_Thesis/Implementation/libfranka_ws/install/franka_description:${AMENT_PREFIX_PATH} CMAKE_PREFIX_PATH=/media/kai/Kai_Backup/Master_Study/Master_Thesis/Implementation/libfranka_ws/install/franka_description:/home/kai/Libraries/mujoco/lib/cmake:/home/kai/Libraries/libfranka/lib/cmake:/opt/ros/humble /usr/bin/cmake /media/kai/Kai_Backup/Master_Study/Master_Thesis/Implementation/libfranka_ws/src/multipanda_ros2/garmi_packages/garmi_description -DAMENT_CMAKE_SYMLINK_INSTALL=1 -DCMAKE_INSTALL_PREFIX=/media/kai/Kai_Backup/Master_Study/Master_Thesis/Implementation/libfranka_ws/install/garmi_description
[21.079s] -- The C compiler identification is GNU 11.4.0
[21.079s] -- The CXX compiler identification is GNU 11.4.0
[21.079s] -- Detecting C compiler ABI info
[21.079s] -- Detecting C compiler ABI info - done
[21.079s] -- Check for working C compiler: /usr/bin/cc - skipped
[21.079s] -- Detecting C compile features
[21.079s] -- Detecting C compile features - done
[21.080s] -- Detecting CXX compiler ABI info
[21.080s] -- Detecting CXX compiler ABI info - done
[21.080s] -- Check for working CXX compiler: /usr/bin/c++ - skipped
[21.080s] -- Detecting CXX compile features
[21.080s] -- Detecting CXX compile features - done
[21.080s] -- Found ament_cmake: 1.3.12 (/opt/ros/humble/share/ament_cmake/cmake)
[21.080s] -- Found Python3: /usr/bin/python3 (found version "3.10.12") found components: Interpreter 
[21.080s] -- Override CMake install command with custom implementation using symlinks instead of copying resources
[21.081s] -- Found ament_lint_auto: 0.12.14 (/opt/ros/humble/share/ament_lint_auto/cmake)
[21.081s] -- Added test 'lint_cmake' to check CMake code style
[21.081s] -- Added test 'xmllint' to check XML markup files
[21.081s] -- Configuring done
[21.081s] -- Generating done
[21.081s] -- Build files have been written to: /media/kai/Kai_Backup/Master_Study/Master_Thesis/Implementation/libfranka_ws/build/garmi_description
[21.091s] Invoked command in '/media/kai/Kai_Backup/Master_Study/Master_Thesis/Implementation/libfranka_ws/build/garmi_description' returned '0': AMENT_PREFIX_PATH=/media/kai/Kai_Backup/Master_Study/Master_Thesis/Implementation/libfranka_ws/install/franka_description:${AMENT_PREFIX_PATH} CMAKE_PREFIX_PATH=/media/kai/Kai_Backup/Master_Study/Master_Thesis/Implementation/libfranka_ws/install/franka_description:/home/kai/Libraries/mujoco/lib/cmake:/home/kai/Libraries/libfranka/lib/cmake:/opt/ros/humble /usr/bin/cmake /media/kai/Kai_Backup/Master_Study/Master_Thesis/Implementation/libfranka_ws/src/multipanda_ros2/garmi_packages/garmi_description -DAMENT_CMAKE_SYMLINK_INSTALL=1 -DCMAKE_INSTALL_PREFIX=/media/kai/Kai_Backup/Master_Study/Master_Thesis/Implementation/libfranka_ws/install/garmi_description
[21.092s] Invoking command in '/media/kai/Kai_Backup/Master_Study/Master_Thesis/Implementation/libfranka_ws/build/garmi_description': AMENT_PREFIX_PATH=/media/kai/Kai_Backup/Master_Study/Master_Thesis/Implementation/libfranka_ws/install/franka_description:${AMENT_PREFIX_PATH} CMAKE_PREFIX_PATH=/media/kai/Kai_Backup/Master_Study/Master_Thesis/Implementation/libfranka_ws/install/franka_description:/home/kai/Libraries/mujoco/lib/cmake:/home/kai/Libraries/libfranka/lib/cmake:/opt/ros/humble /usr/bin/cmake --build /media/kai/Kai_Backup/Master_Study/Master_Thesis/Implementation/libfranka_ws/build/garmi_description -- -j12 -l12
[21.240s] Invoked command in '/media/kai/Kai_Backup/Master_Study/Master_Thesis/Implementation/libfranka_ws/build/garmi_description' returned '0': AMENT_PREFIX_PATH=/media/kai/Kai_Backup/Master_Study/Master_Thesis/Implementation/libfranka_ws/install/franka_description:${AMENT_PREFIX_PATH} CMAKE_PREFIX_PATH=/media/kai/Kai_Backup/Master_Study/Master_Thesis/Implementation/libfranka_ws/install/franka_description:/home/kai/Libraries/mujoco/lib/cmake:/home/kai/Libraries/libfranka/lib/cmake:/opt/ros/humble /usr/bin/cmake --build /media/kai/Kai_Backup/Master_Study/Master_Thesis/Implementation/libfranka_ws/build/garmi_description -- -j12 -l12
[21.241s] Invoking command in '/media/kai/Kai_Backup/Master_Study/Master_Thesis/Implementation/libfranka_ws/build/garmi_description': AMENT_PREFIX_PATH=/media/kai/Kai_Backup/Master_Study/Master_Thesis/Implementation/libfranka_ws/install/franka_description:${AMENT_PREFIX_PATH} CMAKE_PREFIX_PATH=/media/kai/Kai_Backup/Master_Study/Master_Thesis/Implementation/libfranka_ws/install/franka_description:/home/kai/Libraries/mujoco/lib/cmake:/home/kai/Libraries/libfranka/lib/cmake:/opt/ros/humble /usr/bin/cmake --install /media/kai/Kai_Backup/Master_Study/Master_Thesis/Implementation/libfranka_ws/build/garmi_description
[22.101s] -- Install configuration: ""
[22.106s] -- Execute custom install script
[22.106s] -- Symlinking: /media/kai/Kai_Backup/Master_Study/Master_Thesis/Implementation/libfranka_ws/install/garmi_description/share/garmi_description//robots/base.xacro
[22.107s] -- Symlinking: /media/kai/Kai_Backup/Master_Study/Master_Thesis/Implementation/libfranka_ws/install/garmi_description/share/garmi_description//robots/dual_panda_mjros.ros2_control.xacro
[22.107s] -- Symlinking: /media/kai/Kai_Backup/Master_Study/Master_Thesis/Implementation/libfranka_ws/install/garmi_description/share/garmi_description//robots/garmi_base_head_only_real.urdf.xacro
[22.107s] -- Symlinking: /media/kai/Kai_Backup/Master_Study/Master_Thesis/Implementation/libfranka_ws/install/garmi_description/share/garmi_description//robots/garmi_base_mjros.ros2_control.xacro
[22.107s] -- Symlinking: /media/kai/Kai_Backup/Master_Study/Master_Thesis/Implementation/libfranka_ws/install/garmi_description/share/garmi_description//robots/garmi_base_real.ros2_control.xacro
[22.107s] -- Symlinking: /media/kai/Kai_Backup/Master_Study/Master_Thesis/Implementation/libfranka_ws/install/garmi_description/share/garmi_description//robots/garmi_head_mjros.ros2_control.xacro
[22.107s] -- Symlinking: /media/kai/Kai_Backup/Master_Study/Master_Thesis/Implementation/libfranka_ws/install/garmi_description/share/garmi_description//robots/garmi_head_real.ros2_control.xacro
[22.107s] -- Symlinking: /media/kai/Kai_Backup/Master_Study/Master_Thesis/Implementation/libfranka_ws/install/garmi_description/share/garmi_description//robots/garmi_real.urdf.xacro
[22.108s] -- Symlinking: /media/kai/Kai_Backup/Master_Study/Master_Thesis/Implementation/libfranka_ws/install/garmi_description/share/garmi_description//robots/garmi_sim.urdf.xacro
[22.108s] -- Symlinking: /media/kai/Kai_Backup/Master_Study/Master_Thesis/Implementation/libfranka_ws/install/garmi_description/share/garmi_description//robots/garmi_wheel.xacro
[22.108s] -- Symlinking: /media/kai/Kai_Backup/Master_Study/Master_Thesis/Implementation/libfranka_ws/install/garmi_description/share/garmi_description//robots/head.xacro
[22.108s] -- Symlinking: /media/kai/Kai_Backup/Master_Study/Master_Thesis/Implementation/libfranka_ws/install/garmi_description/share/garmi_description//robots/lidar_with_wheel_mount.xacro
[22.108s] -- Symlinking: /media/kai/Kai_Backup/Master_Study/Master_Thesis/Implementation/libfranka_ws/install/garmi_description/share/garmi_description//robots/meshes/head.dae
[22.108s] -- Symlinking: /media/kai/Kai_Backup/Master_Study/Master_Thesis/Implementation/libfranka_ws/install/garmi_description/share/garmi_description//robots/meshes/mobile_platform.dae
[22.108s] -- Symlinking: /media/kai/Kai_Backup/Master_Study/Master_Thesis/Implementation/libfranka_ws/install/garmi_description/share/garmi_description//robots/meshes/mobile_platform.dae.meta
[22.109s] -- Symlinking: /media/kai/Kai_Backup/Master_Study/Master_Thesis/Implementation/libfranka_ws/install/garmi_description/share/garmi_description//robots/meshes/rplidarA2.dae
[22.109s] -- Symlinking: /media/kai/Kai_Backup/Master_Study/Master_Thesis/Implementation/libfranka_ws/install/garmi_description/share/garmi_description//robots/meshes/torso.dae
[22.109s] -- Symlinking: /media/kai/Kai_Backup/Master_Study/Master_Thesis/Implementation/libfranka_ws/install/garmi_description/share/garmi_description//robots/mobile_platform.xacro
[22.109s] -- Symlinking: /media/kai/Kai_Backup/Master_Study/Master_Thesis/Implementation/libfranka_ws/install/garmi_description/share/garmi_description//robots/rplidarA2.xacro
[22.109s] -- Symlinking: /media/kai/Kai_Backup/Master_Study/Master_Thesis/Implementation/libfranka_ws/install/garmi_description/share/garmi_description//robots/rplidarA2_kinematics.xacro
[22.109s] -- Symlinking: /media/kai/Kai_Backup/Master_Study/Master_Thesis/Implementation/libfranka_ws/install/garmi_description/share/garmi_description//mujoco/garmi/assets/meshes/cameras/d435.obj
[22.109s] -- Symlinking: /media/kai/Kai_Backup/Master_Study/Master_Thesis/Implementation/libfranka_ws/install/garmi_description/share/garmi_description//mujoco/garmi/assets/meshes/cameras/d435_glass.obj
[22.109s] -- Symlinking: /media/kai/Kai_Backup/Master_Study/Master_Thesis/Implementation/libfranka_ws/install/garmi_description/share/garmi_description//mujoco/garmi/assets/meshes/garmi/base.obj
[22.110s] -- Symlinking: /media/kai/Kai_Backup/Master_Study/Master_Thesis/Implementation/libfranka_ws/install/garmi_description/share/garmi_description//mujoco/garmi/assets/meshes/garmi/caster_wheel.obj
[22.124s] -- Symlinking: /media/kai/Kai_Backup/Master_Study/Master_Thesis/Implementation/libfranka_ws/install/garmi_description/share/garmi_description//mujoco/garmi/assets/meshes/garmi/head.mtl
[22.144s] -- Symlinking: /media/kai/Kai_Backup/Master_Study/Master_Thesis/Implementation/libfranka_ws/install/garmi_description/share/garmi_description//mujoco/garmi/assets/meshes/garmi/head.obj
[22.176s] -- Symlinking: /media/kai/Kai_Backup/Master_Study/Master_Thesis/Implementation/libfranka_ws/install/garmi_description/share/garmi_description//mujoco/garmi/assets/meshes/garmi/inlet.obj
[22.228s] -- Symlinking: /media/kai/Kai_Backup/Master_Study/Master_Thesis/Implementation/libfranka_ws/install/garmi_description/share/garmi_description//mujoco/garmi/assets/meshes/garmi/rplidarA2.obj
[22.287s] -- Symlinking: /media/kai/Kai_Backup/Master_Study/Master_Thesis/Implementation/libfranka_ws/install/garmi_description/share/garmi_description//mujoco/garmi/assets/meshes/garmi/tire.obj
[22.307s] -- Symlinking: /media/kai/Kai_Backup/Master_Study/Master_Thesis/Implementation/libfranka_ws/install/garmi_description/share/garmi_description//mujoco/garmi/assets/meshes/garmi/torso.obj
[22.323s] -- Symlinking: /media/kai/Kai_Backup/Master_Study/Master_Thesis/Implementation/libfranka_ws/install/garmi_description/share/garmi_description//mujoco/garmi/assets/meshes/garmi/visor.obj
[22.363s] -- Symlinking: /media/kai/Kai_Backup/Master_Study/Master_Thesis/Implementation/libfranka_ws/install/garmi_description/share/garmi_description//mujoco/garmi/assets/meshes/garmi/wheel.obj
[22.381s] -- Symlinking: /media/kai/Kai_Backup/Master_Study/Master_Thesis/Implementation/libfranka_ws/install/garmi_description/share/garmi_description//mujoco/garmi/assets/meshes/panda/finger.obj
[22.416s] -- Symlinking: /media/kai/Kai_Backup/Master_Study/Master_Thesis/Implementation/libfranka_ws/install/garmi_description/share/garmi_description//mujoco/garmi/assets/meshes/panda/hand.obj
[22.465s] -- Symlinking: /media/kai/Kai_Backup/Master_Study/Master_Thesis/Implementation/libfranka_ws/install/garmi_description/share/garmi_description//mujoco/garmi/assets/meshes/panda/link0.mtl
[22.491s] -- Symlinking: /media/kai/Kai_Backup/Master_Study/Master_Thesis/Implementation/libfranka_ws/install/garmi_description/share/garmi_description//mujoco/garmi/assets/meshes/panda/link0.obj
[22.553s] -- Symlinking: /media/kai/Kai_Backup/Master_Study/Master_Thesis/Implementation/libfranka_ws/install/garmi_description/share/garmi_description//mujoco/garmi/assets/meshes/panda/link1.obj
[22.595s] -- Symlinking: /media/kai/Kai_Backup/Master_Study/Master_Thesis/Implementation/libfranka_ws/install/garmi_description/share/garmi_description//mujoco/garmi/assets/meshes/panda/link2.obj
[22.648s] -- Symlinking: /media/kai/Kai_Backup/Master_Study/Master_Thesis/Implementation/libfranka_ws/install/garmi_description/share/garmi_description//mujoco/garmi/assets/meshes/panda/link3.obj
[22.692s] -- Symlinking: /media/kai/Kai_Backup/Master_Study/Master_Thesis/Implementation/libfranka_ws/install/garmi_description/share/garmi_description//mujoco/garmi/assets/meshes/panda/link4.obj
[22.720s] -- Symlinking: /media/kai/Kai_Backup/Master_Study/Master_Thesis/Implementation/libfranka_ws/install/garmi_description/share/garmi_description//mujoco/garmi/assets/meshes/panda/link5.obj
[22.744s] -- Symlinking: /media/kai/Kai_Backup/Master_Study/Master_Thesis/Implementation/libfranka_ws/install/garmi_description/share/garmi_description//mujoco/garmi/assets/meshes/panda/link6.obj
[22.762s] -- Symlinking: /media/kai/Kai_Backup/Master_Study/Master_Thesis/Implementation/libfranka_ws/install/garmi_description/share/garmi_description//mujoco/garmi/assets/meshes/panda/link7.obj
[22.780s] -- Symlinking: /media/kai/Kai_Backup/Master_Study/Master_Thesis/Implementation/libfranka_ws/install/garmi_description/share/garmi_description//mujoco/garmi/assets/textures/eyes.png
[22.854s] -- Symlinking: /media/kai/Kai_Backup/Master_Study/Master_Thesis/Implementation/libfranka_ws/install/garmi_description/share/garmi_description//mujoco/garmi/assets/textures/garmi/head.png
[22.898s] -- Symlinking: /media/kai/Kai_Backup/Master_Study/Master_Thesis/Implementation/libfranka_ws/install/garmi_description/share/garmi_description//mujoco/garmi/assets/textures/garmi/torso.png
[22.945s] -- Symlinking: /media/kai/Kai_Backup/Master_Study/Master_Thesis/Implementation/libfranka_ws/install/garmi_description/share/garmi_description//mujoco/garmi/assets/textures/panda/panda.png
[22.988s] -- Symlinking: /media/kai/Kai_Backup/Master_Study/Master_Thesis/Implementation/libfranka_ws/install/garmi_description/share/garmi_description//mujoco/garmi/assets/xml/garmi.xml
[23.036s] -- Symlinking: /media/kai/Kai_Backup/Master_Study/Master_Thesis/Implementation/libfranka_ws/install/garmi_description/share/garmi_description//mujoco/garmi/assets/xml/garmi_lidar.xml
[23.091s] -- Symlinking: /media/kai/Kai_Backup/Master_Study/Master_Thesis/Implementation/libfranka_ws/install/garmi_description/share/garmi_description//mujoco/garmi/assets/xml/garmi_ng.xml
[23.108s] -- Symlinking: /media/kai/Kai_Backup/Master_Study/Master_Thesis/Implementation/libfranka_ws/install/garmi_description/share/garmi_description//mujoco/garmi/assets/xml/include/garmi.xml
[23.169s] -- Symlinking: /media/kai/Kai_Backup/Master_Study/Master_Thesis/Implementation/libfranka_ws/install/garmi_description/share/garmi_description//mujoco/garmi/assets/xml/include/garmi_ng.xml
[23.230s] -- Symlinking: /media/kai/Kai_Backup/Master_Study/Master_Thesis/Implementation/libfranka_ws/install/garmi_description/share/garmi_description//mujoco/garmi/assets/xml/include/panda_assets.xml
[23.308s] -- Symlinking: /media/kai/Kai_Backup/Master_Study/Master_Thesis/Implementation/libfranka_ws/install/garmi_description/share/garmi_description//rviz/visualize_garmi.rviz
[23.338s] -- Symlinking: /media/kai/Kai_Backup/Master_Study/Master_Thesis/Implementation/libfranka_ws/install/garmi_description/share/ament_index/resource_index/package_run_dependencies/garmi_description
[23.380s] -- Symlinking: /media/kai/Kai_Backup/Master_Study/Master_Thesis/Implementation/libfranka_ws/install/garmi_description/share/ament_index/resource_index/parent_prefix_path/garmi_description
[23.440s] -- Symlinking: /media/kai/Kai_Backup/Master_Study/Master_Thesis/Implementation/libfranka_ws/install/garmi_description/share/garmi_description/environment/ament_prefix_path.sh
[23.480s] -- Symlinking: /media/kai/Kai_Backup/Master_Study/Master_Thesis/Implementation/libfranka_ws/install/garmi_description/share/garmi_description/environment/ament_prefix_path.dsv
[23.522s] -- Symlinking: /media/kai/Kai_Backup/Master_Study/Master_Thesis/Implementation/libfranka_ws/install/garmi_description/share/garmi_description/environment/path.sh
[23.591s] -- Symlinking: /media/kai/Kai_Backup/Master_Study/Master_Thesis/Implementation/libfranka_ws/install/garmi_description/share/garmi_description/environment/path.dsv
[23.648s] -- Symlinking: /media/kai/Kai_Backup/Master_Study/Master_Thesis/Implementation/libfranka_ws/install/garmi_description/share/garmi_description/local_setup.bash
[23.686s] -- Symlinking: /media/kai/Kai_Backup/Master_Study/Master_Thesis/Implementation/libfranka_ws/install/garmi_description/share/garmi_description/local_setup.sh
[23.717s] -- Symlinking: /media/kai/Kai_Backup/Master_Study/Master_Thesis/Implementation/libfranka_ws/install/garmi_description/share/garmi_description/local_setup.zsh
[23.762s] -- Symlinking: /media/kai/Kai_Backup/Master_Study/Master_Thesis/Implementation/libfranka_ws/install/garmi_description/share/garmi_description/local_setup.dsv
[23.802s] -- Symlinking: /media/kai/Kai_Backup/Master_Study/Master_Thesis/Implementation/libfranka_ws/install/garmi_description/share/garmi_description/package.dsv
[23.860s] -- Symlinking: /media/kai/Kai_Backup/Master_Study/Master_Thesis/Implementation/libfranka_ws/install/garmi_description/share/ament_index/resource_index/packages/garmi_description
[23.904s] -- Symlinking: /media/kai/Kai_Backup/Master_Study/Master_Thesis/Implementation/libfranka_ws/install/garmi_description/share/garmi_description/cmake/garmi_descriptionConfig.cmake
[23.988s] -- Symlinking: /media/kai/Kai_Backup/Master_Study/Master_Thesis/Implementation/libfranka_ws/install/garmi_description/share/garmi_description/cmake/garmi_descriptionConfig-version.cmake
[24.021s] -- Symlinking: /media/kai/Kai_Backup/Master_Study/Master_Thesis/Implementation/libfranka_ws/install/garmi_description/share/garmi_description/package.xml
[24.080s] Invoked command in '/media/kai/Kai_Backup/Master_Study/Master_Thesis/Implementation/libfranka_ws/build/garmi_description' returned '0': AMENT_PREFIX_PATH=/media/kai/Kai_Backup/Master_Study/Master_Thesis/Implementation/libfranka_ws/install/franka_description:${AMENT_PREFIX_PATH} CMAKE_PREFIX_PATH=/media/kai/Kai_Backup/Master_Study/Master_Thesis/Implementation/libfranka_ws/install/franka_description:/home/kai/Libraries/mujoco/lib/cmake:/home/kai/Libraries/libfranka/lib/cmake:/opt/ros/humble /usr/bin/cmake --install /media/kai/Kai_Backup/Master_Study/Master_Thesis/Implementation/libfranka_ws/build/garmi_description
