[0.495s] Invoking command in '/media/kai/Kai_Backup/Master_Study/Master_Thesis/Implementation/libfranka_ws/build/garmi_moveit_config': CMAKE_PREFIX_PATH=${CMAKE_PREFIX_PATH}:/media/kai/Kai_Backup/Master_Study/Master_Thesis/Implementation/libfranka_ws/install/Hierarchical_Reinforcement_Learning_for_Adaptive_Control_Under_Stochastic_Network_Delays:/media/kai/Kai_Backup/Master_Study/Master_Thesis/Implementation/libfranka_ws/install/Reinforcement_Learning_In_Teleoperation:/opt/ros/humble /usr/bin/cmake --build /media/kai/Kai_Backup/Master_Study/Master_Thesis/Implementation/libfranka_ws/build/garmi_moveit_config -- -j12 -l12
[0.676s] Invoked command in '/media/kai/Kai_Backup/Master_Study/Master_Thesis/Implementation/libfranka_ws/build/garmi_moveit_config' returned '0': CMAKE_PREFIX_PATH=${CMAKE_PREFIX_PATH}:/media/kai/Kai_Backup/Master_Study/Master_Thesis/Implementation/libfranka_ws/install/Hierarchical_Reinforcement_Learning_for_Adaptive_Control_Under_Stochastic_Network_Delays:/media/kai/Kai_Backup/Master_Study/Master_Thesis/Implementation/libfranka_ws/install/Reinforcement_Learning_In_Teleoperation:/opt/ros/humble /usr/bin/cmake --build /media/kai/Kai_Backup/Master_Study/Master_Thesis/Implementation/libfranka_ws/build/garmi_moveit_config -- -j12 -l12
[0.677s] Invoking command in '/media/kai/Kai_Backup/Master_Study/Master_Thesis/Implementation/libfranka_ws/build/garmi_moveit_config': CMAKE_PREFIX_PATH=${CMAKE_PREFIX_PATH}:/media/kai/Kai_Backup/Master_Study/Master_Thesis/Implementation/libfranka_ws/install/Hierarchical_Reinforcement_Learning_for_Adaptive_Control_Under_Stochastic_Network_Delays:/media/kai/Kai_Backup/Master_Study/Master_Thesis/Implementation/libfranka_ws/install/Reinforcement_Learning_In_Teleoperation:/opt/ros/humble /usr/bin/cmake --install /media/kai/Kai_Backup/Master_Study/Master_Thesis/Implementation/libfranka_ws/build/garmi_moveit_config
[0.736s] -- Install configuration: ""
[0.736s] -- Execute custom install script
[0.737s] -- Up-to-date symlink: /media/kai/Kai_Backup/Master_Study/Master_Thesis/Implementation/libfranka_ws/install/garmi_moveit_config/share/garmi_moveit_config/config/kinematics.yaml
[0.737s] -- Up-to-date symlink: /media/kai/Kai_Backup/Master_Study/Master_Thesis/Implementation/libfranka_ws/install/garmi_moveit_config/share/garmi_moveit_config/config/ompl_planning.yaml
[0.737s] -- Up-to-date symlink: /media/kai/Kai_Backup/Master_Study/Master_Thesis/Implementation/libfranka_ws/install/garmi_moveit_config/share/garmi_moveit_config/config/sim_garmi_controllers.yaml
[0.737s] -- Up-to-date symlink: /media/kai/Kai_Backup/Master_Study/Master_Thesis/Implementation/libfranka_ws/install/garmi_moveit_config/share/garmi_moveit_config/config/sim_garmi_ros_controllers.yaml
[0.737s] -- Up-to-date symlink: /media/kai/Kai_Backup/Master_Study/Master_Thesis/Implementation/libfranka_ws/install/garmi_moveit_config/share/garmi_moveit_config/launch/sim_garmi_moveit.launch.py
[0.737s] -- Up-to-date symlink: /media/kai/Kai_Backup/Master_Study/Master_Thesis/Implementation/libfranka_ws/install/garmi_moveit_config/share/garmi_moveit_config/srdf/base.xacro
[0.737s] -- Up-to-date symlink: /media/kai/Kai_Backup/Master_Study/Master_Thesis/Implementation/libfranka_ws/install/garmi_moveit_config/share/garmi_moveit_config/srdf/garmi.srdf.xacro
[0.737s] -- Up-to-date symlink: /media/kai/Kai_Backup/Master_Study/Master_Thesis/Implementation/libfranka_ws/install/garmi_moveit_config/share/garmi_moveit_config/srdf/garmi_arm.xacro
[0.738s] -- Up-to-date symlink: /media/kai/Kai_Backup/Master_Study/Master_Thesis/Implementation/libfranka_ws/install/garmi_moveit_config/share/garmi_moveit_config/srdf/garmi_arm_hand.xacro
[0.738s] -- Up-to-date symlink: /media/kai/Kai_Backup/Master_Study/Master_Thesis/Implementation/libfranka_ws/install/garmi_moveit_config/share/garmi_moveit_config/srdf/garmi_group_definition.xacro
[0.738s] -- Up-to-date symlink: /media/kai/Kai_Backup/Master_Study/Master_Thesis/Implementation/libfranka_ws/install/garmi_moveit_config/share/garmi_moveit_config/srdf/garmi_hand.xacro
[0.738s] -- Up-to-date symlink: /media/kai/Kai_Backup/Master_Study/Master_Thesis/Implementation/libfranka_ws/install/garmi_moveit_config/share/garmi_moveit_config/srdf/head.xacro
[0.738s] -- Up-to-date symlink: /media/kai/Kai_Backup/Master_Study/Master_Thesis/Implementation/libfranka_ws/install/garmi_moveit_config/share/garmi_moveit_config/rviz/garmi_moveit.rviz
[0.738s] -- Up-to-date symlink: /media/kai/Kai_Backup/Master_Study/Master_Thesis/Implementation/libfranka_ws/install/garmi_moveit_config/share/ament_index/resource_index/package_run_dependencies/garmi_moveit_config
[0.739s] -- Up-to-date symlink: /media/kai/Kai_Backup/Master_Study/Master_Thesis/Implementation/libfranka_ws/install/garmi_moveit_config/share/ament_index/resource_index/parent_prefix_path/garmi_moveit_config
[0.739s] -- Up-to-date symlink: /media/kai/Kai_Backup/Master_Study/Master_Thesis/Implementation/libfranka_ws/install/garmi_moveit_config/share/garmi_moveit_config/environment/ament_prefix_path.sh
[0.739s] -- Up-to-date symlink: /media/kai/Kai_Backup/Master_Study/Master_Thesis/Implementation/libfranka_ws/install/garmi_moveit_config/share/garmi_moveit_config/environment/ament_prefix_path.dsv
[0.740s] -- Up-to-date symlink: /media/kai/Kai_Backup/Master_Study/Master_Thesis/Implementation/libfranka_ws/install/garmi_moveit_config/share/garmi_moveit_config/environment/path.sh
[0.740s] -- Up-to-date symlink: /media/kai/Kai_Backup/Master_Study/Master_Thesis/Implementation/libfranka_ws/install/garmi_moveit_config/share/garmi_moveit_config/environment/path.dsv
[0.740s] -- Up-to-date symlink: /media/kai/Kai_Backup/Master_Study/Master_Thesis/Implementation/libfranka_ws/install/garmi_moveit_config/share/garmi_moveit_config/local_setup.bash
[0.740s] -- Up-to-date symlink: /media/kai/Kai_Backup/Master_Study/Master_Thesis/Implementation/libfranka_ws/install/garmi_moveit_config/share/garmi_moveit_config/local_setup.sh
[0.740s] -- Up-to-date symlink: /media/kai/Kai_Backup/Master_Study/Master_Thesis/Implementation/libfranka_ws/install/garmi_moveit_config/share/garmi_moveit_config/local_setup.zsh
[0.740s] -- Up-to-date symlink: /media/kai/Kai_Backup/Master_Study/Master_Thesis/Implementation/libfranka_ws/install/garmi_moveit_config/share/garmi_moveit_config/local_setup.dsv
[0.740s] -- Symlinking: /media/kai/Kai_Backup/Master_Study/Master_Thesis/Implementation/libfranka_ws/install/garmi_moveit_config/share/garmi_moveit_config/package.dsv
[0.740s] -- Up-to-date symlink: /media/kai/Kai_Backup/Master_Study/Master_Thesis/Implementation/libfranka_ws/install/garmi_moveit_config/share/ament_index/resource_index/packages/garmi_moveit_config
[0.740s] -- Up-to-date symlink: /media/kai/Kai_Backup/Master_Study/Master_Thesis/Implementation/libfranka_ws/install/garmi_moveit_config/share/garmi_moveit_config/cmake/garmi_moveit_configConfig.cmake
[0.740s] -- Up-to-date symlink: /media/kai/Kai_Backup/Master_Study/Master_Thesis/Implementation/libfranka_ws/install/garmi_moveit_config/share/garmi_moveit_config/cmake/garmi_moveit_configConfig-version.cmake
[0.741s] -- Up-to-date symlink: /media/kai/Kai_Backup/Master_Study/Master_Thesis/Implementation/libfranka_ws/install/garmi_moveit_config/share/garmi_moveit_config/package.xml
[0.836s] Invoked command in '/media/kai/Kai_Backup/Master_Study/Master_Thesis/Implementation/libfranka_ws/build/garmi_moveit_config' returned '0': CMAKE_PREFIX_PATH=${CMAKE_PREFIX_PATH}:/media/kai/Kai_Backup/Master_Study/Master_Thesis/Implementation/libfranka_ws/install/Hierarchical_Reinforcement_Learning_for_Adaptive_Control_Under_Stochastic_Network_Delays:/media/kai/Kai_Backup/Master_Study/Master_Thesis/Implementation/libfranka_ws/install/Reinforcement_Learning_In_Teleoperation:/opt/ros/humble /usr/bin/cmake --install /media/kai/Kai_Backup/Master_Study/Master_Thesis/Implementation/libfranka_ws/build/garmi_moveit_config
