[0.032s] Invoking command in '/media/kai/Kai_Backup/Master_Study/Master_Thesis/Implementation/libfranka_ws/build/garmi_hardware': CMAKE_PREFIX_PATH=${CMAKE_PREFIX_PATH}:/media/kai/Kai_Backup/Master_Study/Master_Thesis/Implementation/libfranka_ws/install/Model_based_Reinforcement_Learning_In_Teleoperation:/media/kai/Kai_Backup/Master_Study/Master_Thesis/Implementation/libfranka_ws/install/Hierarchical_Reinforcement_Learning_for_Adaptive_Control_Under_Stochastic_Network_Delays:/media/kai/Kai_Backup/Master_Study/Master_Thesis/Implementation/libfranka_ws/install/Reinforcement_Learning_In_Teleoperation:/opt/ros/humble /usr/bin/cmake /media/kai/Kai_Backup/Master_Study/Master_Thesis/Implementation/libfranka_ws/src/multipanda_ros2/garmi_packages/garmi_hardware -DAMENT_CMAKE_SYMLINK_INSTALL=1 -DCMAKE_INSTALL_PREFIX=/media/kai/Kai_Backup/Master_Study/Master_Thesis/Implementation/libfranka_ws/install/garmi_hardware
[0.684s] -- The C compiler identification is GNU 11.4.0
[0.684s] -- The CXX compiler identification is GNU 11.4.0
[0.685s] -- Detecting C compiler ABI info
[0.685s] -- Detecting C compiler ABI info - done
[0.685s] -- Check for working C compiler: /usr/bin/cc - skipped
[0.685s] -- Detecting C compile features
[0.685s] -- Detecting C compile features - done
[0.685s] -- Detecting CXX compiler ABI info
[0.686s] -- Detecting CXX compiler ABI info - done
[0.686s] -- Check for working CXX compiler: /usr/bin/c++ - skipped
[0.686s] -- Detecting CXX compile features
[0.686s] -- Detecting CXX compile features - done
[0.686s] -- Setting build type to 'Release' as none was specified.
[0.687s] -- Found ament_cmake: 1.3.12 (/opt/ros/humble/share/ament_cmake/cmake)
[0.877s] -- Found Python3: /usr/bin/python3 (found version "3.10.12") found components: Interpreter 
[1.007s] -- Override CMake install command with custom implementation using symlinks instead of copying resources
[1.068s] -- Found rclcpp: 16.0.15 (/opt/ros/humble/share/rclcpp/cmake)
[1.163s] -- Found rosidl_generator_c: 3.1.7 (/opt/ros/humble/share/rosidl_generator_c/cmake)
[1.175s] -- Found rosidl_adapter: 3.1.7 (/opt/ros/humble/share/rosidl_adapter/cmake)
[1.197s] -- Found rosidl_generator_cpp: 3.1.7 (/opt/ros/humble/share/rosidl_generator_cpp/cmake)
[1.226s] -- Using all available rosidl_typesupport_c: rosidl_typesupport_fastrtps_c;rosidl_typesupport_introspection_c
[1.263s] -- Using all available rosidl_typesupport_cpp: rosidl_typesupport_fastrtps_cpp;rosidl_typesupport_introspection_cpp
[1.364s] -- Found rmw_implementation_cmake: 6.1.2 (/opt/ros/humble/share/rmw_implementation_cmake/cmake)
[1.372s] -- Found rmw_fastrtps_cpp: 6.2.8 (/opt/ros/humble/share/rmw_fastrtps_cpp/cmake)
[1.762s] -- Found OpenSSL: /usr/lib/x86_64-linux-gnu/libcrypto.so (found version "3.0.2")  
[1.853s] -- Found FastRTPS: /opt/ros/humble/include  
[1.969s] -- Using RMW implementation 'rmw_fastrtps_cpp' as default
[1.989s] -- Looking for pthread.h
[2.239s] -- Looking for pthread.h - found
[2.239s] -- Performing Test CMAKE_HAVE_LIBC_PTHREAD
[2.457s] -- Performing Test CMAKE_HAVE_LIBC_PTHREAD - Success
[2.459s] -- Found Threads: TRUE  
[2.584s] -- Found rclcpp_action: 16.0.15 (/opt/ros/humble/share/rclcpp_action/cmake)
[2.680s] -- Found rclcpp_components: 16.0.15 (/opt/ros/humble/share/rclcpp_components/cmake)
[2.756s] -- Found rclcpp_lifecycle: 16.0.15 (/opt/ros/humble/share/rclcpp_lifecycle/cmake)
[2.807s] -- Found hardware_interface: 2.52.0 (/opt/ros/humble/share/hardware_interface/cmake)
[3.256s] -- Found ament_lint_auto: 0.12.14 (/opt/ros/humble/share/ament_lint_auto/cmake)
[3.601s] -- Added test 'cppcheck' to perform static code analysis on C / C++ code
[3.602s] -- Configured cppcheck include dirs: /media/kai/Kai_Backup/Master_Study/Master_Thesis/Implementation/libfranka_ws/src/multipanda_ros2/garmi_packages/garmi_hardware/include
[3.602s] -- Configured cppcheck exclude dirs and/or files: 
[3.606s] -- Added test 'lint_cmake' to check CMake code style
[3.610s] -- Added test 'uncrustify' to check C / C++ code style
[3.611s] -- Configured uncrustify additional arguments: 
[3.616s] -- Added test 'xmllint' to check XML markup files
[3.628s] -- Configuring done
[3.683s] -- Generating done
[3.684s] -- Build files have been written to: /media/kai/Kai_Backup/Master_Study/Master_Thesis/Implementation/libfranka_ws/build/garmi_hardware
[3.739s] Invoked command in '/media/kai/Kai_Backup/Master_Study/Master_Thesis/Implementation/libfranka_ws/build/garmi_hardware' returned '0': CMAKE_PREFIX_PATH=${CMAKE_PREFIX_PATH}:/media/kai/Kai_Backup/Master_Study/Master_Thesis/Implementation/libfranka_ws/install/Model_based_Reinforcement_Learning_In_Teleoperation:/media/kai/Kai_Backup/Master_Study/Master_Thesis/Implementation/libfranka_ws/install/Hierarchical_Reinforcement_Learning_for_Adaptive_Control_Under_Stochastic_Network_Delays:/media/kai/Kai_Backup/Master_Study/Master_Thesis/Implementation/libfranka_ws/install/Reinforcement_Learning_In_Teleoperation:/opt/ros/humble /usr/bin/cmake /media/kai/Kai_Backup/Master_Study/Master_Thesis/Implementation/libfranka_ws/src/multipanda_ros2/garmi_packages/garmi_hardware -DAMENT_CMAKE_SYMLINK_INSTALL=1 -DCMAKE_INSTALL_PREFIX=/media/kai/Kai_Backup/Master_Study/Master_Thesis/Implementation/libfranka_ws/install/garmi_hardware
[3.740s] Invoking command in '/media/kai/Kai_Backup/Master_Study/Master_Thesis/Implementation/libfranka_ws/build/garmi_hardware': CMAKE_PREFIX_PATH=${CMAKE_PREFIX_PATH}:/media/kai/Kai_Backup/Master_Study/Master_Thesis/Implementation/libfranka_ws/install/Model_based_Reinforcement_Learning_In_Teleoperation:/media/kai/Kai_Backup/Master_Study/Master_Thesis/Implementation/libfranka_ws/install/Hierarchical_Reinforcement_Learning_for_Adaptive_Control_Under_Stochastic_Network_Delays:/media/kai/Kai_Backup/Master_Study/Master_Thesis/Implementation/libfranka_ws/install/Reinforcement_Learning_In_Teleoperation:/opt/ros/humble /usr/bin/cmake --build /media/kai/Kai_Backup/Master_Study/Master_Thesis/Implementation/libfranka_ws/build/garmi_hardware -- -j9 -l9
[3.960s] [ 20%] [32mBuilding CXX object CMakeFiles/garmi_hardware.dir/src/udp_server.cpp.o[0m
[5.955s] [ 40%] [32mBuilding CXX object CMakeFiles/garmi_hardware.dir/src/garmi_base_hardware_interface.cpp.o[0m
[19.784s] [ 60%] [32mBuilding CXX object CMakeFiles/garmi_hardware.dir/src/garmi_head_hardware_interface.cpp.o[0m
[29.912s] [ 80%] [32mBuilding CXX object CMakeFiles/garmi_hardware.dir/src/helper_functions.cpp.o[0m
[30.212s] [100%] [32m[1mLinking CXX shared library libgarmi_hardware.so[0m
[30.464s] [100%] Built target garmi_hardware
[30.500s] Invoked command in '/media/kai/Kai_Backup/Master_Study/Master_Thesis/Implementation/libfranka_ws/build/garmi_hardware' returned '0': CMAKE_PREFIX_PATH=${CMAKE_PREFIX_PATH}:/media/kai/Kai_Backup/Master_Study/Master_Thesis/Implementation/libfranka_ws/install/Model_based_Reinforcement_Learning_In_Teleoperation:/media/kai/Kai_Backup/Master_Study/Master_Thesis/Implementation/libfranka_ws/install/Hierarchical_Reinforcement_Learning_for_Adaptive_Control_Under_Stochastic_Network_Delays:/media/kai/Kai_Backup/Master_Study/Master_Thesis/Implementation/libfranka_ws/install/Reinforcement_Learning_In_Teleoperation:/opt/ros/humble /usr/bin/cmake --build /media/kai/Kai_Backup/Master_Study/Master_Thesis/Implementation/libfranka_ws/build/garmi_hardware -- -j9 -l9
[30.501s] Invoking command in '/media/kai/Kai_Backup/Master_Study/Master_Thesis/Implementation/libfranka_ws/build/garmi_hardware': CMAKE_PREFIX_PATH=${CMAKE_PREFIX_PATH}:/media/kai/Kai_Backup/Master_Study/Master_Thesis/Implementation/libfranka_ws/install/Model_based_Reinforcement_Learning_In_Teleoperation:/media/kai/Kai_Backup/Master_Study/Master_Thesis/Implementation/libfranka_ws/install/Hierarchical_Reinforcement_Learning_for_Adaptive_Control_Under_Stochastic_Network_Delays:/media/kai/Kai_Backup/Master_Study/Master_Thesis/Implementation/libfranka_ws/install/Reinforcement_Learning_In_Teleoperation:/opt/ros/humble /usr/bin/cmake --install /media/kai/Kai_Backup/Master_Study/Master_Thesis/Implementation/libfranka_ws/build/garmi_hardware
[30.519s] -- Install configuration: "Release"
[30.519s] -- Execute custom install script
[30.520s] -- Symlinking: /media/kai/Kai_Backup/Master_Study/Master_Thesis/Implementation/libfranka_ws/install/garmi_hardware/share/garmi_hardware//garmi_hardware.xml
[30.540s] -- Symlinking: /media/kai/Kai_Backup/Master_Study/Master_Thesis/Implementation/libfranka_ws/install/garmi_hardware/lib/libgarmi_hardware.so
[30.561s] -- Symlinking: /media/kai/Kai_Backup/Master_Study/Master_Thesis/Implementation/libfranka_ws/install/garmi_hardware/include/garmi_hardware/garmi_base_hardware_interface.hpp
[30.580s] -- Symlinking: /media/kai/Kai_Backup/Master_Study/Master_Thesis/Implementation/libfranka_ws/install/garmi_hardware/include/garmi_hardware/garmi_head_hardware_interface.hpp
[30.602s] -- Symlinking: /media/kai/Kai_Backup/Master_Study/Master_Thesis/Implementation/libfranka_ws/install/garmi_hardware/include/garmi_hardware/helper_functions.hpp
[30.621s] -- Symlinking: /media/kai/Kai_Backup/Master_Study/Master_Thesis/Implementation/libfranka_ws/install/garmi_hardware/include/garmi_hardware/udp_server.hpp
[30.641s] -- Symlinking: /media/kai/Kai_Backup/Master_Study/Master_Thesis/Implementation/libfranka_ws/install/garmi_hardware/share/garmi_hardware/environment/library_path.sh
[30.658s] -- Symlinking: /media/kai/Kai_Backup/Master_Study/Master_Thesis/Implementation/libfranka_ws/install/garmi_hardware/share/garmi_hardware/environment/library_path.dsv
[30.673s] -- Symlinking: /media/kai/Kai_Backup/Master_Study/Master_Thesis/Implementation/libfranka_ws/install/garmi_hardware/share/ament_index/resource_index/package_run_dependencies/garmi_hardware
[30.690s] -- Symlinking: /media/kai/Kai_Backup/Master_Study/Master_Thesis/Implementation/libfranka_ws/install/garmi_hardware/share/ament_index/resource_index/parent_prefix_path/garmi_hardware
[30.710s] -- Symlinking: /media/kai/Kai_Backup/Master_Study/Master_Thesis/Implementation/libfranka_ws/install/garmi_hardware/share/garmi_hardware/environment/ament_prefix_path.sh
[30.732s] -- Symlinking: /media/kai/Kai_Backup/Master_Study/Master_Thesis/Implementation/libfranka_ws/install/garmi_hardware/share/garmi_hardware/environment/ament_prefix_path.dsv
[30.747s] -- Symlinking: /media/kai/Kai_Backup/Master_Study/Master_Thesis/Implementation/libfranka_ws/install/garmi_hardware/share/garmi_hardware/environment/path.sh
[30.766s] -- Symlinking: /media/kai/Kai_Backup/Master_Study/Master_Thesis/Implementation/libfranka_ws/install/garmi_hardware/share/garmi_hardware/environment/path.dsv
[30.784s] -- Symlinking: /media/kai/Kai_Backup/Master_Study/Master_Thesis/Implementation/libfranka_ws/install/garmi_hardware/share/garmi_hardware/local_setup.bash
[30.803s] -- Symlinking: /media/kai/Kai_Backup/Master_Study/Master_Thesis/Implementation/libfranka_ws/install/garmi_hardware/share/garmi_hardware/local_setup.sh
[30.822s] -- Symlinking: /media/kai/Kai_Backup/Master_Study/Master_Thesis/Implementation/libfranka_ws/install/garmi_hardware/share/garmi_hardware/local_setup.zsh
[30.842s] -- Symlinking: /media/kai/Kai_Backup/Master_Study/Master_Thesis/Implementation/libfranka_ws/install/garmi_hardware/share/garmi_hardware/local_setup.dsv
[30.860s] -- Symlinking: /media/kai/Kai_Backup/Master_Study/Master_Thesis/Implementation/libfranka_ws/install/garmi_hardware/share/garmi_hardware/package.dsv
[30.879s] -- Symlinking: /media/kai/Kai_Backup/Master_Study/Master_Thesis/Implementation/libfranka_ws/install/garmi_hardware/share/ament_index/resource_index/packages/garmi_hardware
[30.896s] -- Symlinking: /media/kai/Kai_Backup/Master_Study/Master_Thesis/Implementation/libfranka_ws/install/garmi_hardware/share/ament_index/resource_index/hardware_interface__pluginlib__plugin/garmi_hardware
[30.908s] -- Symlinking: /media/kai/Kai_Backup/Master_Study/Master_Thesis/Implementation/libfranka_ws/install/garmi_hardware/share/garmi_hardware/cmake/ament_cmake_export_include_directories-extras.cmake
[30.925s] -- Symlinking: /media/kai/Kai_Backup/Master_Study/Master_Thesis/Implementation/libfranka_ws/install/garmi_hardware/share/garmi_hardware/cmake/ament_cmake_export_libraries-extras.cmake
[30.944s] -- Symlinking: /media/kai/Kai_Backup/Master_Study/Master_Thesis/Implementation/libfranka_ws/install/garmi_hardware/share/garmi_hardware/cmake/ament_cmake_export_dependencies-extras.cmake
[30.962s] -- Symlinking: /media/kai/Kai_Backup/Master_Study/Master_Thesis/Implementation/libfranka_ws/install/garmi_hardware/share/garmi_hardware/cmake/garmi_hardwareConfig.cmake
[30.975s] -- Symlinking: /media/kai/Kai_Backup/Master_Study/Master_Thesis/Implementation/libfranka_ws/install/garmi_hardware/share/garmi_hardware/cmake/garmi_hardwareConfig-version.cmake
[30.986s] -- Symlinking: /media/kai/Kai_Backup/Master_Study/Master_Thesis/Implementation/libfranka_ws/install/garmi_hardware/share/garmi_hardware/package.xml
[31.003s] Invoked command in '/media/kai/Kai_Backup/Master_Study/Master_Thesis/Implementation/libfranka_ws/build/garmi_hardware' returned '0': CMAKE_PREFIX_PATH=${CMAKE_PREFIX_PATH}:/media/kai/Kai_Backup/Master_Study/Master_Thesis/Implementation/libfranka_ws/install/Model_based_Reinforcement_Learning_In_Teleoperation:/media/kai/Kai_Backup/Master_Study/Master_Thesis/Implementation/libfranka_ws/install/Hierarchical_Reinforcement_Learning_for_Adaptive_Control_Under_Stochastic_Network_Delays:/media/kai/Kai_Backup/Master_Study/Master_Thesis/Implementation/libfranka_ws/install/Reinforcement_Learning_In_Teleoperation:/opt/ros/humble /usr/bin/cmake --install /media/kai/Kai_Backup/Master_Study/Master_Thesis/Implementation/libfranka_ws/build/garmi_hardware
