[0.047s] DEBUG:colcon:Command line arguments: ['/usr/bin/colcon', 'build', '--packages-select', 'E2E_Teleoperation']
[0.047s] DEBUG:colcon:Parsed command line arguments: Namespace(log_base=None, log_level=None, verb_name='build', build_base='build', install_base='install', merge_install=False, symlink_install=False, test_result_base=None, continue_on_error=False, executor='parallel', parallel_workers=32, event_handlers=None, ignore_user_meta=False, metas=['./colcon.meta'], base_paths=['.'], packages_ignore=None, packages_ignore_regex=None, paths=None, packages_up_to=None, packages_up_to_regex=None, packages_above=None, packages_above_and_dependencies=None, packages_above_depth=None, packages_select_by_dep=None, packages_skip_by_dep=None, packages_skip_up_to=None, packages_select_build_failed=False, packages_skip_build_finished=False, packages_select_test_failures=False, packages_skip_test_passed=False, packages_select=['E2E_Teleoperation'], packages_skip=None, packages_select_regex=None, packages_skip_regex=None, packages_start=None, packages_end=None, allow_overriding=[], cmake_args=None, cmake_target=None, cmake_target_skip_unavailable=False, cmake_clean_cache=False, cmake_clean_first=False, cmake_force_configure=False, ament_cmake_args=None, catkin_cmake_args=None, catkin_skip_building_tests=False, mixin_files=None, mixin=None, verb_parser=<colcon_mixin.mixin.mixin_argument.MixinArgumentDecorator object at 0x7b3611fa5c70>, verb_extension=<colcon_core.verb.build.BuildVerb object at 0x7b36120c5d60>, main=<bound method BuildVerb.main of <colcon_core.verb.build.BuildVerb object at 0x7b36120c5d60>>, mixin_verb=('build',))
[0.063s] Level 1:colcon.colcon_core.package_discovery:discover_packages(colcon_meta) check parameters
[0.063s] Level 1:colcon.colcon_core.package_discovery:discover_packages(recursive) check parameters
[0.063s] Level 1:colcon.colcon_core.package_discovery:discover_packages(ignore) check parameters
[0.063s] Level 1:colcon.colcon_core.package_discovery:discover_packages(path) check parameters
[0.063s] Level 1:colcon.colcon_core.package_discovery:discover_packages(colcon_meta) discover
[0.063s] Level 1:colcon.colcon_core.package_discovery:discover_packages(recursive) discover
[0.063s] INFO:colcon.colcon_core.package_discovery:Crawling recursively for packages in '/home/kaize/Downloads/Master_Study_Master_Thesis/libfranka_ws'
[0.064s] Level 1:colcon.colcon_core.package_identification:_identify(.) by extensions ['ignore', 'ignore_ament_install']
[0.064s] Level 1:colcon.colcon_core.package_identification:_identify(.) by extension 'ignore'
[0.064s] Level 1:colcon.colcon_core.package_identification:_identify(.) by extension 'ignore_ament_install'
[0.064s] Level 1:colcon.colcon_core.package_identification:_identify(.) by extensions ['colcon_pkg']
[0.064s] Level 1:colcon.colcon_core.package_identification:_identify(.) by extension 'colcon_pkg'
[0.064s] Level 1:colcon.colcon_core.package_identification:_identify(.) by extensions ['colcon_meta']
[0.064s] Level 1:colcon.colcon_core.package_identification:_identify(.) by extension 'colcon_meta'
[0.064s] Level 1:colcon.colcon_core.package_identification:_identify(.) by extensions ['ros']
[0.064s] Level 1:colcon.colcon_core.package_identification:_identify(.) by extension 'ros'
[0.075s] Level 1:colcon.colcon_core.package_identification:_identify(.) by extensions ['cmake', 'python']
[0.075s] Level 1:colcon.colcon_core.package_identification:_identify(.) by extension 'cmake'
[0.075s] Level 1:colcon.colcon_core.package_identification:_identify(.) by extension 'python'
[0.075s] Level 1:colcon.colcon_core.package_identification:_identify(.) by extensions ['python_setup_py']
[0.075s] Level 1:colcon.colcon_core.package_identification:_identify(.) by extension 'python_setup_py'
[0.075s] Level 1:colcon.colcon_core.package_identification:_identify(build) by extensions ['ignore', 'ignore_ament_install']
[0.075s] Level 1:colcon.colcon_core.package_identification:_identify(build) by extension 'ignore'
[0.075s] Level 1:colcon.colcon_core.package_identification:_identify(build) ignored
[0.075s] Level 1:colcon.colcon_core.package_identification:_identify(bullet3) by extensions ['ignore', 'ignore_ament_install']
[0.075s] Level 1:colcon.colcon_core.package_identification:_identify(bullet3) by extension 'ignore'
[0.075s] Level 1:colcon.colcon_core.package_identification:_identify(bullet3) by extension 'ignore_ament_install'
[0.075s] Level 1:colcon.colcon_core.package_identification:_identify(bullet3) by extensions ['colcon_pkg']
[0.075s] Level 1:colcon.colcon_core.package_identification:_identify(bullet3) by extension 'colcon_pkg'
[0.075s] Level 1:colcon.colcon_core.package_identification:_identify(bullet3) by extensions ['colcon_meta']
[0.075s] Level 1:colcon.colcon_core.package_identification:_identify(bullet3) by extension 'colcon_meta'
[0.075s] Level 1:colcon.colcon_core.package_identification:_identify(bullet3) by extensions ['ros']
[0.075s] Level 1:colcon.colcon_core.package_identification:_identify(bullet3) by extension 'ros'
[0.075s] Level 1:colcon.colcon_core.package_identification:_identify(bullet3) by extensions ['cmake', 'python']
[0.076s] Level 1:colcon.colcon_core.package_identification:_identify(bullet3) by extension 'cmake'
[0.076s] Level 1:colcon.colcon_core.package_identification:_identify(bullet3) by extension 'python'
[0.076s] Level 1:colcon.colcon_core.package_identification:_identify(bullet3) by extensions ['python_setup_py']
[0.076s] Level 1:colcon.colcon_core.package_identification:_identify(bullet3) by extension 'python_setup_py'
[0.076s] Level 1:colcon.colcon_core.package_identification:_identify(install) by extensions ['ignore', 'ignore_ament_install']
[0.076s] Level 1:colcon.colcon_core.package_identification:_identify(install) by extension 'ignore'
[0.076s] Level 1:colcon.colcon_core.package_identification:_identify(install) ignored
[0.076s] Level 1:colcon.colcon_core.package_identification:_identify(log) by extensions ['ignore', 'ignore_ament_install']
[0.076s] Level 1:colcon.colcon_core.package_identification:_identify(log) by extension 'ignore'
[0.076s] Level 1:colcon.colcon_core.package_identification:_identify(log) ignored
[0.076s] Level 1:colcon.colcon_core.package_identification:_identify(src) by extensions ['ignore', 'ignore_ament_install']
[0.076s] Level 1:colcon.colcon_core.package_identification:_identify(src) by extension 'ignore'
[0.076s] Level 1:colcon.colcon_core.package_identification:_identify(src) by extension 'ignore_ament_install'
[0.076s] Level 1:colcon.colcon_core.package_identification:_identify(src) by extensions ['colcon_pkg']
[0.076s] Level 1:colcon.colcon_core.package_identification:_identify(src) by extension 'colcon_pkg'
[0.076s] Level 1:colcon.colcon_core.package_identification:_identify(src) by extensions ['colcon_meta']
[0.076s] Level 1:colcon.colcon_core.package_identification:_identify(src) by extension 'colcon_meta'
[0.076s] Level 1:colcon.colcon_core.package_identification:_identify(src) by extensions ['ros']
[0.076s] Level 1:colcon.colcon_core.package_identification:_identify(src) by extension 'ros'
[0.076s] Level 1:colcon.colcon_core.package_identification:_identify(src) by extensions ['cmake', 'python']
[0.076s] Level 1:colcon.colcon_core.package_identification:_identify(src) by extension 'cmake'
[0.076s] Level 1:colcon.colcon_core.package_identification:_identify(src) by extension 'python'
[0.076s] Level 1:colcon.colcon_core.package_identification:_identify(src) by extensions ['python_setup_py']
[0.076s] Level 1:colcon.colcon_core.package_identification:_identify(src) by extension 'python_setup_py'
[0.076s] Level 1:colcon.colcon_core.package_identification:_identify(src/E2E_Teleoperation) by extensions ['ignore', 'ignore_ament_install']
[0.076s] Level 1:colcon.colcon_core.package_identification:_identify(src/E2E_Teleoperation) by extension 'ignore'
[0.076s] Level 1:colcon.colcon_core.package_identification:_identify(src/E2E_Teleoperation) by extension 'ignore_ament_install'
[0.076s] Level 1:colcon.colcon_core.package_identification:_identify(src/E2E_Teleoperation) by extensions ['colcon_pkg']
[0.076s] Level 1:colcon.colcon_core.package_identification:_identify(src/E2E_Teleoperation) by extension 'colcon_pkg'
[0.076s] Level 1:colcon.colcon_core.package_identification:_identify(src/E2E_Teleoperation) by extensions ['colcon_meta']
[0.076s] Level 1:colcon.colcon_core.package_identification:_identify(src/E2E_Teleoperation) by extension 'colcon_meta'
[0.076s] Level 1:colcon.colcon_core.package_identification:_identify(src/E2E_Teleoperation) by extensions ['ros']
[0.076s] Level 1:colcon.colcon_core.package_identification:_identify(src/E2E_Teleoperation) by extension 'ros'
[0.078s] DEBUG:colcon.colcon_core.package_identification:Package 'src/E2E_Teleoperation' with type 'ros.ament_python' and name 'E2E_Teleoperation'
[0.078s] Level 1:colcon.colcon_core.package_identification:_identify(src/Hierarchical_RL_Teleoperation) by extensions ['ignore', 'ignore_ament_install']
[0.078s] Level 1:colcon.colcon_core.package_identification:_identify(src/Hierarchical_RL_Teleoperation) by extension 'ignore'
[0.078s] Level 1:colcon.colcon_core.package_identification:_identify(src/Hierarchical_RL_Teleoperation) by extension 'ignore_ament_install'
[0.078s] Level 1:colcon.colcon_core.package_identification:_identify(src/Hierarchical_RL_Teleoperation) by extensions ['colcon_pkg']
[0.078s] Level 1:colcon.colcon_core.package_identification:_identify(src/Hierarchical_RL_Teleoperation) by extension 'colcon_pkg'
[0.078s] Level 1:colcon.colcon_core.package_identification:_identify(src/Hierarchical_RL_Teleoperation) by extensions ['colcon_meta']
[0.078s] Level 1:colcon.colcon_core.package_identification:_identify(src/Hierarchical_RL_Teleoperation) by extension 'colcon_meta'
[0.078s] Level 1:colcon.colcon_core.package_identification:_identify(src/Hierarchical_RL_Teleoperation) by extensions ['ros']
[0.078s] Level 1:colcon.colcon_core.package_identification:_identify(src/Hierarchical_RL_Teleoperation) by extension 'ros'
[0.078s] DEBUG:colcon.colcon_core.package_identification:Package 'src/Hierarchical_RL_Teleoperation' with type 'ros.ament_python' and name 'Hierarchical_RL_Teleoperation'
[0.078s] Level 1:colcon.colcon_core.package_identification:_identify(src/Model_Based_RL_Teleoperation) by extensions ['ignore', 'ignore_ament_install']
[0.078s] Level 1:colcon.colcon_core.package_identification:_identify(src/Model_Based_RL_Teleoperation) by extension 'ignore'
[0.078s] Level 1:colcon.colcon_core.package_identification:_identify(src/Model_Based_RL_Teleoperation) by extension 'ignore_ament_install'
[0.078s] Level 1:colcon.colcon_core.package_identification:_identify(src/Model_Based_RL_Teleoperation) by extensions ['colcon_pkg']
[0.078s] Level 1:colcon.colcon_core.package_identification:_identify(src/Model_Based_RL_Teleoperation) by extension 'colcon_pkg'
[0.078s] Level 1:colcon.colcon_core.package_identification:_identify(src/Model_Based_RL_Teleoperation) by extensions ['colcon_meta']
[0.078s] Level 1:colcon.colcon_core.package_identification:_identify(src/Model_Based_RL_Teleoperation) by extension 'colcon_meta'
[0.078s] Level 1:colcon.colcon_core.package_identification:_identify(src/Model_Based_RL_Teleoperation) by extensions ['ros']
[0.078s] Level 1:colcon.colcon_core.package_identification:_identify(src/Model_Based_RL_Teleoperation) by extension 'ros'
[0.079s] DEBUG:colcon.colcon_core.package_identification:Package 'src/Model_Based_RL_Teleoperation' with type 'ros.ament_python' and name 'Model_Based_RL_Teleoperation'
[0.079s] Level 1:colcon.colcon_core.package_identification:_identify(src/mujoco_ros_pkgs) by extensions ['ignore', 'ignore_ament_install']
[0.079s] Level 1:colcon.colcon_core.package_identification:_identify(src/mujoco_ros_pkgs) by extension 'ignore'
[0.079s] Level 1:colcon.colcon_core.package_identification:_identify(src/mujoco_ros_pkgs) by extension 'ignore_ament_install'
[0.079s] Level 1:colcon.colcon_core.package_identification:_identify(src/mujoco_ros_pkgs) by extensions ['colcon_pkg']
[0.079s] Level 1:colcon.colcon_core.package_identification:_identify(src/mujoco_ros_pkgs) by extension 'colcon_pkg'
[0.079s] Level 1:colcon.colcon_core.package_identification:_identify(src/mujoco_ros_pkgs) by extensions ['colcon_meta']
[0.079s] Level 1:colcon.colcon_core.package_identification:_identify(src/mujoco_ros_pkgs) by extension 'colcon_meta'
[0.079s] Level 1:colcon.colcon_core.package_identification:_identify(src/mujoco_ros_pkgs) by extensions ['ros']
[0.079s] Level 1:colcon.colcon_core.package_identification:_identify(src/mujoco_ros_pkgs) by extension 'ros'
[0.079s] Level 1:colcon.colcon_core.package_identification:_identify(src/mujoco_ros_pkgs) by extensions ['cmake', 'python']
[0.079s] Level 1:colcon.colcon_core.package_identification:_identify(src/mujoco_ros_pkgs) by extension 'cmake'
[0.079s] Level 1:colcon.colcon_core.package_identification:_identify(src/mujoco_ros_pkgs) by extension 'python'
[0.079s] Level 1:colcon.colcon_core.package_identification:_identify(src/mujoco_ros_pkgs) by extensions ['python_setup_py']
[0.079s] Level 1:colcon.colcon_core.package_identification:_identify(src/mujoco_ros_pkgs) by extension 'python_setup_py'
[0.079s] Level 1:colcon.colcon_core.package_identification:_identify(src/multipanda_ros2) by extensions ['ignore', 'ignore_ament_install']
[0.079s] Level 1:colcon.colcon_core.package_identification:_identify(src/multipanda_ros2) by extension 'ignore'
[0.079s] Level 1:colcon.colcon_core.package_identification:_identify(src/multipanda_ros2) by extension 'ignore_ament_install'
[0.079s] Level 1:colcon.colcon_core.package_identification:_identify(src/multipanda_ros2) by extensions ['colcon_pkg']
[0.079s] Level 1:colcon.colcon_core.package_identification:_identify(src/multipanda_ros2) by extension 'colcon_pkg'
[0.079s] Level 1:colcon.colcon_core.package_identification:_identify(src/multipanda_ros2) by extensions ['colcon_meta']
[0.079s] Level 1:colcon.colcon_core.package_identification:_identify(src/multipanda_ros2) by extension 'colcon_meta'
[0.079s] Level 1:colcon.colcon_core.package_identification:_identify(src/multipanda_ros2) by extensions ['ros']
[0.079s] Level 1:colcon.colcon_core.package_identification:_identify(src/multipanda_ros2) by extension 'ros'
[0.079s] Level 1:colcon.colcon_core.package_identification:_identify(src/multipanda_ros2) by extensions ['cmake', 'python']
[0.079s] Level 1:colcon.colcon_core.package_identification:_identify(src/multipanda_ros2) by extension 'cmake'
[0.079s] Level 1:colcon.colcon_core.package_identification:_identify(src/multipanda_ros2) by extension 'python'
[0.079s] Level 1:colcon.colcon_core.package_identification:_identify(src/multipanda_ros2) by extensions ['python_setup_py']
[0.079s] Level 1:colcon.colcon_core.package_identification:_identify(src/multipanda_ros2) by extension 'python_setup_py'
[0.079s] Level 1:colcon.colcon_core.package_identification:_identify(src/multipanda_ros2/docs) by extensions ['ignore', 'ignore_ament_install']
[0.079s] Level 1:colcon.colcon_core.package_identification:_identify(src/multipanda_ros2/docs) by extension 'ignore'
[0.079s] Level 1:colcon.colcon_core.package_identification:_identify(src/multipanda_ros2/docs) by extension 'ignore_ament_install'
[0.079s] Level 1:colcon.colcon_core.package_identification:_identify(src/multipanda_ros2/docs) by extensions ['colcon_pkg']
[0.079s] Level 1:colcon.colcon_core.package_identification:_identify(src/multipanda_ros2/docs) by extension 'colcon_pkg'
[0.079s] Level 1:colcon.colcon_core.package_identification:_identify(src/multipanda_ros2/docs) by extensions ['colcon_meta']
[0.079s] Level 1:colcon.colcon_core.package_identification:_identify(src/multipanda_ros2/docs) by extension 'colcon_meta'
[0.079s] Level 1:colcon.colcon_core.package_identification:_identify(src/multipanda_ros2/docs) by extensions ['ros']
[0.079s] Level 1:colcon.colcon_core.package_identification:_identify(src/multipanda_ros2/docs) by extension 'ros'
[0.079s] Level 1:colcon.colcon_core.package_identification:_identify(src/multipanda_ros2/docs) by extensions ['cmake', 'python']
[0.079s] Level 1:colcon.colcon_core.package_identification:_identify(src/multipanda_ros2/docs) by extension 'cmake'
[0.079s] Level 1:colcon.colcon_core.package_identification:_identify(src/multipanda_ros2/docs) by extension 'python'
[0.079s] Level 1:colcon.colcon_core.package_identification:_identify(src/multipanda_ros2/docs) by extensions ['python_setup_py']
[0.079s] Level 1:colcon.colcon_core.package_identification:_identify(src/multipanda_ros2/docs) by extension 'python_setup_py'
[0.080s] Level 1:colcon.colcon_core.package_identification:_identify(src/multipanda_ros2/docs/chapters) by extensions ['ignore', 'ignore_ament_install']
[0.080s] Level 1:colcon.colcon_core.package_identification:_identify(src/multipanda_ros2/docs/chapters) by extension 'ignore'
[0.080s] Level 1:colcon.colcon_core.package_identification:_identify(src/multipanda_ros2/docs/chapters) by extension 'ignore_ament_install'
[0.080s] Level 1:colcon.colcon_core.package_identification:_identify(src/multipanda_ros2/docs/chapters) by extensions ['colcon_pkg']
[0.080s] Level 1:colcon.colcon_core.package_identification:_identify(src/multipanda_ros2/docs/chapters) by extension 'colcon_pkg'
[0.080s] Level 1:colcon.colcon_core.package_identification:_identify(src/multipanda_ros2/docs/chapters) by extensions ['colcon_meta']
[0.080s] Level 1:colcon.colcon_core.package_identification:_identify(src/multipanda_ros2/docs/chapters) by extension 'colcon_meta'
[0.080s] Level 1:colcon.colcon_core.package_identification:_identify(src/multipanda_ros2/docs/chapters) by extensions ['ros']
[0.080s] Level 1:colcon.colcon_core.package_identification:_identify(src/multipanda_ros2/docs/chapters) by extension 'ros'
[0.080s] Level 1:colcon.colcon_core.package_identification:_identify(src/multipanda_ros2/docs/chapters) by extensions ['cmake', 'python']
[0.080s] Level 1:colcon.colcon_core.package_identification:_identify(src/multipanda_ros2/docs/chapters) by extension 'cmake'
[0.080s] Level 1:colcon.colcon_core.package_identification:_identify(src/multipanda_ros2/docs/chapters) by extension 'python'
[0.080s] Level 1:colcon.colcon_core.package_identification:_identify(src/multipanda_ros2/docs/chapters) by extensions ['python_setup_py']
[0.080s] Level 1:colcon.colcon_core.package_identification:_identify(src/multipanda_ros2/docs/chapters) by extension 'python_setup_py'
[0.080s] Level 1:colcon.colcon_core.package_identification:_identify(src/multipanda_ros2/docs/example_scripts) by extensions ['ignore', 'ignore_ament_install']
[0.080s] Level 1:colcon.colcon_core.package_identification:_identify(src/multipanda_ros2/docs/example_scripts) by extension 'ignore'
[0.080s] Level 1:colcon.colcon_core.package_identification:_identify(src/multipanda_ros2/docs/example_scripts) by extension 'ignore_ament_install'
[0.080s] Level 1:colcon.colcon_core.package_identification:_identify(src/multipanda_ros2/docs/example_scripts) by extensions ['colcon_pkg']
[0.080s] Level 1:colcon.colcon_core.package_identification:_identify(src/multipanda_ros2/docs/example_scripts) by extension 'colcon_pkg'
[0.080s] Level 1:colcon.colcon_core.package_identification:_identify(src/multipanda_ros2/docs/example_scripts) by extensions ['colcon_meta']
[0.080s] Level 1:colcon.colcon_core.package_identification:_identify(src/multipanda_ros2/docs/example_scripts) by extension 'colcon_meta'
[0.080s] Level 1:colcon.colcon_core.package_identification:_identify(src/multipanda_ros2/docs/example_scripts) by extensions ['ros']
[0.080s] Level 1:colcon.colcon_core.package_identification:_identify(src/multipanda_ros2/docs/example_scripts) by extension 'ros'
[0.080s] Level 1:colcon.colcon_core.package_identification:_identify(src/multipanda_ros2/docs/example_scripts) by extensions ['cmake', 'python']
[0.080s] Level 1:colcon.colcon_core.package_identification:_identify(src/multipanda_ros2/docs/example_scripts) by extension 'cmake'
[0.080s] Level 1:colcon.colcon_core.package_identification:_identify(src/multipanda_ros2/docs/example_scripts) by extension 'python'
[0.080s] Level 1:colcon.colcon_core.package_identification:_identify(src/multipanda_ros2/docs/example_scripts) by extensions ['python_setup_py']
[0.080s] Level 1:colcon.colcon_core.package_identification:_identify(src/multipanda_ros2/docs/example_scripts) by extension 'python_setup_py'
[0.080s] Level 1:colcon.colcon_core.package_identification:_identify(src/multipanda_ros2/docs/images) by extensions ['ignore', 'ignore_ament_install']
[0.080s] Level 1:colcon.colcon_core.package_identification:_identify(src/multipanda_ros2/docs/images) by extension 'ignore'
[0.080s] Level 1:colcon.colcon_core.package_identification:_identify(src/multipanda_ros2/docs/images) by extension 'ignore_ament_install'
[0.080s] Level 1:colcon.colcon_core.package_identification:_identify(src/multipanda_ros2/docs/images) by extensions ['colcon_pkg']
[0.080s] Level 1:colcon.colcon_core.package_identification:_identify(src/multipanda_ros2/docs/images) by extension 'colcon_pkg'
[0.080s] Level 1:colcon.colcon_core.package_identification:_identify(src/multipanda_ros2/docs/images) by extensions ['colcon_meta']
[0.080s] Level 1:colcon.colcon_core.package_identification:_identify(src/multipanda_ros2/docs/images) by extension 'colcon_meta'
[0.080s] Level 1:colcon.colcon_core.package_identification:_identify(src/multipanda_ros2/docs/images) by extensions ['ros']
[0.080s] Level 1:colcon.colcon_core.package_identification:_identify(src/multipanda_ros2/docs/images) by extension 'ros'
[0.080s] Level 1:colcon.colcon_core.package_identification:_identify(src/multipanda_ros2/docs/images) by extensions ['cmake', 'python']
[0.080s] Level 1:colcon.colcon_core.package_identification:_identify(src/multipanda_ros2/docs/images) by extension 'cmake'
[0.080s] Level 1:colcon.colcon_core.package_identification:_identify(src/multipanda_ros2/docs/images) by extension 'python'
[0.080s] Level 1:colcon.colcon_core.package_identification:_identify(src/multipanda_ros2/docs/images) by extensions ['python_setup_py']
[0.080s] Level 1:colcon.colcon_core.package_identification:_identify(src/multipanda_ros2/docs/images) by extension 'python_setup_py'
[0.080s] Level 1:colcon.colcon_core.package_identification:_identify(src/multipanda_ros2/franka_bringup) by extensions ['ignore', 'ignore_ament_install']
[0.080s] Level 1:colcon.colcon_core.package_identification:_identify(src/multipanda_ros2/franka_bringup) by extension 'ignore'
[0.080s] Level 1:colcon.colcon_core.package_identification:_identify(src/multipanda_ros2/franka_bringup) by extension 'ignore_ament_install'
[0.080s] Level 1:colcon.colcon_core.package_identification:_identify(src/multipanda_ros2/franka_bringup) by extensions ['colcon_pkg']
[0.080s] Level 1:colcon.colcon_core.package_identification:_identify(src/multipanda_ros2/franka_bringup) by extension 'colcon_pkg'
[0.080s] Level 1:colcon.colcon_core.package_identification:_identify(src/multipanda_ros2/franka_bringup) by extensions ['colcon_meta']
[0.080s] Level 1:colcon.colcon_core.package_identification:_identify(src/multipanda_ros2/franka_bringup) by extension 'colcon_meta'
[0.080s] Level 1:colcon.colcon_core.package_identification:_identify(src/multipanda_ros2/franka_bringup) by extensions ['ros']
[0.080s] Level 1:colcon.colcon_core.package_identification:_identify(src/multipanda_ros2/franka_bringup) by extension 'ros'
[0.081s] DEBUG:colcon.colcon_core.package_identification:Package 'src/multipanda_ros2/franka_bringup' with type 'ros.ament_cmake' and name 'franka_bringup'
[0.081s] Level 1:colcon.colcon_core.package_identification:_identify(src/multipanda_ros2/franka_control2) by extensions ['ignore', 'ignore_ament_install']
[0.081s] Level 1:colcon.colcon_core.package_identification:_identify(src/multipanda_ros2/franka_control2) by extension 'ignore'
[0.081s] Level 1:colcon.colcon_core.package_identification:_identify(src/multipanda_ros2/franka_control2) by extension 'ignore_ament_install'
[0.081s] Level 1:colcon.colcon_core.package_identification:_identify(src/multipanda_ros2/franka_control2) by extensions ['colcon_pkg']
[0.081s] Level 1:colcon.colcon_core.package_identification:_identify(src/multipanda_ros2/franka_control2) by extension 'colcon_pkg'
[0.081s] Level 1:colcon.colcon_core.package_identification:_identify(src/multipanda_ros2/franka_control2) by extensions ['colcon_meta']
[0.081s] Level 1:colcon.colcon_core.package_identification:_identify(src/multipanda_ros2/franka_control2) by extension 'colcon_meta'
[0.081s] Level 1:colcon.colcon_core.package_identification:_identify(src/multipanda_ros2/franka_control2) by extensions ['ros']
[0.081s] Level 1:colcon.colcon_core.package_identification:_identify(src/multipanda_ros2/franka_control2) by extension 'ros'
[0.082s] DEBUG:colcon.colcon_core.package_identification:Package 'src/multipanda_ros2/franka_control2' with type 'ros.ament_cmake' and name 'franka_control2'
[0.082s] Level 1:colcon.colcon_core.package_identification:_identify(src/multipanda_ros2/franka_description) by extensions ['ignore', 'ignore_ament_install']
[0.082s] Level 1:colcon.colcon_core.package_identification:_identify(src/multipanda_ros2/franka_description) by extension 'ignore'
[0.082s] Level 1:colcon.colcon_core.package_identification:_identify(src/multipanda_ros2/franka_description) by extension 'ignore_ament_install'
[0.082s] Level 1:colcon.colcon_core.package_identification:_identify(src/multipanda_ros2/franka_description) by extensions ['colcon_pkg']
[0.082s] Level 1:colcon.colcon_core.package_identification:_identify(src/multipanda_ros2/franka_description) by extension 'colcon_pkg'
[0.082s] Level 1:colcon.colcon_core.package_identification:_identify(src/multipanda_ros2/franka_description) by extensions ['colcon_meta']
[0.082s] Level 1:colcon.colcon_core.package_identification:_identify(src/multipanda_ros2/franka_description) by extension 'colcon_meta'
[0.082s] Level 1:colcon.colcon_core.package_identification:_identify(src/multipanda_ros2/franka_description) by extensions ['ros']
[0.082s] Level 1:colcon.colcon_core.package_identification:_identify(src/multipanda_ros2/franka_description) by extension 'ros'
[0.082s] DEBUG:colcon.colcon_core.package_identification:Package 'src/multipanda_ros2/franka_description' with type 'ros.ament_cmake' and name 'franka_description'
[0.082s] Level 1:colcon.colcon_core.package_identification:_identify(src/multipanda_ros2/franka_example_controllers) by extensions ['ignore', 'ignore_ament_install']
[0.082s] Level 1:colcon.colcon_core.package_identification:_identify(src/multipanda_ros2/franka_example_controllers) by extension 'ignore'
[0.082s] Level 1:colcon.colcon_core.package_identification:_identify(src/multipanda_ros2/franka_example_controllers) by extension 'ignore_ament_install'
[0.083s] Level 1:colcon.colcon_core.package_identification:_identify(src/multipanda_ros2/franka_example_controllers) by extensions ['colcon_pkg']
[0.083s] Level 1:colcon.colcon_core.package_identification:_identify(src/multipanda_ros2/franka_example_controllers) by extension 'colcon_pkg'
[0.083s] Level 1:colcon.colcon_core.package_identification:_identify(src/multipanda_ros2/franka_example_controllers) by extensions ['colcon_meta']
[0.083s] Level 1:colcon.colcon_core.package_identification:_identify(src/multipanda_ros2/franka_example_controllers) by extension 'colcon_meta'
[0.083s] Level 1:colcon.colcon_core.package_identification:_identify(src/multipanda_ros2/franka_example_controllers) by extensions ['ros']
[0.083s] Level 1:colcon.colcon_core.package_identification:_identify(src/multipanda_ros2/franka_example_controllers) by extension 'ros'
[0.083s] DEBUG:colcon.colcon_core.package_identification:Package 'src/multipanda_ros2/franka_example_controllers' with type 'ros.ament_cmake' and name 'franka_example_controllers'
[0.083s] Level 1:colcon.colcon_core.package_identification:_identify(src/multipanda_ros2/franka_gripper) by extensions ['ignore', 'ignore_ament_install']
[0.083s] Level 1:colcon.colcon_core.package_identification:_identify(src/multipanda_ros2/franka_gripper) by extension 'ignore'
[0.083s] Level 1:colcon.colcon_core.package_identification:_identify(src/multipanda_ros2/franka_gripper) by extension 'ignore_ament_install'
[0.083s] Level 1:colcon.colcon_core.package_identification:_identify(src/multipanda_ros2/franka_gripper) by extensions ['colcon_pkg']
[0.083s] Level 1:colcon.colcon_core.package_identification:_identify(src/multipanda_ros2/franka_gripper) by extension 'colcon_pkg'
[0.083s] Level 1:colcon.colcon_core.package_identification:_identify(src/multipanda_ros2/franka_gripper) by extensions ['colcon_meta']
[0.083s] Level 1:colcon.colcon_core.package_identification:_identify(src/multipanda_ros2/franka_gripper) by extension 'colcon_meta'
[0.083s] Level 1:colcon.colcon_core.package_identification:_identify(src/multipanda_ros2/franka_gripper) by extensions ['ros']
[0.083s] Level 1:colcon.colcon_core.package_identification:_identify(src/multipanda_ros2/franka_gripper) by extension 'ros'
[0.084s] DEBUG:colcon.colcon_core.package_identification:Package 'src/multipanda_ros2/franka_gripper' with type 'ros.ament_cmake' and name 'franka_gripper'
[0.084s] Level 1:colcon.colcon_core.package_identification:_identify(src/multipanda_ros2/franka_hardware) by extensions ['ignore', 'ignore_ament_install']
[0.084s] Level 1:colcon.colcon_core.package_identification:_identify(src/multipanda_ros2/franka_hardware) by extension 'ignore'
[0.084s] Level 1:colcon.colcon_core.package_identification:_identify(src/multipanda_ros2/franka_hardware) by extension 'ignore_ament_install'
[0.084s] Level 1:colcon.colcon_core.package_identification:_identify(src/multipanda_ros2/franka_hardware) by extensions ['colcon_pkg']
[0.084s] Level 1:colcon.colcon_core.package_identification:_identify(src/multipanda_ros2/franka_hardware) by extension 'colcon_pkg'
[0.084s] Level 1:colcon.colcon_core.package_identification:_identify(src/multipanda_ros2/franka_hardware) by extensions ['colcon_meta']
[0.084s] Level 1:colcon.colcon_core.package_identification:_identify(src/multipanda_ros2/franka_hardware) by extension 'colcon_meta'
[0.084s] Level 1:colcon.colcon_core.package_identification:_identify(src/multipanda_ros2/franka_hardware) by extensions ['ros']
[0.084s] Level 1:colcon.colcon_core.package_identification:_identify(src/multipanda_ros2/franka_hardware) by extension 'ros'
[0.084s] DEBUG:colcon.colcon_core.package_identification:Package 'src/multipanda_ros2/franka_hardware' with type 'ros.ament_cmake' and name 'franka_hardware'
[0.084s] Level 1:colcon.colcon_core.package_identification:_identify(src/multipanda_ros2/franka_moveit_config) by extensions ['ignore', 'ignore_ament_install']
[0.084s] Level 1:colcon.colcon_core.package_identification:_identify(src/multipanda_ros2/franka_moveit_config) by extension 'ignore'
[0.084s] Level 1:colcon.colcon_core.package_identification:_identify(src/multipanda_ros2/franka_moveit_config) by extension 'ignore_ament_install'
[0.084s] Level 1:colcon.colcon_core.package_identification:_identify(src/multipanda_ros2/franka_moveit_config) by extensions ['colcon_pkg']
[0.084s] Level 1:colcon.colcon_core.package_identification:_identify(src/multipanda_ros2/franka_moveit_config) by extension 'colcon_pkg'
[0.085s] Level 1:colcon.colcon_core.package_identification:_identify(src/multipanda_ros2/franka_moveit_config) by extensions ['colcon_meta']
[0.085s] Level 1:colcon.colcon_core.package_identification:_identify(src/multipanda_ros2/franka_moveit_config) by extension 'colcon_meta'
[0.085s] Level 1:colcon.colcon_core.package_identification:_identify(src/multipanda_ros2/franka_moveit_config) by extensions ['ros']
[0.085s] Level 1:colcon.colcon_core.package_identification:_identify(src/multipanda_ros2/franka_moveit_config) by extension 'ros'
[0.085s] DEBUG:colcon.colcon_core.package_identification:Package 'src/multipanda_ros2/franka_moveit_config' with type 'ros.ament_cmake' and name 'franka_moveit_config'
[0.085s] Level 1:colcon.colcon_core.package_identification:_identify(src/multipanda_ros2/franka_msgs) by extensions ['ignore', 'ignore_ament_install']
[0.085s] Level 1:colcon.colcon_core.package_identification:_identify(src/multipanda_ros2/franka_msgs) by extension 'ignore'
[0.085s] Level 1:colcon.colcon_core.package_identification:_identify(src/multipanda_ros2/franka_msgs) by extension 'ignore_ament_install'
[0.085s] Level 1:colcon.colcon_core.package_identification:_identify(src/multipanda_ros2/franka_msgs) by extensions ['colcon_pkg']
[0.085s] Level 1:colcon.colcon_core.package_identification:_identify(src/multipanda_ros2/franka_msgs) by extension 'colcon_pkg'
[0.085s] Level 1:colcon.colcon_core.package_identification:_identify(src/multipanda_ros2/franka_msgs) by extensions ['colcon_meta']
[0.085s] Level 1:colcon.colcon_core.package_identification:_identify(src/multipanda_ros2/franka_msgs) by extension 'colcon_meta'
[0.085s] Level 1:colcon.colcon_core.package_identification:_identify(src/multipanda_ros2/franka_msgs) by extensions ['ros']
[0.085s] Level 1:colcon.colcon_core.package_identification:_identify(src/multipanda_ros2/franka_msgs) by extension 'ros'
[0.086s] DEBUG:colcon.colcon_core.package_identification:Package 'src/multipanda_ros2/franka_msgs' with type 'ros.ament_cmake' and name 'franka_msgs'
[0.086s] Level 1:colcon.colcon_core.package_identification:_identify(src/multipanda_ros2/franka_multi_mode_controller) by extensions ['ignore', 'ignore_ament_install']
[0.086s] Level 1:colcon.colcon_core.package_identification:_identify(src/multipanda_ros2/franka_multi_mode_controller) by extension 'ignore'
[0.086s] Level 1:colcon.colcon_core.package_identification:_identify(src/multipanda_ros2/franka_multi_mode_controller) by extension 'ignore_ament_install'
[0.086s] Level 1:colcon.colcon_core.package_identification:_identify(src/multipanda_ros2/franka_multi_mode_controller) by extensions ['colcon_pkg']
[0.086s] Level 1:colcon.colcon_core.package_identification:_identify(src/multipanda_ros2/franka_multi_mode_controller) by extension 'colcon_pkg'
[0.086s] Level 1:colcon.colcon_core.package_identification:_identify(src/multipanda_ros2/franka_multi_mode_controller) by extensions ['colcon_meta']
[0.086s] Level 1:colcon.colcon_core.package_identification:_identify(src/multipanda_ros2/franka_multi_mode_controller) by extension 'colcon_meta'
[0.086s] Level 1:colcon.colcon_core.package_identification:_identify(src/multipanda_ros2/franka_multi_mode_controller) by extensions ['ros']
[0.086s] Level 1:colcon.colcon_core.package_identification:_identify(src/multipanda_ros2/franka_multi_mode_controller) by extension 'ros'
[0.086s] Level 1:colcon.colcon_core.package_identification:_identify(src/multipanda_ros2/franka_multi_mode_controller) by extensions ['cmake', 'python']
[0.086s] Level 1:colcon.colcon_core.package_identification:_identify(src/multipanda_ros2/franka_multi_mode_controller) by extension 'cmake'
[0.086s] Level 1:colcon.colcon_core.package_identification:_identify(src/multipanda_ros2/franka_multi_mode_controller) by extension 'python'
[0.086s] Level 1:colcon.colcon_core.package_identification:_identify(src/multipanda_ros2/franka_multi_mode_controller) by extensions ['python_setup_py']
[0.086s] Level 1:colcon.colcon_core.package_identification:_identify(src/multipanda_ros2/franka_multi_mode_controller) by extension 'python_setup_py'
[0.086s] Level 1:colcon.colcon_core.package_identification:_identify(src/multipanda_ros2/franka_multi_mode_controller/multi_mode_control_msgs) by extensions ['ignore', 'ignore_ament_install']
[0.086s] Level 1:colcon.colcon_core.package_identification:_identify(src/multipanda_ros2/franka_multi_mode_controller/multi_mode_control_msgs) by extension 'ignore'
[0.086s] Level 1:colcon.colcon_core.package_identification:_identify(src/multipanda_ros2/franka_multi_mode_controller/multi_mode_control_msgs) by extension 'ignore_ament_install'
[0.086s] Level 1:colcon.colcon_core.package_identification:_identify(src/multipanda_ros2/franka_multi_mode_controller/multi_mode_control_msgs) by extensions ['colcon_pkg']
[0.086s] Level 1:colcon.colcon_core.package_identification:_identify(src/multipanda_ros2/franka_multi_mode_controller/multi_mode_control_msgs) by extension 'colcon_pkg'
[0.086s] Level 1:colcon.colcon_core.package_identification:_identify(src/multipanda_ros2/franka_multi_mode_controller/multi_mode_control_msgs) by extensions ['colcon_meta']
[0.086s] Level 1:colcon.colcon_core.package_identification:_identify(src/multipanda_ros2/franka_multi_mode_controller/multi_mode_control_msgs) by extension 'colcon_meta'
[0.086s] Level 1:colcon.colcon_core.package_identification:_identify(src/multipanda_ros2/franka_multi_mode_controller/multi_mode_control_msgs) by extensions ['ros']
[0.086s] Level 1:colcon.colcon_core.package_identification:_identify(src/multipanda_ros2/franka_multi_mode_controller/multi_mode_control_msgs) by extension 'ros'
[0.086s] DEBUG:colcon.colcon_core.package_identification:Package 'src/multipanda_ros2/franka_multi_mode_controller/multi_mode_control_msgs' with type 'ros.ament_cmake' and name 'multi_mode_control_msgs'
[0.086s] Level 1:colcon.colcon_core.package_identification:_identify(src/multipanda_ros2/franka_multi_mode_controller/multi_mode_controller) by extensions ['ignore', 'ignore_ament_install']
[0.086s] Level 1:colcon.colcon_core.package_identification:_identify(src/multipanda_ros2/franka_multi_mode_controller/multi_mode_controller) by extension 'ignore'
[0.086s] Level 1:colcon.colcon_core.package_identification:_identify(src/multipanda_ros2/franka_multi_mode_controller/multi_mode_controller) by extension 'ignore_ament_install'
[0.086s] Level 1:colcon.colcon_core.package_identification:_identify(src/multipanda_ros2/franka_multi_mode_controller/multi_mode_controller) by extensions ['colcon_pkg']
[0.086s] Level 1:colcon.colcon_core.package_identification:_identify(src/multipanda_ros2/franka_multi_mode_controller/multi_mode_controller) by extension 'colcon_pkg'
[0.086s] Level 1:colcon.colcon_core.package_identification:_identify(src/multipanda_ros2/franka_multi_mode_controller/multi_mode_controller) by extensions ['colcon_meta']
[0.087s] Level 1:colcon.colcon_core.package_identification:_identify(src/multipanda_ros2/franka_multi_mode_controller/multi_mode_controller) by extension 'colcon_meta'
[0.087s] Level 1:colcon.colcon_core.package_identification:_identify(src/multipanda_ros2/franka_multi_mode_controller/multi_mode_controller) by extensions ['ros']
[0.087s] Level 1:colcon.colcon_core.package_identification:_identify(src/multipanda_ros2/franka_multi_mode_controller/multi_mode_controller) by extension 'ros'
[0.087s] DEBUG:colcon.colcon_core.package_identification:Package 'src/multipanda_ros2/franka_multi_mode_controller/multi_mode_controller' with type 'ros.ament_cmake' and name 'multi_mode_controller'
[0.087s] Level 1:colcon.colcon_core.package_identification:_identify(src/multipanda_ros2/franka_multi_mode_controller/multi_mode_controller_impl) by extensions ['ignore', 'ignore_ament_install']
[0.087s] Level 1:colcon.colcon_core.package_identification:_identify(src/multipanda_ros2/franka_multi_mode_controller/multi_mode_controller_impl) by extension 'ignore'
[0.087s] Level 1:colcon.colcon_core.package_identification:_identify(src/multipanda_ros2/franka_multi_mode_controller/multi_mode_controller_impl) by extension 'ignore_ament_install'
[0.087s] Level 1:colcon.colcon_core.package_identification:_identify(src/multipanda_ros2/franka_multi_mode_controller/multi_mode_controller_impl) by extensions ['colcon_pkg']
[0.087s] Level 1:colcon.colcon_core.package_identification:_identify(src/multipanda_ros2/franka_multi_mode_controller/multi_mode_controller_impl) by extension 'colcon_pkg'
[0.087s] Level 1:colcon.colcon_core.package_identification:_identify(src/multipanda_ros2/franka_multi_mode_controller/multi_mode_controller_impl) by extensions ['colcon_meta']
[0.087s] Level 1:colcon.colcon_core.package_identification:_identify(src/multipanda_ros2/franka_multi_mode_controller/multi_mode_controller_impl) by extension 'colcon_meta'
[0.087s] Level 1:colcon.colcon_core.package_identification:_identify(src/multipanda_ros2/franka_multi_mode_controller/multi_mode_controller_impl) by extensions ['ros']
[0.087s] Level 1:colcon.colcon_core.package_identification:_identify(src/multipanda_ros2/franka_multi_mode_controller/multi_mode_controller_impl) by extension 'ros'
[0.087s] DEBUG:colcon.colcon_core.package_identification:Package 'src/multipanda_ros2/franka_multi_mode_controller/multi_mode_controller_impl' with type 'ros.ament_cmake' and name 'multi_mode_controller_impl'
[0.088s] Level 1:colcon.colcon_core.package_identification:_identify(src/multipanda_ros2/franka_multi_mode_controller/panda_motion_generator_msgs) by extensions ['ignore', 'ignore_ament_install']
[0.088s] Level 1:colcon.colcon_core.package_identification:_identify(src/multipanda_ros2/franka_multi_mode_controller/panda_motion_generator_msgs) by extension 'ignore'
[0.088s] Level 1:colcon.colcon_core.package_identification:_identify(src/multipanda_ros2/franka_multi_mode_controller/panda_motion_generator_msgs) by extension 'ignore_ament_install'
[0.088s] Level 1:colcon.colcon_core.package_identification:_identify(src/multipanda_ros2/franka_multi_mode_controller/panda_motion_generator_msgs) by extensions ['colcon_pkg']
[0.088s] Level 1:colcon.colcon_core.package_identification:_identify(src/multipanda_ros2/franka_multi_mode_controller/panda_motion_generator_msgs) by extension 'colcon_pkg'
[0.088s] Level 1:colcon.colcon_core.package_identification:_identify(src/multipanda_ros2/franka_multi_mode_controller/panda_motion_generator_msgs) by extensions ['colcon_meta']
[0.088s] Level 1:colcon.colcon_core.package_identification:_identify(src/multipanda_ros2/franka_multi_mode_controller/panda_motion_generator_msgs) by extension 'colcon_meta'
[0.088s] Level 1:colcon.colcon_core.package_identification:_identify(src/multipanda_ros2/franka_multi_mode_controller/panda_motion_generator_msgs) by extensions ['ros']
[0.088s] Level 1:colcon.colcon_core.package_identification:_identify(src/multipanda_ros2/franka_multi_mode_controller/panda_motion_generator_msgs) by extension 'ros'
[0.088s] DEBUG:colcon.colcon_core.package_identification:Package 'src/multipanda_ros2/franka_multi_mode_controller/panda_motion_generator_msgs' with type 'ros.ament_cmake' and name 'panda_motion_generator_msgs'
[0.088s] Level 1:colcon.colcon_core.package_identification:_identify(src/multipanda_ros2/franka_multi_mode_controller/panda_motion_generators) by extensions ['ignore', 'ignore_ament_install']
[0.088s] Level 1:colcon.colcon_core.package_identification:_identify(src/multipanda_ros2/franka_multi_mode_controller/panda_motion_generators) by extension 'ignore'
[0.088s] Level 1:colcon.colcon_core.package_identification:_identify(src/multipanda_ros2/franka_multi_mode_controller/panda_motion_generators) by extension 'ignore_ament_install'
[0.088s] Level 1:colcon.colcon_core.package_identification:_identify(src/multipanda_ros2/franka_multi_mode_controller/panda_motion_generators) by extensions ['colcon_pkg']
[0.088s] Level 1:colcon.colcon_core.package_identification:_identify(src/multipanda_ros2/franka_multi_mode_controller/panda_motion_generators) by extension 'colcon_pkg'
[0.088s] Level 1:colcon.colcon_core.package_identification:_identify(src/multipanda_ros2/franka_multi_mode_controller/panda_motion_generators) by extensions ['colcon_meta']
[0.088s] Level 1:colcon.colcon_core.package_identification:_identify(src/multipanda_ros2/franka_multi_mode_controller/panda_motion_generators) by extension 'colcon_meta'
[0.088s] Level 1:colcon.colcon_core.package_identification:_identify(src/multipanda_ros2/franka_multi_mode_controller/panda_motion_generators) by extensions ['ros']
[0.088s] Level 1:colcon.colcon_core.package_identification:_identify(src/multipanda_ros2/franka_multi_mode_controller/panda_motion_generators) by extension 'ros'
[0.089s] DEBUG:colcon.colcon_core.package_identification:Package 'src/multipanda_ros2/franka_multi_mode_controller/panda_motion_generators' with type 'ros.ament_cmake' and name 'panda_motion_generators'
[0.089s] Level 1:colcon.colcon_core.package_identification:_identify(src/multipanda_ros2/franka_robot_state_broadcaster) by extensions ['ignore', 'ignore_ament_install']
[0.089s] Level 1:colcon.colcon_core.package_identification:_identify(src/multipanda_ros2/franka_robot_state_broadcaster) by extension 'ignore'
[0.089s] Level 1:colcon.colcon_core.package_identification:_identify(src/multipanda_ros2/franka_robot_state_broadcaster) by extension 'ignore_ament_install'
[0.089s] Level 1:colcon.colcon_core.package_identification:_identify(src/multipanda_ros2/franka_robot_state_broadcaster) by extensions ['colcon_pkg']
[0.089s] Level 1:colcon.colcon_core.package_identification:_identify(src/multipanda_ros2/franka_robot_state_broadcaster) by extension 'colcon_pkg'
[0.089s] Level 1:colcon.colcon_core.package_identification:_identify(src/multipanda_ros2/franka_robot_state_broadcaster) by extensions ['colcon_meta']
[0.089s] Level 1:colcon.colcon_core.package_identification:_identify(src/multipanda_ros2/franka_robot_state_broadcaster) by extension 'colcon_meta'
[0.089s] Level 1:colcon.colcon_core.package_identification:_identify(src/multipanda_ros2/franka_robot_state_broadcaster) by extensions ['ros']
[0.089s] Level 1:colcon.colcon_core.package_identification:_identify(src/multipanda_ros2/franka_robot_state_broadcaster) by extension 'ros'
[0.089s] DEBUG:colcon.colcon_core.package_identification:Package 'src/multipanda_ros2/franka_robot_state_broadcaster' with type 'ros.ament_cmake' and name 'franka_robot_state_broadcaster'
[0.089s] Level 1:colcon.colcon_core.package_identification:_identify(src/multipanda_ros2/franka_semantic_components) by extensions ['ignore', 'ignore_ament_install']
[0.089s] Level 1:colcon.colcon_core.package_identification:_identify(src/multipanda_ros2/franka_semantic_components) by extension 'ignore'
[0.089s] Level 1:colcon.colcon_core.package_identification:_identify(src/multipanda_ros2/franka_semantic_components) by extension 'ignore_ament_install'
[0.089s] Level 1:colcon.colcon_core.package_identification:_identify(src/multipanda_ros2/franka_semantic_components) by extensions ['colcon_pkg']
[0.090s] Level 1:colcon.colcon_core.package_identification:_identify(src/multipanda_ros2/franka_semantic_components) by extension 'colcon_pkg'
[0.090s] Level 1:colcon.colcon_core.package_identification:_identify(src/multipanda_ros2/franka_semantic_components) by extensions ['colcon_meta']
[0.090s] Level 1:colcon.colcon_core.package_identification:_identify(src/multipanda_ros2/franka_semantic_components) by extension 'colcon_meta'
[0.090s] Level 1:colcon.colcon_core.package_identification:_identify(src/multipanda_ros2/franka_semantic_components) by extensions ['ros']
[0.090s] Level 1:colcon.colcon_core.package_identification:_identify(src/multipanda_ros2/franka_semantic_components) by extension 'ros'
[0.090s] DEBUG:colcon.colcon_core.package_identification:Package 'src/multipanda_ros2/franka_semantic_components' with type 'ros.ament_cmake' and name 'franka_semantic_components'
[0.090s] Level 1:colcon.colcon_core.package_identification:_identify(src/multipanda_ros2/garmi_packages) by extensions ['ignore', 'ignore_ament_install']
[0.090s] Level 1:colcon.colcon_core.package_identification:_identify(src/multipanda_ros2/garmi_packages) by extension 'ignore'
[0.090s] Level 1:colcon.colcon_core.package_identification:_identify(src/multipanda_ros2/garmi_packages) by extension 'ignore_ament_install'
[0.090s] Level 1:colcon.colcon_core.package_identification:_identify(src/multipanda_ros2/garmi_packages) by extensions ['colcon_pkg']
[0.090s] Level 1:colcon.colcon_core.package_identification:_identify(src/multipanda_ros2/garmi_packages) by extension 'colcon_pkg'
[0.090s] Level 1:colcon.colcon_core.package_identification:_identify(src/multipanda_ros2/garmi_packages) by extensions ['colcon_meta']
[0.090s] Level 1:colcon.colcon_core.package_identification:_identify(src/multipanda_ros2/garmi_packages) by extension 'colcon_meta'
[0.090s] Level 1:colcon.colcon_core.package_identification:_identify(src/multipanda_ros2/garmi_packages) by extensions ['ros']
[0.090s] Level 1:colcon.colcon_core.package_identification:_identify(src/multipanda_ros2/garmi_packages) by extension 'ros'
[0.090s] Level 1:colcon.colcon_core.package_identification:_identify(src/multipanda_ros2/garmi_packages) by extensions ['cmake', 'python']
[0.090s] Level 1:colcon.colcon_core.package_identification:_identify(src/multipanda_ros2/garmi_packages) by extension 'cmake'
[0.090s] Level 1:colcon.colcon_core.package_identification:_identify(src/multipanda_ros2/garmi_packages) by extension 'python'
[0.090s] Level 1:colcon.colcon_core.package_identification:_identify(src/multipanda_ros2/garmi_packages) by extensions ['python_setup_py']
[0.090s] Level 1:colcon.colcon_core.package_identification:_identify(src/multipanda_ros2/garmi_packages) by extension 'python_setup_py'
[0.090s] Level 1:colcon.colcon_core.package_identification:_identify(src/multipanda_ros2/garmi_packages/garmi_bringup) by extensions ['ignore', 'ignore_ament_install']
[0.090s] Level 1:colcon.colcon_core.package_identification:_identify(src/multipanda_ros2/garmi_packages/garmi_bringup) by extension 'ignore'
[0.090s] Level 1:colcon.colcon_core.package_identification:_identify(src/multipanda_ros2/garmi_packages/garmi_bringup) by extension 'ignore_ament_install'
[0.090s] Level 1:colcon.colcon_core.package_identification:_identify(src/multipanda_ros2/garmi_packages/garmi_bringup) by extensions ['colcon_pkg']
[0.090s] Level 1:colcon.colcon_core.package_identification:_identify(src/multipanda_ros2/garmi_packages/garmi_bringup) by extension 'colcon_pkg'
[0.090s] Level 1:colcon.colcon_core.package_identification:_identify(src/multipanda_ros2/garmi_packages/garmi_bringup) by extensions ['colcon_meta']
[0.090s] Level 1:colcon.colcon_core.package_identification:_identify(src/multipanda_ros2/garmi_packages/garmi_bringup) by extension 'colcon_meta'
[0.090s] Level 1:colcon.colcon_core.package_identification:_identify(src/multipanda_ros2/garmi_packages/garmi_bringup) by extensions ['ros']
[0.090s] Level 1:colcon.colcon_core.package_identification:_identify(src/multipanda_ros2/garmi_packages/garmi_bringup) by extension 'ros'
[0.091s] DEBUG:colcon.colcon_core.package_identification:Package 'src/multipanda_ros2/garmi_packages/garmi_bringup' with type 'ros.ament_cmake' and name 'garmi_bringup'
[0.091s] Level 1:colcon.colcon_core.package_identification:_identify(src/multipanda_ros2/garmi_packages/garmi_controllers) by extensions ['ignore', 'ignore_ament_install']
[0.091s] Level 1:colcon.colcon_core.package_identification:_identify(src/multipanda_ros2/garmi_packages/garmi_controllers) by extension 'ignore'
[0.091s] Level 1:colcon.colcon_core.package_identification:_identify(src/multipanda_ros2/garmi_packages/garmi_controllers) by extension 'ignore_ament_install'
[0.091s] Level 1:colcon.colcon_core.package_identification:_identify(src/multipanda_ros2/garmi_packages/garmi_controllers) by extensions ['colcon_pkg']
[0.091s] Level 1:colcon.colcon_core.package_identification:_identify(src/multipanda_ros2/garmi_packages/garmi_controllers) by extension 'colcon_pkg'
[0.091s] Level 1:colcon.colcon_core.package_identification:_identify(src/multipanda_ros2/garmi_packages/garmi_controllers) by extensions ['colcon_meta']
[0.091s] Level 1:colcon.colcon_core.package_identification:_identify(src/multipanda_ros2/garmi_packages/garmi_controllers) by extension 'colcon_meta'
[0.091s] Level 1:colcon.colcon_core.package_identification:_identify(src/multipanda_ros2/garmi_packages/garmi_controllers) by extensions ['ros']
[0.091s] Level 1:colcon.colcon_core.package_identification:_identify(src/multipanda_ros2/garmi_packages/garmi_controllers) by extension 'ros'
[0.091s] DEBUG:colcon.colcon_core.package_identification:Package 'src/multipanda_ros2/garmi_packages/garmi_controllers' with type 'ros.ament_cmake' and name 'garmi_controllers'
[0.091s] Level 1:colcon.colcon_core.package_identification:_identify(src/multipanda_ros2/garmi_packages/garmi_description) by extensions ['ignore', 'ignore_ament_install']
[0.091s] Level 1:colcon.colcon_core.package_identification:_identify(src/multipanda_ros2/garmi_packages/garmi_description) by extension 'ignore'
[0.091s] Level 1:colcon.colcon_core.package_identification:_identify(src/multipanda_ros2/garmi_packages/garmi_description) by extension 'ignore_ament_install'
[0.091s] Level 1:colcon.colcon_core.package_identification:_identify(src/multipanda_ros2/garmi_packages/garmi_description) by extensions ['colcon_pkg']
[0.091s] Level 1:colcon.colcon_core.package_identification:_identify(src/multipanda_ros2/garmi_packages/garmi_description) by extension 'colcon_pkg'
[0.091s] Level 1:colcon.colcon_core.package_identification:_identify(src/multipanda_ros2/garmi_packages/garmi_description) by extensions ['colcon_meta']
[0.091s] Level 1:colcon.colcon_core.package_identification:_identify(src/multipanda_ros2/garmi_packages/garmi_description) by extension 'colcon_meta'
[0.092s] Level 1:colcon.colcon_core.package_identification:_identify(src/multipanda_ros2/garmi_packages/garmi_description) by extensions ['ros']
[0.092s] Level 1:colcon.colcon_core.package_identification:_identify(src/multipanda_ros2/garmi_packages/garmi_description) by extension 'ros'
[0.092s] DEBUG:colcon.colcon_core.package_identification:Package 'src/multipanda_ros2/garmi_packages/garmi_description' with type 'ros.ament_cmake' and name 'garmi_description'
[0.092s] Level 1:colcon.colcon_core.package_identification:_identify(src/multipanda_ros2/garmi_packages/garmi_hardware) by extensions ['ignore', 'ignore_ament_install']
[0.092s] Level 1:colcon.colcon_core.package_identification:_identify(src/multipanda_ros2/garmi_packages/garmi_hardware) by extension 'ignore'
[0.092s] Level 1:colcon.colcon_core.package_identification:_identify(src/multipanda_ros2/garmi_packages/garmi_hardware) by extension 'ignore_ament_install'
[0.092s] Level 1:colcon.colcon_core.package_identification:_identify(src/multipanda_ros2/garmi_packages/garmi_hardware) by extensions ['colcon_pkg']
[0.092s] Level 1:colcon.colcon_core.package_identification:_identify(src/multipanda_ros2/garmi_packages/garmi_hardware) by extension 'colcon_pkg'
[0.092s] Level 1:colcon.colcon_core.package_identification:_identify(src/multipanda_ros2/garmi_packages/garmi_hardware) by extensions ['colcon_meta']
[0.092s] Level 1:colcon.colcon_core.package_identification:_identify(src/multipanda_ros2/garmi_packages/garmi_hardware) by extension 'colcon_meta'
[0.092s] Level 1:colcon.colcon_core.package_identification:_identify(src/multipanda_ros2/garmi_packages/garmi_hardware) by extensions ['ros']
[0.092s] Level 1:colcon.colcon_core.package_identification:_identify(src/multipanda_ros2/garmi_packages/garmi_hardware) by extension 'ros'
[0.093s] DEBUG:colcon.colcon_core.package_identification:Package 'src/multipanda_ros2/garmi_packages/garmi_hardware' with type 'ros.ament_cmake' and name 'garmi_hardware'
[0.093s] Level 1:colcon.colcon_core.package_identification:_identify(src/multipanda_ros2/garmi_packages/garmi_moveit_config) by extensions ['ignore', 'ignore_ament_install']
[0.093s] Level 1:colcon.colcon_core.package_identification:_identify(src/multipanda_ros2/garmi_packages/garmi_moveit_config) by extension 'ignore'
[0.093s] Level 1:colcon.colcon_core.package_identification:_identify(src/multipanda_ros2/garmi_packages/garmi_moveit_config) by extension 'ignore_ament_install'
[0.093s] Level 1:colcon.colcon_core.package_identification:_identify(src/multipanda_ros2/garmi_packages/garmi_moveit_config) by extensions ['colcon_pkg']
[0.093s] Level 1:colcon.colcon_core.package_identification:_identify(src/multipanda_ros2/garmi_packages/garmi_moveit_config) by extension 'colcon_pkg'
[0.093s] Level 1:colcon.colcon_core.package_identification:_identify(src/multipanda_ros2/garmi_packages/garmi_moveit_config) by extensions ['colcon_meta']
[0.093s] Level 1:colcon.colcon_core.package_identification:_identify(src/multipanda_ros2/garmi_packages/garmi_moveit_config) by extension 'colcon_meta'
[0.093s] Level 1:colcon.colcon_core.package_identification:_identify(src/multipanda_ros2/garmi_packages/garmi_moveit_config) by extensions ['ros']
[0.093s] Level 1:colcon.colcon_core.package_identification:_identify(src/multipanda_ros2/garmi_packages/garmi_moveit_config) by extension 'ros'
[0.093s] DEBUG:colcon.colcon_core.package_identification:Package 'src/multipanda_ros2/garmi_packages/garmi_moveit_config' with type 'ros.ament_cmake' and name 'garmi_moveit_config'
[0.093s] Level 1:colcon.colcon_core.package_discovery:discover_packages(recursive) using defaults
[0.093s] Level 1:colcon.colcon_core.package_discovery:discover_packages(ignore) discover
[0.093s] Level 1:colcon.colcon_core.package_discovery:discover_packages(ignore) using defaults
[0.093s] Level 1:colcon.colcon_core.package_discovery:discover_packages(path) discover
[0.093s] Level 1:colcon.colcon_core.package_discovery:discover_packages(path) using defaults
[0.104s] INFO:colcon.colcon_core.package_selection:Skipping not selected package 'Model_Based_RL_Teleoperation' in 'src/Model_Based_RL_Teleoperation'
[0.104s] INFO:colcon.colcon_core.package_selection:Skipping not selected package 'franka_description' in 'src/multipanda_ros2/franka_description'
[0.104s] INFO:colcon.colcon_core.package_selection:Skipping not selected package 'franka_msgs' in 'src/multipanda_ros2/franka_msgs'
[0.104s] INFO:colcon.colcon_core.package_selection:Skipping not selected package 'garmi_controllers' in 'src/multipanda_ros2/garmi_packages/garmi_controllers'
[0.104s] INFO:colcon.colcon_core.package_selection:Skipping not selected package 'garmi_hardware' in 'src/multipanda_ros2/garmi_packages/garmi_hardware'
[0.104s] INFO:colcon.colcon_core.package_selection:Skipping not selected package 'garmi_moveit_config' in 'src/multipanda_ros2/garmi_packages/garmi_moveit_config'
[0.104s] INFO:colcon.colcon_core.package_selection:Skipping not selected package 'panda_motion_generator_msgs' in 'src/multipanda_ros2/franka_multi_mode_controller/panda_motion_generator_msgs'
[0.104s] INFO:colcon.colcon_core.package_selection:Skipping not selected package 'franka_control2' in 'src/multipanda_ros2/franka_control2'
[0.104s] INFO:colcon.colcon_core.package_selection:Skipping not selected package 'franka_gripper' in 'src/multipanda_ros2/franka_gripper'
[0.104s] INFO:colcon.colcon_core.package_selection:Skipping not selected package 'franka_hardware' in 'src/multipanda_ros2/franka_hardware'
[0.104s] INFO:colcon.colcon_core.package_selection:Skipping not selected package 'garmi_description' in 'src/multipanda_ros2/garmi_packages/garmi_description'
[0.104s] INFO:colcon.colcon_core.package_selection:Skipping not selected package 'multi_mode_control_msgs' in 'src/multipanda_ros2/franka_multi_mode_controller/multi_mode_control_msgs'
[0.104s] INFO:colcon.colcon_core.package_selection:Skipping not selected package 'Hierarchical_RL_Teleoperation' in 'src/Hierarchical_RL_Teleoperation'
[0.104s] INFO:colcon.colcon_core.package_selection:Skipping not selected package 'franka_bringup' in 'src/multipanda_ros2/franka_bringup'
[0.104s] INFO:colcon.colcon_core.package_selection:Skipping not selected package 'franka_moveit_config' in 'src/multipanda_ros2/franka_moveit_config'
[0.104s] INFO:colcon.colcon_core.package_selection:Skipping not selected package 'franka_semantic_components' in 'src/multipanda_ros2/franka_semantic_components'
[0.104s] INFO:colcon.colcon_core.package_selection:Skipping not selected package 'garmi_bringup' in 'src/multipanda_ros2/garmi_packages/garmi_bringup'
[0.104s] INFO:colcon.colcon_core.package_selection:Skipping not selected package 'franka_example_controllers' in 'src/multipanda_ros2/franka_example_controllers'
[0.104s] INFO:colcon.colcon_core.package_selection:Skipping not selected package 'franka_robot_state_broadcaster' in 'src/multipanda_ros2/franka_robot_state_broadcaster'
[0.104s] INFO:colcon.colcon_core.package_selection:Skipping not selected package 'multi_mode_controller' in 'src/multipanda_ros2/franka_multi_mode_controller/multi_mode_controller'
[0.104s] INFO:colcon.colcon_core.package_selection:Skipping not selected package 'multi_mode_controller_impl' in 'src/multipanda_ros2/franka_multi_mode_controller/multi_mode_controller_impl'
[0.104s] INFO:colcon.colcon_core.package_selection:Skipping not selected package 'panda_motion_generators' in 'src/multipanda_ros2/franka_multi_mode_controller/panda_motion_generators'
[0.104s] Level 1:colcon.colcon_core.package_discovery:discover_packages(prefix_path) check parameters
[0.104s] Level 1:colcon.colcon_core.package_discovery:discover_packages(prefix_path) discover
[0.105s] WARNING:colcon.colcon_ros.prefix_path.ament:The path '/home/kaize/Downloads/Master_Study_Master_Thesis/libfranka_ws/install/Hierarchical_Reinforcement_Learning_for_Adaptive_Control_Under_Stochastic_Network_Delays' in the environment variable AMENT_PREFIX_PATH doesn't exist
[0.106s] DEBUG:colcon.colcon_installed_package_information.package_discovery:Found 31 installed packages in /home/kaize/Downloads/Master_Study_Master_Thesis/libfranka_ws/install
[0.106s] DEBUG:colcon.colcon_installed_package_information.package_discovery:Found 287 installed packages in /opt/ros/jazzy
[0.107s] Level 1:colcon.colcon_core.package_discovery:discover_packages(prefix_path) using defaults
[0.124s] Level 5:colcon.colcon_core.verb:set package 'E2E_Teleoperation' build argument 'cmake_args' from command line to 'None'
[0.124s] Level 5:colcon.colcon_core.verb:set package 'E2E_Teleoperation' build argument 'cmake_target' from command line to 'None'
[0.124s] Level 5:colcon.colcon_core.verb:set package 'E2E_Teleoperation' build argument 'cmake_target_skip_unavailable' from command line to 'False'
[0.124s] Level 5:colcon.colcon_core.verb:set package 'E2E_Teleoperation' build argument 'cmake_clean_cache' from command line to 'False'
[0.124s] Level 5:colcon.colcon_core.verb:set package 'E2E_Teleoperation' build argument 'cmake_clean_first' from command line to 'False'
[0.124s] Level 5:colcon.colcon_core.verb:set package 'E2E_Teleoperation' build argument 'cmake_force_configure' from command line to 'False'
[0.124s] Level 5:colcon.colcon_core.verb:set package 'E2E_Teleoperation' build argument 'ament_cmake_args' from command line to 'None'
[0.124s] Level 5:colcon.colcon_core.verb:set package 'E2E_Teleoperation' build argument 'catkin_cmake_args' from command line to 'None'
[0.124s] Level 5:colcon.colcon_core.verb:set package 'E2E_Teleoperation' build argument 'catkin_skip_building_tests' from command line to 'False'
[0.124s] DEBUG:colcon.colcon_core.verb:Building package 'E2E_Teleoperation' with the following arguments: {'ament_cmake_args': None, 'build_base': '/home/kaize/Downloads/Master_Study_Master_Thesis/libfranka_ws/build/E2E_Teleoperation', 'catkin_cmake_args': None, 'catkin_skip_building_tests': False, 'cmake_args': None, 'cmake_clean_cache': False, 'cmake_clean_first': False, 'cmake_force_configure': False, 'cmake_target': None, 'cmake_target_skip_unavailable': False, 'install_base': '/home/kaize/Downloads/Master_Study_Master_Thesis/libfranka_ws/install/E2E_Teleoperation', 'merge_install': False, 'path': '/home/kaize/Downloads/Master_Study_Master_Thesis/libfranka_ws/src/E2E_Teleoperation', 'symlink_install': False, 'test_result_base': None}
[0.125s] INFO:colcon.colcon_core.executor:Executing jobs using 'parallel' executor
[0.125s] DEBUG:colcon.colcon_parallel_executor.executor.parallel:run_until_complete
[0.125s] INFO:colcon.colcon_ros.task.ament_python.build:Building ROS package in '/home/kaize/Downloads/Master_Study_Master_Thesis/libfranka_ws/src/E2E_Teleoperation' with build type 'ament_python'
[0.125s] Level 1:colcon.colcon_core.shell:create_environment_hook('E2E_Teleoperation', 'ament_prefix_path')
[0.126s] INFO:colcon.colcon_core.plugin_system:Skipping extension 'colcon_core.shell.bat': Not used on non-Windows systems
[0.127s] INFO:colcon.colcon_core.shell:Creating environment hook '/home/kaize/Downloads/Master_Study_Master_Thesis/libfranka_ws/install/E2E_Teleoperation/share/E2E_Teleoperation/hook/ament_prefix_path.ps1'
[0.127s] INFO:colcon.colcon_core.shell:Creating environment descriptor '/home/kaize/Downloads/Master_Study_Master_Thesis/libfranka_ws/install/E2E_Teleoperation/share/E2E_Teleoperation/hook/ament_prefix_path.dsv'
[0.127s] INFO:colcon.colcon_core.shell:Creating environment hook '/home/kaize/Downloads/Master_Study_Master_Thesis/libfranka_ws/install/E2E_Teleoperation/share/E2E_Teleoperation/hook/ament_prefix_path.sh'
[0.128s] INFO:colcon.colcon_core.shell:Skip shell extension 'powershell' for command environment: Not usable outside of PowerShell
[0.128s] DEBUG:colcon.colcon_core.shell:Skip shell extension 'dsv' for command environment
[0.231s] INFO:colcon.colcon_core.task.python.build:Building Python package in '/home/kaize/Downloads/Master_Study_Master_Thesis/libfranka_ws/src/E2E_Teleoperation'
[0.231s] INFO:colcon.colcon_core.shell:Skip shell extension 'powershell' for command environment: Not usable outside of PowerShell
[0.231s] DEBUG:colcon.colcon_core.shell:Skip shell extension 'dsv' for command environment
[0.807s] DEBUG:colcon.colcon_core.event_handler.log_command:Invoking command in '/home/kaize/Downloads/Master_Study_Master_Thesis/libfranka_ws/build/E2E_Teleoperation': DEBUGINFOD_URLS=https://debuginfod.ubuntu.com PS1=(venv_thesis) \[\e]0;\u@\h: \w\a\]${debian_chroot:+($debian_chroot)}\[\033[01;32m\]\u@\h\[\033[00m\]:\[\033[01;34m\]\w\[\033[00m\]\$ PYTHONPATH=/home/kaize/Downloads/Master_Study_Master_Thesis/libfranka_ws/build/E2E_Teleoperation/prefix_override:/usr/lib/python3/dist-packages/colcon_core/task/python/colcon_distutils_commands:/home/kaize/Downloads/Master_Study_Master_Thesis/libfranka_ws/install/E2E_Teleoperation/lib/python3.12/site-packages:${PYTHONPATH} VIRTUAL_ENV_PROMPT=(venv_thesis) /usr/bin/python3 -W ignore:setup.py install is deprecated -W ignore:easy_install command is deprecated setup.py develop --uninstall --editable --build-directory /home/kaize/Downloads/Master_Study_Master_Thesis/libfranka_ws/build/E2E_Teleoperation/build
[0.818s] DEBUG:colcon.colcon_core.event_handler.log_command:Invoked command in '/home/kaize/Downloads/Master_Study_Master_Thesis/libfranka_ws/build/E2E_Teleoperation' returned '2': DEBUGINFOD_URLS=https://debuginfod.ubuntu.com PS1=(venv_thesis) \[\e]0;\u@\h: \w\a\]${debian_chroot:+($debian_chroot)}\[\033[01;32m\]\u@\h\[\033[00m\]:\[\033[01;34m\]\w\[\033[00m\]\$ PYTHONPATH=/home/kaize/Downloads/Master_Study_Master_Thesis/libfranka_ws/build/E2E_Teleoperation/prefix_override:/usr/lib/python3/dist-packages/colcon_core/task/python/colcon_distutils_commands:/home/kaize/Downloads/Master_Study_Master_Thesis/libfranka_ws/install/E2E_Teleoperation/lib/python3.12/site-packages:${PYTHONPATH} VIRTUAL_ENV_PROMPT=(venv_thesis) /usr/bin/python3 -W ignore:setup.py install is deprecated -W ignore:easy_install command is deprecated setup.py develop --uninstall --editable --build-directory /home/kaize/Downloads/Master_Study_Master_Thesis/libfranka_ws/build/E2E_Teleoperation/build
[0.828s] DEBUG:colcon.colcon_parallel_executor.executor.parallel:closing loop
[0.828s] DEBUG:colcon.colcon_parallel_executor.executor.parallel:loop closed
[0.828s] DEBUG:colcon.colcon_parallel_executor.executor.parallel:run_until_complete finished with '2'
[0.828s] DEBUG:colcon.colcon_core.event_reactor:joining thread
[0.831s] INFO:colcon.colcon_core.plugin_system:Skipping extension 'colcon_notification.desktop_notification.terminal_notifier': Not used on non-Darwin systems
[0.831s] INFO:colcon.colcon_core.plugin_system:Skipping extension 'colcon_notification.desktop_notification.win32': Not used on non-Windows systems
[0.831s] INFO:colcon.colcon_notification.desktop_notification:Sending desktop notification using 'notify2'
[0.838s] DEBUG:colcon.colcon_core.event_reactor:joined thread
[0.838s] INFO:colcon.colcon_core.shell:Creating prefix script '/home/kaize/Downloads/Master_Study_Master_Thesis/libfranka_ws/install/local_setup.ps1'
[0.838s] INFO:colcon.colcon_core.shell:Creating prefix util module '/home/kaize/Downloads/Master_Study_Master_Thesis/libfranka_ws/install/_local_setup_util_ps1.py'
[0.839s] INFO:colcon.colcon_core.shell:Creating prefix chain script '/home/kaize/Downloads/Master_Study_Master_Thesis/libfranka_ws/install/setup.ps1'
[0.840s] INFO:colcon.colcon_core.shell:Creating prefix script '/home/kaize/Downloads/Master_Study_Master_Thesis/libfranka_ws/install/local_setup.sh'
[0.840s] INFO:colcon.colcon_core.shell:Creating prefix util module '/home/kaize/Downloads/Master_Study_Master_Thesis/libfranka_ws/install/_local_setup_util_sh.py'
[0.841s] INFO:colcon.colcon_core.shell:Creating prefix chain script '/home/kaize/Downloads/Master_Study_Master_Thesis/libfranka_ws/install/setup.sh'
[0.841s] INFO:colcon.colcon_core.shell:Creating prefix script '/home/kaize/Downloads/Master_Study_Master_Thesis/libfranka_ws/install/local_setup.bash'
[0.842s] INFO:colcon.colcon_core.shell:Creating prefix chain script '/home/kaize/Downloads/Master_Study_Master_Thesis/libfranka_ws/install/setup.bash'
[0.843s] INFO:colcon.colcon_core.shell:Creating prefix script '/home/kaize/Downloads/Master_Study_Master_Thesis/libfranka_ws/install/local_setup.zsh'
[0.843s] INFO:colcon.colcon_core.shell:Creating prefix chain script '/home/kaize/Downloads/Master_Study_Master_Thesis/libfranka_ws/install/setup.zsh'
