-- The C compiler identification is GNU 11.4.0
-- The CXX compiler identification is GNU 11.4.0
-- Detecting C compiler ABI info
-- Detecting C compiler ABI info - done
-- Check for working C compiler: /usr/bin/cc - skipped
-- Detecting C compile features
-- Detecting C compile features - done
-- Detecting CXX compiler ABI info
-- Detecting CXX compiler ABI info - done
-- Check for working CXX compiler: /usr/bin/c++ - skipped
-- Detecting CXX compile features
-- Detecting CXX compile features - done
-- Found ament_cmake: 1.3.12 (/opt/ros/humble/share/ament_cmake/cmake)
-- Found Python3: /usr/bin/python3 (found version "3.10.12") found components: Interpreter 
-- Override CMake install command with custom implementation using symlinks instead of copying resources
WARNING: Metapackage "mujoco_ros_pkgs" should not have other dependencies besides a buildtool_depend on catkin and exec_depends.
-- Configuring done
-- Generating done
-- Build files have been written to: /media/kai/Kai_Backup/Master_Study/Master_Thesis/Implementation/libfranka_ws/build/mujoco_ros_pkgs
-- Install configuration: ""
-- Execute custom install script
-- Symlinking: /media/kai/Kai_Backup/Master_Study/Master_Thesis/Implementation/libfranka_ws/install/mujoco_ros_pkgs/share/ament_index/resource_index/package_run_dependencies/mujoco_ros_pkgs
-- Symlinking: /media/kai/Kai_Backup/Master_Study/Master_Thesis/Implementation/libfranka_ws/install/mujoco_ros_pkgs/share/ament_index/resource_index/parent_prefix_path/mujoco_ros_pkgs
-- Symlinking: /media/kai/Kai_Backup/Master_Study/Master_Thesis/Implementation/libfranka_ws/install/mujoco_ros_pkgs/share/mujoco_ros_pkgs/environment/ament_prefix_path.sh
-- Symlinking: /media/kai/Kai_Backup/Master_Study/Master_Thesis/Implementation/libfranka_ws/install/mujoco_ros_pkgs/share/mujoco_ros_pkgs/environment/ament_prefix_path.dsv
-- Symlinking: /media/kai/Kai_Backup/Master_Study/Master_Thesis/Implementation/libfranka_ws/install/mujoco_ros_pkgs/share/mujoco_ros_pkgs/environment/path.sh
-- Symlinking: /media/kai/Kai_Backup/Master_Study/Master_Thesis/Implementation/libfranka_ws/install/mujoco_ros_pkgs/share/mujoco_ros_pkgs/environment/path.dsv
-- Symlinking: /media/kai/Kai_Backup/Master_Study/Master_Thesis/Implementation/libfranka_ws/install/mujoco_ros_pkgs/share/mujoco_ros_pkgs/local_setup.bash
-- Symlinking: /media/kai/Kai_Backup/Master_Study/Master_Thesis/Implementation/libfranka_ws/install/mujoco_ros_pkgs/share/mujoco_ros_pkgs/local_setup.sh
-- Symlinking: /media/kai/Kai_Backup/Master_Study/Master_Thesis/Implementation/libfranka_ws/install/mujoco_ros_pkgs/share/mujoco_ros_pkgs/local_setup.zsh
-- Symlinking: /media/kai/Kai_Backup/Master_Study/Master_Thesis/Implementation/libfranka_ws/install/mujoco_ros_pkgs/share/mujoco_ros_pkgs/local_setup.dsv
-- Symlinking: /media/kai/Kai_Backup/Master_Study/Master_Thesis/Implementation/libfranka_ws/install/mujoco_ros_pkgs/share/mujoco_ros_pkgs/package.dsv
-- Symlinking: /media/kai/Kai_Backup/Master_Study/Master_Thesis/Implementation/libfranka_ws/install/mujoco_ros_pkgs/share/ament_index/resource_index/packages/mujoco_ros_pkgs
-- Symlinking: /media/kai/Kai_Backup/Master_Study/Master_Thesis/Implementation/libfranka_ws/install/mujoco_ros_pkgs/share/mujoco_ros_pkgs/cmake/mujoco_ros_pkgsConfig.cmake
-- Symlinking: /media/kai/Kai_Backup/Master_Study/Master_Thesis/Implementation/libfranka_ws/install/mujoco_ros_pkgs/share/mujoco_ros_pkgs/cmake/mujoco_ros_pkgsConfig-version.cmake
-- Symlinking: /media/kai/Kai_Backup/Master_Study/Master_Thesis/Implementation/libfranka_ws/install/mujoco_ros_pkgs/share/mujoco_ros_pkgs/package.xml
