running develop
running egg_info
creating End_to_End_Teleoperation.egg-info
writing End_to_End_Teleoperation.egg-info/PKG-INFO
writing dependency_links to End_to_End_Teleoperation.egg-info/dependency_links.txt
writing entry points to End_to_End_Teleoperation.egg-info/entry_points.txt
writing requirements to End_to_End_Teleoperation.egg-info/requires.txt
writing top-level names to End_to_End_Teleoperation.egg-info/top_level.txt
writing manifest file 'End_to_End_Teleoperation.egg-info/SOURCES.txt'
reading manifest file 'End_to_End_Teleoperation.egg-info/SOURCES.txt'
writing manifest file 'End_to_End_Teleoperation.egg-info/SOURCES.txt'
running build_ext
Creating /media/kai/Kai_Backup/Master_Study/Master_Thesis/Implementation/libfranka_ws/install/End-to-End_Teleoperation/lib/python3.10/site-packages/End-to-End-Teleoperation.egg-link (link to .)

Installed /media/kai/Kai_Backup/Master_Study/Master_Thesis/Implementation/libfranka_ws/build/End-to-End_Teleoperation
running symlink_data
creating /media/kai/Kai_Backup/Master_Study/Master_Thesis/Implementation/libfranka_ws/install/End-to-End_Teleoperation/share/ament_index
creating /media/kai/Kai_Backup/Master_Study/Master_Thesis/Implementation/libfranka_ws/install/End-to-End_Teleoperation/share/ament_index/resource_index
creating /media/kai/Kai_Backup/Master_Study/Master_Thesis/Implementation/libfranka_ws/install/End-to-End_Teleoperation/share/ament_index/resource_index/packages
symbolically linking /media/kai/Kai_Backup/Master_Study/Master_Thesis/Implementation/libfranka_ws/build/End-to-End_Teleoperation/resource/End-to-End_Teleoperation -> /media/kai/Kai_Backup/Master_Study/Master_Thesis/Implementation/libfranka_ws/install/End-to-End_Teleoperation/share/ament_index/resource_index/packages
symbolically linking /media/kai/Kai_Backup/Master_Study/Master_Thesis/Implementation/libfranka_ws/build/End-to-End_Teleoperation/package.xml -> /media/kai/Kai_Backup/Master_Study/Master_Thesis/Implementation/libfranka_ws/install/End-to-End_Teleoperation/share/End-to-End_Teleoperation
