[0.024s] Invoking command in '/media/kai/Kai_Backup/Master_Study/Master_Thesis/Implementation/libfranka_ws/build/multi_mode_control_msgs': CMAKE_PREFIX_PATH=/media/kai/Kai_Backup/Master_Study/Master_Thesis/Implementation/libfranka_ws/install/franka_msgs:/media/kai/Kai_Backup/Master_Study/Master_Thesis/Implementation/libfranka_ws/install/panda_motion_generators:/media/kai/Kai_Backup/Master_Study/Master_Thesis/Implementation/libfranka_ws/install/panda_motion_generator_msgs:/media/kai/Kai_Backup/Master_Study/Master_Thesis/Implementation/libfranka_ws/install/multi_mode_controller_impl:/media/kai/Kai_Backup/Master_Study/Master_Thesis/Implementation/libfranka_ws/install/multi_mode_controller:/media/kai/Kai_Backup/Master_Study/Master_Thesis/Implementation/libfranka_ws/install/franka_example_controllers:/media/kai/Kai_Backup/Master_Study/Master_Thesis/Implementation/libfranka_ws/install/multi_mode_control_msgs:/media/kai/Kai_Backup/Master_Study/Master_Thesis/Implementation/libfranka_ws/install/mujoco_ros_pkgs:/media/kai/Kai_Backup/Master_Study/Master_Thesis/Implementation/libfranka_ws/install/mujoco_ros2_sensors:/media/kai/Kai_Backup/Master_Study/Master_Thesis/Implementation/libfranka_ws/install/mujoco_ros2_dummy_plugin:/media/kai/Kai_Backup/Master_Study/Master_Thesis/Implementation/libfranka_ws/install/mujoco_ros2_control_system:/media/kai/Kai_Backup/Master_Study/Master_Thesis/Implementation/libfranka_ws/install/garmi_bringup:/media/kai/Kai_Backup/Master_Study/Master_Thesis/Implementation/libfranka_ws/install/franka_robot_state_broadcaster:/media/kai/Kai_Backup/Master_Study/Master_Thesis/Implementation/libfranka_ws/install/franka_semantic_components:/media/kai/Kai_Backup/Master_Study/Master_Thesis/Implementation/libfranka_ws/install/franka_moveit_config:/media/kai/Kai_Backup/Master_Study/Master_Thesis/Implementation/libfranka_ws/install/franka_bringup:/media/kai/Kai_Backup/Master_Study/Master_Thesis/Implementation/libfranka_ws/install/franka_hardware:/media/kai/Kai_Backup/Master_Study/Master_Thesis/Implementation/libfranka_ws/install/mujoco_ros2_control:/media/kai/Kai_Backup/Master_Study/Master_Thesis/Implementation/libfranka_ws/install/mujoco_ros:/media/kai/Kai_Backup/Master_Study/Master_Thesis/Implementation/libfranka_ws/install/mujoco_ros_msgs:/media/kai/Kai_Backup/Master_Study/Master_Thesis/Implementation/libfranka_ws/install/garmi_moveit_config:/media/kai/Kai_Backup/Master_Study/Master_Thesis/Implementation/libfranka_ws/install/garmi_hardware:/media/kai/Kai_Backup/Master_Study/Master_Thesis/Implementation/libfranka_ws/install/garmi_description:/media/kai/Kai_Backup/Master_Study/Master_Thesis/Implementation/libfranka_ws/install/garmi_controllers:/media/kai/Kai_Backup/Master_Study/Master_Thesis/Implementation/libfranka_ws/install/franka_gripper:/media/kai/Kai_Backup/Master_Study/Master_Thesis/Implementation/libfranka_ws/install/franka_control2:/media/kai/Kai_Backup/Master_Study/Master_Thesis/Implementation/libfranka_ws/install/franka_description:/media/kai/Kai_Backup/Master_Study/Master_Thesis/Implementation/libfranka_ws/install/BULLET_PHYSICS:/home/kai/Libraries/mujoco/lib/cmake:/home/kai/Libraries/libfranka/lib/cmake:/media/kai/Kai_Backup/Master_Study/Master_Thesis/Implementation/libfranka_ws/install/Hierarchical_Reinforcement_Learning_for_Adaptive_Control_Under_Stochastic_Network_Delays:/media/kai/Kai_Backup/Master_Study/Master_Thesis/Implementation/libfranka_ws/install/Reinforcement_Learning_In_Teleoperation:/opt/ros/humble LD_LIBRARY_PATH=/media/kai/Kai_Backup/Master_Study/Master_Thesis/Implementation/libfranka_ws/install/franka_msgs/lib:/media/kai/Kai_Backup/Master_Study/Master_Thesis/Implementation/libfranka_ws/install/panda_motion_generators/lib:/media/kai/Kai_Backup/Master_Study/Master_Thesis/Implementation/libfranka_ws/install/panda_motion_generator_msgs/lib:/media/kai/Kai_Backup/Master_Study/Master_Thesis/Implementation/libfranka_ws/install/multi_mode_controller_impl/lib:/media/kai/Kai_Backup/Master_Study/Master_Thesis/Implementation/libfranka_ws/install/multi_mode_controller/lib:/media/kai/Kai_Backup/Master_Study/Master_Thesis/Implementation/libfranka_ws/install/franka_example_controllers/lib:/media/kai/Kai_Backup/Master_Study/Master_Thesis/Implementation/libfranka_ws/install/multi_mode_control_msgs/lib:/media/kai/Kai_Backup/Master_Study/Master_Thesis/Implementation/libfranka_ws/install/mujoco_ros2_sensors/lib:/media/kai/Kai_Backup/Master_Study/Master_Thesis/Implementation/libfranka_ws/install/mujoco_ros2_dummy_plugin/lib:/media/kai/Kai_Backup/Master_Study/Master_Thesis/Implementation/libfranka_ws/install/mujoco_ros2_control_system/lib:/media/kai/Kai_Backup/Master_Study/Master_Thesis/Implementation/libfranka_ws/install/franka_robot_state_broadcaster/lib:/media/kai/Kai_Backup/Master_Study/Master_Thesis/Implementation/libfranka_ws/install/franka_semantic_components/lib:/media/kai/Kai_Backup/Master_Study/Master_Thesis/Implementation/libfranka_ws/install/franka_hardware/lib:/media/kai/Kai_Backup/Master_Study/Master_Thesis/Implementation/libfranka_ws/install/mujoco_ros2_control/lib:/media/kai/Kai_Backup/Master_Study/Master_Thesis/Implementation/libfranka_ws/install/mujoco_ros/lib:/media/kai/Kai_Backup/Master_Study/Master_Thesis/Implementation/libfranka_ws/install/mujoco_ros_msgs/lib:/media/kai/Kai_Backup/Master_Study/Master_Thesis/Implementation/libfranka_ws/install/garmi_hardware/lib:/media/kai/Kai_Backup/Master_Study/Master_Thesis/Implementation/libfranka_ws/install/garmi_controllers/lib:/media/kai/Kai_Backup/Master_Study/Master_Thesis/Implementation/libfranka_ws/install/franka_gripper/lib:/opt/ros/humble/lib/x86_64-linux-gnu:/opt/ros/humble/lib:/home/kai/Libraries/libfranka/lib:/home/kai/Libraries/mujoco/lib:/home/kai/Libraries/mujoco/lib:/home/kai/Libraries/mujoco/lib:/home/kai/Libraries/mujoco/lib /usr/bin/cmake --build /media/kai/Kai_Backup/Master_Study/Master_Thesis/Implementation/libfranka_ws/build/multi_mode_control_msgs -- -j12 -l12
[0.112s] [  0%] Built target multi_mode_control_msgs__cpp
[0.152s] [  0%] Built target ament_cmake_python_symlink_multi_mode_control_msgs
[0.177s] [35m[1mConsolidate compiler generated dependencies of target multi_mode_control_msgs__rosidl_typesupport_introspection_cpp[0m
[0.219s] [  1%] [32mBuilding CXX object CMakeFiles/multi_mode_control_msgs__rosidl_typesupport_introspection_cpp.dir/rosidl_typesupport_introspection_cpp/multi_mode_control_msgs/msg/detail/contact_thresholds__type_support.cpp.o[0m
[0.698s] [  2%] [32mBuilding CXX object CMakeFiles/multi_mode_control_msgs__rosidl_typesupport_introspection_cpp.dir/rosidl_typesupport_introspection_cpp/multi_mode_control_msgs/msg/detail/velocity_goal__type_support.cpp.o[0m
[1.118s] [  3%] [32mBuilding CXX object CMakeFiles/multi_mode_control_msgs__rosidl_typesupport_introspection_cpp.dir/rosidl_typesupport_introspection_cpp/multi_mode_control_msgs/msg/detail/joint_goal__type_support.cpp.o[0m
[1.646s] [  4%] [32mBuilding CXX object CMakeFiles/multi_mode_control_msgs__rosidl_typesupport_introspection_cpp.dir/rosidl_typesupport_introspection_cpp/multi_mode_control_msgs/msg/detail/controller__type_support.cpp.o[0m
[1.647s] [  4%] [32mBuilding CXX object CMakeFiles/multi_mode_control_msgs__rosidl_typesupport_introspection_cpp.dir/rosidl_typesupport_introspection_cpp/multi_mode_control_msgs/msg/detail/joint_array__type_support.cpp.o[0m
[2.183s] [  5%] [32m[1mLinking CXX shared library libmulti_mode_control_msgs__rosidl_typesupport_introspection_cpp.so[0m
[2.328s] [ 12%] Built target multi_mode_control_msgs__rosidl_typesupport_introspection_cpp
[2.411s] [ 13%] [34m[1mGenerating C++ type support for eProsima Fast-RTPS[0m
[2.805s] running egg_info
[2.806s] creating multi_mode_control_msgs.egg-info
[2.807s] writing multi_mode_control_msgs.egg-info/PKG-INFO
[2.807s] writing dependency_links to multi_mode_control_msgs.egg-info/dependency_links.txt
[2.807s] writing top-level names to multi_mode_control_msgs.egg-info/top_level.txt
[2.808s] writing manifest file 'multi_mode_control_msgs.egg-info/SOURCES.txt'
[2.811s] reading manifest file 'multi_mode_control_msgs.egg-info/SOURCES.txt'
[2.812s] writing manifest file 'multi_mode_control_msgs.egg-info/SOURCES.txt'
[2.872s] [ 13%] Built target ament_cmake_python_build_multi_mode_control_msgs_egg
[2.887s] [ 14%] [34m[1mGenerating C++ type support dispatch for ROS interfaces[0m
[3.902s] Traceback (most recent call last):
[3.903s]   File "/opt/ros/humble/lib/rosidl_typesupport_cpp/rosidl_typesupport_cpp", line 28, in <module>
[3.903s] gmake[2]: *** Deleting file 'rosidl_typesupport_cpp/multi_mode_control_msgs/msg/cartesian_impedance_goal__type_support.cpp'
[3.903s] gmake[2]: *** Deleting file 'rosidl_typesupport_fastrtps_cpp/multi_mode_control_msgs/msg/detail/dds_fastrtps/cartesian_impedance_goal__type_support.cpp'
[3.903s]     sys.exit(main())
[3.903s]   File "/opt/ros/humble/lib/rosidl_typesupport_cpp/rosidl_typesupport_cpp", line 24, in main
[3.904s]     generate_cpp(args.generator_arguments_file, args.typesupports)
[3.904s]   File "/opt/ros/humble/local/lib/python3.10/dist-packages/rosidl_typesupport_cpp/__init__.py", line 28, in generate_cpp
[3.904s] Traceback (most recent call last):
[3.904s]   File "/opt/ros/humble/lib/rosidl_typesupport_fastrtps_cpp/rosidl_typesupport_fastrtps_cpp", line 23, in <module>
[3.904s]     return generate_files(
[3.904s]   File "/opt/ros/humble/local/lib/python3.10/dist-packages/rosidl_cmake/__init__.py", line 74, in generate_files
[3.905s]     sys.exit(main())
[3.905s]   File "/opt/ros/humble/lib/rosidl_typesupport_fastrtps_cpp/rosidl_typesupport_fastrtps_cpp", line 19, in main
[3.905s]     idl_file = parse_idl_file(locator)
[3.905s]   File "/opt/ros/humble/local/lib/python3.10/dist-packages/rosidl_parser/parser.py", line 64, in parse_idl_file
[3.905s]     generate_cpp(args.generator_arguments_file)
[3.905s]   File "/opt/ros/humble/local/lib/python3.10/dist-packages/rosidl_typesupport_fastrtps_cpp/__init__.py", line 24, in generate_cpp
[3.905s]     content = parse_idl_string(string, png_file=png_file)
[3.906s]     return generate_files(generator_arguments_file, mapping)
[3.906s]   File "/opt/ros/humble/local/lib/python3.10/dist-packages/rosidl_parser/parser.py", line 72, in parse_idl_string
[3.906s]   File "/opt/ros/humble/local/lib/python3.10/dist-packages/rosidl_cmake/__init__.py", line 87, in generate_files
[3.906s]     tree = get_ast_from_idl_string(idl_string)
[3.906s]     expand_template(
[3.906s]   File "/opt/ros/humble/local/lib/python3.10/dist-packages/rosidl_parser/parser.py", line 89, in get_ast_from_idl_string
[3.906s]   File "/opt/ros/humble/local/lib/python3.10/dist-packages/rosidl_cmake/__init__.py", line 149, in expand_template
[3.907s]     return _parser.parse(idl_string)
[3.907s]   File "/usr/lib/python3/dist-packages/lark/lark.py", line 619, in parse
[3.907s]     interpreter.string(template_content, template_path, locals=data)
[3.907s]   File "/usr/lib/python3/dist-packages/em.py", line 2391, in string
[3.907s]     return self.parser.parse(text, start=start, on_error=on_error)
[3.907s]   File "/usr/lib/python3/dist-packages/lark/parser_frontends.py", line 99, in parse
[3.907s]     return self.parser.parse(stream, chosen_start, **kw)
[3.907s]   File "/usr/lib/python3/dist-packages/lark/parsers/earley.py", line 266, in parse
[3.908s]     to_scan = self._parse(lexer, columns, to_scan, start_symbol)
[3.908s] KeyboardInterrupt
[3.908s]     self.safe(scanner, True, locals)
[3.908s]   File "/usr/lib/python3/dist-packages/em.py", line 2401, in safe
[3.908s]     self.parse(scanner, locals)
[3.908s]   File "/usr/lib/python3/dist-packages/em.py", line 2421, in parse
[3.908s]     token.run(self, locals)
[3.908s]   File "/usr/lib/python3/dist-packages/em.py", line 1425, in run
[3.909s]     interpreter.execute(self.code, locals)
[3.909s]   File "/usr/lib/python3/dist-packages/em.py", line 2596, in execute
[3.909s]     _exec(statements, self.globals, locals)
[3.909s]   File "<string>", line 21, in <module>
[3.909s]   File "/opt/ros/humble/local/lib/python3.10/dist-packages/rosidl_cmake/__init__.py", line 198, in _expand_template
[3.909s]     interpreter.string(content, str(template_path), kwargs)
[3.909s]   File "/usr/lib/python3/dist-packages/em.py", line 2391, in string
[3.909s]     self.safe(scanner, True, locals)
[3.909s]   File "/usr/lib/python3/dist-packages/em.py", line 2401, in safe
[3.909s]     self.parse(scanner, locals)
[3.909s]   File "/usr/lib/python3/dist-packages/em.py", line 2421, in parse
[3.909s]     token.run(self, locals)
[3.909s]   File "/usr/lib/python3/dist-packages/em.py", line 1333, in run
[3.910s]     result = interpreter.evaluate(self.testCode, locals)
[3.910s]   File "/usr/lib/python3/dist-packages/em.py", line 2573, in evaluate
[3.910s]     result = eval(expression, self.globals, locals)
[3.910s]   File "<string>", line 1, in <module>
[3.910s] KeyboardInterrupt
[3.921s] Exception ignored in: <function Interpreter.__del__ at 0x7f54bac031c0>
[3.921s] Traceback (most recent call last):
[3.921s]   File "/usr/lib/python3/dist-packages/em.py", line 2094, in __del__
[3.921s]   File "/usr/lib/python3/dist-packages/em.py", line 2157, in shutdown
[3.921s]   File "/usr/lib/python3/dist-packages/em.py", line 2647, in finalize
[3.921s]   File "/usr/lib/python3/dist-packages/em.py", line 2200, in push
[3.921s] AttributeError: '_io.TextIOWrapper' object has no attribute 'push'
[3.928s] gmake[2]: *** [CMakeFiles/multi_mode_control_msgs__rosidl_typesupport_cpp.dir/build.make:181: rosidl_typesupport_cpp/multi_mode_control_msgs/msg/cartesian_impedance_goal__type_support.cpp] Interrupt
[3.929s] gmake[1]: *** [CMakeFiles/Makefile2:394: CMakeFiles/multi_mode_control_msgs__rosidl_typesupport_cpp.dir/all] Interrupt
[3.932s] gmake[2]: *** [CMakeFiles/multi_mode_control_msgs__rosidl_typesupport_fastrtps_cpp.dir/build.make:183: rosidl_typesupport_fastrtps_cpp/multi_mode_control_msgs/msg/detail/dds_fastrtps/cartesian_impedance_goal__type_support.cpp] Interrupt
[3.932s] gmake[1]: *** [CMakeFiles/Makefile2:290: CMakeFiles/multi_mode_control_msgs__rosidl_typesupport_fastrtps_cpp.dir/all] Interrupt
[3.932s] gmake: *** [Makefile:146: all] Interrupt
