[0.041s] Invoking command in '/media/kai/Kai_Backup/Master_Study/Master_Thesis/Implementation/libfranka_ws/build/panda_motion_generator_msgs': CMAKE_PREFIX_PATH=${CMAKE_PREFIX_PATH}:/media/kai/Kai_Backup/Master_Study/Master_Thesis/Implementation/libfranka_ws/install/Hierarchical_Reinforcement_Learning_for_Adaptive_Control_Under_Stochastic_Network_Delays:/media/kai/Kai_Backup/Master_Study/Master_Thesis/Implementation/libfranka_ws/install/Reinforcement_Learning_In_Teleoperation:/media/kai/Kai_Backup/Master_Study/Master_Thesis/Implementation/libfranka_ws/install/Model_based_Reinforcement_Learning_In_Teleoperation:/opt/ros/humble /usr/bin/cmake /media/kai/Kai_Backup/Master_Study/Master_Thesis/Implementation/libfranka_ws/src/multipanda_ros2/franka_multi_mode_controller/panda_motion_generator_msgs -DAMENT_CMAKE_SYMLINK_INSTALL=1 -DCMAKE_INSTALL_PREFIX=/media/kai/Kai_Backup/Master_Study/Master_Thesis/Implementation/libfranka_ws/install/panda_motion_generator_msgs
[0.820s] -- The C compiler identification is GNU 11.4.0
[0.820s] -- The CXX compiler identification is GNU 11.4.0
[0.821s] -- Detecting C compiler ABI info
[0.821s] -- Detecting C compiler ABI info - done
[0.821s] -- Check for working C compiler: /usr/bin/cc - skipped
[0.821s] -- Detecting C compile features
[0.822s] -- Detecting C compile features - done
[0.822s] -- Detecting CXX compiler ABI info
[0.844s] -- Detecting CXX compiler ABI info - done
[0.856s] -- Check for working CXX compiler: /usr/bin/c++ - skipped
[0.856s] -- Detecting CXX compile features
[0.858s] -- Detecting CXX compile features - done
[0.868s] -- Found ament_cmake: 1.3.12 (/opt/ros/humble/share/ament_cmake/cmake)
[1.263s] -- Found Python3: /usr/bin/python3 (found version "3.10.12") found components: Interpreter 
[1.378s] -- Override CMake install command with custom implementation using symlinks instead of copying resources
[1.445s] -- Found geometry_msgs: 4.9.0 (/opt/ros/humble/share/geometry_msgs/cmake)
[1.519s] -- Found rosidl_generator_c: 3.1.7 (/opt/ros/humble/share/rosidl_generator_c/cmake)
[1.529s] -- Found rosidl_adapter: 3.1.7 (/opt/ros/humble/share/rosidl_adapter/cmake)
[1.550s] -- Found rosidl_generator_cpp: 3.1.7 (/opt/ros/humble/share/rosidl_generator_cpp/cmake)
[1.574s] -- Using all available rosidl_typesupport_c: rosidl_typesupport_fastrtps_c;rosidl_typesupport_introspection_c
[1.619s] -- Using all available rosidl_typesupport_cpp: rosidl_typesupport_fastrtps_cpp;rosidl_typesupport_introspection_cpp
[1.704s] -- Found rosidl_default_generators: 1.2.0 (/opt/ros/humble/share/rosidl_default_generators/cmake)
[2.970s] -- Found ament_cmake_ros: 0.10.0 (/opt/ros/humble/share/ament_cmake_ros/cmake)
[4.280s] -- Using all available rosidl_typesupport_c: rosidl_typesupport_fastrtps_c;rosidl_typesupport_introspection_c
[4.913s] -- Using all available rosidl_typesupport_cpp: rosidl_typesupport_fastrtps_cpp;rosidl_typesupport_introspection_cpp
[4.959s] -- Found PythonInterp: /usr/bin/python3 (found suitable version "3.10.12", minimum required is "3.6") 
[4.968s] -- Found python_cmake_module: 0.10.0 (/opt/ros/humble/share/python_cmake_module/cmake)
[5.020s] -- Found PythonLibs: /usr/lib/x86_64-linux-gnu/libpython3.10.so (found suitable version "3.10.12", minimum required is "3.5") 
[5.020s] -- Using PYTHON_EXECUTABLE: /usr/bin/python3
[5.020s] -- Using PYTHON_INCLUDE_DIRS: /usr/include/python3.10
[5.020s] -- Using PYTHON_LIBRARIES: /usr/lib/x86_64-linux-gnu/libpython3.10.so
[5.072s] -- Found PythonExtra: .so  
[5.405s] -- Found ament_lint_auto: 0.12.14 (/opt/ros/humble/share/ament_lint_auto/cmake)
[5.534s] -- Added test 'lint_cmake' to check CMake code style
[5.539s] -- Added test 'xmllint' to check XML markup files
[5.565s] -- Configuring done
[5.730s] -- Generating done
[5.765s] -- Build files have been written to: /media/kai/Kai_Backup/Master_Study/Master_Thesis/Implementation/libfranka_ws/build/panda_motion_generator_msgs
[5.853s] Invoked command in '/media/kai/Kai_Backup/Master_Study/Master_Thesis/Implementation/libfranka_ws/build/panda_motion_generator_msgs' returned '0': CMAKE_PREFIX_PATH=${CMAKE_PREFIX_PATH}:/media/kai/Kai_Backup/Master_Study/Master_Thesis/Implementation/libfranka_ws/install/Hierarchical_Reinforcement_Learning_for_Adaptive_Control_Under_Stochastic_Network_Delays:/media/kai/Kai_Backup/Master_Study/Master_Thesis/Implementation/libfranka_ws/install/Reinforcement_Learning_In_Teleoperation:/media/kai/Kai_Backup/Master_Study/Master_Thesis/Implementation/libfranka_ws/install/Model_based_Reinforcement_Learning_In_Teleoperation:/opt/ros/humble /usr/bin/cmake /media/kai/Kai_Backup/Master_Study/Master_Thesis/Implementation/libfranka_ws/src/multipanda_ros2/franka_multi_mode_controller/panda_motion_generator_msgs -DAMENT_CMAKE_SYMLINK_INSTALL=1 -DCMAKE_INSTALL_PREFIX=/media/kai/Kai_Backup/Master_Study/Master_Thesis/Implementation/libfranka_ws/install/panda_motion_generator_msgs
[5.854s] Invoking command in '/media/kai/Kai_Backup/Master_Study/Master_Thesis/Implementation/libfranka_ws/build/panda_motion_generator_msgs': CMAKE_PREFIX_PATH=${CMAKE_PREFIX_PATH}:/media/kai/Kai_Backup/Master_Study/Master_Thesis/Implementation/libfranka_ws/install/Hierarchical_Reinforcement_Learning_for_Adaptive_Control_Under_Stochastic_Network_Delays:/media/kai/Kai_Backup/Master_Study/Master_Thesis/Implementation/libfranka_ws/install/Reinforcement_Learning_In_Teleoperation:/media/kai/Kai_Backup/Master_Study/Master_Thesis/Implementation/libfranka_ws/install/Model_based_Reinforcement_Learning_In_Teleoperation:/opt/ros/humble /usr/bin/cmake --build /media/kai/Kai_Backup/Master_Study/Master_Thesis/Implementation/libfranka_ws/build/panda_motion_generator_msgs -- -j9 -l9
[6.191s] [  1%] [34m[1mGenerating C++ code for ROS interfaces[0m
[10.591s] [  1%] Built target panda_motion_generator_msgs__cpp
[10.751s] [  1%] Built target ament_cmake_python_symlink_panda_motion_generator_msgs
[10.804s] [  3%] [34m[1mGenerating C++ introspection for ROS interfaces[0m
[12.609s] [  4%] [32mBuilding CXX object CMakeFiles/panda_motion_generator_msgs__rosidl_typesupport_introspection_cpp.dir/rosidl_typesupport_introspection_cpp/panda_motion_generator_msgs/msg/detail/joint_pose__type_support.cpp.o[0m
[13.632s] [  6%] [32mBuilding CXX object CMakeFiles/panda_motion_generator_msgs__rosidl_typesupport_introspection_cpp.dir/rosidl_typesupport_introspection_cpp/panda_motion_generator_msgs/action/detail/joint_via_motion__type_support.cpp.o[0m
[16.128s] [  7%] [32mBuilding CXX object CMakeFiles/panda_motion_generator_msgs__rosidl_typesupport_introspection_cpp.dir/rosidl_typesupport_introspection_cpp/panda_motion_generator_msgs/action/detail/cartesian_via_motion__type_support.cpp.o[0m
[17.693s] [  9%] [32mBuilding CXX object CMakeFiles/panda_motion_generator_msgs__rosidl_typesupport_introspection_cpp.dir/rosidl_typesupport_introspection_cpp/panda_motion_generator_msgs/msg/detail/simple_action_result__type_support.cpp.o[0m
[19.001s] [ 11%] [32mBuilding CXX object CMakeFiles/panda_motion_generator_msgs__rosidl_typesupport_introspection_cpp.dir/rosidl_typesupport_introspection_cpp/panda_motion_generator_msgs/msg/detail/set_time_scaling__type_support.cpp.o[0m
[19.588s] [ 12%] [32m[1mLinking CXX shared library libpanda_motion_generator_msgs__rosidl_typesupport_introspection_cpp.so[0m
[19.736s] [ 12%] Built target panda_motion_generator_msgs__rosidl_typesupport_introspection_cpp
[20.207s] running egg_info
[20.209s] creating panda_motion_generator_msgs.egg-info
[20.209s] writing panda_motion_generator_msgs.egg-info/PKG-INFO
[20.209s] writing dependency_links to panda_motion_generator_msgs.egg-info/dependency_links.txt
[20.210s] writing top-level names to panda_motion_generator_msgs.egg-info/top_level.txt
[20.210s] writing manifest file 'panda_motion_generator_msgs.egg-info/SOURCES.txt'
[20.214s] reading manifest file 'panda_motion_generator_msgs.egg-info/SOURCES.txt'
[20.215s] writing manifest file 'panda_motion_generator_msgs.egg-info/SOURCES.txt'
[20.308s] [ 12%] Built target ament_cmake_python_build_panda_motion_generator_msgs_egg
[20.345s] [ 14%] [34m[1mGenerating C++ type support for eProsima Fast-RTPS[0m
[23.280s] [ 15%] [32mBuilding CXX object CMakeFiles/panda_motion_generator_msgs__rosidl_typesupport_fastrtps_cpp.dir/rosidl_typesupport_fastrtps_cpp/panda_motion_generator_msgs/msg/detail/dds_fastrtps/joint_pose__type_support.cpp.o[0m
[24.702s] [ 17%] [32mBuilding CXX object CMakeFiles/panda_motion_generator_msgs__rosidl_typesupport_fastrtps_cpp.dir/rosidl_typesupport_fastrtps_cpp/panda_motion_generator_msgs/action/detail/dds_fastrtps/joint_via_motion__type_support.cpp.o[0m
[26.879s] [ 19%] [32mBuilding CXX object CMakeFiles/panda_motion_generator_msgs__rosidl_typesupport_fastrtps_cpp.dir/rosidl_typesupport_fastrtps_cpp/panda_motion_generator_msgs/action/detail/dds_fastrtps/cartesian_via_motion__type_support.cpp.o[0m
[27.965s] [ 20%] [32mBuilding CXX object CMakeFiles/panda_motion_generator_msgs__rosidl_typesupport_fastrtps_cpp.dir/rosidl_typesupport_fastrtps_cpp/panda_motion_generator_msgs/msg/detail/dds_fastrtps/simple_action_result__type_support.cpp.o[0m
[28.843s] [ 22%] [32mBuilding CXX object CMakeFiles/panda_motion_generator_msgs__rosidl_typesupport_fastrtps_cpp.dir/rosidl_typesupport_fastrtps_cpp/panda_motion_generator_msgs/msg/detail/dds_fastrtps/set_time_scaling__type_support.cpp.o[0m
[29.547s] [ 23%] [32m[1mLinking CXX shared library libpanda_motion_generator_msgs__rosidl_typesupport_fastrtps_cpp.so[0m
[29.779s] [ 23%] Built target panda_motion_generator_msgs__rosidl_typesupport_fastrtps_cpp
[29.865s] [ 25%] [34m[1mGenerating C++ type support dispatch for ROS interfaces[0m
[30.913s] [ 26%] [32mBuilding CXX object CMakeFiles/panda_motion_generator_msgs__rosidl_typesupport_cpp.dir/rosidl_typesupport_cpp/panda_motion_generator_msgs/msg/joint_pose__type_support.cpp.o[0m
[31.682s] [ 28%] [32mBuilding CXX object CMakeFiles/panda_motion_generator_msgs__rosidl_typesupport_cpp.dir/rosidl_typesupport_cpp/panda_motion_generator_msgs/action/joint_via_motion__type_support.cpp.o[0m
[32.576s] [ 30%] [32mBuilding CXX object CMakeFiles/panda_motion_generator_msgs__rosidl_typesupport_cpp.dir/rosidl_typesupport_cpp/panda_motion_generator_msgs/action/cartesian_via_motion__type_support.cpp.o[0m
[34.048s] [ 31%] [32mBuilding CXX object CMakeFiles/panda_motion_generator_msgs__rosidl_typesupport_cpp.dir/rosidl_typesupport_cpp/panda_motion_generator_msgs/msg/simple_action_result__type_support.cpp.o[0m
[34.454s] [ 33%] [32mBuilding CXX object CMakeFiles/panda_motion_generator_msgs__rosidl_typesupport_cpp.dir/rosidl_typesupport_cpp/panda_motion_generator_msgs/msg/set_time_scaling__type_support.cpp.o[0m
[34.854s] [ 34%] [32m[1mLinking CXX shared library libpanda_motion_generator_msgs__rosidl_typesupport_cpp.so[0m
[34.932s] [ 34%] Built target panda_motion_generator_msgs__rosidl_typesupport_cpp
[34.954s] [ 36%] [34m[1mGenerating C code for ROS interfaces[0m
[36.732s] [ 38%] [32mBuilding C object CMakeFiles/panda_motion_generator_msgs__rosidl_generator_c.dir/rosidl_generator_c/panda_motion_generator_msgs/msg/detail/joint_pose__functions.c.o[0m
[36.922s] [ 39%] [32mBuilding C object CMakeFiles/panda_motion_generator_msgs__rosidl_generator_c.dir/rosidl_generator_c/panda_motion_generator_msgs/action/detail/joint_via_motion__functions.c.o[0m
[37.226s] [ 41%] [32mBuilding C object CMakeFiles/panda_motion_generator_msgs__rosidl_generator_c.dir/rosidl_generator_c/panda_motion_generator_msgs/action/detail/cartesian_via_motion__functions.c.o[0m
[37.436s] [ 42%] [32mBuilding C object CMakeFiles/panda_motion_generator_msgs__rosidl_generator_c.dir/rosidl_generator_c/panda_motion_generator_msgs/msg/detail/simple_action_result__functions.c.o[0m
[37.513s] [ 44%] [32mBuilding C object CMakeFiles/panda_motion_generator_msgs__rosidl_generator_c.dir/rosidl_generator_c/panda_motion_generator_msgs/msg/detail/set_time_scaling__functions.c.o[0m
[37.591s] [ 46%] [32m[1mLinking C shared library libpanda_motion_generator_msgs__rosidl_generator_c.so[0m
[37.674s] [ 46%] Built target panda_motion_generator_msgs__rosidl_generator_c
[37.694s] [ 47%] [34m[1mGenerating C type support for eProsima Fast-RTPS[0m
[39.344s] [ 49%] [32mBuilding CXX object CMakeFiles/panda_motion_generator_msgs__rosidl_typesupport_fastrtps_c.dir/rosidl_typesupport_fastrtps_c/panda_motion_generator_msgs/msg/detail/joint_pose__type_support_c.cpp.o[0m
[39.906s] [ 50%] [32mBuilding CXX object CMakeFiles/panda_motion_generator_msgs__rosidl_typesupport_fastrtps_c.dir/rosidl_typesupport_fastrtps_c/panda_motion_generator_msgs/action/detail/joint_via_motion__type_support_c.cpp.o[0m
[40.463s] [ 52%] [32mBuilding CXX object CMakeFiles/panda_motion_generator_msgs__rosidl_typesupport_fastrtps_c.dir/rosidl_typesupport_fastrtps_c/panda_motion_generator_msgs/action/detail/cartesian_via_motion__type_support_c.cpp.o[0m
[41.092s] [ 53%] [32mBuilding CXX object CMakeFiles/panda_motion_generator_msgs__rosidl_typesupport_fastrtps_c.dir/rosidl_typesupport_fastrtps_c/panda_motion_generator_msgs/msg/detail/simple_action_result__type_support_c.cpp.o[0m
[41.839s] [ 55%] [32mBuilding CXX object CMakeFiles/panda_motion_generator_msgs__rosidl_typesupport_fastrtps_c.dir/rosidl_typesupport_fastrtps_c/panda_motion_generator_msgs/msg/detail/set_time_scaling__type_support_c.cpp.o[0m
[42.253s] [ 57%] [32m[1mLinking CXX shared library libpanda_motion_generator_msgs__rosidl_typesupport_fastrtps_c.so[0m
[42.372s] [ 57%] Built target panda_motion_generator_msgs__rosidl_typesupport_fastrtps_c
[42.389s] [ 58%] [34m[1mGenerating C type support dispatch for ROS interfaces[0m
[43.292s] [ 60%] [32mBuilding CXX object CMakeFiles/panda_motion_generator_msgs__rosidl_typesupport_c.dir/rosidl_typesupport_c/panda_motion_generator_msgs/msg/joint_pose__type_support.cpp.o[0m
[43.338s] [ 61%] [32mBuilding CXX object CMakeFiles/panda_motion_generator_msgs__rosidl_typesupport_c.dir/rosidl_typesupport_c/panda_motion_generator_msgs/action/joint_via_motion__type_support.cpp.o[0m
[43.412s] [ 63%] [32mBuilding CXX object CMakeFiles/panda_motion_generator_msgs__rosidl_typesupport_c.dir/rosidl_typesupport_c/panda_motion_generator_msgs/action/cartesian_via_motion__type_support.cpp.o[0m
[43.488s] [ 65%] [32mBuilding CXX object CMakeFiles/panda_motion_generator_msgs__rosidl_typesupport_c.dir/rosidl_typesupport_c/panda_motion_generator_msgs/msg/simple_action_result__type_support.cpp.o[0m
[43.536s] [ 66%] [32mBuilding CXX object CMakeFiles/panda_motion_generator_msgs__rosidl_typesupport_c.dir/rosidl_typesupport_c/panda_motion_generator_msgs/msg/set_time_scaling__type_support.cpp.o[0m
[43.583s] [ 68%] [32m[1mLinking CXX shared library libpanda_motion_generator_msgs__rosidl_typesupport_c.so[0m
[43.650s] [ 68%] Built target panda_motion_generator_msgs__rosidl_typesupport_c
[43.667s] [ 69%] [34m[1mGenerating C introspection for ROS interfaces[0m
[44.831s] [ 71%] [32mBuilding C object CMakeFiles/panda_motion_generator_msgs__rosidl_typesupport_introspection_c.dir/rosidl_typesupport_introspection_c/panda_motion_generator_msgs/msg/detail/joint_pose__type_support.c.o[0m
[44.903s] [ 73%] [32mBuilding C object CMakeFiles/panda_motion_generator_msgs__rosidl_typesupport_introspection_c.dir/rosidl_typesupport_introspection_c/panda_motion_generator_msgs/action/detail/joint_via_motion__type_support.c.o[0m
[44.987s] [ 74%] [32mBuilding C object CMakeFiles/panda_motion_generator_msgs__rosidl_typesupport_introspection_c.dir/rosidl_typesupport_introspection_c/panda_motion_generator_msgs/action/detail/cartesian_via_motion__type_support.c.o[0m
[45.072s] [ 76%] [32mBuilding C object CMakeFiles/panda_motion_generator_msgs__rosidl_typesupport_introspection_c.dir/rosidl_typesupport_introspection_c/panda_motion_generator_msgs/msg/detail/simple_action_result__type_support.c.o[0m
[45.128s] [ 77%] [32mBuilding C object CMakeFiles/panda_motion_generator_msgs__rosidl_typesupport_introspection_c.dir/rosidl_typesupport_introspection_c/panda_motion_generator_msgs/msg/detail/set_time_scaling__type_support.c.o[0m
[45.198s] [ 79%] [32m[1mLinking C shared library libpanda_motion_generator_msgs__rosidl_typesupport_introspection_c.so[0m
[45.260s] [ 79%] Built target panda_motion_generator_msgs__rosidl_typesupport_introspection_c
[45.296s] [ 79%] Built target panda_motion_generator_msgs
[45.331s] [ 80%] [34m[1mGenerating Python code for ROS interfaces[0m
[48.035s] [ 80%] Built target panda_motion_generator_msgs__py
[48.073s] [ 82%] [32mBuilding C object CMakeFiles/panda_motion_generator_msgs__rosidl_generator_py.dir/rosidl_generator_py/panda_motion_generator_msgs/msg/_joint_pose_s.c.o[0m
[48.277s] [ 84%] [32mBuilding C object CMakeFiles/panda_motion_generator_msgs__rosidl_generator_py.dir/rosidl_generator_py/panda_motion_generator_msgs/action/_joint_via_motion_s.c.o[0m
[48.478s] [ 85%] [32mBuilding C object CMakeFiles/panda_motion_generator_msgs__rosidl_generator_py.dir/rosidl_generator_py/panda_motion_generator_msgs/action/_cartesian_via_motion_s.c.o[0m
[48.757s] [ 87%] [32mBuilding C object CMakeFiles/panda_motion_generator_msgs__rosidl_generator_py.dir/rosidl_generator_py/panda_motion_generator_msgs/msg/_simple_action_result_s.c.o[0m
[48.991s] [ 88%] [32mBuilding C object CMakeFiles/panda_motion_generator_msgs__rosidl_generator_py.dir/rosidl_generator_py/panda_motion_generator_msgs/msg/_set_time_scaling_s.c.o[0m
[49.243s] [ 90%] [32m[1mLinking C shared library rosidl_generator_py/panda_motion_generator_msgs/libpanda_motion_generator_msgs__rosidl_generator_py.so[0m
[49.328s] [ 90%] Built target panda_motion_generator_msgs__rosidl_generator_py
[49.375s] [ 92%] [32mBuilding C object CMakeFiles/panda_motion_generator_msgs__rosidl_typesupport_fastrtps_c__pyext.dir/rosidl_generator_py/panda_motion_generator_msgs/_panda_motion_generator_msgs_s.ep.rosidl_typesupport_fastrtps_c.c.o[0m
[49.689s] [ 93%] [32m[1mLinking C shared library rosidl_generator_py/panda_motion_generator_msgs/panda_motion_generator_msgs_s__rosidl_typesupport_fastrtps_c.cpython-310-x86_64-linux-gnu.so[0m
[49.791s] [ 93%] Built target panda_motion_generator_msgs__rosidl_typesupport_fastrtps_c__pyext
[49.835s] [ 95%] [32mBuilding C object CMakeFiles/panda_motion_generator_msgs__rosidl_typesupport_c__pyext.dir/rosidl_generator_py/panda_motion_generator_msgs/_panda_motion_generator_msgs_s.ep.rosidl_typesupport_c.c.o[0m
[50.076s] [ 96%] [32m[1mLinking C shared library rosidl_generator_py/panda_motion_generator_msgs/panda_motion_generator_msgs_s__rosidl_typesupport_c.cpython-310-x86_64-linux-gnu.so[0m
[50.156s] [ 96%] Built target panda_motion_generator_msgs__rosidl_typesupport_c__pyext
[50.198s] [ 98%] [32mBuilding C object CMakeFiles/panda_motion_generator_msgs__rosidl_typesupport_introspection_c__pyext.dir/rosidl_generator_py/panda_motion_generator_msgs/_panda_motion_generator_msgs_s.ep.rosidl_typesupport_introspection_c.c.o[0m
[50.453s] [100%] [32m[1mLinking C shared library rosidl_generator_py/panda_motion_generator_msgs/panda_motion_generator_msgs_s__rosidl_typesupport_introspection_c.cpython-310-x86_64-linux-gnu.so[0m
[50.537s] [100%] Built target panda_motion_generator_msgs__rosidl_typesupport_introspection_c__pyext
[50.561s] Invoked command in '/media/kai/Kai_Backup/Master_Study/Master_Thesis/Implementation/libfranka_ws/build/panda_motion_generator_msgs' returned '0': CMAKE_PREFIX_PATH=${CMAKE_PREFIX_PATH}:/media/kai/Kai_Backup/Master_Study/Master_Thesis/Implementation/libfranka_ws/install/Hierarchical_Reinforcement_Learning_for_Adaptive_Control_Under_Stochastic_Network_Delays:/media/kai/Kai_Backup/Master_Study/Master_Thesis/Implementation/libfranka_ws/install/Reinforcement_Learning_In_Teleoperation:/media/kai/Kai_Backup/Master_Study/Master_Thesis/Implementation/libfranka_ws/install/Model_based_Reinforcement_Learning_In_Teleoperation:/opt/ros/humble /usr/bin/cmake --build /media/kai/Kai_Backup/Master_Study/Master_Thesis/Implementation/libfranka_ws/build/panda_motion_generator_msgs -- -j9 -l9
[50.562s] Invoking command in '/media/kai/Kai_Backup/Master_Study/Master_Thesis/Implementation/libfranka_ws/build/panda_motion_generator_msgs': CMAKE_PREFIX_PATH=${CMAKE_PREFIX_PATH}:/media/kai/Kai_Backup/Master_Study/Master_Thesis/Implementation/libfranka_ws/install/Hierarchical_Reinforcement_Learning_for_Adaptive_Control_Under_Stochastic_Network_Delays:/media/kai/Kai_Backup/Master_Study/Master_Thesis/Implementation/libfranka_ws/install/Reinforcement_Learning_In_Teleoperation:/media/kai/Kai_Backup/Master_Study/Master_Thesis/Implementation/libfranka_ws/install/Model_based_Reinforcement_Learning_In_Teleoperation:/opt/ros/humble /usr/bin/cmake --install /media/kai/Kai_Backup/Master_Study/Master_Thesis/Implementation/libfranka_ws/build/panda_motion_generator_msgs
[50.576s] -- Install configuration: ""
[50.577s] -- Execute custom install script
[50.578s] -- Symlinking: /media/kai/Kai_Backup/Master_Study/Master_Thesis/Implementation/libfranka_ws/install/panda_motion_generator_msgs/share/ament_index/resource_index/rosidl_interfaces/panda_motion_generator_msgs
[50.606s] -- Symlinking: /media/kai/Kai_Backup/Master_Study/Master_Thesis/Implementation/libfranka_ws/install/panda_motion_generator_msgs/include/panda_motion_generator_msgs/panda_motion_generator_msgs/action/cartesian_via_motion.h
[50.622s] -- Symlinking: /media/kai/Kai_Backup/Master_Study/Master_Thesis/Implementation/libfranka_ws/install/panda_motion_generator_msgs/include/panda_motion_generator_msgs/panda_motion_generator_msgs/action/detail/cartesian_via_motion__functions.h
[50.639s] -- Symlinking: /media/kai/Kai_Backup/Master_Study/Master_Thesis/Implementation/libfranka_ws/install/panda_motion_generator_msgs/include/panda_motion_generator_msgs/panda_motion_generator_msgs/action/detail/cartesian_via_motion__struct.h
[50.656s] -- Symlinking: /media/kai/Kai_Backup/Master_Study/Master_Thesis/Implementation/libfranka_ws/install/panda_motion_generator_msgs/include/panda_motion_generator_msgs/panda_motion_generator_msgs/action/detail/cartesian_via_motion__type_support.h
[50.672s] -- Symlinking: /media/kai/Kai_Backup/Master_Study/Master_Thesis/Implementation/libfranka_ws/install/panda_motion_generator_msgs/include/panda_motion_generator_msgs/panda_motion_generator_msgs/action/detail/joint_via_motion__functions.h
[50.687s] -- Symlinking: /media/kai/Kai_Backup/Master_Study/Master_Thesis/Implementation/libfranka_ws/install/panda_motion_generator_msgs/include/panda_motion_generator_msgs/panda_motion_generator_msgs/action/detail/joint_via_motion__struct.h
[50.703s] -- Symlinking: /media/kai/Kai_Backup/Master_Study/Master_Thesis/Implementation/libfranka_ws/install/panda_motion_generator_msgs/include/panda_motion_generator_msgs/panda_motion_generator_msgs/action/detail/joint_via_motion__type_support.h
[50.719s] -- Symlinking: /media/kai/Kai_Backup/Master_Study/Master_Thesis/Implementation/libfranka_ws/install/panda_motion_generator_msgs/include/panda_motion_generator_msgs/panda_motion_generator_msgs/action/joint_via_motion.h
[50.737s] -- Symlinking: /media/kai/Kai_Backup/Master_Study/Master_Thesis/Implementation/libfranka_ws/install/panda_motion_generator_msgs/include/panda_motion_generator_msgs/panda_motion_generator_msgs/msg/detail/joint_pose__functions.h
[50.754s] -- Symlinking: /media/kai/Kai_Backup/Master_Study/Master_Thesis/Implementation/libfranka_ws/install/panda_motion_generator_msgs/include/panda_motion_generator_msgs/panda_motion_generator_msgs/msg/detail/joint_pose__struct.h
[50.771s] -- Symlinking: /media/kai/Kai_Backup/Master_Study/Master_Thesis/Implementation/libfranka_ws/install/panda_motion_generator_msgs/include/panda_motion_generator_msgs/panda_motion_generator_msgs/msg/detail/joint_pose__type_support.h
[50.788s] -- Symlinking: /media/kai/Kai_Backup/Master_Study/Master_Thesis/Implementation/libfranka_ws/install/panda_motion_generator_msgs/include/panda_motion_generator_msgs/panda_motion_generator_msgs/msg/detail/set_time_scaling__functions.h
[50.812s] -- Symlinking: /media/kai/Kai_Backup/Master_Study/Master_Thesis/Implementation/libfranka_ws/install/panda_motion_generator_msgs/include/panda_motion_generator_msgs/panda_motion_generator_msgs/msg/detail/set_time_scaling__struct.h
[50.833s] -- Symlinking: /media/kai/Kai_Backup/Master_Study/Master_Thesis/Implementation/libfranka_ws/install/panda_motion_generator_msgs/include/panda_motion_generator_msgs/panda_motion_generator_msgs/msg/detail/set_time_scaling__type_support.h
[50.855s] -- Symlinking: /media/kai/Kai_Backup/Master_Study/Master_Thesis/Implementation/libfranka_ws/install/panda_motion_generator_msgs/include/panda_motion_generator_msgs/panda_motion_generator_msgs/msg/detail/simple_action_result__functions.h
[50.871s] -- Symlinking: /media/kai/Kai_Backup/Master_Study/Master_Thesis/Implementation/libfranka_ws/install/panda_motion_generator_msgs/include/panda_motion_generator_msgs/panda_motion_generator_msgs/msg/detail/simple_action_result__struct.h
[50.887s] -- Symlinking: /media/kai/Kai_Backup/Master_Study/Master_Thesis/Implementation/libfranka_ws/install/panda_motion_generator_msgs/include/panda_motion_generator_msgs/panda_motion_generator_msgs/msg/detail/simple_action_result__type_support.h
[50.905s] -- Symlinking: /media/kai/Kai_Backup/Master_Study/Master_Thesis/Implementation/libfranka_ws/install/panda_motion_generator_msgs/include/panda_motion_generator_msgs/panda_motion_generator_msgs/msg/joint_pose.h
[50.929s] -- Symlinking: /media/kai/Kai_Backup/Master_Study/Master_Thesis/Implementation/libfranka_ws/install/panda_motion_generator_msgs/include/panda_motion_generator_msgs/panda_motion_generator_msgs/msg/rosidl_generator_c__visibility_control.h
[50.947s] -- Symlinking: /media/kai/Kai_Backup/Master_Study/Master_Thesis/Implementation/libfranka_ws/install/panda_motion_generator_msgs/include/panda_motion_generator_msgs/panda_motion_generator_msgs/msg/set_time_scaling.h
[50.964s] -- Symlinking: /media/kai/Kai_Backup/Master_Study/Master_Thesis/Implementation/libfranka_ws/install/panda_motion_generator_msgs/include/panda_motion_generator_msgs/panda_motion_generator_msgs/msg/simple_action_result.h
[50.980s] -- Symlinking: /media/kai/Kai_Backup/Master_Study/Master_Thesis/Implementation/libfranka_ws/install/panda_motion_generator_msgs/share/panda_motion_generator_msgs/environment/library_path.sh
[50.995s] -- Symlinking: /media/kai/Kai_Backup/Master_Study/Master_Thesis/Implementation/libfranka_ws/install/panda_motion_generator_msgs/share/panda_motion_generator_msgs/environment/library_path.dsv
[51.009s] -- Symlinking: /media/kai/Kai_Backup/Master_Study/Master_Thesis/Implementation/libfranka_ws/install/panda_motion_generator_msgs/include/panda_motion_generator_msgs/panda_motion_generator_msgs/action/detail/cartesian_via_motion__rosidl_typesupport_fastrtps_c.h
[51.024s] -- Symlinking: /media/kai/Kai_Backup/Master_Study/Master_Thesis/Implementation/libfranka_ws/install/panda_motion_generator_msgs/include/panda_motion_generator_msgs/panda_motion_generator_msgs/action/detail/joint_via_motion__rosidl_typesupport_fastrtps_c.h
[51.046s] -- Symlinking: /media/kai/Kai_Backup/Master_Study/Master_Thesis/Implementation/libfranka_ws/install/panda_motion_generator_msgs/include/panda_motion_generator_msgs/panda_motion_generator_msgs/msg/detail/joint_pose__rosidl_typesupport_fastrtps_c.h
[51.062s] -- Symlinking: /media/kai/Kai_Backup/Master_Study/Master_Thesis/Implementation/libfranka_ws/install/panda_motion_generator_msgs/include/panda_motion_generator_msgs/panda_motion_generator_msgs/msg/detail/set_time_scaling__rosidl_typesupport_fastrtps_c.h
[51.077s] -- Symlinking: /media/kai/Kai_Backup/Master_Study/Master_Thesis/Implementation/libfranka_ws/install/panda_motion_generator_msgs/include/panda_motion_generator_msgs/panda_motion_generator_msgs/msg/detail/simple_action_result__rosidl_typesupport_fastrtps_c.h
[51.100s] -- Symlinking: /media/kai/Kai_Backup/Master_Study/Master_Thesis/Implementation/libfranka_ws/install/panda_motion_generator_msgs/include/panda_motion_generator_msgs/panda_motion_generator_msgs/msg/rosidl_typesupport_fastrtps_c__visibility_control.h
[51.118s] -- Symlinking: /media/kai/Kai_Backup/Master_Study/Master_Thesis/Implementation/libfranka_ws/install/panda_motion_generator_msgs/include/panda_motion_generator_msgs/panda_motion_generator_msgs/action/cartesian_via_motion.hpp
[51.134s] -- Symlinking: /media/kai/Kai_Backup/Master_Study/Master_Thesis/Implementation/libfranka_ws/install/panda_motion_generator_msgs/include/panda_motion_generator_msgs/panda_motion_generator_msgs/action/detail/cartesian_via_motion__builder.hpp
[51.151s] -- Symlinking: /media/kai/Kai_Backup/Master_Study/Master_Thesis/Implementation/libfranka_ws/install/panda_motion_generator_msgs/include/panda_motion_generator_msgs/panda_motion_generator_msgs/action/detail/cartesian_via_motion__struct.hpp
[51.167s] -- Symlinking: /media/kai/Kai_Backup/Master_Study/Master_Thesis/Implementation/libfranka_ws/install/panda_motion_generator_msgs/include/panda_motion_generator_msgs/panda_motion_generator_msgs/action/detail/cartesian_via_motion__traits.hpp
[51.188s] -- Symlinking: /media/kai/Kai_Backup/Master_Study/Master_Thesis/Implementation/libfranka_ws/install/panda_motion_generator_msgs/include/panda_motion_generator_msgs/panda_motion_generator_msgs/action/detail/cartesian_via_motion__type_support.hpp
[51.207s] -- Symlinking: /media/kai/Kai_Backup/Master_Study/Master_Thesis/Implementation/libfranka_ws/install/panda_motion_generator_msgs/include/panda_motion_generator_msgs/panda_motion_generator_msgs/action/detail/joint_via_motion__builder.hpp
[51.230s] -- Symlinking: /media/kai/Kai_Backup/Master_Study/Master_Thesis/Implementation/libfranka_ws/install/panda_motion_generator_msgs/include/panda_motion_generator_msgs/panda_motion_generator_msgs/action/detail/joint_via_motion__struct.hpp
[51.246s] -- Symlinking: /media/kai/Kai_Backup/Master_Study/Master_Thesis/Implementation/libfranka_ws/install/panda_motion_generator_msgs/include/panda_motion_generator_msgs/panda_motion_generator_msgs/action/detail/joint_via_motion__traits.hpp
[51.265s] -- Symlinking: /media/kai/Kai_Backup/Master_Study/Master_Thesis/Implementation/libfranka_ws/install/panda_motion_generator_msgs/include/panda_motion_generator_msgs/panda_motion_generator_msgs/action/detail/joint_via_motion__type_support.hpp
[51.287s] -- Symlinking: /media/kai/Kai_Backup/Master_Study/Master_Thesis/Implementation/libfranka_ws/install/panda_motion_generator_msgs/include/panda_motion_generator_msgs/panda_motion_generator_msgs/action/joint_via_motion.hpp
[51.304s] -- Symlinking: /media/kai/Kai_Backup/Master_Study/Master_Thesis/Implementation/libfranka_ws/install/panda_motion_generator_msgs/include/panda_motion_generator_msgs/panda_motion_generator_msgs/msg/detail/joint_pose__builder.hpp
[51.320s] -- Symlinking: /media/kai/Kai_Backup/Master_Study/Master_Thesis/Implementation/libfranka_ws/install/panda_motion_generator_msgs/include/panda_motion_generator_msgs/panda_motion_generator_msgs/msg/detail/joint_pose__struct.hpp
[51.336s] -- Symlinking: /media/kai/Kai_Backup/Master_Study/Master_Thesis/Implementation/libfranka_ws/install/panda_motion_generator_msgs/include/panda_motion_generator_msgs/panda_motion_generator_msgs/msg/detail/joint_pose__traits.hpp
[51.352s] -- Symlinking: /media/kai/Kai_Backup/Master_Study/Master_Thesis/Implementation/libfranka_ws/install/panda_motion_generator_msgs/include/panda_motion_generator_msgs/panda_motion_generator_msgs/msg/detail/joint_pose__type_support.hpp
[51.371s] -- Symlinking: /media/kai/Kai_Backup/Master_Study/Master_Thesis/Implementation/libfranka_ws/install/panda_motion_generator_msgs/include/panda_motion_generator_msgs/panda_motion_generator_msgs/msg/detail/set_time_scaling__builder.hpp
[51.388s] -- Symlinking: /media/kai/Kai_Backup/Master_Study/Master_Thesis/Implementation/libfranka_ws/install/panda_motion_generator_msgs/include/panda_motion_generator_msgs/panda_motion_generator_msgs/msg/detail/set_time_scaling__struct.hpp
[51.405s] -- Symlinking: /media/kai/Kai_Backup/Master_Study/Master_Thesis/Implementation/libfranka_ws/install/panda_motion_generator_msgs/include/panda_motion_generator_msgs/panda_motion_generator_msgs/msg/detail/set_time_scaling__traits.hpp
[51.521s] -- Symlinking: /media/kai/Kai_Backup/Master_Study/Master_Thesis/Implementation/libfranka_ws/install/panda_motion_generator_msgs/include/panda_motion_generator_msgs/panda_motion_generator_msgs/msg/detail/set_time_scaling__type_support.hpp
[51.557s] -- Symlinking: /media/kai/Kai_Backup/Master_Study/Master_Thesis/Implementation/libfranka_ws/install/panda_motion_generator_msgs/include/panda_motion_generator_msgs/panda_motion_generator_msgs/msg/detail/simple_action_result__builder.hpp
[51.575s] -- Symlinking: /media/kai/Kai_Backup/Master_Study/Master_Thesis/Implementation/libfranka_ws/install/panda_motion_generator_msgs/include/panda_motion_generator_msgs/panda_motion_generator_msgs/msg/detail/simple_action_result__struct.hpp
[51.596s] -- Symlinking: /media/kai/Kai_Backup/Master_Study/Master_Thesis/Implementation/libfranka_ws/install/panda_motion_generator_msgs/include/panda_motion_generator_msgs/panda_motion_generator_msgs/msg/detail/simple_action_result__traits.hpp
[51.618s] -- Symlinking: /media/kai/Kai_Backup/Master_Study/Master_Thesis/Implementation/libfranka_ws/install/panda_motion_generator_msgs/include/panda_motion_generator_msgs/panda_motion_generator_msgs/msg/detail/simple_action_result__type_support.hpp
[51.634s] -- Symlinking: /media/kai/Kai_Backup/Master_Study/Master_Thesis/Implementation/libfranka_ws/install/panda_motion_generator_msgs/include/panda_motion_generator_msgs/panda_motion_generator_msgs/msg/joint_pose.hpp
[51.651s] -- Symlinking: /media/kai/Kai_Backup/Master_Study/Master_Thesis/Implementation/libfranka_ws/install/panda_motion_generator_msgs/include/panda_motion_generator_msgs/panda_motion_generator_msgs/msg/rosidl_generator_cpp__visibility_control.hpp
[51.677s] -- Symlinking: /media/kai/Kai_Backup/Master_Study/Master_Thesis/Implementation/libfranka_ws/install/panda_motion_generator_msgs/include/panda_motion_generator_msgs/panda_motion_generator_msgs/msg/set_time_scaling.hpp
[51.694s] -- Symlinking: /media/kai/Kai_Backup/Master_Study/Master_Thesis/Implementation/libfranka_ws/install/panda_motion_generator_msgs/include/panda_motion_generator_msgs/panda_motion_generator_msgs/msg/simple_action_result.hpp
[51.712s] -- Symlinking: /media/kai/Kai_Backup/Master_Study/Master_Thesis/Implementation/libfranka_ws/install/panda_motion_generator_msgs/include/panda_motion_generator_msgs/panda_motion_generator_msgs/action/detail/cartesian_via_motion__rosidl_typesupport_fastrtps_cpp.hpp
[51.728s] -- Symlinking: /media/kai/Kai_Backup/Master_Study/Master_Thesis/Implementation/libfranka_ws/install/panda_motion_generator_msgs/include/panda_motion_generator_msgs/panda_motion_generator_msgs/action/detail/joint_via_motion__rosidl_typesupport_fastrtps_cpp.hpp
[51.746s] -- Symlinking: /media/kai/Kai_Backup/Master_Study/Master_Thesis/Implementation/libfranka_ws/install/panda_motion_generator_msgs/include/panda_motion_generator_msgs/panda_motion_generator_msgs/msg/detail/joint_pose__rosidl_typesupport_fastrtps_cpp.hpp
[51.764s] -- Symlinking: /media/kai/Kai_Backup/Master_Study/Master_Thesis/Implementation/libfranka_ws/install/panda_motion_generator_msgs/include/panda_motion_generator_msgs/panda_motion_generator_msgs/msg/detail/set_time_scaling__rosidl_typesupport_fastrtps_cpp.hpp
[51.782s] -- Symlinking: /media/kai/Kai_Backup/Master_Study/Master_Thesis/Implementation/libfranka_ws/install/panda_motion_generator_msgs/include/panda_motion_generator_msgs/panda_motion_generator_msgs/msg/detail/simple_action_result__rosidl_typesupport_fastrtps_cpp.hpp
[51.799s] -- Symlinking: /media/kai/Kai_Backup/Master_Study/Master_Thesis/Implementation/libfranka_ws/install/panda_motion_generator_msgs/include/panda_motion_generator_msgs/panda_motion_generator_msgs/msg/rosidl_typesupport_fastrtps_cpp__visibility_control.h
[51.816s] -- Symlinking: /media/kai/Kai_Backup/Master_Study/Master_Thesis/Implementation/libfranka_ws/install/panda_motion_generator_msgs/include/panda_motion_generator_msgs/panda_motion_generator_msgs/action/detail/cartesian_via_motion__rosidl_typesupport_introspection_c.h
[51.834s] -- Symlinking: /media/kai/Kai_Backup/Master_Study/Master_Thesis/Implementation/libfranka_ws/install/panda_motion_generator_msgs/include/panda_motion_generator_msgs/panda_motion_generator_msgs/action/detail/joint_via_motion__rosidl_typesupport_introspection_c.h
[51.851s] -- Symlinking: /media/kai/Kai_Backup/Master_Study/Master_Thesis/Implementation/libfranka_ws/install/panda_motion_generator_msgs/include/panda_motion_generator_msgs/panda_motion_generator_msgs/msg/detail/joint_pose__rosidl_typesupport_introspection_c.h
[51.868s] -- Symlinking: /media/kai/Kai_Backup/Master_Study/Master_Thesis/Implementation/libfranka_ws/install/panda_motion_generator_msgs/include/panda_motion_generator_msgs/panda_motion_generator_msgs/msg/detail/set_time_scaling__rosidl_typesupport_introspection_c.h
[51.886s] -- Symlinking: /media/kai/Kai_Backup/Master_Study/Master_Thesis/Implementation/libfranka_ws/install/panda_motion_generator_msgs/include/panda_motion_generator_msgs/panda_motion_generator_msgs/msg/detail/simple_action_result__rosidl_typesupport_introspection_c.h
[51.902s] -- Symlinking: /media/kai/Kai_Backup/Master_Study/Master_Thesis/Implementation/libfranka_ws/install/panda_motion_generator_msgs/include/panda_motion_generator_msgs/panda_motion_generator_msgs/msg/rosidl_typesupport_introspection_c__visibility_control.h
[51.919s] -- Symlinking: /media/kai/Kai_Backup/Master_Study/Master_Thesis/Implementation/libfranka_ws/install/panda_motion_generator_msgs/include/panda_motion_generator_msgs/panda_motion_generator_msgs/action/detail/cartesian_via_motion__rosidl_typesupport_introspection_cpp.hpp
[51.936s] -- Symlinking: /media/kai/Kai_Backup/Master_Study/Master_Thesis/Implementation/libfranka_ws/install/panda_motion_generator_msgs/include/panda_motion_generator_msgs/panda_motion_generator_msgs/action/detail/joint_via_motion__rosidl_typesupport_introspection_cpp.hpp
[51.952s] -- Symlinking: /media/kai/Kai_Backup/Master_Study/Master_Thesis/Implementation/libfranka_ws/install/panda_motion_generator_msgs/include/panda_motion_generator_msgs/panda_motion_generator_msgs/msg/detail/joint_pose__rosidl_typesupport_introspection_cpp.hpp
[51.968s] -- Symlinking: /media/kai/Kai_Backup/Master_Study/Master_Thesis/Implementation/libfranka_ws/install/panda_motion_generator_msgs/include/panda_motion_generator_msgs/panda_motion_generator_msgs/msg/detail/set_time_scaling__rosidl_typesupport_introspection_cpp.hpp
[51.984s] -- Symlinking: /media/kai/Kai_Backup/Master_Study/Master_Thesis/Implementation/libfranka_ws/install/panda_motion_generator_msgs/include/panda_motion_generator_msgs/panda_motion_generator_msgs/msg/detail/simple_action_result__rosidl_typesupport_introspection_cpp.hpp
[52.001s] -- Symlinking: /media/kai/Kai_Backup/Master_Study/Master_Thesis/Implementation/libfranka_ws/install/panda_motion_generator_msgs/share/panda_motion_generator_msgs/environment/pythonpath.sh
[52.019s] -- Symlinking: /media/kai/Kai_Backup/Master_Study/Master_Thesis/Implementation/libfranka_ws/install/panda_motion_generator_msgs/share/panda_motion_generator_msgs/environment/pythonpath.dsv
[52.036s] -- Symlinking: /media/kai/Kai_Backup/Master_Study/Master_Thesis/Implementation/libfranka_ws/install/panda_motion_generator_msgs/local/lib/python3.10/dist-packages/panda_motion_generator_msgs-0.0.0-py3.10.egg-info/PKG-INFO
[52.054s] -- Symlinking: /media/kai/Kai_Backup/Master_Study/Master_Thesis/Implementation/libfranka_ws/install/panda_motion_generator_msgs/local/lib/python3.10/dist-packages/panda_motion_generator_msgs-0.0.0-py3.10.egg-info/SOURCES.txt
[52.070s] -- Symlinking: /media/kai/Kai_Backup/Master_Study/Master_Thesis/Implementation/libfranka_ws/install/panda_motion_generator_msgs/local/lib/python3.10/dist-packages/panda_motion_generator_msgs-0.0.0-py3.10.egg-info/dependency_links.txt
[52.090s] -- Symlinking: /media/kai/Kai_Backup/Master_Study/Master_Thesis/Implementation/libfranka_ws/install/panda_motion_generator_msgs/local/lib/python3.10/dist-packages/panda_motion_generator_msgs-0.0.0-py3.10.egg-info/top_level.txt
[52.115s] -- Symlinking: /media/kai/Kai_Backup/Master_Study/Master_Thesis/Implementation/libfranka_ws/install/panda_motion_generator_msgs/local/lib/python3.10/dist-packages/panda_motion_generator_msgs/__init__.py
[52.139s] -- Symlinking: /media/kai/Kai_Backup/Master_Study/Master_Thesis/Implementation/libfranka_ws/install/panda_motion_generator_msgs/local/lib/python3.10/dist-packages/panda_motion_generator_msgs/_panda_motion_generator_msgs_s.ep.rosidl_typesupport_c.c
[52.155s] -- Symlinking: /media/kai/Kai_Backup/Master_Study/Master_Thesis/Implementation/libfranka_ws/install/panda_motion_generator_msgs/local/lib/python3.10/dist-packages/panda_motion_generator_msgs/_panda_motion_generator_msgs_s.ep.rosidl_typesupport_fastrtps_c.c
[52.171s] -- Symlinking: /media/kai/Kai_Backup/Master_Study/Master_Thesis/Implementation/libfranka_ws/install/panda_motion_generator_msgs/local/lib/python3.10/dist-packages/panda_motion_generator_msgs/_panda_motion_generator_msgs_s.ep.rosidl_typesupport_introspection_c.c
[52.189s] -- Symlinking: /media/kai/Kai_Backup/Master_Study/Master_Thesis/Implementation/libfranka_ws/install/panda_motion_generator_msgs/local/lib/python3.10/dist-packages/panda_motion_generator_msgs/action/__init__.py
[52.205s] -- Symlinking: /media/kai/Kai_Backup/Master_Study/Master_Thesis/Implementation/libfranka_ws/install/panda_motion_generator_msgs/local/lib/python3.10/dist-packages/panda_motion_generator_msgs/action/_cartesian_via_motion.py
[52.222s] -- Symlinking: /media/kai/Kai_Backup/Master_Study/Master_Thesis/Implementation/libfranka_ws/install/panda_motion_generator_msgs/local/lib/python3.10/dist-packages/panda_motion_generator_msgs/action/_cartesian_via_motion_s.c
[52.238s] -- Symlinking: /media/kai/Kai_Backup/Master_Study/Master_Thesis/Implementation/libfranka_ws/install/panda_motion_generator_msgs/local/lib/python3.10/dist-packages/panda_motion_generator_msgs/action/_joint_via_motion.py
[52.255s] -- Symlinking: /media/kai/Kai_Backup/Master_Study/Master_Thesis/Implementation/libfranka_ws/install/panda_motion_generator_msgs/local/lib/python3.10/dist-packages/panda_motion_generator_msgs/action/_joint_via_motion_s.c
[52.273s] -- Symlinking: /media/kai/Kai_Backup/Master_Study/Master_Thesis/Implementation/libfranka_ws/install/panda_motion_generator_msgs/local/lib/python3.10/dist-packages/panda_motion_generator_msgs/libpanda_motion_generator_msgs__rosidl_generator_py.so
[52.291s] -- Symlinking: /media/kai/Kai_Backup/Master_Study/Master_Thesis/Implementation/libfranka_ws/install/panda_motion_generator_msgs/local/lib/python3.10/dist-packages/panda_motion_generator_msgs/msg/__init__.py
[52.309s] -- Symlinking: /media/kai/Kai_Backup/Master_Study/Master_Thesis/Implementation/libfranka_ws/install/panda_motion_generator_msgs/local/lib/python3.10/dist-packages/panda_motion_generator_msgs/msg/_joint_pose.py
[52.327s] -- Symlinking: /media/kai/Kai_Backup/Master_Study/Master_Thesis/Implementation/libfranka_ws/install/panda_motion_generator_msgs/local/lib/python3.10/dist-packages/panda_motion_generator_msgs/msg/_joint_pose_s.c
[52.350s] -- Symlinking: /media/kai/Kai_Backup/Master_Study/Master_Thesis/Implementation/libfranka_ws/install/panda_motion_generator_msgs/local/lib/python3.10/dist-packages/panda_motion_generator_msgs/msg/_set_time_scaling.py
[52.372s] -- Symlinking: /media/kai/Kai_Backup/Master_Study/Master_Thesis/Implementation/libfranka_ws/install/panda_motion_generator_msgs/local/lib/python3.10/dist-packages/panda_motion_generator_msgs/msg/_set_time_scaling_s.c
[52.390s] -- Symlinking: /media/kai/Kai_Backup/Master_Study/Master_Thesis/Implementation/libfranka_ws/install/panda_motion_generator_msgs/local/lib/python3.10/dist-packages/panda_motion_generator_msgs/msg/_simple_action_result.py
[52.407s] -- Symlinking: /media/kai/Kai_Backup/Master_Study/Master_Thesis/Implementation/libfranka_ws/install/panda_motion_generator_msgs/local/lib/python3.10/dist-packages/panda_motion_generator_msgs/msg/_simple_action_result_s.c
[52.424s] -- Symlinking: /media/kai/Kai_Backup/Master_Study/Master_Thesis/Implementation/libfranka_ws/install/panda_motion_generator_msgs/local/lib/python3.10/dist-packages/panda_motion_generator_msgs/panda_motion_generator_msgs_s__rosidl_typesupport_c.cpython-310-x86_64-linux-gnu.so
[52.441s] -- Symlinking: /media/kai/Kai_Backup/Master_Study/Master_Thesis/Implementation/libfranka_ws/install/panda_motion_generator_msgs/local/lib/python3.10/dist-packages/panda_motion_generator_msgs/panda_motion_generator_msgs_s__rosidl_typesupport_fastrtps_c.cpython-310-x86_64-linux-gnu.so
[52.458s] -- Symlinking: /media/kai/Kai_Backup/Master_Study/Master_Thesis/Implementation/libfranka_ws/install/panda_motion_generator_msgs/local/lib/python3.10/dist-packages/panda_motion_generator_msgs/panda_motion_generator_msgs_s__rosidl_typesupport_introspection_c.cpython-310-x86_64-linux-gnu.so
[52.476s] -- Up-to-date symlink: /media/kai/Kai_Backup/Master_Study/Master_Thesis/Implementation/libfranka_ws/install/panda_motion_generator_msgs/local/lib/python3.10/dist-packages/panda_motion_generator_msgs/panda_motion_generator_msgs_s__rosidl_typesupport_fastrtps_c.cpython-310-x86_64-linux-gnu.so
[52.477s] -- Up-to-date symlink: /media/kai/Kai_Backup/Master_Study/Master_Thesis/Implementation/libfranka_ws/install/panda_motion_generator_msgs/local/lib/python3.10/dist-packages/panda_motion_generator_msgs/panda_motion_generator_msgs_s__rosidl_typesupport_introspection_c.cpython-310-x86_64-linux-gnu.so
[52.477s] -- Up-to-date symlink: /media/kai/Kai_Backup/Master_Study/Master_Thesis/Implementation/libfranka_ws/install/panda_motion_generator_msgs/local/lib/python3.10/dist-packages/panda_motion_generator_msgs/panda_motion_generator_msgs_s__rosidl_typesupport_c.cpython-310-x86_64-linux-gnu.so
[52.478s] -- Symlinking: /media/kai/Kai_Backup/Master_Study/Master_Thesis/Implementation/libfranka_ws/install/panda_motion_generator_msgs/share/panda_motion_generator_msgs/msg/JointPose.idl
[52.494s] -- Symlinking: /media/kai/Kai_Backup/Master_Study/Master_Thesis/Implementation/libfranka_ws/install/panda_motion_generator_msgs/share/panda_motion_generator_msgs/msg/SetTimeScaling.idl
[52.512s] -- Symlinking: /media/kai/Kai_Backup/Master_Study/Master_Thesis/Implementation/libfranka_ws/install/panda_motion_generator_msgs/share/panda_motion_generator_msgs/msg/SimpleActionResult.idl
[52.528s] -- Symlinking: /media/kai/Kai_Backup/Master_Study/Master_Thesis/Implementation/libfranka_ws/install/panda_motion_generator_msgs/share/panda_motion_generator_msgs/action/CartesianViaMotion.idl
[52.552s] -- Symlinking: /media/kai/Kai_Backup/Master_Study/Master_Thesis/Implementation/libfranka_ws/install/panda_motion_generator_msgs/share/panda_motion_generator_msgs/action/JointViaMotion.idl
[52.575s] -- Symlinking: /media/kai/Kai_Backup/Master_Study/Master_Thesis/Implementation/libfranka_ws/install/panda_motion_generator_msgs/share/panda_motion_generator_msgs/msg/JointPose.msg
[52.605s] -- Symlinking: /media/kai/Kai_Backup/Master_Study/Master_Thesis/Implementation/libfranka_ws/install/panda_motion_generator_msgs/share/panda_motion_generator_msgs/msg/SetTimeScaling.msg
[52.630s] -- Symlinking: /media/kai/Kai_Backup/Master_Study/Master_Thesis/Implementation/libfranka_ws/install/panda_motion_generator_msgs/share/panda_motion_generator_msgs/msg/SimpleActionResult.msg
[52.645s] -- Symlinking: /media/kai/Kai_Backup/Master_Study/Master_Thesis/Implementation/libfranka_ws/install/panda_motion_generator_msgs/share/panda_motion_generator_msgs/action/CartesianViaMotion.action
[52.662s] -- Symlinking: /media/kai/Kai_Backup/Master_Study/Master_Thesis/Implementation/libfranka_ws/install/panda_motion_generator_msgs/share/panda_motion_generator_msgs/action/JointViaMotion.action
[52.679s] -- Symlinking: /media/kai/Kai_Backup/Master_Study/Master_Thesis/Implementation/libfranka_ws/install/panda_motion_generator_msgs/share/ament_index/resource_index/package_run_dependencies/panda_motion_generator_msgs
[52.700s] -- Symlinking: /media/kai/Kai_Backup/Master_Study/Master_Thesis/Implementation/libfranka_ws/install/panda_motion_generator_msgs/share/ament_index/resource_index/parent_prefix_path/panda_motion_generator_msgs
[52.718s] -- Symlinking: /media/kai/Kai_Backup/Master_Study/Master_Thesis/Implementation/libfranka_ws/install/panda_motion_generator_msgs/share/panda_motion_generator_msgs/environment/ament_prefix_path.sh
[52.733s] -- Symlinking: /media/kai/Kai_Backup/Master_Study/Master_Thesis/Implementation/libfranka_ws/install/panda_motion_generator_msgs/share/panda_motion_generator_msgs/environment/ament_prefix_path.dsv
[52.756s] -- Symlinking: /media/kai/Kai_Backup/Master_Study/Master_Thesis/Implementation/libfranka_ws/install/panda_motion_generator_msgs/share/panda_motion_generator_msgs/environment/path.sh
[52.777s] -- Symlinking: /media/kai/Kai_Backup/Master_Study/Master_Thesis/Implementation/libfranka_ws/install/panda_motion_generator_msgs/share/panda_motion_generator_msgs/environment/path.dsv
[52.814s] -- Symlinking: /media/kai/Kai_Backup/Master_Study/Master_Thesis/Implementation/libfranka_ws/install/panda_motion_generator_msgs/share/panda_motion_generator_msgs/local_setup.bash
[52.832s] -- Symlinking: /media/kai/Kai_Backup/Master_Study/Master_Thesis/Implementation/libfranka_ws/install/panda_motion_generator_msgs/share/panda_motion_generator_msgs/local_setup.sh
[52.850s] -- Symlinking: /media/kai/Kai_Backup/Master_Study/Master_Thesis/Implementation/libfranka_ws/install/panda_motion_generator_msgs/share/panda_motion_generator_msgs/local_setup.zsh
[52.867s] -- Symlinking: /media/kai/Kai_Backup/Master_Study/Master_Thesis/Implementation/libfranka_ws/install/panda_motion_generator_msgs/share/panda_motion_generator_msgs/local_setup.dsv
[52.884s] -- Symlinking: /media/kai/Kai_Backup/Master_Study/Master_Thesis/Implementation/libfranka_ws/install/panda_motion_generator_msgs/share/panda_motion_generator_msgs/package.dsv
[52.900s] -- Symlinking: /media/kai/Kai_Backup/Master_Study/Master_Thesis/Implementation/libfranka_ws/install/panda_motion_generator_msgs/share/ament_index/resource_index/packages/panda_motion_generator_msgs
[52.918s] -- Symlinking: /media/kai/Kai_Backup/Master_Study/Master_Thesis/Implementation/libfranka_ws/install/panda_motion_generator_msgs/share/panda_motion_generator_msgs/cmake/rosidl_cmake-extras.cmake
[52.939s] -- Symlinking: /media/kai/Kai_Backup/Master_Study/Master_Thesis/Implementation/libfranka_ws/install/panda_motion_generator_msgs/share/panda_motion_generator_msgs/cmake/ament_cmake_export_dependencies-extras.cmake
[52.958s] -- Symlinking: /media/kai/Kai_Backup/Master_Study/Master_Thesis/Implementation/libfranka_ws/install/panda_motion_generator_msgs/share/panda_motion_generator_msgs/cmake/ament_cmake_export_include_directories-extras.cmake
[52.976s] -- Symlinking: /media/kai/Kai_Backup/Master_Study/Master_Thesis/Implementation/libfranka_ws/install/panda_motion_generator_msgs/share/panda_motion_generator_msgs/cmake/ament_cmake_export_libraries-extras.cmake
[52.998s] -- Symlinking: /media/kai/Kai_Backup/Master_Study/Master_Thesis/Implementation/libfranka_ws/install/panda_motion_generator_msgs/share/panda_motion_generator_msgs/cmake/ament_cmake_export_targets-extras.cmake
[53.018s] -- Symlinking: /media/kai/Kai_Backup/Master_Study/Master_Thesis/Implementation/libfranka_ws/install/panda_motion_generator_msgs/share/panda_motion_generator_msgs/cmake/rosidl_cmake_export_typesupport_targets-extras.cmake
[53.037s] -- Symlinking: /media/kai/Kai_Backup/Master_Study/Master_Thesis/Implementation/libfranka_ws/install/panda_motion_generator_msgs/share/panda_motion_generator_msgs/cmake/rosidl_cmake_export_typesupport_libraries-extras.cmake
[53.056s] -- Symlinking: /media/kai/Kai_Backup/Master_Study/Master_Thesis/Implementation/libfranka_ws/install/panda_motion_generator_msgs/share/panda_motion_generator_msgs/cmake/panda_motion_generator_msgsConfig.cmake
[53.073s] -- Symlinking: /media/kai/Kai_Backup/Master_Study/Master_Thesis/Implementation/libfranka_ws/install/panda_motion_generator_msgs/share/panda_motion_generator_msgs/cmake/panda_motion_generator_msgsConfig-version.cmake
[53.103s] -- Symlinking: /media/kai/Kai_Backup/Master_Study/Master_Thesis/Implementation/libfranka_ws/install/panda_motion_generator_msgs/share/panda_motion_generator_msgs/package.xml
[53.125s] -- Installing: /media/kai/Kai_Backup/Master_Study/Master_Thesis/Implementation/libfranka_ws/install/panda_motion_generator_msgs/lib/libpanda_motion_generator_msgs__rosidl_generator_c.so
[53.127s] -- Set runtime path of "/media/kai/Kai_Backup/Master_Study/Master_Thesis/Implementation/libfranka_ws/install/panda_motion_generator_msgs/lib/libpanda_motion_generator_msgs__rosidl_generator_c.so" to ""
[53.127s] -- Installing: /media/kai/Kai_Backup/Master_Study/Master_Thesis/Implementation/libfranka_ws/install/panda_motion_generator_msgs/lib/libpanda_motion_generator_msgs__rosidl_typesupport_fastrtps_c.so
[53.128s] -- Set runtime path of "/media/kai/Kai_Backup/Master_Study/Master_Thesis/Implementation/libfranka_ws/install/panda_motion_generator_msgs/lib/libpanda_motion_generator_msgs__rosidl_typesupport_fastrtps_c.so" to ""
[53.128s] -- Installing: /media/kai/Kai_Backup/Master_Study/Master_Thesis/Implementation/libfranka_ws/install/panda_motion_generator_msgs/lib/libpanda_motion_generator_msgs__rosidl_typesupport_fastrtps_cpp.so
[53.130s] -- Set runtime path of "/media/kai/Kai_Backup/Master_Study/Master_Thesis/Implementation/libfranka_ws/install/panda_motion_generator_msgs/lib/libpanda_motion_generator_msgs__rosidl_typesupport_fastrtps_cpp.so" to ""
[53.131s] -- Installing: /media/kai/Kai_Backup/Master_Study/Master_Thesis/Implementation/libfranka_ws/install/panda_motion_generator_msgs/lib/libpanda_motion_generator_msgs__rosidl_typesupport_introspection_c.so
[53.133s] -- Set runtime path of "/media/kai/Kai_Backup/Master_Study/Master_Thesis/Implementation/libfranka_ws/install/panda_motion_generator_msgs/lib/libpanda_motion_generator_msgs__rosidl_typesupport_introspection_c.so" to ""
[53.133s] -- Installing: /media/kai/Kai_Backup/Master_Study/Master_Thesis/Implementation/libfranka_ws/install/panda_motion_generator_msgs/lib/libpanda_motion_generator_msgs__rosidl_typesupport_c.so
[53.133s] -- Set runtime path of "/media/kai/Kai_Backup/Master_Study/Master_Thesis/Implementation/libfranka_ws/install/panda_motion_generator_msgs/lib/libpanda_motion_generator_msgs__rosidl_typesupport_c.so" to ""
[53.134s] -- Installing: /media/kai/Kai_Backup/Master_Study/Master_Thesis/Implementation/libfranka_ws/install/panda_motion_generator_msgs/lib/libpanda_motion_generator_msgs__rosidl_typesupport_introspection_cpp.so
[53.135s] -- Set runtime path of "/media/kai/Kai_Backup/Master_Study/Master_Thesis/Implementation/libfranka_ws/install/panda_motion_generator_msgs/lib/libpanda_motion_generator_msgs__rosidl_typesupport_introspection_cpp.so" to ""
[53.135s] -- Installing: /media/kai/Kai_Backup/Master_Study/Master_Thesis/Implementation/libfranka_ws/install/panda_motion_generator_msgs/lib/libpanda_motion_generator_msgs__rosidl_typesupport_cpp.so
[53.136s] -- Set runtime path of "/media/kai/Kai_Backup/Master_Study/Master_Thesis/Implementation/libfranka_ws/install/panda_motion_generator_msgs/lib/libpanda_motion_generator_msgs__rosidl_typesupport_cpp.so" to ""
[53.257s] Listing '/media/kai/Kai_Backup/Master_Study/Master_Thesis/Implementation/libfranka_ws/install/panda_motion_generator_msgs/local/lib/python3.10/dist-packages/panda_motion_generator_msgs'...
[53.257s] Compiling '/media/kai/Kai_Backup/Master_Study/Master_Thesis/Implementation/libfranka_ws/install/panda_motion_generator_msgs/local/lib/python3.10/dist-packages/panda_motion_generator_msgs/__init__.py'...
[53.258s] Listing '/media/kai/Kai_Backup/Master_Study/Master_Thesis/Implementation/libfranka_ws/install/panda_motion_generator_msgs/local/lib/python3.10/dist-packages/panda_motion_generator_msgs/action'...
[53.258s] Compiling '/media/kai/Kai_Backup/Master_Study/Master_Thesis/Implementation/libfranka_ws/install/panda_motion_generator_msgs/local/lib/python3.10/dist-packages/panda_motion_generator_msgs/action/__init__.py'...
[53.260s] Compiling '/media/kai/Kai_Backup/Master_Study/Master_Thesis/Implementation/libfranka_ws/install/panda_motion_generator_msgs/local/lib/python3.10/dist-packages/panda_motion_generator_msgs/action/_cartesian_via_motion.py'...
[53.261s] Compiling '/media/kai/Kai_Backup/Master_Study/Master_Thesis/Implementation/libfranka_ws/install/panda_motion_generator_msgs/local/lib/python3.10/dist-packages/panda_motion_generator_msgs/action/_joint_via_motion.py'...
[53.261s] Listing '/media/kai/Kai_Backup/Master_Study/Master_Thesis/Implementation/libfranka_ws/install/panda_motion_generator_msgs/local/lib/python3.10/dist-packages/panda_motion_generator_msgs/msg'...
[53.261s] Compiling '/media/kai/Kai_Backup/Master_Study/Master_Thesis/Implementation/libfranka_ws/install/panda_motion_generator_msgs/local/lib/python3.10/dist-packages/panda_motion_generator_msgs/msg/__init__.py'...
[53.261s] Compiling '/media/kai/Kai_Backup/Master_Study/Master_Thesis/Implementation/libfranka_ws/install/panda_motion_generator_msgs/local/lib/python3.10/dist-packages/panda_motion_generator_msgs/msg/_joint_pose.py'...
[53.261s] Compiling '/media/kai/Kai_Backup/Master_Study/Master_Thesis/Implementation/libfranka_ws/install/panda_motion_generator_msgs/local/lib/python3.10/dist-packages/panda_motion_generator_msgs/msg/_set_time_scaling.py'...
[53.261s] Compiling '/media/kai/Kai_Backup/Master_Study/Master_Thesis/Implementation/libfranka_ws/install/panda_motion_generator_msgs/local/lib/python3.10/dist-packages/panda_motion_generator_msgs/msg/_simple_action_result.py'...
[53.270s] -- Installing: /media/kai/Kai_Backup/Master_Study/Master_Thesis/Implementation/libfranka_ws/install/panda_motion_generator_msgs/lib/libpanda_motion_generator_msgs__rosidl_generator_py.so
[53.273s] -- Set runtime path of "/media/kai/Kai_Backup/Master_Study/Master_Thesis/Implementation/libfranka_ws/install/panda_motion_generator_msgs/lib/libpanda_motion_generator_msgs__rosidl_generator_py.so" to ""
[53.273s] -- Installing: /media/kai/Kai_Backup/Master_Study/Master_Thesis/Implementation/libfranka_ws/install/panda_motion_generator_msgs/share/panda_motion_generator_msgs/cmake/export_panda_motion_generator_msgs__rosidl_generator_cExport.cmake
[53.273s] -- Installing: /media/kai/Kai_Backup/Master_Study/Master_Thesis/Implementation/libfranka_ws/install/panda_motion_generator_msgs/share/panda_motion_generator_msgs/cmake/export_panda_motion_generator_msgs__rosidl_generator_cExport-noconfig.cmake
[53.274s] -- Installing: /media/kai/Kai_Backup/Master_Study/Master_Thesis/Implementation/libfranka_ws/install/panda_motion_generator_msgs/share/panda_motion_generator_msgs/cmake/export_panda_motion_generator_msgs__rosidl_typesupport_fastrtps_cExport.cmake
[53.274s] -- Installing: /media/kai/Kai_Backup/Master_Study/Master_Thesis/Implementation/libfranka_ws/install/panda_motion_generator_msgs/share/panda_motion_generator_msgs/cmake/export_panda_motion_generator_msgs__rosidl_typesupport_fastrtps_cExport-noconfig.cmake
[53.274s] -- Installing: /media/kai/Kai_Backup/Master_Study/Master_Thesis/Implementation/libfranka_ws/install/panda_motion_generator_msgs/share/panda_motion_generator_msgs/cmake/export_panda_motion_generator_msgs__rosidl_generator_cppExport.cmake
[53.274s] -- Installing: /media/kai/Kai_Backup/Master_Study/Master_Thesis/Implementation/libfranka_ws/install/panda_motion_generator_msgs/share/panda_motion_generator_msgs/cmake/export_panda_motion_generator_msgs__rosidl_typesupport_fastrtps_cppExport.cmake
[53.275s] -- Installing: /media/kai/Kai_Backup/Master_Study/Master_Thesis/Implementation/libfranka_ws/install/panda_motion_generator_msgs/share/panda_motion_generator_msgs/cmake/export_panda_motion_generator_msgs__rosidl_typesupport_fastrtps_cppExport-noconfig.cmake
[53.275s] -- Installing: /media/kai/Kai_Backup/Master_Study/Master_Thesis/Implementation/libfranka_ws/install/panda_motion_generator_msgs/share/panda_motion_generator_msgs/cmake/panda_motion_generator_msgs__rosidl_typesupport_introspection_cExport.cmake
[53.275s] -- Installing: /media/kai/Kai_Backup/Master_Study/Master_Thesis/Implementation/libfranka_ws/install/panda_motion_generator_msgs/share/panda_motion_generator_msgs/cmake/panda_motion_generator_msgs__rosidl_typesupport_introspection_cExport-noconfig.cmake
[53.275s] -- Installing: /media/kai/Kai_Backup/Master_Study/Master_Thesis/Implementation/libfranka_ws/install/panda_motion_generator_msgs/share/panda_motion_generator_msgs/cmake/panda_motion_generator_msgs__rosidl_typesupport_cExport.cmake
[53.276s] -- Installing: /media/kai/Kai_Backup/Master_Study/Master_Thesis/Implementation/libfranka_ws/install/panda_motion_generator_msgs/share/panda_motion_generator_msgs/cmake/panda_motion_generator_msgs__rosidl_typesupport_cExport-noconfig.cmake
[53.276s] -- Installing: /media/kai/Kai_Backup/Master_Study/Master_Thesis/Implementation/libfranka_ws/install/panda_motion_generator_msgs/share/panda_motion_generator_msgs/cmake/panda_motion_generator_msgs__rosidl_typesupport_introspection_cppExport.cmake
[53.276s] -- Installing: /media/kai/Kai_Backup/Master_Study/Master_Thesis/Implementation/libfranka_ws/install/panda_motion_generator_msgs/share/panda_motion_generator_msgs/cmake/panda_motion_generator_msgs__rosidl_typesupport_introspection_cppExport-noconfig.cmake
[53.277s] -- Installing: /media/kai/Kai_Backup/Master_Study/Master_Thesis/Implementation/libfranka_ws/install/panda_motion_generator_msgs/share/panda_motion_generator_msgs/cmake/panda_motion_generator_msgs__rosidl_typesupport_cppExport.cmake
[53.277s] -- Installing: /media/kai/Kai_Backup/Master_Study/Master_Thesis/Implementation/libfranka_ws/install/panda_motion_generator_msgs/share/panda_motion_generator_msgs/cmake/panda_motion_generator_msgs__rosidl_typesupport_cppExport-noconfig.cmake
[53.277s] -- Installing: /media/kai/Kai_Backup/Master_Study/Master_Thesis/Implementation/libfranka_ws/install/panda_motion_generator_msgs/share/panda_motion_generator_msgs/cmake/export_panda_motion_generator_msgs__rosidl_generator_pyExport.cmake
[53.278s] -- Installing: /media/kai/Kai_Backup/Master_Study/Master_Thesis/Implementation/libfranka_ws/install/panda_motion_generator_msgs/share/panda_motion_generator_msgs/cmake/export_panda_motion_generator_msgs__rosidl_generator_pyExport-noconfig.cmake
[53.284s] Invoked command in '/media/kai/Kai_Backup/Master_Study/Master_Thesis/Implementation/libfranka_ws/build/panda_motion_generator_msgs' returned '0': CMAKE_PREFIX_PATH=${CMAKE_PREFIX_PATH}:/media/kai/Kai_Backup/Master_Study/Master_Thesis/Implementation/libfranka_ws/install/Hierarchical_Reinforcement_Learning_for_Adaptive_Control_Under_Stochastic_Network_Delays:/media/kai/Kai_Backup/Master_Study/Master_Thesis/Implementation/libfranka_ws/install/Reinforcement_Learning_In_Teleoperation:/media/kai/Kai_Backup/Master_Study/Master_Thesis/Implementation/libfranka_ws/install/Model_based_Reinforcement_Learning_In_Teleoperation:/opt/ros/humble /usr/bin/cmake --install /media/kai/Kai_Backup/Master_Study/Master_Thesis/Implementation/libfranka_ws/build/panda_motion_generator_msgs
