[1.661s] Invoking command in '/media/kai/Kai_Backup/Master_Study/Master_Thesis/Implementation/libfranka_ws/build/E2E_Teleoperation': PYTHONPATH=/media/kai/Kai_Backup/Master_Study/Master_Thesis/Implementation/libfranka_ws/build/E2E_Teleoperation/prefix_override:/usr/lib/python3/dist-packages/colcon_core/task/python/colcon_distutils_commands:/media/kai/Kai_Backup/Master_Study/Master_Thesis/Implementation/libfranka_ws/install/E2E_Teleoperation/lib/python3.10/site-packages:${PYTHONPATH} /usr/bin/python3 -W ignore:setup.py install is deprecated -W ignore:easy_install command is deprecated setup.py develop --editable --build-directory /media/kai/Kai_Backup/Master_Study/Master_Thesis/Implementation/libfranka_ws/build/E2E_Teleoperation/build --no-deps symlink_data
[2.110s] running develop
[2.486s] running egg_info
[2.486s] creating E2E_Teleoperation.egg-info
[2.486s] writing E2E_Teleoperation.egg-info/PKG-INFO
[2.488s] writing dependency_links to E2E_Teleoperation.egg-info/dependency_links.txt
[2.488s] writing entry points to E2E_Teleoperation.egg-info/entry_points.txt
[2.488s] writing requirements to E2E_Teleoperation.egg-info/requires.txt
[2.488s] writing top-level names to E2E_Teleoperation.egg-info/top_level.txt
[2.488s] writing manifest file 'E2E_Teleoperation.egg-info/SOURCES.txt'
[2.489s] reading manifest file 'E2E_Teleoperation.egg-info/SOURCES.txt'
[2.490s] writing manifest file 'E2E_Teleoperation.egg-info/SOURCES.txt'
[2.492s] running build_ext
[2.492s] Creating /media/kai/Kai_Backup/Master_Study/Master_Thesis/Implementation/libfranka_ws/install/E2E_Teleoperation/lib/python3.10/site-packages/E2E-Teleoperation.egg-link (link to .)
[2.494s] Installing agent_node script to /media/kai/Kai_Backup/Master_Study/Master_Thesis/Implementation/libfranka_ws/install/E2E_Teleoperation/lib/E2E_Teleoperation
[2.494s] Installing local_node script to /media/kai/Kai_Backup/Master_Study/Master_Thesis/Implementation/libfranka_ws/install/E2E_Teleoperation/lib/E2E_Teleoperation
[2.494s] Installing remote_node script to /media/kai/Kai_Backup/Master_Study/Master_Thesis/Implementation/libfranka_ws/install/E2E_Teleoperation/lib/E2E_Teleoperation
[2.495s] Installing remote_sim script to /media/kai/Kai_Backup/Master_Study/Master_Thesis/Implementation/libfranka_ws/install/E2E_Teleoperation/lib/E2E_Teleoperation
[2.495s] 
[2.495s] Installed /media/kai/Kai_Backup/Master_Study/Master_Thesis/Implementation/libfranka_ws/build/E2E_Teleoperation
[2.495s] running symlink_data
[2.495s] creating /media/kai/Kai_Backup/Master_Study/Master_Thesis/Implementation/libfranka_ws/install/E2E_Teleoperation/share/ament_index
[2.496s] creating /media/kai/Kai_Backup/Master_Study/Master_Thesis/Implementation/libfranka_ws/install/E2E_Teleoperation/share/ament_index/resource_index
[2.496s] creating /media/kai/Kai_Backup/Master_Study/Master_Thesis/Implementation/libfranka_ws/install/E2E_Teleoperation/share/ament_index/resource_index/packages
[2.496s] error: can't copy '/media/kai/Kai_Backup/Master_Study/Master_Thesis/Implementation/libfranka_ws/build/E2E_Teleoperation/resource/E2E_Teleoperation': doesn't exist or not a regular file
[2.650s] Invoked command in '/media/kai/Kai_Backup/Master_Study/Master_Thesis/Implementation/libfranka_ws/build/E2E_Teleoperation' returned '1': PYTHONPATH=/media/kai/Kai_Backup/Master_Study/Master_Thesis/Implementation/libfranka_ws/build/E2E_Teleoperation/prefix_override:/usr/lib/python3/dist-packages/colcon_core/task/python/colcon_distutils_commands:/media/kai/Kai_Backup/Master_Study/Master_Thesis/Implementation/libfranka_ws/install/E2E_Teleoperation/lib/python3.10/site-packages:${PYTHONPATH} /usr/bin/python3 -W ignore:setup.py install is deprecated -W ignore:easy_install command is deprecated setup.py develop --editable --build-directory /media/kai/Kai_Backup/Master_Study/Master_Thesis/Implementation/libfranka_ws/build/E2E_Teleoperation/build --no-deps symlink_data
