[0.109s] Invoking command in '/media/kai/Kai_Backup/Master_Study/Master_Thesis/Implementation/libfranka_ws/build/panda_motion_generator_msgs': CMAKE_PREFIX_PATH=${CMAKE_PREFIX_PATH}:/opt/ros/humble /usr/bin/cmake --build /media/kai/Kai_Backup/Master_Study/Master_Thesis/Implementation/libfranka_ws/build/panda_motion_generator_msgs -- -j12 -l12
[2.069s] [35m[1mConsolidate compiler generated dependencies of target panda_motion_generator_msgs__rosidl_generator_c[0m
[2.069s] [  0%] Built target ament_cmake_python_symlink_panda_motion_generator_msgs
[2.069s] [  1%] Built target panda_motion_generator_msgs__cpp
[2.069s] [ 12%] Built target panda_motion_generator_msgs__rosidl_generator_c
[2.069s] [35m[1mConsolidate compiler generated dependencies of target panda_motion_generator_msgs__rosidl_typesupport_fastrtps_cpp[0m
[2.069s] [35m[1mConsolidate compiler generated dependencies of target panda_motion_generator_msgs__rosidl_typesupport_introspection_cpp[0m
[2.069s] [35m[1mConsolidate compiler generated dependencies of target panda_motion_generator_msgs__rosidl_typesupport_cpp[0m
[2.069s] [ 14%] [34m[1mGenerating C type support dispatch for ROS interfaces[0m
[2.069s] [ 15%] [34m[1mGenerating C type support for eProsima Fast-RTPS[0m
[2.070s] [ 17%] [34m[1mGenerating C introspection for ROS interfaces[0m
[2.070s] [ 28%] Built target panda_motion_generator_msgs__rosidl_typesupport_introspection_cpp
[2.070s] [ 39%] Built target panda_motion_generator_msgs__rosidl_typesupport_cpp
[2.070s] [ 50%] Built target panda_motion_generator_msgs__rosidl_typesupport_fastrtps_cpp
[2.070s] running egg_info
[2.070s] writing panda_motion_generator_msgs.egg-info/PKG-INFO
[2.070s] writing dependency_links to panda_motion_generator_msgs.egg-info/dependency_links.txt
[2.070s] writing top-level names to panda_motion_generator_msgs.egg-info/top_level.txt
[2.070s] reading manifest file 'panda_motion_generator_msgs.egg-info/SOURCES.txt'
[2.070s] writing manifest file 'panda_motion_generator_msgs.egg-info/SOURCES.txt'
[2.071s] [ 50%] Built target ament_cmake_python_build_panda_motion_generator_msgs_egg
[2.919s] [ 52%] [32mBuilding CXX object CMakeFiles/panda_motion_generator_msgs__rosidl_typesupport_c.dir/rosidl_typesupport_c/panda_motion_generator_msgs/msg/joint_pose__type_support.cpp.o[0m
[2.920s] [ 53%] [32mBuilding CXX object CMakeFiles/panda_motion_generator_msgs__rosidl_typesupport_c.dir/rosidl_typesupport_c/panda_motion_generator_msgs/msg/set_time_scaling__type_support.cpp.o[0m
[2.940s] [ 55%] [32mBuilding CXX object CMakeFiles/panda_motion_generator_msgs__rosidl_typesupport_c.dir/rosidl_typesupport_c/panda_motion_generator_msgs/msg/simple_action_result__type_support.cpp.o[0m
[3.058s] [ 57%] [32mBuilding CXX object CMakeFiles/panda_motion_generator_msgs__rosidl_typesupport_c.dir/rosidl_typesupport_c/panda_motion_generator_msgs/action/cartesian_via_motion__type_support.cpp.o[0m
[3.136s] [ 58%] [32mBuilding CXX object CMakeFiles/panda_motion_generator_msgs__rosidl_typesupport_c.dir/rosidl_typesupport_c/panda_motion_generator_msgs/action/joint_via_motion__type_support.cpp.o[0m
[3.515s] [ 60%] [32m[1mLinking CXX shared library libpanda_motion_generator_msgs__rosidl_typesupport_c.so[0m
[3.739s] [ 61%] [32mBuilding CXX object CMakeFiles/panda_motion_generator_msgs__rosidl_typesupport_fastrtps_c.dir/rosidl_typesupport_fastrtps_c/panda_motion_generator_msgs/msg/detail/joint_pose__type_support_c.cpp.o[0m
[3.764s] [ 61%] Built target panda_motion_generator_msgs__rosidl_typesupport_c
[3.777s] [ 63%] [32mBuilding CXX object CMakeFiles/panda_motion_generator_msgs__rosidl_typesupport_fastrtps_c.dir/rosidl_typesupport_fastrtps_c/panda_motion_generator_msgs/msg/detail/set_time_scaling__type_support_c.cpp.o[0m
[3.786s] [ 65%] [32mBuilding CXX object CMakeFiles/panda_motion_generator_msgs__rosidl_typesupport_fastrtps_c.dir/rosidl_typesupport_fastrtps_c/panda_motion_generator_msgs/action/detail/cartesian_via_motion__type_support_c.cpp.o[0m
[3.787s] [ 66%] [32mBuilding CXX object CMakeFiles/panda_motion_generator_msgs__rosidl_typesupport_fastrtps_c.dir/rosidl_typesupport_fastrtps_c/panda_motion_generator_msgs/msg/detail/simple_action_result__type_support_c.cpp.o[0m
[3.833s] [ 68%] [32mBuilding CXX object CMakeFiles/panda_motion_generator_msgs__rosidl_typesupport_fastrtps_c.dir/rosidl_typesupport_fastrtps_c/panda_motion_generator_msgs/action/detail/joint_via_motion__type_support_c.cpp.o[0m
[4.209s] [ 69%] [32mBuilding C object CMakeFiles/panda_motion_generator_msgs__rosidl_typesupport_introspection_c.dir/rosidl_typesupport_introspection_c/panda_motion_generator_msgs/msg/detail/joint_pose__type_support.c.o[0m
[4.214s] [ 71%] [32mBuilding C object CMakeFiles/panda_motion_generator_msgs__rosidl_typesupport_introspection_c.dir/rosidl_typesupport_introspection_c/panda_motion_generator_msgs/msg/detail/simple_action_result__type_support.c.o[0m
[4.234s] [ 73%] [32mBuilding C object CMakeFiles/panda_motion_generator_msgs__rosidl_typesupport_introspection_c.dir/rosidl_typesupport_introspection_c/panda_motion_generator_msgs/msg/detail/set_time_scaling__type_support.c.o[0m
[4.262s] [ 74%] [32mBuilding C object CMakeFiles/panda_motion_generator_msgs__rosidl_typesupport_introspection_c.dir/rosidl_typesupport_introspection_c/panda_motion_generator_msgs/action/detail/joint_via_motion__type_support.c.o[0m
[4.267s] [ 76%] [32mBuilding C object CMakeFiles/panda_motion_generator_msgs__rosidl_typesupport_introspection_c.dir/rosidl_typesupport_introspection_c/panda_motion_generator_msgs/action/detail/cartesian_via_motion__type_support.c.o[0m
[4.570s] [ 77%] [32m[1mLinking C shared library libpanda_motion_generator_msgs__rosidl_typesupport_introspection_c.so[0m
[4.789s] [ 77%] Built target panda_motion_generator_msgs__rosidl_typesupport_introspection_c
[5.987s] [ 79%] [32m[1mLinking CXX shared library libpanda_motion_generator_msgs__rosidl_typesupport_fastrtps_c.so[0m
[6.604s] [ 79%] Built target panda_motion_generator_msgs__rosidl_typesupport_fastrtps_c
[6.769s] [ 79%] Built target panda_motion_generator_msgs
[6.908s] [ 80%] [34m[1mGenerating Python code for ROS interfaces[0m
[9.487s] Traceback (most recent call last):
[9.487s]   File "/opt/ros/humble/share/rosidl_generator_py/cmake/../../../lib/rosidl_generator_py/rosidl_generator_py", line 40, in <module>
[9.488s]     sys.exit(main())
[9.490s]   File "/opt/ros/humble/share/rosidl_generator_py/cmake/../../../lib/rosidl_generator_py/rosidl_generator_py", line 36, in main
[9.490s]     generate_py(args.generator_arguments_file, args.typesupport_impls.split(';'))
[9.490s]   File "/opt/ros/humble/local/lib/python3.10/dist-packages/rosidl_generator_py/generate_py_impl.py", line 61, in generate_py
[9.490s]     generated_files = generate_files(generator_arguments_file, mapping)
[9.490s]   File "/opt/ros/humble/local/lib/python3.10/dist-packages/rosidl_cmake/__init__.py", line 87, in generate_files
[9.490s]     expand_template(
[9.490s]   File "/opt/ros/humble/local/lib/python3.10/dist-packages/rosidl_cmake/__init__.py", line 149, in expand_template
[9.490s]     interpreter.string(template_content, template_path, locals=data)
[9.490s]   File "/usr/lib/python3/dist-packages/em.py", line 2391, in string
[9.492s]     self.safe(scanner, True, locals)
[9.493s]   File "/usr/lib/python3/dist-packages/em.py", line 2401, in safe
[9.494s]     self.parse(scanner, locals)
[9.494s]   File "/usr/lib/python3/dist-packages/em.py", line 2421, in parse
[9.494s]     token.run(self, locals)
[9.494s]   File "/usr/lib/python3/dist-packages/em.py", line 1547, in run
[9.494s]     self.subrun(info[0][1], interpreter, locals)
[9.494s]   File "/usr/lib/python3/dist-packages/em.py", line 1631, in subrun
[9.494s]     token.run(interpreter, locals)
[9.494s]   File "/usr/lib/python3/dist-packages/em.py", line 1425, in run
[9.495s]     interpreter.execute(self.code, locals)
[9.495s]   File "/usr/lib/python3/dist-packages/em.py", line 2596, in execute
[9.495s]     _exec(statements, self.globals, locals)
[9.495s]   File "<string>", line 2, in <module>
[9.495s]   File "/opt/ros/humble/local/lib/python3.10/dist-packages/rosidl_cmake/__init__.py", line 198, in _expand_template
[9.496s]     interpreter.string(content, str(template_path), kwargs)
[9.496s]   File "/usr/lib/python3/dist-packages/em.py", line 2391, in string
[9.496s]     self.safe(scanner, True, locals)
[9.497s]   File "/usr/lib/python3/dist-packages/em.py", line 2401, in safe
[9.497s]     self.parse(scanner, locals)
[9.497s]   File "/usr/lib/python3/dist-packages/em.py", line 2417, in parse
[9.497s]     token = scanner.one()
[9.497s]   File "/usr/lib/python3/dist-packages/em.py", line 1984, in one
[9.498s]     token.scan(self)
[9.498s]   File "/usr/lib/python3/dist-packages/em.py", line 1468, in scan
[9.498s]     self.subscan(scanner, self.type)
[9.498s]   File "/usr/lib/python3/dist-packages/em.py", line 1483, in subscan
[9.498s]     token = scanner.one()
[9.498s]   File "/usr/lib/python3/dist-packages/em.py", line 1984, in one
[9.498s]     token.scan(self)
[9.498s]   File "/usr/lib/python3/dist-packages/em.py", line 1421, in scan
[9.498s]     i = scanner.complex('{', '}', 0)
[9.499s]   File "/usr/lib/python3/dist-packages/em.py", line 1893, in complex
[9.499s]     newQuote = self.check(i, quote)
[9.499s]   File "/usr/lib/python3/dist-packages/em.py", line 1766, in check
[9.499s]     if self[i] in '\'\"':
[9.499s]   File "/usr/lib/python3/dist-packages/em.py", line 1682, in __getitem__
[9.499s]     def __getitem__(self, index):
[9.500s] KeyboardInterrupt
[9.508s] Exception ignored in: <function Interpreter.__del__ at 0x7f591f36c4c0>
[9.509s] Traceback (most recent call last):
[9.509s]   File "/usr/lib/python3/dist-packages/em.py", line 2094, in __del__
[9.509s]   File "/usr/lib/python3/dist-packages/em.py", line 2157, in shutdown
[9.509s]   File "/usr/lib/python3/dist-packages/em.py", line 2647, in finalize
[9.509s]   File "/usr/lib/python3/dist-packages/em.py", line 2200, in push
[9.509s] AttributeError: '_io.TextIOWrapper' object has no attribute 'push'
[9.575s] gmake[2]: *** [panda_motion_generator_msgs__py/CMakeFiles/panda_motion_generator_msgs__py.dir/build.make:173: rosidl_generator_py/panda_motion_generator_msgs/_panda_motion_generator_msgs_s.ep.rosidl_typesupport_fastrtps_c.c] Interrupt
[9.576s] gmake[1]: *** [CMakeFiles/Makefile2:590: panda_motion_generator_msgs__py/CMakeFiles/panda_motion_generator_msgs__py.dir/all] Interrupt
[9.577s] gmake: *** [Makefile:146: all] Interrupt
