-- CMAKE_BUILD_TYPE not set. Defaulting to 'Release'.
-- Found ament_cmake: 1.3.12 (/opt/ros/humble/share/ament_cmake/cmake)
-- Found rclcpp: 16.0.15 (/opt/ros/humble/share/rclcpp/cmake)
-- Found rosidl_generator_c: 3.1.7 (/opt/ros/humble/share/rosidl_generator_c/cmake)
-- Found rosidl_adapter: 3.1.7 (/opt/ros/humble/share/rosidl_adapter/cmake)
-- Found rosidl_generator_cpp: 3.1.7 (/opt/ros/humble/share/rosidl_generator_cpp/cmake)
-- Using all available rosidl_typesupport_c: rosidl_typesupport_fastrtps_c;rosidl_typesupport_introspection_c
-- Using all available rosidl_typesupport_cpp: rosidl_typesupport_fastrtps_cpp;rosidl_typesupport_introspection_cpp
-- Found rmw_implementation_cmake: 6.1.2 (/opt/ros/humble/share/rmw_implementation_cmake/cmake)
-- Found rmw_fastrtps_cpp: 6.2.8 (/opt/ros/humble/share/rmw_fastrtps_cpp/cmake)
-- Using RMW implementation 'rmw_fastrtps_cpp' as default
-- Found rclcpp_lifecycle: 16.0.15 (/opt/ros/humble/share/rclcpp_lifecycle/cmake)
-- Found pluginlib: 5.1.0 (/opt/ros/humble/share/pluginlib/cmake)
-- Found tf2: 0.25.16 (/opt/ros/humble/share/tf2/cmake)
-- Found tf2_ros: 0.25.16 (/opt/ros/humble/share/tf2_ros/cmake)
-- Found image_transport: 3.1.12 (/opt/ros/humble/share/image_transport/cmake)
-- Found camera_info_manager: 3.1.12 (/opt/ros/humble/share/camera_info_manager/cmake)
-- Found tf2_geometry_msgs: 0.25.16 (/opt/ros/humble/share/tf2_geometry_msgs/cmake)
-- Found eigen3_cmake_module: 0.1.1 (/opt/ros/humble/share/eigen3_cmake_module/cmake)
-- Ensuring Eigen3 include directory is part of orocos-kdl CMake target
-- Found mujoco_ros_msgs: 0.9.0 (/media/kai/Kai_Backup/Master_Study/Master_Thesis/Implementation/libfranka_ws/install/mujoco_ros_msgs/share/mujoco_ros_msgs/cmake)
-- Found std_srvs: 4.9.0 (/opt/ros/humble/share/std_srvs/cmake)
-- Can't identify catkin workspace root directory, neither did user provide one, using default config
-- ccache found and enabled
-- Looking for MuJoCo tar install ...
-- Configuring incomplete, errors occurred!
See also "/media/kai/Kai_Backup/Master_Study/Master_Thesis/Implementation/libfranka_ws/build/mujoco_ros/CMakeFiles/CMakeOutput.log".
See also "/media/kai/Kai_Backup/Master_Study/Master_Thesis/Implementation/libfranka_ws/build/mujoco_ros/CMakeFiles/CMakeError.log".
