[35m[1mConsolidate compiler generated dependencies of target mujoco_ros2_control_system[0m
[100%] Built target mujoco_ros2_control_system
-- Install configuration: ""
-- Execute custom install script
-- Up-to-date symlink: /media/kai/Kai_Backup/Master_Study/Master_Thesis/Implementation/libfranka_ws/install/mujoco_ros2_control_system/share/mujoco_ros2_control_system//plugins.xml
-- Up-to-date symlink: /media/kai/Kai_Backup/Master_Study/Master_Thesis/Implementation/libfranka_ws/install/mujoco_ros2_control_system/include/mujoco_ros2_control_system/mujoco_ros2_control_system.hpp
-- Up-to-date symlink: /media/kai/Kai_Backup/Master_Study/Master_Thesis/Implementation/libfranka_ws/install/mujoco_ros2_control_system/include/mujoco_ros2_control_system/visibility_control.h
-- Up-to-date symlink: /media/kai/Kai_Backup/Master_Study/Master_Thesis/Implementation/libfranka_ws/install/mujoco_ros2_control_system/share/mujoco_ros2_control_system/environment/library_path.sh
-- Up-to-date symlink: /media/kai/Kai_Backup/Master_Study/Master_Thesis/Implementation/libfranka_ws/install/mujoco_ros2_control_system/share/mujoco_ros2_control_system/environment/library_path.dsv
-- Up-to-date symlink: /media/kai/Kai_Backup/Master_Study/Master_Thesis/Implementation/libfranka_ws/install/mujoco_ros2_control_system/share/ament_index/resource_index/package_run_dependencies/mujoco_ros2_control_system
-- Up-to-date symlink: /media/kai/Kai_Backup/Master_Study/Master_Thesis/Implementation/libfranka_ws/install/mujoco_ros2_control_system/share/ament_index/resource_index/parent_prefix_path/mujoco_ros2_control_system
-- Up-to-date symlink: /media/kai/Kai_Backup/Master_Study/Master_Thesis/Implementation/libfranka_ws/install/mujoco_ros2_control_system/share/mujoco_ros2_control_system/environment/ament_prefix_path.sh
-- Up-to-date symlink: /media/kai/Kai_Backup/Master_Study/Master_Thesis/Implementation/libfranka_ws/install/mujoco_ros2_control_system/share/mujoco_ros2_control_system/environment/ament_prefix_path.dsv
-- Up-to-date symlink: /media/kai/Kai_Backup/Master_Study/Master_Thesis/Implementation/libfranka_ws/install/mujoco_ros2_control_system/share/mujoco_ros2_control_system/environment/path.sh
-- Up-to-date symlink: /media/kai/Kai_Backup/Master_Study/Master_Thesis/Implementation/libfranka_ws/install/mujoco_ros2_control_system/share/mujoco_ros2_control_system/environment/path.dsv
-- Up-to-date symlink: /media/kai/Kai_Backup/Master_Study/Master_Thesis/Implementation/libfranka_ws/install/mujoco_ros2_control_system/share/mujoco_ros2_control_system/local_setup.bash
-- Up-to-date symlink: /media/kai/Kai_Backup/Master_Study/Master_Thesis/Implementation/libfranka_ws/install/mujoco_ros2_control_system/share/mujoco_ros2_control_system/local_setup.sh
-- Up-to-date symlink: /media/kai/Kai_Backup/Master_Study/Master_Thesis/Implementation/libfranka_ws/install/mujoco_ros2_control_system/share/mujoco_ros2_control_system/local_setup.zsh
-- Up-to-date symlink: /media/kai/Kai_Backup/Master_Study/Master_Thesis/Implementation/libfranka_ws/install/mujoco_ros2_control_system/share/mujoco_ros2_control_system/local_setup.dsv
-- Symlinking: /media/kai/Kai_Backup/Master_Study/Master_Thesis/Implementation/libfranka_ws/install/mujoco_ros2_control_system/share/mujoco_ros2_control_system/package.dsv
-- Up-to-date symlink: /media/kai/Kai_Backup/Master_Study/Master_Thesis/Implementation/libfranka_ws/install/mujoco_ros2_control_system/share/ament_index/resource_index/packages/mujoco_ros2_control_system
-- Up-to-date symlink: /media/kai/Kai_Backup/Master_Study/Master_Thesis/Implementation/libfranka_ws/install/mujoco_ros2_control_system/share/ament_index/resource_index/mujoco_ros2_control__pluginlib__plugin/mujoco_ros2_control_system
-- Up-to-date symlink: /media/kai/Kai_Backup/Master_Study/Master_Thesis/Implementation/libfranka_ws/install/mujoco_ros2_control_system/share/mujoco_ros2_control_system/cmake/ament_cmake_export_include_directories-extras.cmake
-- Up-to-date symlink: /media/kai/Kai_Backup/Master_Study/Master_Thesis/Implementation/libfranka_ws/install/mujoco_ros2_control_system/share/mujoco_ros2_control_system/cmake/ament_cmake_export_libraries-extras.cmake
-- Up-to-date symlink: /media/kai/Kai_Backup/Master_Study/Master_Thesis/Implementation/libfranka_ws/install/mujoco_ros2_control_system/share/mujoco_ros2_control_system/cmake/ament_cmake_export_targets-extras.cmake
-- Up-to-date symlink: /media/kai/Kai_Backup/Master_Study/Master_Thesis/Implementation/libfranka_ws/install/mujoco_ros2_control_system/share/mujoco_ros2_control_system/cmake/mujoco_ros2_control_systemConfig.cmake
-- Up-to-date symlink: /media/kai/Kai_Backup/Master_Study/Master_Thesis/Implementation/libfranka_ws/install/mujoco_ros2_control_system/share/mujoco_ros2_control_system/cmake/mujoco_ros2_control_systemConfig-version.cmake
-- Up-to-date symlink: /media/kai/Kai_Backup/Master_Study/Master_Thesis/Implementation/libfranka_ws/install/mujoco_ros2_control_system/share/mujoco_ros2_control_system/package.xml
-- Up-to-date: /media/kai/Kai_Backup/Master_Study/Master_Thesis/Implementation/libfranka_ws/install/mujoco_ros2_control_system/lib/libmujoco_ros2_control_system.so
-- Up-to-date: /media/kai/Kai_Backup/Master_Study/Master_Thesis/Implementation/libfranka_ws/install/mujoco_ros2_control_system/share/mujoco_ros2_control_system/cmake/export_mujoco_ros2_control_systemExport.cmake
-- Up-to-date: /media/kai/Kai_Backup/Master_Study/Master_Thesis/Implementation/libfranka_ws/install/mujoco_ros2_control_system/share/mujoco_ros2_control_system/cmake/export_mujoco_ros2_control_systemExport-noconfig.cmake
