-- The C compiler identification is GNU 11.4.0
-- The CXX compiler identification is GNU 11.4.0
-- Detecting C compiler ABI info
-- Detecting C compiler ABI info - done
-- Check for working C compiler: /usr/bin/cc - skipped
-- Detecting C compile features
-- Detecting C compile features - done
-- Detecting CXX compiler ABI info
-- Detecting CXX compiler ABI info - done
-- Check for working CXX compiler: /usr/bin/c++ - skipped
-- Detecting CXX compile features
-- Detecting CXX compile features - done
-- Found ament_cmake: 1.3.12 (/opt/ros/humble/share/ament_cmake/cmake)
-- Found Python3: /usr/bin/python3 (found version "3.10.12") found components: Interpreter 
-- Override CMake install command with custom implementation using symlinks instead of copying resources
-- Found rclcpp: 16.0.14 (/opt/ros/humble/share/rclcpp/cmake)
-- Found rosidl_generator_c: 3.1.7 (/opt/ros/humble/share/rosidl_generator_c/cmake)
-- Found rosidl_adapter: 3.1.7 (/opt/ros/humble/share/rosidl_adapter/cmake)
-- Found rosidl_generator_cpp: 3.1.7 (/opt/ros/humble/share/rosidl_generator_cpp/cmake)
-- Using all available rosidl_typesupport_c: rosidl_typesupport_fastrtps_c;rosidl_typesupport_introspection_c
-- Using all available rosidl_typesupport_cpp: rosidl_typesupport_fastrtps_cpp;rosidl_typesupport_introspection_cpp
-- Found rmw_implementation_cmake: 6.1.2 (/opt/ros/humble/share/rmw_implementation_cmake/cmake)
-- Found rmw_fastrtps_cpp: 6.2.8 (/opt/ros/humble/share/rmw_fastrtps_cpp/cmake)
-- Found OpenSSL: /usr/lib/x86_64-linux-gnu/libcrypto.so (found version "3.0.2")  
-- Found FastRTPS: /opt/ros/humble/include  
-- Using RMW implementation 'rmw_fastrtps_cpp' as default
-- Performing Test CMAKE_HAVE_LIBC_PTHREAD
-- Performing Test CMAKE_HAVE_LIBC_PTHREAD - Success
-- Found Threads: TRUE  
-- Found controller_interface: 2.51.0 (/opt/ros/humble/share/controller_interface/cmake)
-- Found franka_msgs: 0.0.0 (/media/kai/Kai_Backup/Master_Study/Master_Thesis/Implementation/libfranka_ws/install/franka_msgs/share/franka_msgs/cmake)
-- Found multi_mode_controller: 0.0.0 (/media/kai/Kai_Backup/Master_Study/Master_Thesis/Implementation/libfranka_ws/install/multi_mode_controller/share/multi_mode_controller/cmake)
-- Found eigen3_cmake_module: 0.1.1 (/opt/ros/humble/share/eigen3_cmake_module/cmake)
-- Found Eigen3: TRUE (found version "3.3.9") 
-- Ensuring Eigen3 include directory is part of orocos-kdl CMake target
[33mCMake Warning (dev) at /usr/local/share/cmake-3.28/Modules/FindOpenGL.cmake:381 (message):
  Policy CMP0072 is not set: FindOpenGL prefers GLVND by default when
  available.  Run "cmake --help-policy CMP0072" for policy details.  Use the
  cmake_policy command to set the policy and suppress this warning.

  FindOpenGL found both a legacy GL library:

    OPENGL_gl_LIBRARY: /usr/lib/x86_64-linux-gnu/libGL.so

  and GLVND libraries for OpenGL and GLX:

    OPENGL_opengl_LIBRARY: /usr/lib/x86_64-linux-gnu/libOpenGL.so
    OPENGL_glx_LIBRARY: /usr/lib/x86_64-linux-gnu/libGLX.so

  OpenGL_GL_PREFERENCE has not been set to "GLVND" or "LEGACY", so for
  compatibility with CMake 3.10 and below the legacy GL library will be used.
Call Stack (most recent call first):
  /usr/local/share/cmake-3.28/Modules/CMakeFindDependencyMacro.cmake:76 (find_package)
  /home/kai/Libraries/mujoco/mujoco_install/lib/cmake/mujoco/mujocoConfig.cmake:42 (find_dependency)
  /media/kai/Kai_Backup/Master_Study/Master_Thesis/Implementation/libfranka_ws/install/mujoco_ros/share/mujoco_ros/cmake/ament_cmake_export_dependencies-extras.cmake:21 (find_package)
  /media/kai/Kai_Backup/Master_Study/Master_Thesis/Implementation/libfranka_ws/install/mujoco_ros/share/mujoco_ros/cmake/mujoco_rosConfig.cmake:41 (include)
  /media/kai/Kai_Backup/Master_Study/Master_Thesis/Implementation/libfranka_ws/install/mujoco_ros2_control/share/mujoco_ros2_control/cmake/ament_cmake_export_dependencies-extras.cmake:21 (find_package)
  /media/kai/Kai_Backup/Master_Study/Master_Thesis/Implementation/libfranka_ws/install/mujoco_ros2_control/share/mujoco_ros2_control/cmake/mujoco_ros2_controlConfig.cmake:41 (include)
  /media/kai/Kai_Backup/Master_Study/Master_Thesis/Implementation/libfranka_ws/install/franka_hardware/share/franka_hardware/cmake/ament_cmake_export_dependencies-extras.cmake:21 (find_package)
  /media/kai/Kai_Backup/Master_Study/Master_Thesis/Implementation/libfranka_ws/install/franka_hardware/share/franka_hardware/cmake/franka_hardwareConfig.cmake:41 (include)
  /media/kai/Kai_Backup/Master_Study/Master_Thesis/Implementation/libfranka_ws/install/franka_semantic_components/share/franka_semantic_components/cmake/ament_cmake_export_dependencies-extras.cmake:21 (find_package)
  /media/kai/Kai_Backup/Master_Study/Master_Thesis/Implementation/libfranka_ws/install/franka_semantic_components/share/franka_semantic_components/cmake/franka_semantic_componentsConfig.cmake:41 (include)
  /media/kai/Kai_Backup/Master_Study/Master_Thesis/Implementation/libfranka_ws/install/multi_mode_controller/share/multi_mode_controller/cmake/ament_cmake_export_dependencies-extras.cmake:21 (find_package)
  /media/kai/Kai_Backup/Master_Study/Master_Thesis/Implementation/libfranka_ws/install/multi_mode_controller/share/multi_mode_controller/cmake/multi_mode_controllerConfig.cmake:41 (include)
  CMakeLists.txt:26 (find_package)
This warning is for project developers.  Use -Wno-dev to suppress it.
[0m
-- Found multi_mode_control_msgs: 0.0.0 (/media/kai/Kai_Backup/Master_Study/Master_Thesis/Implementation/libfranka_ws/install/multi_mode_control_msgs/share/multi_mode_control_msgs/cmake)
-- Found ament_lint_auto: 0.12.14 (/opt/ros/humble/share/ament_lint_auto/cmake)
-- Added test 'cppcheck' to perform static code analysis on C / C++ code
-- Configured cppcheck include dirs: /media/kai/Kai_Backup/Master_Study/Master_Thesis/Implementation/libfranka_ws/src/multipanda_ros2/franka_multi_mode_controller/multi_mode_controller_impl/include
-- Configured cppcheck exclude dirs and/or files: 
-- Added test 'lint_cmake' to check CMake code style
-- Added test 'uncrustify' to check C / C++ code style
-- Configured uncrustify additional arguments: 
-- Added test 'xmllint' to check XML markup files
-- Configuring done (2.3s)
-- Generating done (0.0s)
-- Build files have been written to: /media/kai/Kai_Backup/Master_Study/Master_Thesis/Implementation/libfranka_ws/build/multi_mode_controller_impl
[ 50%] [32mBuilding CXX object CMakeFiles/multi_mode_controller_impl.dir/src/multi_mode_controller.cpp.o[0m
In file included from [01m[K/media/kai/Kai_Backup/Master_Study/Master_Thesis/Implementation/libfranka_ws/src/multipanda_ros2/franka_multi_mode_controller/multi_mode_controller_impl/include/multi_mode_controller_impl/multi_mode_controller.h:33[m[K,
                 from [01m[K/media/kai/Kai_Backup/Master_Study/Master_Thesis/Implementation/libfranka_ws/src/multipanda_ros2/franka_multi_mode_controller/multi_mode_controller_impl/src/multi_mode_controller.cpp:15[m[K:
[01m[K/media/kai/Kai_Backup/Master_Study/Master_Thesis/Implementation/libfranka_ws/install/multi_mode_controller/include/multi_mode_controller/utils/conversions.h:[m[K In function ‘[01m[Kstd::string vectorToResource(const std::vector<std::__cxx11::basic_string<char> >&)[m[K’:
[01m[K/media/kai/Kai_Backup/Master_Study/Master_Thesis/Implementation/libfranka_ws/install/multi_mode_controller/include/multi_mode_controller/utils/conversions.h:32:17:[m[K [01;35m[Kwarning: [m[Kcomparison of integer expressions of different signedness: ‘[01m[Kint[m[K’ and ‘[01m[Kstd::vector<std::__cxx11::basic_string<char> >::size_type[m[K’ {aka ‘[01m[Klong unsigned int[m[K’} [[01;35m[K]8;;https://gcc.gnu.org/onlinedocs/gcc/Warning-Options.html#index-Wsign-compare-Wsign-compare]8;;[m[K]
   32 |   for (int i=1;[01;35m[Ki<vec.size()[m[K;++i) {
      |                [01;35m[K~^~~~~~~~~~~[m[K
[01m[K/media/kai/Kai_Backup/Master_Study/Master_Thesis/Implementation/libfranka_ws/src/multipanda_ros2/franka_multi_mode_controller/multi_mode_controller_impl/src/multi_mode_controller.cpp:[m[K In member function ‘[01m[Kvirtual controller_interface::InterfaceConfiguration multi_mode_controller::MultiModeController::command_interface_configuration() const[m[K’:
[01m[K/media/kai/Kai_Backup/Master_Study/Master_Thesis/Implementation/libfranka_ws/src/multipanda_ros2/franka_multi_mode_controller/multi_mode_controller_impl/src/multi_mode_controller.cpp:40:26:[m[K [01;35m[Kwarning: [m[Kcomparison of integer expressions of different signedness: ‘[01m[Ksize_t[m[K’ {aka ‘[01m[Klong unsigned int[m[K’} and ‘[01m[Kconst int[m[K’ [[01;35m[K]8;;https://gcc.gnu.org/onlinedocs/gcc/Warning-Options.html#index-Wsign-compare-Wsign-compare]8;;[m[K]
   40 |     for (size_t i = 1; [01;35m[Ki <= num_joints[m[K; ++i) {
      |                        [01;35m[K~~^~~~~~~~~~~~~[m[K
[100%] [32m[1mLinking CXX shared library libmulti_mode_controller_impl.so[0m
[100%] Built target multi_mode_controller_impl
-- Install configuration: ""
-- Execute custom install script
-- Symlinking: /media/kai/Kai_Backup/Master_Study/Master_Thesis/Implementation/libfranka_ws/install/multi_mode_controller_impl/share/multi_mode_controller_impl//multi_mode_controllers.xml
-- Symlinking: /media/kai/Kai_Backup/Master_Study/Master_Thesis/Implementation/libfranka_ws/install/multi_mode_controller_impl/lib/libmulti_mode_controller_impl.so
-- Symlinking: /media/kai/Kai_Backup/Master_Study/Master_Thesis/Implementation/libfranka_ws/install/multi_mode_controller_impl/include/multi_mode_controller_impl/multi_mode_controller.h
-- Symlinking: /media/kai/Kai_Backup/Master_Study/Master_Thesis/Implementation/libfranka_ws/install/multi_mode_controller_impl/share/multi_mode_controller_impl/environment/library_path.sh
-- Symlinking: /media/kai/Kai_Backup/Master_Study/Master_Thesis/Implementation/libfranka_ws/install/multi_mode_controller_impl/share/multi_mode_controller_impl/environment/library_path.dsv
-- Symlinking: /media/kai/Kai_Backup/Master_Study/Master_Thesis/Implementation/libfranka_ws/install/multi_mode_controller_impl/share/ament_index/resource_index/package_run_dependencies/multi_mode_controller_impl
-- Symlinking: /media/kai/Kai_Backup/Master_Study/Master_Thesis/Implementation/libfranka_ws/install/multi_mode_controller_impl/share/ament_index/resource_index/parent_prefix_path/multi_mode_controller_impl
-- Symlinking: /media/kai/Kai_Backup/Master_Study/Master_Thesis/Implementation/libfranka_ws/install/multi_mode_controller_impl/share/multi_mode_controller_impl/environment/ament_prefix_path.sh
-- Symlinking: /media/kai/Kai_Backup/Master_Study/Master_Thesis/Implementation/libfranka_ws/install/multi_mode_controller_impl/share/multi_mode_controller_impl/environment/ament_prefix_path.dsv
-- Symlinking: /media/kai/Kai_Backup/Master_Study/Master_Thesis/Implementation/libfranka_ws/install/multi_mode_controller_impl/share/multi_mode_controller_impl/environment/path.sh
-- Symlinking: /media/kai/Kai_Backup/Master_Study/Master_Thesis/Implementation/libfranka_ws/install/multi_mode_controller_impl/share/multi_mode_controller_impl/environment/path.dsv
-- Symlinking: /media/kai/Kai_Backup/Master_Study/Master_Thesis/Implementation/libfranka_ws/install/multi_mode_controller_impl/share/multi_mode_controller_impl/local_setup.bash
-- Symlinking: /media/kai/Kai_Backup/Master_Study/Master_Thesis/Implementation/libfranka_ws/install/multi_mode_controller_impl/share/multi_mode_controller_impl/local_setup.sh
-- Symlinking: /media/kai/Kai_Backup/Master_Study/Master_Thesis/Implementation/libfranka_ws/install/multi_mode_controller_impl/share/multi_mode_controller_impl/local_setup.zsh
-- Symlinking: /media/kai/Kai_Backup/Master_Study/Master_Thesis/Implementation/libfranka_ws/install/multi_mode_controller_impl/share/multi_mode_controller_impl/local_setup.dsv
-- Symlinking: /media/kai/Kai_Backup/Master_Study/Master_Thesis/Implementation/libfranka_ws/install/multi_mode_controller_impl/share/multi_mode_controller_impl/package.dsv
-- Symlinking: /media/kai/Kai_Backup/Master_Study/Master_Thesis/Implementation/libfranka_ws/install/multi_mode_controller_impl/share/ament_index/resource_index/packages/multi_mode_controller_impl
-- Symlinking: /media/kai/Kai_Backup/Master_Study/Master_Thesis/Implementation/libfranka_ws/install/multi_mode_controller_impl/share/ament_index/resource_index/controller_interface__pluginlib__plugin/multi_mode_controller_impl
-- Symlinking: /media/kai/Kai_Backup/Master_Study/Master_Thesis/Implementation/libfranka_ws/install/multi_mode_controller_impl/share/multi_mode_controller_impl/cmake/ament_cmake_export_include_directories-extras.cmake
-- Symlinking: /media/kai/Kai_Backup/Master_Study/Master_Thesis/Implementation/libfranka_ws/install/multi_mode_controller_impl/share/multi_mode_controller_impl/cmake/ament_cmake_export_libraries-extras.cmake
-- Symlinking: /media/kai/Kai_Backup/Master_Study/Master_Thesis/Implementation/libfranka_ws/install/multi_mode_controller_impl/share/multi_mode_controller_impl/cmake/ament_cmake_export_dependencies-extras.cmake
-- Symlinking: /media/kai/Kai_Backup/Master_Study/Master_Thesis/Implementation/libfranka_ws/install/multi_mode_controller_impl/share/multi_mode_controller_impl/cmake/multi_mode_controller_implConfig.cmake
-- Symlinking: /media/kai/Kai_Backup/Master_Study/Master_Thesis/Implementation/libfranka_ws/install/multi_mode_controller_impl/share/multi_mode_controller_impl/cmake/multi_mode_controller_implConfig-version.cmake
-- Symlinking: /media/kai/Kai_Backup/Master_Study/Master_Thesis/Implementation/libfranka_ws/install/multi_mode_controller_impl/share/multi_mode_controller_impl/package.xml
