2025-12-09 21:34:52 [INFO] __main__ - Training Configuration (Joint End-to-End):
2025-12-09 21:34:52 [INFO] __main__ -   Delay: HIGH_VARIANCE
2025-12-09 21:34:52 [INFO] __main__ -   Trajectory: figure_8
2025-12-09 21:34:52 [INFO] __main__ -   Total Timesteps: 3000000
2025-12-09 21:34:52 [INFO] __main__ - Creating vectorized environment...
2025-12-09 21:34:53 [ERROR] __main__ - Failed to create env: [Errno 104] Connection reset by peer
Traceback (most recent call last):
  File "/home/kaize/Downloads/Master_Study_Master_Thesis/libfranka_ws/src/E2E_Teleoperation/E2E_Teleoperation/E2E_RL/train_agent.py", line 73, in train_agent
    env = make_vec_env(make_env, n_envs=cfg.NUM_ENVIRONMENTS, seed=args.seed, vec_env_cls=SubprocVecEnv)
          ^^^^^^^^^^^^^^^^^^^^^^^^^^^^^^^^^^^^^^^^^^^^^^^^^^^^^^^^^^^^^^^^^^^^^^^^^^^^^^^^^^^^^^^^^^^^^^
  File "/home/kaize/venv_thesis/lib/python3.12/site-packages/stable_baselines3/common/env_util.py", line 125, in make_vec_env
    vec_env = vec_env_cls([make_env(i + start_index) for i in range(n_envs)], **vec_env_kwargs)
              ^^^^^^^^^^^^^^^^^^^^^^^^^^^^^^^^^^^^^^^^^^^^^^^^^^^^^^^^^^^^^^^^^^^^^^^^^^^^^^^^^
  File "/home/kaize/venv_thesis/lib/python3.12/site-packages/stable_baselines3/common/vec_env/subproc_vec_env.py", line 127, in __init__
    observation_space, action_space = self.remotes[0].recv()
                                      ^^^^^^^^^^^^^^^^^^^^^^
  File "/usr/lib/python3.12/multiprocessing/connection.py", line 250, in recv
    buf = self._recv_bytes()
          ^^^^^^^^^^^^^^^^^^
  File "/usr/lib/python3.12/multiprocessing/connection.py", line 430, in _recv_bytes
    buf = self._recv(4)
          ^^^^^^^^^^^^^
  File "/usr/lib/python3.12/multiprocessing/connection.py", line 395, in _recv
    chunk = read(handle, remaining)
            ^^^^^^^^^^^^^^^^^^^^^^^
ConnectionResetError: [Errno 104] Connection reset by peer
