[0.119s] Invoking command in '/media/kai/Kai_Backup/Master_Study/Master_Thesis/Implementation/libfranka_ws/build/BULLET_PHYSICS': /usr/bin/cmake --build /media/kai/Kai_Backup/Master_Study/Master_Thesis/Implementation/libfranka_ws/build/BULLET_PHYSICS -- -j12 -l12
[0.715s] [  2%] Built target LinearMath
[0.716s] [35m[1mConsolidate compiler generated dependencies of target BulletRobotics[0m
[0.717s] [  2%] [32mBuilding CXX object Extras/BulletRobotics/CMakeFiles/BulletRobotics.dir/__/__/examples/SharedMemory/PhysicsServerCommandProcessor.cpp.o[0m
[14.634s] In file included from [01m[K/media/kai/Kai_Backup/Master_Study/Master_Thesis/Implementation/libfranka_ws/bullet3/src/LinearMath/btHashMap.h:20[m[K,
[14.635s]                  from [01m[K/media/kai/Kai_Backup/Master_Study/Master_Thesis/Implementation/libfranka_ws/bullet3/examples/SharedMemory/PhysicsServerCommandProcessor.h:4[m[K,
[14.635s]                  from [01m[K/media/kai/Kai_Backup/Master_Study/Master_Thesis/Implementation/libfranka_ws/bullet3/examples/SharedMemory/PhysicsServerCommandProcessor.cpp:1[m[K:
[14.635s] In member function ‘[01m[Kvoid btAlignedObjectArray<T>::resize(int, const T&) [with T = int][m[K’,
[14.635s]     inlined from ‘[01m[Kvoid btMatrixX<T>::rowComputeNonZeroElements() const [with T = float][m[K’ at [01m[K/media/kai/Kai_Backup/Master_Study/Master_Thesis/Implementation/libfranka_ws/bullet3/src/BulletInverseDynamics/details/../../LinearMath/btMatrixX.h:306:35[m[K,
[14.636s]     inlined from ‘[01m[Kvirtual bool btSolveProjectedGaussSeidel::solveMLCP(const btMatrixXf&, const btVectorXf&, btVectorXf&, const btVectorXf&, const btVectorXf&, const btAlignedObjectArray<int>&, int, bool)[m[K’ at [01m[K/media/kai/Kai_Backup/Master_Study/Master_Thesis/Implementation/libfranka_ws/bullet3/src/BulletDynamics/MLCPSolvers/btSolveProjectedGaussSeidel.h:40:30[m[K:
[14.636s] [01m[K/media/kai/Kai_Backup/Master_Study/Master_Thesis/Implementation/libfranka_ws/bullet3/src/LinearMath/btAlignedObjectArray.h:223:33:[m[K [01;35m[Kwarning: [m[K‘[01m[Kvoid* __builtin_memset(void*, int, long unsigned int)[m[K’ writing between 4 and 8589934592 bytes into a region of size 0 overflows the destination [[01;35m[K]8;;https://gcc.gnu.org/onlinedocs/gcc/Warning-Options.html#index-Wstringop-overflow=-Wstringop-overflow=]8;;[m[K]
[14.636s]   223 |                                 [01;35m[Knew (&m_data[i]) T(fillData)[m[K;
[14.636s]       |                                 [01;35m[K^~~~~~~~~~~~~~~~~~~~~~~~~~~~[m[K
[14.636s] [01m[K/media/kai/Kai_Backup/Master_Study/Master_Thesis/Implementation/libfranka_ws/bullet3/src/LinearMath/btAlignedObjectArray.h:[m[K In member function ‘[01m[Kvirtual bool btSolveProjectedGaussSeidel::solveMLCP(const btMatrixXf&, const btVectorXf&, btVectorXf&, const btVectorXf&, const btVectorXf&, const btAlignedObjectArray<int>&, int, bool)[m[K’:
[14.636s] [01m[K/media/kai/Kai_Backup/Master_Study/Master_Thesis/Implementation/libfranka_ws/bullet3/src/LinearMath/btAlignedObjectArray.h:109:21:[m[K [01;36m[Knote: [m[Kat offset [-8589934592, -4] into destination object ‘[01m[K*_147 + _414.btAlignedObjectArray<int>::m_data[m[K’ of size [0, 9223372036854775807]
[14.636s]   109 |                 if ([01;36m[Km_data[m[K)
[14.636s]       |                     [01;36m[K^~~~~~[m[K
[16.788s] gmake[2]: *** [Extras/BulletRobotics/CMakeFiles/BulletRobotics.dir/build.make:440: Extras/BulletRobotics/CMakeFiles/BulletRobotics.dir/__/__/examples/SharedMemory/PhysicsServerCommandProcessor.cpp.o] Interrupt
[16.788s] gmake[1]: *** [CMakeFiles/Makefile2:1355: Extras/BulletRobotics/CMakeFiles/BulletRobotics.dir/all] Interrupt
[16.789s] gmake: *** [Makefile:146: all] Interrupt
