2025-12-18 13:06:51,583 [INFO] ============================================================
2025-12-18 13:06:51,583 [INFO] STARTING TRAINING: E2E_RL_HIGH_VARIANCE_figure_8_20251218_130651
2025-12-18 13:06:51,583 [INFO] Checkpoint Dir: /home/kaize/Downloads/Master_Study_Master_Thesis/libfranka_ws/src/E2E_Teleoperation/E2E_Teleoperation/trained_RL/E2E_RL_HIGH_VARIANCE_figure_8_20251218_130651
2025-12-18 13:06:51,583 [INFO] Model Path: /home/kaize/Downloads/Master_Study_Master_Thesis/libfranka_ws/src/multipanda_ros2/franka_description/mujoco/franka/scene.xml
2025-12-18 13:06:51,583 [INFO] ============================================================
2025-12-18 13:06:51,610 [INFO] Initializing Environment...
2025-12-18 13:06:52,890 [INFO] ============================================================
2025-12-18 13:06:52,890 [INFO] >>> STAGE 1: ENCODER PRE-TRAINING
2025-12-18 13:06:52,890 [INFO] ============================================================
2025-12-18 13:06:52,890 [INFO] Collecting 5000 steps for encoder training...
2025-12-18 13:07:05,633 [INFO] Collected 5000 steps with noise=0.0Nm, 0 episodes
2025-12-18 13:07:05,633 [INFO] Training encoder...
2025-12-18 13:07:31,275 [INFO] [Stage 1] Update 1000/10000 | Loss: 0.047884
2025-12-18 13:07:57,013 [INFO] [Stage 1] Update 2000/10000 | Loss: 0.047873
2025-12-18 13:08:22,373 [INFO] [Stage 1] Update 3000/10000 | Loss: 0.048131
2025-12-18 13:08:47,739 [INFO] [Stage 1] Update 4000/10000 | Loss: 0.047830
2025-12-18 13:09:13,181 [INFO] [Stage 1] Update 5000/10000 | Loss: 0.047845
2025-12-18 13:09:13,181 [INFO] Collecting 5000 steps for encoder training...
2025-12-18 13:09:25,718 [INFO] Collected 5000 steps with noise=0.0Nm, 0 episodes
2025-12-18 13:09:25,718 [INFO] Training encoder...
2025-12-18 13:09:51,179 [INFO] [Stage 1] Update 6000/10000 | Loss: 0.047967
2025-12-18 13:10:16,660 [INFO] [Stage 1] Update 7000/10000 | Loss: 0.047644
2025-12-18 13:10:42,115 [INFO] [Stage 1] Update 8000/10000 | Loss: 0.047631
2025-12-18 13:11:07,740 [INFO] [Stage 1] Update 9000/10000 | Loss: 0.047766
2025-12-18 13:11:15,714 [WARNING] Training interrupted by user.
2025-12-18 13:11:15,724 [INFO] Saved: /home/kaize/Downloads/Master_Study_Master_Thesis/libfranka_ws/src/E2E_Teleoperation/E2E_Teleoperation/trained_RL/E2E_RL_HIGH_VARIANCE_figure_8_20251218_130651/interrupted_model.pth
2025-12-18 13:11:15,733 [INFO] Saved: /home/kaize/Downloads/Master_Study_Master_Thesis/libfranka_ws/src/E2E_Teleoperation/E2E_Teleoperation/trained_RL/E2E_RL_HIGH_VARIANCE_figure_8_20251218_130651/final_model.pth
2025-12-18 13:11:15,751 [INFO] Training Finished.
