[0.069s] Invoking command in '/media/kai/Kai_Backup/Master_Study/Master_Thesis/Implementation/libfranka_ws/build/garmi_controllers': CMAKE_PREFIX_PATH=${CMAKE_PREFIX_PATH}:/media/kai/Kai_Backup/Master_Study/Master_Thesis/Implementation/libfranka_ws/install/Hierarchical_Reinforcement_Learning_for_Adaptive_Control_Under_Stochastic_Network_Delays:/media/kai/Kai_Backup/Master_Study/Master_Thesis/Implementation/libfranka_ws/install/Reinforcement_Learning_In_Teleoperation:/opt/ros/humble /usr/bin/cmake /media/kai/Kai_Backup/Master_Study/Master_Thesis/Implementation/libfranka_ws/src/multipanda_ros2/garmi_packages/garmi_controllers -DAMENT_CMAKE_SYMLINK_INSTALL=1 -DCMAKE_INSTALL_PREFIX=/media/kai/Kai_Backup/Master_Study/Master_Thesis/Implementation/libfranka_ws/install/garmi_controllers
[0.875s] -- The C compiler identification is GNU 11.4.0
[0.875s] -- The CXX compiler identification is GNU 11.4.0
[0.875s] -- Detecting C compiler ABI info
[0.875s] -- Detecting C compiler ABI info - done
[0.876s] -- Check for working C compiler: /usr/bin/cc - skipped
[0.876s] -- Detecting C compile features
[0.876s] -- Detecting C compile features - done
[0.876s] -- Detecting CXX compiler ABI info
[0.972s] -- Detecting CXX compiler ABI info - done
[1.014s] -- Check for working CXX compiler: /usr/bin/c++ - skipped
[1.015s] -- Detecting CXX compile features
[1.016s] -- Detecting CXX compile features - done
[1.044s] -- Found ament_cmake: 1.3.12 (/opt/ros/humble/share/ament_cmake/cmake)
[1.746s] -- Found Python3: /usr/bin/python3 (found version "3.10.12") found components: Interpreter 
[1.958s] -- Override CMake install command with custom implementation using symlinks instead of copying resources
[2.081s] -- Found rclcpp: 16.0.15 (/opt/ros/humble/share/rclcpp/cmake)
[2.192s] -- Found rosidl_generator_c: 3.1.7 (/opt/ros/humble/share/rosidl_generator_c/cmake)
[2.206s] -- Found rosidl_adapter: 3.1.7 (/opt/ros/humble/share/rosidl_adapter/cmake)
[2.239s] -- Found rosidl_generator_cpp: 3.1.7 (/opt/ros/humble/share/rosidl_generator_cpp/cmake)
[2.294s] -- Using all available rosidl_typesupport_c: rosidl_typesupport_fastrtps_c;rosidl_typesupport_introspection_c
[2.343s] -- Using all available rosidl_typesupport_cpp: rosidl_typesupport_fastrtps_cpp;rosidl_typesupport_introspection_cpp
[2.457s] -- Found rmw_implementation_cmake: 6.1.2 (/opt/ros/humble/share/rmw_implementation_cmake/cmake)
[2.466s] -- Found rmw_fastrtps_cpp: 6.2.8 (/opt/ros/humble/share/rmw_fastrtps_cpp/cmake)
[3.074s] -- Found OpenSSL: /usr/lib/x86_64-linux-gnu/libcrypto.so (found version "3.0.2")  
[3.235s] -- Found FastRTPS: /opt/ros/humble/include  
[3.407s] -- Using RMW implementation 'rmw_fastrtps_cpp' as default
[3.453s] -- Looking for pthread.h
[3.926s] -- Looking for pthread.h - found
[3.927s] -- Performing Test CMAKE_HAVE_LIBC_PTHREAD
[4.219s] -- Performing Test CMAKE_HAVE_LIBC_PTHREAD - Success
[4.223s] -- Found Threads: TRUE  
[4.356s] -- Found controller_interface: 2.52.0 (/opt/ros/humble/share/controller_interface/cmake)
[4.795s] -- Found generate_parameter_library: 0.5.0 (/opt/ros/humble/share/generate_parameter_library/cmake)
[4.804s] -- Found parameter_traits: 0.5.0 (/opt/ros/humble/share/parameter_traits/cmake)
[4.853s] -- Found nav_msgs: 4.9.0 (/opt/ros/humble/share/nav_msgs/cmake)
[4.929s] [31mCMake Error at CMakeLists.txt:70 (find_package):
[4.929s]   By not providing "Findament_lint_auto.cmake" in CMAKE_MODULE_PATH this
[4.929s]   project has asked CMake to find a package configuration file provided by
[4.929s]   "ament_lint_auto", but CMake did not find one.
[4.930s] 
[4.930s]   Could not find a package configuration file provided by "ament_lint_auto"
[4.930s]   with any of the following names:
[4.930s] 
[4.930s]     ament_lint_autoConfig.cmake
[4.930s]     ament_lint_auto-config.cmake
[4.930s] 
[4.931s]   Add the installation prefix of "ament_lint_auto" to CMAKE_PREFIX_PATH or
[4.931s]   set "ament_lint_auto_DIR" to a directory containing one of the above files.
[4.931s]   If "ament_lint_auto" provides a separate development package or SDK, be
[4.931s]   sure it has been installed.
[4.931s] 
[4.931s] [0m
[4.932s] -- Configuring incomplete, errors occurred!
[4.932s] See also "/media/kai/Kai_Backup/Master_Study/Master_Thesis/Implementation/libfranka_ws/build/garmi_controllers/CMakeFiles/CMakeOutput.log".
